
 ==============================================================================
 This is ALGENCAN 3.1.1.
 ALGENCAN, an Augmented Lagrangian method for nonlinear programming, is part of
 the TANGO Project: Trustable Algorithms for Nonlinear General Optimization.
 See http://www.ime.usp.br/~egbirgin/tango/ for details.
 ==============================================================================

 Processing array of parameters with   3 entrances:

 IGNORE-OBJECTIVE-FUNCTION                    
 ITERATIONS-OUTPUT-DETAIL                                                    11
 NEWTON-LINE-SEARCH-INNER-SOLVER                                    'MA57 MC64'

 The specification file is not being used.

 Available HSL subroutines = MA57           

 ALGENCAN PARAMETERS:

 firstde                =                    T
 seconde                =                    T
 truehpr                =                    T
 hptype in TN           =               TRUEHP
 lsslvr in TR           =            MA57/NONE
 lsslvr in NW           =            MA57/MC64
 lsslvr in ACCPROC      =            MA57/NONE
 innslvr                =                   NW
 accproc                =                    T
 rmfixv                 =                    T
 slacks                 =                    F
 scale                  =                    T
 epsfeas                =           1.0000D-09
 epsopt                 =           1.0000D-08
 efstain                =           3.1623D-05
 eostain                =           1.0000D-12
 efacc                  =           3.1623D-05
 eoacc                  =           1.0000D-04
 iprint                 =                   11
 ncomp                  =                    6

 Specification filename =                   ''
 Output filename        =          'lcmin.out'
 Solution filename      =                   ''

 Number of variables               :   25004
 Number of equality constraints    :   20004
 Number of inequality constraints  :       0
 Number of bound constraints       :   10000
 Number of fixed variables         :       0

 There are no fixed variables to be removed.

 Objective function scale factor   : 1.0D+00
 Smallest constraints scale factor : 1.0D-01

     Entry to GENCAN.
     Number of variables:   25004
     Required optimality tolerance: 1.0D-08

     It         function  gpsupn   xsupn stesupn   nfree   SPGit in-face    fcnt
      0   6.48393620D-16 1.7D-09 2.1D+02
      1   5.92626303D-16 1.3D-09 2.1D+02 3.2D-09   21786       0       1       3
      2   1.16432891D-24 1.3D-12 2.1D+02 1.2D-07   21786       0       2       4

     Flag of GENCAN: Solution was found.


 User-provided subroutines calls counters: 

 Subroutine fsub     (coded=F):        0
 Subroutine gsub     (coded=F):        0
 Subroutine hsub     (coded=F):        0
 Subroutine csub     (coded=F):        0 (       0 calls per constraint in avg)
 Subroutine jacsub   (coded=F):        0 (       0 calls per constraint in avg)
 Subroutine hcsub    (coded=F):        0 (       0 calls per constraint in avg)
 Subroutine fcsub    (coded=T):        4
 Subroutine gjacsub  (coded=T):        5
 Subroutine gjacpsub (coded=F):        0
 Subroutine hlsub    (coded=T):        2
 Subroutine hlpsub   (coded=F):        0


 Total CPU time in seconds =     0.07

 ==============================================================================

 Initial point computed successfully.

                                            achieved                  desired        
 Unscaled feasibility ..............:   1.2714829189519605D-12   1.0000000000000001D-09
 Smallest distance to lower bound ..:   1.0000000000000000D-02   1.0000000000000000D-03

 Starting LCMIN.
 Number of variables   :   25004
 Number of constraints :   20004

 Scale factor for the objective function   : 1.0D+00
 Smallest scale factor for the constraints : 1.0D+00

 ==========================================================
 outer barrier   objective       scaled      outer   inner
  ite   param     function     obj funct    opt err   ite 
     0 1.0D-01  1.158081D+04  1.158081D+04 1.130D+01     0 

    inner barrier   scaled     scaled     min     min    NW   SE     dx      alpha    alpha    inner   time (s)
     ite   param   obj func     feas      x-l     u-x   pert pert   norm      max             opt err 
        1 1.0D-01  1.100D+04  7.792D-13 5.4D-04 0.0D+00    3    0 4.23D+03 1.36D-01 1.36D-01 1.073D+01     0.12
        2 1.0D-01  1.043D+04  1.844D-12 4.1D-04 0.0D+00    2    0 1.53D+03 3.60D-01 3.60D-01 1.153D+01     0.07
        3 1.0D-01  8.785D+03  5.522D-13 3.1D-03 0.0D+00    1    0 4.51D+03 2.80D-01 2.80D-01 1.010D+01     0.05
        4 1.0D-01  8.188D+03  1.200D-12 8.0D-04 0.0D+00    2    0 1.54D+03 3.00D-01 3.00D-01 3.863D+00     0.06
        5 1.0D-01  6.390D+03  6.402D-13 3.6D-03 0.0D+00    1    0 5.83D+03 2.49D-01 2.49D-01 5.337D+00     0.04
        6 1.0D-01  5.962D+03  7.675D-13 3.9D-04 0.0D+00    2    0 1.56D+03 2.22D-01 2.22D-01 3.732D+00     0.06
        7 1.0D-01  4.851D+03  1.475D-12 1.9D-03 0.0D+00    1    0 6.52D+03 1.45D-01 1.45D-01 6.236D+00     0.04
        8 1.0D-01  4.528D+03  8.811D-13 1.0D-03 0.0D+00    2    0 1.39D+03 2.01D-01 2.01D-01 3.408D+00     0.06
        9 1.0D-01  3.835D+03  8.307D-13 2.0D-03 0.0D+00    1    0 6.97D+03 9.04D-02 9.04D-02 8.902D+00     0.05
       10 1.0D-01  3.543D+03  1.222D-12 2.7D-03 0.0D+00    2    0 1.25D+03 2.07D-01 2.07D-01 3.339D+00     0.06

    inner barrier   scaled     scaled     min     min    NW   SE     dx      alpha    alpha    inner   time (s)
     ite   param   obj func     feas      x-l     u-x   pert pert   norm      max             opt err 
       11 1.0D-01  2.949D+03  1.037D-12 3.5D-03 0.0D+00    1    0 9.06D+03 6.15D-02 6.15D-02 1.490D+01     0.04
       12 1.0D-01  2.673D+03  5.881D-13 1.9D-03 0.0D+00    2    0 1.17D+03 2.09D-01 2.09D-01 3.663D+00     0.06
       13 1.0D-01  2.521D+03  1.890D-12 9.3D-04 0.0D+00    2    0 4.21D+02 3.23D-01 3.23D-01 2.967D+00     0.06
       14 1.0D-01  2.247D+03  1.978D-12 3.6D-03 0.0D+00    1    0 1.11D+03 2.29D-01 2.29D-01 3.264D+00     0.04
       15 1.0D-01  2.121D+03  6.090D-13 8.0D-04 0.0D+00    2    0 3.61D+02 3.27D-01 3.27D-01 2.477D+00     0.06
       16 1.0D-01  1.918D+03  3.309D-13 2.3D-03 0.0D+00    1    0 1.01D+03 1.95D-01 1.95D-01 3.381D+00     0.04
       17 1.0D-01  1.821D+03  2.025D-12 8.3D-04 0.0D+00    2    0 3.14D+02 3.04D-01 3.04D-01 2.506D+00     0.06
       18 1.0D-01  1.650D+03  9.096D-13 2.8D-03 0.0D+00    1    0 9.69D+02 1.70D-01 1.70D-01 3.761D+00     0.04
       19 1.0D-01  1.521D+03  5.427D-13 2.5D-03 0.0D+00    2    0 2.85D+02 4.39D-01 4.39D-01 2.731D+00     0.06
       20 1.0D-01  1.389D+03  1.570D-12 3.6D-03 0.0D+00    1    0 9.45D+02 1.30D-01 1.30D-01 3.997D+00     0.04

    inner barrier   scaled     scaled     min     min    NW   SE     dx      alpha    alpha    inner   time (s)
     ite   param   obj func     feas      x-l     u-x   pert pert   norm      max             opt err 
       21 1.0D-01  1.299D+03  7.980D-13 9.0D-04 0.0D+00    2    0 2.48D+02 3.54D-01 3.54D-01 2.628D+00     0.06
       22 1.0D-01  1.160D+03  4.585D-13 2.4D-03 0.0D+00    1    0 9.15D+02 1.37D-01 1.37D-01 4.692D+00     0.04
       23 1.0D-01  1.090D+03  9.314D-13 2.5D-03 0.0D+00    2    0 2.15D+02 3.22D-01 3.22D-01 2.317D+00     0.06
       24 1.0D-01  9.632D+02  1.787D-12 4.1D-03 0.0D+00    1    0 8.17D+02 1.45D-01 1.45D-01 4.862D+00     0.04
       25 1.0D-01  9.177D+02  4.594D-13 1.9D-03 0.0D+00    2    0 1.71D+02 2.79D-01 2.79D-01 2.658D+00     0.06
       26 1.0D-01  8.554D+02  9.642D-13 3.7D-03 0.0D+00    1    0 6.49D+02 1.09D-01 1.09D-01 5.105D+00     0.04
       27 1.0D-01  7.924D+02  5.597D-13 4.1D-03 0.0D+00    2    0 1.35D+02 5.80D-01 5.80D-01 1.897D+00     0.06
       28 1.0D-01  7.240D+02  1.333D-12 5.5D-03 0.0D+00    1    0 8.21D+02 8.50D-02 8.50D-02 9.811D+00     0.04
       29 1.0D-01  6.758D+02  1.099D-12 5.5D-03 0.0D+00    2    0 1.37D+02 3.61D-01 3.61D-01 3.008D+00     0.06
       30 1.0D-01  6.355D+02  2.808D-13 5.5D-03 0.0D+00    1    0 9.28D+02 4.47D-02 4.47D-02 1.910D+01     0.04

    inner barrier   scaled     scaled     min     min    NW   SE     dx      alpha    alpha    inner   time (s)
     ite   param   obj func     feas      x-l     u-x   pert pert   norm      max             opt err 
       31 1.0D-01  6.188D+02  8.869D-13 1.0D-03 0.0D+00    2    0 9.46D+01 2.43D-01 2.43D-01 1.921D+00     0.06
       32 1.0D-01  6.026D+02  4.351D-13 9.1D-04 0.0D+00    2    0 3.08D+01 8.83D-01 8.83D-01 1.630D+00     0.06
       33 1.0D-01  5.925D+02  8.308D-13 5.3D-03 0.0D+00    1    0 7.44D+01 2.71D-01 2.71D-01 2.332D+00     0.04
       34 1.0D-01  5.847D+02  1.619D-12 5.4D-03 0.0D+00    2    0 2.13D+01 1.00D+00 1.00D+00 1.042D+00     0.06
       35 1.0D-01  5.736D+02  9.726D-13 2.4D-03 0.0D+00    1    0 6.21D+01 3.71D-01 3.71D-01 1.741D+00     0.04
       36 1.0D-01  5.631D+02  7.141D-13 5.4D-03 0.0D+00    2    0 2.02D+01 1.00D+00 1.00D+00 1.524D+00     0.06
       37 1.0D-01  5.437D+02  4.787D-13 5.4D-03 0.0D+00    1    0 8.19D+01 3.14D-01 3.14D-01 2.710D+00     0.04
       38 1.0D-01  5.398D+02  7.548D-13 1.9D-03 0.0D+00    2    0 2.40D+01 2.95D-01 2.95D-01 1.795D+00     0.06
       39 1.0D-01  5.249D+02  4.366D-13 5.3D-03 0.0D+00    1    0 7.68D+01 3.03D-01 3.03D-01 3.063D+00     0.04
       40 1.0D-01  5.195D+02  8.172D-13 4.7D-03 0.0D+00    2    0 1.72D+01 6.91D-01 6.91D-01 1.538D+00     0.06

    inner barrier   scaled     scaled     min     min    NW   SE     dx      alpha    alpha    inner   time (s)
     ite   param   obj func     feas      x-l     u-x   pert pert   norm      max             opt err 
       41 1.0D-01  5.165D+02  1.157D-12 4.7D-03 0.0D+00    1    0 4.72D+01 1.71D-01 1.71D-01 2.059D+00     0.04
       42 1.0D-01  5.154D+02  1.099D-12 5.2D-03 0.0D+00    2    0 1.14D+01 1.00D+00 1.00D+00 2.571D-01     0.06


     1 2.0D-02  5.154034D+02  5.154034D+02 3.157D-01    42C

    inner barrier   scaled     scaled     min     min    NW   SE     dx      alpha    alpha    inner   time (s)
     ite   param   obj func     feas      x-l     u-x   pert pert   norm      max             opt err 
        1 2.0D-02  2.603D+02  5.423D-13 1.9D-03 0.0D+00    1    0 4.64D+02 6.67D-01 6.67D-01 4.067D+00     0.04
        2 2.0D-02  1.256D+02  1.330D-12 3.2D-04 0.0D+00    2    0 1.77D+02 9.92D-01 9.92D-01 5.375D-01     0.06
        3 2.0D-02  1.228D+02  1.193D-12 8.1D-04 0.0D+00    1    0 8.42D+01 1.57D-01 1.57D-01 1.005D+00     0.04
        4 2.0D-02  1.182D+02  9.863D-13 1.6D-03 0.0D+00    2    0 3.11D+01 6.15D-01 6.15D-01 4.863D-01     0.06
        5 2.0D-02  1.160D+02  8.012D-13 1.7D-03 0.0D+00    1    0 6.43D+01 2.02D-01 2.02D-01 9.996D-01     0.04
        6 2.0D-02  1.135D+02  8.464D-13 4.5D-04 0.0D+00    2    0 2.03D+01 7.33D-01 7.33D-01 4.384D-01     0.06
        7 2.0D-02  1.108D+02  7.050D-13 1.7D-03 0.0D+00    1    0 5.27D+01 2.89D-01 2.89D-01 1.643D+00     0.04
        8 2.0D-02  1.092D+02  9.702D-13 1.7D-03 0.0D+00    2    0 1.33D+01 1.00D+00 1.00D+00 3.170D-01     0.05
        9 2.0D-02  1.084D+02  1.197D-12 1.7D-03 0.0D+00    1    0 3.52D+01 2.41D-01 2.41D-01 6.820D-01     0.04
       10 2.0D-02  1.075D+02  6.148D-13 1.7D-03 0.0D+00    2    0 1.08D+01 1.00D+00 1.00D+00 3.697D-01     0.05

    inner barrier   scaled     scaled     min     min    NW   SE     dx      alpha    alpha    inner   time (s)
     ite   param   obj func     feas      x-l     u-x   pert pert   norm      max             opt err 
       11 2.0D-02  1.062D+02  1.015D-12 1.6D-03 0.0D+00    1    0 3.25D+01 4.19D-01 4.19D-01 7.259D-01     0.04
       12 2.0D-02  1.057D+02  6.493D-13 4.0D-04 0.0D+00    2    0 1.06D+01 5.64D-01 5.64D-01 4.147D-01     0.05
       13 2.0D-02  1.036D+02  4.228D-13 1.8D-03 0.0D+00    1    0 2.50D+01 1.00D+00 1.00D+00 4.589D-01     0.04
       14 2.0D-02  1.024D+02  1.413D-12 1.8D-03 0.0D+00    2    0 9.93D+00 1.00D+00 1.00D+00 5.397D-01     0.05
       15 2.0D-02  1.022D+02  1.792D-12 1.7D-04 0.0D+00    1    0 2.33D+01 6.86D-02 6.86D-02 1.213D+00     0.04
       16 2.0D-02  1.016D+02  1.375D-12 1.8D-03 0.0D+00    2    0 6.43D+00 1.00D+00 1.00D+00 3.241D-01     0.05
       17 2.0D-02  1.010D+02  1.682D-12 4.5D-04 0.0D+00    1    0 1.98D+01 2.24D-01 2.24D-01 1.040D+00     0.04
       18 2.0D-02  1.007D+02  7.392D-13 1.5D-03 0.0D+00    1    0 5.59D+01 1.45D-01 1.45D-01 3.207D+00     0.03
       19 2.0D-02  1.006D+02  3.944D-13 1.8D-03 0.0D+00    1    0 5.24D+01 1.00D+00 1.00D+00 4.284D-02     0.03


     2 2.8D-03  1.005521D+02  1.005521D+02 4.284D-02    61C

    inner barrier   scaled     scaled     min     min    NW   SE     dx      alpha    alpha    inner   time (s)
     ite   param   obj func     feas      x-l     u-x   pert pert   norm      max             opt err 
        1 2.8D-03  2.934D+01  8.976D-13 2.7D-05 0.0D+00    1    0 1.91D+02 8.31D-01 8.31D-01 6.745D-01     0.03
        2 2.8D-03  2.591D+01  1.683D-12 6.6D-05 0.0D+00    1    0 2.46D+02 2.32D-01 2.32D-01 1.579D+00     0.04
        3 2.8D-03  1.818D+01  1.409D-12 1.1D-04 0.0D+00    1    0 2.97D+02 6.69D-01 6.69D-01 2.590D-01     0.03
        4 2.8D-03  1.609D+01  1.002D-12 1.1D-05 0.0D+00    1    0 1.71D+02 5.37D-01 5.37D-01 1.470D-01     0.03
        5 2.8D-03  1.525D+01  9.258D-13 1.4D-04 0.0D+00    1    0 2.74D+02 4.33D-01 4.33D-01 2.276D-01     0.03
        6 2.8D-03  1.492D+01  7.225D-13 4.6D-06 0.0D+00    1    0 1.41D+02 3.02D-01 3.02D-01 1.821D-01     0.03
        7 2.8D-03  1.424D+01  1.383D-12 2.2D-04 0.0D+00    1    0 4.18D+01 1.00D+00 1.00D+00 2.695D-03     0.04


     3 1.5D-04  1.423565D+01  1.423565D+01 3.529D-03    68C

    inner barrier   scaled     scaled     min     min    NW   SE     dx      alpha    alpha    inner   time (s)
     ite   param   obj func     feas      x-l     u-x   pert pert   norm      max             opt err 
        1 1.5D-04  1.375D+00  1.183D-12 5.2D-08 0.0D+00    1    0 3.11D+01 9.61D-01 9.61D-01 4.616D-02     0.04
        2 1.5D-04  8.584D-01  1.181D-12 1.3D-05 0.0D+00    1    0 3.43D+00 1.00D+00 1.00D+00 1.161D-04     0.04


     4 1.8D-06  8.584258D-01  8.584258D-01 2.666D-04    70C

    inner barrier   scaled     scaled     min     min    NW   SE     dx      alpha    alpha    inner   time (s)
     ite   param   obj func     feas      x-l     u-x   pert pert   norm      max             opt err 
        1 1.8D-06  1.177D-01  1.594D-12 2.5D-11 0.0D+00    1    0 1.97D+00 9.98D-01 9.98D-01 6.266D-04     0.04
        2 1.8D-06  1.159D-01  6.573D-13 1.6D-07 0.0D+00    1    0 3.61D-01 1.00D+00 1.00D+00 1.106D-05     0.04


     5 2.5D-09  1.159472D-01  1.159472D-01 1.291D-05    72C

    inner barrier   scaled     scaled     min     min    NW   SE     dx      alpha    alpha    inner   time (s)
     ite   param   obj func     feas      x-l     u-x   pert pert   norm      max             opt err 
        1 2.5D-09  1.067D-01  9.341D-13 5.2D-11 0.0D+00    1    0 1.29D-01 1.00D+00 1.00D+00 6.975D-05     0.04
        2 2.5D-09  1.067D-01  1.341D-12 2.2D-10 0.0D+00    1    0 1.59D-02 1.00D+00 1.00D+00 2.308D-08     0.04


     6 1.0D-09  1.067414D-01  1.067414D-01 2.559D-08    74C

    inner barrier   scaled     scaled     min     min    NW   SE     dx      alpha    alpha    inner   time (s)
     ite   param   obj func     feas      x-l     u-x   pert pert   norm      max             opt err 
        1 1.0D-09  1.067D-01  7.881D-13 8.7D-11 0.0D+00    1    0 3.09D-04 1.00D+00 1.00D+00 8.171D-12     0.04


     7 1.0D-09  1.067339D-01  1.067339D-01 1.008D-09    75C
 ==========================================================

 FINAL RESULTS:
                            scaled                   unscaled
  Objective Funct:   1.0673386442563203D-01    1.0673386442563203D-01
  Lagrangian Grad:   1.4943235993221393D-13    1.4943235993221393D-13
 Final Point Feas:   7.8807793624235956D-13    7.8807793624235956D-13
 Bounds violation:   0.0000000000000000D+00    0.0000000000000000D+00
 Lower Bound Comp:   1.0081714299406111D-09    1.0081714299406111D-09
 Upper Bound Comp:   0.0000000000000000D+00    0.0000000000000000D+00

 Flag of LCMIN:

     Optimal solution found.

 ====================================================
                      STATISTICS                     
 ====================================================
 GENERAL:                                            

           Preprocessing time (in seconds):     24.06
            Optimization time (in seconds):      3.62

                      Inner Iterations (IIT):      75
                      Outer Iterations (OIT):       7
                  Function Evaluations (FEV):      76
         Function Gradient Evaluations (GEV):      76
          Function Hessian Evaluations (HEV):      75
          Barrier Function Evaluations (BFE):     150
 Barrier Function Gradient Evaluations (BGE):      75
 ====================================================
 AVERAGE:                                            

 Inner Iterations per Outer Iterations  :     10.7143
 FEV per IIT:      1.0133    FEV per OIT:     10.8571
 GEV per IIT:      1.0133    GEV per OIT:     10.8571
 HEV per IIT:      1.0000    HEV per OIT:     10.7143
 BFE per IIT:      2.0000    BFE per OIT:     21.4286
 BGE per IIT:      1.0000    BGE per OIT:     10.7143
 ====================================================

