
 ==============================================================================
 This is ALGENCAN 3.1.1.
 ALGENCAN, an Augmented Lagrangian method for nonlinear programming, is part of
 the TANGO Project: Trustable Algorithms for Nonlinear General Optimization.
 See http://www.ime.usp.br/~egbirgin/tango/ for details.
 ==============================================================================

 Processing array of parameters with   3 entrances:

 IGNORE-OBJECTIVE-FUNCTION                    
 ITERATIONS-OUTPUT-DETAIL                                                    11
 NEWTON-LINE-SEARCH-INNER-SOLVER                                    'MA57 MC64'

 The specification file is not being used.

 Available HSL subroutines = MA57           

 ALGENCAN PARAMETERS:

 firstde                =                    T
 seconde                =                    T
 truehpr                =                    T
 hptype in TN           =               TRUEHP
 lsslvr in TR           =            MA57/NONE
 lsslvr in NW           =            MA57/MC64
 lsslvr in ACCPROC      =            MA57/NONE
 innslvr                =                   NW
 accproc                =                    T
 rmfixv                 =                    T
 slacks                 =                    F
 scale                  =                    T
 epsfeas                =           1.0000D-09
 epsopt                 =           1.0000D-08
 efstain                =           3.1623D-05
 eostain                =           1.0000D-12
 efacc                  =           3.1623D-05
 eoacc                  =           1.0000D-04
 iprint                 =                   11
 ncomp                  =                    6

 Specification filename =                   ''
 Output filename        =          'lcmin.out'
 Solution filename      =                   ''

 Number of variables               :   21098
 Number of equality constraints    :   16100
 Number of inequality constraints  :       0
 Number of bound constraints       :    8048
 Number of fixed variables         :       0

 There are no fixed variables to be removed.

 Objective function scale factor   : 1.0D+00
 Smallest constraints scale factor : 1.0D-01

     Entry to GENCAN.
     Number of variables:   21098
     Required optimality tolerance: 1.0D-08

     It         function  gpsupn   xsupn stesupn   nfree   SPGit in-face    fcnt
      0   2.46137179D-11 9.1D-07 1.6D+02
      1   1.75361358D-13 1.2D-07 1.6D+02 3.1D-05   18296       0       1       3
      2   9.93633892D-24 5.7D-12 1.6D+02 1.3D-05   18296       0       2       4

     Flag of GENCAN: Solution was found.


 User-provided subroutines calls counters: 

 Subroutine fsub     (coded=F):        0
 Subroutine gsub     (coded=F):        0
 Subroutine hsub     (coded=F):        0
 Subroutine csub     (coded=F):        0 (       0 calls per constraint in avg)
 Subroutine jacsub   (coded=F):        0 (       0 calls per constraint in avg)
 Subroutine hcsub    (coded=F):        0 (       0 calls per constraint in avg)
 Subroutine fcsub    (coded=T):        4
 Subroutine gjacsub  (coded=T):        5
 Subroutine gjacpsub (coded=F):        0
 Subroutine hlsub    (coded=T):        2
 Subroutine hlpsub   (coded=F):        0


 Total CPU time in seconds =     0.06

 ==============================================================================

 Initial point computed successfully.

                                            achieved                  desired        
 Unscaled feasibility ..............:   3.0908609005564358D-12   1.0000000000000001D-09
 Smallest distance to lower bound ..:   1.0000000000000000D-02   1.0000000000000000D-03

 Starting LCMIN.
 Number of variables   :   21098
 Number of constraints :   16100

 Scale factor for the objective function   : 1.0D+00
 Smallest scale factor for the constraints : 1.0D+00

 ==========================================================
 outer barrier   objective       scaled      outer   inner
  ite   param     function     obj funct    opt err   ite 
     0 1.0D-01  2.607686D+03  2.607686D+03 1.563D+02     0 

    inner barrier   scaled     scaled     min     min    NW   SE     dx      alpha    alpha    inner   time (s)
     ite   param   obj func     feas      x-l     u-x   pert pert   norm      max             opt err 
        1 1.0D-01  2.251D+03  2.700D-12 1.0D-04 0.0D+00    1    0 7.34D+03 4.90D-02 4.90D-02 1.482D+02     0.09
        2 1.0D-01  1.467D+03  2.657D-12 4.0D-03 0.0D+00    1    0 6.14D+03 1.49D-01 1.49D-01 1.224D+02     0.05
        3 1.0D-01  9.967D+02  2.686D-12 3.9D-03 0.0D+00    1    0 4.07D+03 1.79D-01 1.79D-01 1.020D+02     0.05
        4 1.0D-01  6.792D+02  2.956D-12 6.6D-04 0.0D+00    1    0 3.30D+03 1.76D-01 1.76D-01 9.260D+01     0.03
        5 1.0D-01  5.256D+02  2.757D-12 8.1D-04 0.0D+00    1    0 2.17D+03 1.73D-01 1.73D-01 5.579D+01     0.03
        6 1.0D-01  4.407D+02  2.778D-12 4.2D-04 0.0D+00    1    0 1.75D+03 3.41D-01 3.41D-01 1.433D+00     0.03
        7 1.0D-01  4.219D+02  2.640D-12 6.5D-03 0.0D+00    1    0 1.01D+04 3.82D-01 3.82D-01 1.536D+00     0.03
        8 1.0D-01  4.140D+02  2.444D-12 8.0D-03 0.0D+00    1    0 1.49D+04 3.08D-01 3.08D-01 1.087D+00     0.03
        9 1.0D-01  4.123D+02  2.416D-12 8.3D-03 0.0D+00    1    0 1.87D+04 9.72D-02 9.72D-02 8.267D-01     0.03


     1 2.0D-02  4.123376D+02  4.123376D+02 8.267D-01     9C

    inner barrier   scaled     scaled     min     min    NW   SE     dx      alpha    alpha    inner   time (s)
     ite   param   obj func     feas      x-l     u-x   pert pert   norm      max             opt err 
        1 2.0D-02  3.471D+02  3.197D-12 7.0D-03 0.0D+00    1    0 9.77D+03 1.95D-01 1.95D-01 5.608D-01     0.03
        2 2.0D-02  2.969D+02  3.151D-12 1.1D-03 0.0D+00    7    0 9.03D+03 1.82D-01 1.82D-01 3.799D-01     0.10
        3 2.0D-02  7.971D+01  3.151D-12 1.8D-03 0.0D+00    2    0 2.35D+03 1.00D+00 1.00D+00 6.436D-03     0.04


     2 2.8D-03  7.970539D+01  7.970539D+01 2.489D-02    12C


     3 1.5D-04  7.970539D+01  7.970539D+01 2.489D-02    12C

    inner barrier   scaled     scaled     min     min    NW   SE     dx      alpha    alpha    inner   time (s)
     ite   param   obj func     feas      x-l     u-x   pert pert   norm      max             opt err 
        1 1.5D-04  7.801D-01  3.162D-12 1.5D-05 0.0D+00    1    0 1.23D+02 1.00D+00 1.00D+00 3.503D-03     0.03
        2 1.5D-04  5.999D-01  2.686D-12 1.4D-05 0.0D+00    1    0 1.35D+02 1.00D+00 1.00D+00 2.073D-04     0.03


     4 1.8D-06  5.998891D-01  5.998891D-01 3.577D-04    14C

    inner barrier   scaled     scaled     min     min    NW   SE     dx      alpha    alpha    inner   time (s)
     ite   param   obj func     feas      x-l     u-x   pert pert   norm      max             opt err 
        1 1.8D-06  7.366D-03  2.885D-12 1.7D-07 0.0D+00    1    0 5.46D+00 1.00D+00 1.00D+00 2.613D-06     0.03


     5 2.5D-09  7.366064D-03  7.366064D-03 4.458D-06    15C

    inner barrier   scaled     scaled     min     min    NW   SE     dx      alpha    alpha    inner   time (s)
     ite   param   obj func     feas      x-l     u-x   pert pert   norm      max             opt err 
        1 2.5D-09  9.990D-06  2.956D-12 2.4D-10 0.0D+00    1    0 2.87D-02 1.00D+00 1.00D+00 4.827D-10     0.03


     6 1.0D-09  9.990350D-06  9.990350D-06 2.896D-09    16C
 ==========================================================

 FINAL RESULTS:
                            scaled                   unscaled
  Objective Funct:   9.9903495517439623D-06    9.9903495517439623D-06
  Lagrangian Grad:   4.8265111480271276D-10    4.8265111480271276D-10
 Final Point Feas:   2.9558577807620168D-12    2.9558577807620168D-12
 Bounds violation:   0.0000000000000000D+00    0.0000000000000000D+00
 Lower Bound Comp:   2.8962389245099104D-09    2.8962389245099104D-09
 Upper Bound Comp:   0.0000000000000000D+00    0.0000000000000000D+00

 Flag of LCMIN:

     Optimal solution found.

 ====================================================
                      STATISTICS                     
 ====================================================
 GENERAL:                                            

           Preprocessing time (in seconds):      1.92
            Optimization time (in seconds):      0.73

                      Inner Iterations (IIT):      16
                      Outer Iterations (OIT):       6
                  Function Evaluations (FEV):      17
         Function Gradient Evaluations (GEV):      17
          Function Hessian Evaluations (HEV):      16
          Barrier Function Evaluations (BFE):      32
 Barrier Function Gradient Evaluations (BGE):      16
 ====================================================
 AVERAGE:                                            

 Inner Iterations per Outer Iterations  :      2.6667
 FEV per IIT:      1.0625    FEV per OIT:      2.8333
 GEV per IIT:      1.0625    GEV per OIT:      2.8333
 HEV per IIT:      1.0000    HEV per OIT:      2.6667
 BFE per IIT:      2.0000    BFE per OIT:      5.3333
 BGE per IIT:      1.0000    BGE per OIT:      2.6667
 ====================================================

