
 ==============================================================================
 This is ALGENCAN 3.1.1.
 ALGENCAN, an Augmented Lagrangian method for nonlinear programming, is part of
 the TANGO Project: Trustable Algorithms for Nonlinear General Optimization.
 See http://www.ime.usp.br/~egbirgin/tango/ for details.
 ==============================================================================

 Processing array of parameters with   3 entrances:

 IGNORE-OBJECTIVE-FUNCTION                    
 ITERATIONS-OUTPUT-DETAIL                                                    11
 NEWTON-LINE-SEARCH-INNER-SOLVER                                    'MA57 MC64'

 The specification file is not being used.

 Available HSL subroutines = MA57           

 ALGENCAN PARAMETERS:

 firstde                =                    T
 seconde                =                    T
 truehpr                =                    T
 hptype in TN           =               TRUEHP
 lsslvr in TR           =            MA57/NONE
 lsslvr in NW           =            MA57/MC64
 lsslvr in ACCPROC      =            MA57/NONE
 innslvr                =                   NW
 accproc                =                    T
 rmfixv                 =                    T
 slacks                 =                    F
 scale                  =                    T
 epsfeas                =           1.0000D-09
 epsopt                 =           1.0000D-08
 efstain                =           3.1623D-05
 eostain                =           1.0000D-12
 efacc                  =           3.1623D-05
 eoacc                  =           1.0000D-04
 iprint                 =                   11
 ncomp                  =                    6

 Specification filename =                   ''
 Output filename        =          'lcmin.out'
 Solution filename      =                   ''

 Number of variables               :   23033
 Number of equality constraints    :   18034
 Number of inequality constraints  :       0
 Number of bound constraints       :    9015
 Number of fixed variables         :       0

 There are no fixed variables to be removed.

 Objective function scale factor   : 1.0D+00
 Smallest constraints scale factor : 1.0D-01

     Entry to GENCAN.
     Number of variables:   23033
     Required optimality tolerance: 1.0D-08

     It         function  gpsupn   xsupn stesupn   nfree   SPGit in-face    fcnt
      0   9.84884815D-11 7.3D-06 2.2D+01
      1   3.97913335D-13 3.9D-07 2.2D+01 7.1D-06   20223       0       1       3
      2   6.13218702D-21 8.7D-11 2.2D+01 2.5D-06   20223       0       2       4

     Flag of GENCAN: Solution was found.


 User-provided subroutines calls counters: 

 Subroutine fsub     (coded=F):        0
 Subroutine gsub     (coded=F):        0
 Subroutine hsub     (coded=F):        0
 Subroutine csub     (coded=F):        0 (       0 calls per constraint in avg)
 Subroutine jacsub   (coded=F):        0 (       0 calls per constraint in avg)
 Subroutine hcsub    (coded=F):        0 (       0 calls per constraint in avg)
 Subroutine fcsub    (coded=T):        4
 Subroutine gjacsub  (coded=T):        5
 Subroutine gjacpsub (coded=F):        0
 Subroutine hlsub    (coded=T):        2
 Subroutine hlpsub   (coded=F):        0


 Total CPU time in seconds =     0.04

 ==============================================================================

 Initial point computed successfully.

                                            achieved                  desired        
 Unscaled feasibility ..............:   8.7383052183032106D-11   1.0000000000000001D-09
 Smallest distance to lower bound ..:   1.0000000000000000D-02   1.0000000000000000D-03

 Starting LCMIN.
 Number of variables   :   23033
 Number of constraints :   18034

 Scale factor for the objective function   : 1.0D+00
 Smallest scale factor for the constraints : 1.0D+00

 ==========================================================
 outer barrier   objective       scaled      outer   inner
  ite   param     function     obj funct    opt err   ite 
     0 1.0D-01  1.199652D+03  1.199652D+03 1.069D+01     0 

    inner barrier   scaled     scaled     min     min    NW   SE     dx      alpha    alpha    inner   time (s)
     ite   param   obj func     feas      x-l     u-x   pert pert   norm      max             opt err 
        1 1.0D-01  8.936D+02  8.776D-11 1.0D-04 0.0D+00    0    0 5.19D+03 9.38D-02 9.38D-02 1.741D+01     0.08
        2 1.0D-01  5.931D+02  8.728D-11 1.4D-03 0.0D+00    0    0 3.41D+03 1.86D-01 1.86D-01 1.222D+01     0.04
        3 1.0D-01  4.858D+02  8.740D-11 5.3D-04 0.0D+00    0    0 1.90D+03 2.17D-01 2.17D-01 6.964D+00     0.04
        4 1.0D-01  4.473D+02  8.741D-11 7.5D-04 0.0D+00    0    0 6.45D+02 3.37D-01 3.37D-01 1.919D+00     0.05
        5 1.0D-01  4.458D+02  8.755D-11 5.1D-03 0.0D+00    0    0 3.90D+03 2.84D-01 2.84D-01 3.672D+00     0.05
        6 1.0D-01  4.475D+02  8.758D-11 7.6D-03 0.0D+00    0    0 1.52D+03 3.42D-01 3.42D-01 5.737D-01     0.05


     1 2.0D-02  4.475472D+02  4.475472D+02 5.737D-01     6C

    inner barrier   scaled     scaled     min     min    NW   SE     dx      alpha    alpha    inner   time (s)
     ite   param   obj func     feas      x-l     u-x   pert pert   norm      max             opt err 
        1 2.0D-02  9.417D+01  8.751D-11 7.7D-04 0.0D+00    0    0 1.49D+03 9.75D-01 9.75D-01 1.647D-01     0.04


     2 2.8D-03  9.416524D+01  9.416524D+01 1.647D-01     7C

    inner barrier   scaled     scaled     min     min    NW   SE     dx      alpha    alpha    inner   time (s)
     ite   param   obj func     feas      x-l     u-x   pert pert   norm      max             opt err 
        1 2.8D-03  1.269D+01  8.733D-11 1.5D-04 0.0D+00    0    0 8.41D+02 1.00D+00 1.00D+00 4.553D-02     0.05
        2 2.8D-03  1.272D+01  8.749D-11 2.6D-04 0.0D+00    0    0 3.48D+03 3.01D-01 3.01D-01 1.276D-01     0.05
        3 2.8D-03  1.276D+01  8.750D-11 2.8D-04 0.0D+00    0    0 9.66D+03 1.00D+00 1.00D+00 3.860D-01     0.05
        4 2.8D-03  1.277D+01  8.754D-11 2.8D-04 0.0D+00    0    0 1.65D+04 8.01D-01 8.01D-01 9.413D-02     0.05
        5 2.8D-03  1.277D+01  8.787D-11 2.8D-04 0.0D+00    0    0 3.84D+04 1.00D+00 1.00D+00 1.999D-01     0.05
        6 2.8D-03  1.277D+01  8.703D-11 2.8D-04 0.0D+00    0    0 8.08D+04 2.68D-01 2.68D-01 1.336D-01     0.05
        7 2.8D-03  1.278D+01  9.342D-11 2.8D-04 0.0D+00    0    0 1.78D+05 1.00D+00 1.00D+00 9.190D-02     0.05
        8 2.8D-03  1.278D+01  1.128D-10 2.8D-04 0.0D+00    0    0 3.85D+05 1.00D+00 1.00D+00 1.042D-02     0.05


     3 1.5D-04  1.277600D+01  1.277600D+01 1.042D-02    15C

    inner barrier   scaled     scaled     min     min    NW   SE     dx      alpha    alpha    inner   time (s)
     ite   param   obj func     feas      x-l     u-x   pert pert   norm      max             opt err 
        1 1.5D-04  4.482D+00  8.894D-11 3.2D-07 0.0D+00    0    0 4.46D+04 6.83D-01 6.83D-01 1.448D-03     0.05


     4 1.8D-06  4.482351D+00  4.482351D+00 1.599D-03    16C

    inner barrier   scaled     scaled     min     min    NW   SE     dx      alpha    alpha    inner   time (s)
     ite   param   obj func     feas      x-l     u-x   pert pert   norm      max             opt err 
        1 1.8D-06  8.982D-03  9.970D-11 1.7D-07 0.0D+00    1    0 6.64D+00 1.00D+00 1.00D+00 9.168D-06     0.08


     5 2.5D-09  8.982156D-03  8.982156D-03 1.101D-05    17C

    inner barrier   scaled     scaled     min     min    NW   SE     dx      alpha    alpha    inner   time (s)
     ite   param   obj func     feas      x-l     u-x   pert pert   norm      max             opt err 
        1 2.5D-09  1.153D-05  9.626D-11 2.4D-14 0.0D+00    1    0 2.73D-02 1.00D+00 1.00D+00 1.984D-08     0.08


     6 1.0D-09  1.153086D-05  1.153086D-05 1.984D-08    18C

    inner barrier   scaled     scaled     min     min    NW   SE     dx      alpha    alpha    inner   time (s)
     ite   param   obj func     feas      x-l     u-x   pert pert   norm      max             opt err 
        1 1.0D-09  4.517D-06  1.102D-10 9.6D-11 0.0D+00    1    0 1.22D-04 1.00D+00 1.00D+00 1.581D-11     0.08


     7 1.0D-09  4.517000D-06  4.517000D-06 1.000D-09    19C
 ==========================================================

 FINAL RESULTS:
                            scaled                   unscaled
  Objective Funct:   4.5170000355888018D-06    4.5170000355888018D-06
  Lagrangian Grad:   1.5813001580937745D-11    1.5813001580937745D-11
 Final Point Feas:   1.1023958482181406D-10    1.1023958482181406D-10
 Bounds violation:   0.0000000000000000D+00    0.0000000000000000D+00
 Lower Bound Comp:   1.0000035910981078D-09    1.0000035910981078D-09
 Upper Bound Comp:   0.0000000000000000D+00    0.0000000000000000D+00

 Flag of LCMIN:

     Optimal solution found.

 ====================================================
                      STATISTICS                     
 ====================================================
 GENERAL:                                            

           Preprocessing time (in seconds):      1.40
            Optimization time (in seconds):      1.11

                      Inner Iterations (IIT):      19
                      Outer Iterations (OIT):       7
                  Function Evaluations (FEV):      20
         Function Gradient Evaluations (GEV):      20
          Function Hessian Evaluations (HEV):      19
          Barrier Function Evaluations (BFE):      38
 Barrier Function Gradient Evaluations (BGE):      19
 ====================================================
 AVERAGE:                                            

 Inner Iterations per Outer Iterations  :      2.7143
 FEV per IIT:      1.0526    FEV per OIT:      2.8571
 GEV per IIT:      1.0526    GEV per OIT:      2.8571
 HEV per IIT:      1.0000    HEV per OIT:      2.7143
 BFE per IIT:      2.0000    BFE per OIT:      5.4286
 BGE per IIT:      1.0000    BGE per OIT:      2.7143
 ====================================================

