
 ==============================================================================
 This is ALGENCAN 3.1.1.
 ALGENCAN, an Augmented Lagrangian method for nonlinear programming, is part of
 the TANGO Project: Trustable Algorithms for Nonlinear General Optimization.
 See http://www.ime.usp.br/~egbirgin/tango/ for details.
 ==============================================================================

 Processing array of parameters with   3 entrances:

 IGNORE-OBJECTIVE-FUNCTION                    
 ITERATIONS-OUTPUT-DETAIL                                                    11
 NEWTON-LINE-SEARCH-INNER-SOLVER                                    'MA57 MC64'

 The specification file is not being used.

 Available HSL subroutines = MA57           

 ALGENCAN PARAMETERS:

 firstde                =                    T
 seconde                =                    T
 truehpr                =                    T
 hptype in TN           =               TRUEHP
 lsslvr in TR           =            MA57/NONE
 lsslvr in NW           =            MA57/MC64
 lsslvr in ACCPROC      =            MA57/NONE
 innslvr                =                   NW
 accproc                =                    T
 rmfixv                 =                    T
 slacks                 =                    F
 scale                  =                    T
 epsfeas                =           1.0000D-09
 epsopt                 =           1.0000D-08
 efstain                =           3.1623D-05
 eostain                =           1.0000D-12
 efacc                  =           3.1623D-05
 eoacc                  =           1.0000D-04
 iprint                 =                   11
 ncomp                  =                    6

 Specification filename =                   ''
 Output filename        =          'lcmin.out'
 Solution filename      =                   ''

 Number of variables               :   25004
 Number of equality constraints    :   20004
 Number of inequality constraints  :       0
 Number of bound constraints       :   10000
 Number of fixed variables         :       0

 There are no fixed variables to be removed.

 Objective function scale factor   : 1.0D+00
 Smallest constraints scale factor : 1.0D-01

     Entry to GENCAN.
     Number of variables:   25004
     Required optimality tolerance: 1.0D-08

     It         function  gpsupn   xsupn stesupn   nfree   SPGit in-face    fcnt
      0   1.20953339D-14 1.5D-07 1.6D+03
      1   5.36184052D-16 3.4D-09 1.6D+03 1.5D-07   23389       0       1       3
      2   5.98043860D-24 3.3D-12 1.6D+03 2.8D-07   23389       0       2       4

     Flag of GENCAN: Solution was found.


 User-provided subroutines calls counters: 

 Subroutine fsub     (coded=F):        0
 Subroutine gsub     (coded=F):        0
 Subroutine hsub     (coded=F):        0
 Subroutine csub     (coded=F):        0 (       0 calls per constraint in avg)
 Subroutine jacsub   (coded=F):        0 (       0 calls per constraint in avg)
 Subroutine hcsub    (coded=F):        0 (       0 calls per constraint in avg)
 Subroutine fcsub    (coded=T):        4
 Subroutine gjacsub  (coded=T):        5
 Subroutine gjacpsub (coded=F):        0
 Subroutine hlsub    (coded=T):        2
 Subroutine hlpsub   (coded=F):        0


 Total CPU time in seconds =     0.04

 ==============================================================================

 Initial point computed successfully.

                                            achieved                  desired        
 Unscaled feasibility ..............:   3.3220093342833934D-12   1.0000000000000001D-09
 Smallest distance to lower bound ..:   1.0000000000000000D-02   1.0000000000000000D-03

 Starting LCMIN.
 Number of variables   :   25004
 Number of constraints :   20004

 Scale factor for the objective function   : 1.0D+00
 Smallest scale factor for the constraints : 1.0D+00

 ==========================================================
 outer barrier   objective       scaled      outer   inner
  ite   param     function     obj funct    opt err   ite 
     0 1.0D-01  1.166861D+03  1.166861D+03 2.017D+01     0 

    inner barrier   scaled     scaled     min     min    NW   SE     dx      alpha    alpha    inner   time (s)
     ite   param   obj func     feas      x-l     u-x   pert pert   norm      max             opt err 
        1 1.0D-01  1.061D+03  3.479D-12 1.0D-04 0.0D+00    0    0 3.14D+03 4.48D-02 4.48D-02 3.018D+01     0.07
        2 1.0D-01  8.125D+02  1.041D-12 6.3D-04 0.0D+00    0    0 2.70D+03 1.73D-01 1.73D-01 2.713D+01     0.04
        3 1.0D-01  7.024D+02  1.513D-12 2.0D-04 0.0D+00    0    0 2.11D+03 2.21D-01 2.21D-01 1.963D+01     0.04
        4 1.0D-01  6.617D+02  1.917D-12 1.5D-04 0.0D+00    0    0 1.53D+03 2.35D-01 2.35D-01 6.736D+01     0.04
        5 1.0D-01  6.241D+02  6.275D-12 1.2D-03 0.0D+00    0    0 1.68D+03 4.07D-01 4.07D-01 2.191D+01     0.03
        6 1.0D-01  6.096D+02  1.042D-12 4.4D-04 0.0D+00    0    0 1.86D+03 3.79D-01 3.79D-01 6.413D+00     0.03
        7 1.0D-01  6.006D+02  5.386D-12 3.9D-04 0.0D+00    0    0 2.66D+03 2.38D-01 2.38D-01 1.794D+01     0.04
        8 1.0D-01  5.868D+02  1.675D-12 5.5D-04 0.0D+00    0    0 3.03D+03 3.49D-01 3.49D-01 7.629D+00     0.04
        9 1.0D-01  5.806D+02  5.814D-13 3.3D-04 0.0D+00    0    0 3.14D+03 1.78D-01 1.78D-01 6.574D+00     0.03
       10 1.0D-01  5.613D+02  1.661D-12 1.4D-03 0.0D+00    0    0 3.86D+03 4.67D-01 4.67D-01 1.338D+01     0.04

    inner barrier   scaled     scaled     min     min    NW   SE     dx      alpha    alpha    inner   time (s)
     ite   param   obj func     feas      x-l     u-x   pert pert   norm      max             opt err 
       11 1.0D-01  5.427D+02  4.009D-12 1.7D-03 0.0D+00    0    0 3.11D+03 6.55D-01 6.55D-01 2.436D+01     0.03
       12 1.0D-01  5.338D+02  3.145D-12 1.0D-04 0.0D+00    0    0 3.16D+03 3.31D-01 3.31D-01 8.319D+00     0.03
       13 1.0D-01  5.278D+02  2.311D-12 4.9D-04 0.0D+00    0    0 3.67D+03 2.13D-01 2.13D-01 5.707D+00     0.03
       14 1.0D-01  5.184D+02  4.972D-12 4.8D-04 0.0D+00    0    0 4.29D+03 3.43D-01 3.43D-01 8.792D+00     0.03
       15 1.0D-01  5.095D+02  3.982D-12 3.9D-04 0.0D+00    0    0 3.77D+03 3.95D-01 3.95D-01 3.545D+00     0.04
       16 1.0D-01  5.016D+02  2.239D-12 9.5D-04 0.0D+00    0    0 3.31D+03 4.99D-01 4.99D-01 1.156D+00     0.03
       17 1.0D-01  4.981D+02  1.755D-12 6.9D-04 0.0D+00    0    0 3.01D+03 5.69D-01 5.69D-01 1.197D+00     0.03
       18 1.0D-01  4.957D+02  3.569D-12 9.6D-04 0.0D+00    0    0 3.36D+03 7.33D-01 7.33D-01 9.437D-01     0.03


     1 2.0D-02  4.957311D+02  4.957311D+02 9.437D-01    18C

    inner barrier   scaled     scaled     min     min    NW   SE     dx      alpha    alpha    inner   time (s)
     ite   param   obj func     feas      x-l     u-x   pert pert   norm      max             opt err 
        1 2.0D-02  3.068D+02  3.577D-12 6.8D-04 0.0D+00    0    0 4.09D+03 4.70D-01 4.70D-01 6.508D-01     0.03
        2 2.0D-02  1.002D+02  3.655D-12 1.9D-03 0.0D+00    0    0 5.61D+02 1.00D+00 1.00D+00 8.821D-03     0.03


     2 2.8D-03  1.001604D+02  1.001604D+02 2.882D-02    20C


     3 1.5D-04  1.001604D+02  1.001604D+02 2.882D-02    20C

    inner barrier   scaled     scaled     min     min    NW   SE     dx      alpha    alpha    inner   time (s)
     ite   param   obj func     feas      x-l     u-x   pert pert   norm      max             opt err 
        1 1.5D-04  1.564D+01  3.686D-12 2.3D-06 0.0D+00    0    0 2.61D+02 8.52D-01 8.52D-01 2.409D-02     0.04
        2 1.5D-04  1.700D+00  3.685D-12 6.2D-07 0.0D+00    0    0 3.30D+02 9.36D-01 9.36D-01 9.281D-03     0.04
        3 1.5D-04  7.524D-01  3.684D-12 1.5D-05 0.0D+00    0    0 2.44D+01 1.00D+00 1.00D+00 1.269D-05     0.03


     4 1.8D-06  7.524093D-01  7.524093D-01 1.631D-04    23C

    inner barrier   scaled     scaled     min     min    NW   SE     dx      alpha    alpha    inner   time (s)
     ite   param   obj func     feas      x-l     u-x   pert pert   norm      max             opt err 
        1 1.8D-06  9.241D-03  3.684D-12 1.8D-07 0.0D+00    0    0 3.02D+00 1.00D+00 1.00D+00 2.205D-07     0.03


     5 2.5D-09  9.240692D-03  9.240692D-03 2.065D-06    24C

    inner barrier   scaled     scaled     min     min    NW   SE     dx      alpha    alpha    inner   time (s)
     ite   param   obj func     feas      x-l     u-x   pert pert   norm      max             opt err 
        1 2.5D-09  1.253D-05  3.684D-12 2.5D-10 0.0D+00    0    0 3.67D-02 1.00D+00 1.00D+00 3.268D-11     0.03


     6 1.0D-09  1.253208D-05  1.253208D-05 2.539D-09    25C
 ==========================================================

 FINAL RESULTS:
                            scaled                   unscaled
  Objective Funct:   1.2532078551523287D-05    1.2532078551523287D-05
  Lagrangian Grad:   3.5527136788005009D-15    3.5527136788005009D-15
 Final Point Feas:   3.6838786797056410D-12    3.6838786797056410D-12
 Bounds violation:   0.0000000000000000D+00    0.0000000000000000D+00
 Lower Bound Comp:   2.5385821222071119D-09    2.5385821222071119D-09
 Upper Bound Comp:   0.0000000000000000D+00    0.0000000000000000D+00

 Flag of LCMIN:

     Optimal solution found.

 ====================================================
                      STATISTICS                     
 ====================================================
 GENERAL:                                            

           Preprocessing time (in seconds):      2.02
            Optimization time (in seconds):      1.00

                      Inner Iterations (IIT):      25
                      Outer Iterations (OIT):       6
                  Function Evaluations (FEV):      26
         Function Gradient Evaluations (GEV):      26
          Function Hessian Evaluations (HEV):      25
          Barrier Function Evaluations (BFE):      50
 Barrier Function Gradient Evaluations (BGE):      25
 ====================================================
 AVERAGE:                                            

 Inner Iterations per Outer Iterations  :      4.1667
 FEV per IIT:      1.0400    FEV per OIT:      4.3333
 GEV per IIT:      1.0400    GEV per OIT:      4.3333
 HEV per IIT:      1.0000    HEV per OIT:      4.1667
 BFE per IIT:      2.0000    BFE per OIT:      8.3333
 BGE per IIT:      1.0000    BGE per OIT:      4.1667
 ====================================================

