
 ==============================================================================
 This is ALGENCAN 3.1.1.
 ALGENCAN, an Augmented Lagrangian method for nonlinear programming, is part of
 the TANGO Project: Trustable Algorithms for Nonlinear General Optimization.
 See http://www.ime.usp.br/~egbirgin/tango/ for details.
 ==============================================================================

 Processing array of parameters with   3 entrances:

 IGNORE-OBJECTIVE-FUNCTION                    
 ITERATIONS-OUTPUT-DETAIL                                                    11
 NEWTON-LINE-SEARCH-INNER-SOLVER                                    'MA57 MC64'

 The specification file is not being used.

 Available HSL subroutines = MA57           

 ALGENCAN PARAMETERS:

 firstde                =                    T
 seconde                =                    T
 truehpr                =                    T
 hptype in TN           =               TRUEHP
 lsslvr in TR           =            MA57/NONE
 lsslvr in NW           =            MA57/MC64
 lsslvr in ACCPROC      =            MA57/NONE
 innslvr                =                   NW
 accproc                =                    T
 rmfixv                 =                    T
 slacks                 =                    F
 scale                  =                    T
 epsfeas                =           1.0000D-09
 epsopt                 =           1.0000D-08
 efstain                =           3.1623D-05
 eostain                =           1.0000D-12
 efacc                  =           3.1623D-05
 eoacc                  =           1.0000D-04
 iprint                 =                   11
 ncomp                  =                    6

 Specification filename =                   ''
 Output filename        =          'lcmin.out'
 Solution filename      =                   ''

 Number of variables               :   25004
 Number of equality constraints    :   20004
 Number of inequality constraints  :       0
 Number of bound constraints       :   10000
 Number of fixed variables         :       0

 There are no fixed variables to be removed.

 Objective function scale factor   : 1.0D+00
 Smallest constraints scale factor : 1.0D-01

     Entry to GENCAN.
     Number of variables:   25004
     Required optimality tolerance: 1.0D-08

     It         function  gpsupn   xsupn stesupn   nfree   SPGit in-face    fcnt
      0   2.56366051D-14 4.5D-08 7.8D+02
      1   2.36132616D-14 2.8D-08 7.8D+02 8.2D-09   20868       0       1       3
      2   3.09113502D-24 2.0D-12 7.8D+02 2.1D-06   20868       0       2       4

     Flag of GENCAN: Solution was found.


 User-provided subroutines calls counters: 

 Subroutine fsub     (coded=F):        0
 Subroutine gsub     (coded=F):        0
 Subroutine hsub     (coded=F):        0
 Subroutine csub     (coded=F):        0 (       0 calls per constraint in avg)
 Subroutine jacsub   (coded=F):        0 (       0 calls per constraint in avg)
 Subroutine hcsub    (coded=F):        0 (       0 calls per constraint in avg)
 Subroutine fcsub    (coded=T):        4
 Subroutine gjacsub  (coded=T):        5
 Subroutine gjacpsub (coded=F):        0
 Subroutine hlsub    (coded=T):        2
 Subroutine hlpsub   (coded=F):        0


 Total CPU time in seconds =     0.04

 ==============================================================================

 Initial point computed successfully.

                                            achieved                  desired        
 Unscaled feasibility ..............:   2.0095036745715333D-12   1.0000000000000001D-09
 Smallest distance to lower bound ..:   1.0000000000000000D-02   1.0000000000000000D-03

 Starting LCMIN.
 Number of variables   :   25004
 Number of constraints :   20004

 Scale factor for the objective function   : 1.0D+00
 Smallest scale factor for the constraints : 1.0D+00

 ==========================================================
 outer barrier   objective       scaled      outer   inner
  ite   param     function     obj funct    opt err   ite 
     0 1.0D-01  7.677900D+03  7.677900D+03 2.025D+01     0 

    inner barrier   scaled     scaled     min     min    NW   SE     dx      alpha    alpha    inner   time (s)
     ite   param   obj func     feas      x-l     u-x   pert pert   norm      max             opt err 
        1 1.0D-01  7.274D+03  3.807D-12 1.0D-04 0.0D+00    0    0 1.34D+04 2.59D-02 2.59D-02 3.830D+01     0.06
        2 1.0D-01  5.327D+03  1.091D-12 1.2D-03 0.0D+00    0    0 1.28D+04 1.40D-01 1.40D-01 1.672D+01     0.03
        3 1.0D-01  4.820D+03  3.070D-12 8.6D-05 0.0D+00    0    0 1.03D+04 4.94D-02 4.94D-02 5.988D+01     0.03
        4 1.0D-01  4.252D+03  1.651D-12 2.4D-04 0.0D+00    0    0 9.69D+03 6.16D-02 6.16D-02 4.889D+01     0.03
        5 1.0D-01  3.894D+03  1.819D-12 2.0D-04 0.0D+00    0    0 8.95D+03 4.41D-02 4.41D-02 5.779D+01     0.03
        6 1.0D-01  2.887D+03  1.813D-12 1.4D-04 0.0D+00    0    0 8.51D+03 1.40D-01 1.40D-01 2.392D+01     0.03
        7 1.0D-01  1.633D+03  2.387D-12 1.9D-04 0.0D+00    0    0 6.90D+03 2.52D-01 2.52D-01 1.194D+01     0.03
        8 1.0D-01  1.063D+03  1.911D-12 2.2D-03 0.0D+00    0    0 4.35D+03 2.30D-01 2.30D-01 7.281D+00     0.03
        9 1.0D-01  7.019D+02  1.981D-12 7.6D-03 0.0D+00    0    0 2.40D+03 3.47D-01 3.47D-01 2.998D+00     0.03
       10 1.0D-01  5.551D+02  1.950D-12 1.1D-03 0.0D+00    0    0 9.55D+02 5.10D-01 5.10D-01 1.394D+00     0.03

    inner barrier   scaled     scaled     min     min    NW   SE     dx      alpha    alpha    inner   time (s)
     ite   param   obj func     feas      x-l     u-x   pert pert   norm      max             opt err 
       11 1.0D-01  5.134D+02  1.952D-12 1.5D-03 0.0D+00    0    0 2.89D+02 6.58D-01 6.58D-01 3.549D-01     0.04


     1 2.0D-02  5.133771D+02  5.133771D+02 3.549D-01    11C

    inner barrier   scaled     scaled     min     min    NW   SE     dx      alpha    alpha    inner   time (s)
     ite   param   obj func     feas      x-l     u-x   pert pert   norm      max             opt err 
        1 2.0D-02  1.189D+02  1.951D-12 1.3D-03 0.0D+00    0    0 5.12D+02 9.61D-01 9.61D-01 5.713D-02     0.04


     2 2.8D-03  1.188760D+02  1.188760D+02 7.713D-02    12C

    inner barrier   scaled     scaled     min     min    NW   SE     dx      alpha    alpha    inner   time (s)
     ite   param   obj func     feas      x-l     u-x   pert pert   norm      max             opt err 
        1 2.8D-03  1.442D+01  1.949D-12 2.8D-04 0.0D+00    0    0 1.37D+02 1.00D+00 1.00D+00 4.878D-03     0.03


     3 1.5D-04  1.441988D+01  1.441988D+01 7.706D-03    13C

    inner barrier   scaled     scaled     min     min    NW   SE     dx      alpha    alpha    inner   time (s)
     ite   param   obj func     feas      x-l     u-x   pert pert   norm      max             opt err 
        1 1.5D-04  7.584D-01  1.949D-12 1.5D-05 0.0D+00    0    0 1.83D+01 1.00D+00 1.00D+00 1.906D-04     0.03


     4 1.8D-06  7.584316D-01  7.584316D-01 3.410D-04    14C

    inner barrier   scaled     scaled     min     min    NW   SE     dx      alpha    alpha    inner   time (s)
     ite   param   obj func     feas      x-l     u-x   pert pert   norm      max             opt err 
        1 1.8D-06  9.242D-03  1.949D-12 1.8D-07 0.0D+00    0    0 9.87D-01 1.00D+00 1.00D+00 7.406D-07     0.04


     5 2.5D-09  9.242156D-03  9.242156D-03 2.586D-06    15C

    inner barrier   scaled     scaled     min     min    NW   SE     dx      alpha    alpha    inner   time (s)
     ite   param   obj func     feas      x-l     u-x   pert pert   norm      max             opt err 
        1 2.5D-09  1.253D-05  1.949D-12 2.5D-10 0.0D+00    0    0 1.19D-02 1.00D+00 1.00D+00 4.344D-11     0.03


     6 1.0D-09  1.253191D-05  1.253191D-05 2.549D-09    16C
 ==========================================================

 FINAL RESULTS:
                            scaled                   unscaled
  Objective Funct:   1.2531912057636983D-05    1.2531912057636983D-05
  Lagrangian Grad:   3.5527136788005009D-15    3.5527136788005009D-15
 Final Point Feas:   1.9493098995132780D-12    1.9493098995132780D-12
 Bounds violation:   0.0000000000000000D+00    0.0000000000000000D+00
 Lower Bound Comp:   2.5493425448024104D-09    2.5493425448024104D-09
 Upper Bound Comp:   0.0000000000000000D+00    0.0000000000000000D+00

 Flag of LCMIN:

     Optimal solution found.

 ====================================================
                      STATISTICS                     
 ====================================================
 GENERAL:                                            

           Preprocessing time (in seconds):      2.91
            Optimization time (in seconds):      0.62

                      Inner Iterations (IIT):      16
                      Outer Iterations (OIT):       6
                  Function Evaluations (FEV):      17
         Function Gradient Evaluations (GEV):      17
          Function Hessian Evaluations (HEV):      16
          Barrier Function Evaluations (BFE):      32
 Barrier Function Gradient Evaluations (BGE):      16
 ====================================================
 AVERAGE:                                            

 Inner Iterations per Outer Iterations  :      2.6667
 FEV per IIT:      1.0625    FEV per OIT:      2.8333
 GEV per IIT:      1.0625    GEV per OIT:      2.8333
 HEV per IIT:      1.0000    HEV per OIT:      2.6667
 BFE per IIT:      2.0000    BFE per OIT:      5.3333
 BGE per IIT:      1.0000    BGE per OIT:      2.6667
 ====================================================

