
 ==============================================================================
 This is ALGENCAN 3.1.1.
 ALGENCAN, an Augmented Lagrangian method for nonlinear programming, is part of
 the TANGO Project: Trustable Algorithms for Nonlinear General Optimization.
 See http://www.ime.usp.br/~egbirgin/tango/ for details.
 ==============================================================================

 Processing array of parameters with   3 entrances:

 IGNORE-OBJECTIVE-FUNCTION                    
 ITERATIONS-OUTPUT-DETAIL                                                    11
 NEWTON-LINE-SEARCH-INNER-SOLVER                                    'MA57 MC64'

 The specification file is not being used.

 Available HSL subroutines = MA57           

 ALGENCAN PARAMETERS:

 firstde                =                    T
 seconde                =                    T
 truehpr                =                    T
 hptype in TN           =               TRUEHP
 lsslvr in TR           =            MA57/NONE
 lsslvr in NW           =            MA57/MC64
 lsslvr in ACCPROC      =            MA57/NONE
 innslvr                =                   NW
 accproc                =                    T
 rmfixv                 =                    T
 slacks                 =                    F
 scale                  =                    T
 epsfeas                =           1.0000D-09
 epsopt                 =           1.0000D-08
 efstain                =           3.1623D-05
 eostain                =           1.0000D-12
 efacc                  =           3.1623D-05
 eoacc                  =           1.0000D-04
 iprint                 =                   11
 ncomp                  =                    6

 Specification filename =                   ''
 Output filename        =          'lcmin.out'
 Solution filename      =                   ''

 Number of variables               :   23033
 Number of equality constraints    :   18034
 Number of inequality constraints  :       0
 Number of bound constraints       :    9015
 Number of fixed variables         :       0

 There are no fixed variables to be removed.

 Objective function scale factor   : 1.0D+00
 Smallest constraints scale factor : 1.0D-01

     Entry to GENCAN.
     Number of variables:   23033
     Required optimality tolerance: 1.0D-08

     It         function  gpsupn   xsupn stesupn   nfree   SPGit in-face    fcnt
      0   5.81780137D-13 1.4D-07 6.7D+02
      1   5.42237748D-13 1.4D-07 6.7D+02 3.4D-08   18660       0       1       3
      2   1.57098711D-23 3.9D-12 6.7D+02 2.3D-05   18660       0       2       4

     Flag of GENCAN: Solution was found.


 User-provided subroutines calls counters: 

 Subroutine fsub     (coded=F):        0
 Subroutine gsub     (coded=F):        0
 Subroutine hsub     (coded=F):        0
 Subroutine csub     (coded=F):        0 (       0 calls per constraint in avg)
 Subroutine jacsub   (coded=F):        0 (       0 calls per constraint in avg)
 Subroutine hcsub    (coded=F):        0 (       0 calls per constraint in avg)
 Subroutine fcsub    (coded=T):        4
 Subroutine gjacsub  (coded=T):        5
 Subroutine gjacpsub (coded=F):        0
 Subroutine hlsub    (coded=T):        2
 Subroutine hlpsub   (coded=F):        0


 Total CPU time in seconds =     0.09

 ==============================================================================

 Initial point computed successfully.

                                            achieved                  desired        
 Unscaled feasibility ..............:   3.8598152451996270D-12   1.0000000000000001D-09
 Smallest distance to lower bound ..:   1.0000000000000000D-02   1.0000000000000000D-03

 Starting LCMIN.
 Number of variables   :   23033
 Number of constraints :   18034

 Scale factor for the objective function   : 1.0D+00
 Smallest scale factor for the constraints : 1.0D+00

 ==========================================================
 outer barrier   objective       scaled      outer   inner
  ite   param     function     obj funct    opt err   ite 
     0 1.0D-01  4.031181D+03  4.031181D+03 1.153D+02     0 

    inner barrier   scaled     scaled     min     min    NW   SE     dx      alpha    alpha    inner   time (s)
     ite   param   obj func     feas      x-l     u-x   pert pert   norm      max             opt err 
        1 1.0D-01  3.679D+03  7.202D-12 1.0D-04 0.0D+00    0    0 1.39D+04 2.96D-02 2.96D-02 1.193D+02     0.09
        2 1.0D-01  2.968D+03  4.907D-12 6.4D-04 0.0D+00    0    0 1.05D+04 8.14D-02 8.14D-02 1.062D+02     0.04
        3 1.0D-01  2.606D+03  3.805D-12 2.6D-04 0.0D+00    0    0 7.57D+03 5.69D-02 5.69D-02 1.272D+02     0.04
        4 1.0D-01  2.206D+03  4.103D-12 3.5D-04 0.0D+00    0    0 6.65D+03 7.41D-02 7.41D-02 8.504D+01     0.04
        5 1.0D-01  1.177D+03  5.334D-12 5.0D-03 0.0D+00    0    0 5.42D+03 2.46D-01 2.46D-01 4.614D+01     0.04
        6 1.0D-01  7.946D+02  4.304D-12 2.5D-03 0.0D+00    0    0 2.87D+03 2.14D-01 2.14D-01 2.514D+01     0.04
        7 1.0D-01  6.031D+02  5.925D-12 1.5D-03 0.0D+00    0    0 1.65D+03 2.60D-01 2.60D-01 2.146D+01     0.04
        8 1.0D-01  4.883D+02  4.128D-12 1.3D-03 0.0D+00    0    0 1.41D+03 5.42D-01 5.42D-01 8.974D+00     0.05
        9 1.0D-01  4.568D+02  5.372D-12 1.7D-03 0.0D+00    0    0 2.05D+03 7.28D-01 7.28D-01 2.210D+00     0.05
       10 1.0D-01  4.507D+02  5.155D-12 8.6D-03 0.0D+00    0    0 1.65D+04 1.00D+00 1.00D+00 1.137D+00     0.05

    inner barrier   scaled     scaled     min     min    NW   SE     dx      alpha    alpha    inner   time (s)
     ite   param   obj func     feas      x-l     u-x   pert pert   norm      max             opt err 
       11 1.0D-01  4.510D+02  5.590D-12 8.9D-03 0.0D+00    0    0 2.62D+04 2.53D-01 2.53D-01 9.078D-01     0.05


     1 2.0D-02  4.510268D+02  4.510268D+02 9.078D-01    11C

    inner barrier   scaled     scaled     min     min    NW   SE     dx      alpha    alpha    inner   time (s)
     ite   param   obj func     feas      x-l     u-x   pert pert   norm      max             opt err 
        1 2.0D-02  3.726D+02  6.418D-12 6.4D-03 0.0D+00    0    0 1.61D+04 2.14D-01 2.14D-01 1.126D-01     0.05


     2 2.8D-03  3.725955D+02  3.725955D+02 1.255D-01    12C

    inner barrier   scaled     scaled     min     min    NW   SE     dx      alpha    alpha    inner   time (s)
     ite   param   obj func     feas      x-l     u-x   pert pert   norm      max             opt err 
        1 2.8D-03  1.607D+01  4.302D-12 1.2D-04 0.0D+00    1    0 9.52D+02 9.97D-01 9.97D-01 1.683D-02     0.08


     3 1.5D-04  1.606559D+01  1.606559D+01 1.966D-02    13C

    inner barrier   scaled     scaled     min     min    NW   SE     dx      alpha    alpha    inner   time (s)
     ite   param   obj func     feas      x-l     u-x   pert pert   norm      max             opt err 
        1 1.5D-04  1.440D+00  6.558D-12 6.2D-07 0.0D+00    0    0 2.06D+03 9.54D-01 9.54D-01 5.338D-03     0.05
        2 1.5D-04  7.683D-01  3.835D-12 5.5D-06 0.0D+00    0    0 3.25D+04 8.90D-01 8.90D-01 4.490D-02     0.05
        3 1.5D-04  6.805D-01  4.491D-12 1.3D-05 0.0D+00    0    0 1.21D+05 1.00D+00 1.00D+00 3.213D-02     0.05
        4 1.5D-04  6.797D-01  5.002D-12 1.3D-05 0.0D+00    0    0 2.35D+05 1.00D+00 1.00D+00 2.411D-02     0.05
        5 1.5D-04  6.795D-01  8.527D-12 1.3D-05 0.0D+00    0    0 5.62D+05 1.00D+00 1.00D+00 1.131D-02     0.05
        6 1.5D-04  6.795D-01  6.793D-11 1.3D-05 0.0D+00    0    0 1.49D+06 1.00D+00 1.00D+00 6.648D-03     0.05
        7 1.5D-04  6.795D-01  1.690D-11 1.3D-05 0.0D+00    0    0 4.77D+06 2.28D-02 2.28D-02 1.276D-02     0.05
        8 1.5D-04  6.794D-01  1.850D-10 1.3D-05 0.0D+00    0    0 9.04D+06 1.00D+00 1.00D+00 3.650D-02     0.05
        9 1.5D-04  6.794D-01  2.003D-10 1.3D-05 0.0D+00    0    0 1.75D+07 4.49D-02 5.62D-03 2.950D-02     0.05
       10 1.5D-04  6.794D-01  3.095D-10 1.3D-05 0.0D+00    0    0 3.72D+07 1.00D+00 1.14D-13 1.485D-02     0.07

    inner barrier   scaled     scaled     min     min    NW   SE     dx      alpha    alpha    inner   time (s)
     ite   param   obj func     feas      x-l     u-x   pert pert   norm      max             opt err 
       11 1.5D-04  6.794D-01  1.967D-10 1.3D-05 0.0D+00    0    0 5.44D+07 1.00D+00 8.88D-16 1.821D-02     0.07
       12 1.5D-04  6.794D-01  2.504D-10 1.3D-05 0.0D+00    0    0 8.83D+07 1.00D+00 2.22D-16 9.927D-03     0.07
       13 1.5D-04  6.794D-01  1.203D-10 1.3D-05 0.0D+00    0    0 1.06D+08 1.00D+00 5.55D-17 1.460D-02     0.07
       14 1.5D-04  6.794D-01  1.025D-10 1.3D-05 0.0D+00    0    0 1.37D+08 1.00D+00 1.39D-17 8.530D-03     0.07
       15 1.5D-04  6.794D-01  1.025D-10 1.3D-05 0.0D+00    0    0 1.56D+08 1.00D+00 3.47D-18 1.270D-02     0.07
       16 1.5D-04  6.794D-01  1.025D-10 1.3D-05 0.0D+00    0    0 1.84D+08 1.00D+00 3.47D-18 7.940D-03     0.08
       17 1.5D-04  6.794D-01  1.043D-10 1.3D-05 0.0D+00    0    0 2.04D+08 1.00D+00 3.47D-18 1.139D-02     0.08
       18 1.5D-04  6.794D-01  1.043D-10 1.3D-05 0.0D+00    0    0 2.27D+08 1.00D+00 1.73D-18 8.048D-03     0.07
       19 1.5D-04  6.794D-01  1.043D-10 1.3D-05 0.0D+00    0    0 2.48D+08 1.00D+00 1.73D-18 1.053D-02     0.07
       20 1.5D-04  6.794D-01  1.043D-10 1.3D-05 0.0D+00    0    0 2.71D+08 1.00D+00 1.73D-18 8.118D-03     0.07

    inner barrier   scaled     scaled     min     min    NW   SE     dx      alpha    alpha    inner   time (s)
     ite   param   obj func     feas      x-l     u-x   pert pert   norm      max             opt err 
       21 1.5D-04  6.794D-01  1.043D-10 1.3D-05 0.0D+00    0    0 2.92D+08 1.00D+00 1.73D-18 9.945D-03     0.07
       22 1.5D-04  6.794D-01  1.043D-10 1.3D-05 0.0D+00    0    0 3.15D+08 1.00D+00 1.73D-18 8.154D-03     0.07
       23 1.5D-04  6.794D-01  1.043D-10 1.3D-05 0.0D+00    0    0 3.36D+08 1.00D+00 1.73D-18 9.525D-03     0.07
       24 1.5D-04  6.794D-01  9.210D-11 1.3D-05 0.0D+00    0    0 3.59D+08 1.00D+00 1.73D-18 8.166D-03     0.07
       25 1.5D-04  6.794D-01  9.210D-11 1.3D-05 0.0D+00    0    0 3.80D+08 1.00D+00 1.73D-18 9.214D-03     0.07
       26 1.5D-04  6.794D-01  9.210D-11 1.3D-05 0.0D+00    0    0 4.03D+08 1.00D+00 1.73D-18 8.166D-03     0.07
       27 1.5D-04  6.794D-01  9.210D-11 1.3D-05 0.0D+00    0    0 4.24D+08 1.00D+00 8.67D-19 8.976D-03     0.07
       28 1.5D-04  6.794D-01  1.067D-10 1.3D-05 0.0D+00    0    0 4.50D+08 2.96D-02 1.64D-18 8.176D-03     0.07
       29 1.5D-04  6.794D-01  1.067D-10 1.3D-05 0.0D+00    0    0 4.67D+08 1.00D+00 8.67D-19 8.771D-03     0.07
       30 1.5D-04  6.794D-01  1.067D-10 1.3D-05 0.0D+00    0    0 4.90D+08 1.00D+00 8.67D-19 8.142D-03     0.07

    inner barrier   scaled     scaled     min     min    NW   SE     dx      alpha    alpha    inner   time (s)
     ite   param   obj func     feas      x-l     u-x   pert pert   norm      max             opt err 
       31 1.5D-04  6.794D-01  1.067D-10 1.3D-05 0.0D+00    0    0 5.11D+08 1.00D+00 8.67D-19 8.639D-03     0.07
       32 1.5D-04  6.794D-01  1.067D-10 1.3D-05 0.0D+00    0    0 5.34D+08 1.00D+00 8.67D-19 8.107D-03     0.07
       33 1.5D-04  6.794D-01  1.067D-10 1.3D-05 0.0D+00    0    0 5.55D+08 1.00D+00 8.67D-19 8.533D-03     0.07
       34 1.5D-04  6.794D-01  1.067D-10 1.3D-05 0.0D+00    0    0 5.77D+08 1.00D+00 8.67D-19 8.073D-03     0.07
       35 1.5D-04  6.794D-01  1.067D-10 1.3D-05 0.0D+00    0    0 5.98D+08 1.00D+00 8.67D-19 8.446D-03     0.07
       36 1.5D-04  6.794D-01  1.067D-10 1.3D-05 0.0D+00    0    0 6.21D+08 1.00D+00 8.67D-19 8.040D-03     0.07
       37 1.5D-04  6.794D-01  1.067D-10 1.3D-05 0.0D+00    0    0 6.42D+08 1.00D+00 8.67D-19 8.374D-03     0.07
       38 1.5D-04  6.794D-01  1.067D-10 1.3D-05 0.0D+00    0    0 6.64D+08 1.00D+00 8.67D-19 8.009D-03     0.07
       39 1.5D-04  6.794D-01  1.067D-10 1.3D-05 0.0D+00    0    0 6.85D+08 1.00D+00 8.67D-19 8.314D-03     0.07
       40 1.5D-04  6.794D-01  1.067D-10 1.3D-05 0.0D+00    0    0 7.08D+08 1.00D+00 8.67D-19 7.981D-03     0.07

    inner barrier   scaled     scaled     min     min    NW   SE     dx      alpha    alpha    inner   time (s)
     ite   param   obj func     feas      x-l     u-x   pert pert   norm      max             opt err 
       41 1.5D-04  6.794D-01  9.248D-11 1.3D-05 0.0D+00    0    0 7.29D+08 1.00D+00 8.67D-19 8.261D-03     0.07
       42 1.5D-04  6.794D-01  9.248D-11 1.3D-05 0.0D+00    0    0 7.51D+08 1.00D+00 8.67D-19 7.954D-03     0.07
       43 1.5D-04  6.794D-01  9.339D-11 1.3D-05 0.0D+00    0    0 7.73D+08 1.00D+00 8.67D-19 8.216D-03     0.07
       44 1.5D-04  6.794D-01  1.079D-10 1.3D-05 0.0D+00    0    0 7.95D+08 1.00D+00 8.67D-19 7.929D-03     0.07
       45 1.5D-04  6.794D-01  1.079D-10 1.3D-05 0.0D+00    0    0 8.16D+08 1.00D+00 4.34D-19 8.175D-03     0.07
       46 1.5D-04  6.794D-01  9.702D-11 1.3D-05 0.0D+00    0    0 8.39D+08 1.00D+00 8.67D-19 7.906D-03     0.07
       47 1.5D-04  6.794D-01  9.702D-11 1.3D-05 0.0D+00    0    0 8.60D+08 1.00D+00 4.34D-19 8.140D-03     0.07
       48 1.5D-04  6.794D-01  9.702D-11 1.3D-05 0.0D+00    0    0 8.82D+08 1.00D+00 4.34D-19 7.886D-03     0.07
       49 1.5D-04  6.794D-01  9.702D-11 1.3D-05 0.0D+00    0    0 9.04D+08 1.00D+00 4.34D-19 8.108D-03     0.07
       50 1.5D-04  6.794D-01  9.702D-11 1.3D-05 0.0D+00    0    0 9.26D+08 1.00D+00 4.34D-19 7.866D-03     0.07

    inner barrier   scaled     scaled     min     min    NW   SE     dx      alpha    alpha    inner   time (s)
     ite   param   obj func     feas      x-l     u-x   pert pert   norm      max             opt err 
       51 1.5D-04  6.794D-01  9.702D-11 1.3D-05 0.0D+00    0    0 9.47D+08 1.00D+00 4.34D-19 8.079D-03     0.07
       52 1.5D-04  6.794D-01  9.702D-11 1.3D-05 0.0D+00    0    0 9.69D+08 1.00D+00 4.34D-19 7.849D-03     0.08
       53 1.5D-04  6.794D-01  9.702D-11 1.3D-05 0.0D+00    0    0 9.91D+08 1.00D+00 4.34D-19 8.052D-03     0.07
       54 1.5D-04  6.794D-01  9.702D-11 1.3D-05 0.0D+00    0    0 1.01D+09 1.00D+00 4.34D-19 7.832D-03     0.07
       55 1.5D-04  6.794D-01  9.702D-11 1.3D-05 0.0D+00    0    0 1.03D+09 1.00D+00 4.34D-19 8.028D-03     0.07
       56 1.5D-04  6.794D-01  9.702D-11 1.3D-05 0.0D+00    0    0 1.06D+09 1.00D+00 4.34D-19 7.817D-03     0.07
       57 1.5D-04  6.794D-01  9.702D-11 1.3D-05 0.0D+00    0    0 1.08D+09 1.00D+00 4.34D-19 8.006D-03     0.07
       58 1.5D-04  6.794D-01  9.702D-11 1.3D-05 0.0D+00    0    0 1.10D+09 1.00D+00 4.34D-19 7.804D-03     0.07
       59 1.5D-04  6.794D-01  9.702D-11 1.3D-05 0.0D+00    0    0 1.12D+09 1.00D+00 4.34D-19 7.985D-03     0.07
       60 1.5D-04  6.794D-01  9.702D-11 1.3D-05 0.0D+00    0    0 1.14D+09 1.00D+00 4.34D-19 7.791D-03     0.07

    inner barrier   scaled     scaled     min     min    NW   SE     dx      alpha    alpha    inner   time (s)
     ite   param   obj func     feas      x-l     u-x   pert pert   norm      max             opt err 
       61 1.5D-04  6.794D-01  9.702D-11 1.3D-05 0.0D+00    0    0 1.17D+09 1.00D+00 4.34D-19 7.966D-03     0.07
       62 1.5D-04  6.794D-01  9.702D-11 1.3D-05 0.0D+00    0    0 1.19D+09 1.00D+00 4.34D-19 7.779D-03     0.07
       63 1.5D-04  6.794D-01  9.702D-11 1.3D-05 0.0D+00    0    0 1.21D+09 1.00D+00 4.34D-19 7.948D-03     0.07
       64 1.5D-04  6.794D-01  9.702D-11 1.3D-05 0.0D+00    0    0 1.23D+09 1.00D+00 4.34D-19 7.767D-03     0.07
       65 1.5D-04  6.794D-01  9.702D-11 1.3D-05 0.0D+00    0    0 1.25D+09 1.00D+00 4.34D-19 7.932D-03     0.07
       66 1.5D-04  6.794D-01  9.702D-11 1.3D-05 0.0D+00    0    0 1.27D+09 1.00D+00 4.34D-19 7.757D-03     0.07
       67 1.5D-04  6.794D-01  9.702D-11 1.3D-05 0.0D+00    0    0 1.30D+09 1.00D+00 4.34D-19 7.917D-03     0.07
       68 1.5D-04  6.794D-01  9.702D-11 1.3D-05 0.0D+00    0    0 1.32D+09 1.00D+00 4.34D-19 7.747D-03     0.07
       69 1.5D-04  6.794D-01  9.702D-11 1.3D-05 0.0D+00    0    0 1.34D+09 1.00D+00 4.34D-19 7.902D-03     0.07
       70 1.5D-04  6.794D-01  9.702D-11 1.3D-05 0.0D+00    0    0 1.36D+09 1.00D+00 4.34D-19 7.738D-03     0.07

    inner barrier   scaled     scaled     min     min    NW   SE     dx      alpha    alpha    inner   time (s)
     ite   param   obj func     feas      x-l     u-x   pert pert   norm      max             opt err 
       71 1.5D-04  6.794D-01  9.702D-11 1.3D-05 0.0D+00    0    0 1.38D+09 1.00D+00 4.34D-19 7.889D-03     0.07
       72 1.5D-04  6.794D-01  9.702D-11 1.3D-05 0.0D+00    0    0 1.40D+09 1.00D+00 4.34D-19 7.729D-03     0.07
       73 1.5D-04  6.794D-01  9.702D-11 1.3D-05 0.0D+00    0    0 1.43D+09 1.00D+00 4.34D-19 7.876D-03     0.07
       74 1.5D-04  6.794D-01  8.247D-11 1.3D-05 0.0D+00    0    0 1.45D+09 1.00D+00 4.34D-19 7.721D-03     0.07
       75 1.5D-04  6.794D-01  8.429D-11 1.3D-05 0.0D+00    0    0 1.47D+09 1.00D+00 4.34D-19 7.864D-03     0.07
       76 1.5D-04  6.794D-01  8.429D-11 1.3D-05 0.0D+00    0    0 1.49D+09 1.00D+00 4.34D-19 7.714D-03     0.07
       77 1.5D-04  6.794D-01  8.611D-11 1.3D-05 0.0D+00    0    0 1.51D+09 1.00D+00 4.34D-19 7.853D-03     0.07
       78 1.5D-04  6.794D-01  8.611D-11 1.3D-05 0.0D+00    0    0 1.54D+09 1.00D+00 4.34D-19 7.706D-03     0.07
       79 1.5D-04  6.794D-01  7.247D-11 1.3D-05 0.0D+00    0    0 1.56D+09 1.00D+00 4.34D-19 7.842D-03     0.07
       80 1.5D-04  6.794D-01  8.119D-11 1.3D-05 0.0D+00    0    0 1.58D+09 1.00D+00 4.34D-19 7.700D-03     0.07

    inner barrier   scaled     scaled     min     min    NW   SE     dx      alpha    alpha    inner   time (s)
     ite   param   obj func     feas      x-l     u-x   pert pert   norm      max             opt err 
       81 1.5D-04  6.794D-01  8.156D-11 1.3D-05 0.0D+00    0    0 1.60D+09 1.00D+00 4.34D-19 7.832D-03     0.07
       82 1.5D-04  6.794D-01  7.937D-11 1.3D-05 0.0D+00    0    0 1.62D+09 1.00D+00 4.34D-19 7.693D-03     0.07
       83 1.5D-04  6.794D-01  7.937D-11 1.3D-05 0.0D+00    0    0 1.65D+09 1.00D+00 2.17D-19 7.822D-03     0.07
       84 1.5D-04  6.794D-01  8.119D-11 1.3D-05 0.0D+00    0    0 1.67D+09 1.00D+00 4.34D-19 7.687D-03     0.07
       85 1.5D-04  6.794D-01  8.119D-11 1.3D-05 0.0D+00    0    0 1.69D+09 1.00D+00 2.17D-19 7.813D-03     0.07
       86 1.5D-04  6.794D-01  8.119D-11 1.3D-05 0.0D+00    0    0 1.71D+09 1.00D+00 2.17D-19 7.681D-03     0.07
       87 1.5D-04  6.794D-01  8.119D-11 1.3D-05 0.0D+00    0    0 1.73D+09 1.00D+00 2.17D-19 7.804D-03     0.07
       88 1.5D-04  6.794D-01  8.119D-11 1.3D-05 0.0D+00    0    0 1.75D+09 1.00D+00 2.17D-19 7.676D-03     0.07
       89 1.5D-04  6.794D-01  8.119D-11 1.3D-05 0.0D+00    0    0 1.78D+09 1.00D+00 2.17D-19 7.796D-03     0.07
       90 1.5D-04  6.794D-01  8.119D-11 1.3D-05 0.0D+00    0    0 1.80D+09 1.00D+00 2.17D-19 7.670D-03     0.07

    inner barrier   scaled     scaled     min     min    NW   SE     dx      alpha    alpha    inner   time (s)
     ite   param   obj func     feas      x-l     u-x   pert pert   norm      max             opt err 
       91 1.5D-04  6.794D-01  8.119D-11 1.3D-05 0.0D+00    0    0 1.82D+09 1.00D+00 2.17D-19 7.788D-03     0.07
       92 1.5D-04  6.794D-01  8.119D-11 1.3D-05 0.0D+00    0    0 1.84D+09 1.00D+00 2.17D-19 7.665D-03     0.07
       93 1.5D-04  6.794D-01  8.119D-11 1.3D-05 0.0D+00    0    0 1.86D+09 1.00D+00 2.17D-19 7.780D-03     0.07
       94 1.5D-04  6.794D-01  8.119D-11 1.3D-05 0.0D+00    0    0 1.88D+09 1.00D+00 2.17D-19 7.660D-03     0.07
       95 1.5D-04  6.794D-01  8.119D-11 1.3D-05 0.0D+00    0    0 1.91D+09 1.00D+00 2.17D-19 7.773D-03     0.07
       96 1.5D-04  6.794D-01  8.119D-11 1.3D-05 0.0D+00    0    0 1.93D+09 1.00D+00 2.17D-19 7.656D-03     0.07
       97 1.5D-04  6.794D-01  8.119D-11 1.3D-05 0.0D+00    0    0 1.95D+09 1.00D+00 2.17D-19 7.766D-03     0.07
       98 1.5D-04  6.794D-01  8.119D-11 1.3D-05 0.0D+00    0    0 1.97D+09 1.00D+00 2.17D-19 7.651D-03     0.07
       99 1.5D-04  6.794D-01  8.119D-11 1.3D-05 0.0D+00    0    0 1.99D+09 1.00D+00 2.17D-19 7.760D-03     0.07
      100 1.5D-04  6.794D-01  8.119D-11 1.3D-05 0.0D+00    0    0 2.01D+09 1.00D+00 2.17D-19 7.647D-03     0.07

    inner barrier   scaled     scaled     min     min    NW   SE     dx      alpha    alpha    inner   time (s)
     ite   param   obj func     feas      x-l     u-x   pert pert   norm      max             opt err 
      101 1.5D-04  6.794D-01  8.119D-11 1.3D-05 0.0D+00    0    0 2.04D+09 1.00D+00 2.17D-19 7.753D-03     0.07
      102 1.5D-04  6.794D-01  8.119D-11 1.3D-05 0.0D+00    0    0 2.06D+09 1.00D+00 2.17D-19 7.643D-03     0.08
      103 1.5D-04  6.794D-01  8.119D-11 1.3D-05 0.0D+00    0    0 2.08D+09 1.00D+00 2.17D-19 7.747D-03     0.08
      104 1.5D-04  6.794D-01  8.119D-11 1.3D-05 0.0D+00    0    0 2.10D+09 1.00D+00 2.17D-19 7.639D-03     0.07
      105 1.5D-04  6.794D-01  8.119D-11 1.3D-05 0.0D+00    0    0 2.12D+09 1.00D+00 2.17D-19 7.741D-03     0.07
      106 1.5D-04  6.794D-01  8.119D-11 1.3D-05 0.0D+00    0    0 2.15D+09 1.00D+00 2.17D-19 7.636D-03     0.08
      107 1.5D-04  6.794D-01  8.119D-11 1.3D-05 0.0D+00    0    0 2.17D+09 1.00D+00 2.17D-19 7.736D-03     0.07
      108 1.5D-04  6.794D-01  8.119D-11 1.3D-05 0.0D+00    0    0 2.19D+09 1.00D+00 2.17D-19 7.632D-03     0.08
      109 1.5D-04  6.794D-01  8.119D-11 1.3D-05 0.0D+00    0    0 2.21D+09 1.00D+00 2.17D-19 7.730D-03     0.07
      110 1.5D-04  6.794D-01  8.119D-11 1.3D-05 0.0D+00    0    0 2.23D+09 1.00D+00 2.17D-19 7.629D-03     0.08

    inner barrier   scaled     scaled     min     min    NW   SE     dx      alpha    alpha    inner   time (s)
     ite   param   obj func     feas      x-l     u-x   pert pert   norm      max             opt err 
      111 1.5D-04  6.794D-01  8.119D-11 1.3D-05 0.0D+00    0    0 2.26D+09 1.00D+00 2.17D-19 7.725D-03     0.08
      112 1.5D-04  6.794D-01  8.119D-11 1.3D-05 0.0D+00    0    0 2.28D+09 1.00D+00 2.17D-19 7.625D-03     0.08
      113 1.5D-04  6.794D-01  8.119D-11 1.3D-05 0.0D+00    0    0 2.30D+09 1.00D+00 2.17D-19 7.720D-03     0.07
      114 1.5D-04  6.794D-01  8.119D-11 1.3D-05 0.0D+00    0    0 2.32D+09 1.00D+00 2.17D-19 7.622D-03     0.08
      115 1.5D-04  6.794D-01  8.119D-11 1.3D-05 0.0D+00    0    0 2.34D+09 1.00D+00 2.17D-19 7.715D-03     0.08
      116 1.5D-04  6.794D-01  8.119D-11 1.3D-05 0.0D+00    0    0 2.36D+09 1.00D+00 2.17D-19 7.619D-03     0.08
      117 1.5D-04  6.794D-01  8.119D-11 1.3D-05 0.0D+00    0    0 2.39D+09 1.00D+00 2.17D-19 7.711D-03     0.07
      118 1.5D-04  6.794D-01  8.119D-11 1.3D-05 0.0D+00    0    0 2.41D+09 1.00D+00 2.17D-19 7.616D-03     0.08
      119 1.5D-04  6.794D-01  8.119D-11 1.3D-05 0.0D+00    0    0 2.43D+09 1.00D+00 2.17D-19 7.706D-03     0.07
      120 1.5D-04  6.794D-01  8.119D-11 1.3D-05 0.0D+00    0    0 2.45D+09 1.00D+00 2.17D-19 7.613D-03     0.07

    inner barrier   scaled     scaled     min     min    NW   SE     dx      alpha    alpha    inner   time (s)
     ite   param   obj func     feas      x-l     u-x   pert pert   norm      max             opt err 
      121 1.5D-04  6.794D-01  8.119D-11 1.3D-05 0.0D+00    0    0 2.47D+09 1.00D+00 2.17D-19 7.702D-03     0.07
      122 1.5D-04  6.794D-01  8.119D-11 1.3D-05 0.0D+00    0    0 2.49D+09 1.00D+00 2.17D-19 7.611D-03     0.07
      123 1.5D-04  6.794D-01  6.701D-11 1.3D-05 0.0D+00    0    0 2.52D+09 1.00D+00 2.17D-19 7.698D-03     0.07
      124 1.5D-04  6.794D-01  6.701D-11 1.3D-05 0.0D+00    0    0 2.54D+09 1.00D+00 2.17D-19 7.608D-03     0.07
      125 1.5D-04  6.794D-01  6.701D-11 1.3D-05 0.0D+00    0    0 2.56D+09 1.00D+00 2.17D-19 7.694D-03     0.07
      126 1.5D-04  6.794D-01  6.701D-11 1.3D-05 0.0D+00    0    0 2.58D+09 1.00D+00 2.17D-19 7.605D-03     0.07
      127 1.5D-04  6.794D-01  6.701D-11 1.3D-05 0.0D+00    0    0 2.60D+09 1.00D+00 2.17D-19 7.690D-03     0.07
      128 1.5D-04  6.794D-01  6.701D-11 1.3D-05 0.0D+00    0    0 2.62D+09 1.00D+00 2.17D-19 7.603D-03     0.07
      129 1.5D-04  6.794D-01  6.781D-11 1.3D-05 0.0D+00    0    0 2.65D+09 1.00D+00 2.17D-19 7.686D-03     0.07
      130 1.5D-04  6.794D-01  6.781D-11 1.3D-05 0.0D+00    0    0 2.67D+09 1.00D+00 2.17D-19 7.601D-03     0.07

    inner barrier   scaled     scaled     min     min    NW   SE     dx      alpha    alpha    inner   time (s)
     ite   param   obj func     feas      x-l     u-x   pert pert   norm      max             opt err 
      131 1.5D-04  6.794D-01  7.145D-11 1.3D-05 0.0D+00    0    0 2.69D+09 1.00D+00 2.17D-19 7.682D-03     0.07
      132 1.5D-04  6.794D-01  7.145D-11 1.3D-05 0.0D+00    0    0 2.71D+09 1.00D+00 2.17D-19 7.598D-03     0.07
      133 1.5D-04  6.794D-01  7.508D-11 1.3D-05 0.0D+00    0    0 2.74D+09 1.00D+00 2.17D-19 7.679D-03     0.07
      134 1.5D-04  6.794D-01  7.508D-11 1.3D-05 0.0D+00    0    0 2.76D+09 1.00D+00 2.17D-19 7.596D-03     0.07
      135 1.5D-04  6.794D-01  7.872D-11 1.3D-05 0.0D+00    0    0 2.78D+09 1.00D+00 2.17D-19 7.675D-03     0.07
      136 1.5D-04  6.794D-01  7.872D-11 1.3D-05 0.0D+00    0    0 2.80D+09 1.00D+00 2.17D-19 7.594D-03     0.07
      137 1.5D-04  6.794D-01  8.236D-11 1.3D-05 0.0D+00    0    0 2.82D+09 1.00D+00 2.17D-19 7.672D-03     0.07
      138 1.5D-04  6.794D-01  8.236D-11 1.3D-05 0.0D+00    0    0 2.84D+09 1.00D+00 2.17D-19 7.592D-03     0.07
      139 1.5D-04  6.794D-01  8.600D-11 1.3D-05 0.0D+00    0    0 2.87D+09 1.00D+00 2.17D-19 7.669D-03     0.07
      140 1.5D-04  6.794D-01  8.600D-11 1.3D-05 0.0D+00    0    0 2.89D+09 1.00D+00 2.17D-19 7.590D-03     0.07

    inner barrier   scaled     scaled     min     min    NW   SE     dx      alpha    alpha    inner   time (s)
     ite   param   obj func     feas      x-l     u-x   pert pert   norm      max             opt err 
      141 1.5D-04  6.794D-01  8.964D-11 1.3D-05 0.0D+00    0    0 2.91D+09 1.00D+00 2.17D-19 7.666D-03     0.07
      142 1.5D-04  6.794D-01  8.964D-11 1.3D-05 0.0D+00    0    0 2.93D+09 1.00D+00 2.17D-19 7.588D-03     0.07
      143 1.5D-04  6.794D-01  9.327D-11 1.3D-05 0.0D+00    0    0 2.95D+09 1.00D+00 2.17D-19 7.662D-03     0.07
      144 1.5D-04  6.794D-01  9.327D-11 1.3D-05 0.0D+00    0    0 2.97D+09 1.00D+00 2.17D-19 7.586D-03     0.07
      145 1.5D-04  6.794D-01  9.691D-11 1.3D-05 0.0D+00    0    0 3.00D+09 1.00D+00 2.17D-19 7.660D-03     0.07
      146 1.5D-04  6.794D-01  9.691D-11 1.3D-05 0.0D+00    0    0 3.02D+09 1.00D+00 2.17D-19 7.584D-03     0.07
      147 1.5D-04  6.794D-01  1.005D-10 1.3D-05 0.0D+00    0    0 3.04D+09 1.00D+00 2.17D-19 7.657D-03     0.07
      148 1.5D-04  6.794D-01  1.005D-10 1.3D-05 0.0D+00    0    0 3.06D+09 1.00D+00 2.17D-19 7.582D-03     0.07
      149 1.5D-04  6.794D-01  1.042D-10 1.3D-05 0.0D+00    0    0 3.08D+09 1.00D+00 2.17D-19 7.654D-03     0.07
      150 1.5D-04  6.794D-01  1.042D-10 1.3D-05 0.0D+00    0    0 3.10D+09 1.00D+00 2.17D-19 7.580D-03     0.07

    inner barrier   scaled     scaled     min     min    NW   SE     dx      alpha    alpha    inner   time (s)
     ite   param   obj func     feas      x-l     u-x   pert pert   norm      max             opt err 
      151 1.5D-04  6.794D-01  1.078D-10 1.3D-05 0.0D+00    0    0 3.13D+09 1.00D+00 2.17D-19 7.651D-03     0.07
      152 1.5D-04  6.794D-01  1.078D-10 1.3D-05 0.0D+00    0    0 3.15D+09 1.00D+00 2.17D-19 7.578D-03     0.07
      153 1.5D-04  6.794D-01  1.115D-10 1.3D-05 0.0D+00    0    0 3.17D+09 1.00D+00 2.17D-19 7.648D-03     0.07
      154 1.5D-04  6.794D-01  1.115D-10 1.3D-05 0.0D+00    0    0 3.19D+09 1.00D+00 2.17D-19 7.577D-03     0.07
      155 1.5D-04  6.794D-01  1.078D-10 1.3D-05 0.0D+00    0    0 3.22D+09 1.00D+00 2.17D-19 7.646D-03     0.07
      156 1.5D-04  6.794D-01  1.078D-10 1.3D-05 0.0D+00    0    0 3.23D+09 1.00D+00 2.17D-19 7.575D-03     0.07
      157 1.5D-04  6.794D-01  1.078D-10 1.3D-05 0.0D+00    0    0 3.26D+09 1.00D+00 1.08D-19 7.643D-03     0.07
      158 1.5D-04  6.794D-01  1.078D-10 1.3D-05 0.0D+00    0    0 3.28D+09 1.00D+00 2.17D-19 7.573D-03     0.07
      159 1.5D-04  6.794D-01  1.078D-10 1.3D-05 0.0D+00    0    0 3.30D+09 1.00D+00 1.08D-19 7.641D-03     0.07
      160 1.5D-04  6.794D-01  1.078D-10 1.3D-05 0.0D+00    0    0 3.32D+09 1.00D+00 2.17D-19 7.572D-03     0.07

    inner barrier   scaled     scaled     min     min    NW   SE     dx      alpha    alpha    inner   time (s)
     ite   param   obj func     feas      x-l     u-x   pert pert   norm      max             opt err 
      161 1.5D-04  6.794D-01  1.078D-10 1.3D-05 0.0D+00    0    0 3.35D+09 1.00D+00 1.08D-19 7.638D-03     0.07
      162 1.5D-04  6.794D-01  1.078D-10 1.3D-05 0.0D+00    0    0 3.37D+09 1.00D+00 2.17D-19 7.570D-03     0.07
      163 1.5D-04  6.794D-01  1.078D-10 1.3D-05 0.0D+00    0    0 3.39D+09 1.00D+00 1.08D-19 7.636D-03     0.07
      164 1.5D-04  6.794D-01  1.078D-10 1.3D-05 0.0D+00    0    0 3.41D+09 1.00D+00 1.08D-19 7.569D-03     0.07
      165 1.5D-04  6.794D-01  1.078D-10 1.3D-05 0.0D+00    0    0 3.43D+09 1.00D+00 1.08D-19 7.634D-03     0.07
      166 1.5D-04  6.794D-01  1.078D-10 1.3D-05 0.0D+00    0    0 3.45D+09 1.00D+00 1.08D-19 7.567D-03     0.08
      167 1.5D-04  6.794D-01  1.078D-10 1.3D-05 0.0D+00    0    0 3.48D+09 1.00D+00 1.08D-19 7.632D-03     0.07
      168 1.5D-04  6.794D-01  1.078D-10 1.3D-05 0.0D+00    0    0 3.50D+09 1.00D+00 1.08D-19 7.566D-03     0.08
      169 1.5D-04  6.794D-01  1.078D-10 1.3D-05 0.0D+00    0    0 3.52D+09 1.00D+00 1.08D-19 7.629D-03     0.07
      170 1.5D-04  6.794D-01  1.078D-10 1.3D-05 0.0D+00    0    0 3.54D+09 1.00D+00 1.08D-19 7.565D-03     0.07

    inner barrier   scaled     scaled     min     min    NW   SE     dx      alpha    alpha    inner   time (s)
     ite   param   obj func     feas      x-l     u-x   pert pert   norm      max             opt err 
      171 1.5D-04  6.794D-01  1.078D-10 1.3D-05 0.0D+00    0    0 3.56D+09 1.00D+00 1.08D-19 7.627D-03     0.07
      172 1.5D-04  6.794D-01  1.078D-10 1.3D-05 0.0D+00    0    0 3.58D+09 1.00D+00 1.08D-19 7.563D-03     0.07
      173 1.5D-04  6.794D-01  1.078D-10 1.3D-05 0.0D+00    0    0 3.61D+09 1.00D+00 1.08D-19 7.625D-03     0.07
      174 1.5D-04  6.794D-01  1.078D-10 1.3D-05 0.0D+00    0    0 3.63D+09 1.00D+00 1.08D-19 7.562D-03     0.07
      175 1.5D-04  6.794D-01  1.078D-10 1.3D-05 0.0D+00    0    0 3.65D+09 1.00D+00 1.08D-19 7.623D-03     0.07
      176 1.5D-04  6.794D-01  1.078D-10 1.3D-05 0.0D+00    0    0 3.67D+09 1.00D+00 1.08D-19 7.561D-03     0.07
      177 1.5D-04  6.794D-01  1.078D-10 1.3D-05 0.0D+00    0    0 3.69D+09 1.00D+00 1.08D-19 7.621D-03     0.07
      178 1.5D-04  6.794D-01  1.078D-10 1.3D-05 0.0D+00    0    0 3.71D+09 1.00D+00 1.08D-19 7.560D-03     0.07
      179 1.5D-04  6.794D-01  1.078D-10 1.3D-05 0.0D+00    0    0 3.74D+09 1.00D+00 1.08D-19 7.619D-03     0.08
      180 1.5D-04  6.794D-01  1.078D-10 1.3D-05 0.0D+00    0    0 3.76D+09 1.00D+00 1.08D-19 7.558D-03     0.07

    inner barrier   scaled     scaled     min     min    NW   SE     dx      alpha    alpha    inner   time (s)
     ite   param   obj func     feas      x-l     u-x   pert pert   norm      max             opt err 
      181 1.5D-04  6.794D-01  1.078D-10 1.3D-05 0.0D+00    0    0 3.78D+09 1.00D+00 1.08D-19 7.617D-03     0.07
      182 1.5D-04  6.794D-01  1.078D-10 1.3D-05 0.0D+00    0    0 3.80D+09 1.00D+00 1.08D-19 7.557D-03     0.08
      183 1.5D-04  6.794D-01  1.078D-10 1.3D-05 0.0D+00    0    0 3.83D+09 1.00D+00 1.08D-19 7.616D-03     0.07
      184 1.5D-04  6.794D-01  1.078D-10 1.3D-05 0.0D+00    0    0 3.84D+09 1.00D+00 1.08D-19 7.556D-03     0.07
      185 1.5D-04  6.794D-01  1.078D-10 1.3D-05 0.0D+00    0    0 3.87D+09 1.00D+00 1.08D-19 7.614D-03     0.07
      186 1.5D-04  6.794D-01  1.078D-10 1.3D-05 0.0D+00    0    0 3.89D+09 1.00D+00 1.08D-19 7.555D-03     0.07
      187 1.5D-04  6.794D-01  1.078D-10 1.3D-05 0.0D+00    0    0 3.91D+09 1.00D+00 1.08D-19 7.612D-03     0.08
      188 1.5D-04  6.794D-01  1.078D-10 1.3D-05 0.0D+00    0    0 3.93D+09 1.00D+00 1.08D-19 7.554D-03     0.08
      189 1.5D-04  6.794D-01  1.078D-10 1.3D-05 0.0D+00    0    0 3.96D+09 1.00D+00 1.08D-19 7.610D-03     0.07
      190 1.5D-04  6.794D-01  1.078D-10 1.3D-05 0.0D+00    0    0 3.98D+09 1.00D+00 1.08D-19 7.553D-03     0.08

    inner barrier   scaled     scaled     min     min    NW   SE     dx      alpha    alpha    inner   time (s)
     ite   param   obj func     feas      x-l     u-x   pert pert   norm      max             opt err 
      191 1.5D-04  6.794D-01  1.078D-10 1.3D-05 0.0D+00    0    0 4.00D+09 1.00D+00 1.08D-19 7.609D-03     0.08
      192 1.5D-04  6.794D-01  1.078D-10 1.3D-05 0.0D+00    0    0 4.02D+09 1.00D+00 1.08D-19 7.552D-03     0.07
      193 1.5D-04  6.794D-01  1.078D-10 1.3D-05 0.0D+00    0    0 4.04D+09 1.00D+00 1.08D-19 7.607D-03     0.07
      194 1.5D-04  6.794D-01  1.078D-10 1.3D-05 0.0D+00    0    0 4.06D+09 1.00D+00 1.08D-19 7.550D-03     0.07
      195 1.5D-04  6.794D-01  1.078D-10 1.3D-05 0.0D+00    0    0 4.09D+09 1.00D+00 1.08D-19 7.605D-03     0.07
      196 1.5D-04  6.794D-01  1.078D-10 1.3D-05 0.0D+00    0    0 4.11D+09 1.00D+00 1.08D-19 7.549D-03     0.07
      197 1.5D-04  6.794D-01  1.078D-10 1.3D-05 0.0D+00    0    0 4.13D+09 1.00D+00 1.08D-19 7.604D-03     0.08
      198 1.5D-04  6.794D-01  1.078D-10 1.3D-05 0.0D+00    0    0 4.15D+09 1.00D+00 1.08D-19 7.548D-03     0.08
      199 1.5D-04  6.794D-01  1.078D-10 1.3D-05 0.0D+00    0    0 4.17D+09 1.00D+00 1.08D-19 7.602D-03     0.07
      200 1.5D-04  6.794D-01  1.078D-10 1.3D-05 0.0D+00    0    0 4.19D+09 1.00D+00 1.08D-19 7.547D-03     0.08

    inner barrier   scaled     scaled     min     min    NW   SE     dx      alpha    alpha    inner   time (s)
     ite   param   obj func     feas      x-l     u-x   pert pert   norm      max             opt err 
      201 1.5D-04  6.794D-01  1.078D-10 1.3D-05 0.0D+00    0    0 4.22D+09 1.00D+00 1.08D-19 7.601D-03     0.08


     4 1.8D-06  6.794402D-01  6.794402D-01 7.601D-03   214M

    inner barrier   scaled     scaled     min     min    NW   SE     dx      alpha    alpha    inner   time (s)
     ite   param   obj func     feas      x-l     u-x   pert pert   norm      max             opt err 
        1 1.8D-06  5.031D-01  2.175D-10 3.3D-09 0.0D+00    0    0 5.20D+07 2.61D-01 2.61D-01 2.644D-03     0.05
        2 1.8D-06  8.352D-03  2.312D-10 1.5D-07 0.0D+00    1    0 7.12D-01 1.00D+00 1.00D+00 9.108D-06     0.07


     5 2.5D-09  8.351525D-03  8.351525D-03 1.095D-05   216C

    inner barrier   scaled     scaled     min     min    NW   SE     dx      alpha    alpha    inner   time (s)
     ite   param   obj func     feas      x-l     u-x   pert pert   norm      max             opt err 
        1 2.5D-09  1.145D-05  1.355D-10 2.1D-10 0.0D+00    1    0 1.86D-02 1.00D+00 1.00D+00 1.221D-07     0.07
        2 2.5D-09  1.132D-05  3.429D-10 2.1D-10 0.0D+00    1    0 7.47D-05 1.00D+00 1.00D+00 3.112D-11     0.08


     6 1.0D-09  1.131918D-05  1.131918D-05 2.523D-09   218C
 ==========================================================

 FINAL RESULTS:
                            scaled                   unscaled
  Objective Funct:   1.1319183280608829D-05    1.1319183280608829D-05
  Lagrangian Grad:   3.1124291225405095D-11    3.1124291225405095D-11
 Final Point Feas:   3.4287572781011022D-10    3.4287572781011022D-10
 Bounds violation:   0.0000000000000000D+00    0.0000000000000000D+00
 Lower Bound Comp:   2.5226829605082051D-09    2.5226829605082051D-09
 Upper Bound Comp:   0.0000000000000000D+00    0.0000000000000000D+00

 Flag of LCMIN:

     Optimal solution found.

 ====================================================
                      STATISTICS                     
 ====================================================
 GENERAL:                                            

           Preprocessing time (in seconds):      4.30
            Optimization time (in seconds):     15.68

                      Inner Iterations (IIT):     218
                      Outer Iterations (OIT):       6
                  Function Evaluations (FEV):   11992
         Function Gradient Evaluations (GEV):     219
          Function Hessian Evaluations (HEV):     218
          Barrier Function Evaluations (BFE):   12209
 Barrier Function Gradient Evaluations (BGE):     218
 ====================================================
 AVERAGE:                                            

 Inner Iterations per Outer Iterations  :     36.3333
 FEV per IIT:     55.0092    FEV per OIT:   1998.6666
 GEV per IIT:      1.0046    GEV per OIT:     36.5000
 HEV per IIT:      1.0000    HEV per OIT:     36.3333
 BFE per IIT:     56.0046    BFE per OIT:   2034.8334
 BGE per IIT:      1.0000    BGE per OIT:     36.3333
 ====================================================

