
 ==============================================================================
 This is ALGENCAN 3.1.1.
 ALGENCAN, an Augmented Lagrangian method for nonlinear programming, is part of
 the TANGO Project: Trustable Algorithms for Nonlinear General Optimization.
 See http://www.ime.usp.br/~egbirgin/tango/ for details.
 ==============================================================================

 Processing array of parameters with   3 entrances:

 IGNORE-OBJECTIVE-FUNCTION                    
 ITERATIONS-OUTPUT-DETAIL                                                    11
 NEWTON-LINE-SEARCH-INNER-SOLVER                                    'MA57 MC64'

 The specification file is not being used.

 Available HSL subroutines = MA57           

 ALGENCAN PARAMETERS:

 firstde                =                    T
 seconde                =                    T
 truehpr                =                    T
 hptype in TN           =               TRUEHP
 lsslvr in TR           =            MA57/NONE
 lsslvr in NW           =            MA57/MC64
 lsslvr in ACCPROC      =            MA57/NONE
 innslvr                =                   NW
 accproc                =                    T
 rmfixv                 =                    T
 slacks                 =                    F
 scale                  =                    T
 epsfeas                =           1.0000D-09
 epsopt                 =           1.0000D-08
 efstain                =           3.1623D-05
 eostain                =           1.0000D-12
 efacc                  =           3.1623D-05
 eoacc                  =           1.0000D-04
 iprint                 =                   11
 ncomp                  =                    6

 Specification filename =                   ''
 Output filename        =          'lcmin.out'
 Solution filename      =                   ''

 Number of variables               :   25004
 Number of equality constraints    :   20004
 Number of inequality constraints  :       0
 Number of bound constraints       :   10000
 Number of fixed variables         :       0

 There are no fixed variables to be removed.

 Objective function scale factor   : 1.0D+00
 Smallest constraints scale factor : 1.0D-01

     Entry to GENCAN.
     Number of variables:   25004
     Required optimality tolerance: 1.0D-08

     It         function  gpsupn   xsupn stesupn   nfree   SPGit in-face    fcnt
      0   3.51270589D-15 5.9D-09 8.2D+01
      1   2.56946995D-15 5.6D-09 8.2D+01 1.5D-08   22715       0       1       3
      2   3.74572691D-24 2.1D-12 8.2D+01 2.7D-07   22715       0       2       4

     Flag of GENCAN: Solution was found.


 User-provided subroutines calls counters: 

 Subroutine fsub     (coded=F):        0
 Subroutine gsub     (coded=F):        0
 Subroutine hsub     (coded=F):        0
 Subroutine csub     (coded=F):        0 (       0 calls per constraint in avg)
 Subroutine jacsub   (coded=F):        0 (       0 calls per constraint in avg)
 Subroutine hcsub    (coded=F):        0 (       0 calls per constraint in avg)
 Subroutine fcsub    (coded=T):        4
 Subroutine gjacsub  (coded=T):        5
 Subroutine gjacpsub (coded=F):        0
 Subroutine hlsub    (coded=T):        2
 Subroutine hlpsub   (coded=F):        0


 Total CPU time in seconds =     0.07

 ==============================================================================

 Initial point computed successfully.

                                            achieved                  desired        
 Unscaled feasibility ..............:   2.1144058726108028D-12   1.0000000000000001D-09
 Smallest distance to lower bound ..:   1.0000000000000000D-02   1.0000000000000000D-03

 Starting LCMIN.
 Number of variables   :   25004
 Number of constraints :   20004

 Scale factor for the objective function   : 1.0D+00
 Smallest scale factor for the constraints : 1.0D+00

 ==========================================================
 outer barrier   objective       scaled      outer   inner
  ite   param     function     obj funct    opt err   ite 
     0 1.0D-01  1.322160D+04  1.322160D+04 2.764D+01     0 

    inner barrier   scaled     scaled     min     min    NW   SE     dx      alpha    alpha    inner   time (s)
     ite   param   obj func     feas      x-l     u-x   pert pert   norm      max             opt err 
        1 1.0D-01  1.274D+04  2.100D-12 1.0D-04 0.0D+00    3    0 6.05D+03 5.86D-02 5.86D-02 2.401D+01     0.12
        2 1.0D-01  1.265D+04  2.055D-12 3.3D-05 0.0D+00    2    0 2.44D+03 2.78D-02 2.78D-02 1.004D+02     0.08
        3 1.0D-01  1.211D+04  2.174D-12 4.0D-06 0.0D+00    1    0 5.61D+03 7.85D-02 7.85D-02 1.640D+03     0.06
        4 1.0D-01  1.044D+04  1.933D-12 2.8D-05 0.0D+00    2    0 2.29D+03 5.78D-01 5.78D-01 1.297D+03     0.07
        5 1.0D-01  9.232D+03  3.183D-12 3.7D-05 0.0D+00    1    0 5.53D+03 1.77D-01 1.77D-01 3.290D+02     0.04
        6 1.0D-01  8.522D+03  2.615D-12 4.8D-05 0.0D+00    2    0 1.82D+03 3.16D-01 3.16D-01 6.688D+00     0.07
        7 1.0D-01  7.272D+03  1.940D-12 5.4D-05 0.0D+00    1    0 5.80D+03 1.73D-01 1.73D-01 3.288D+02     0.04
        8 1.0D-01  6.980D+03  2.081D-12 5.8D-05 0.0D+00    2    0 1.66D+03 1.42D-01 1.42D-01 5.675D+00     0.07
        9 1.0D-01  6.022D+03  1.839D-12 6.5D-05 0.0D+00    1    0 6.05D+03 1.25D-01 1.25D-01 2.107D+02     0.04
       10 1.0D-01  5.733D+03  2.842D-12 7.2D-05 0.0D+00    2    0 1.53D+03 1.51D-01 1.51D-01 5.108D+00     0.07

    inner barrier   scaled     scaled     min     min    NW   SE     dx      alpha    alpha    inner   time (s)
     ite   param   obj func     feas      x-l     u-x   pert pert   norm      max             opt err 
       11 1.0D-01  5.079D+03  1.919D-12 7.8D-05 0.0D+00    1    0 6.32D+03 8.50D-02 8.50D-02 2.179D+02     0.04
       12 1.0D-01  4.868D+03  1.967D-12 8.6D-05 0.0D+00    2    0 1.40D+03 1.27D-01 1.27D-01 4.648D+00     0.07
       13 1.0D-01  4.827D+03  1.903D-12 8.6D-05 0.0D+00    1    0 1.89D+04 1.95D-03 1.95D-03 9.401D+02     0.04
       14 1.0D-01  4.779D+03  1.838D-12 8.8D-05 0.0D+00    2    0 1.38D+03 3.08D-02 3.08D-02 4.570D+00     0.06
       15 1.0D-01  4.124D+03  2.071D-12 1.2D-04 0.0D+00    2    0 5.76D+02 9.99D-01 9.99D-01 4.013D+00     0.06
       16 1.0D-01  3.919D+03  2.058D-12 1.3D-04 0.0D+00    1    0 1.29D+03 1.47D-01 1.47D-01 1.444D+02     0.04
       17 1.0D-01  3.794D+03  4.093D-12 1.4D-04 0.0D+00    2    0 4.48D+02 2.73D-01 2.73D-01 3.614D+00     0.07
       18 1.0D-01  3.593D+03  2.209D-12 1.6D-04 0.0D+00    1    0 1.27D+03 1.49D-01 1.49D-01 7.850D+01     0.04
       19 1.0D-01  3.420D+03  1.846D-12 1.9D-04 0.0D+00    2    0 4.35D+02 3.88D-01 3.88D-01 3.828D+00     0.07
       20 1.0D-01  3.210D+03  2.185D-12 2.1D-04 0.0D+00    1    0 1.26D+03 1.50D-01 1.50D-01 6.458D+01     0.04

    inner barrier   scaled     scaled     min     min    NW   SE     dx      alpha    alpha    inner   time (s)
     ite   param   obj func     feas      x-l     u-x   pert pert   norm      max             opt err 
       21 1.0D-01  3.022D+03  1.966D-12 2.4D-04 0.0D+00    2    0 4.11D+02 4.26D-01 4.26D-01 4.280D+00     0.07
       22 1.0D-01  2.894D+03  2.150D-12 2.6D-04 0.0D+00    1    0 1.26D+03 8.78D-02 8.78D-02 6.191D+01     0.04
       23 1.0D-01  2.791D+03  2.080D-12 2.9D-04 0.0D+00    2    0 3.87D+02 2.56D-01 2.56D-01 4.114D+00     0.07
       24 1.0D-01  2.594D+03  1.971D-12 3.3D-04 0.0D+00    1    0 1.20D+03 1.48D-01 1.48D-01 7.272D+01     0.04
       25 1.0D-01  2.478D+03  2.160D-12 3.9D-04 0.0D+00    2    0 3.70D+02 2.99D-01 2.99D-01 4.401D+00     0.06
       26 1.0D-01  2.328D+03  2.312D-12 4.5D-04 0.0D+00    1    0 1.24D+03 1.08D-01 1.08D-01 8.292D+01     0.04
       27 1.0D-01  2.139D+03  2.019D-12 7.0D-04 0.0D+00    2    0 3.55D+02 4.77D-01 4.77D-01 4.473D+00     0.06
       28 1.0D-01  2.055D+03  2.252D-12 7.6D-04 0.0D+00    1    0 1.36D+03 5.02D-02 5.02D-02 8.886D+01     0.04
       29 1.0D-01  1.965D+03  2.158D-12 1.0D-03 0.0D+00    2    0 3.19D+02 2.59D-01 2.59D-01 4.005D+00     0.06
       30 1.0D-01  1.888D+03  2.728D-12 1.1D-03 0.0D+00    1    0 1.55D+03 4.09D-02 4.09D-02 5.665D+01     0.04

    inner barrier   scaled     scaled     min     min    NW   SE     dx      alpha    alpha    inner   time (s)
     ite   param   obj func     feas      x-l     u-x   pert pert   norm      max             opt err 
       31 1.0D-01  1.843D+03  2.309D-12 1.2D-03 0.0D+00    2    0 3.09D+02 1.42D-01 1.42D-01 4.064D+00     0.06
       32 1.0D-01  1.788D+03  2.046D-12 1.3D-03 0.0D+00    1    0 2.00D+03 2.19D-02 2.19D-02 1.151D+02     0.04
       33 1.0D-01  1.776D+03  1.995D-12 2.4D-04 0.0D+00    2    0 3.18D+02 3.65D-02 3.65D-02 4.202D+00     0.06
       34 1.0D-01  1.660D+03  2.072D-12 1.8D-03 0.0D+00    2    0 1.21D+02 1.00D+00 1.00D+00 3.960D+00     0.06
       35 1.0D-01  1.549D+03  2.002D-12 1.1D-03 0.0D+00    1    0 3.31D+02 3.36D-01 3.36D-01 2.645D+01     0.04
       36 1.0D-01  1.535D+03  2.842D-12 8.1D-04 0.0D+00    2    0 1.14D+02 1.32D-01 1.32D-01 4.277D+00     0.06
       37 1.0D-01  1.468D+03  1.978D-12 1.7D-03 0.0D+00    1    0 3.40D+02 2.10D-01 2.10D-01 4.685D+01     0.04
       38 1.0D-01  1.408D+03  2.035D-12 3.8D-03 0.0D+00    2    0 1.18D+02 5.48D-01 5.48D-01 4.405D+00     0.05
       39 1.0D-01  1.372D+03  2.198D-12 3.8D-03 0.0D+00    1    0 3.61D+02 1.12D-01 1.12D-01 2.581D+01     0.04
       40 1.0D-01  1.354D+03  1.895D-12 7.3D-05 0.0D+00    2    0 1.15D+02 1.94D-01 1.94D-01 4.502D+00     0.06

    inner barrier   scaled     scaled     min     min    NW   SE     dx      alpha    alpha    inner   time (s)
     ite   param   obj func     feas      x-l     u-x   pert pert   norm      max             opt err 
       41 1.0D-01  1.289D+03  2.087D-12 1.3D-03 0.0D+00    1    0 3.84D+02 1.91D-01 1.91D-01 1.114D+01     0.04
       42 1.0D-01  1.286D+03  1.932D-12 1.8D-04 0.0D+00    2    0 1.16D+02 4.43D-02 4.43D-02 3.129D+00     0.06
       43 1.0D-01  1.190D+03  1.920D-12 3.0D-03 0.0D+00    1    0 4.03D+02 2.56D-01 2.56D-01 5.952D+00     0.04
       44 1.0D-01  1.185D+03  1.980D-12 2.1D-04 0.0D+00    2    0 1.28D+02 5.31D-02 5.31D-02 3.872D+00     0.06
       45 1.0D-01  1.146D+03  2.169D-12 7.3D-04 0.0D+00    1    0 4.37D+02 9.84D-02 9.84D-02 1.747D+01     0.04
       46 1.0D-01  1.140D+03  1.998D-12 2.8D-04 0.0D+00    2    0 1.31D+02 6.30D-02 6.30D-02 3.678D+00     0.06
       47 1.0D-01  1.047D+03  2.116D-12 1.4D-03 0.0D+00    1    0 4.76D+02 2.09D-01 2.09D-01 2.156D+01     0.04
       48 1.0D-01  1.035D+03  2.174D-12 3.4D-04 0.0D+00    2    0 1.49D+02 9.35D-02 9.35D-02 4.119D+00     0.06
       49 1.0D-01  9.121D+02  1.877D-12 1.5D-03 0.0D+00    1    0 5.81D+02 1.87D-01 1.87D-01 1.645D+01     0.04
       50 1.0D-01  9.051D+02  2.145D-12 3.2D-04 0.0D+00    2    0 1.51D+02 4.80D-02 4.80D-02 4.852D+00     0.06

    inner barrier   scaled     scaled     min     min    NW   SE     dx      alpha    alpha    inner   time (s)
     ite   param   obj func     feas      x-l     u-x   pert pert   norm      max             opt err 
       51 1.0D-01  8.629D+02  1.954D-12 1.4D-03 0.0D+00    1    0 5.80D+02 8.50D-02 8.50D-02 1.317D+01     0.04
       52 1.0D-01  8.024D+02  2.192D-12 3.6D-03 0.0D+00    2    0 1.55D+02 4.86D-01 4.86D-01 4.821D+00     0.05
       53 1.0D-01  7.688D+02  2.055D-12 3.6D-03 0.0D+00    1    0 6.17D+02 8.70D-02 8.70D-02 1.202D+01     0.04
       54 1.0D-01  7.539D+02  2.170D-12 8.0D-04 0.0D+00    2    0 1.20D+02 1.96D-01 1.96D-01 3.291D+00     0.05
       55 1.0D-01  7.119D+02  1.913D-12 2.0D-03 0.0D+00    1    0 3.77D+02 1.65D-01 1.65D-01 1.527D+01     0.04
       56 1.0D-01  6.644D+02  2.252D-12 8.3D-04 0.0D+00    2    0 9.67D+01 7.78D-01 7.78D-01 4.389D+00     0.05
       57 1.0D-01  6.475D+02  2.842D-12 1.5D-03 0.0D+00    1    0 4.24D+02 4.14D-02 4.14D-02 3.190D+01     0.04
       58 1.0D-01  6.433D+02  2.074D-12 1.5D-04 0.0D+00    2    0 6.06D+01 1.82D-01 1.82D-01 2.481D+00     0.05
       59 1.0D-01  5.621D+02  2.188D-12 3.6D-03 0.0D+00    1    0 2.32D+02 4.41D-01 4.41D-01 1.122D+01     0.04
       60 1.0D-01  5.609D+02  2.272D-12 9.8D-04 0.0D+00    2    0 6.43D+01 2.20D-02 2.20D-02 3.746D+00     0.05

    inner barrier   scaled     scaled     min     min    NW   SE     dx      alpha    alpha    inner   time (s)
     ite   param   obj func     feas      x-l     u-x   pert pert   norm      max             opt err 
       61 1.0D-01  5.539D+02  2.160D-12 3.6D-03 0.0D+00    2    0 2.21D+01 1.00D+00 1.00D+00 2.192D+00     0.06
       62 1.0D-01  5.532D+02  2.166D-12 1.5D-04 0.0D+00    1    0 3.24D+01 9.71D-02 9.71D-02 6.101D-01     0.04


     1 2.0D-02  5.532332D+02  5.532332D+02 6.101D-01    62C

    inner barrier   scaled     scaled     min     min    NW   SE     dx      alpha    alpha    inner   time (s)
     ite   param   obj func     feas      x-l     u-x   pert pert   norm      max             opt err 
        1 2.0D-02  2.169D+02  2.151D-12 6.0D-04 0.0D+00    2    0 3.89D+02 9.33D-01 9.33D-01 3.172D-01     0.05
        2 2.0D-02  1.706D+02  1.991D-12 7.5D-04 0.0D+00    1    0 1.59D+02 7.75D-01 7.75D-01 8.616D-01     0.04
        3 2.0D-02  1.664D+02  3.638D-12 7.4D-04 0.0D+00    2    0 3.32D+01 3.93D-01 3.93D-01 8.605D-01     0.05
        4 2.0D-02  1.620D+02  2.197D-12 7.3D-04 0.0D+00    1    0 5.72D+01 4.64D-01 4.64D-01 6.464D-01     0.04
        5 2.0D-02  1.585D+02  2.323D-12 7.2D-04 0.0D+00    2    0 2.11D+01 8.43D-01 8.43D-01 5.912D-01     0.06
        6 2.0D-02  1.577D+02  2.352D-12 6.3D-04 0.0D+00    1    0 4.43D+01 1.86D-01 1.86D-01 1.292D+00     0.04
        7 2.0D-02  1.568D+02  1.902D-12 7.2D-04 0.0D+00    2    0 1.56D+01 1.00D+00 1.00D+00 3.142D-01     0.05
        8 2.0D-02  1.557D+02  3.865D-12 7.2D-04 0.0D+00    1    0 3.71D+01 9.26D-01 9.26D-01 3.111D-01     0.04
        9 2.0D-02  1.555D+02  2.201D-12 7.2D-04 0.0D+00    2    0 1.33D+01 1.00D+00 1.00D+00 3.105D-01     0.06
       10 2.0D-02  1.548D+02  2.272D-12 7.2D-04 0.0D+00    1    0 3.81D+01 6.37D-01 6.37D-01 3.087D-01     0.04

    inner barrier   scaled     scaled     min     min    NW   SE     dx      alpha    alpha    inner   time (s)
     ite   param   obj func     feas      x-l     u-x   pert pert   norm      max             opt err 
       11 2.0D-02  1.547D+02  2.272D-12 7.2D-04 0.0D+00    2    0 1.38D+01 1.00D+00 1.00D+00 3.075D-01     0.05
       12 2.0D-02  1.537D+02  2.363D-12 7.2D-04 0.0D+00    1    0 4.19D+01 1.00D+00 1.00D+00 3.067D-01     0.04
       13 2.0D-02  1.533D+02  2.343D-12 7.2D-04 0.0D+00    2    0 1.63D+01 1.00D+00 1.00D+00 3.058D-01     0.05
       14 2.0D-02  1.527D+02  1.841D-12 7.1D-04 0.0D+00    1    0 6.56D+01 1.83D-01 1.83D-01 1.478D+00     0.04
       15 2.0D-02  1.518D+02  2.110D-12 7.1D-04 0.0D+00    2    0 2.07D+01 1.00D+00 1.00D+00 3.659D-01     0.05
       16 2.0D-02  1.501D+02  2.272D-12 6.9D-04 0.0D+00    1    0 9.92D+01 1.92D-01 1.92D-01 4.183D+00     0.04
       17 2.0D-02  1.487D+02  2.045D-12 7.1D-04 0.0D+00    2    0 2.51D+01 7.85D-01 7.85D-01 7.352D-01     0.05
       18 2.0D-02  1.477D+02  2.150D-12 7.2D-04 0.0D+00    1    0 7.22D+01 3.16D-01 3.16D-01 6.071D+00     0.04
       19 2.0D-02  1.474D+02  2.264D-12 8.6D-05 0.0D+00    1    0 1.47D+02 1.92D-01 1.92D-01 3.574D-01     0.04
       20 2.0D-02  1.440D+02  2.113D-12 3.5D-04 0.0D+00    1    0 4.20D+02 6.55D-01 6.55D-01 2.907D-01     0.04

    inner barrier   scaled     scaled     min     min    NW   SE     dx      alpha    alpha    inner   time (s)
     ite   param   obj func     feas      x-l     u-x   pert pert   norm      max             opt err 
       21 2.0D-02  1.435D+02  2.501D-12 7.8D-05 0.0D+00    1    0 6.32D+02 7.09D-02 7.09D-02 2.102D-01     0.04
       22 2.0D-02  1.435D+02  3.297D-12 3.5D-04 0.0D+00    4    0 4.66D+00 1.00D+00 1.00D+00 8.580D-02     0.10


     2 2.8D-03  1.434899D+02  1.434899D+02 8.580D-02    84C

    inner barrier   scaled     scaled     min     min    NW   SE     dx      alpha    alpha    inner   time (s)
     ite   param   obj func     feas      x-l     u-x   pert pert   norm      max             opt err 
        1 2.8D-03  6.255D+01  2.062D-12 2.1D-05 0.0D+00    1    0 1.09D+02 9.75D-01 9.75D-01 2.881D-01     0.04
        2 2.8D-03  6.129D+01  2.260D-12 4.9D-05 0.0D+00    1    0 2.42D+01 3.81D-01 3.81D-01 8.734D+00     0.04
        3 2.8D-03  5.924D+01  1.970D-12 3.8D-05 0.0D+00    1    0 2.06D+01 1.00D+00 1.00D+00 4.939D-02     0.04
        4 2.8D-03  5.911D+01  2.160D-12 4.0D-05 0.0D+00    1    0 2.72D+01 1.00D+00 1.00D+00 4.478D-02     0.04
        5 2.8D-03  5.886D+01  2.274D-12 4.0D-05 0.0D+00    1    0 5.98D+01 1.00D+00 1.00D+00 8.511D-02     0.04
        6 2.8D-03  5.882D+01  2.106D-12 4.0D-05 0.0D+00    3    0 6.04D+00 1.00D+00 1.00D+00 5.054D-02     0.07
        7 2.8D-03  5.880D+01  2.043D-12 4.0D-05 0.0D+00    2    0 2.19D+00 1.00D+00 1.00D+00 4.960D-02     0.06
        8 2.8D-03  5.866D+01  2.161D-12 4.0D-05 0.0D+00    1    0 1.68D+01 4.47D-01 4.47D-01 8.566D-01     0.04
        9 2.8D-03  5.853D+01  2.274D-12 4.0D-05 0.0D+00    2    0 5.61D+00 1.00D+00 1.00D+00 1.313D-01     0.06
       10 2.8D-03  5.750D+01  2.147D-12 3.3D-05 0.0D+00    1    0 5.46D+01 4.00D-01 4.00D-01 3.077D+00     0.04

    inner barrier   scaled     scaled     min     min    NW   SE     dx      alpha    alpha    inner   time (s)
     ite   param   obj func     feas      x-l     u-x   pert pert   norm      max             opt err 
       11 2.8D-03  5.643D+01  2.046D-12 4.0D-05 0.0D+00    2    0 1.64D+01 1.00D+00 1.00D+00 3.769D-01     0.06
       12 2.8D-03  5.623D+01  2.417D-12 4.0D-05 0.0D+00    1    0 1.92D+02 1.21D-02 1.21D-02 1.637D+01     0.04
       13 2.8D-03  5.616D+01  2.038D-12 2.4D-05 0.0D+00    1    0 3.20D+01 1.97D-01 1.97D-01 8.719D-02     0.04
       14 2.8D-03  5.543D+01  1.986D-12 4.1D-05 0.0D+00    1    0 7.83D+01 1.00D+00 1.00D+00 7.534D-02     0.04
       15 2.8D-03  5.444D+01  2.117D-12 4.2D-05 0.0D+00    1    0 1.47D+02 1.00D+00 1.00D+00 4.651D-02     0.04
       16 2.8D-03  5.425D+01  3.752D-12 4.2D-05 0.0D+00    1    0 1.49D+02 3.07D-01 3.07D-01 8.821D-01     0.04
       17 2.8D-03  5.427D+01  2.120D-12 4.2D-05 0.0D+00    4    0 6.22D+00 1.00D+00 1.00D+00 6.936D-02     0.09
       18 2.8D-03  5.421D+01  2.082D-12 4.2D-05 0.0D+00    1    0 9.88D+00 1.00D+00 1.00D+00 1.130D-01     0.04
       19 2.8D-03  5.390D+01  2.099D-12 4.2D-05 0.0D+00    2    0 1.59D+01 8.13D-01 8.13D-01 2.029D-01     0.06
       20 2.8D-03  5.369D+01  2.160D-12 4.2D-05 0.0D+00    2    0 7.08D+00 1.00D+00 1.00D+00 2.078D-01     0.06

    inner barrier   scaled     scaled     min     min    NW   SE     dx      alpha    alpha    inner   time (s)
     ite   param   obj func     feas      x-l     u-x   pert pert   norm      max             opt err 
       21 2.8D-03  5.192D+01  2.197D-12 4.2D-05 0.0D+00    1    0 7.32D+01 3.78D-01 3.78D-01 4.533D+00     0.04
       22 2.8D-03  5.191D+01  2.136D-12 4.2D-05 0.0D+00    1    0 5.87D+01 2.05D-03 1.02D-03 1.627D+00     0.04
       23 2.8D-03  5.185D+01  2.172D-12 2.3D-05 0.0D+00    1    0 5.86D+01 9.02D-02 9.02D-02 1.745D-01     0.04
       24 2.8D-03  5.056D+01  2.728D-12 4.3D-05 0.0D+00    1    0 1.36D+02 1.00D+00 1.00D+00 7.251D-02     0.04
       25 2.8D-03  4.995D+01  2.139D-12 4.4D-05 0.0D+00    1    0 1.90D+02 4.77D-01 4.77D-01 1.860D-01     0.04
       26 2.8D-03  4.960D+01  2.163D-12 4.5D-05 0.0D+00    1    0 1.87D+02 4.31D-01 4.31D-01 1.278D+00     0.04
       27 2.8D-03  4.962D+01  2.150D-12 4.6D-05 0.0D+00    5    0 1.04D+00 1.00D+00 1.00D+00 3.511D-02     0.11
       28 2.8D-03  4.961D+01  2.104D-12 4.5D-05 0.0D+00    1    0 1.41D+00 1.00D+00 1.00D+00 3.451D-02     0.04
       29 2.8D-03  4.960D+01  2.123D-12 4.5D-05 0.0D+00    1    0 4.21D+00 1.00D+00 1.00D+00 3.532D-02     0.04
       30 2.8D-03  4.960D+01  2.133D-12 4.5D-05 0.0D+00    3    0 2.86D-01 1.00D+00 1.00D+00 3.590D-02     0.08

    inner barrier   scaled     scaled     min     min    NW   SE     dx      alpha    alpha    inner   time (s)
     ite   param   obj func     feas      x-l     u-x   pert pert   norm      max             opt err 
       31 2.8D-03  4.958D+01  2.194D-12 4.5D-05 0.0D+00    1    0 1.21D+00 1.00D+00 1.00D+00 4.730D-02     0.04
       32 2.8D-03  4.958D+01  2.182D-12 4.5D-05 0.0D+00    2    0 5.26D-01 1.00D+00 1.00D+00 5.845D-02     0.06
       33 2.8D-03  4.952D+01  2.274D-12 4.5D-05 0.0D+00    1    0 2.77D+00 1.00D+00 1.00D+00 1.197D-01     0.04
       34 2.8D-03  4.948D+01  2.174D-12 4.5D-05 0.0D+00    2    0 1.28D+00 1.00D+00 1.00D+00 1.500D-01     0.06
       35 2.8D-03  4.893D+01  2.956D-12 4.5D-05 0.0D+00    1    0 8.67D+00 1.00D+00 1.00D+00 3.649D-01     0.04
       36 2.8D-03  4.890D+01  2.180D-12 4.5D-05 0.0D+00    2    0 3.86D+00 1.17D-01 1.17D-01 4.039D-01     0.06
       37 2.8D-03  4.892D+01  2.165D-12 4.5D-05 0.0D+00    1    0 2.42D+00 1.00D+00 1.00D+00 5.492D-02     0.04
       38 2.8D-03  4.889D+01  1.971D-12 4.6D-05 0.0D+00    1    0 4.41D+00 1.00D+00 1.00D+00 5.289D-02     0.04
       39 2.8D-03  4.884D+01  2.143D-12 4.6D-05 0.0D+00    1    0 1.06D+01 1.00D+00 1.00D+00 4.994D-02     0.04
       40 2.8D-03  4.870D+01  2.071D-12 4.6D-05 0.0D+00    1    0 2.64D+01 1.00D+00 1.00D+00 4.356D-02     0.04

    inner barrier   scaled     scaled     min     min    NW   SE     dx      alpha    alpha    inner   time (s)
     ite   param   obj func     feas      x-l     u-x   pert pert   norm      max             opt err 
       41 2.8D-03  4.848D+01  2.265D-12 4.7D-05 0.0D+00    1    0 5.46D+01 1.00D+00 1.00D+00 3.016D-02     0.04
       42 2.8D-03  4.832D+01  2.200D-12 4.8D-05 0.0D+00    1    0 6.96D+01 8.89D-01 8.89D-01 9.572D-01     0.04
       43 2.8D-03  4.828D+01  2.081D-12 4.9D-05 0.0D+00    4    0 4.38D+00 1.00D+00 1.00D+00 9.993D-02     0.10
       44 2.8D-03  4.825D+01  2.121D-12 4.9D-05 0.0D+00    2    0 1.80D+00 1.00D+00 1.00D+00 9.468D-02     0.06
       45 2.8D-03  4.811D+01  2.615D-12 5.0D-05 0.0D+00    1    0 9.51D+00 5.63D-01 5.63D-01 2.547D-01     0.04
       46 2.8D-03  4.802D+01  2.166D-12 5.0D-05 0.0D+00    2    0 3.69D+00 1.00D+00 1.00D+00 1.664D-01     0.06
       47 2.8D-03  4.707D+01  2.165D-12 5.0D-05 0.0D+00    1    0 2.08D+01 9.61D-01 9.61D-01 7.443D-01     0.04
       48 2.8D-03  4.702D+01  2.278D-12 5.2D-05 0.0D+00    2    0 9.22D+00 1.04D-01 1.04D-01 4.277D-01     0.06
       49 2.8D-03  4.704D+01  2.164D-12 4.6D-05 0.0D+00    1    0 5.52D+00 1.00D+00 1.00D+00 6.004D-02     0.04
       50 2.8D-03  4.698D+01  2.158D-12 4.6D-05 0.0D+00    1    0 1.10D+01 1.00D+00 1.00D+00 5.725D-02     0.04

    inner barrier   scaled     scaled     min     min    NW   SE     dx      alpha    alpha    inner   time (s)
     ite   param   obj func     feas      x-l     u-x   pert pert   norm      max             opt err 
       51 2.8D-03  4.686D+01  2.139D-12 4.6D-05 0.0D+00    1    0 2.30D+01 1.00D+00 1.00D+00 5.140D-02     0.04
       52 2.8D-03  4.662D+01  2.189D-12 4.7D-05 0.0D+00    1    0 4.81D+01 1.00D+00 1.00D+00 3.919D-02     0.04
       53 2.8D-03  4.638D+01  2.145D-12 4.8D-05 0.0D+00    1    0 7.16D+01 9.47D-01 9.47D-01 1.950D-02     0.04


     3 1.5D-04  4.638258D+01  4.638258D+01 1.950D-02   137C

    inner barrier   scaled     scaled     min     min    NW   SE     dx      alpha    alpha    inner   time (s)
     ite   param   obj func     feas      x-l     u-x   pert pert   norm      max             opt err 
        1 1.5D-04  3.646D+01  2.425D-12 1.5D-06 0.0D+00    1    0 5.04D+01 7.51D-01 7.51D-01 4.548D-01     0.04
        2 1.5D-04  3.319D+01  2.256D-12 3.0D-06 0.0D+00    5    0 5.44D+00 1.00D+00 1.00D+00 5.024D-01     0.12
        3 1.5D-04  3.317D+01  2.106D-12 2.1D-06 0.0D+00    1    0 5.04D+00 2.03D-01 2.03D-01 2.345D-01     0.04
        4 1.5D-04  3.315D+01  2.089D-12 2.5D-06 0.0D+00    2    0 1.13D+00 1.00D+00 1.00D+00 7.266D-02     0.07
        5 1.5D-04  3.308D+01  2.096D-12 2.5D-06 0.0D+00    1    0 1.32D+01 2.47D-01 2.47D-01 4.745D+00     0.04
        6 1.5D-04  3.299D+01  2.034D-12 2.5D-06 0.0D+00    2    0 2.95D+00 1.00D+00 1.00D+00 1.719D-01     0.06
        7 1.5D-04  3.281D+01  2.126D-12 5.6D-07 0.0D+00    1    0 8.24D+01 4.30D-02 4.30D-02 1.711D+01     0.04
        8 1.5D-04  3.239D+01  2.223D-12 6.1D-07 0.0D+00    2    0 6.22D+00 9.17D-01 9.17D-01 3.928D-01     0.06
        9 1.5D-04  3.220D+01  2.102D-12 2.0D-07 0.0D+00    2    0 2.61D+00 7.65D-01 7.65D-01 4.390D-01     0.07
       10 1.5D-04  3.164D+01  2.104D-12 2.4D-06 0.0D+00    1    0 1.23D+01 4.11D-01 4.11D-01 1.400D+00     0.04

    inner barrier   scaled     scaled     min     min    NW   SE     dx      alpha    alpha    inner   time (s)
     ite   param   obj func     feas      x-l     u-x   pert pert   norm      max             opt err 
       11 1.5D-04  3.164D+01  3.411D-12 2.4D-06 0.0D+00    1    0 4.48D+00 2.03D-01 7.92D-04 7.979D-02     0.05
       12 1.5D-04  3.162D+01  1.999D-12 1.3D-06 0.0D+00    1    0 8.30D+00 3.50D-01 3.50D-01 4.943D-02     0.04
       13 1.5D-04  3.154D+01  2.615D-12 1.1D-06 0.0D+00    1    0 1.74D+01 8.64D-01 8.64D-01 4.511D-02     0.04
       14 1.5D-04  3.149D+01  2.085D-12 1.1D-06 0.0D+00    1    0 3.65D+01 3.08D-01 3.08D-01 7.768D-02     0.04
       15 1.5D-04  3.140D+01  1.956D-12 7.3D-07 0.0D+00    1    0 6.56D+01 3.57D-01 3.57D-01 1.950D-01     0.04
       16 1.5D-04  3.133D+01  2.139D-12 6.0D-07 0.0D+00    1    0 7.72D+01 2.50D-01 2.50D-01 1.895D-01     0.04
       17 1.5D-04  3.133D+01  2.129D-12 3.1D-07 0.0D+00    4    0 1.64D+00 2.04D-01 2.04D-01 2.677D-02     0.10
       18 1.5D-04  3.132D+01  2.202D-12 2.6D-06 0.0D+00    1    0 4.42D+00 1.00D+00 1.00D+00 2.577D-02     0.04
       19 1.5D-04  3.131D+01  2.302D-12 1.6D-06 0.0D+00    1    0 1.09D+01 5.30D-01 5.30D-01 2.145D-02     0.04
       20 1.5D-04  3.127D+01  2.157D-12 4.6D-07 0.0D+00    1    0 1.88D+01 9.21D-01 9.21D-01 1.166D-02     0.04

    inner barrier   scaled     scaled     min     min    NW   SE     dx      alpha    alpha    inner   time (s)
     ite   param   obj func     feas      x-l     u-x   pert pert   norm      max             opt err 
       21 1.5D-04  3.126D+01  1.976D-12 5.9D-07 0.0D+00    1    0 1.65D+01 7.19D-01 7.19D-01 5.074D-01     0.04
       22 1.5D-04  3.126D+01  2.113D-12 2.7D-06 0.0D+00    4    0 4.54D-01 1.00D+00 1.00D+00 1.099D-02     0.10
       23 1.5D-04  3.126D+01  3.524D-12 2.7D-06 0.0D+00    1    0 1.22D+00 1.00D+00 1.00D+00 1.016D-01     0.04
       24 1.5D-04  3.126D+01  2.291D-12 2.7D-06 0.0D+00    2    0 6.68D-01 1.00D+00 1.00D+00 1.458D-02     0.06
       25 1.5D-04  3.124D+01  2.254D-12 2.7D-06 0.0D+00    1    0 3.59D+00 1.00D+00 1.00D+00 1.252D-01     0.04
       26 1.5D-04  3.123D+01  2.131D-12 2.7D-06 0.0D+00    2    0 1.67D+00 1.00D+00 1.00D+00 3.245D-02     0.06
       27 1.5D-04  3.116D+01  2.245D-12 1.1D-07 0.0D+00    1    0 1.06D+01 7.93D-01 7.93D-01 5.948D-01     0.04
       28 1.5D-04  3.108D+01  1.974D-12 2.7D-06 0.0D+00    2    0 4.25D+00 1.00D+00 1.00D+00 9.848D-02     0.06
       29 1.5D-04  3.086D+01  2.199D-12 2.0D-07 0.0D+00    1    0 5.93D+01 1.44D-01 1.44D-01 4.351D+00     0.04
       30 1.5D-04  3.045D+01  1.817D-12 2.8D-06 0.0D+00    2    0 1.08D+01 1.00D+00 1.00D+00 7.550D-01     0.06

    inner barrier   scaled     scaled     min     min    NW   SE     dx      alpha    alpha    inner   time (s)
     ite   param   obj func     feas      x-l     u-x   pert pert   norm      max             opt err 
       31 1.5D-04  2.951D+01  3.524D-12 1.9D-07 0.0D+00    1    0 6.44D+02 2.63D-02 2.63D-02 5.362D+01     0.04
       32 1.5D-04  2.908D+01  1.984D-12 2.8D-06 0.0D+00    2    0 2.90D+01 2.14D-01 2.14D-01 2.060D+00     0.06
       33 1.5D-04  2.908D+01  2.166D-12 2.8D-06 0.0D+00    1    0 1.61D+01 1.00D+00 3.91D-03 2.451D-01     0.04
       34 1.5D-04  2.881D+01  1.840D-12 2.6D-06 0.0D+00    1    0 3.56D+01 1.00D+00 1.00D+00 9.478D-02     0.04
       35 1.5D-04  2.860D+01  1.980D-12 1.7D-06 0.0D+00    1    0 6.65D+01 4.52D-01 4.52D-01 9.884D-02     0.04
       36 1.5D-04  2.850D+01  1.905D-12 5.9D-07 0.0D+00    1    0 1.09D+02 1.61D-01 1.61D-01 2.619D-01     0.04
       37 1.5D-04  2.840D+01  2.294D-12 3.4D-07 0.0D+00    1    0 1.32D+02 1.36D-01 1.36D-01 3.641D-01     0.04
       38 1.5D-04  2.820D+01  2.147D-12 2.7D-06 0.0D+00    1    0 1.31D+02 3.46D-01 3.46D-01 2.841D-01     0.04
       39 1.5D-04  2.818D+01  2.274D-12 2.0D-06 0.0D+00    1    0 7.93D+01 8.11D-02 8.11D-02 2.191D-01     0.04
       40 1.5D-04  2.812D+01  2.094D-12 2.8D-06 0.0D+00    1    0 4.66D+01 5.79D-01 5.79D-01 7.010D-02     0.04

    inner barrier   scaled     scaled     min     min    NW   SE     dx      alpha    alpha    inner   time (s)
     ite   param   obj func     feas      x-l     u-x   pert pert   norm      max             opt err 
       41 1.5D-04  2.812D+01  2.201D-12 6.7D-07 0.0D+00    6    0 1.43D+00 1.27D-01 1.27D-01 6.749D-02     0.13
       42 1.5D-04  2.812D+01  2.374D-12 2.8D-06 0.0D+00    1    0 1.20D+00 1.00D+00 1.00D+00 1.151D-02     0.04
       43 1.5D-04  2.811D+01  2.485D-12 2.8D-06 0.0D+00    1    0 2.67D+00 1.00D+00 1.00D+00 9.637D-03     0.04
       44 1.5D-04  2.811D+01  2.096D-12 2.9D-06 0.0D+00    1    0 5.10D+00 1.00D+00 1.00D+00 6.199D-03     0.04
       45 1.5D-04  2.811D+01  2.050D-12 2.9D-06 0.0D+00    1    0 5.79D+00 1.00D+00 1.00D+00 2.345D-03     0.04
       46 1.5D-04  2.811D+01  2.249D-12 2.9D-06 0.0D+00    1    0 3.09D+00 1.00D+00 1.00D+00 4.218D-04     0.04


     4 1.8D-06  2.810851D+01  2.810851D+01 4.218D-04   183C

    inner barrier   scaled     scaled     min     min    NW   SE     dx      alpha    alpha    inner   time (s)
     ite   param   obj func     feas      x-l     u-x   pert pert   norm      max             opt err 
        1 1.8D-06  2.775D+01  2.240D-12 6.6D-09 0.0D+00    1    0 2.17D+00 4.83D-01 4.83D-01 9.726D-03     0.04
        2 1.8D-06  2.737D+01  2.046D-12 3.5D-08 0.0D+00    1    0 8.47D-01 1.00D+00 1.00D+00 1.258D-05     0.04


     5 2.5D-09  2.737385D+01  2.737385D+01 1.442D-05   185C

    inner barrier   scaled     scaled     min     min    NW   SE     dx      alpha    alpha    inner   time (s)
     ite   param   obj func     feas      x-l     u-x   pert pert   norm      max             opt err 
        1 2.5D-09  2.736D+01  2.301D-12 8.1D-14 0.0D+00    1    0 5.39D-02 9.98D-01 9.98D-01 3.451D-06     0.04
        2 2.5D-09  2.736D+01  2.186D-12 4.8D-11 0.0D+00    1    0 1.15D-02 1.00D+00 1.00D+00 7.134D-07     0.04
        3 2.5D-09  2.736D+01  2.303D-12 4.8D-11 0.0D+00    1    0 3.70D-03 1.00D+00 1.00D+00 8.889D-08     0.04
        4 2.5D-09  2.736D+01  1.868D-12 4.8D-11 0.0D+00    1    0 6.14D-04 1.00D+00 1.00D+00 2.447D-09     0.04


     6 1.0D-09  2.736473D+01  2.736473D+01 4.953D-09   189C
 ==========================================================

 FINAL RESULTS:
                            scaled                   unscaled
  Objective Funct:   2.7364730151182911D+01    2.7364730151182911D+01
  Lagrangian Grad:   7.4480222336803514D-11    7.4480222336803514D-11
 Final Point Feas:   1.8682555502635978D-12    1.8682555502635978D-12
 Bounds violation:   0.0000000000000000D+00    0.0000000000000000D+00
 Lower Bound Comp:   4.9532386441071311D-09    4.9532386441071311D-09
 Upper Bound Comp:   0.0000000000000000D+00    0.0000000000000000D+00

 Flag of LCMIN:

     Optimal solution found.

 ====================================================
                      STATISTICS                     
 ====================================================
 GENERAL:                                            

           Preprocessing time (in seconds):     12.50
            Optimization time (in seconds):      9.73

                      Inner Iterations (IIT):     189
                      Outer Iterations (OIT):       6
                  Function Evaluations (FEV):     207
         Function Gradient Evaluations (GEV):     190
          Function Hessian Evaluations (HEV):     189
          Barrier Function Evaluations (BFE):     395
 Barrier Function Gradient Evaluations (BGE):     189
 ====================================================
 AVERAGE:                                            

 Inner Iterations per Outer Iterations  :     31.5000
 FEV per IIT:      1.0952    FEV per OIT:     34.5000
 GEV per IIT:      1.0053    GEV per OIT:     31.6667
 HEV per IIT:      1.0000    HEV per OIT:     31.5000
 BFE per IIT:      2.0899    BFE per OIT:     65.8333
 BGE per IIT:      1.0000    BGE per OIT:     31.5000
 ====================================================

