
 ==============================================================================
 This is ALGENCAN 3.1.1.
 ALGENCAN, an Augmented Lagrangian method for nonlinear programming, is part of
 the TANGO Project: Trustable Algorithms for Nonlinear General Optimization.
 See http://www.ime.usp.br/~egbirgin/tango/ for details.
 ==============================================================================

 Processing array of parameters with   3 entrances:

 IGNORE-OBJECTIVE-FUNCTION                    
 ITERATIONS-OUTPUT-DETAIL                                                    11
 NEWTON-LINE-SEARCH-INNER-SOLVER                                    'MA57 MC64'

 The specification file is not being used.

 Available HSL subroutines = MA57           

 ALGENCAN PARAMETERS:

 firstde                =                    T
 seconde                =                    T
 truehpr                =                    T
 hptype in TN           =               TRUEHP
 lsslvr in TR           =            MA57/NONE
 lsslvr in NW           =            MA57/MC64
 lsslvr in ACCPROC      =            MA57/NONE
 innslvr                =                   NW
 accproc                =                    T
 rmfixv                 =                    T
 slacks                 =                    F
 scale                  =                    T
 epsfeas                =           1.0000D-09
 epsopt                 =           1.0000D-08
 efstain                =           3.1623D-05
 eostain                =           1.0000D-12
 efacc                  =           3.1623D-05
 eoacc                  =           1.0000D-04
 iprint                 =                   11
 ncomp                  =                    6

 Specification filename =                   ''
 Output filename        =          'lcmin.out'
 Solution filename      =                   ''

 Number of variables               :   17046
 Number of equality constraints    :   12047
 Number of inequality constraints  :       0
 Number of bound constraints       :    8030
 Number of fixed variables         :       0

 There are no fixed variables to be removed.

 Objective function scale factor   : 1.0D+00
 Smallest constraints scale factor : 1.0D-01

     Entry to GENCAN.
     Number of variables:   17046
     Required optimality tolerance: 1.0D-08

     It         function  gpsupn   xsupn stesupn   nfree   SPGit in-face    fcnt
      0   3.78834171D-13 6.2D-07 1.4D+01
      1   1.76605035D-15 1.9D-08 1.4D+01 6.5D-07   14561       0       1       3
      2   3.06557260D-22 2.5D-11 1.4D+01 2.8D-08   14561       0       2       4

     Flag of GENCAN: Solution was found.


 User-provided subroutines calls counters: 

 Subroutine fsub     (coded=F):        0
 Subroutine gsub     (coded=F):        0
 Subroutine hsub     (coded=F):        0
 Subroutine csub     (coded=F):        0 (       0 calls per constraint in avg)
 Subroutine jacsub   (coded=F):        0 (       0 calls per constraint in avg)
 Subroutine hcsub    (coded=F):        0 (       0 calls per constraint in avg)
 Subroutine fcsub    (coded=T):        4
 Subroutine gjacsub  (coded=T):        5
 Subroutine gjacpsub (coded=F):        0
 Subroutine hlsub    (coded=T):        2
 Subroutine hlpsub   (coded=F):        0


 Total CPU time in seconds =     0.06

 ==============================================================================

 Initial point computed successfully.

                                            achieved                  desired        
 Unscaled feasibility ..............:   2.4748203486524289D-11   1.0000000000000001D-09
 Smallest distance to lower bound ..:   1.0000000000000000D-02   1.0000000000000000D-03

 Starting LCMIN.
 Number of variables   :   17046
 Number of constraints :   12047

 Scale factor for the objective function   : 1.0D+00
 Smallest scale factor for the constraints : 1.0D+00

 ==========================================================
 outer barrier   objective       scaled      outer   inner
  ite   param     function     obj funct    opt err   ite 
     0 1.0D-01  1.832898D+02  1.832898D+02 1.001D+01     0 

    inner barrier   scaled     scaled     min     min    NW   SE     dx      alpha    alpha    inner   time (s)
     ite   param   obj func     feas      x-l     u-x   pert pert   norm      max             opt err 
        1 1.0D-01  7.353D+02  2.494D-11 3.8D-03 0.0D+00    1    0 7.02D+02 1.00D+00 1.00D+00 2.139D+00     1.22
        2 1.0D-01  3.549D+02  2.449D-11 7.0D-04 0.0D+00    1    0 9.46D+02 9.52D-01 9.52D-01 4.052D-01     1.29


     1 2.0D-02  3.549296D+02  3.549296D+02 5.052D-01     2C

    inner barrier   scaled     scaled     min     min    NW   SE     dx      alpha    alpha    inner   time (s)
     ite   param   obj func     feas      x-l     u-x   pert pert   norm      max             opt err 
        1 2.0D-02  9.643D+01  2.452D-11 1.9D-03 0.0D+00    1    0 4.97D+02 1.00D+00 1.00D+00 1.164D-01     0.09


     2 2.8D-03  9.642864D+01  9.642864D+01 1.364D-01     3C

    inner barrier   scaled     scaled     min     min    NW   SE     dx      alpha    alpha    inner   time (s)
     ite   param   obj func     feas      x-l     u-x   pert pert   norm      max             opt err 
        1 2.8D-03  1.860D+01  2.369D-11 2.7D-04 0.0D+00    1    0 2.86D+02 1.00D+00 1.00D+00 3.269D-02     0.02
        2 2.8D-03  1.274D+01  2.425D-11 2.8D-04 0.0D+00    1    0 1.06D+02 1.00D+00 1.00D+00 7.451D-03     0.02


     3 1.5D-04  1.273713D+01  1.273713D+01 1.028D-02     5C

    inner barrier   scaled     scaled     min     min    NW   SE     dx      alpha    alpha    inner   time (s)
     ite   param   obj func     feas      x-l     u-x   pert pert   norm      max             opt err 
        1 1.5D-04  1.435D+00  2.498D-11 1.5D-05 0.0D+00    1    0 8.91D+01 1.00D+00 1.00D+00 2.495D-03     0.02
        2 1.5D-04  7.858D-01  2.527D-11 1.5D-05 0.0D+00    1    0 3.83D+01 1.00D+00 1.00D+00 5.873D-04     0.02


     4 1.8D-06  7.857701D-01  7.857701D-01 7.377D-04     7C

    inner barrier   scaled     scaled     min     min    NW   SE     dx      alpha    alpha    inner   time (s)
     ite   param   obj func     feas      x-l     u-x   pert pert   norm      max             opt err 
        1 1.8D-06  8.108D-02  2.487D-11 1.8D-07 0.0D+00    1    0 2.48D+01 1.00D+00 1.00D+00 1.835D-04     0.02
        2 1.8D-06  2.547D-02  2.479D-11 1.8D-07 0.0D+00    1    0 1.21D+01 1.00D+00 1.00D+00 4.542D-05     0.02
        3 1.8D-06  1.160D-02  2.478D-11 1.8D-07 0.0D+00    1    0 5.81D+00 1.00D+00 1.00D+00 1.091D-05     0.03


     5 2.5D-09  1.159548D-02  1.159548D-02 1.275D-05    10C

    inner barrier   scaled     scaled     min     min    NW   SE     dx      alpha    alpha    inner   time (s)
     ite   param   obj func     feas      x-l     u-x   pert pert   norm      max             opt err 
        1 2.5D-09  1.411D-03  2.388D-11 2.5D-10 0.0D+00    1    0 3.37D+00 1.00D+00 1.00D+00 3.187D-06     0.02
        2 2.5D-09  3.598D-04  2.451D-11 2.5D-10 0.0D+00    1    0 1.68D+00 1.00D+00 1.00D+00 7.961D-07     0.02
        3 2.5D-09  9.701D-05  2.478D-11 2.5D-10 0.0D+00    1    0 8.38D-01 1.00D+00 1.00D+00 1.984D-07     0.02
        4 2.5D-09  3.133D-05  2.437D-11 2.5D-10 0.0D+00    1    0 4.14D-01 1.00D+00 1.00D+00 4.898D-08     0.02
        5 2.5D-09  1.494D-05  2.508D-11 2.5D-10 0.0D+00    1    0 1.98D-01 1.00D+00 1.00D+00 1.164D-08     0.02


     6 1.0D-09  1.493602D-05  1.493602D-05 1.415D-08    15C

    inner barrier   scaled     scaled     min     min    NW   SE     dx      alpha    alpha    inner   time (s)
     ite   param   obj func     feas      x-l     u-x   pert pert   norm      max             opt err 
        1 1.0D-09  5.353D-06  2.492D-11 1.0D-10 0.0D+00    1    0 1.04D-01 1.00D+00 1.00D+00 3.053D-09     0.02


     7 1.0D-09  5.352747D-06  5.352747D-06 4.053D-09    16C
 ==========================================================

 FINAL RESULTS:
                            scaled                   unscaled
  Objective Funct:   5.3527472360523613D-06    5.3527472360523613D-06
  Lagrangian Grad:   1.7763568394002505D-15    1.7763568394002505D-15
 Final Point Feas:   2.4922286456785514D-11    2.4922286456785514D-11
 Bounds violation:   0.0000000000000000D+00    0.0000000000000000D+00
 Lower Bound Comp:   4.0528058517669530D-09    4.0528058517669530D-09
 Upper Bound Comp:   0.0000000000000000D+00    0.0000000000000000D+00

 Flag of LCMIN:

     Optimal solution found.

 ====================================================
                      STATISTICS                     
 ====================================================
 GENERAL:                                            

           Preprocessing time (in seconds):      0.35
            Optimization time (in seconds):      2.95

                      Inner Iterations (IIT):      16
                      Outer Iterations (OIT):       7
                  Function Evaluations (FEV):      17
         Function Gradient Evaluations (GEV):      17
          Function Hessian Evaluations (HEV):      16
          Barrier Function Evaluations (BFE):      32
 Barrier Function Gradient Evaluations (BGE):      16
 ====================================================
 AVERAGE:                                            

 Inner Iterations per Outer Iterations  :      2.2857
 FEV per IIT:      1.0625    FEV per OIT:      2.4286
 GEV per IIT:      1.0625    GEV per OIT:      2.4286
 HEV per IIT:      1.0000    HEV per OIT:      2.2857
 BFE per IIT:      2.0000    BFE per OIT:      4.5714
 BGE per IIT:      1.0000    BGE per OIT:      2.2857
 ====================================================

