
 ==============================================================================
 This is ALGENCAN 3.1.1.
 ALGENCAN, an Augmented Lagrangian method for nonlinear programming, is part of
 the TANGO Project: Trustable Algorithms for Nonlinear General Optimization.
 See http://www.ime.usp.br/~egbirgin/tango/ for details.
 ==============================================================================

 Processing array of parameters with   3 entrances:

 IGNORE-OBJECTIVE-FUNCTION                    
 ITERATIONS-OUTPUT-DETAIL                                                    11
 NEWTON-LINE-SEARCH-INNER-SOLVER                                    'MA57 MC64'

 The specification file is not being used.

 Available HSL subroutines = MA57           

 ALGENCAN PARAMETERS:

 firstde                =                    T
 seconde                =                    T
 truehpr                =                    T
 hptype in TN           =               TRUEHP
 lsslvr in TR           =            MA57/NONE
 lsslvr in NW           =            MA57/MC64
 lsslvr in ACCPROC      =            MA57/NONE
 innslvr                =                   NW
 accproc                =                    T
 rmfixv                 =                    T
 slacks                 =                    F
 scale                  =                    T
 epsfeas                =           1.0000D-09
 epsopt                 =           1.0000D-08
 efstain                =           3.1623D-05
 eostain                =           1.0000D-12
 efacc                  =           3.1623D-05
 eoacc                  =           1.0000D-04
 iprint                 =                   11
 ncomp                  =                    6

 Specification filename =                   ''
 Output filename        =          'lcmin.out'
 Solution filename      =                   ''

 Number of variables               :   20002
 Number of equality constraints    :   15002
 Number of inequality constraints  :       0
 Number of bound constraints       :   10000
 Number of fixed variables         :       0

 There are no fixed variables to be removed.

 Objective function scale factor   : 1.0D+00
 Smallest constraints scale factor : 1.0D-01

     Entry to GENCAN.
     Number of variables:   20002
     Required optimality tolerance: 1.0D-08

     It         function  gpsupn   xsupn stesupn   nfree   SPGit in-face    fcnt
      0   2.75279230D-17 2.5D-09 1.0D+01
      1   1.21620305D-17 2.1D-09 1.0D+01 1.1D-09   16355       0       1       3
      2   3.03749648D-25 7.3D-13 1.0D+01 2.8D-09   16355       0       2       4

     Flag of GENCAN: Solution was found.


 User-provided subroutines calls counters: 

 Subroutine fsub     (coded=F):        0
 Subroutine gsub     (coded=F):        0
 Subroutine hsub     (coded=F):        0
 Subroutine csub     (coded=F):        0 (       0 calls per constraint in avg)
 Subroutine jacsub   (coded=F):        0 (       0 calls per constraint in avg)
 Subroutine hcsub    (coded=F):        0 (       0 calls per constraint in avg)
 Subroutine fcsub    (coded=T):        4
 Subroutine gjacsub  (coded=T):        5
 Subroutine gjacpsub (coded=F):        0
 Subroutine hlsub    (coded=T):        2
 Subroutine hlpsub   (coded=F):        0


 Total CPU time in seconds =     0.04

 ==============================================================================

 Initial point computed successfully.

                                            achieved                  desired        
 Unscaled feasibility ..............:   7.3042613624174635D-13   1.0000000000000001D-09
 Smallest distance to lower bound ..:   1.0000000000000000D-02   1.0000000000000000D-03

 Starting LCMIN.
 Number of variables   :   20002
 Number of constraints :   15002

 Scale factor for the objective function   : 1.0D+00
 Smallest scale factor for the constraints : 1.0D+00

 ==========================================================
 outer barrier   objective       scaled      outer   inner
  ite   param     function     obj funct    opt err   ite 
     0 1.0D-01  2.475879D+02  2.475879D+02 1.001D+01     0 

    inner barrier   scaled     scaled     min     min    NW   SE     dx      alpha    alpha    inner   time (s)
     ite   param   obj func     feas      x-l     u-x   pert pert   norm      max             opt err 
        1 1.0D-01  3.594D+02  7.397D-13 2.7D-04 0.0D+00    0    0 8.82D+02 2.00D-01 2.00D-01 1.333D-01     0.05


     1 2.0D-02  3.594027D+02  3.594027D+02 2.333D-01     1C

    inner barrier   scaled     scaled     min     min    NW   SE     dx      alpha    alpha    inner   time (s)
     ite   param   obj func     feas      x-l     u-x   pert pert   norm      max             opt err 
        1 2.0D-02  1.114D+02  9.166D-13 2.0D-03 0.0D+00    0    0 5.76D+02 1.00D+00 1.00D+00 2.233D-02     0.02


     2 2.8D-03  1.113684D+02  1.113684D+02 4.233D-02     2C

    inner barrier   scaled     scaled     min     min    NW   SE     dx      alpha    alpha    inner   time (s)
     ite   param   obj func     feas      x-l     u-x   pert pert   norm      max             opt err 
        1 2.8D-03  1.946D+01  7.603D-13 2.8D-04 0.0D+00    0    0 2.97D+02 1.00D+00 1.00D+00 9.215D-03     0.02


     3 1.5D-04  1.945739D+01  1.945739D+01 1.204D-02     3C

    inner barrier   scaled     scaled     min     min    NW   SE     dx      alpha    alpha    inner   time (s)
     ite   param   obj func     feas      x-l     u-x   pert pert   norm      max             opt err 
        1 1.5D-04  2.657D+00  9.912D-13 1.5D-05 0.0D+00    0    0 1.55D+02 1.00D+00 1.00D+00 2.936D-03     0.02
        2 1.5D-04  1.194D+00  1.478D-12 1.5D-05 0.0D+00    0    0 7.13D+01 1.00D+00 1.00D+00 6.983D-04     0.02


     4 1.8D-06  1.193826D+00  1.193826D+00 8.487D-04     5C

    inner barrier   scaled     scaled     min     min    NW   SE     dx      alpha    alpha    inner   time (s)
     ite   param   obj func     feas      x-l     u-x   pert pert   norm      max             opt err 
        1 1.8D-06  1.551D-01  8.171D-13 1.8D-07 0.0D+00    0    0 4.14D+01 1.00D+00 1.00D+00 2.113D-04     0.02
        2 1.8D-06  4.526D-02  7.308D-13 1.8D-07 0.0D+00    0    0 2.04D+01 1.00D+00 1.00D+00 5.236D-05     0.02
        3 1.8D-06  1.781D-02  1.133D-12 1.8D-07 0.0D+00    0    0 9.95D+00 1.00D+00 1.00D+00 1.264D-05     0.02


     5 2.5D-09  1.780831D-02  1.780831D-02 1.449D-05     8C

    inner barrier   scaled     scaled     min     min    NW   SE     dx      alpha    alpha    inner   time (s)
     ite   param   obj func     feas      x-l     u-x   pert pert   norm      max             opt err 
        1 2.5D-09  2.603D-03  7.305D-13 2.5D-10 0.0D+00    0    0 5.48D+00 1.00D+00 1.00D+00 3.621D-06     0.02
        2 2.5D-09  6.596D-04  7.306D-13 2.5D-10 0.0D+00    0    0 2.73D+00 1.00D+00 1.00D+00 9.046D-07     0.02
        3 2.5D-09  1.737D-04  9.734D-13 2.5D-10 0.0D+00    0    0 1.36D+00 1.00D+00 1.00D+00 2.255D-07     0.06
        4 2.5D-09  5.222D-05  8.527D-13 2.5D-10 0.0D+00    0    0 6.77D-01 1.00D+00 1.00D+00 5.576D-08     0.02
        5 2.5D-09  2.188D-05  7.307D-13 2.5D-10 0.0D+00    0    0 3.29D-01 1.00D+00 1.00D+00 1.334D-08     0.02


     6 1.0D-09  2.188230D-05  2.188230D-05 1.585D-08    13C

    inner barrier   scaled     scaled     min     min    NW   SE     dx      alpha    alpha    inner   time (s)
     ite   param   obj func     feas      x-l     u-x   pert pert   norm      max             opt err 
        1 1.0D-09  7.480D-06  9.166D-13 1.0D-10 0.0D+00    0    0 1.69D-01 1.00D+00 1.00D+00 3.477D-09     0.02


     7 1.0D-09  7.480384D-06  7.480384D-06 4.477D-09    14C
 ==========================================================

 FINAL RESULTS:
                            scaled                   unscaled
  Objective Funct:   7.4803841832274846D-06    7.4803841832274846D-06
  Lagrangian Grad:   1.7763568394002505D-15    1.7763568394002505D-15
 Final Point Feas:   9.1660012913052924D-13    9.1660012913052924D-13
 Bounds violation:   0.0000000000000000D+00    0.0000000000000000D+00
 Lower Bound Comp:   4.4774194009892069D-09    4.4774194009892069D-09
 Upper Bound Comp:   0.0000000000000000D+00    0.0000000000000000D+00

 Flag of LCMIN:

     Optimal solution found.

 ====================================================
                      STATISTICS                     
 ====================================================
 GENERAL:                                            

           Preprocessing time (in seconds):      0.25
            Optimization time (in seconds):      0.39

                      Inner Iterations (IIT):      14
                      Outer Iterations (OIT):       7
                  Function Evaluations (FEV):      15
         Function Gradient Evaluations (GEV):      15
          Function Hessian Evaluations (HEV):      14
          Barrier Function Evaluations (BFE):      28
 Barrier Function Gradient Evaluations (BGE):      14
 ====================================================
 AVERAGE:                                            

 Inner Iterations per Outer Iterations  :      2.0000
 FEV per IIT:      1.0714    FEV per OIT:      2.1429
 GEV per IIT:      1.0714    GEV per OIT:      2.1429
 HEV per IIT:      1.0000    HEV per OIT:      2.0000
 BFE per IIT:      2.0000    BFE per OIT:      4.0000
 BGE per IIT:      1.0000    BGE per OIT:      2.0000
 ====================================================

