
 ==============================================================================
 This is ALGENCAN 3.1.1.
 ALGENCAN, an Augmented Lagrangian method for nonlinear programming, is part of
 the TANGO Project: Trustable Algorithms for Nonlinear General Optimization.
 See http://www.ime.usp.br/~egbirgin/tango/ for details.
 ==============================================================================

 Processing array of parameters with   3 entrances:

 IGNORE-OBJECTIVE-FUNCTION                    
 ITERATIONS-OUTPUT-DETAIL                                                    11
 NEWTON-LINE-SEARCH-INNER-SOLVER                                    'MA57 MC64'

 The specification file is not being used.

 Available HSL subroutines = MA57           

 ALGENCAN PARAMETERS:

 firstde                =                    T
 seconde                =                    T
 truehpr                =                    T
 hptype in TN           =               TRUEHP
 lsslvr in TR           =            MA57/NONE
 lsslvr in NW           =            MA57/MC64
 lsslvr in ACCPROC      =            MA57/NONE
 innslvr                =                   NW
 accproc                =                    T
 rmfixv                 =                    T
 slacks                 =                    F
 scale                  =                    T
 epsfeas                =           1.0000D-09
 epsopt                 =           1.0000D-08
 efstain                =           3.1623D-05
 eostain                =           1.0000D-12
 efacc                  =           3.1623D-05
 eoacc                  =           1.0000D-04
 iprint                 =                   11
 ncomp                  =                    6

 Specification filename =                   ''
 Output filename        =          'lcmin.out'
 Solution filename      =                   ''

 Number of variables               :   17046
 Number of equality constraints    :   12047
 Number of inequality constraints  :       0
 Number of bound constraints       :    8030
 Number of fixed variables         :       0

 There are no fixed variables to be removed.

 Objective function scale factor   : 1.0D+00
 Smallest constraints scale factor : 1.0D-01

     Entry to GENCAN.
     Number of variables:   17046
     Required optimality tolerance: 1.0D-08

     It         function  gpsupn   xsupn stesupn   nfree   SPGit in-face    fcnt
      0   9.59269915D-15 3.5D-08 2.2D+02
      1   4.67147998D-17 2.9D-09 2.2D+02 4.2D-08   12264       0       1       3
      2   3.23457997D-25 8.0D-13 2.2D+02 3.5D-09   12264       0       2       4

     Flag of GENCAN: Solution was found.


 User-provided subroutines calls counters: 

 Subroutine fsub     (coded=F):        0
 Subroutine gsub     (coded=F):        0
 Subroutine hsub     (coded=F):        0
 Subroutine csub     (coded=F):        0 (       0 calls per constraint in avg)
 Subroutine jacsub   (coded=F):        0 (       0 calls per constraint in avg)
 Subroutine hcsub    (coded=F):        0 (       0 calls per constraint in avg)
 Subroutine fcsub    (coded=T):        4
 Subroutine gjacsub  (coded=T):        5
 Subroutine gjacpsub (coded=F):        0
 Subroutine hlsub    (coded=T):        2
 Subroutine hlpsub   (coded=F):        0


 Total CPU time in seconds =     0.03

 ==============================================================================

 Initial point computed successfully.

                                            achieved                  desired        
 Unscaled feasibility ..............:   8.0291329140891321D-13   1.0000000000000001D-09
 Smallest distance to lower bound ..:   1.0000000000000000D-02   1.0000000000000000D-03

 Starting LCMIN.
 Number of variables   :   17046
 Number of constraints :   12047

 Scale factor for the objective function   : 1.0D+00
 Smallest scale factor for the constraints : 1.0D+00

 ==========================================================
 outer barrier   objective       scaled      outer   inner
  ite   param     function     obj funct    opt err   ite 
     0 1.0D-01  5.406246D+03  5.406246D+03 7.231D+01     0 

    inner barrier   scaled     scaled     min     min    NW   SE     dx      alpha    alpha    inner   time (s)
     ite   param   obj func     feas      x-l     u-x   pert pert   norm      max             opt err 
        1 1.0D-01  7.697D+02  1.013D-12 5.9D-03 0.0D+00    1    0 9.75D+02 1.00D+00 1.00D+00 1.295D+00     1.12
        2 1.0D-01  3.987D+02  1.123D-12 4.9D-03 0.0D+00    1    0 1.05D+03 1.00D+00 1.00D+00 4.513D-01     1.16


     1 2.0D-02  3.986807D+02  3.986807D+02 5.513D-01     2C

    inner barrier   scaled     scaled     min     min    NW   SE     dx      alpha    alpha    inner   time (s)
     ite   param   obj func     feas      x-l     u-x   pert pert   norm      max             opt err 
        1 2.0D-02  1.040D+02  1.044D-12 1.9D-03 0.0D+00    1    0 5.98D+02 1.00D+00 1.00D+00 1.280D-01     1.16


     2 2.8D-03  1.040239D+02  1.040239D+02 1.480D-01     3C

    inner barrier   scaled     scaled     min     min    NW   SE     dx      alpha    alpha    inner   time (s)
     ite   param   obj func     feas      x-l     u-x   pert pert   norm      max             opt err 
        1 2.8D-03  2.031D+01  1.076D-12 2.7D-04 0.0D+00    1    0 3.13D+02 1.00D+00 1.00D+00 3.558D-02     0.02
        2 2.8D-03  1.315D+01  7.816D-13 2.8D-04 0.0D+00    1    0 1.20D+02 1.00D+00 1.00D+00 8.178D-03     0.02


     3 1.5D-04  1.314705D+01  1.314705D+01 1.101D-02     5C

    inner barrier   scaled     scaled     min     min    NW   SE     dx      alpha    alpha    inner   time (s)
     ite   param   obj func     feas      x-l     u-x   pert pert   norm      max             opt err 
        1 1.5D-04  1.537D+00  7.958D-13 1.5D-05 0.0D+00    1    0 9.38D+01 1.00D+00 1.00D+00 2.677D-03     0.02
        2 1.5D-04  8.109D-01  7.532D-13 1.5D-05 0.0D+00    1    0 4.08D+01 1.00D+00 1.00D+00 6.326D-04     0.02


     4 1.8D-06  8.109239D-01  8.109239D-01 7.830D-04     7C

    inner barrier   scaled     scaled     min     min    NW   SE     dx      alpha    alpha    inner   time (s)
     ite   param   obj func     feas      x-l     u-x   pert pert   norm      max             opt err 
        1 1.8D-06  8.736D-02  8.917D-13 1.8D-07 0.0D+00    1    0 2.58D+01 1.00D+00 1.00D+00 1.948D-04     0.02
        2 1.8D-06  2.705D-02  1.076D-12 1.8D-07 0.0D+00    1    0 1.26D+01 1.00D+00 1.00D+00 4.825D-05     0.02
        3 1.8D-06  1.199D-02  9.948D-13 1.8D-07 0.0D+00    1    0 6.06D+00 1.00D+00 1.00D+00 1.161D-05     0.02


     5 2.5D-09  1.198627D-02  1.198627D-02 1.346D-05    10C

    inner barrier   scaled     scaled     min     min    NW   SE     dx      alpha    alpha    inner   time (s)
     ite   param   obj func     feas      x-l     u-x   pert pert   norm      max             opt err 
        1 2.5D-09  1.509D-03  9.734D-13 2.5D-10 0.0D+00    1    0 3.48D+00 1.00D+00 1.00D+00 3.363D-06     0.03
        2 2.5D-09  3.842D-04  8.455D-13 2.5D-10 0.0D+00    1    0 1.73D+00 1.00D+00 1.00D+00 8.402D-07     0.03
        3 2.5D-09  1.031D-04  8.953D-13 2.5D-10 0.0D+00    1    0 8.65D-01 1.00D+00 1.00D+00 2.094D-07     0.03
        4 2.5D-09  3.285D-05  7.709D-13 2.5D-10 0.0D+00    1    0 4.28D-01 1.00D+00 1.00D+00 5.174D-08     0.03
        5 2.5D-09  1.531D-05  8.207D-13 2.5D-10 0.0D+00    1    0 2.05D-01 1.00D+00 1.00D+00 1.233D-08     0.03


     6 1.0D-09  1.531497D-05  1.531497D-05 1.484D-08    15C

    inner barrier   scaled     scaled     min     min    NW   SE     dx      alpha    alpha    inner   time (s)
     ite   param   obj func     feas      x-l     u-x   pert pert   norm      max             opt err 
        1 1.0D-09  5.446D-06  1.066D-12 1.0D-10 0.0D+00    1    0 1.07D-01 1.00D+00 1.00D+00 3.224D-09     0.03


     7 1.0D-09  5.446326D-06  5.446326D-06 4.224D-09    16C
 ==========================================================

 FINAL RESULTS:
                            scaled                   unscaled
  Objective Funct:   5.4463259530458104D-06    5.4463259530458104D-06
  Lagrangian Grad:   3.5527136788005009D-15    3.5527136788005009D-15
 Final Point Feas:   1.0658141036401503D-12    1.0658141036401503D-12
 Bounds violation:   0.0000000000000000D+00    0.0000000000000000D+00
 Lower Bound Comp:   4.2235198645790966D-09    4.2235198645790966D-09
 Upper Bound Comp:   0.0000000000000000D+00    0.0000000000000000D+00

 Flag of LCMIN:

     Optimal solution found.

 ====================================================
                      STATISTICS                     
 ====================================================
 GENERAL:                                            

           Preprocessing time (in seconds):      0.51
            Optimization time (in seconds):      3.81

                      Inner Iterations (IIT):      16
                      Outer Iterations (OIT):       7
                  Function Evaluations (FEV):      17
         Function Gradient Evaluations (GEV):      17
          Function Hessian Evaluations (HEV):      16
          Barrier Function Evaluations (BFE):      32
 Barrier Function Gradient Evaluations (BGE):      16
 ====================================================
 AVERAGE:                                            

 Inner Iterations per Outer Iterations  :      2.2857
 FEV per IIT:      1.0625    FEV per OIT:      2.4286
 GEV per IIT:      1.0625    GEV per OIT:      2.4286
 HEV per IIT:      1.0000    HEV per OIT:      2.2857
 BFE per IIT:      2.0000    BFE per OIT:      4.5714
 BGE per IIT:      1.0000    BGE per OIT:      2.2857
 ====================================================

