
 ==============================================================================
 This is ALGENCAN 3.1.1.
 ALGENCAN, an Augmented Lagrangian method for nonlinear programming, is part of
 the TANGO Project: Trustable Algorithms for Nonlinear General Optimization.
 See http://www.ime.usp.br/~egbirgin/tango/ for details.
 ==============================================================================

 Processing array of parameters with   3 entrances:

 IGNORE-OBJECTIVE-FUNCTION                    
 ITERATIONS-OUTPUT-DETAIL                                                    11
 NEWTON-LINE-SEARCH-INNER-SOLVER                                    'MA57 MC64'

 The specification file is not being used.

 Available HSL subroutines = MA57           

 ALGENCAN PARAMETERS:

 firstde                =                    T
 seconde                =                    T
 truehpr                =                    T
 hptype in TN           =               TRUEHP
 lsslvr in TR           =            MA57/NONE
 lsslvr in NW           =            MA57/MC64
 lsslvr in ACCPROC      =            MA57/NONE
 innslvr                =                   NW
 accproc                =                    T
 rmfixv                 =                    T
 slacks                 =                    F
 scale                  =                    T
 epsfeas                =           1.0000D-09
 epsopt                 =           1.0000D-08
 efstain                =           3.1623D-05
 eostain                =           1.0000D-12
 efacc                  =           3.1623D-05
 eoacc                  =           1.0000D-04
 iprint                 =                   11
 ncomp                  =                    6

 Specification filename =                   ''
 Output filename        =          'lcmin.out'
 Solution filename      =                   ''

 Number of variables               :   20002
 Number of equality constraints    :   15002
 Number of inequality constraints  :       0
 Number of bound constraints       :   10000
 Number of fixed variables         :       0

 There are no fixed variables to be removed.

 Objective function scale factor   : 1.0D+00
 Smallest constraints scale factor : 1.0D-01

     Entry to GENCAN.
     Number of variables:   20002
     Required optimality tolerance: 1.0D-08

     It         function  gpsupn   xsupn stesupn   nfree   SPGit in-face    fcnt
      0   8.46668908D-14 1.4D-07 1.0D+01
      1   5.33707732D-16 1.4D-08 1.0D+01 1.6D-07   14017       0       1       3
      2   4.70714504D-27 8.3D-14 1.0D+01 1.9D-08   14017       0       2       4

     Flag of GENCAN: Solution was found.


 User-provided subroutines calls counters: 

 Subroutine fsub     (coded=F):        0
 Subroutine gsub     (coded=F):        0
 Subroutine hsub     (coded=F):        0
 Subroutine csub     (coded=F):        0 (       0 calls per constraint in avg)
 Subroutine jacsub   (coded=F):        0 (       0 calls per constraint in avg)
 Subroutine hcsub    (coded=F):        0 (       0 calls per constraint in avg)
 Subroutine fcsub    (coded=T):        4
 Subroutine gjacsub  (coded=T):        5
 Subroutine gjacpsub (coded=F):        0
 Subroutine hlsub    (coded=T):        2
 Subroutine hlpsub   (coded=F):        0


 Total CPU time in seconds =     0.06

 ==============================================================================

 Initial point computed successfully.

                                            achieved                  desired        
 Unscaled feasibility ..............:   8.1712414612411521D-14   1.0000000000000001D-09
 Smallest distance to lower bound ..:   1.0000000000000000D-02   1.0000000000000000D-03

 Starting LCMIN.
 Number of variables   :   20002
 Number of constraints :   15002

 Scale factor for the objective function   : 1.0D+00
 Smallest scale factor for the constraints : 1.0D+00

 ==========================================================
 outer barrier   objective       scaled      outer   inner
  ite   param     function     obj funct    opt err   ite 
     0 1.0D-01  2.194747D+02  2.194747D+02 1.001D+01     0 

    inner barrier   scaled     scaled     min     min    NW   SE     dx      alpha    alpha    inner   time (s)
     ite   param   obj func     feas      x-l     u-x   pert pert   norm      max             opt err 
        1 1.0D-01  9.530D+02  4.974D-14 9.9D-03 0.0D+00    0    0 9.03D+02 1.00D+00 1.00D+00 2.025D-01     0.03


     1 2.0D-02  9.529652D+02  9.529652D+02 3.025D-01     1C

    inner barrier   scaled     scaled     min     min    NW   SE     dx      alpha    alpha    inner   time (s)
     ite   param   obj func     feas      x-l     u-x   pert pert   norm      max             opt err 
        1 2.0D-02  1.219D+02  7.816D-14 2.0D-03 0.0D+00    0    0 7.43D+02 1.00D+00 1.00D+00 1.084D-02     0.02


     2 2.8D-03  1.219429D+02  1.219429D+02 3.084D-02     2C


     3 1.5D-04  1.219429D+02  1.219429D+02 3.084D-02     2C

    inner barrier   scaled     scaled     min     min    NW   SE     dx      alpha    alpha    inner   time (s)
     ite   param   obj func     feas      x-l     u-x   pert pert   norm      max             opt err 
        1 1.5D-04  6.386D+00  3.553D-14 1.5D-05 0.0D+00    0    0 3.25D+02 1.00D+00 1.00D+00 5.274D-03     0.02
        2 1.5D-04  2.015D+00  3.908D-14 1.5D-05 0.0D+00    0    0 1.17D+02 1.00D+00 1.00D+00 1.282D-03     0.02


     4 1.8D-06  2.015015D+00  2.015015D+00 1.432D-03     4C

    inner barrier   scaled     scaled     min     min    NW   SE     dx      alpha    alpha    inner   time (s)
     ite   param   obj func     feas      x-l     u-x   pert pert   norm      max             opt err 
        1 1.8D-06  3.610D-01  8.171D-14 1.8D-07 0.0D+00    0    0 6.18D+01 1.00D+00 1.00D+00 3.572D-04     0.02
        2 1.8D-06  9.673D-02  1.350D-13 1.8D-07 0.0D+00    0    0 3.07D+01 1.00D+00 1.00D+00 8.883D-05     0.02
        3 1.8D-06  3.065D-02  5.684D-14 1.8D-07 0.0D+00    0    0 1.52D+01 1.00D+00 1.00D+00 2.176D-05     0.02
        4 1.8D-06  1.416D-02  2.061D-13 1.8D-07 0.0D+00    0    0 7.28D+00 1.00D+00 1.00D+00 5.014D-06     0.02


     5 2.5D-09  1.416335D-02  1.416335D-02 6.859D-06     8C

    inner barrier   scaled     scaled     min     min    NW   SE     dx      alpha    alpha    inner   time (s)
     ite   param   obj func     feas      x-l     u-x   pert pert   norm      max             opt err 
        1 2.5D-09  1.700D-03  2.665D-13 2.5D-10 0.0D+00    0    0 4.26D+00 1.00D+00 1.00D+00 1.713D-06     0.02
        2 2.5D-09  4.339D-04  2.558D-13 2.5D-10 0.0D+00    0    0 2.13D+00 1.00D+00 1.00D+00 4.277D-07     0.02
        3 2.5D-09  1.172D-04  9.948D-14 2.5D-10 0.0D+00    0    0 1.06D+00 1.00D+00 1.00D+00 1.063D-07     0.02
        4 2.5D-09  3.811D-05  1.066D-13 2.5D-10 0.0D+00    0    0 5.24D-01 1.00D+00 1.00D+00 2.597D-08     0.02
        5 2.5D-09  1.836D-05  2.593D-13 2.5D-10 0.0D+00    0    0 2.50D-01 1.00D+00 1.00D+00 5.920D-09     0.02


     6 1.0D-09  1.836091D-05  1.836091D-05 8.426D-09    13C
 ==========================================================

 FINAL RESULTS:
                            scaled                   unscaled
  Objective Funct:   1.8360913273586957D-05    1.8360913273586957D-05
  Lagrangian Grad:   4.0657581468206416D-20    4.0657581468206416D-20
 Final Point Feas:   2.5934809855243657D-13    2.5934809855243657D-13
 Bounds violation:   0.0000000000000000D+00    0.0000000000000000D+00
 Lower Bound Comp:   8.4261020116472902D-09    8.4261020116472902D-09
 Upper Bound Comp:   0.0000000000000000D+00    0.0000000000000000D+00

 Flag of LCMIN:

     Optimal solution found.

 ====================================================
                      STATISTICS                     
 ====================================================
 GENERAL:                                            

           Preprocessing time (in seconds):      0.34
            Optimization time (in seconds):      0.32

                      Inner Iterations (IIT):      13
                      Outer Iterations (OIT):       6
                  Function Evaluations (FEV):      14
         Function Gradient Evaluations (GEV):      14
          Function Hessian Evaluations (HEV):      13
          Barrier Function Evaluations (BFE):      26
 Barrier Function Gradient Evaluations (BGE):      13
 ====================================================
 AVERAGE:                                            

 Inner Iterations per Outer Iterations  :      2.1667
 FEV per IIT:      1.0769    FEV per OIT:      2.3333
 GEV per IIT:      1.0769    GEV per OIT:      2.3333
 HEV per IIT:      1.0000    HEV per OIT:      2.1667
 BFE per IIT:      2.0000    BFE per OIT:      4.3333
 BGE per IIT:      1.0000    BGE per OIT:      2.1667
 ====================================================

