
 ==============================================================================
 This is ALGENCAN 3.1.1.
 ALGENCAN, an Augmented Lagrangian method for nonlinear programming, is part of
 the TANGO Project: Trustable Algorithms for Nonlinear General Optimization.
 See http://www.ime.usp.br/~egbirgin/tango/ for details.
 ==============================================================================

 Processing array of parameters with   3 entrances:

 IGNORE-OBJECTIVE-FUNCTION                    
 ITERATIONS-OUTPUT-DETAIL                                                    11
 NEWTON-LINE-SEARCH-INNER-SOLVER                                    'MA57 MC64'

 The specification file is not being used.

 Available HSL subroutines = MA57           

 ALGENCAN PARAMETERS:

 firstde                =                    T
 seconde                =                    T
 truehpr                =                    T
 hptype in TN           =               TRUEHP
 lsslvr in TR           =            MA57/NONE
 lsslvr in NW           =            MA57/MC64
 lsslvr in ACCPROC      =            MA57/NONE
 innslvr                =                   NW
 accproc                =                    T
 rmfixv                 =                    T
 slacks                 =                    F
 scale                  =                    T
 epsfeas                =           1.0000D-09
 epsopt                 =           1.0000D-08
 efstain                =           3.1623D-05
 eostain                =           1.0000D-12
 efacc                  =           3.1623D-05
 eoacc                  =           1.0000D-04
 iprint                 =                   11
 ncomp                  =                    6

 Specification filename =                   ''
 Output filename        =          'lcmin.out'
 Solution filename      =                   ''

 Number of variables               :   20002
 Number of equality constraints    :   15002
 Number of inequality constraints  :       0
 Number of bound constraints       :   10000
 Number of fixed variables         :       0

 There are no fixed variables to be removed.

 Objective function scale factor   : 1.0D+00
 Smallest constraints scale factor : 1.0D-01

     Entry to GENCAN.
     Number of variables:   20002
     Required optimality tolerance: 1.0D-08

     It         function  gpsupn   xsupn stesupn   nfree   SPGit in-face    fcnt
      0   6.84205107D-11 4.7D-06 1.0D+01
      1   3.38557343D-13 2.4D-07 1.0D+01 5.9D-06   17867       0       1       3
      2   3.38686372D-23 8.0D-12 1.0D+01 3.3D-07   17867       0       2       4

     Flag of GENCAN: Solution was found.


 User-provided subroutines calls counters: 

 Subroutine fsub     (coded=F):        0
 Subroutine gsub     (coded=F):        0
 Subroutine hsub     (coded=F):        0
 Subroutine csub     (coded=F):        0 (       0 calls per constraint in avg)
 Subroutine jacsub   (coded=F):        0 (       0 calls per constraint in avg)
 Subroutine hcsub    (coded=F):        0 (       0 calls per constraint in avg)
 Subroutine fcsub    (coded=T):        4
 Subroutine gjacsub  (coded=T):        5
 Subroutine gjacpsub (coded=F):        0
 Subroutine hlsub    (coded=T):        2
 Subroutine hlpsub   (coded=F):        0


 Total CPU time in seconds =     0.06

 ==============================================================================

 Initial point computed successfully.

                                            achieved                  desired        
 Unscaled feasibility ..............:   7.8870243669371121D-12   1.0000000000000001D-09
 Smallest distance to lower bound ..:   1.0000000000000000D-02   1.0000000000000000D-03

 Starting LCMIN.
 Number of variables   :   20002
 Number of constraints :   15002

 Scale factor for the objective function   : 1.0D+00
 Smallest scale factor for the constraints : 1.0D+00

 ==========================================================
 outer barrier   objective       scaled      outer   inner
  ite   param     function     obj funct    opt err   ite 
     0 1.0D-01  3.054961D+02  3.054961D+02 1.002D+01     0 

    inner barrier   scaled     scaled     min     min    NW   SE     dx      alpha    alpha    inner   time (s)
     ite   param   obj func     feas      x-l     u-x   pert pert   norm      max             opt err 
        1 1.0D-01  3.368D+02  8.175D-12 2.9D-04 0.0D+00    0    0 9.04D+02 1.73D-01 1.73D-01 1.671D-01     0.06


     1 2.0D-02  3.368194D+02  3.368194D+02 2.671D-01     1C

    inner barrier   scaled     scaled     min     min    NW   SE     dx      alpha    alpha    inner   time (s)
     ite   param   obj func     feas      x-l     u-x   pert pert   norm      max             opt err 
        1 2.0D-02  1.080D+02  7.933D-12 2.0D-03 0.0D+00    0    0 5.19D+02 1.00D+00 1.00D+00 2.226D-02     0.02


     2 2.8D-03  1.079674D+02  1.079674D+02 4.226D-02     2C

    inner barrier   scaled     scaled     min     min    NW   SE     dx      alpha    alpha    inner   time (s)
     ite   param   obj func     feas      x-l     u-x   pert pert   norm      max             opt err 
        1 2.8D-03  1.892D+01  7.674D-12 2.8D-04 0.0D+00    0    0 2.82D+02 1.00D+00 1.00D+00 9.197D-03     0.02


     3 1.5D-04  1.892303D+01  1.892303D+01 1.203D-02     3C

    inner barrier   scaled     scaled     min     min    NW   SE     dx      alpha    alpha    inner   time (s)
     ite   param   obj func     feas      x-l     u-x   pert pert   norm      max             opt err 
        1 1.5D-04  2.525D+00  8.018D-12 1.5D-05 0.0D+00    0    0 1.48D+02 1.00D+00 1.00D+00 2.932D-03     0.02
        2 1.5D-04  1.161D+00  7.578D-12 1.5D-05 0.0D+00    0    0 6.75D+01 1.00D+00 1.00D+00 6.971D-04     0.02


     4 1.8D-06  1.160969D+00  1.160969D+00 8.476D-04     5C

    inner barrier   scaled     scaled     min     min    NW   SE     dx      alpha    alpha    inner   time (s)
     ite   param   obj func     feas      x-l     u-x   pert pert   norm      max             opt err 
        1 1.8D-06  1.469D-01  7.994D-12 1.8D-07 0.0D+00    0    0 3.98D+01 1.00D+00 1.00D+00 2.110D-04     0.02
        2 1.8D-06  4.321D-02  8.285D-12 1.8D-07 0.0D+00    0    0 1.96D+01 1.00D+00 1.00D+00 5.228D-05     0.02
        3 1.8D-06  1.730D-02  8.114D-12 1.8D-07 0.0D+00    0    0 9.54D+00 1.00D+00 1.00D+00 1.263D-05     0.02


     5 2.5D-09  1.729632D-02  1.729632D-02 1.447D-05     8C

    inner barrier   scaled     scaled     min     min    NW   SE     dx      alpha    alpha    inner   time (s)
     ite   param   obj func     feas      x-l     u-x   pert pert   norm      max             opt err 
        1 2.5D-09  2.475D-03  8.033D-12 2.5D-10 0.0D+00    0    0 5.29D+00 1.00D+00 1.00D+00 3.616D-06     0.02
        2 2.5D-09  6.276D-04  8.235D-12 2.5D-10 0.0D+00    0    0 2.64D+00 1.00D+00 1.00D+00 9.035D-07     0.02
        3 2.5D-09  1.657D-04  7.624D-12 2.5D-10 0.0D+00    0    0 1.32D+00 1.00D+00 1.00D+00 2.252D-07     0.02
        4 2.5D-09  5.022D-05  7.830D-12 2.5D-10 0.0D+00    0    0 6.54D-01 1.00D+00 1.00D+00 5.569D-08     0.02
        5 2.5D-09  2.138D-05  7.834D-12 2.5D-10 0.0D+00    0    0 3.17D-01 1.00D+00 1.00D+00 1.332D-08     0.02


     6 1.0D-09  2.138431D-05  2.138431D-05 1.583D-08    13C

    inner barrier   scaled     scaled     min     min    NW   SE     dx      alpha    alpha    inner   time (s)
     ite   param   obj func     feas      x-l     u-x   pert pert   norm      max             opt err 
        1 1.0D-09  7.357D-06  7.628D-12 1.0D-10 0.0D+00    0    0 1.64D-01 1.00D+00 1.00D+00 3.473D-09     0.02


     7 1.0D-09  7.356817D-06  7.356817D-06 4.473D-09    14C
 ==========================================================

 FINAL RESULTS:
                            scaled                   unscaled
  Objective Funct:   7.3568173946600434D-06    7.3568173946600434D-06
  Lagrangian Grad:   1.7763568394002505D-15    1.7763568394002505D-15
 Final Point Feas:   7.6276762683846755D-12    7.6276762683846755D-12
 Bounds violation:   0.0000000000000000D+00    0.0000000000000000D+00
 Lower Bound Comp:   4.4730742369987269D-09    4.4730742369987269D-09
 Upper Bound Comp:   0.0000000000000000D+00    0.0000000000000000D+00

 Flag of LCMIN:

     Optimal solution found.

 ====================================================
                      STATISTICS                     
 ====================================================
 GENERAL:                                            

           Preprocessing time (in seconds):      0.20
            Optimization time (in seconds):      0.35

                      Inner Iterations (IIT):      14
                      Outer Iterations (OIT):       7
                  Function Evaluations (FEV):      15
         Function Gradient Evaluations (GEV):      15
          Function Hessian Evaluations (HEV):      14
          Barrier Function Evaluations (BFE):      28
 Barrier Function Gradient Evaluations (BGE):      14
 ====================================================
 AVERAGE:                                            

 Inner Iterations per Outer Iterations  :      2.0000
 FEV per IIT:      1.0714    FEV per OIT:      2.1429
 GEV per IIT:      1.0714    GEV per OIT:      2.1429
 HEV per IIT:      1.0000    HEV per OIT:      2.0000
 BFE per IIT:      2.0000    BFE per OIT:      4.0000
 BGE per IIT:      1.0000    BGE per OIT:      2.0000
 ====================================================

