
 ==============================================================================
 This is ALGENCAN 3.1.1.
 ALGENCAN, an Augmented Lagrangian method for nonlinear programming, is part of
 the TANGO Project: Trustable Algorithms for Nonlinear General Optimization.
 See http://www.ime.usp.br/~egbirgin/tango/ for details.
 ==============================================================================

 Processing array of parameters with   3 entrances:

 IGNORE-OBJECTIVE-FUNCTION                    
 ITERATIONS-OUTPUT-DETAIL                                                    11
 NEWTON-LINE-SEARCH-INNER-SOLVER                                    'MA57 MC64'

 The specification file is not being used.

 Available HSL subroutines = MA57           

 ALGENCAN PARAMETERS:

 firstde                =                    T
 seconde                =                    T
 truehpr                =                    T
 hptype in TN           =               TRUEHP
 lsslvr in TR           =            MA57/NONE
 lsslvr in NW           =            MA57/MC64
 lsslvr in ACCPROC      =            MA57/NONE
 innslvr                =                   NW
 accproc                =                    T
 rmfixv                 =                    T
 slacks                 =                    F
 scale                  =                    T
 epsfeas                =           1.0000D-09
 epsopt                 =           1.0000D-08
 efstain                =           3.1623D-05
 eostain                =           1.0000D-12
 efacc                  =           3.1623D-05
 eoacc                  =           1.0000D-04
 iprint                 =                   11
 ncomp                  =                    6

 Specification filename =                   ''
 Output filename        =          'lcmin.out'
 Solution filename      =                   ''

 Number of variables               :   25004
 Number of equality constraints    :   20004
 Number of inequality constraints  :       0
 Number of bound constraints       :   10000
 Number of fixed variables         :       0

 There are no fixed variables to be removed.

 Objective function scale factor   : 1.0D+00
 Smallest constraints scale factor : 1.0D-01

     Entry to GENCAN.
     Number of variables:   25004
     Required optimality tolerance: 1.0D-08

     It         function  gpsupn   xsupn stesupn   nfree   SPGit in-face    fcnt
      0   9.96439190D-11 1.5D-06 1.2D+01
      1   9.85354317D-11 4.3D-07 1.2D+01 1.5D-06   21705       0       1       3
      2   9.77698269D-11 1.3D-06 1.2D+01 4.3D-07   22821       1       1       4
      3   7.42422582D-11 5.9D-07 1.2D+01 4.5D-04   22653       1       2       5
      4   7.11549782D-11 3.9D-07 1.2D+01 4.4D-07   22634       1       3       6
      5   7.06977584D-11 5.7D-08 1.2D+01 4.2D-06   22190       1       4       7
      6   7.06120482D-11 1.7D-08 1.2D+01 5.6D-08   22181       1       5       8
      7   7.06102015D-11 1.7D-08 1.2D+01 1.1D-07   22175       1       6       9
      8   7.06101028D-11 1.7D-08 1.2D+01 1.0D-08   22175       1       7      10
      9   7.06100996D-11 1.7D-08 1.2D+01 4.2D-08   22175       1       8      11

     It         function  gpsupn   xsupn stesupn   nfree   SPGit in-face    fcnt
     10   7.06098064D-11 1.7D-08 1.2D+01 1.7D-08   22195       2       8      19
     11   7.06003044D-11 5.4D-09 1.2D+01 6.9D-06   22189       2       9      20
     12   7.06002743D-11 1.4D-10 1.2D+01 3.1D-08   22188       2      10      21
     13   7.06002743D-11 1.3D-10 1.2D+01 6.3D-12   22188       3      10      29
     14   7.06002743D-11 1.3D-10 1.2D+01 1.5D-12   22188       3      11      31
     15   7.06002743D-11 1.3D-10 1.2D+01 7.5D-13   22188       3      12      36

     Flag of GENCAN: Lack of progress in the functional value, its gradient and
     the current point. Probably, an exaggerated small norm of the continuous
     projected gradient is being required to declare convergence.


 User-provided subroutines calls counters: 

 Subroutine fsub     (coded=F):        0
 Subroutine gsub     (coded=F):        0
 Subroutine hsub     (coded=F):        0
 Subroutine csub     (coded=F):        0 (       0 calls per constraint in avg)
 Subroutine jacsub   (coded=F):        0 (       0 calls per constraint in avg)
 Subroutine hcsub    (coded=F):        0 (       0 calls per constraint in avg)
 Subroutine fcsub    (coded=T):       36
 Subroutine gjacsub  (coded=T):       18
 Subroutine gjacpsub (coded=F):        0
 Subroutine hlsub    (coded=T):       12
 Subroutine hlpsub   (coded=F):        0


 Total CPU time in seconds =     0.34

 ==============================================================================

 The initial point found is acceptably feasible. LCMIN will continue.

 Initial point computed successfully.

                                            achieved                  desired        
 Unscaled feasibility ..............:   1.1740091466094782D-05   1.0000000000000001D-09
 Smallest distance to lower bound ..:   1.0000000000000002D-06   1.0000000000000003D-09

 Starting LCMIN.
 Number of variables   :   25004
 Number of constraints :   20004

 Scale factor for the objective function   : 1.0D+00
 Smallest scale factor for the constraints : 1.0D+00

 ==========================================================
 outer barrier   objective       scaled      outer   inner
  ite   param     function     obj funct    opt err   ite 
     0 1.0D-01  1.353657D+04  1.353657D+04 1.084D+01     0 

    inner barrier   scaled     scaled     min     min    NW   SE     dx      alpha    alpha    inner   time (s)
     ite   param   obj func     feas      x-l     u-x   pert pert   norm      max             opt err 
        1 1.0D-01  1.354D+04  1.174D-05 1.0D-08 0.0D+00    3    0 5.92D+03 1.90D-05 1.90D-05 2.563D+03     0.16
        2 1.0D-01  1.354D+04  1.174D-05 1.2D-08 0.0D+00    2    0 2.89D+03 6.37D-05 6.37D-05 4.018D+03     0.10
        3 1.0D-01  1.354D+04  1.174D-05 1.0D-08 0.0D+00    1    0 6.49D+03 1.76D-04 1.76D-04 3.632D+03     0.08
        4 1.0D-01  1.353D+04  1.174D-05 1.5D-08 0.0D+00    2    0 3.08D+03 5.79D-04 5.79D-04 3.785D+03     0.08
        5 1.0D-01  1.352D+04  1.174D-05 1.0D-08 0.0D+00    1    0 7.29D+03 1.50D-03 1.50D-03 3.726D+03     0.05
        6 1.0D-01  1.351D+04  1.174D-05 1.5D-08 0.0D+00    2    0 3.29D+03 5.32D-03 5.32D-03 3.721D+03     0.08
        7 1.0D-01  1.340D+04  1.174D-05 1.0D-08 0.0D+00    1    0 8.21D+03 1.34D-02 1.34D-02 3.632D+03     0.05
        8 1.0D-01  1.327D+04  1.174D-05 1.5D-08 0.0D+00    2    0 3.37D+03 4.79D-02 4.79D-02 3.417D+03     0.08
        9 1.0D-01  1.201D+04  1.174D-05 1.0D-08 0.0D+00    1    0 9.23D+03 1.17D-01 1.17D-01 2.829D+03     0.05
       10 1.0D-01  1.092D+04  1.174D-05 4.2D-07 0.0D+00    2    0 3.25D+03 2.80D-01 2.80D-01 2.043D+03     0.08

    inner barrier   scaled     scaled     min     min    NW   SE     dx      alpha    alpha    inner   time (s)
     ite   param   obj func     feas      x-l     u-x   pert pert   norm      max             opt err 
       11 1.0D-01  7.876D+03  1.174D-05 4.6D-07 0.0D+00    1    0 1.15D+04 2.11D-01 2.11D-01 1.220D+03     0.05
       12 1.0D-01  6.706D+03  1.174D-05 4.6D-07 0.0D+00    2    0 3.12D+03 3.15D-01 3.15D-01 1.957D+02     0.08
       13 1.0D-01  5.096D+03  1.174D-05 4.6D-07 0.0D+00    1    0 2.71D+04 5.96D-02 5.96D-02 1.770D+02     0.05
       14 1.0D-01  4.718D+03  1.174D-05 4.6D-07 0.0D+00    2    0 3.48D+03 9.01D-02 9.01D-02 8.611D-01     0.08


     1 2.0D-02  4.718251D+03  4.718251D+03 8.611D-01    14C

    inner barrier   scaled     scaled     min     min    NW   SE     dx      alpha    alpha    inner   time (s)
     ite   param   obj func     feas      x-l     u-x   pert pert   norm      max             opt err 
        1 2.0D-02  3.695D+03  1.174D-05 4.6D-07 0.0D+00    2    0 1.36D+03 5.88D-01 5.88D-01 2.952D+02     0.08
        2 2.0D-02  2.732D+03  1.174D-05 4.6D-07 0.0D+00    1    0 3.64D+03 2.13D-01 2.13D-01 2.054D-01     0.05
        3 2.0D-02  2.269D+03  1.174D-05 4.6D-07 0.0D+00    2    0 1.07D+03 3.53D-01 3.53D-01 1.478D-01     0.08


     2 2.8D-03  2.268982D+03  2.268982D+03 1.478D-01    17C

    inner barrier   scaled     scaled     min     min    NW   SE     dx      alpha    alpha    inner   time (s)
     ite   param   obj func     feas      x-l     u-x   pert pert   norm      max             opt err 
        1 2.8D-03  1.863D+03  1.174D-05 4.6D-07 0.0D+00    1    0 2.74D+03 1.38D-01 1.38D-01 3.164D+03     0.05
        2 2.8D-03  1.689D+03  1.174D-05 4.6D-07 0.0D+00    2    0 8.74D+02 1.84D-01 1.84D-01 1.152D+00     0.08
        3 2.8D-03  1.438D+03  1.174D-05 4.5D-07 0.0D+00    1    0 2.37D+03 1.07D-01 1.07D-01 1.796D+00     0.05
        4 2.8D-03  1.263D+03  1.174D-05 4.5D-07 0.0D+00    2    0 6.95D+02 2.47D-01 2.47D-01 1.164D+00     0.08
        5 2.8D-03  1.124D+03  1.174D-05 4.5D-07 0.0D+00    1    0 2.06D+03 7.00D-02 7.00D-02 2.068D+00     0.05
        6 2.8D-03  1.017D+03  1.174D-05 4.5D-07 0.0D+00    2    0 5.59D+02 1.96D-01 1.96D-01 1.192D+00     0.07
        7 2.8D-03  8.976D+02  1.174D-05 4.5D-07 0.0D+00    1    0 1.93D+03 6.72D-02 6.72D-02 2.343D+00     0.05
        8 2.8D-03  8.275D+02  1.174D-05 4.5D-07 0.0D+00    2    0 4.79D+02 1.58D-01 1.58D-01 1.002D+00     0.07
        9 2.8D-03  7.169D+02  1.174D-05 4.5D-07 0.0D+00    1    0 2.13D+03 5.73D-02 5.73D-02 2.810D+00     0.05
       10 2.8D-03  6.753D+02  1.174D-05 4.5D-07 0.0D+00    2    0 4.58D+02 9.88D-02 9.88D-02 1.113D+00     0.07

    inner barrier   scaled     scaled     min     min    NW   SE     dx      alpha    alpha    inner   time (s)
     ite   param   obj func     feas      x-l     u-x   pert pert   norm      max             opt err 
       11 2.8D-03  5.822D+02  1.174D-05 4.5D-07 0.0D+00    1    0 2.79D+03 3.54D-02 3.54D-02 5.485D+00     0.04
       12 2.8D-03  5.416D+02  1.174D-05 4.5D-07 0.0D+00    2    0 4.34D+02 1.03D-01 1.03D-01 1.317D+00     0.07
       13 2.8D-03  4.846D+02  1.174D-05 4.5D-07 0.0D+00    1    0 4.65D+03 1.55D-02 1.55D-02 1.409D+01     0.04
       14 2.8D-03  4.782D+02  1.174D-05 4.5D-07 0.0D+00    2    0 4.15D+02 1.84D-02 1.84D-02 9.848D-01     0.08
       15 2.8D-03  3.604D+02  1.174D-05 4.5D-07 0.0D+00    2    0 2.00D+02 6.39D-01 6.39D-01 7.641D-01     0.07
       16 2.8D-03  3.471D+02  1.174D-05 4.5D-07 0.0D+00    1    0 3.25D+02 6.01D-02 6.01D-02 1.137D+00     0.05
       17 2.8D-03  3.112D+02  1.174D-05 4.5D-07 0.0D+00    2    0 1.25D+02 3.77D-01 3.77D-01 8.582D-01     0.07
       18 2.8D-03  2.914D+02  1.174D-05 4.5D-07 0.0D+00    1    0 2.92D+02 1.05D-01 1.05D-01 1.181D+00     0.05
       19 2.8D-03  2.793D+02  1.174D-05 4.5D-07 0.0D+00    2    0 9.68D+01 1.85D-01 1.85D-01 7.285D-01     0.07
       20 2.8D-03  2.663D+02  1.174D-05 4.5D-07 0.0D+00    1    0 2.48D+02 8.57D-02 8.57D-02 9.528D-01     0.04

    inner barrier   scaled     scaled     min     min    NW   SE     dx      alpha    alpha    inner   time (s)
     ite   param   obj func     feas      x-l     u-x   pert pert   norm      max             opt err 
       21 2.8D-03  2.550D+02  1.174D-05 4.5D-07 0.0D+00    2    0 8.08D+01 2.27D-01 2.27D-01 5.474D-01     0.07
       22 2.8D-03  2.358D+02  1.174D-05 4.5D-07 0.0D+00    1    0 2.40D+02 1.40D-01 1.40D-01 1.051D+00     0.04
       23 2.8D-03  2.245D+02  1.174D-05 4.5D-07 0.0D+00    2    0 7.56D+01 2.39D-01 2.39D-01 6.894D-01     0.07
       24 2.8D-03  2.043D+02  1.174D-05 4.5D-07 0.0D+00    1    0 2.91D+02 1.00D-01 1.00D-01 1.537D+00     0.04
       25 2.8D-03  1.988D+02  1.174D-05 4.5D-07 0.0D+00    2    0 7.42D+01 1.10D-01 1.10D-01 9.037D-01     0.07
       26 2.8D-03  1.763D+02  1.174D-05 4.5D-07 0.0D+00    1    0 3.59D+02 7.74D-02 7.74D-02 2.479D+00     0.04
       27 2.8D-03  1.707D+02  1.174D-05 4.5D-07 0.0D+00    2    0 7.29D+01 1.03D-01 1.03D-01 1.146D+00     0.07
       28 2.8D-03  1.516D+02  1.174D-05 4.5D-07 0.0D+00    1    0 4.67D+02 4.52D-02 4.52D-02 3.634D+00     0.04
       29 2.8D-03  1.472D+02  1.174D-05 4.5D-07 0.0D+00    2    0 7.98D+01 9.05D-02 9.05D-02 8.394D-01     0.07
       30 2.8D-03  1.151D+02  1.174D-05 4.5D-07 0.0D+00    1    0 8.33D+02 4.82D-02 4.82D-02 6.148D+00     0.04

    inner barrier   scaled     scaled     min     min    NW   SE     dx      alpha    alpha    inner   time (s)
     ite   param   obj func     feas      x-l     u-x   pert pert   norm      max             opt err 
       31 2.8D-03  1.148D+02  1.174D-05 4.5D-07 0.0D+00    2    0 9.40D+01 5.05D-03 5.05D-03 1.174D+00     0.07
       32 2.8D-03  1.048D+02  1.174D-05 4.5D-07 0.0D+00    2    0 3.38D+01 4.41D-01 4.41D-01 8.951D-01     0.07
       33 2.8D-03  9.581D+01  1.174D-05 4.5D-07 0.0D+00    1    0 9.25D+01 1.47D-01 1.47D-01 1.291D+00     0.05
       34 2.8D-03  9.514D+01  1.174D-05 4.5D-07 0.0D+00    2    0 2.71D+01 4.44D-02 4.44D-02 6.259D-01     0.07
       35 2.8D-03  8.908D+01  1.174D-05 4.5D-07 0.0D+00    1    0 8.20D+01 1.40D-01 1.40D-01 9.182D-01     0.05
       36 2.8D-03  7.601D+01  1.174D-05 4.5D-07 0.0D+00    2    0 2.79D+01 8.66D-01 8.66D-01 7.048D-01     0.07
       37 2.8D-03  5.982D+01  1.174D-05 4.5D-07 0.0D+00    1    0 1.04D+02 2.46D-01 2.46D-01 1.265D+00     0.04
       38 2.8D-03  5.326D+01  1.174D-05 4.5D-07 0.0D+00    2    0 3.22D+01 2.96D-01 2.96D-01 9.952D-01     0.07
       39 2.8D-03  5.259D+01  1.174D-05 4.5D-07 0.0D+00    1    0 1.27D+02 8.96D-03 8.96D-03 1.873D+00     0.04
       40 2.8D-03  4.477D+01  1.174D-05 4.5D-07 0.0D+00    2    0 3.19D+01 4.19D-01 4.19D-01 8.997D-01     0.07

    inner barrier   scaled     scaled     min     min    NW   SE     dx      alpha    alpha    inner   time (s)
     ite   param   obj func     feas      x-l     u-x   pert pert   norm      max             opt err 
       41 2.8D-03  4.345D+01  1.174D-05 4.5D-07 0.0D+00    1    0 1.28D+02 2.08D-02 2.08D-02 2.732D+00     0.04
       42 2.8D-03  3.438D+01  1.174D-05 4.5D-07 0.0D+00    2    0 3.01D+01 6.09D-01 6.09D-01 9.642D-01     0.07
       43 2.8D-03  3.235D+01  1.174D-05 4.5D-07 0.0D+00    1    0 1.80D+02 1.85D-02 1.85D-02 2.486D+00     0.04
       44 2.8D-03  3.197D+01  1.174D-05 4.5D-07 0.0D+00    2    0 2.60D+01 5.22D-02 5.22D-02 6.018D-01     0.07
       45 2.8D-03  2.955D+01  1.174D-05 4.5D-07 0.0D+00    1    0 1.28D+02 6.93D-02 6.93D-02 1.038D+00     0.04
       46 2.8D-03  2.940D+01  1.174D-05 4.5D-07 0.0D+00    2    0 1.40D+01 5.94D-02 5.94D-02 2.652D-01     0.07
       47 2.8D-03  2.630D+01  1.174D-05 4.5D-07 0.0D+00    1    0 8.77D+01 1.09D-01 1.09D-01 1.467D+00     0.04
       48 2.8D-03  2.624D+01  1.174D-05 4.5D-07 0.0D+00    2    0 1.39D+01 2.13D-02 2.13D-02 4.271D-01     0.07
       49 2.8D-03  2.206D+01  1.174D-05 4.5D-07 0.0D+00    1    0 1.92D+02 6.83D-02 6.83D-02 4.050D+00     0.04
       50 2.8D-03  2.204D+01  1.174D-05 4.5D-07 0.0D+00    2    0 1.22D+01 9.22D-03 9.22D-03 1.928D-01     0.07

    inner barrier   scaled     scaled     min     min    NW   SE     dx      alpha    alpha    inner   time (s)
     ite   param   obj func     feas      x-l     u-x   pert pert   norm      max             opt err 
       51 2.8D-03  2.145D+01  1.174D-05 4.5D-07 0.0D+00    1    0 5.74D+01 9.19D-02 9.19D-02 9.571D-01     0.04
       52 2.8D-03  2.080D+01  1.174D-05 4.5D-07 0.0D+00    2    0 9.09D+00 9.76D-01 9.76D-01 1.284D-01     0.07
       53 2.8D-03  2.055D+01  1.174D-05 4.5D-07 0.0D+00    1    0 2.34D+01 1.27D-01 1.27D-01 4.618D-01     0.04
       54 2.8D-03  2.040D+01  1.174D-05 4.5D-07 0.0D+00    2    0 5.83D+00 6.39D-01 6.39D-01 1.069D-01     0.07
       55 2.8D-03  2.002D+01  1.174D-05 4.5D-07 0.0D+00    1    0 3.37D+01 1.61D-01 1.61D-01 8.441D-01     0.05
       56 2.8D-03  1.998D+01  1.174D-05 4.5D-07 0.0D+00    2    0 3.97D+00 1.00D+00 1.00D+00 1.665D-02     0.08


     3 1.5D-04  1.998279D+01  1.998279D+01 1.665D-02    73C

    inner barrier   scaled     scaled     min     min    NW   SE     dx      alpha    alpha    inner   time (s)
     ite   param   obj func     feas      x-l     u-x   pert pert   norm      max             opt err 
        1 1.5D-04  1.435D+01  1.174D-05 4.5D-07 0.0D+00    1    0 4.64D+01 4.75D-01 4.75D-01 1.470D+03     0.05
        2 1.5D-04  8.116D+00  1.174D-05 4.5D-07 0.0D+00    2    0 2.64D+01 1.00D+00 1.00D+00 6.180D-02     0.08
        3 1.5D-04  7.809D+00  1.174D-05 4.5D-07 0.0D+00    1    0 1.74D+01 8.74D-01 8.74D-01 1.299D-01     0.04
        4 1.5D-04  7.793D+00  1.174D-05 4.5D-07 0.0D+00    2    0 3.94D+00 2.33D-01 2.33D-01 1.468D-01     0.07
        5 1.5D-04  7.774D+00  1.174D-05 4.5D-07 0.0D+00    1    0 5.11D+00 1.00D+00 1.00D+00 7.856D-03     0.04
        6 1.5D-04  7.762D+00  1.174D-05 4.5D-07 0.0D+00    1    0 2.64D+00 1.00D+00 1.00D+00 2.514D-03     0.04
        7 1.5D-04  7.761D+00  1.174D-05 4.5D-07 0.0D+00    1    0 6.80D-01 1.00D+00 1.00D+00 3.907D-04     0.04


     4 1.8D-06  7.761496D+00  7.761496D+00 3.907D-04    80C

    inner barrier   scaled     scaled     min     min    NW   SE     dx      alpha    alpha    inner   time (s)
     ite   param   obj func     feas      x-l     u-x   pert pert   norm      max             opt err 
        1 1.8D-06  7.097D+00  1.174D-05 1.6D-07 0.0D+00    1    0 5.20D+00 1.00D+00 1.00D+00 1.346D-04     0.04
        2 1.8D-06  7.094D+00  1.174D-05 1.6D-07 0.0D+00    1    0 7.22D-01 1.00D+00 1.00D+00 1.612D-05     0.04


     5 2.5D-09  7.094126D+00  7.094126D+00 1.612D-05    82C

    inner barrier   scaled     scaled     min     min    NW   SE     dx      alpha    alpha    inner   time (s)
     ite   param   obj func     feas      x-l     u-x   pert pert   norm      max             opt err 
        1 2.5D-09  7.087D+00  1.174D-05 1.5D-14 0.0D+00    1    0 2.29D-01 8.23D-01 8.23D-01 7.185D-01     0.05
        2 2.5D-09  7.086D+00  1.174D-05 1.5D-15 0.0D+00    1    0 8.16D-02 5.91D-01 5.91D-01 3.298D-01     0.04
        3 2.5D-09  7.086D+00  1.174D-05 1.9D-16 0.0D+00    1    0 4.48D-02 5.22D-01 5.22D-01 6.109D-01     0.05
        4 2.5D-09  7.086D+00  1.174D-05 4.2D-16 0.0D+00    1    0 2.69D-02 4.87D-01 4.87D-01 3.751D-01     0.05
        5 2.5D-09  7.086D+00  1.174D-05 1.1D-16 0.0D+00    1    0 1.54D-02 2.59D-01 2.59D-01 1.428D+00     0.05
        6 2.5D-09  7.086D+00  1.174D-05 4.7D-16 0.0D+00    1    0 1.22D-02 7.45D-01 7.45D-01 1.956D+00     0.04
        7 2.5D-09  7.086D+00  1.174D-05 9.9D-17 0.0D+00    1    0 4.17D-03 4.63D-01 4.63D-01 3.115D-01     0.05
        8 2.5D-09  7.086D+00  1.174D-05 2.3D-11 0.0D+00    1    0 3.06D-03 4.58D-01 3.58D-03 1.852D-01     0.05
        9 2.5D-09  7.085D+00  1.174D-05 1.7D-16 0.0D+00    1    0 3.15D-03 5.20D-01 5.20D-01 8.514D-02     0.05
       10 2.5D-09  7.085D+00  1.174D-05 3.1D-11 0.0D+00    1    0 2.54D-03 5.71D-01 4.46D-03 3.541D-02     0.06

    inner barrier   scaled     scaled     min     min    NW   SE     dx      alpha    alpha    inner   time (s)
     ite   param   obj func     feas      x-l     u-x   pert pert   norm      max             opt err 
       11 2.5D-09  7.085D+00  1.174D-05 1.8D-14 0.0D+00    1    0 1.65D-03 9.62D-01 9.62D-01 6.700D-02     0.05
       12 2.5D-09  7.085D+00  1.174D-05 2.3D-10 0.0D+00    1    0 5.25D-04 1.00D+00 1.95D-03 2.120D-06     0.06
       13 2.5D-09  7.085D+00  1.174D-05 2.2D-10 0.0D+00    1    0 7.29D-04 1.00D+00 1.00D+00 3.924D-09     0.05


     6 1.0D-09  7.085485D+00  7.085485D+00 6.430D-09    95C
 ==========================================================

 FINAL RESULTS:
                            scaled                   unscaled
  Objective Funct:   7.0854848361126219D+00    7.0854848361126219D+00
  Lagrangian Grad:   8.7193523309479683D-14    8.7193523309479683D-14
 Final Point Feas:   1.1740091494516491D-05    1.1740091494516491D-05
 Bounds violation:   0.0000000000000000D+00    0.0000000000000000D+00
 Lower Bound Comp:   6.4298772325949131D-09    6.4298772325949131D-09
 Upper Bound Comp:   0.0000000000000000D+00    0.0000000000000000D+00

 Flag of LCMIN:

     Acceptable feasible optimal solution found.

 ====================================================
                      STATISTICS                     
 ====================================================
 GENERAL:                                            

           Preprocessing time (in seconds):     28.93
            Optimization time (in seconds):      5.82

                      Inner Iterations (IIT):      95
                      Outer Iterations (OIT):       6
                  Function Evaluations (FEV):     119
         Function Gradient Evaluations (GEV):      96
          Function Hessian Evaluations (HEV):      95
          Barrier Function Evaluations (BFE):     213
 Barrier Function Gradient Evaluations (BGE):      95
 ====================================================
 AVERAGE:                                            

 Inner Iterations per Outer Iterations  :     15.8333
 FEV per IIT:      1.2526    FEV per OIT:     19.8333
 GEV per IIT:      1.0105    GEV per OIT:     16.0000
 HEV per IIT:      1.0000    HEV per OIT:     15.8333
 BFE per IIT:      2.2421    BFE per OIT:     35.5000
 BGE per IIT:      1.0000    BGE per OIT:     15.8333
 ====================================================

