sifdecoder -A pc64.lnx.gfo -st   A2NNSNSL

 Problem name: A2NNSNSL

 Double precision version will be formed

 The objective function uses 2 linear groups
 
 There are 20004 linear equality constraints
 
 There are 15004 free variables
 There are 10000 variables bounded only from below 
 There are 35008 fixed variables
 
 
 File successfully decoded
 CUTEST: tools (double precision version) compiled successfully
 CUTEst: ipopt (double precision version) compiled successfully

******************************************************************************
This program contains Ipopt, a library for large-scale nonlinear optimization.
 Ipopt is released as open source code under the Eclipse Public License (EPL).
         For more information visit http://projects.coin-or.org/Ipopt
******************************************************************************

This is Ipopt version trunk, running with linear solver ma57.

Number of nonzeros in equality constraint Jacobian...:    76091
Number of nonzeros in inequality constraint Jacobian.:        0
Number of nonzeros in Lagrangian Hessian.............:    30004

Total number of variables............................:    25004
                     variables with only lower bounds:    10000
                variables with lower and upper bounds:        0
                     variables with only upper bounds:        0
Total number of equality constraints.................:    20004
Total number of inequality constraints...............:        0
        inequality constraints with only lower bounds:        0
   inequality constraints with lower and upper bounds:        0
        inequality constraints with only upper bounds:        0

iter    objective    inf_pr   inf_du lg(mu)  ||d||  lg(rg) alpha_du alpha_pr  ls
   0  4.9999900e-01 9.92e+01 6.37e-01  -1.0 0.00e+00    -  0.00e+00 0.00e+00   0
   1  5.5008446e-01 9.90e+01 1.10e+00  -1.0 1.80e+02  -4.0 1.00e-03 2.01e-03h  1
   2  6.5129809e-01 9.89e+01 1.09e+00  -1.0 1.68e+02  -4.5 1.71e-03 1.67e-03f  1
   3  7.8978226e-01 9.87e+01 1.09e+00  -1.0 1.06e+02  -5.0 1.85e-03 1.81e-03f  1
   4  9.6885291e-01 9.85e+01 1.09e+00  -1.0 4.81e+01  -5.4 1.99e-03 2.15e-03f  1
   5  1.2009382e+00 9.82e+01 1.09e+00  -1.0 6.11e+01  -5.9 2.33e-03 2.62e-03f  1
   6  1.5028957e+00 9.79e+01 1.08e+00  -1.0 3.73e+01  -6.4 2.86e-03 3.23e-03f  1
   7  1.9149415e+00 9.75e+01 1.30e+00  -1.0 5.27e+01  -6.9 3.36e-03 4.15e-03f  1
   8  2.7240164e+00 9.68e+01 2.48e+00  -1.0 2.53e+01  -7.3 5.09e-03 7.54e-03f  1
   9  4.1400359e+00 9.56e+01 5.37e+00  -1.0 1.47e+01  -7.8 6.09e-03 1.18e-02f  1
iter    objective    inf_pr   inf_du lg(mu)  ||d||  lg(rg) alpha_du alpha_pr  ls
  10  5.9594617e+00 9.43e+01 5.26e+00  -1.0 1.46e+01  -8.3 1.08e-02 1.36e-02f  1
  11  1.0427900e+01 9.16e+01 6.26e+00  -1.0 1.44e+01  -8.8 1.32e-02 2.87e-02f  1
  12  2.3702560e+02 4.21e+01 1.07e+02  -1.0 1.39e+01  -9.2 2.41e-02 5.41e-01f  1
  13  2.2589288e+02 3.68e+01 9.46e+01  -1.0 5.15e+01  -9.7 2.81e-01 1.26e-01f  1
  14  2.4874135e+02 2.20e+01 5.71e+01  -1.0 1.19e+01 -10.2 4.94e-01 4.02e-01f  1
  15  3.0521006e+02 9.62e+00 4.09e+02  -1.0 6.73e+00 -10.7 5.91e-02 5.63e-01f  1
  16  3.2295454e+02 6.72e+00 3.52e+02  -1.0 4.38e+00 -11.2 7.17e-01 3.01e-01h  1
  17  3.5580558e+02 2.75e+00 4.47e+02  -1.0 3.31e+00 -11.6 6.85e-01 5.91e-01h  1
  18  3.7125700e+02 1.13e+00 1.07e+04  -1.0 7.39e+00 -12.1 4.96e-02 5.89e-01f  1
  19  3.7518814e+02 7.37e-01 7.63e+03  -1.0 8.12e+00 -12.6 5.35e-02 3.47e-01h  1
iter    objective    inf_pr   inf_du lg(mu)  ||d||  lg(rg) alpha_du alpha_pr  ls
  20  3.7641997e+02 6.16e-01 6.32e+03  -1.0 5.07e+00 -13.1 1.56e-01 1.64e-01f  1
  21  3.8082951e+02 1.80e-01 1.86e+03  -1.0 5.83e+00 -13.5 7.38e-01 7.08e-01h  1
  22  3.8287477e+02 1.05e-03 1.83e+03  -1.0 2.20e+01 -14.0 4.78e-01 9.94e-01f  1
  23  3.8306594e+02 2.41e-04 8.59e+02  -1.0 4.28e+01 -14.5 6.14e-01 7.71e-01f  1
  24  3.8411561e+02 8.75e-06 1.06e+03  -1.0 1.09e+02 -15.0 5.44e-01 1.00e+00f  1
  25  3.8588985e+02 7.80e-06 9.51e+02  -1.0 2.36e+02 -15.5 6.11e-01 1.00e+00f  1
  26  3.8996152e+02 6.58e-06 1.44e+03  -1.0 1.73e+03 -15.9 5.86e-01 1.00e+00f  1
  27  3.8860029e+02 6.17e-06 5.63e+02  -1.0 5.20e+03 -16.4 6.37e-01 6.54e-01f  1
  28  3.8860383e+02 6.17e-06 1.04e+04  -1.0 1.34e+07 -16.9 8.91e-04 1.13e-04f  2
  29  3.9563591e+02 5.61e-06 3.38e-05  -1.0 3.57e+02  -7.0 1.00e+00 1.00e+00f  1
iter    objective    inf_pr   inf_du lg(mu)  ||d||  lg(rg) alpha_du alpha_pr  ls
  30  1.9903834e+01 2.15e-09 3.65e-06  -3.8 1.87e+00  -5.7 1.00e+00 1.00e+00f  1
Reallocating memory for MA57: lfact (8878006)
  31  1.0511885e+01 1.12e-09 1.94e+00  -3.8 3.13e+01  -6.2 4.79e-01 4.80e-01f  1
  32  3.6325475e+00 2.79e-10 9.56e-01  -3.8 1.26e+01  -6.7 7.50e-01 7.51e-01f  1
  33  1.0406676e+00 3.83e-11 5.08e-01  -3.8 5.32e+00  -7.1 9.50e-01 9.50e-01f  1
  34  6.3364085e-01 4.60e-11 5.43e-08  -3.8 2.19e+00  -7.6 1.00e+00 1.00e+00f  1
  35  1.0239338e-01 3.83e-11 5.02e-02  -5.7 4.73e+00  -8.1 8.51e-01 8.51e-01f  1
  36  1.5080782e-02 3.64e-11 2.43e-02  -5.7 5.91e+00  -8.6 9.17e-01 9.17e-01f  1
  37  8.4764702e-03 3.96e-11 1.10e-02  -5.7 1.59e+01  -9.0 7.91e-01 7.91e-01f  1
  38  8.4062291e-03 4.77e-11 9.93e-03  -5.7 3.08e+01  -9.5 4.07e-02 4.07e-02f  1
  39  8.3869467e-03 2.06e-11 5.68e-01  -5.7 4.65e+02 -10.0 2.79e-02 1.39e-02f  2
iter    objective    inf_pr   inf_du lg(mu)  ||d||  lg(rg) alpha_du alpha_pr  ls
  40  8.3817154e-03 1.51e-11 3.72e+01  -5.7 7.38e-01  -4.2 1.00e+00 2.35e-03f  2
  41  6.8251689e-03 2.96e-11 4.47e-01  -5.7 4.91e-02  -3.7 1.00e+00 9.88e-01f  1
  42  6.8011305e-03 5.76e-11 5.46e-07  -5.7 8.85e-03  -4.2 1.00e+00 1.00e+00f  1
  43 -3.1625888e-04 4.13e-11 3.98e+01  -8.6 8.83e-03  -4.7 7.93e-01 9.99e-01f  1
  44 -3.8743679e-04 2.44e-11 4.31e+01  -8.6 5.63e-03  -5.2 6.72e-01 5.18e-01f  1
  45 -3.8743435e-04 2.29e-11 4.46e+01  -8.6 1.12e-02  -5.6 6.93e-01 1.60e-06h 20
  46 -4.4941414e-04 1.42e-09 1.32e+01  -8.6 5.16e-03  -5.2 1.00e+00 8.05e-01H  1
  47 -6.0991262e-04 1.48e-09 3.14e+00  -8.6 9.42e-03  -5.7 9.78e-01 9.21e-01F  1
  48 -6.0989247e-04 1.48e-09 2.02e+01  -8.6 2.48e-02  -6.2 9.89e-01 4.88e-04f 12
  49 -5.7181279e-04 1.45e-09 1.62e-08  -8.6 8.96e-03  -5.7 1.00e+00 1.00e+00h  1
iter    objective    inf_pr   inf_du lg(mu)  ||d||  lg(rg) alpha_du alpha_pr  ls
  50 -5.7222467e-04 1.28e-09 1.36e+01  -9.0 2.67e-02  -6.2 4.17e-01 1.00e+00h  1
  51 -5.1330598e-04 1.14e-09 2.60e+01  -9.0 7.91e-02  -6.7 2.41e-01 1.00e+00h  1
  52 -4.9604277e-04 1.07e-09 3.60e+01  -9.0 2.35e-01  -7.2 2.11e-01 1.00e+00h  1
  53 -4.7513303e-04 1.35e-09 4.42e+01  -9.0 6.96e-01  -7.7 1.92e-01 1.00e+00h  1
  54 -4.9961713e-04 9.85e-10 6.45e+01  -9.0 2.07e+00  -8.1 1.99e-01 1.00e+00H  1
  55 -4.9906098e-04 9.85e-10 5.16e+01  -9.0 6.11e+00  -8.6 1.52e-01 4.29e-03h  8
  56 -4.6415983e-04 1.02e-09 4.71e+01  -9.0 1.77e+01  -9.1 8.64e-02 8.64e-02s 20
  57 -3.8526057e-04 1.13e-09 4.52e+01  -9.0 4.33e+01  -9.6 4.14e-02 4.14e-02s 20
  58 -3.4583651e-04 1.17e-09 3.99e+01  -9.0 9.42e+00  -9.1 1.17e-01 1.17e-01s 20
  59 -1.2623644e-04 1.50e-09 3.61e+01  -9.0 5.55e+01  -9.6 9.42e-02 9.42e-02s 20
iter    objective    inf_pr   inf_du lg(mu)  ||d||  lg(rg) alpha_du alpha_pr  ls
  60 -1.0976822e-04 1.51e-09 3.11e+01  -9.0 1.09e+01  -9.2 1.39e-01 1.39e-01s 20
  61  5.2213302e-06 1.69e-09 2.98e+01  -9.0 6.96e+01  -9.7 4.08e-02 4.08e-02s 20
  62  1.3848735e-05 1.70e-09 2.49e+01  -9.0 1.27e+01  -9.2 1.65e-01 1.65e-01s 20
  63  1.4210273e-04 1.92e-09 2.41e+01  -9.0 9.42e+01  -9.7 3.36e-02 3.36e-02s 20
  64  1.4201789e-04 1.92e-09 1.43e+01  -9.0 1.49e+01  -9.3 4.05e-01 4.05e-01s 20
  65  2.4074491e-04 2.10e-09 1.41e+01  -9.0 1.44e+02  -9.8 1.79e-02 1.79e-02s 20
  66  2.2573333e-04 2.23e-09 1.53e-01  -9.0 1.77e+01  -9.3 9.89e-01 9.89e-01s 20
  67r 2.2573333e-04 2.23e-09 9.99e+02  -8.7 0.00e+00  -9.8 0.00e+00 0.00e+00R  1
  68r-1.5634051e-04 2.13e-09 9.97e+02  -8.7 1.52e-02    -  9.79e-04 2.28e-03f  1
  69r-2.1309397e-04 2.05e-09 9.95e+02  -8.7 1.51e-02    -  1.31e-03 1.69e-03f  1
iter    objective    inf_pr   inf_du lg(mu)  ||d||  lg(rg) alpha_du alpha_pr  ls
  70r-2.4611214e-04 2.02e-09 1.00e+03  -8.7 1.50e-02    -  8.35e-04 1.60e-03f  1
  71r-2.6356092e-04 1.99e-09 1.01e+03  -8.7 1.50e-02    -  7.30e-04 1.13e-03f  1
  72r-2.6901325e-04 1.97e-09 1.02e+03  -8.7 1.49e-02    -  1.32e-04 7.06e-04f  1
  73r-3.0350582e-04 1.94e-09 1.03e+03  -8.7 1.49e-02    -  1.22e-04 1.68e-03f  1
  74r-3.1797649e-04 1.93e-09 1.02e+03  -8.7 1.48e-02    -  2.01e-03 1.09e-03f  1
  75r-3.3326884e-04 1.88e-09 1.03e+03  -8.7 1.48e-02    -  1.01e-03 2.09e-03f  1
  76r-3.3979141e-04 1.86e-09 1.02e+03  -8.7 1.47e-02    -  1.50e-03 1.40e-03f  1
  77r-3.5083790e-04 1.79e-09 1.03e+03  -8.7 1.46e-02    -  7.18e-04 1.46e-03f  1
  78r-3.5231697e-04 1.79e-09 1.02e+03  -8.7 1.46e-02    -  1.42e-03 5.70e-04f  1
  79r-3.5596115e-04 1.78e-09 1.02e+03  -8.7 1.46e-02    -  1.02e-03 9.70e-04f  1
iter    objective    inf_pr   inf_du lg(mu)  ||d||  lg(rg) alpha_du alpha_pr  ls
  80r-3.6114430e-04 1.75e-09 1.02e+03  -8.7 1.45e-02    -  8.04e-04 9.98e-04f  1
  81r-3.6746812e-04 1.74e-09 1.02e+03  -8.7 1.45e-02    -  1.00e-03 1.64e-03f  1
  82r-3.7262790e-04 1.72e-09 1.02e+03  -8.7 1.44e-02    -  9.91e-04 1.39e-03f  1
  83r-3.7590018e-04 1.71e-09 1.02e+03  -8.7 1.44e-02    -  1.26e-03 1.04e-03f  1
  84r-3.8219219e-04 1.69e-09 1.02e+03  -8.7 1.43e-02    -  8.79e-04 1.47e-03f  1
  85r-3.8473797e-04 1.68e-09 1.02e+03  -8.7 1.43e-02    -  1.47e-03 1.51e-03f  1
  86r-3.8791216e-04 1.67e-09 1.02e+03  -8.7 1.42e-02    -  1.29e-03 1.48e-03f  1
  87r-3.9117331e-04 1.66e-09 1.01e+03  -8.7 1.41e-02    -  1.13e-03 1.26e-03f  1
  88r-3.9838613e-04 1.65e-09 1.01e+03  -8.7 1.41e-02    -  4.33e-04 1.01e-03f  1
  89r-3.9981860e-04 1.64e-09 1.01e+03  -8.7 1.41e-02    -  9.15e-04 5.25e-04f  1
iter    objective    inf_pr   inf_du lg(mu)  ||d||  lg(rg) alpha_du alpha_pr  ls
  90r-4.1333581e-04 1.54e-09 1.01e+03  -8.7 1.40e-02    -  3.57e-04 1.25e-03f  1
  91r-4.1449691e-04 1.54e-09 1.01e+03  -8.7 1.40e-02    -  1.26e-03 3.11e-04f  1
  92r-4.1774231e-04 1.53e-09 1.01e+03  -8.7 1.40e-02    -  7.94e-04 1.47e-03f  1
  93r-4.2413117e-04 1.48e-09 1.01e+03  -8.7 1.39e-02    -  2.36e-04 8.14e-04f  1
  94r-4.2446126e-04 1.48e-09 1.01e+03  -8.7 1.39e-02    -  2.33e-03 3.19e-04f  1
  95r-4.2722248e-04 1.46e-09 1.01e+03  -8.7 1.39e-02    -  1.51e-04 6.52e-04f  1
  96r-4.2782478e-04 1.46e-09 1.01e+03  -8.7 1.38e-02    -  1.38e-03 4.92e-04f  1
  97r-4.3132942e-04 1.45e-09 1.01e+03  -8.7 1.38e-02    -  7.12e-04 1.27e-03f  1
  98r-4.3937765e-04 1.39e-09 1.05e+03  -8.7 1.38e-02    -  4.15e-04 1.98e-03f  1
  99r-4.4055678e-04 1.39e-09 1.03e+03  -8.7 1.37e-02    -  1.46e-03 5.65e-04f  1
iter    objective    inf_pr   inf_du lg(mu)  ||d||  lg(rg) alpha_du alpha_pr  ls
 100r-4.4278557e-04 1.39e-09 1.03e+03  -8.7 1.37e-02    -  1.08e-03 1.49e-03f  1
 101r-4.4623993e-04 1.39e-09 1.03e+03  -8.7 1.36e-02    -  6.36e-04 9.85e-04f  1
 102 -4.5946806e-03 3.40e-09 4.16e+03  -9.0 1.26e-01  -5.8 1.18e-02 1.46e-02f  1
 103 -5.2811047e-03 3.45e-09 4.10e+03  -9.0 3.34e-01  -6.3 1.47e-02 2.51e-03f  1
 104 -6.1650012e-03 3.53e-09 4.05e+03  -9.0 1.26e-01  -5.8 1.45e-02 3.27e-03f  1
 105 -9.0582473e-03 5.19e-09 3.98e+03  -9.0 3.78e-01  -6.3 1.69e-02 1.08e-02f  1
 106 -1.0312840e-02 5.95e-09 3.96e+03  -9.0 1.41e-01  -5.9 6.70e-03 4.86e-03f  1
 107 -1.0559202e-02 6.05e-09 3.93e+03  -9.0 4.29e-01  -6.4 9.29e-03 9.78e-04f  1
 108 -1.2065014e-02 5.89e-09 3.91e+03  -9.0 1.64e-01  -5.9 3.60e-03 6.08e-03f  1
 109 -1.2879750e-02 6.01e-09 3.89e+03  -9.0 5.02e-01  -6.4 6.58e-03 3.41e-03f  1
iter    objective    inf_pr   inf_du lg(mu)  ||d||  lg(rg) alpha_du alpha_pr  ls
 110 -1.3532361e-02 6.33e-09 3.83e+03  -9.0 1.91e-01  -6.0 1.66e-02 2.83e-03f  1
 111 -1.4174433e-02 6.52e-09 3.76e+03  -9.0 5.72e-01  -6.5 2.05e-02 3.02e-03f  1
 112 -1.4145978e-02 6.51e-09 6.59e+05  -9.0 1.32e-02  -6.0 7.75e-08 2.00e-03h  2
 113 -1.4105653e-02 6.49e-09 6.57e+05  -9.0 8.13e-02  -6.5 9.11e-04 2.97e-03h  1
 114 -1.4105649e-02 6.49e-09 6.57e+05  -9.0 1.45e-02  -6.1 2.99e-03 3.18e-07h 18
 115 -1.3569403e-02 6.23e-09 6.31e+05  -9.0 4.53e-01  -6.6 4.74e-03 3.96e-02h  1
 116 -1.3569398e-02 6.23e-09 6.31e+05  -9.0 5.59e-02  -7.0 4.57e-02 3.56e-07h 16
 117 -1.3162304e-02 6.04e-09 6.11e+05  -9.0 1.68e-01  -7.5 5.01e-02 3.13e-02h  1
 118r-1.3162304e-02 6.04e-09 1.00e+03  -8.2 0.00e+00  -8.0 0.00e+00 2.67e-07R 12
 119r-9.3888552e-03 5.26e-09 1.00e+03  -8.2 2.43e-02    -  1.40e-04 1.59e-03f  1
iter    objective    inf_pr   inf_du lg(mu)  ||d||  lg(rg) alpha_du alpha_pr  ls
 120 -9.7497207e-03 5.40e-09 4.22e+03  -9.0 7.76e-01  -8.5 9.23e-04 1.32e-03f  1
 121 -1.0236624e-02 5.59e-09 4.21e+03  -9.0 7.59e-01  -8.9 2.11e-04 1.80e-03f  1
 122 -1.1003233e-02 5.89e-09 4.20e+03  -9.0 7.42e-01  -9.4 1.25e-03 2.86e-03f  1
 123 -1.1625360e-02 6.14e-09 4.19e+03  -9.0 6.86e-01  -9.9 3.82e-03 2.40e-03f  1
 124 -1.2052728e-02 6.30e-09 4.18e+03  -9.0 4.15e-01 -10.4 8.21e-04 1.75e-03f  1
 125 -1.2661062e-02 6.53e-09 4.17e+03  -9.0 4.23e-01 -10.9 2.46e-03 2.59e-03f  1
 126 -1.3052491e-02 6.63e-09 4.16e+03  -9.0 4.21e-01 -11.3 1.40e-03 1.85e-03f  1
 127 -1.3479025e-02 6.64e-09 4.16e+03  -9.0 4.18e-01 -11.8 1.29e-03 2.15e-03f  1
 128 -1.3896704e-02 6.63e-09 4.15e+03  -9.0 4.13e-01 -12.3 1.64e-03 2.27e-03f  1
 129 -1.4222674e-02 6.60e-09 4.14e+03  -9.0 4.05e-01 -12.8 2.44e-03 1.94e-03f  1
iter    objective    inf_pr   inf_du lg(mu)  ||d||  lg(rg) alpha_du alpha_pr  ls
 130 -1.4701268e-02 6.50e-09 4.12e+03  -9.0 3.86e-01 -13.2 4.48e-03 3.12e-03f  1
 131 -1.4844588e-02 6.45e-09 4.02e+03  -9.0 3.14e-01 -13.7 2.81e-02 1.11e-03f  1
 132 -1.5064067e-02 6.35e-09 3.81e+03  -9.0 2.15e-01 -14.2 5.98e-02 2.39e-03f  1
 133 -1.5199494e-02 6.29e-09 3.18e+03  -9.0 1.44e-01 -14.7 1.77e-01 2.91e-03f  1
 134 -1.5353609e-02 6.19e-09 7.70e+02  -9.0 4.57e-02 -15.1 8.00e-01 1.32e-02f  1
 135 -1.6127000e-02 5.62e-09 7.44e+01  -9.0 1.29e-01 -15.6 1.00e+00 4.68e-01f  1
 136 -1.6125772e-02 5.62e-09 1.04e+05  -9.0 2.30e+03 -10.7 8.78e-07 7.82e-05h  1
 137 -1.6125766e-02 5.62e-09 1.04e+05  -9.0 7.18e+01 -10.3 2.70e-05 3.61e-07h 18
 138 -1.5390367e-02 5.36e-09 8.16e+06  -9.0 1.62e+02 -10.7 4.03e-07 4.70e-02h  1
 139 -1.5388558e-02 5.36e-09 8.16e+06  -9.0 2.98e+02 -11.2 9.32e-05 1.22e-04h 14
iter    objective    inf_pr   inf_du lg(mu)  ||d||  lg(rg) alpha_du alpha_pr  ls
 140 -1.0581032e-03 7.80e-11 1.88e+06  -9.0 4.28e+02 -11.7 2.74e-02 1.00e+00h  1
 141 -1.6690092e-03 2.19e-11 8.54e+05  -9.0 6.61e+02 -12.2 7.35e-01 5.39e-01f  1
 142 -1.3172712e-03 8.62e-10 8.54e+05  -9.0 2.97e+04  -9.9 3.10e-04 3.10e-04s 13
 143 -1.4478658e-05 3.32e-09 8.53e+05  -9.0 6.29e+03  -9.5 1.58e-03 1.58e-03s 13
 144r-1.4478658e-05 3.32e-09 1.00e+03  -8.5 0.00e+00 -10.0 0.00e+00 0.00e+00R  1
 145r-2.0189586e-04 1.82e-09 1.01e+03  -8.5 1.71e-02    -  6.89e-06 1.21e-03f  1
 146r-3.6676274e-04 1.35e-09 1.02e+03  -8.5 1.71e-02    -  3.76e-04 1.19e-03f  1
 147r-5.3675787e-04 1.04e-09 1.02e+03  -8.5 1.70e-02    -  1.47e-03 1.48e-03f  1
 148r-7.8581935e-04 7.46e-10 9.93e+02  -8.5 1.70e-02    -  5.34e-03 2.74e-03f  1
 149r-1.1210140e-03 4.68e-10 9.78e+02  -8.5 1.69e-02    -  2.96e-02 5.93e-03f  1
iter    objective    inf_pr   inf_du lg(mu)  ||d||  lg(rg) alpha_du alpha_pr  ls
 150r-1.4390334e-03 1.90e-10 9.52e+02  -8.5 1.65e-02    -  3.46e-02 1.89e-02f  1
 151r-1.5724337e-03 4.73e-11 8.69e+02  -8.5 1.58e-02    -  1.18e-01 3.44e-02f  1
 152r-1.6339881e-03 1.88e-11 7.43e+02  -8.5 1.40e-02    -  1.44e-01 1.10e-01f  1
 153r-1.6646757e-03 6.76e-11 2.63e+02  -8.5 1.05e-02    -  6.96e-01 3.39e-01f  1
 154 -1.7470916e-03 4.07e-11 4.96e+03  -9.0 2.14e+00 -10.5 9.57e-03 1.63e-04f  1
 155 -3.3486581e-03 1.44e-09 4.93e+03  -9.0 1.44e+00 -10.9 7.13e-02 5.29e-03f  1
 156 -5.9221524e-03 3.55e-09 4.83e+03  -9.0 1.04e+00 -11.4 4.81e-02 1.07e-02f  1
 157 -1.1071254e-02 5.42e-09 4.76e+03  -9.0 2.68e-01 -11.9 1.27e-02 2.37e-02f  1
 158 -1.2234728e-02 5.84e-09 4.70e+03  -9.0 1.67e-01 -12.4 1.29e-02 6.19e-03f  1
 159 -1.3901947e-02 5.62e-09 4.66e+03  -9.0 1.11e-01 -12.8 8.10e-03 9.81e-03f  1
iter    objective    inf_pr   inf_du lg(mu)  ||d||  lg(rg) alpha_du alpha_pr  ls
 160 -1.4388005e-02 5.55e-09 4.63e+03  -9.0 1.06e-01 -13.3 7.66e-03 3.48e-03f  1
 161 -1.4700372e-02 5.50e-09 4.46e+03  -9.0 9.62e-02 -13.8 4.12e-02 2.71e-03f  1
 162 -1.5081246e-02 5.43e-09 4.42e+03  -9.0 5.59e-02 -14.3 8.55e-03 5.72e-03f  1
 163 -1.5364680e-02 5.38e-09 3.88e+03  -9.0 3.89e-02 -14.8 1.31e-01 5.69e-03f  1
 164 -1.5652355e-02 5.27e-09 3.56e+03  -9.0 4.03e-02 -15.2 8.38e-02 2.25e-02f  1
 165 -1.5820356e-02 5.24e-09 2.50e+02  -9.0 4.19e-02 -15.7 1.00e+00 2.98e-02h  1
 166 -1.5817266e-02 5.24e-09 2.40e+04  -9.0 2.88e+02 -10.8 2.68e-05 2.04e-04h  1
 167 -1.5817260e-02 5.24e-09 2.30e+04  -9.0 6.94e+02 -11.2 2.08e-04 3.69e-07h 13
 168 -1.5794049e-02 5.23e-09 2.34e+04  -9.0 3.12e+02 -10.8 2.25e-04 1.52e-03h  1
 169 -1.5794043e-02 5.23e-09 2.34e+04  -9.0 1.23e+02 -10.4 1.18e-05 3.87e-07h 22
iter    objective    inf_pr   inf_du lg(mu)  ||d||  lg(rg) alpha_du alpha_pr  ls
 170 -3.9417787e-03 9.82e-10 2.79e+06  -9.0 3.41e+02 -10.9 6.38e-04 8.12e-01h  1
 171 -3.9417733e-03 9.82e-10 2.79e+06  -9.0 1.34e+02 -10.4 1.74e-01 2.26e-06h 15
 172 -3.5914087e-03 8.01e-10 2.28e+06  -9.0 3.79e+02 -10.9 8.13e-01 1.85e-01h  1
 173 -3.4986542e-03 7.98e-10 2.28e+06  -9.0 7.91e+04  -9.6 3.19e-05 1.59e-05h  1
 174 -2.6360149e-03 2.97e-09 2.28e+06  -9.0 2.17e+04  -9.2 4.46e-05 2.01e-04h  1
 175 -2.3469001e-03 3.93e-09 2.28e+06  -9.0 8.67e+04  -9.6 7.83e-05 4.78e-05h  1
 176 -1.8682159e-03 5.92e-09 2.28e+06  -9.0 2.60e+04  -9.2 5.87e-05 1.10e-04h  1
 177 -1.8423577e-03 6.00e-09 2.28e+06  -9.0 1.01e+05  -9.7 4.05e-04 4.03e-06h  3
 178 -1.7692240e-03 6.30e-09 2.28e+06  -9.0 2.99e+04  -9.3 2.67e-04 1.62e-05h  5
 179 -7.8157745e-04 9.15e-09 2.28e+06  -9.0 1.25e+05  -9.7 1.36e-04 1.36e-04s 10
iter    objective    inf_pr   inf_du lg(mu)  ||d||  lg(rg) alpha_du alpha_pr  ls
 180  1.0789708e-04 1.27e-08 2.28e+06  -9.0 3.42e+04  -9.3 1.91e-04 1.91e-04s 10
 181  2.1300243e-03 6.60e-08 2.28e+06  -9.0 1.17e+06  -9.8 3.38e-04 3.38e-04s 10
 182  4.0704249e-03 1.30e-07 2.28e+06  -9.0 3.34e+05  -9.4 4.44e-04 4.44e-04s 10
 183  7.3377034e-03 2.35e-07 2.27e+06  -9.0 1.15e+05  -8.9 8.02e-04 8.02e-04s 10
 184  8.8667881e-03 2.81e-07 2.27e+06  -9.0 3.82e+05  -9.4 3.20e-04 3.20e-04s 10
 185  1.0800856e-02 3.39e-07 2.27e+06  -9.0 1.30e+05  -9.0 4.36e-04 4.36e-04s 10
 186  1.2349923e-02 3.83e-07 2.27e+06  -9.0 4.70e+04  -8.6 3.51e-04 3.51e-04s 10
 187  1.3491602e-02 4.14e-07 2.27e+06  -9.0 1.47e+05  -9.1 2.30e-04 2.30e-04s 10
 188  1.4571793e-02 4.43e-07 2.27e+06  -9.0 5.30e+04  -8.6 2.30e-04 2.30e-04s 10
 189r 1.4571793e-02 4.43e-07 1.00e+03  -6.4 0.00e+00  -9.1 0.00e+00 0.00e+00R  1
iter    objective    inf_pr   inf_du lg(mu)  ||d||  lg(rg) alpha_du alpha_pr  ls
 190r 1.3400702e-02 6.20e-08 9.61e+02  -6.4 2.02e-01    -  4.26e-02 9.84e-04f  1
 191r 9.3524442e-03 2.36e-08 9.50e+02  -6.4 1.99e+00    -  5.75e-03 3.01e-02f  1
 192r 5.6038178e-03 1.13e-08 9.48e+02  -6.4 4.89e-02    -  1.75e-02 4.96e-02f  1
 193r 3.7578252e-03 4.99e-09 8.74e+02  -6.4 3.49e-02    -  8.79e-02 6.22e-02f  1
 194r 1.7375369e-03 4.65e-09 6.54e+02  -6.4 2.35e-02    -  3.65e-01 2.02e-01f  1
 195r 2.6456017e-03 3.56e-09 1.99e+03  -6.4 1.48e-02    -  7.91e-02 4.68e-01f  1
 196r 3.5072935e-03 3.12e-10 1.58e+03  -6.4 1.03e-02    -  9.85e-02 2.64e-01f  1
 197r 7.3896381e-03 2.64e-09 2.95e+02  -6.4 8.67e-03    -  6.75e-01 1.00e+00f  1
 198r 1.7321629e-02 3.94e-10 8.15e+01  -6.4 8.61e-03    -  7.23e-01 8.29e-01f  1
 199r 6.0120512e-02 4.27e-11 2.04e+01  -6.4 1.36e-02    -  7.48e-01 1.00e+00f  1
iter    objective    inf_pr   inf_du lg(mu)  ||d||  lg(rg) alpha_du alpha_pr  ls
 200r 2.2893345e-01 8.18e-11 1.47e+00  -6.4 1.58e-02    -  9.28e-01 1.00e+00f  1
 201r 2.5533294e+00 6.64e-11 4.22e-01  -6.4 7.64e-02    -  7.14e-01 1.00e+00f  1
 202r 1.0001486e+01 4.22e-11 5.30e-03  -6.4 1.42e-01    -  9.87e-01 1.00e+00f  1
 203r 4.1351872e+02 4.22e-11 4.55e-12  -6.4 1.01e+00    -  1.00e+00 1.00e+00f  1
 204r 2.1560769e+02 3.78e-11 2.10e+00  -9.0 5.95e-01    -  1.00e+00 9.55e-01f  1
 205r 2.0651267e+02 5.64e-11 1.14e-13  -9.0 2.71e-02    -  1.00e+00 1.00e+00f  1
 206r 1.1082625e+02 4.39e-11 1.14e-13  -9.0 2.90e-01    -  1.00e+00 1.00e+00f  1
 207  1.1082625e+02 3.64e-11 5.07e+03  -9.0 7.47e+00  -9.6 1.36e-03 2.75e-09f 20
 208  1.1082624e+02 1.14e-11 5.07e+03  -9.0 7.68e+00 -10.1 1.33e-03 5.36e-09f 19
 209  1.1082624e+02 1.32e-11 5.07e+03  -9.0 5.43e+00 -10.5 2.30e-03 6.38e-14f 36
iter    objective    inf_pr   inf_du lg(mu)  ||d||  lg(rg) alpha_du alpha_pr  ls
 210  1.1082624e+02 1.32e-11 5.07e+03  -9.0 3.64e+00 -11.0 5.12e-03 1.44e-14f 39
 211  1.1082624e+02 1.14e-11 5.06e+03  -9.0 2.46e+00 -11.5 1.37e-02 3.00e-14f 39
 212  1.0130383e+02 3.96e-09 4.97e+03  -9.0 1.76e+00 -12.0 3.21e-02 1.61e-02f  1
 213  9.1640064e+01 5.14e-09 4.68e+03  -9.0 9.03e-01 -12.4 6.12e-02 2.09e-02f  1
 214  9.0339365e+01 5.58e-09 4.50e+03  -9.0 7.04e-01 -12.9 4.17e-02 3.90e-03f  1
 215  8.8670207e+01 5.72e-09 4.26e+03  -9.0 6.42e-01 -13.4 5.71e-02 5.69e-03f  1
 216  8.6340313e+01 5.54e-09 4.08e+03  -9.0 5.80e-01 -13.9 4.63e-02 9.21e-03f  1
 217  8.3889780e+01 5.45e-09 3.87e+03  -9.0 5.36e-01 -14.3 5.76e-02 1.09e-02f  1
 218  8.3163553e+01 5.64e-09 3.54e+03  -9.0 4.95e-01 -14.8 9.47e-02 3.65e-03f  1
 219  8.0674829e+01 5.21e-09 3.00e+03  -9.0 4.57e-01 -15.3 1.66e-01 1.43e-02f  1
iter    objective    inf_pr   inf_du lg(mu)  ||d||  lg(rg) alpha_du alpha_pr  ls
 220  7.7475572e+01 5.11e-09 1.57e+03  -9.0 4.09e-01 -15.8 5.01e-01 2.26e-02f  1
 221  6.7660379e+01 5.13e-09 2.06e+02  -9.0 3.58e-01 -16.3 9.86e-01 9.98e-02f  1
 222  4.8530100e+01 5.18e-09 8.28e+01  -9.0 6.96e+00 -16.7 8.75e-01 2.82e-01f  1
 223  2.9645480e+00 5.40e-09 6.13e+00  -9.0 9.18e-02  -2.9 1.00e+00 9.38e-01f  1
 224  2.7059013e-01 4.92e-10 2.35e+08  -9.0 2.37e-03  -3.4 1.88e-05 9.09e-01f  1
 225  3.4063590e-02 8.84e-11 3.01e+07  -9.0 1.40e-03  -3.8 4.90e-01 8.72e-01f  1
 226  6.8501314e-03 1.86e-11 7.25e+06  -9.0 3.03e-03  -4.3 5.97e-01 7.59e-01f  1
 227 -1.6013764e-03 3.19e-11 7.37e+04  -9.0 7.64e-03  -4.8 4.77e-01 1.00e+00f  1
 228 -9.6408234e-04 1.49e-09 5.11e+04  -9.0 1.28e-02  -5.3 3.07e-01 3.07e-01s 21
 229 -1.6768866e-04 2.58e-09 3.40e+04  -9.0 2.29e-02  -5.8 3.33e-01 3.33e-01s 21
iter    objective    inf_pr   inf_du lg(mu)  ||d||  lg(rg) alpha_du alpha_pr  ls
 230 -1.5445398e-04 2.59e-09 3.36e+04  -9.0 4.39e-02  -6.2 1.17e-02 1.17e-02s 21
 231 -1.3822383e-04 2.60e-09 3.31e+04  -9.0 9.68e-02  -6.7 1.50e-02 1.50e-02s 21
 232 -1.1822876e-04 2.62e-09 3.25e+04  -9.0 2.44e-01  -7.2 1.96e-02 1.96e-02s 21
 233 -9.7307464e-05 2.64e-09 3.18e+04  -9.0 6.25e-01  -7.7 2.21e-02 2.21e-02s 21
 234 -7.3212940e-05 2.66e-09 3.09e+04  -9.0 1.58e+00  -8.1 2.66e-02 2.66e-02s 21
 235 -4.4926951e-05 2.68e-09 3.00e+04  -9.0 4.83e+00  -8.6 3.01e-02 3.01e-02s 21
 236  3.0492287e-06 2.74e-09 2.89e+04  -9.0 1.59e+01  -9.1 3.62e-02 3.62e-02s 21
 237  3.6523212e-05 2.83e-09 2.69e+04  -9.0 1.58e-01  -6.9 6.98e-02 6.98e-02s 21
 238  5.2256129e-05 2.88e-09 2.54e+04  -9.0 9.44e-01  -7.3 5.58e-02 5.58e-02s 21
 239r 5.2256129e-05 2.88e-09 1.00e+03  -8.5 0.00e+00  -6.9 0.00e+00 0.00e+00R  1
iter    objective    inf_pr   inf_du lg(mu)  ||d||  lg(rg) alpha_du alpha_pr  ls
 240r-3.5869804e-04 2.70e-09 1.00e+03  -8.5 5.25e-03    -  1.11e-04 6.69e-04f  1
 241r-7.0107822e-04 2.46e-09 1.01e+03  -8.5 5.24e-03    -  1.78e-06 8.58e-04f  1
 242r-8.4879596e-04 2.30e-09 1.01e+03  -8.5 5.24e-03    -  4.71e-04 5.56e-04f  1
 243r-9.1442577e-04 2.23e-09 1.01e+03  -8.5 5.22e-03    -  1.53e-04 3.80e-04f  1
 244r-1.0027669e-03 2.11e-09 1.01e+03  -8.5 5.22e-03    -  5.42e-04 5.49e-04f  1
 245r-1.0398027e-03 2.07e-09 1.01e+03  -8.5 5.19e-03    -  1.56e-04 3.79e-04f  1
 246r-1.0806137e-03 2.02e-09 1.01e+03  -8.5 5.19e-03    -  3.80e-04 4.50e-04f  1
 247r-1.1141869e-03 1.97e-09 1.01e+03  -8.5 5.19e-03    -  2.07e-04 3.81e-04f  1
 248r-1.1550569e-03 1.89e-09 1.01e+03  -8.5 5.20e-03    -  2.92e-04 4.52e-04f  1
 249r-1.1787872e-03 1.86e-09 1.01e+03  -8.5 5.18e-03    -  1.76e-04 3.76e-04f  1
iter    objective    inf_pr   inf_du lg(mu)  ||d||  lg(rg) alpha_du alpha_pr  ls
 250r-1.2024121e-03 1.82e-09 1.01e+03  -8.5 5.18e-03    -  4.19e-04 3.47e-04f  1
 251r-1.2379823e-03 1.75e-09 1.01e+03  -8.5 5.18e-03    -  1.55e-04 5.24e-04f  1
 252r-1.2494284e-03 1.73e-09 1.01e+03  -8.5 5.16e-03    -  2.36e-04 2.67e-04f  1
 253r-1.2704214e-03 1.69e-09 1.01e+03  -8.5 5.17e-03    -  2.79e-04 3.86e-04f  1
 254r-1.2944428e-03 1.65e-09 1.02e+03  -8.5 5.16e-03    -  2.19e-04 5.89e-04f  1
 255r-1.3055468e-03 1.63e-09 1.02e+03  -8.5 5.16e-03    -  2.34e-04 2.89e-04f  1
 256r-1.5076675e-03 1.13e-09 1.02e+03  -8.5 5.18e-03    -  1.98e-04 3.25e-03f  1
 257r-1.5617131e-03 9.80e-10 1.00e+03  -8.5 5.14e-03    -  1.64e-02 2.07e-03f  1
 258r-1.6411454e-03 6.72e-10 9.69e+02  -8.5 5.11e-03    -  9.25e-02 9.03e-03f  1
 259 -1.6972701e-03 6.59e-10 5.07e+03  -9.0 1.99e+00  -7.4 1.70e-02 1.23e-04f  1
iter    objective    inf_pr   inf_du lg(mu)  ||d||  lg(rg) alpha_du alpha_pr  ls
 260 -3.6490282e-03 1.84e-09 4.99e+03  -9.0 1.43e+00  -7.9 1.82e-01 6.82e-03f  1
 261 -7.3019100e-03 3.60e-09 4.89e+03  -9.0 6.26e-01  -8.3 2.50e-02 1.62e-02f  1
 262 -1.1412023e-02 5.57e-09 4.81e+03  -9.0 2.55e-01  -8.8 1.44e-02 2.02e-02f  1
 263 -1.2593369e-02 5.92e-09 4.59e+03  -9.0 1.36e-01  -9.3 4.97e-02 7.02e-03f  1
 264 -1.4323480e-02 5.63e-09 4.48e+03  -9.0 8.80e-02  -9.8 2.52e-02 1.57e-02f  1
 265 -1.5125814e-02 6.00e-09 4.38e+03  -9.0 7.42e-02 -10.3 2.23e-02 1.30e-02f  1
 266 -1.5677724e-02 5.54e-09 4.29e+03  -9.0 4.04e-02 -10.7 2.29e-02 1.49e-02f  1
 267 -1.5837930e-02 5.50e-09 4.15e+03  -9.0 4.52e-02 -11.2 3.35e-02 8.96e-03f  1
 268 -1.5937892e-02 5.49e-09 3.96e+03  -9.0 4.37e-02 -11.7 4.72e-02 1.12e-02f  1
 269 -1.6009472e-02 5.48e-09 3.56e+03  -9.0 4.37e-02 -12.2 1.02e-01 1.57e-02f  1
iter    objective    inf_pr   inf_du lg(mu)  ||d||  lg(rg) alpha_du alpha_pr  ls
 270 -1.6087276e-02 5.48e-09 3.12e+03  -9.0 4.82e-02 -12.6 1.27e-01 3.19e-02f  1
 271 -1.6369577e-02 5.46e-09 2.95e+03  -9.0 5.51e-02 -13.1 4.83e-02 1.88e-01f  1
 272 -1.6513419e-02 5.42e-09 7.53e+01  -9.0 5.79e-02 -13.6 1.00e+00 2.38e-01f  1
 273 -1.5346731e-02 5.04e-09 1.87e+07  -9.0 1.34e+02 -10.5 1.83e-05 7.04e-02h  4
 274 -7.4350139e-03 2.23e-09 8.27e+06  -9.0 3.36e+02 -10.9 1.51e-03 5.58e-01h  1
 275 -7.4258953e-03 2.22e-09 8.26e+06  -9.0 1.54e+02 -10.5 4.46e-01 1.70e-03h 10
 276 -7.2175526e-03 2.11e-09 7.85e+06  -9.0 6.21e+02 -11.0 3.81e-01 5.02e-02h  1
 277 -7.2174748e-03 2.11e-09 7.85e+06  -9.0 2.08e+02 -10.6 4.83e-01 1.64e-05h 16
 278 -5.4498521e-03 1.07e-09 3.99e+06  -9.0 6.41e+02 -11.0 5.31e-01 4.91e-01h  1
 279 -5.6961720e-03 7.70e-10 2.86e+06  -9.0 1.55e+03 -11.5 3.43e-01 2.83e-01h  1
iter    objective    inf_pr   inf_du lg(mu)  ||d||  lg(rg) alpha_du alpha_pr  ls
 280 -4.9157593e-03 3.50e-08 2.86e+06  -9.0 7.14e-01  -3.7 1.93e-05 2.28e-04h  1
 281 -4.6856265e-03 4.55e-08 2.86e+06  -9.0 2.15e+00  -4.1 3.40e-04 6.70e-05h  1
 282 -4.5960611e-03 4.96e-08 2.86e+06  -9.0 6.44e+00  -4.6 2.03e-04 2.59e-05h  3
 283 -3.5549995e-03 9.13e-08 2.86e+06  -9.0 2.43e+00  -4.2 2.66e-04 2.66e-04s 11
 284 -2.7971067e-03 1.22e-07 2.86e+06  -9.0 7.28e+00  -4.7 1.94e-04 1.94e-04s 11
 285 -2.0762936e-03 1.51e-07 2.86e+06  -9.0 2.73e+00  -4.2 1.84e-04 1.84e-04s 11
 286 -1.3312662e-03 1.80e-07 2.86e+06  -9.0 8.18e+00  -4.7 1.90e-04 1.90e-04s 11
 287 -3.2522739e-04 2.21e-07 2.86e+06  -9.0 3.07e+00  -4.3 2.57e-04 2.57e-04s 11
 288  3.1531295e-04 2.46e-07 2.86e+06  -9.0 9.20e+00  -4.8 1.64e-04 1.64e-04s 11
 289  1.0915625e-03 2.77e-07 2.86e+06  -9.0 3.45e+00  -4.4 1.98e-04 1.98e-04s 11
iter    objective    inf_pr   inf_du lg(mu)  ||d||  lg(rg) alpha_du alpha_pr  ls
 290  1.8821463e-03 3.09e-07 2.86e+06  -9.0 1.04e+01  -4.8 2.02e-04 2.02e-04s 11
 291r 1.8821463e-03 3.09e-07 1.00e+03  -6.5 0.00e+00  -4.4 0.00e+00 0.00e+00R  1
 292r-1.9407535e-03 7.27e-08 1.00e+03  -6.5 2.08e+00    -  7.73e-04 9.91e-04f  1
 293r-2.5732361e-03 3.37e-08 9.92e+02  -6.5 1.39e-01    -  9.52e-03 2.01e-03f  1
 294r-3.1934104e-03 8.85e-09 9.80e+02  -6.5 1.74e-01    -  1.21e-02 1.22e-02f  1
 295r-3.3263107e-03 4.11e-09 9.46e+02  -6.5 4.94e-02    -  4.26e-02 2.06e-02f  1
 296r-3.3689214e-03 1.73e-09 9.35e+02  -6.5 4.27e-02    -  5.44e-02 8.30e-02f  1
 297 -3.4294646e-03 1.73e-09 5.36e+03  -9.0 7.97e-02  -4.9 9.16e-03 5.68e-05f  1
 298 -4.9791868e-03 2.14e-09 5.32e+03  -9.0 6.83e-02  -5.4 8.36e-02 4.59e-03f  1
 299 -7.1271417e-03 2.92e-09 5.14e+03  -9.0 9.86e-02  -5.8 6.42e-02 1.08e-02f  1
iter    objective    inf_pr   inf_du lg(mu)  ||d||  lg(rg) alpha_du alpha_pr  ls
 300 -1.1332409e-02 5.36e-09 5.04e+03  -9.0 1.13e-01  -6.3 1.89e-02 2.67e-02f  1
 301 -1.3071594e-02 6.58e-09 4.94e+03  -9.0 1.31e-01  -6.8 1.94e-02 1.40e-02f  1
 302 -1.3915098e-02 6.47e-09 4.86e+03  -9.0 7.50e-02  -7.3 1.64e-02 8.53e-03f  1
 303 -1.4365710e-02 6.39e-09 4.63e+03  -9.0 6.77e-02  -7.7 5.06e-02 5.89e-03f  1
 304 -1.4821605e-02 6.28e-09 4.47e+03  -9.0 4.60e-02  -8.2 3.72e-02 9.25e-03f  1
 305 -1.5101851e-02 6.18e-09 4.34e+03  -9.0 3.99e-02  -8.7 2.89e-02 8.44e-03f  1
 306 -1.5430249e-02 6.03e-09 4.27e+03  -9.0 4.12e-02  -9.2 1.73e-02 1.31e-02f  1
 307 -1.5634282e-02 5.92e-09 4.17e+03  -9.0 4.25e-02  -9.7 2.38e-02 1.03e-02f  1
 308 -1.5830606e-02 6.29e-09 4.10e+03  -9.0 4.41e-02 -10.1 1.80e-02 1.22e-02f  1
 309 -1.6020923e-02 6.49e-09 4.02e+03  -9.0 4.53e-02 -10.6 1.85e-02 1.40e-02f  1
iter    objective    inf_pr   inf_du lg(mu)  ||d||  lg(rg) alpha_du alpha_pr  ls
 310 -1.6150276e-02 6.33e-09 3.96e+03  -9.0 4.65e-02 -11.1 1.53e-02 1.16e-02f  1
 311 -1.6356004e-02 5.98e-09 3.72e+03  -9.0 4.76e-02 -11.6 6.34e-02 2.19e-02f  1
 312 -1.6481119e-02 5.79e-09 3.22e+03  -9.0 5.08e-02 -12.0 1.41e-01 2.14e-02f  1
 313 -1.6588147e-02 5.67e-09 1.54e+03  -9.0 5.95e-02 -12.5 5.41e-01 3.54e-02f  1
 314 -1.6666656e-02 5.58e-09 9.45e+02  -9.0 1.29e-01 -13.0 4.07e-01 8.92e-02h  1
 315 -1.6733430e-02 5.52e-09 1.06e+02  -9.0 2.17e-01 -13.5 1.00e+00 1.46e-01h  1
 316 -1.6665728e-02 5.50e-09 2.90e+06  -9.0 2.27e+00  -5.6 2.72e-07 3.34e-03h  1
 317 -1.6665722e-02 5.50e-09 2.90e+06  -9.0 5.37e-01  -5.2 9.41e-05 3.43e-07h 22
 318 -1.6665717e-02 5.50e-09 2.90e+06  -9.0 2.85e+00  -5.7 1.53e-06 3.57e-07f 20
 319 -6.4323384e-03 1.91e-09 3.66e+06  -9.0 6.19e-01  -5.2 1.62e-05 6.53e-01h  1
iter    objective    inf_pr   inf_du lg(mu)  ||d||  lg(rg) alpha_du alpha_pr  ls
 320 -5.9287591e-03 1.68e-09 3.23e+06  -9.0 6.08e-03  -5.7 6.47e-02 1.19e-01h  3
 321 -5.7452614e-03 1.59e-09 3.06e+06  -9.0 9.16e-03  -6.2 1.05e-01 5.16e-02h  4
 322 -5.7065093e-03 1.57e-09 3.02e+06  -9.0 2.72e-02  -6.7 9.30e-02 1.24e-02h  6
 323 -5.6975231e-03 1.57e-09 3.01e+06  -9.0 8.08e-02  -7.2 8.37e-02 3.15e-03h  8
 324 -5.6932412e-03 1.56e-09 3.01e+06  -9.0 7.00e+03  -7.6 1.54e-06 3.30e-06h 10
 325 -5.1453605e-03 6.92e-08 3.01e+06  -9.0 2.14e+04  -8.1 1.30e-05 4.20e-04h  3
 326 -4.6480139e-03 1.31e-07 3.01e+06  -9.0 6.36e+04  -8.6 3.64e-04 3.64e-04s 13
 327 -3.9267002e-03 2.19e-07 3.01e+06  -9.0 1.86e+05  -9.1 5.03e-04 5.03e-04s 13
 328 -3.7415314e-03 2.42e-07 3.01e+06  -9.0 4.83e+05  -9.5 1.22e-04 1.22e-04s 13
 329r-3.7415314e-03 2.42e-07 1.00e+03  -6.6 0.00e+00 -10.0 0.00e+00 0.00e+00R  1
iter    objective    inf_pr   inf_du lg(mu)  ||d||  lg(rg) alpha_du alpha_pr  ls
 330r-4.1077345e-03 4.71e-08 1.08e+03  -6.6 2.61e-02    -  7.80e-03 9.91e-04f  1
 331r-4.2283862e-03 1.69e-08 9.38e+02  -6.6 2.62e-02    -  1.02e-01 9.87e-03f  1
 332 -4.3585622e-03 1.69e-08 5.36e+03  -9.0 6.79e+00 -10.5 8.74e-04 7.29e-05f  1
 333 -5.2842609e-03 1.69e-08 5.36e+03  -9.0 4.28e+00 -11.0 5.61e-04 7.03e-04f  1
 334 -6.2744191e-03 1.68e-08 5.35e+03  -9.0 4.02e+00 -11.5 1.42e-03 9.73e-04f  1
 335 -6.6937802e-03 1.68e-08 5.35e+03  -9.0 1.94e+00 -11.9 8.49e-03 8.14e-04f  1
 336 -8.4067148e-03 1.65e-08 5.30e+03  -9.0 1.77e+00 -12.4 7.87e-02 5.91e-03f  1
 337 -9.9301361e-03 1.60e-08 5.07e+03  -9.0 8.65e-01 -12.9 7.41e-02 8.81e-03f  1
 338 -1.3964061e-02 1.45e-08 4.95e+03  -9.0 2.15e-01 -13.4 2.23e-02 2.94e-02f  1
 339 -1.4305814e-02 1.43e-08 4.85e+03  -9.0 1.72e-01 -13.8 2.31e-02 3.67e-03f  1
iter    objective    inf_pr   inf_du lg(mu)  ||d||  lg(rg) alpha_du alpha_pr  ls
 340 -1.4420792e-02 1.42e-08 4.81e+03  -9.0 1.56e-01 -14.3 8.17e-03 1.63e-03f  1
 341 -1.4508335e-02 1.41e-08 4.78e+03  -9.0 1.45e-01 -14.8 7.16e-03 1.41e-03f  1
 342 -1.4625261e-02 1.40e-08 4.76e+03  -9.0 1.34e-01 -15.3 4.33e-03 2.13e-03f  1
 343 -1.4729480e-02 1.39e-08 4.74e+03  -9.0 1.24e-01 -15.7 3.47e-03 2.11e-03f  1
 344 -1.4837409e-02 1.38e-08 4.73e+03  -9.0 1.15e-01 -16.2 2.63e-03 2.39e-03f  1
 345 -1.4930437e-02 1.37e-08 4.68e+03  -9.0 1.06e-01 -16.7 9.93e-03 2.23e-03f  1
 346 -1.5068738e-02 1.35e-08 4.68e+03  -9.0 8.71e-02 -17.2 1.04e-03 3.86e-03f  1
 347 -1.5142192e-02 1.34e-08 4.65e+03  -9.0 7.89e-02 -17.7 6.18e-03 2.25e-03f  1
 348 -1.5244722e-02 1.32e-08 4.63e+03  -9.0 6.72e-02 -18.1 3.92e-03 3.55e-03f  1
 349 -1.5319027e-02 1.31e-08 4.44e+03  -9.0 5.80e-02 -18.6 4.30e-02 2.85e-03f  1
iter    objective    inf_pr   inf_du lg(mu)  ||d||  lg(rg) alpha_du alpha_pr  ls
 350 -1.5466040e-02 1.27e-08 4.38e+03  -9.0 4.27e-02 -19.1 1.35e-02 7.40e-03f  1
 351 -1.5610122e-02 1.24e-08 4.26e+03  -9.0 4.18e-02 -19.6 2.94e-02 8.33e-03f  1
 352 -1.5725782e-02 1.20e-08 3.81e+03  -9.0 4.34e-02 -20.0 1.10e-01 8.12e-03f  1
 353 -1.5930721e-02 1.10e-08 3.37e+03  -9.0 4.90e-02 -20.0 1.22e-01 2.17e-02f  1
 354 -1.6042731e-02 1.02e-08 2.18e+03  -9.0 5.59e-02 -20.0 3.67e-01 1.82e-02f  1
 355 -1.6242317e-02 7.64e-09 2.07e+03  -9.0 8.80e-02 -20.0 5.18e-02 6.14e-02f  1
 356 -1.6278358e-02 7.07e-09 7.63e+02  -9.0 9.28e-02 -20.0 1.00e+00 1.54e-02h  1
 357 -1.6276002e-02 7.07e-09 3.29e+04  -9.0 2.14e+00  -8.6 2.22e-05 1.64e-04h  1
 358 -1.6275996e-02 7.07e-09 3.29e+04  -9.0 5.82e+00  -9.1 4.07e-05 3.54e-07h  8
In iteration 358, 1 Slack too small, adjusting variable bound
 359 -1.6274606e-02 7.06e-09 3.29e+04  -9.0 1.73e+01  -9.5 1.83e-04 9.48e-05h  1
iter    objective    inf_pr   inf_du lg(mu)  ||d||  lg(rg) alpha_du alpha_pr  ls
 360 -1.6266768e-02 7.06e-09 3.29e+04  -9.0 5.25e+01 -10.0 1.75e-04 5.33e-04h  1
 361 -1.6265623e-02 7.06e-09 3.29e+04  -9.0 1.94e+01  -9.6 8.31e-04 7.81e-05h  6
 362 -1.6247909e-02 7.05e-09 3.29e+04  -9.0 5.68e+01 -10.1 9.89e-04 1.21e-03h  2
 363 -1.6243496e-02 7.05e-09 3.28e+04  -9.0 1.66e+02 -10.5 2.42e-03 3.03e-04h  3
 364 -1.6242675e-02 7.05e-09 8.05e+04  -9.0 4.91e+02 -11.0 2.99e-03 5.68e-05h  5
 365 -1.6242294e-02 7.05e-09 1.21e+05  -9.0 1.46e+03 -11.5 4.01e-04 2.67e-05h  6
 366 -1.7440725e-03 2.13e-11 1.82e+07  -9.0 7.15e+01 -10.2 1.39e-03 1.00e+00h  1
 367 -1.6563631e-03 2.51e-09 1.82e+07  -9.0 1.01e+05  -9.7 1.31e-04 1.31e-04s 10
 368r-1.6563631e-03 2.51e-09 1.00e+03  -8.6 0.00e+00 -10.2 0.00e+00 0.00e+00R  1
 369r-1.6745429e-03 1.12e-10 9.95e+02  -8.6 1.98e-03    -  2.73e-01 9.92e-04f  1
iter    objective    inf_pr   inf_du lg(mu)  ||d||  lg(rg) alpha_du alpha_pr  ls
 370r-1.7227941e-03 2.65e-11 6.44e+02  -8.6 2.13e-03    -  5.70e-01 2.54e-01f  1
 371r-1.7148954e-03 7.28e-11 7.76e+02  -8.6 1.93e-03    -  2.30e-01 3.59e-01f  1
 372r-1.6958099e-03 4.45e-11 2.96e+02  -8.6 1.35e-03    -  4.52e-01 5.71e-01h  1
 373r-1.6190667e-03 5.94e-11 2.67e+02  -8.6 6.45e-04    -  4.96e-01 1.00e+00h  1
 374r-1.4657369e-03 1.76e-11 5.68e+01  -8.6 2.63e-04    -  5.18e-01 1.00e+00h  1
 375r-1.1519681e-03 4.31e-11 1.61e+01  -8.6 5.36e-04    -  6.93e-01 1.00e+00h  1
 376r-1.3447542e-04 6.89e-11 8.47e+00  -8.6 1.60e-03    -  5.06e-01 1.00e+00h  1
 377r 1.9372886e-03 3.30e-11 1.52e+00  -8.6 2.21e-03    -  7.98e-01 1.00e+00h  1
 378r 1.2210798e-02 9.19e-11 9.98e-01  -8.6 4.43e-03    -  6.26e-01 1.00e+00h  1
 379r 3.9081664e-02 1.44e-10 9.84e-03  -8.6 3.13e-03    -  9.87e-01 1.00e+00h  1
iter    objective    inf_pr   inf_du lg(mu)  ||d||  lg(rg) alpha_du alpha_pr  ls
 380r 2.1087179e+00 6.20e-11 4.37e-03  -8.6 6.01e-02    -  9.86e-01 1.00e+00f  1
 381r 1.0075821e+02 6.52e-11 1.14e-13  -8.6 3.15e-01    -  1.00e+00 1.00e+00f  1
 382r 5.0434076e+01 3.56e-11 6.16e-07 -11.0 1.87e-01    -  1.00e+00 1.00e+00f  1
 383  5.0434074e+01 1.54e-11 5.39e+03  -9.0 2.07e+01 -10.7 7.44e-04 6.06e-09f 18
 384  5.0434074e+01 8.30e-12 5.39e+03  -9.0 2.16e+01 -11.2 7.09e-04 2.84e-12f 29
 385  5.0434074e+01 1.20e-11 5.39e+03  -9.0 1.41e+01 -11.6 1.19e-03 6.87e-14f 35
 386  5.0434074e+01 9.21e-12 5.38e+03  -9.0 8.15e+00 -12.1 2.48e-03 6.06e-14f 36
 387  5.0434074e+01 9.21e-12 5.38e+03  -9.0 4.30e+00 -12.6 5.04e-03 6.03e-14f 37
 388  4.8162725e+01 2.16e-09 5.34e+03  -9.0 2.93e+00 -13.1 1.26e-02 8.09e-03f  1
 389  4.6464720e+01 3.46e-09 5.15e+03  -9.0 1.26e+00 -13.6 8.97e-02 6.83e-03f  1
iter    objective    inf_pr   inf_du lg(mu)  ||d||  lg(rg) alpha_du alpha_pr  ls
 390  4.2293786e+01 5.27e-09 5.06e+03  -9.0 3.68e-01 -14.0 1.63e-02 2.49e-02f  1
 391  4.0667535e+01 6.17e-09 4.88e+03  -9.0 3.30e-01 -14.5 3.76e-02 1.12e-02f  1
 392  3.9716394e+01 6.08e-09 4.64e+03  -9.0 3.02e-01 -15.0 5.23e-02 7.55e-03f  1
 393  3.9072242e+01 6.00e-09 4.29e+03  -9.0 2.77e-01 -15.5 8.09e-02 5.87e-03f  1
 394  3.8558746e+01 5.93e-09 4.13e+03  -9.0 2.53e-01 -15.9 3.96e-02 5.49e-03f  1
 395  3.8002437e+01 5.85e-09 3.90e+03  -9.0 2.44e-01 -16.4 5.79e-02 6.39e-03f  1
 396  3.7060009e+01 5.71e-09 3.58e+03  -9.0 2.33e-01 -16.9 8.78e-02 1.18e-02f  1
 397  3.5514958e+01 5.55e-09 3.10e+03  -9.0 2.19e-01 -17.4 1.43e-01 2.19e-02f  1
 398  3.4628434e+01 5.89e-09 2.31e+03  -9.0 2.04e-01 -17.9 2.75e-01 1.49e-02f  1
 399  3.2683621e+01 5.42e-09 1.38e+03  -9.0 1.94e-01 -18.3 4.30e-01 4.00e-02f  1
iter    objective    inf_pr   inf_du lg(mu)  ||d||  lg(rg) alpha_du alpha_pr  ls
 400  2.9648341e+01 5.30e-09 3.05e+02  -9.0 1.90e-01 -18.8 9.93e-01 7.78e-02f  1
 401  2.2917355e+01 5.31e-09 1.15e+02  -9.0 1.21e-02  -3.0 1.00e+00 2.27e-01f  1
 402  1.4803138e+01 3.43e-09 1.50e+08  -9.0 1.83e-02  -3.4 1.46e-06 3.54e-01f  1
 403  2.6205031e+00 6.08e-10 2.65e+07  -9.0 1.81e-01  -3.9 9.49e-03 8.23e-01f  1
 404  2.3126390e+00 5.36e-10 2.34e+07  -9.0 3.68e-01  -4.4 2.87e-01 1.17e-01f  1
 405  4.9534175e-01 1.16e-10 5.04e+06  -9.0 1.46e-01  -4.9 3.09e-01 7.84e-01f  1
 406  3.3298197e-01 8.70e-11 3.40e+06  -9.0 7.71e-02  -5.3 7.43e-01 3.25e-01f  1
 407  3.3301682e-01 6.88e-09 3.40e+06  -9.0 4.76e+00  -4.9 1.66e-04 1.20e-04h  2
 408  3.3309297e-01 1.47e-08 3.40e+06  -9.0 1.43e+01  -5.4 1.34e-04 1.34e-04s 10
 409  3.3445506e-01 1.26e-07 3.40e+06  -9.0 1.72e+01  -5.0 6.39e-04 6.39e-04s 10
iter    objective    inf_pr   inf_du lg(mu)  ||d||  lg(rg) alpha_du alpha_pr  ls
 410  3.3612457e-01 2.68e-07 3.39e+06  -9.0 5.16e+01  -5.4 7.65e-04 7.65e-04s 10
 411  3.3832083e-01 4.54e-07 3.39e+06  -9.0 1.93e+01  -5.0 9.96e-04 9.96e-04s 10
 412  3.4021941e-01 6.08e-07 3.39e+06  -9.0 7.25e+00  -4.6 8.31e-04 8.31e-04s 10
 413  3.4295360e-01 8.30e-07 3.38e+06  -9.0 2.17e+01  -5.1 1.20e-03 1.20e-03s 10
 414  3.4646620e-01 1.12e-06 3.38e+06  -9.0 8.14e+00  -4.6 1.54e-03 1.54e-03s 10
 415  3.5049349e-01 1.44e-06 3.37e+06  -9.0 2.44e+01  -5.1 1.77e-03 1.77e-03s 10
 416  3.5393658e-01 1.72e-06 3.37e+06  -9.0 9.12e+00  -4.7 1.52e-03 1.52e-03s 10
 417  3.5816788e-01 2.07e-06 3.36e+06  -9.0 2.73e+01  -5.2 1.88e-03 1.88e-03s 10
 418  3.6238505e-01 2.41e-06 3.36e+06  -9.0 1.02e+01  -4.8 1.88e-03 1.88e-03s 10
 419r 3.6238505e-01 2.41e-06 1.00e+03  -5.6 0.00e+00  -5.2 0.00e+00 0.00e+00R  1
iter    objective    inf_pr   inf_du lg(mu)  ||d||  lg(rg) alpha_du alpha_pr  ls
 420r 3.3590803e-01 5.24e-07 9.78e+02  -5.6 5.85e-02    -  2.12e-02 9.91e-04f  1
 421r 3.3180083e-01 5.15e-08 7.13e+02  -5.6 6.01e-02    -  2.83e-01 2.42e-02f  1
 422  3.3160926e-01 5.15e-08 5.38e+03  -9.0 5.09e-01  -5.7 9.77e-03 6.37e-05f  1
 423  3.2191232e-01 5.06e-08 5.34e+03  -9.0 3.86e-01  -6.2 6.48e-02 4.52e-03f  1
 424  3.0633422e-01 4.86e-08 5.12e+03  -9.0 5.00e-01  -6.7 9.83e-02 1.04e-02f  1
 425  2.6872958e-01 4.31e-08 5.01e+03  -9.0 2.21e-01  -7.1 2.16e-02 3.46e-02f  1
 426  2.5745211e-01 4.14e-08 4.89e+03  -9.0 2.36e-01  -7.6 2.34e-02 1.25e-02f  1
 427  2.4972790e-01 4.02e-08 4.80e+03  -9.0 2.46e-01  -8.1 2.07e-02 9.44e-03f  1
 428  2.4354386e-01 3.92e-08 4.65e+03  -9.0 2.51e-01  -8.6 3.28e-02 8.22e-03f  1
 429  2.3740203e-01 3.80e-08 4.61e+03  -9.0 2.59e-01  -9.0 7.20e-03 9.00e-03f  1
iter    objective    inf_pr   inf_du lg(mu)  ||d||  lg(rg) alpha_du alpha_pr  ls
 430  2.3327912e-01 3.72e-08 4.55e+03  -9.0 2.59e-01  -9.5 1.41e-02 6.33e-03f  1
 431  2.2896137e-01 3.64e-08 4.49e+03  -9.0 2.61e-01 -10.0 1.26e-02 6.96e-03f  1
 432  2.2456080e-01 3.55e-08 4.36e+03  -9.0 2.62e-01 -10.5 3.21e-02 7.42e-03f  1
 433  2.1748147e-01 3.41e-08 4.20e+03  -9.0 2.68e-01 -11.0 3.79e-02 1.28e-02f  1
 434  2.1077616e-01 3.26e-08 4.09e+03  -9.0 2.75e-01 -11.4 2.72e-02 1.32e-02f  1
 435  2.0544530e-01 3.14e-08 4.02e+03  -9.0 2.78e-01 -11.9 1.76e-02 1.12e-02f  1
 436  2.0089935e-01 3.04e-08 3.95e+03  -9.0 2.80e-01 -12.4 1.69e-02 1.00e-02f  1
 437  1.9615195e-01 2.93e-08 3.87e+03  -9.0 2.81e-01 -12.9 2.19e-02 1.09e-02f  1
 438  1.9116084e-01 2.81e-08 3.63e+03  -9.0 2.84e-01 -13.3 6.44e-02 1.20e-02f  1
 439  1.7929091e-01 2.50e-08 3.14e+03  -9.0 2.98e-01 -13.8 1.39e-01 3.12e-02f  1
iter    objective    inf_pr   inf_du lg(mu)  ||d||  lg(rg) alpha_du alpha_pr  ls
 440  1.6894513e-01 2.20e-08 2.01e+03  -9.0 3.31e-01 -14.3 4.69e-01 3.24e-02f  1
 441  1.5042721e-01 1.55e-08 1.81e+03  -9.0 5.70e-01 -14.8 3.38e-01 7.94e-02f  1
 442  1.2826774e-01 7.42e-09 1.16e+03  -9.0 5.96e-01 -15.2 1.00e+00 1.15e-01f  1
 443  1.2822526e-01 7.42e-09 3.13e+05  -9.0 1.09e+03 -13.0 2.52e-07 3.42e-04f  1
 444  1.2815654e-01 7.41e-09 3.12e+05  -9.0 1.16e+03 -13.5 7.28e-05 5.30e-04f  1
 445  1.2717964e-01 7.36e-09 2.13e+07  -9.0 1.23e+03 -13.1 1.10e-06 7.49e-03f  1
 446  1.8387065e-02 1.17e-09 3.45e+06  -9.0 1.36e+03 -13.5 3.09e-03 8.42e-01f  1
 447  1.7412777e-02 1.11e-09 3.29e+06  -9.0 4.55e+02 -12.2 4.15e-02 4.66e-02f  1
 448 -1.2325076e-03 7.56e-11 5.06e+05  -9.0 9.04e+02 -12.7 3.39e-02 9.32e-01f  1
 449 -1.4878894e-03 6.56e-11 3.74e+05  -9.0 5.33e+02 -12.3 3.54e-01 1.33e-01f  1
iter    objective    inf_pr   inf_du lg(mu)  ||d||  lg(rg) alpha_du alpha_pr  ls
 450 -2.3581885e-03 5.19e-11 2.65e+05  -9.0 1.31e+03 -12.7 2.20e-01 3.85e-01f  1
 451 -2.3581856e-03 7.85e-11 2.64e+05  -9.0 2.47e+04  -9.6 3.62e-04 3.43e-08f 15
 452 -2.3079099e-03 5.12e-09 2.63e+05  -9.0 6.80e+04 -10.1 6.55e-03 5.08e-04h  1
 453 -2.1971827e-03 1.35e-08 2.62e+05  -9.0 2.48e+04  -9.7 1.08e-03 1.08e-03s 16
 454 -2.0552803e-03 2.42e-08 2.62e+05  -9.0 5.48e+04 -10.1 1.14e-03 1.14e-03s 16
 455 -1.0173359e-03 1.03e-07 2.59e+05  -9.0 2.56e+04  -9.7 1.01e-02 1.01e-02s 16
 456  2.9460057e-04 1.72e-07 2.57e+05  -9.0 3.29e+04 -10.2 8.63e-03 8.63e-03s 16
 457  1.6788817e-03 2.37e-07 2.55e+05  -9.0 1.22e+04  -9.8 9.62e-03 9.62e-03s 16
 458  1.9697884e-03 2.44e-07 2.55e+05  -9.0 1.81e+04 -10.2 9.74e-04 9.74e-04s 16
 459  2.1457091e-03 2.50e-07 2.54e+05  -9.0 7.93e+03  -9.8 9.94e-04 9.94e-04s 16
iter    objective    inf_pr   inf_du lg(mu)  ||d||  lg(rg) alpha_du alpha_pr  ls
 460  2.2878038e-03 2.52e-07 2.54e+05  -9.0 3.01e+04 -10.3 3.97e-04 3.97e-04s 16
 461  2.3313522e-03 2.54e-07 2.54e+05  -9.0 7.64e+03  -9.9 2.36e-04 2.36e-04s 16
 462  2.3818607e-03 2.55e-07 2.54e+05  -9.0 5.42e+04 -10.3 1.17e-04 1.17e-04s 16
 463  2.4631681e-03 2.57e-07 2.54e+05  -9.0 7.67e+03  -9.9 4.23e-04 4.23e-04s 16
 464r 2.4631681e-03 2.57e-07 1.00e+03  -6.6 0.00e+00  -9.5 0.00e+00 0.00e+00R  1
 465r 2.2489150e-03 1.18e-08 1.00e+03  -6.6 3.17e-02    -  4.33e-04 9.91e-04f  1
 466r 2.1644113e-03 1.09e-08 1.00e+03  -6.6 3.15e-02    -  3.68e-04 1.59e-03f  1
 467r 9.5051857e-04 8.92e-09 1.02e+03  -6.6 3.14e-02    -  1.01e-03 2.17e-02f  1
 468r 8.4691990e-04 8.69e-09 9.43e+02  -6.6 2.92e-02    -  8.31e-02 3.08e-03f  1
 469r-1.1040276e-03 4.13e-09 8.92e+02  -6.6 2.48e-02    -  4.29e-02 1.19e-01f  1
iter    objective    inf_pr   inf_du lg(mu)  ||d||  lg(rg) alpha_du alpha_pr  ls
 470r-1.4914094e-03 3.50e-09 6.77e+02  -6.6 1.77e-02    -  4.59e-01 1.75e-01f  1
 471r-1.1887522e-03 5.62e-10 6.21e+02  -6.6 2.13e-02    -  1.42e-02 1.80e-01f  1
 472r-9.4065104e-05 1.56e-09 1.58e+02  -6.6 1.66e-02    -  7.39e-01 5.95e-01f  1
 473r 7.8967659e-03 2.21e-10 2.79e+02  -6.6 1.51e-02    -  4.09e-01 8.84e-01f  1
 474  6.6035096e-03 2.03e-10 6.04e+03  -9.0 3.22e+01 -10.0 1.42e-03 2.82e-04f  1
 475  6.4505462e-03 1.96e-10 6.04e+03  -9.0 3.85e+00 -10.4 2.22e-03 1.47e-04f  3
 476  6.4223431e-03 1.94e-10 6.03e+03  -9.0 3.06e+00 -10.9 3.52e-03 3.88e-05f  7
 477  6.4167812e-03 1.94e-10 6.03e+03  -9.0 2.81e+00 -11.4 8.22e-03 1.04e-05f 10
 478  6.4165377e-03 1.94e-10 6.02e+03  -9.0 2.56e+00 -11.9 2.77e-02 6.08e-07f 15
 479  6.4164765e-03 1.94e-10 5.68e+03  -9.0 2.03e+00 -12.4 2.19e-01 2.05e-07f 17
iter    objective    inf_pr   inf_du lg(mu)  ||d||  lg(rg) alpha_du alpha_pr  ls
 480 -1.2913749e-03 4.49e-09 4.89e+03  -9.0 5.00e-01 -12.8 1.61e-01 3.99e-02f  1
 481 -1.3339797e-03 4.51e-09 4.57e+03  -9.0 1.35e-01 -13.3 7.10e-02 3.41e-04f  1
 482 -1.7299807e-03 4.62e-09 4.41e+03  -9.0 1.26e-01 -13.8 3.79e-02 4.15e-03f  1
 483 -2.4526782e-03 4.72e-09 4.33e+03  -9.0 1.22e-01 -14.3 1.90e-02 9.72e-03f  1
 484 -3.1075880e-03 4.77e-09 4.31e+03  -9.0 1.19e-01 -14.7 4.72e-03 1.08e-02f  1
 485 -3.5596749e-03 4.79e-09 4.24e+03  -9.0 1.17e-01 -15.2 1.67e-02 8.30e-03f  1
 486 -4.2609186e-03 4.79e-09 4.18e+03  -9.0 1.16e-01 -15.7 1.45e-02 1.45e-02f  1
 487 -5.2186870e-03 5.10e-09 3.91e+03  -9.0 1.14e-01 -16.2 6.80e-02 2.23e-02f  1
 488 -6.0052519e-03 5.60e-09 3.56e+03  -9.0 1.13e-01 -16.6 9.41e-02 2.44e-02f  1
 489 -6.8253368e-03 5.25e-09 2.10e+03  -9.0 1.15e-01 -17.1 4.32e-01 3.41e-02f  1
iter    objective    inf_pr   inf_du lg(mu)  ||d||  lg(rg) alpha_du alpha_pr  ls
 490 -7.3664305e-03 5.16e-09 9.12e+02  -9.0 1.73e-01 -17.6 5.98e-01 3.89e-02f  1
 491 -8.4599182e-03 5.14e-09 2.30e+02  -9.0 4.01e-01 -18.1 1.00e+00 1.03e-01f  1
 492 -8.4563317e-03 5.14e-09 2.20e+03  -9.0 1.03e-01  -4.2 2.29e-05 2.83e-04h  1
 493 -8.4563264e-03 5.14e-09 7.15e+03  -9.0 3.80e-01  -4.7 1.31e-04 5.23e-07h 11
 494 -8.4498988e-03 5.14e-09 1.92e+04  -9.0 1.85e+01  -5.2 8.23e-06 5.33e-04h  1
 495 -1.2743661e-02 3.04e-07 1.46e+04  -9.0 4.71e-01  -4.8 2.38e-01 5.07e-01f  1
 496 -1.2738009e-02 3.04e-07 1.53e+04  -9.0 1.77e-01  -5.2 4.76e-04 5.00e-04h  1
 497 -1.2738005e-02 3.04e-07 3.41e+03  -9.0 2.14e-01  -5.7 1.05e-03 3.35e-07h 13
 498 -1.2723087e-02 3.04e-07 4.70e+03  -9.0 2.33e-01  -6.2 1.64e-03 1.37e-03h  1
 499 -1.4451141e-02 2.51e-07 4.72e+03  -9.0 7.77e-01  -6.7 1.02e-03 3.84e-01f  1
iter    objective    inf_pr   inf_du lg(mu)  ||d||  lg(rg) alpha_du alpha_pr  ls
 500 -1.4448304e-02 2.51e-07 1.62e+04  -9.0 1.18e-01  -7.1 9.23e-04 2.31e-04h  1
 501 -1.4448163e-02 2.51e-07 3.55e+04  -9.0 2.15e-01  -7.6 2.24e-05 1.17e-05h 17
 502 -5.1925738e-03 5.89e-08 3.10e+06  -9.0 6.43e-01  -8.1 1.59e-03 7.66e-01h  1
 503 -4.7198131e-03 4.56e-08 2.43e+06  -9.0 2.15e+00  -8.6 3.60e-01 2.25e-01h  1
 504 -3.1221766e-03 6.07e-09 3.67e+05  -9.0 5.55e+00  -9.1 1.36e-02 8.67e-01h  1
 505 -3.1530161e-03 5.82e-09 3.53e+05  -9.0 1.66e+01  -9.5 2.03e-01 4.10e-02f  1
 506 -3.1496581e-03 5.82e-09 3.53e+05  -9.0 3.12e+05 -10.0 7.65e-04 4.80e-05h  1
 507 -4.7723424e-03 2.47e-09 2.34e+05  -9.0 3.11e+02 -10.5 1.16e-01 5.75e-01f  1
 508 -4.7623056e-03 2.47e-09 2.34e+05  -9.0 2.38e+05 -10.1 4.43e-04 2.69e-06h  1
 509 -4.7623025e-03 2.47e-09 2.32e+05  -9.0 3.93e+03  -9.6 1.02e-02 2.31e-08f 17
iter    objective    inf_pr   inf_du lg(mu)  ||d||  lg(rg) alpha_du alpha_pr  ls
 510 -4.7025311e-03 2.45e-09 2.28e+05  -9.0 1.27e+03  -9.2 1.76e-02 5.48e-04h  4
 511 -3.9751709e-03 4.26e-09 2.27e+05  -9.0 4.77e+03  -9.7 4.45e-03 4.45e-03s 15
 512 -3.5956316e-03 6.42e-09 2.26e+05  -9.0 1.44e+03  -9.3 3.15e-03 3.15e-03s 15
 513 -3.2742523e-03 8.04e-09 2.26e+05  -9.0 5.63e+03  -9.7 1.81e-03 1.81e-03s 15
 514 -2.9205088e-03 1.00e-08 2.25e+05  -9.0 1.62e+03  -9.3 2.87e-03 2.87e-03s 15
 515 -2.6165135e-03 1.15e-08 2.25e+05  -9.0 6.81e+03  -9.8 1.56e-03 1.56e-03s 15
 516 -2.2714893e-03 1.34e-08 2.24e+05  -9.0 1.84e+03  -9.4 2.73e-03 2.73e-03s 15
 517 -1.9358571e-03 1.49e-08 2.24e+05  -9.0 8.50e+03  -9.8 1.53e-03 1.53e-03s 15
 518 -1.5801318e-03 1.68e-08 2.23e+05  -9.0 2.08e+03  -9.4 2.74e-03 2.74e-03s 15
 519 -9.9422535e-04 1.93e-08 2.22e+05  -9.0 1.10e+04  -9.9 2.27e-03 2.27e-03s 15
iter    objective    inf_pr   inf_du lg(mu)  ||d||  lg(rg) alpha_du alpha_pr  ls
 520 -6.4661937e-04 2.11e-08 2.22e+05  -9.0 2.35e+03  -9.5 2.60e-03 2.60e-03s 15
 521 -5.0964732e-05 2.33e-08 2.22e+05  -9.0 1.53e+04  -9.9 1.83e-03 1.83e-03s 15
 522r-5.0964732e-05 2.33e-08 1.00e+03  -7.6 0.00e+00  -9.5 0.00e+00 0.00e+00R  1
 523r-7.4154884e-04 1.24e-08 1.00e+03  -7.6 7.12e-03    -  2.51e-05 9.91e-04f  1
 524r-1.2855589e-03 1.17e-08 1.00e+03  -7.6 7.07e-03    -  5.51e-04 1.13e-03f  1
 525r-1.7449297e-03 1.10e-08 1.01e+03  -7.6 7.08e-03    -  2.86e-04 1.44e-03f  1
 526r-1.9223563e-03 1.06e-08 1.02e+03  -7.6 7.09e-03    -  1.81e-04 7.39e-04f  1
 527r-2.5619703e-03 9.30e-09 1.02e+03  -7.6 7.08e-03    -  3.61e-04 2.73e-03f  1
 528r-2.6127034e-03 9.20e-09 1.02e+03  -7.6 7.11e-03    -  7.01e-04 3.72e-04f  1
 529r-2.7111124e-03 8.99e-09 1.02e+03  -7.6 7.11e-03    -  4.64e-05 7.63e-04f  1
iter    objective    inf_pr   inf_du lg(mu)  ||d||  lg(rg) alpha_du alpha_pr  ls
 530r-2.7274073e-03 8.97e-09 1.02e+03  -7.6 7.14e-03    -  1.62e-04 1.98e-04f  1
 531r-2.7783317e-03 8.86e-09 1.02e+03  -7.6 7.11e-03    -  1.63e-04 4.33e-04f  1
 532r-2.8076293e-03 8.82e-09 1.05e+03  -7.6 7.13e-03    -  1.40e-04 3.41e-04f  1
 533r-3.0225691e-03 8.30e-09 1.05e+03  -7.6 7.10e-03    -  2.76e-04 1.70e-03f  1
 534r-3.0315075e-03 8.29e-09 1.05e+03  -7.6 7.13e-03    -  3.34e-04 1.43e-04f  1
 535r-3.0608835e-03 8.24e-09 1.05e+03  -7.6 7.12e-03    -  1.29e-04 3.92e-04f  1
 536r-3.0956045e-03 8.22e-09 1.05e+03  -7.6 7.14e-03    -  3.27e-04 6.40e-04f  1
 537r-3.3256416e-03 7.65e-09 1.09e+03  -7.6 7.10e-03    -  1.34e-04 2.34e-03f  1
 538r-3.3314260e-03 7.65e-09 1.09e+03  -7.6 7.12e-03    -  4.90e-04 1.10e-04f  1
 539r-3.3556633e-03 7.60e-09 1.09e+03  -7.6 7.11e-03    -  6.06e-05 3.54e-04f  1
iter    objective    inf_pr   inf_du lg(mu)  ||d||  lg(rg) alpha_du alpha_pr  ls
 540r-3.3667826e-03 7.59e-09 1.09e+03  -7.6 7.13e-03    -  3.10e-04 2.62e-04f  1
 541r-3.4409509e-03 7.41e-09 1.09e+03  -7.6 7.10e-03    -  8.65e-05 9.48e-04f  1
 542r-3.4457113e-03 7.40e-09 1.09e+03  -7.6 7.12e-03    -  4.38e-04 1.17e-04f  1
 543r-3.4636255e-03 7.37e-09 1.09e+03  -7.6 7.11e-03    -  8.33e-05 2.97e-04f  1
 544r-3.4799461e-03 7.35e-09 1.09e+03  -7.6 7.13e-03    -  3.44e-04 4.31e-04f  1
 545r-3.5652559e-03 7.14e-09 1.09e+03  -7.6 7.10e-03    -  1.12e-04 1.17e-03f  1
 546r-3.5692093e-03 7.13e-09 1.09e+03  -7.6 7.12e-03    -  5.03e-04 1.07e-04f  1
 547r-3.6314229e-03 6.98e-09 1.09e+03  -7.6 7.10e-03    -  5.29e-05 9.97e-04f  1
 548r-3.6351614e-03 6.98e-09 1.09e+03  -7.6 7.12e-03    -  5.43e-04 1.12e-04f  1
 549r-3.6638026e-03 6.91e-09 1.09e+03  -7.6 7.10e-03    -  7.00e-05 5.32e-04f  1
iter    objective    inf_pr   inf_du lg(mu)  ||d||  lg(rg) alpha_du alpha_pr  ls
 550r-3.6692278e-03 6.91e-09 1.09e+03  -7.6 7.12e-03    -  5.18e-04 1.80e-04f  1
 551r-3.6838721e-03 6.88e-09 1.09e+03  -7.6 7.10e-03    -  1.06e-04 3.05e-04f  1
 552r-3.7050240e-03 6.86e-09 1.09e+03  -7.6 7.12e-03    -  4.50e-04 7.26e-04f  1
 553r-3.9542094e-03 6.19e-09 1.09e+03  -7.6 7.09e-03    -  1.36e-04 4.21e-03f  1
 554r-3.9584427e-03 6.19e-09 1.08e+03  -7.6 7.09e-03    -  1.65e-03 1.33e-04f  1
 555r-4.0223708e-03 6.05e-09 1.08e+03  -7.6 7.10e-03    -  7.06e-05 1.83e-03f  1
 556r-4.0255198e-03 6.04e-09 1.08e+03  -7.6 7.10e-03    -  1.00e-03 1.48e-04f  1
 557r-4.0475796e-03 6.00e-09 1.08e+03  -7.6 7.09e-03    -  1.29e-04 7.48e-04f  1
 558r-4.0544429e-03 5.99e-09 1.08e+03  -7.6 7.10e-03    -  8.70e-04 3.66e-04f  1
 559r-4.1018789e-03 5.89e-09 1.08e+03  -7.6 7.09e-03    -  1.52e-04 1.62e-03f  1
iter    objective    inf_pr   inf_du lg(mu)  ||d||  lg(rg) alpha_du alpha_pr  ls
 560r-4.1048826e-03 5.89e-09 1.08e+03  -7.6 7.09e-03    -  1.09e-03 1.68e-04f  1
 561r-4.1669873e-03 5.75e-09 1.08e+03  -7.6 7.09e-03    -  1.38e-04 2.42e-03f  1
 562r-4.1695959e-03 5.75e-09 1.08e+03  -7.6 7.09e-03    -  1.36e-03 1.60e-04f  1
 563r-4.2500361e-03 5.58e-09 1.08e+03  -7.6 7.09e-03    -  1.60e-04 3.78e-03f  1
 564r-4.2529168e-03 5.58e-09 1.08e+03  -7.6 7.08e-03    -  2.05e-03 2.05e-04f  1
 565r-4.3046094e-03 5.48e-09 1.08e+03  -7.6 7.08e-03    -  5.60e-04 3.26e-03f  1
 566r-4.3113437e-03 5.47e-09 1.07e+03  -7.6 7.07e-03    -  2.53e-03 5.96e-04f  1
 567r-4.3244366e-03 5.45e-09 1.07e+03  -7.6 7.08e-03    -  3.73e-03 1.17e-03f  1
 568r-4.3465148e-03 5.41e-09 1.06e+03  -7.6 7.08e-03    -  5.11e-03 2.17e-03f  1
 569r-4.4864098e-03 5.14e-09 1.04e+03  -7.6 7.09e-03    -  1.95e-02 1.59e-02f  1
iter    objective    inf_pr   inf_du lg(mu)  ||d||  lg(rg) alpha_du alpha_pr  ls
 570r-4.6092115e-03 4.86e-09 9.89e+02  -7.6 7.09e-03    -  5.64e-02 3.43e-02f  1
 571r-4.6550592e-03 4.48e-09 9.02e+02  -7.6 7.13e-03    -  9.45e-02 5.12e-02f  1
 572r-4.6799815e-03 3.38e-09 7.59e+02  -7.6 7.22e-03    -  3.86e-01 1.17e-01f  1
 573 -4.7259298e-03 3.38e-09 6.07e+03  -9.0 9.12e+00 -10.0 7.07e-03 3.48e-05f  1
 574 -5.9748654e-03 3.47e-09 6.04e+03  -9.0 3.03e+00 -10.5 4.74e-02 3.04e-03f  1
 575 -8.0432588e-03 3.77e-09 5.87e+03  -9.0 2.02e+00 -10.9 8.01e-02 9.43e-03f  1
 576 -1.2506239e-02 4.65e-09 5.79e+03  -9.0 1.24e-01 -11.4 1.25e-02 2.93e-02f  1
 577 -1.3530168e-02 5.46e-09 5.71e+03  -9.0 1.22e-01 -11.9 1.39e-02 9.43e-03f  1
 578 -1.4495116e-02 6.31e-09 5.63e+03  -9.0 1.06e-01 -12.4 1.48e-02 1.05e-02f  1
 579 -1.5160378e-02 6.20e-09 5.52e+03  -9.0 6.03e-02 -12.9 1.97e-02 9.15e-03f  1
iter    objective    inf_pr   inf_du lg(mu)  ||d||  lg(rg) alpha_du alpha_pr  ls
 580 -1.5794515e-02 6.07e-09 5.40e+03  -9.0 5.23e-02 -13.3 2.26e-02 1.18e-02f  1
 581 -1.6145983e-02 5.97e-09 5.30e+03  -9.0 5.07e-02 -13.8 1.83e-02 1.01e-02f  1
 582 -1.6563167e-02 5.82e-09 4.89e+03  -9.0 5.03e-02 -14.3 8.00e-02 1.69e-02f  1
 583 -1.6812059e-02 5.90e-09 4.71e+03  -9.0 5.54e-02 -14.8 3.79e-02 2.00e-02f  1
 584 -1.6950378e-02 6.14e-09 4.54e+03  -9.0 5.86e-02 -15.2 3.76e-02 1.58e-02f  1
 585 -1.7006221e-02 6.18e-09 4.40e+03  -9.0 6.08e-02 -15.7 3.24e-02 8.55e-03f  1
 586 -1.7122040e-02 5.92e-09 4.25e+03  -9.0 6.23e-02 -16.2 3.38e-02 2.14e-02f  1
 587 -1.7182221e-02 5.77e-09 4.06e+03  -9.0 6.45e-02 -16.7 4.60e-02 1.55e-02f  1
 588 -1.7226263e-02 5.70e-09 3.76e+03  -9.0 6.77e-02 -17.1 7.59e-02 1.56e-02f  1
 589 -1.7265673e-02 5.66e-09 3.54e+03  -9.0 7.36e-02 -17.6 6.02e-02 2.11e-02f  1
iter    objective    inf_pr   inf_du lg(mu)  ||d||  lg(rg) alpha_du alpha_pr  ls
 590 -1.7293008e-02 5.65e-09 3.42e+03  -9.0 7.82e-02 -18.1 3.43e-02 2.19e-02f  1
 591 -1.7311028e-02 5.59e-09 1.26e+03  -9.0 8.06e-02 -18.6 6.51e-01 2.12e-02f  1
 592 -1.7336078e-02 5.53e-09 1.13e+03  -9.0 2.30e-01 -19.1 1.08e-01 8.25e-02f  1
 593 -1.7351295e-02 5.50e-09 4.07e+02  -9.0 2.58e-01 -19.5 6.87e-01 7.56e-02f  1
 594 -1.7436116e-02 5.35e-09 2.45e+02  -9.0 8.26e-01 -20.0 3.54e-01 5.50e-01f  1
 595 -1.7498221e-02 5.32e-09 1.63e+00  -9.0 1.28e+00 -20.0 1.00e+00 9.83e-01f  1
 596 -1.7497989e-02 5.32e-09 1.80e+05  -9.0 2.87e+02 -10.6 4.26e-07 2.22e-05h  1
 597 -1.7497963e-02 5.32e-09 1.81e+05  -9.0 5.52e+02 -11.1 8.90e-06 2.19e-06f  8
In iteration 597, 1 Slack too small, adjusting variable bound
 598 -1.7497678e-02 5.32e-09 1.91e+05  -9.0 1.56e+03 -11.5 2.19e-06 2.68e-05h  1
 599 -1.7497277e-02 5.32e-09 1.91e+05  -9.0 4.11e+03 -12.0 4.25e-05 4.63e-05h  1
iter    objective    inf_pr   inf_du lg(mu)  ||d||  lg(rg) alpha_du alpha_pr  ls
 600 -1.7497271e-02 5.32e-09 1.91e+05  -9.0 1.73e+03 -11.6 5.90e-05 6.26e-07h  9
 601 -1.7495907e-02 5.32e-09 1.91e+05  -9.0 4.41e+03 -12.1 6.68e-05 1.60e-04h  1
 602 -1.7495900e-02 5.32e-09 1.91e+05  -9.0 9.45e+03  -9.8 1.42e-06 4.98e-07h  9
 603 -1.7495079e-02 5.32e-09 1.91e+05  -9.0 3.06e+04  -9.4 4.22e-03 8.93e-06h  1
 604 -1.7495075e-02 5.32e-09 1.91e+05  -9.0 3.33e+04  -9.9 2.46e-05 9.68e-08f 17
 605 -1.7449379e-02 5.30e-09 1.91e+05  -9.0 3.50e+04  -9.5 6.16e-06 4.82e-04h  5
 606 -1.6979670e-02 7.39e-08 1.90e+05  -9.0 1.64e+05  -9.9 3.73e-03 3.73e-03s 16
 607r-1.6979670e-02 7.39e-08 1.00e+03  -7.1 0.00e+00 -10.4 0.00e+00 0.00e+00R  1
 608r-1.7438699e-02 5.30e-09 9.98e+02  -7.1 1.91e-02    -  1.50e-03 9.91e-04f  1
 609r-1.7425402e-02 5.35e-09 9.95e+02  -7.1 1.91e-02    -  2.91e-03 2.77e-03f  1
iter    objective    inf_pr   inf_du lg(mu)  ||d||  lg(rg) alpha_du alpha_pr  ls
 610 -1.7428275e-02 5.35e-09 4.11e+03  -9.0 8.58e-01 -10.9 5.25e-01 1.80e-04h  1
 611 -1.7477799e-02 5.35e-09 2.53e+03  -9.0 7.63e-01 -11.4 1.00e+00 2.26e-02f  1
 612 -1.7543330e-02 5.34e-09 3.42e+02  -9.0 1.27e+03 -10.9 8.54e-01 1.37e-01h  1
 613 -1.7542937e-02 5.34e-09 1.32e+05  -9.0 2.56e-01  -6.0 9.71e-07 3.68e-05h  1
 614 -1.7542928e-02 5.34e-09 1.32e+05  -9.0 6.93e-02  -5.6 7.30e-06 7.33e-07h  4
 615 -1.7542923e-02 5.34e-09 1.32e+05  -9.0 3.14e-01  -6.0 7.18e-07 4.03e-07f 11
 616r-1.7542923e-02 5.34e-09 1.00e+03  -8.3 0.00e+00  -5.6 0.00e+00 4.80e-07R  5
 617r-1.7510702e-02 5.35e-09 1.00e+03  -8.3 3.68e-03    -  2.18e-02 4.07e-05f  1
 618 -1.7513211e-02 5.35e-09 3.29e+03  -9.0 1.50e-01  -6.1 7.63e-01 2.83e-04h  1
 619 -1.7545397e-02 5.35e-09 2.41e+03  -9.0 3.73e-01  -6.6 1.00e+00 3.49e-02f  1
iter    objective    inf_pr   inf_du lg(mu)  ||d||  lg(rg) alpha_du alpha_pr  ls
 620 -1.7545396e-02 5.35e-09 3.10e+03  -9.0 8.65e-02  -7.1 9.25e-08 1.50e-08h  8
 621 -1.7545391e-02 5.35e-09 9.20e+03  -9.0 2.00e-01  -7.5 1.50e-05 4.70e-07h  5
 622r-1.7545391e-02 5.35e-09 1.00e+03  -8.3 0.00e+00  -8.0 0.00e+00 4.27e-07R  5
 623r-1.7485647e-02 5.35e-09 1.00e+03  -8.3 3.34e-03    -  2.19e-02 2.95e-05f  1
 624r-1.7501897e-02 9.92e-09 9.81e+02  -8.3 3.37e-03    -  2.07e-02 1.89e-02f  1
 625 -1.7504574e-02 9.92e-09 6.09e+03  -9.0 2.51e+00  -8.5 1.43e-01 3.19e-04h  1
 626 -1.7546245e-02 9.87e-09 5.80e+03  -9.0 2.47e+00  -9.0 2.02e-01 1.25e-02f  1
 627 -1.7548426e-02 8.77e-09 4.54e+03  -9.0 5.91e-02  -9.4 2.17e-01 2.47e-01h  1
 628 -1.7549004e-02 7.76e-09 6.78e+02  -9.0 7.57e-02  -9.9 8.62e-01 2.99e-01f  1
 629 -1.7550543e-02 5.40e-09 8.70e+01  -9.0 5.45e-01 -10.4 8.52e-01 1.00e+00f  1
iter    objective    inf_pr   inf_du lg(mu)  ||d||  lg(rg) alpha_du alpha_pr  ls
 630 -1.7555087e-02 5.40e-09 6.03e-02  -9.0 3.68e+00 -10.9 9.99e-01 1.00e+00h  1
 631 -1.7554276e-02 5.40e-09 1.23e+04  -9.0 1.29e+03 -11.3 2.51e-05 7.81e-05h  1
 632 -1.7554264e-02 5.40e-09 7.40e+04  -9.0 2.73e+03 -11.8 2.45e-05 1.25e-06h 10
 633 -1.7550129e-02 5.40e-09 1.05e+06  -9.0 6.91e+03 -12.3 4.04e-05 5.32e-04h  1
 634 -1.7550123e-02 5.40e-09 9.17e+05  -9.0 3.02e+03 -11.9 5.38e-04 6.24e-07h 14
 635 -1.7547672e-02 5.40e-09 9.05e+05  -9.0 7.65e+03 -12.4 6.08e-04 3.17e-04h  5
 636 -1.7546262e-02 5.40e-09 9.03e+05  -9.0 3.34e+03 -11.9 9.76e-04 1.49e-04h  6
 637 -1.7545867e-02 5.40e-09 9.03e+05  -9.0 1.41e+03 -11.5 1.27e-03 3.60e-05h  8
 638r-1.7545867e-02 5.40e-09 1.00e+03  -8.3 0.00e+00 -10.2 0.00e+00 4.97e-07R  4
 639r-1.6883507e-02 6.26e-09 1.00e+03  -8.3 4.11e-03    -  5.07e-06 9.30e-04f  1
iter    objective    inf_pr   inf_du lg(mu)  ||d||  lg(rg) alpha_du alpha_pr  ls
 640 -1.6913480e-02 6.27e-09 5.76e+03  -9.0 1.28e+00 -10.7 1.10e-01 1.97e-04h  1
 641 -1.6982531e-02 6.26e-09 5.00e+03  -9.0 4.84e-02 -11.1 1.36e-01 3.47e-03f  1
 642 -1.7289914e-02 5.77e-09 3.20e+03  -9.0 5.36e-02 -11.6 3.70e-01 4.75e-02f  1
 643 -1.7342053e-02 5.71e-09 4.46e+02  -9.0 8.42e-02 -12.1 1.00e+00 4.38e-02h  2
 644 -1.7339325e-02 5.70e-09 1.91e+04  -9.0 2.07e+03 -11.7 2.14e-05 2.76e-04h  1
 645 -1.7339320e-02 5.70e-09 4.30e+04  -9.0 4.94e+03 -12.1 1.93e-04 5.97e-07h 10
 646 -1.7335424e-02 5.70e-09 2.51e+04  -9.0 2.14e+03 -11.7 2.85e-04 3.87e-04h  1
 647 -1.7335420e-02 5.70e-09 9.77e+04  -9.0 5.46e+03 -12.2 7.36e-04 5.03e-07h 14
 648 -1.7294529e-02 5.68e-09 9.61e+04  -9.0 2.38e+03 -11.8 9.24e-04 4.11e-03h  1
 649 -1.7294531e-02 5.68e-09 9.61e+04  -9.0 6.43e+02  -9.5 5.14e-05 1.35e-06h  2
iter    objective    inf_pr   inf_du lg(mu)  ||d||  lg(rg) alpha_du alpha_pr  ls
 650r-1.7294531e-02 5.68e-09 1.00e+03  -8.2 0.00e+00 -10.0 0.00e+00 4.31e-07R  7
 651r-1.7246814e-02 5.85e-09 1.00e+03  -8.2 4.11e-03    -  3.79e-05 6.83e-04f  1
 652r-1.7224414e-02 6.17e-09 1.00e+03  -8.2 4.11e-03    -  3.28e-05 9.99e-04f  1
 653 -1.7253451e-02 6.17e-09 5.51e+03  -9.0 2.08e+00 -10.5 1.50e-01 2.08e-04h  1
 654 -1.7321334e-02 6.23e-09 5.02e+03  -9.0 1.92e+00 -11.0 5.08e-01 6.82e-03f  1
 655 -1.7399853e-02 6.13e-09 4.72e+02  -9.0 4.16e-01 -11.4 1.00e+00 8.81e-02f  1
 656 -1.7399517e-02 6.13e-09 1.17e+04  -9.0 3.56e+03 -11.9 8.68e-06 2.99e-05h  1
 657 -1.7399507e-02 6.13e-09 1.50e+04  -9.0 7.94e+03 -12.4 8.28e-05 8.90e-07f 10
 658 -1.7393994e-02 6.13e-09 1.76e+06  -9.0 1.58e+04 -12.9 9.11e-07 4.78e-04h  1
 659 -1.7382918e-02 6.13e-09 1.76e+06  -9.0 7.19e+05  -9.7 5.10e-03 7.35e-06h  1
iter    objective    inf_pr   inf_du lg(mu)  ||d||  lg(rg) alpha_du alpha_pr  ls
 660 -1.7381971e-02 6.13e-09 1.76e+06  -9.0 8.61e+06 -10.2 1.84e-06 1.56e-07h 13
 661 -1.7350098e-02 6.11e-09 1.76e+06  -9.0 8.51e+05  -9.8 5.72e-03 2.02e-05h  9
 662r-1.7350098e-02 6.11e-09 1.00e+03  -8.2 0.00e+00 -10.3 0.00e+00 3.03e-07R  9
 663r-1.7378308e-02 9.58e-09 9.86e+02  -8.2 3.57e-03    -  1.38e-02 1.33e-02f  1
 664 -1.7397681e-02 9.58e-09 5.41e+03  -9.0 1.87e+00 -10.7 2.19e-01 1.85e-04h  1
 665 -1.7439175e-02 9.51e-09 4.80e+03  -9.0 5.22e-01 -11.2 1.38e-01 1.52e-02f  1
 666 -1.7483374e-02 9.20e-09 3.09e+03  -9.0 6.04e-02 -11.7 3.62e-01 6.72e-02h  2
 667 -1.7505396e-02 8.76e-09 2.19e+03  -9.0 9.49e-02 -12.2 2.97e-01 1.09e-01h  1
 668 -1.7507604e-02 8.69e-09 8.06e+02  -9.0 1.35e-01 -12.6 6.57e-01 2.03e-02h  4
 669 -1.7507980e-02 8.68e-09 4.52e+02  -9.0 3.94e-01 -13.1 4.90e-01 4.91e-03h  7
iter    objective    inf_pr   inf_du lg(mu)  ||d||  lg(rg) alpha_du alpha_pr  ls
 670 -1.7546133e-02 6.91e-09 5.48e+01  -9.0 7.72e-01 -13.6 1.00e+00 5.38e-01h  1
 671 -1.7546132e-02 6.91e-09 9.62e+02  -9.0 6.43e+03 -12.3 1.20e-08 7.87e-08h 13
 672 -1.7546127e-02 6.91e-09 5.81e+03  -9.0 3.24e+03 -11.8 1.75e-05 5.30e-07h  9
 673 -1.7545462e-02 6.91e-09 1.08e+05  -9.0 6.73e+03 -12.3 5.86e-07 8.24e-05h  3
 674 -1.7544054e-02 6.91e-09 1.08e+05  -9.0 3.51e+03 -11.9 1.61e-04 1.61e-04s 10
