
 ==============================================================================
 This is ALGENCAN 3.1.1.
 ALGENCAN, an Augmented Lagrangian method for nonlinear programming, is part of
 the TANGO Project: Trustable Algorithms for Nonlinear General Optimization.
 See http://www.ime.usp.br/~egbirgin/tango/ for details.
 ==============================================================================

 Processing array of parameters with   3 entrances:

 IGNORE-OBJECTIVE-FUNCTION                    
 ITERATIONS-OUTPUT-DETAIL                                                    11
 NEWTON-LINE-SEARCH-INNER-SOLVER                                    'MA57 MC64'

 The specification file is not being used.

 Available HSL subroutines = MA57           

 ALGENCAN PARAMETERS:

 firstde                =                    T
 seconde                =                    T
 truehpr                =                    T
 hptype in TN           =               TRUEHP
 lsslvr in TR           =            MA57/NONE
 lsslvr in NW           =            MA57/MC64
 lsslvr in ACCPROC      =            MA57/NONE
 innslvr                =                   NW
 accproc                =                    T
 rmfixv                 =                    T
 slacks                 =                    F
 scale                  =                    T
 epsfeas                =           1.0000D-09
 epsopt                 =           1.0000D-08
 efstain                =           3.1623D-05
 eostain                =           1.0000D-12
 efacc                  =           3.1623D-05
 eoacc                  =           1.0000D-04
 iprint                 =                   11
 ncomp                  =                    6

 Specification filename =                   ''
 Output filename        =          'lcmin.out'
 Solution filename      =                   ''

 Number of variables               :   25004
 Number of equality constraints    :   20004
 Number of inequality constraints  :       0
 Number of bound constraints       :   10000
 Number of fixed variables         :       0

 There are no fixed variables to be removed.

 Objective function scale factor   : 1.0D+00
 Smallest constraints scale factor : 1.0D-01

     Entry to GENCAN.
     Number of variables:   25004
     Required optimality tolerance: 1.0D-08

     It         function  gpsupn   xsupn stesupn   nfree   SPGit in-face    fcnt
      0   1.00796108D-15 1.4D-09 4.2D+02
      1   9.78495191D-16 1.6D-09 4.2D+02 9.1D-10   21258       0       1       3
      2   2.61941707D-24 2.1D-12 4.2D+02 1.3D-07   21258       0       2       4

     Flag of GENCAN: Solution was found.


 User-provided subroutines calls counters: 

 Subroutine fsub     (coded=F):        0
 Subroutine gsub     (coded=F):        0
 Subroutine hsub     (coded=F):        0
 Subroutine csub     (coded=F):        0 (       0 calls per constraint in avg)
 Subroutine jacsub   (coded=F):        0 (       0 calls per constraint in avg)
 Subroutine hcsub    (coded=F):        0 (       0 calls per constraint in avg)
 Subroutine fcsub    (coded=T):        4
 Subroutine gjacsub  (coded=T):        5
 Subroutine gjacpsub (coded=F):        0
 Subroutine hlsub    (coded=T):        2
 Subroutine hlpsub   (coded=F):        0


 Total CPU time in seconds =     0.05

 ==============================================================================

 Initial point computed successfully.

                                            achieved                  desired        
 Unscaled feasibility ..............:   2.1077029010996284D-12   1.0000000000000001D-09
 Smallest distance to lower bound ..:   1.0000000000000000D-02   1.0000000000000000D-03

 Starting LCMIN.
 Number of variables   :   25004
 Number of constraints :   20004

 Scale factor for the objective function   : 1.0D+00
 Smallest scale factor for the constraints : 1.0D+00

 ==========================================================
 outer barrier   objective       scaled      outer   inner
  ite   param     function     obj funct    opt err   ite 
     0 1.0D-01  6.316785D+02  6.316785D+02 1.263D+01     0 

    inner barrier   scaled     scaled     min     min    NW   SE     dx      alpha    alpha    inner   time (s)
     ite   param   obj func     feas      x-l     u-x   pert pert   norm      max             opt err 
        1 1.0D-01  5.038D+02  1.563D-12 1.7D-03 0.0D+00    0    0 2.31D+03 1.19D-01 1.19D-01 1.364D+01     0.07
        2 1.0D-01  4.210D+02  1.673D-12 7.1D-04 0.0D+00    0    0 1.43D+03 2.22D-01 2.22D-01 9.125D+00     0.03
        3 1.0D-01  4.135D+02  1.511D-12 2.5D-03 0.0D+00    0    0 9.10D+02 2.63D-01 2.63D-01 6.232D+00     0.03
        4 1.0D-01  4.336D+02  1.941D-12 4.2D-04 0.0D+00    0    0 7.30D+02 4.31D-01 4.31D-01 2.615D+00     0.03
        5 1.0D-01  4.943D+02  1.279D-12 8.5D-03 0.0D+00    0    0 7.75D+02 1.00D+00 1.00D+00 6.920D-02     0.03


     1 2.0D-02  4.942813D+02  4.942813D+02 1.692D-01     5C


     2 2.8D-03  4.942813D+02  4.942813D+02 1.692D-01     5C

    inner barrier   scaled     scaled     min     min    NW   SE     dx      alpha    alpha    inner   time (s)
     ite   param   obj func     feas      x-l     u-x   pert pert   norm      max             opt err 
        1 2.8D-03  2.587D+02  1.518D-12 2.1D-04 0.0D+00    0    0 3.87D+03 4.95D-01 4.95D-01 3.346D-01     0.03
        2 2.8D-03  1.450D+02  1.062D-12 6.2D-04 0.0D+00    0    0 2.88D+03 4.67D-01 4.67D-01 2.180D-01     0.08
        3 2.8D-03  1.118D+02  1.848D-12 3.8D-04 0.0D+00    0    0 3.51D+03 2.47D-01 2.47D-01 3.692D-01     0.03
        4 2.8D-03  8.315D+01  1.328D-12 1.0D-04 0.0D+00    0    0 1.29D+03 2.96D-01 2.96D-01 1.881D-01     0.03
        5 2.8D-03  1.685D+01  1.508D-12 2.7D-04 0.0D+00    2    0 2.97D+02 1.00D+00 1.00D+00 5.988D-02     0.06
        6 2.8D-03  1.462D+01  1.620D-12 2.8D-04 0.0D+00    0    0 4.61D+02 1.00D+00 1.00D+00 1.513D-03     0.03


     3 1.5D-04  1.461962D+01  1.461962D+01 4.334D-03    11C

    inner barrier   scaled     scaled     min     min    NW   SE     dx      alpha    alpha    inner   time (s)
     ite   param   obj func     feas      x-l     u-x   pert pert   norm      max             opt err 
        1 1.5D-04  2.599D+00  1.678D-12 2.8D-07 0.0D+00    0    0 4.72D+02 9.11D-01 9.11D-01 9.378D-03     0.03
        2 1.5D-04  9.429D-01  1.564D-12 1.5D-05 0.0D+00    0    0 2.44D+02 1.00D+00 1.00D+00 2.680D-04     0.03


     4 1.8D-06  9.428773D-01  9.428773D-01 4.184D-04    13C

    inner barrier   scaled     scaled     min     min    NW   SE     dx      alpha    alpha    inner   time (s)
     ite   param   obj func     feas      x-l     u-x   pert pert   norm      max             opt err 
        1 1.8D-06  1.129D-01  1.568D-12 2.7D-10 0.0D+00    0    0 1.48D+02 9.74D-01 9.74D-01 6.962D-04     0.03
        2 1.8D-06  3.078D-02  1.568D-12 1.8D-07 0.0D+00    0    0 7.56D+01 1.00D+00 1.00D+00 2.681D-05     0.03
        3 1.8D-06  1.416D-02  1.573D-12 1.8D-07 0.0D+00    0    0 3.58D+01 1.00D+00 1.00D+00 6.231D-06     0.03


     5 2.5D-09  1.415978D-02  1.415978D-02 8.076D-06    16C

    inner barrier   scaled     scaled     min     min    NW   SE     dx      alpha    alpha    inner   time (s)
     ite   param   obj func     feas      x-l     u-x   pert pert   norm      max             opt err 
        1 2.5D-09  1.733D-03  1.573D-12 3.8D-15 0.0D+00    0    0 2.19D+01 9.97D-01 9.97D-01 1.153D-05     0.03
        2 2.5D-09  4.363D-04  1.570D-12 2.5D-10 0.0D+00    0    0 1.10D+01 1.00D+00 1.00D+00 5.070D-07     0.03
        3 2.5D-09  1.179D-04  1.570D-12 2.5D-10 0.0D+00    0    0 5.46D+00 1.00D+00 1.00D+00 1.261D-07     0.03
        4 2.5D-09  3.826D-05  1.570D-12 2.5D-10 0.0D+00    0    0 2.67D+00 1.00D+00 1.00D+00 3.091D-08     0.03
        5 2.5D-09  1.834D-05  1.570D-12 2.5D-10 0.0D+00    0    0 1.22D+00 1.00D+00 1.00D+00 7.128D-09     0.03


     6 1.0D-09  1.834166D-05  1.834166D-05 9.634D-09    21C
 ==========================================================

 FINAL RESULTS:
                            scaled                   unscaled
  Objective Funct:   1.8341660108884315D-05    1.8341660108884315D-05
  Lagrangian Grad:   1.7763568394002505D-15    1.7763568394002505D-15
 Final Point Feas:   1.5701651675907591D-12    1.5701651675907591D-12
 Bounds violation:   0.0000000000000000D+00    0.0000000000000000D+00
 Lower Bound Comp:   9.6342520004682865D-09    9.6342520004682865D-09
 Upper Bound Comp:   0.0000000000000000D+00    0.0000000000000000D+00

 Flag of LCMIN:

     Optimal solution found.

 ====================================================
                      STATISTICS                     
 ====================================================
 GENERAL:                                            

           Preprocessing time (in seconds):      4.69
            Optimization time (in seconds):      0.88

                      Inner Iterations (IIT):      21
                      Outer Iterations (OIT):       6
                  Function Evaluations (FEV):      22
         Function Gradient Evaluations (GEV):      22
          Function Hessian Evaluations (HEV):      21
          Barrier Function Evaluations (BFE):      42
 Barrier Function Gradient Evaluations (BGE):      21
 ====================================================
 AVERAGE:                                            

 Inner Iterations per Outer Iterations  :      3.5000
 FEV per IIT:      1.0476    FEV per OIT:      3.6667
 GEV per IIT:      1.0476    GEV per OIT:      3.6667
 HEV per IIT:      1.0000    HEV per OIT:      3.5000
 BFE per IIT:      2.0000    BFE per OIT:      7.0000
 BGE per IIT:      1.0000    BGE per OIT:      3.5000
 ====================================================

