
 ==============================================================================
 This is ALGENCAN 3.1.1.
 ALGENCAN, an Augmented Lagrangian method for nonlinear programming, is part of
 the TANGO Project: Trustable Algorithms for Nonlinear General Optimization.
 See http://www.ime.usp.br/~egbirgin/tango/ for details.
 ==============================================================================

 Processing array of parameters with   3 entrances:

 IGNORE-OBJECTIVE-FUNCTION                    
 ITERATIONS-OUTPUT-DETAIL                                                    11
 NEWTON-LINE-SEARCH-INNER-SOLVER                                    'MA57 MC64'

 The specification file is not being used.

 Available HSL subroutines = MA57           

 ALGENCAN PARAMETERS:

 firstde                =                    T
 seconde                =                    T
 truehpr                =                    T
 hptype in TN           =               TRUEHP
 lsslvr in TR           =            MA57/NONE
 lsslvr in NW           =            MA57/MC64
 lsslvr in ACCPROC      =            MA57/NONE
 innslvr                =                   NW
 accproc                =                    T
 rmfixv                 =                    T
 slacks                 =                    F
 scale                  =                    T
 epsfeas                =           1.0000D-09
 epsopt                 =           1.0000D-08
 efstain                =           3.1623D-05
 eostain                =           1.0000D-12
 efacc                  =           3.1623D-05
 eoacc                  =           1.0000D-04
 iprint                 =                   11
 ncomp                  =                    6

 Specification filename =                   ''
 Output filename        =          'lcmin.out'
 Solution filename      =                   ''

 Number of variables               :   21098
 Number of equality constraints    :   16100
 Number of inequality constraints  :       0
 Number of bound constraints       :    8048
 Number of fixed variables         :       0

 There are no fixed variables to be removed.

 Objective function scale factor   : 1.0D+00
 Smallest constraints scale factor : 1.0D-01

     Entry to GENCAN.
     Number of variables:   21098
     Required optimality tolerance: 1.0D-08

     It         function  gpsupn   xsupn stesupn   nfree   SPGit in-face    fcnt
      0   2.07509678D-12 1.7D-06 1.9D+01
      1   1.61382918D-14 2.0D-08 1.9D+01 1.7D-06   18205       0       1       3
      2   1.22975305D-23 3.3D-12 1.9D+01 1.7D-06   18205       0       2       4

     Flag of GENCAN: Solution was found.


 User-provided subroutines calls counters: 

 Subroutine fsub     (coded=F):        0
 Subroutine gsub     (coded=F):        0
 Subroutine hsub     (coded=F):        0
 Subroutine csub     (coded=F):        0 (       0 calls per constraint in avg)
 Subroutine jacsub   (coded=F):        0 (       0 calls per constraint in avg)
 Subroutine hcsub    (coded=F):        0 (       0 calls per constraint in avg)
 Subroutine fcsub    (coded=T):        4
 Subroutine gjacsub  (coded=T):        5
 Subroutine gjacpsub (coded=F):        0
 Subroutine hlsub    (coded=T):        2
 Subroutine hlpsub   (coded=F):        0


 Total CPU time in seconds =     0.06

 ==============================================================================

 Initial point computed successfully.

                                            achieved                  desired        
 Unscaled feasibility ..............:   3.0695446184836328D-12   1.0000000000000001D-09
 Smallest distance to lower bound ..:   1.0000000000000000D-02   1.0000000000000000D-03

 Starting LCMIN.
 Number of variables   :   21098
 Number of constraints :   16100

 Scale factor for the objective function   : 1.0D+00
 Smallest scale factor for the constraints : 1.0D+00

 ==========================================================
 outer barrier   objective       scaled      outer   inner
  ite   param     function     obj funct    opt err   ite 
     0 1.0D-01  7.764396D+02  7.764396D+02 1.109D+01     0 

    inner barrier   scaled     scaled     min     min    NW   SE     dx      alpha    alpha    inner   time (s)
     ite   param   obj func     feas      x-l     u-x   pert pert   norm      max             opt err 
        1 1.0D-01  5.342D+02  3.524D-12 1.0D-04 0.0D+00    1    0 2.84D+03 1.15D-01 1.15D-01 1.831D+01     0.09
        2 1.0D-01  3.709D+02  4.661D-12 7.0D-04 0.0D+00    1    0 2.00D+03 1.63D-01 1.63D-01 8.850D+00     0.05
        3 1.0D-01  3.205D+02  6.366D-12 1.4D-03 0.0D+00    1    0 1.13D+03 2.08D-01 2.08D-01 5.050D+00     0.05
        4 1.0D-01  3.251D+02  3.865D-12 1.0D-03 0.0D+00    1    0 1.17D+03 4.22D-01 4.22D-01 5.380D+00     0.03
        5 1.0D-01  3.680D+02  3.027D-12 3.2D-03 0.0D+00    1    0 1.38D+03 1.00D+00 1.00D+00 1.075D+00     0.03
        6 1.0D-01  3.825D+02  3.013D-12 9.9D-03 0.0D+00    1    0 3.75D+03 1.00D+00 1.00D+00 9.865D-02     0.03


     1 2.0D-02  3.825424D+02  3.825424D+02 1.174D-01     6C


     2 2.8D-03  3.825424D+02  3.825424D+02 1.174D-01     6C

    inner barrier   scaled     scaled     min     min    NW   SE     dx      alpha    alpha    inner   time (s)
     ite   param   obj func     feas      x-l     u-x   pert pert   norm      max             opt err 
        1 2.8D-03  1.164D+02  6.708D-12 7.9D-04 0.0D+00    1    0 6.42D+03 7.33D-01 7.33D-01 4.219D-02     0.03
        2 2.8D-03  1.076D+02  3.007D-12 3.6D-04 0.0D+00    3    0 2.63D+04 6.94D-02 6.94D-02 6.683D-02     0.06
        3 2.8D-03  9.789D+01  3.411D-12 5.1D-05 0.0D+00    1    0 2.69D+04 8.65D-02 8.65D-02 8.867D-02     0.03
        4 2.8D-03  7.379D+01  3.638D-12 9.1D-05 0.0D+00    1    0 2.46D+04 2.49D-01 2.49D-01 6.600D-02     0.03
        5 2.8D-03  6.458D+01  3.979D-12 3.6D-04 0.0D+00    1    0 2.87D+04 1.44D-01 1.44D-01 5.385D-02     0.03
        6 2.8D-03  5.609D+01  3.041D-12 1.0D-04 0.0D+00    1    0 3.24D+04 1.56D-01 1.56D-01 4.194D-02     0.03
        7 2.8D-03  3.648D+01  4.547D-12 2.0D-04 0.0D+00    1    0 3.75D+04 4.25D-01 4.25D-01 2.184D-02     0.03


     3 1.5D-04  3.647991D+01  3.647991D+01 2.184D-02    13C

    inner barrier   scaled     scaled     min     min    NW   SE     dx      alpha    alpha    inner   time (s)
     ite   param   obj func     feas      x-l     u-x   pert pert   norm      max             opt err 
        1 1.5D-04  2.241D+01  3.752D-12 1.4D-05 0.0D+00    1    0 4.24D+03 3.92D-01 3.92D-01 9.148D-03     0.03
        2 1.5D-04  1.076D+01  4.547D-12 4.3D-06 0.0D+00    1    0 6.14D+03 5.35D-01 5.35D-01 4.861D-03     0.03
        3 1.5D-04  5.101D+00  3.003D-12 2.7D-06 0.0D+00    5    0 3.48D+03 5.60D-01 5.60D-01 2.502D-03     0.08
        4 1.5D-04  6.346D-01  5.912D-12 1.3D-05 0.0D+00    2    0 1.56D+03 1.00D+00 1.00D+00 5.880D-04     0.04


     4 1.8D-06  6.346225D-01  6.346225D-01 7.384D-04    17C

    inner barrier   scaled     scaled     min     min    NW   SE     dx      alpha    alpha    inner   time (s)
     ite   param   obj func     feas      x-l     u-x   pert pert   norm      max             opt err 
        1 1.8D-06  6.635D-02  4.547D-12 2.7D-09 0.0D+00    1    0 8.35D+01 9.18D-01 9.18D-01 2.144D-04     0.03
        2 1.8D-06  1.130D-02  3.101D-12 9.4D-10 0.0D+00    1    0 2.00D+02 9.50D-01 9.50D-01 5.818D-05     0.03
        3 1.8D-06  1.103D-02  3.752D-12 4.6D-09 0.0D+00    1    0 8.09D+02 5.63D-02 5.63D-02 4.134D-04     0.03
        4 1.8D-06  1.023D-02  2.936D-12 5.8D-09 0.0D+00    1    0 1.71D+03 1.89D-01 1.89D-01 2.230D-04     0.03
        5 1.8D-06  7.158D-03  2.714D-12 1.6D-07 0.0D+00    3    0 7.18D+01 1.00D+00 1.00D+00 1.059D-05     0.05


     5 2.5D-09  7.157545D-03  7.157545D-03 1.243D-05    22C

    inner barrier   scaled     scaled     min     min    NW   SE     dx      alpha    alpha    inner   time (s)
     ite   param   obj func     feas      x-l     u-x   pert pert   norm      max             opt err 
        1 2.5D-09  2.535D-04  3.183D-12 2.8D-13 0.0D+00    1    0 3.07D+00 9.68D-01 9.68D-01 3.239D-06     0.03
        2 2.5D-09  1.344D-05  2.921D-12 5.5D-14 0.0D+00    1    0 3.31D+00 9.92D-01 9.92D-01 7.538D-07     0.03
        3 2.5D-09  9.773D-06  3.051D-12 2.2D-10 0.0D+00    1    0 7.07D+00 1.00D+00 1.00D+00 1.403D-07     0.03
        4 2.5D-09  9.597D-06  3.524D-12 2.2D-10 0.0D+00    2    0 1.79D+00 1.00D+00 1.00D+00 1.207D-08     0.04


     6 1.0D-09  9.597169D-06  9.597169D-06 1.458D-08    26C

    inner barrier   scaled     scaled     min     min    NW   SE     dx      alpha    alpha    inner   time (s)
     ite   param   obj func     feas      x-l     u-x   pert pert   norm      max             opt err 
        1 1.0D-09  3.825D-06  3.015D-12 8.7D-11 0.0D+00    1    0 1.21D+00 1.00D+00 1.00D+00 1.431D-10     0.03


     7 1.0D-09  3.825093D-06  3.825093D-06 1.143D-09    27C
 ==========================================================

 FINAL RESULTS:
                            scaled                   unscaled
  Objective Funct:   3.8250929438196132D-06    3.8250929438196132D-06
  Lagrangian Grad:   9.7098893762503600D-11    9.7098893762503600D-11
 Final Point Feas:   3.0154004293514447D-12    3.0154004293514447D-12
 Bounds violation:   0.0000000000000000D+00    0.0000000000000000D+00
 Lower Bound Comp:   1.1430908988330046D-09    1.1430908988330046D-09
 Upper Bound Comp:   0.0000000000000000D+00    0.0000000000000000D+00

 Flag of LCMIN:

     Optimal solution found.

 ====================================================
                      STATISTICS                     
 ====================================================
 GENERAL:                                            

           Preprocessing time (in seconds):      6.86
            Optimization time (in seconds):      1.13

                      Inner Iterations (IIT):      27
                      Outer Iterations (OIT):       7
                  Function Evaluations (FEV):      28
         Function Gradient Evaluations (GEV):      28
          Function Hessian Evaluations (HEV):      27
          Barrier Function Evaluations (BFE):      54
 Barrier Function Gradient Evaluations (BGE):      27
 ====================================================
 AVERAGE:                                            

 Inner Iterations per Outer Iterations  :      3.8571
 FEV per IIT:      1.0370    FEV per OIT:      4.0000
 GEV per IIT:      1.0370    GEV per OIT:      4.0000
 HEV per IIT:      1.0000    HEV per OIT:      3.8571
 BFE per IIT:      2.0000    BFE per OIT:      7.7143
 BGE per IIT:      1.0000    BGE per OIT:      3.8571
 ====================================================

