
 ==============================================================================
 This is ALGENCAN 3.1.1.
 ALGENCAN, an Augmented Lagrangian method for nonlinear programming, is part of
 the TANGO Project: Trustable Algorithms for Nonlinear General Optimization.
 See http://www.ime.usp.br/~egbirgin/tango/ for details.
 ==============================================================================

 Processing array of parameters with   3 entrances:

 IGNORE-OBJECTIVE-FUNCTION                    
 ITERATIONS-OUTPUT-DETAIL                                                    11
 NEWTON-LINE-SEARCH-INNER-SOLVER                                    'MA57 MC64'

 The specification file is not being used.

 Available HSL subroutines = MA57           

 ALGENCAN PARAMETERS:

 firstde                =                    T
 seconde                =                    T
 truehpr                =                    T
 hptype in TN           =               TRUEHP
 lsslvr in TR           =            MA57/NONE
 lsslvr in NW           =            MA57/MC64
 lsslvr in ACCPROC      =            MA57/NONE
 innslvr                =                   NW
 accproc                =                    T
 rmfixv                 =                    T
 slacks                 =                    F
 scale                  =                    T
 epsfeas                =           1.0000D-09
 epsopt                 =           1.0000D-08
 efstain                =           3.1623D-05
 eostain                =           1.0000D-12
 efacc                  =           3.1623D-05
 eoacc                  =           1.0000D-04
 iprint                 =                   11
 ncomp                  =                    6

 Specification filename =                   ''
 Output filename        =          'lcmin.out'
 Solution filename      =                   ''

 Number of variables               :   25004
 Number of equality constraints    :   20004
 Number of inequality constraints  :       0
 Number of bound constraints       :   10000
 Number of fixed variables         :       0

 There are no fixed variables to be removed.

 Objective function scale factor   : 1.0D+00
 Smallest constraints scale factor : 1.0D-01

     Entry to GENCAN.
     Number of variables:   25004
     Required optimality tolerance: 1.0D-08

     It         function  gpsupn   xsupn stesupn   nfree   SPGit in-face    fcnt
      0   4.58941827D-13 4.0D-07 5.5D+02
      1   5.38057995D-15 1.4D-08 5.5D+02 3.9D-07   22559       0       1       3
      2   3.14413967D-15 7.7D-08 5.5D+02 4.7D-06   22556       0       2       4
      3   1.78635068D-24 1.9D-12 5.5D+02 7.7D-08   22556       0       3       5

     Flag of GENCAN: Solution was found.


 User-provided subroutines calls counters: 

 Subroutine fsub     (coded=F):        0
 Subroutine gsub     (coded=F):        0
 Subroutine hsub     (coded=F):        0
 Subroutine csub     (coded=F):        0 (       0 calls per constraint in avg)
 Subroutine jacsub   (coded=F):        0 (       0 calls per constraint in avg)
 Subroutine hcsub    (coded=F):        0 (       0 calls per constraint in avg)
 Subroutine fcsub    (coded=T):        5
 Subroutine gjacsub  (coded=T):        6
 Subroutine gjacpsub (coded=F):        0
 Subroutine hlsub    (coded=T):        3
 Subroutine hlpsub   (coded=F):        0


 Total CPU time in seconds =     0.10

 ==============================================================================

 Initial point computed successfully.

                                            achieved                  desired        
 Unscaled feasibility ..............:   1.5916157281026244D-12   1.0000000000000001D-09
 Smallest distance to lower bound ..:   1.0000000000000000D-02   1.0000000000000000D-03

 Starting LCMIN.
 Number of variables   :   25004
 Number of constraints :   20004

 Scale factor for the objective function   : 1.0D+00
 Smallest scale factor for the constraints : 1.0D+00

 ==========================================================
 outer barrier   objective       scaled      outer   inner
  ite   param     function     obj funct    opt err   ite 
     0 1.0D-01  4.555386D+03  4.555386D+03 1.408D+01     0 

    inner barrier   scaled     scaled     min     min    NW   SE     dx      alpha    alpha    inner   time (s)
     ite   param   obj func     feas      x-l     u-x   pert pert   norm      max             opt err 
        1 1.0D-01  3.994D+03  1.705D-12 1.0D-04 0.0D+00    0    0 1.08D+04 4.84D-02 4.84D-02 2.543D+01     0.07
        2 1.0D-01  3.905D+03  3.502D-12 6.7D-05 0.0D+00    0    0 9.11D+03 9.74D-03 9.74D-03 2.478D+02     0.03
        3 1.0D-01  2.693D+03  7.387D-13 8.4D-04 0.0D+00    0    0 9.15D+03 1.41D-01 1.41D-01 3.048D+01     0.03
        4 1.0D-01  2.486D+03  3.411D-12 8.4D-06 0.0D+00    0    0 6.65D+03 3.96D-02 3.96D-02 1.755D+02     0.03
        5 1.0D-01  2.126D+03  2.956D-12 1.5D-04 0.0D+00    0    0 6.44D+03 7.51D-02 7.51D-02 3.415D+01     0.03
        6 1.0D-01  1.196D+03  3.411D-12 5.7D-03 0.0D+00    0    0 5.77D+03 2.49D-01 2.49D-01 8.454D+00     0.03
        7 1.0D-01  7.527D+02  1.480D-12 1.3D-03 0.0D+00    0    0 3.68D+03 2.72D-01 2.72D-01 5.444D+00     0.03
        8 1.0D-01  5.655D+02  2.842D-12 2.1D-03 0.0D+00    0    0 2.10D+03 3.42D-01 3.42D-01 1.884D+00     0.03
        9 1.0D-01  5.018D+02  9.485D-13 3.6D-03 0.0D+00    0    0 1.13D+03 6.20D-01 6.20D-01 7.127D-01     0.03


     1 2.0D-02  5.017688D+02  5.017688D+02 7.356D-01     9C

    inner barrier   scaled     scaled     min     min    NW   SE     dx      alpha    alpha    inner   time (s)
     ite   param   obj func     feas      x-l     u-x   pert pert   norm      max             opt err 
        1 2.0D-02  2.143D+02  2.160D-12 2.9D-03 0.0D+00    0    0 8.90D+02 7.30D-01 7.30D-01 2.135D-01     0.03
        2 2.0D-02  1.019D+02  8.942D-13 2.0D-03 0.0D+00    0    0 3.91D+02 1.00D+00 1.00D+00 4.576D-02     0.04


     2 2.8D-03  1.019071D+02  1.019071D+02 6.576D-02    11C

    inner barrier   scaled     scaled     min     min    NW   SE     dx      alpha    alpha    inner   time (s)
     ite   param   obj func     feas      x-l     u-x   pert pert   norm      max             opt err 
        1 2.8D-03  1.842D+01  4.320D-12 2.8D-04 0.0D+00    0    0 3.81D+02 1.00D+00 1.00D+00 1.506D-02     0.04


     3 1.5D-04  1.842109D+01  1.842109D+01 1.788D-02    12C

    inner barrier   scaled     scaled     min     min    NW   SE     dx      alpha    alpha    inner   time (s)
     ite   param   obj func     feas      x-l     u-x   pert pert   norm      max             opt err 
        1 1.5D-04  2.412D+00  2.387D-12 1.5D-05 0.0D+00    0    0 2.01D+02 1.00D+00 1.00D+00 4.396D-03     0.03
        2 1.5D-04  1.132D+00  8.958D-13 1.5D-05 0.0D+00    0    0 9.11D+01 1.00D+00 1.00D+00 1.063D-03     0.03


     4 1.8D-06  1.132018D+00  1.132018D+00 1.213D-03    14C

    inner barrier   scaled     scaled     min     min    NW   SE     dx      alpha    alpha    inner   time (s)
     ite   param   obj func     feas      x-l     u-x   pert pert   norm      max             opt err 
        1 1.8D-06  1.403D-01  1.251D-12 1.8D-07 0.0D+00    0    0 5.39D+01 1.00D+00 1.00D+00 3.023D-04     0.03
        2 1.8D-06  4.155D-02  8.943D-13 1.8D-07 0.0D+00    0    0 2.66D+01 1.00D+00 1.00D+00 7.513D-05     0.04
        3 1.8D-06  1.688D-02  2.387D-12 1.8D-07 0.0D+00    0    0 1.29D+01 1.00D+00 1.00D+00 1.833D-05     0.04


     5 2.5D-09  1.687678D-02  1.687678D-02 2.018D-05    17C

    inner barrier   scaled     scaled     min     min    NW   SE     dx      alpha    alpha    inner   time (s)
     ite   param   obj func     feas      x-l     u-x   pert pert   norm      max             opt err 
        1 2.5D-09  2.379D-03  2.274D-12 2.5D-10 0.0D+00    0    0 7.20D+00 1.00D+00 1.00D+00 5.043D-06     0.03
        2 2.5D-09  6.034D-04  3.183D-12 2.5D-10 0.0D+00    0    0 3.60D+00 1.00D+00 1.00D+00 1.260D-06     0.03
        3 2.5D-09  1.596D-04  2.387D-12 2.5D-10 0.0D+00    0    0 1.79D+00 1.00D+00 1.00D+00 3.144D-07     0.03
        4 2.5D-09  4.870D-05  9.095D-13 2.5D-10 0.0D+00    0    0 8.90D-01 1.00D+00 1.00D+00 7.798D-08     0.03
        5 2.5D-09  2.099D-05  2.956D-12 2.5D-10 0.0D+00    0    0 4.30D-01 1.00D+00 1.00D+00 1.889D-08     0.03


     6 1.0D-09  2.099453D-05  2.099453D-05 2.139D-08    22C

    inner barrier   scaled     scaled     min     min    NW   SE     dx      alpha    alpha    inner   time (s)
     ite   param   obj func     feas      x-l     u-x   pert pert   norm      max             opt err 
        1 1.0D-09  7.263D-06  3.183D-12 1.0D-10 0.0D+00    0    0 2.22D-01 1.00D+00 1.00D+00 4.860D-09     0.03


     7 1.0D-09  7.262691D-06  7.262691D-06 5.860D-09    23C
 ==========================================================

 FINAL RESULTS:
                            scaled                   unscaled
  Objective Funct:   7.2626907744265952D-06    7.2626907744265952D-06
  Lagrangian Grad:   3.5527136788005009D-15    3.5527136788005009D-15
 Final Point Feas:   3.1832314562052488D-12    3.1832314562052488D-12
 Bounds violation:   0.0000000000000000D+00    0.0000000000000000D+00
 Lower Bound Comp:   5.8601061471794017D-09    5.8601061471794017D-09
 Upper Bound Comp:   0.0000000000000000D+00    0.0000000000000000D+00

 Flag of LCMIN:

     Optimal solution found.

 ====================================================
                      STATISTICS                     
 ====================================================
 GENERAL:                                            

           Preprocessing time (in seconds):      4.12
            Optimization time (in seconds):      0.88

                      Inner Iterations (IIT):      23
                      Outer Iterations (OIT):       7
                  Function Evaluations (FEV):      24
         Function Gradient Evaluations (GEV):      24
          Function Hessian Evaluations (HEV):      23
          Barrier Function Evaluations (BFE):      46
 Barrier Function Gradient Evaluations (BGE):      23
 ====================================================
 AVERAGE:                                            

 Inner Iterations per Outer Iterations  :      3.2857
 FEV per IIT:      1.0435    FEV per OIT:      3.4286
 GEV per IIT:      1.0435    GEV per OIT:      3.4286
 HEV per IIT:      1.0000    HEV per OIT:      3.2857
 BFE per IIT:      2.0000    BFE per OIT:      6.5714
 BGE per IIT:      1.0000    BGE per OIT:      3.2857
 ====================================================

