
 ==============================================================================
 This is ALGENCAN 3.1.1.
 ALGENCAN, an Augmented Lagrangian method for nonlinear programming, is part of
 the TANGO Project: Trustable Algorithms for Nonlinear General Optimization.
 See http://www.ime.usp.br/~egbirgin/tango/ for details.
 ==============================================================================

 Processing array of parameters with   3 entrances:

 IGNORE-OBJECTIVE-FUNCTION                    
 ITERATIONS-OUTPUT-DETAIL                                                    11
 NEWTON-LINE-SEARCH-INNER-SOLVER                                    'MA57 MC64'

 The specification file is not being used.

 Available HSL subroutines = MA57           

 ALGENCAN PARAMETERS:

 firstde                =                    T
 seconde                =                    T
 truehpr                =                    T
 hptype in TN           =               TRUEHP
 lsslvr in TR           =            MA57/NONE
 lsslvr in NW           =            MA57/MC64
 lsslvr in ACCPROC      =            MA57/NONE
 innslvr                =                   NW
 accproc                =                    T
 rmfixv                 =                    T
 slacks                 =                    F
 scale                  =                    T
 epsfeas                =           1.0000D-09
 epsopt                 =           1.0000D-08
 efstain                =           3.1623D-05
 eostain                =           1.0000D-12
 efacc                  =           3.1623D-05
 eoacc                  =           1.0000D-04
 iprint                 =                   11
 ncomp                  =                    6

 Specification filename =                   ''
 Output filename        =          'lcmin.out'
 Solution filename      =                   ''

 Number of variables               :   17046
 Number of equality constraints    :   12047
 Number of inequality constraints  :       0
 Number of bound constraints       :    8030
 Number of fixed variables         :       0

 There are no fixed variables to be removed.

 Objective function scale factor   : 1.0D+00
 Smallest constraints scale factor : 1.0D-01

     Entry to GENCAN.
     Number of variables:   17046
     Required optimality tolerance: 1.0D-08

     It         function  gpsupn   xsupn stesupn   nfree   SPGit in-face    fcnt
      0   2.41197097D-15 2.0D-08 1.0D+01
      1   4.83482849D-17 3.3D-09 1.0D+01 1.6D-08   11055       0       1       3
      2   2.91915904D-24 2.4D-12 1.0D+01 2.4D-09   11055       0       2       4

     Flag of GENCAN: Solution was found.


 User-provided subroutines calls counters: 

 Subroutine fsub     (coded=F):        0
 Subroutine gsub     (coded=F):        0
 Subroutine hsub     (coded=F):        0
 Subroutine csub     (coded=F):        0 (       0 calls per constraint in avg)
 Subroutine jacsub   (coded=F):        0 (       0 calls per constraint in avg)
 Subroutine hcsub    (coded=F):        0 (       0 calls per constraint in avg)
 Subroutine fcsub    (coded=T):        4
 Subroutine gjacsub  (coded=T):        5
 Subroutine gjacpsub (coded=F):        0
 Subroutine hlsub    (coded=T):        2
 Subroutine hlpsub   (coded=F):        0


 Total CPU time in seconds =     0.06

 ==============================================================================

 Initial point computed successfully.

                                            achieved                  desired        
 Unscaled feasibility ..............:   2.4158453015843406D-12   1.0000000000000001D-09
 Smallest distance to lower bound ..:   1.0000000000000000D-02   1.0000000000000000D-03

 Starting LCMIN.
 Number of variables   :   17046
 Number of constraints :   12047

 Scale factor for the objective function   : 1.0D+00
 Smallest scale factor for the constraints : 1.0D+00

 ==========================================================
 outer barrier   objective       scaled      outer   inner
  ite   param     function     obj funct    opt err   ite 
     0 1.0D-01  1.098699D+02  1.098699D+02 9.996D+00     0 

    inner barrier   scaled     scaled     min     min    NW   SE     dx      alpha    alpha    inner   time (s)
     ite   param   obj func     feas      x-l     u-x   pert pert   norm      max             opt err 
        1 1.0D-01  4.914D+02  2.416D-12 4.9D-03 0.0D+00    1    0 9.40D+02 1.00D+00 1.00D+00 1.717D+00     1.19
        2 1.0D-01  4.048D+02  2.224D-12 9.8D-04 0.0D+00    1    0 1.84D+03 8.79D-01 8.79D-01 4.116D-01     1.29


     1 2.0D-02  4.047833D+02  4.047833D+02 4.116D-01     2C

    inner barrier   scaled     scaled     min     min    NW   SE     dx      alpha    alpha    inner   time (s)
     ite   param   obj func     feas      x-l     u-x   pert pert   norm      max             opt err 
        1 2.0D-02  1.193D+02  2.384D-12 9.5D-04 0.0D+00    1    0 9.61D+02 9.79D-01 9.79D-01 6.767D-02     1.26


     2 2.8D-03  1.192626D+02  1.192626D+02 8.767D-02     3C

    inner barrier   scaled     scaled     min     min    NW   SE     dx      alpha    alpha    inner   time (s)
     ite   param   obj func     feas      x-l     u-x   pert pert   norm      max             opt err 
        1 2.8D-03  2.885D+01  2.039D-12 2.7D-04 0.0D+00    1    0 6.45D+02 1.00D+00 1.00D+00 2.051D-02     0.03


     3 1.5D-04  2.885455D+01  2.885455D+01 2.334D-02     4C

    inner barrier   scaled     scaled     min     min    NW   SE     dx      alpha    alpha    inner   time (s)
     ite   param   obj func     feas      x-l     u-x   pert pert   norm      max             opt err 
        1 1.5D-04  6.220D+00  2.320D-12 1.4D-05 0.0D+00    1    0 3.51D+02 1.00D+00 1.00D+00 5.760D-03     0.03
        2 1.5D-04  1.935D+00  1.837D-12 1.5D-05 0.0D+00    1    0 1.69D+02 1.00D+00 1.00D+00 1.403D-03     0.02


     4 1.8D-06  1.934760D+00  1.934760D+00 1.553D-03     6C

    inner barrier   scaled     scaled     min     min    NW   SE     dx      alpha    alpha    inner   time (s)
     ite   param   obj func     feas      x-l     u-x   pert pert   norm      max             opt err 
        1 1.8D-06  4.138D-01  2.228D-12 1.7D-07 0.0D+00    1    0 9.34D+01 1.00D+00 1.00D+00 3.874D-04     0.02
        2 1.8D-06  1.081D-01  2.601D-12 1.8D-07 0.0D+00    1    0 4.64D+01 1.00D+00 1.00D+00 9.638D-05     0.02
        3 1.8D-06  3.168D-02  1.950D-12 1.8D-07 0.0D+00    1    0 2.28D+01 1.00D+00 1.00D+00 2.364D-05     0.02
        4 1.8D-06  1.267D-02  1.567D-12 1.8D-07 0.0D+00    1    0 1.06D+01 1.00D+00 1.00D+00 5.469D-06     0.03


     5 2.5D-09  1.267184D-02  1.267184D-02 7.314D-06    10C

    inner barrier   scaled     scaled     min     min    NW   SE     dx      alpha    alpha    inner   time (s)
     ite   param   obj func     feas      x-l     u-x   pert pert   norm      max             opt err 
        1 2.5D-09  2.251D-03  2.203D-12 2.4D-10 0.0D+00    1    0 6.92D+00 1.00D+00 1.00D+00 1.827D-06     0.02
        2 2.5D-09  5.690D-04  2.462D-12 2.5D-10 0.0D+00    1    0 3.45D+00 1.00D+00 1.00D+00 4.562D-07     0.04
        3 2.5D-09  1.485D-04  2.746D-12 2.5D-10 0.0D+00    1    0 1.72D+00 1.00D+00 1.00D+00 1.134D-07     0.02
        4 2.5D-09  4.347D-05  2.057D-12 2.5D-10 0.0D+00    1    0 8.45D-01 1.00D+00 1.00D+00 2.774D-08     0.02
        5 2.5D-09  1.732D-05  1.730D-12 2.5D-10 0.0D+00    1    0 3.94D-01 1.00D+00 1.00D+00 6.350D-09     0.02


     6 1.0D-09  1.731842D-05  1.731842D-05 8.855D-09    15C
 ==========================================================

 FINAL RESULTS:
                            scaled                   unscaled
  Objective Funct:   1.7318421972705309D-05    1.7318421972705309D-05
  Lagrangian Grad:   1.7763568394002505D-15    1.7763568394002505D-15
 Final Point Feas:   1.7301715615758440D-12    1.7301715615758440D-12
 Bounds violation:   0.0000000000000000D+00    0.0000000000000000D+00
 Lower Bound Comp:   8.8554912286364055D-09    8.8554912286364055D-09
 Upper Bound Comp:   0.0000000000000000D+00    0.0000000000000000D+00

 Flag of LCMIN:

     Optimal solution found.

 ====================================================
                      STATISTICS                     
 ====================================================
 GENERAL:                                            

           Preprocessing time (in seconds):      0.46
            Optimization time (in seconds):      4.08

                      Inner Iterations (IIT):      15
                      Outer Iterations (OIT):       6
                  Function Evaluations (FEV):      16
         Function Gradient Evaluations (GEV):      16
          Function Hessian Evaluations (HEV):      15
          Barrier Function Evaluations (BFE):      30
 Barrier Function Gradient Evaluations (BGE):      15
 ====================================================
 AVERAGE:                                            

 Inner Iterations per Outer Iterations  :      2.5000
 FEV per IIT:      1.0667    FEV per OIT:      2.6667
 GEV per IIT:      1.0667    GEV per OIT:      2.6667
 HEV per IIT:      1.0000    HEV per OIT:      2.5000
 BFE per IIT:      2.0000    BFE per OIT:      5.0000
 BGE per IIT:      1.0000    BGE per OIT:      2.5000
 ====================================================

