
 ==============================================================================
 This is ALGENCAN 3.1.1.
 ALGENCAN, an Augmented Lagrangian method for nonlinear programming, is part of
 the TANGO Project: Trustable Algorithms for Nonlinear General Optimization.
 See http://www.ime.usp.br/~egbirgin/tango/ for details.
 ==============================================================================

 Processing array of parameters with   3 entrances:

 IGNORE-OBJECTIVE-FUNCTION                    
 ITERATIONS-OUTPUT-DETAIL                                                    11
 NEWTON-LINE-SEARCH-INNER-SOLVER                                    'MA57 MC64'

 The specification file is not being used.

 Available HSL subroutines = MA57           

 ALGENCAN PARAMETERS:

 firstde                =                    T
 seconde                =                    T
 truehpr                =                    T
 hptype in TN           =               TRUEHP
 lsslvr in TR           =            MA57/NONE
 lsslvr in NW           =            MA57/MC64
 lsslvr in ACCPROC      =            MA57/NONE
 innslvr                =                   NW
 accproc                =                    T
 rmfixv                 =                    T
 slacks                 =                    F
 scale                  =                    T
 epsfeas                =           1.0000D-09
 epsopt                 =           1.0000D-08
 efstain                =           3.1623D-05
 eostain                =           1.0000D-12
 efacc                  =           3.1623D-05
 eoacc                  =           1.0000D-04
 iprint                 =                   11
 ncomp                  =                    6

 Specification filename =                   ''
 Output filename        =          'lcmin.out'
 Solution filename      =                   ''

 Number of variables               :   25004
 Number of equality constraints    :   20004
 Number of inequality constraints  :       0
 Number of bound constraints       :   10000
 Number of fixed variables         :       0

 There are no fixed variables to be removed.

 Objective function scale factor   : 1.0D+00
 Smallest constraints scale factor : 1.0D-01

     Entry to GENCAN.
     Number of variables:   25004
     Required optimality tolerance: 1.0D-08

     It         function  gpsupn   xsupn stesupn   nfree   SPGit in-face    fcnt
      0   1.87962550D-11 4.2D-07 1.1D+01
      1   1.85500550D-11 4.2D-07 1.1D+01 4.2D-07   22970       1       0       3
      2   9.84549659D-12 1.4D-06 1.1D+01 1.6D-05   22430       1       1       4
      3   9.84543800D-12 1.4D-06 1.1D+01 5.5D-08   22429       1       2       6
      4   6.94032503D-12 6.9D-07 1.1D+01 8.0D-07   22405       1       3       7
      5   6.94011122D-12 6.9D-07 1.1D+01 2.4D-08   22404       1       4       9
      6   6.58849117D-12 8.2D-07 1.1D+01 2.3D-07   22381       1       5      10
      7   6.58805403D-12 8.2D-07 1.1D+01 1.5D-07   22380       1       6      12
      8   6.39162957D-12 3.0D-07 1.1D+01 1.8D-07   22365       1       7      13
      9   6.39106976D-12 3.0D-07 1.1D+01 8.1D-08   22364       1       8      15

     It         function  gpsupn   xsupn stesupn   nfree   SPGit in-face    fcnt
     10   6.17315172D-12 4.0D-07 1.1D+01 4.0D-07   22314       1       9      16
     11   6.17215162D-12 4.0D-07 1.1D+01 1.8D-07   22313       1      10      18
     12   6.00612275D-12 2.8D-07 1.1D+01 3.1D-07   22283       1      11      19
     13   6.00462802D-12 2.8D-07 1.1D+01 2.1D-07   22282       1      12      21
     14   5.85239707D-12 3.7D-07 1.1D+01 3.2D-07   22257       1      13      22
     15   5.85163302D-12 3.7D-07 1.1D+01 1.4D-07   22256       1      14      24
     16   3.49585681D-12 6.0D-07 1.1D+01 5.6D-06   21917       1      15      25
     17   3.49566389D-12 6.0D-07 1.1D+01 7.1D-08   21916       1      16      27
     18   3.49532056D-12 6.0D-07 1.1D+01 1.3D-07   21915       1      17      29
     19   3.49486253D-12 6.0D-07 1.1D+01 1.7D-07   21913       1      18      31

     It         function  gpsupn   xsupn stesupn   nfree   SPGit in-face    fcnt
     20   3.49429334D-12 6.0D-07 1.1D+01 2.1D-07   21912       1      19      33
     21   3.49425485D-12 6.0D-07 1.1D+01 1.4D-08   21911       1      20      35
     22   3.49319503D-12 6.0D-07 1.1D+01 3.9D-07   21910       1      21      37
     23   3.49313281D-12 6.0D-07 1.1D+01 2.3D-08   21909       1      22      39
     24   3.49308404D-12 6.0D-07 1.1D+01 1.8D-08   21908       1      23      41
     25   3.49244939D-12 6.0D-07 1.1D+01 2.3D-07   21906       1      24      43
     26   3.49225963D-12 6.0D-07 1.1D+01 7.0D-08   21905       1      25      45
     27   3.49186837D-12 6.0D-07 1.1D+01 1.4D-07   21904       1      26      47
     28   3.49155628D-12 6.0D-07 1.1D+01 1.1D-07   21903       1      27      49
     29   3.49146965D-12 6.0D-07 1.1D+01 3.2D-08   21901       1      28      51

     It         function  gpsupn   xsupn stesupn   nfree   SPGit in-face    fcnt
     30   3.49130955D-12 6.0D-07 1.1D+01 5.9D-08   21900       1      29      53
     31   3.49111879D-12 6.0D-07 1.1D+01 7.0D-08   21899       1      30      55
     32   3.49100082D-12 6.0D-07 1.1D+01 4.3D-08   21897       1      31      57
     33   3.49068189D-12 6.0D-07 1.1D+01 1.2D-07   21896       1      32      59
     34   3.49020620D-12 6.0D-07 1.1D+01 1.7D-07   21895       1      33      61
     35   3.48990240D-12 6.0D-07 1.1D+01 1.1D-07   21894       1      34      63
     36   3.48981108D-12 6.0D-07 1.1D+01 3.4D-08   21892       1      35      65
     37   3.48943257D-12 6.0D-07 1.1D+01 1.4D-07   21891       1      36      67
     38   3.48889511D-12 6.0D-07 1.1D+01 1.9D-07   21890       1      37      69
     39   3.48718825D-12 6.0D-07 1.1D+01 6.1D-07   21889       1      38      71

     It         function  gpsupn   xsupn stesupn   nfree   SPGit in-face    fcnt
     40   3.48567531D-12 6.0D-07 1.1D+01 5.4D-07   21887       1      39      73
     41   3.48544614D-12 6.0D-07 1.1D+01 8.2D-08   21886       1      40      75
     42   3.48523936D-12 6.0D-07 1.1D+01 7.4D-08   21885       1      41      77
     43   3.48508668D-12 6.0D-07 1.1D+01 5.5D-08   21884       1      42      79
     44   3.48505213D-12 6.0D-07 1.1D+01 1.2D-08   21883       1      43      81
     45   3.48493990D-12 6.0D-07 1.1D+01 4.0D-08   21882       1      44      83
     46   3.48472730D-12 6.0D-07 1.1D+01 7.6D-08   21880       1      45      85
     47   3.48438143D-12 6.0D-07 1.1D+01 1.2D-07   21879       1      46      87
     48   3.48369008D-12 6.0D-07 1.1D+01 2.5D-07   21878       1      47      89
     49   3.48288345D-12 6.0D-07 1.1D+01 2.9D-07   21876       1      48      91

     It         function  gpsupn   xsupn stesupn   nfree   SPGit in-face    fcnt
     50   3.48175515D-12 6.0D-07 1.1D+01 4.0D-07   21875       1      49      93
     51   3.48100430D-12 6.0D-07 1.1D+01 2.7D-07   21874       1      50      95
     52   3.48087517D-12 6.0D-07 1.1D+01 4.6D-08   21873       1      51      97
     53   3.48051277D-12 6.0D-07 1.1D+01 1.3D-07   21872       1      52      99
     54   3.47926112D-12 6.0D-07 1.1D+01 4.5D-07   21871       1      53     101
     55   3.47698138D-12 6.0D-07 1.1D+01 8.2D-07   21870       1      54     103
     56   3.47676270D-12 6.0D-07 1.1D+01 7.9D-08   21869       1      55     105
     57   3.47638854D-12 6.0D-07 1.1D+01 1.3D-07   21868       1      56     107
     58   3.47627517D-12 6.0D-07 1.1D+01 4.1D-08   21867       1      57     109
     59   3.47532494D-12 6.0D-07 1.1D+01 3.5D-07   21866       1      58     111

     It         function  gpsupn   xsupn stesupn   nfree   SPGit in-face    fcnt
     60   3.47521129D-12 6.0D-07 1.1D+01 4.1D-08   21865       1      59     113
     61   3.47404913D-12 6.0D-07 1.1D+01 4.2D-07   21864       1      60     115
     62   3.47389989D-12 6.0D-07 1.1D+01 5.4D-08   21863       1      61     117
     63   3.47065663D-12 6.0D-07 1.1D+01 1.2D-06   21862       1      62     119
     64   3.47003537D-12 6.0D-07 1.1D+01 2.3D-07   21860       1      63     121
     65   3.46950824D-12 6.0D-07 1.1D+01 1.9D-07   21859       1      64     123
     66   3.46817738D-12 6.0D-07 1.1D+01 4.8D-07   21858       1      65     125
     67   3.46754661D-12 6.0D-07 1.1D+01 2.3D-07   21856       1      66     127
     68   3.46534307D-12 5.9D-07 1.1D+01 8.0D-07   21855       1      67     129
     69   3.46509081D-12 5.9D-07 1.1D+01 9.2D-08   21854       1      68     131

     It         function  gpsupn   xsupn stesupn   nfree   SPGit in-face    fcnt
     70   3.46484973D-12 5.9D-07 1.1D+01 8.8D-08   21853       1      69     133
     71   3.46320740D-12 5.9D-07 1.1D+01 6.0D-07   21852       1      70     135
     72   3.46281004D-12 5.9D-07 1.1D+01 1.4D-07   21851       1      71     137
     73   3.46237911D-12 5.9D-07 1.1D+01 1.6D-07   21850       1      72     139
     74   3.45976243D-12 5.9D-07 1.1D+01 9.5D-07   21849       1      73     141
     75   3.45855578D-12 5.9D-07 1.1D+01 4.4D-07   21848       1      74     143
     76   3.44970358D-12 5.9D-07 1.1D+01 3.2D-06   21847       1      75     145
     77   3.44863958D-12 5.9D-07 1.1D+01 3.9D-07   21846       1      76     147
     78   3.44717849D-12 5.9D-07 1.1D+01 5.3D-07   21845       1      77     149
     79   3.44708584D-12 5.9D-07 1.1D+01 3.4D-08   21844       1      78     151

     It         function  gpsupn   xsupn stesupn   nfree   SPGit in-face    fcnt
     80   3.44642545D-12 5.9D-07 1.1D+01 2.4D-07   21843       1      79     153
     81   3.44521513D-12 5.9D-07 1.1D+01 4.4D-07   21842       1      80     155
     82   3.44195606D-12 5.9D-07 1.1D+01 1.2D-06   21841       1      81     157
     83   3.44043941D-12 5.9D-07 1.1D+01 5.5D-07   21840       1      82     159
     84   3.43454841D-12 5.9D-07 1.1D+01 2.2D-06   21839       1      83     161
     85   3.43199164D-12 5.9D-07 1.1D+01 9.3D-07   21838       1      84     163
     86   3.42984545D-12 5.9D-07 1.1D+01 7.8D-07   21837       1      85     165
     87   3.42562505D-12 5.9D-07 1.1D+01 1.5D-06   21836       1      86     167
     88   3.42112673D-12 5.9D-07 1.1D+01 1.6D-06   21835       1      87     169
     89   3.41924461D-12 5.9D-07 1.1D+01 6.9D-07   21834       1      88     171

     It         function  gpsupn   xsupn stesupn   nfree   SPGit in-face    fcnt
     90   3.41452925D-12 5.9D-07 1.1D+01 1.7D-06   21833       1      89     173
     91   3.41294657D-12 5.9D-07 1.1D+01 5.8D-07   21832       1      90     175
     92   3.40965637D-12 5.9D-07 1.1D+01 1.2D-06   21831       1      91     177
     93   3.40733882D-12 5.9D-07 1.1D+01 8.5D-07   21830       1      92     179
     94   3.40117805D-12 5.9D-07 1.1D+01 2.3D-06   21829       1      93     181
     95   3.39688615D-12 5.9D-07 1.1D+01 1.6D-06   21828       1      94     183
     96   2.65784199D-12 1.8D-06 1.1D+01 2.5D-03   21819       1      95     184
     97   2.65312772D-12 1.8D-06 1.1D+01 1.9D-07   21818       1      96     186
     98   2.65112858D-12 1.8D-06 1.1D+01 8.1D-08   21817       1      97     188
     99   2.61361777D-12 8.1D-07 1.1D+01 2.2D-04   21777       1      98     189

     It         function  gpsupn   xsupn stesupn   nfree   SPGit in-face    fcnt
    100   1.16155790D-16 1.0D-08 1.1D+01 1.3D-06   21765       1      99     190
    101   1.07259750D-26 1.8D-13 1.1D+01 1.3D-08   21764       1     100     191

     Flag of GENCAN: Solution was found.


 User-provided subroutines calls counters: 

 Subroutine fsub     (coded=F):        0
 Subroutine gsub     (coded=F):        0
 Subroutine hsub     (coded=F):        0
 Subroutine csub     (coded=F):        0 (       0 calls per constraint in avg)
 Subroutine jacsub   (coded=F):        0 (       0 calls per constraint in avg)
 Subroutine hcsub    (coded=F):        0 (       0 calls per constraint in avg)
 Subroutine fcsub    (coded=T):      191
 Subroutine gjacsub  (coded=T):      104
 Subroutine gjacpsub (coded=F):        0
 Subroutine hlsub    (coded=T):      100
 Subroutine hlpsub   (coded=F):        0


 Total CPU time in seconds =     3.32

 ==============================================================================

 Initial point computed successfully.

                                            achieved                  desired        
 Unscaled feasibility ..............:   9.5923269327613525D-14   1.0000000000000001D-09
 Smallest distance to lower bound ..:   1.0000000000000000D-02   1.0000000000000000D-03

 Starting LCMIN.
 Number of variables   :   25004
 Number of constraints :   20004

 Scale factor for the objective function   : 1.0D+00
 Smallest scale factor for the constraints : 1.0D+00

 ==========================================================
 outer barrier   objective       scaled      outer   inner
  ite   param     function     obj funct    opt err   ite 
     0 1.0D-01  1.862694D+02  1.862694D+02 1.066D+01     0 

    inner barrier   scaled     scaled     min     min    NW   SE     dx      alpha    alpha    inner   time (s)
     ite   param   obj func     feas      x-l     u-x   pert pert   norm      max             opt err 
        1 1.0D-01  2.113D+02  4.263D-14 1.3D-03 0.0D+00    0    0 1.63D+03 1.32D-01 1.32D-01 7.887D+00     0.07
        2 1.0D-01  2.359D+02  1.076D-12 1.6D-03 0.0D+00    0    0 1.68D+03 2.83D-01 2.83D-01 6.510D+00     0.03
        3 1.0D-01  3.037D+02  2.274D-13 1.3D-03 0.0D+00    0    0 1.68D+03 6.19D-01 6.19D-01 3.089D+00     0.03
        4 1.0D-01  4.616D+02  3.411D-13 7.4D-03 0.0D+00    0    0 1.63D+03 1.00D+00 1.00D+00 1.948D-01     0.03


     1 2.0D-02  4.616044D+02  4.616044D+02 2.900D-01     4C

    inner barrier   scaled     scaled     min     min    NW   SE     dx      alpha    alpha    inner   time (s)
     ite   param   obj func     feas      x-l     u-x   pert pert   norm      max             opt err 
        1 2.0D-02  2.572D+02  3.055D-13 3.0D-03 0.0D+00    1    0 2.93D+03 5.55D-01 5.55D-01 1.386D-01     0.05


     2 2.8D-03  2.571903D+02  2.571903D+02 1.386D-01     5C

    inner barrier   scaled     scaled     min     min    NW   SE     dx      alpha    alpha    inner   time (s)
     ite   param   obj func     feas      x-l     u-x   pert pert   norm      max             opt err 
        1 2.8D-03  1.772D+02  4.157D-13 1.2D-04 0.0D+00    0    0 1.77D+03 3.37D-01 3.37D-01 1.590D-01     0.03
        2 2.8D-03  2.947D+01  1.386D-13 1.7D-04 0.0D+00    4    0 1.04D+03 9.87D-01 9.87D-01 3.597D-02     0.09
        3 2.8D-03  1.597D+01  1.563D-13 2.8D-04 0.0D+00    1    0 3.40D+02 1.00D+00 1.00D+00 8.746D-03     0.05


     3 1.5D-04  1.597203D+01  1.597203D+01 8.746D-03     8C

    inner barrier   scaled     scaled     min     min    NW   SE     dx      alpha    alpha    inner   time (s)
     ite   param   obj func     feas      x-l     u-x   pert pert   norm      max             opt err 
        1 1.5D-04  2.100D+00  4.228D-13 1.5D-05 0.0D+00    1    0 3.01D+02 1.00D+00 1.00D+00 3.068D-03     0.05
        2 1.5D-04  1.036D+00  2.842D-13 1.5D-05 0.0D+00    1    0 2.86D+02 1.00D+00 1.00D+00 3.990D-03     0.03
        3 1.5D-04  7.897D-01  1.350D-13 1.5D-05 0.0D+00    1    0 4.45D+02 1.00D+00 1.00D+00 2.557D-03     0.03
        4 1.5D-04  7.030D-01  3.268D-13 3.4D-06 0.0D+00    1    0 3.98D+02 9.16D-01 9.16D-01 4.202D-02     0.03
        5 1.5D-04  7.307D-01  7.105D-14 1.5D-05 0.0D+00    1    0 1.23D+02 1.00D+00 1.00D+00 1.545D-04     0.03


     4 1.8D-06  7.307397D-01  7.307397D-01 1.851D-04    13C

    inner barrier   scaled     scaled     min     min    NW   SE     dx      alpha    alpha    inner   time (s)
     ite   param   obj func     feas      x-l     u-x   pert pert   norm      max             opt err 
        1 1.8D-06  1.155D-01  1.599D-13 2.6D-10 0.0D+00    1    0 2.32D+02 9.59D-01 9.59D-01 1.216D-03     0.03
        2 1.8D-06  4.360D-02  1.883D-13 4.2D-09 0.0D+00    1    0 1.23D+02 7.97D-01 7.97D-01 4.875D-03     0.03
        3 1.8D-06  1.525D-02  9.592D-14 2.8D-09 0.0D+00    4    0 1.39D+01 8.88D-01 8.88D-01 5.760D-04     0.07
        4 1.8D-06  1.021D-02  3.979D-13 1.8D-07 0.0D+00    2    0 1.32D+01 1.00D+00 1.00D+00 3.398D-04     0.05
        5 1.8D-06  9.437D-03  4.796D-13 1.8D-07 0.0D+00    1    0 2.20D+01 1.00D+00 1.00D+00 2.404D-04     0.03
        6 1.8D-06  8.919D-03  1.741D-13 1.8D-07 0.0D+00    1    0 2.86D+01 1.00D+00 1.00D+00 1.043D-04     0.03
        7 1.8D-06  8.619D-03  4.725D-13 1.8D-07 0.0D+00    1    0 2.54D+01 1.00D+00 1.00D+00 3.042D-05     0.03
        8 1.8D-06  8.714D-03  5.365D-13 1.8D-07 0.0D+00    1    0 1.95D+01 1.00D+00 5.00D-01 3.491D-03     0.04
        9 1.8D-06  9.421D-03  4.263D-13 1.8D-07 0.0D+00    4    0 4.41D+00 1.00D+00 1.00D+00 3.037D-04     0.08
       10 1.8D-06  9.229D-03  2.274D-13 1.8D-07 0.0D+00    1    0 1.40D+00 1.00D+00 1.00D+00 3.146D-05     0.04

    inner barrier   scaled     scaled     min     min    NW   SE     dx      alpha    alpha    inner   time (s)
     ite   param   obj func     feas      x-l     u-x   pert pert   norm      max             opt err 
       11 1.8D-06  9.216D-03  2.238D-13 1.8D-07 0.0D+00    1    0 1.73D+00 1.00D+00 1.00D+00 1.346D-05     0.03


     5 2.5D-09  9.216440D-03  9.216440D-03 1.346D-05    24C

    inner barrier   scaled     scaled     min     min    NW   SE     dx      alpha    alpha    inner   time (s)
     ite   param   obj func     feas      x-l     u-x   pert pert   norm      max             opt err 
        1 2.5D-09  1.090D-03  5.684D-13 2.3D-10 0.0D+00    1    0 1.04D+01 1.00D+00 1.00D+00 1.171D-05     0.03
        2 2.5D-09  2.592D-04  2.096D-13 2.5D-10 0.0D+00    1    0 8.25D+00 1.00D+00 1.00D+00 3.216D-05     0.03
        3 2.5D-09  1.203D-04  3.304D-13 3.3D-13 0.0D+00    1    0 4.44D+00 6.58D-01 6.58D-01 2.902D-04     0.03
        4 2.5D-09  7.171D-05  3.659D-13 1.5D-13 0.0D+00    1    0 2.82D+00 5.22D-01 5.22D-01 1.535D-04     0.03
        5 2.5D-09  3.671D-05  4.228D-13 1.9D-13 0.0D+00    1    0 2.17D+00 6.89D-01 6.89D-01 9.040D-05     0.03
        6 2.5D-09  1.979D-05  5.898D-13 1.5D-13 0.0D+00    1    0 1.33D+00 8.27D-01 8.27D-01 2.628D-05     0.03
        7 2.5D-09  1.978D-05  4.263D-13 2.5D-10 0.0D+00    1    0 8.24D-01 1.00D+00 9.77D-04 5.616D-04     0.04
        8 2.5D-09  1.132D-05  3.268D-13 2.5D-10 0.0D+00    7    0 2.43D-01 1.00D+00 1.00D+00 1.936D-05     0.11
        9 2.5D-09  1.270D-05  2.842D-13 2.5D-10 0.0D+00    1    0 3.64D-02 1.00D+00 1.00D+00 1.643D-06     0.03
       10 2.5D-09  1.264D-05  7.745D-13 2.5D-10 0.0D+00    1    0 2.34D-02 1.00D+00 1.00D+00 1.353D-06     0.03

    inner barrier   scaled     scaled     min     min    NW   SE     dx      alpha    alpha    inner   time (s)
     ite   param   obj func     feas      x-l     u-x   pert pert   norm      max             opt err 
       11 2.5D-09  1.262D-05  3.837D-13 2.5D-10 0.0D+00    1    0 5.96D-02 1.00D+00 1.00D+00 1.293D-06     0.03
       12 2.5D-09  1.259D-05  8.136D-13 2.5D-10 0.0D+00    1    0 1.50D-01 1.00D+00 1.00D+00 1.132D-06     0.03
       13 2.5D-09  1.248D-05  2.416D-13 2.5D-10 0.0D+00    1    0 3.27D-01 1.00D+00 1.00D+00 8.108D-07     0.03
       14 2.5D-09  1.222D-05  1.847D-13 2.5D-10 0.0D+00    1    0 5.03D-01 1.00D+00 1.00D+00 4.101D-07     0.03
       15 2.5D-09  1.224D-05  2.558D-13 2.5D-10 0.0D+00    1    0 5.04D-01 1.00D+00 5.00D-01 1.629D-04     0.03
       16 2.5D-09  1.259D-05  2.558D-13 2.5D-10 0.0D+00    4    0 1.45D-01 1.00D+00 1.00D+00 3.454D-06     0.07
       17 2.5D-09  1.254D-05  1.599D-13 2.5D-10 0.0D+00    1    0 2.67D-02 1.00D+00 1.00D+00 3.635D-07     0.03
       18 2.5D-09  1.253D-05  3.126D-13 2.5D-10 0.0D+00    1    0 3.34D-02 1.00D+00 1.00D+00 2.897D-07     0.04
       19 2.5D-09  1.252D-05  2.878D-13 2.5D-10 0.0D+00    1    0 8.12D-02 1.00D+00 1.00D+00 1.989D-07     0.03
       20 2.5D-09  1.245D-05  5.151D-13 2.5D-10 0.0D+00    1    0 1.55D-01 1.00D+00 1.00D+00 1.010D-07     0.04

    inner barrier   scaled     scaled     min     min    NW   SE     dx      alpha    alpha    inner   time (s)
     ite   param   obj func     feas      x-l     u-x   pert pert   norm      max             opt err 
       21 2.5D-09  1.246D-05  3.126D-13 2.5D-10 0.0D+00    1    0 1.33D-01 1.00D+00 1.00D+00 2.820D-08     0.03
       22 2.5D-09  1.252D-05  1.066D-13 2.5D-10 0.0D+00    1    0 4.74D-02 1.00D+00 1.00D+00 3.155D-09     0.03


     6 1.0D-09  1.251841D-05  1.251841D-05 3.155D-09    46C
 ==========================================================

 FINAL RESULTS:
                            scaled                   unscaled
  Objective Funct:   1.2518408184149507D-05    1.2518408184149507D-05
  Lagrangian Grad:   3.1549619341192723D-09    3.1549619341192723D-09
 Final Point Feas:   1.0658141036401503D-13    1.0658141036401503D-13
 Bounds violation:   0.0000000000000000D+00    0.0000000000000000D+00
 Lower Bound Comp:   2.5059994650495682D-09    2.5059994650495682D-09
 Upper Bound Comp:   0.0000000000000000D+00    0.0000000000000000D+00

 Flag of LCMIN:

     Optimal solution found.

 ====================================================
                      STATISTICS                     
 ====================================================
 GENERAL:                                            

           Preprocessing time (in seconds):      6.99
            Optimization time (in seconds):      2.01

                      Inner Iterations (IIT):      46
                      Outer Iterations (OIT):       6
                  Function Evaluations (FEV):      59
         Function Gradient Evaluations (GEV):      47
          Function Hessian Evaluations (HEV):      46
          Barrier Function Evaluations (BFE):     104
 Barrier Function Gradient Evaluations (BGE):      46
 ====================================================
 AVERAGE:                                            

 Inner Iterations per Outer Iterations  :      7.6667
 FEV per IIT:      1.2826    FEV per OIT:      9.8333
 GEV per IIT:      1.0217    GEV per OIT:      7.8333
 HEV per IIT:      1.0000    HEV per OIT:      7.6667
 BFE per IIT:      2.2609    BFE per OIT:     17.3333
 BGE per IIT:      1.0000    BGE per OIT:      7.6667
 ====================================================

