
 ==============================================================================
 This is ALGENCAN 3.1.1.
 ALGENCAN, an Augmented Lagrangian method for nonlinear programming, is part of
 the TANGO Project: Trustable Algorithms for Nonlinear General Optimization.
 See http://www.ime.usp.br/~egbirgin/tango/ for details.
 ==============================================================================

 Processing array of parameters with   3 entrances:

 IGNORE-OBJECTIVE-FUNCTION                    
 ITERATIONS-OUTPUT-DETAIL                                                    11
 NEWTON-LINE-SEARCH-INNER-SOLVER                                    'MA57 MC64'

 The specification file is not being used.

 Available HSL subroutines = MA57           

 ALGENCAN PARAMETERS:

 firstde                =                    T
 seconde                =                    T
 truehpr                =                    T
 hptype in TN           =               TRUEHP
 lsslvr in TR           =            MA57/NONE
 lsslvr in NW           =            MA57/MC64
 lsslvr in ACCPROC      =            MA57/NONE
 innslvr                =                   NW
 accproc                =                    T
 rmfixv                 =                    T
 slacks                 =                    F
 scale                  =                    T
 epsfeas                =           1.0000D-09
 epsopt                 =           1.0000D-08
 efstain                =           3.1623D-05
 eostain                =           1.0000D-12
 efacc                  =           3.1623D-05
 eoacc                  =           1.0000D-04
 iprint                 =                   11
 ncomp                  =                    6

 Specification filename =                   ''
 Output filename        =          'lcmin.out'
 Solution filename      =                   ''

 Number of variables               :   21098
 Number of equality constraints    :   16100
 Number of inequality constraints  :       0
 Number of bound constraints       :    8048
 Number of fixed variables         :       0

 There are no fixed variables to be removed.

 Objective function scale factor   : 1.0D+00
 Smallest constraints scale factor : 1.0D-01

     Entry to GENCAN.
     Number of variables:   21098
     Required optimality tolerance: 1.0D-08

     It         function  gpsupn   xsupn stesupn   nfree   SPGit in-face    fcnt
      0   1.84457932D-11 4.0D-06 4.9D+02
      1   6.99884996D-13 2.0D-07 4.9D+02 4.0D-06   18350       0       1       3
      2   2.30456076D-13 5.0D-07 4.9D+02 1.2D-03   18348       0       2       4
      3   2.36088083D-22 1.9D-12 4.9D+02 1.5D-05   18348       0       3       5

     Flag of GENCAN: Solution was found.


 User-provided subroutines calls counters: 

 Subroutine fsub     (coded=F):        0
 Subroutine gsub     (coded=F):        0
 Subroutine hsub     (coded=F):        0
 Subroutine csub     (coded=F):        0 (       0 calls per constraint in avg)
 Subroutine jacsub   (coded=F):        0 (       0 calls per constraint in avg)
 Subroutine hcsub    (coded=F):        0 (       0 calls per constraint in avg)
 Subroutine fcsub    (coded=T):        5
 Subroutine gjacsub  (coded=T):        6
 Subroutine gjacpsub (coded=F):        0
 Subroutine hlsub    (coded=T):        3
 Subroutine hlpsub   (coded=F):        0


 Total CPU time in seconds =     0.10

 ==============================================================================

 Initial point computed successfully.

                                            achieved                  desired        
 Unscaled feasibility ..............:   8.5613294231734471D-11   1.0000000000000001D-09
 Smallest distance to lower bound ..:   1.0000000000000000D-02   1.0000000000000000D-03

 Starting LCMIN.
 Number of variables   :   21098
 Number of constraints :   16100

 Scale factor for the objective function   : 1.0D+00
 Smallest scale factor for the constraints : 1.0D+00

 ==========================================================
 outer barrier   objective       scaled      outer   inner
  ite   param     function     obj funct    opt err   ite 
     0 1.0D-01  3.324657D+03  3.324657D+03 4.946D+02     0 

    inner barrier   scaled     scaled     min     min    NW   SE     dx      alpha    alpha    inner   time (s)
     ite   param   obj func     feas      x-l     u-x   pert pert   norm      max             opt err 
        1 1.0D-01  2.661D+03  8.561D-11 1.0D-04 0.0D+00    1    0 7.37D+03 8.29D-02 8.29D-02 4.547D+02     0.09
        2 1.0D-01  1.627D+03  8.561D-11 1.8D-03 0.0D+00    1    0 5.81D+03 1.91D-01 1.91D-01 3.679D+02     0.04
        3 1.0D-01  8.969D+02  8.561D-11 1.7D-03 0.0D+00    1    0 4.07D+03 2.43D-01 2.43D-01 3.182D+02     0.05
        4 1.0D-01  5.457D+02  8.561D-11 2.4D-03 0.0D+00    1    0 2.92D+03 2.32D-01 2.32D-01 7.444D+01     0.03
        5 1.0D-01  3.566D+02  8.561D-11 2.4D-03 0.0D+00    1    0 4.00D+03 4.19D-01 4.19D-01 3.518D+01     0.03
        6 1.0D-01  3.334D+02  8.561D-11 1.1D-03 0.0D+00    1    0 5.04D+03 3.75D-01 3.75D-01 1.606D+01     0.03
        7 1.0D-01  3.407D+02  8.561D-11 9.2D-04 0.0D+00    1    0 8.38D+03 5.86D-01 5.86D-01 8.893D+00     0.03
        8 1.0D-01  3.595D+02  8.561D-11 2.0D-03 0.0D+00    1    0 1.24D+04 9.99D-01 9.99D-01 4.501D+00     0.03
        9 1.0D-01  3.597D+02  8.561D-11 1.0D-02 0.0D+00    1    0 2.54D+04 2.30D-01 2.30D-01 1.310D+00     0.03
       10 1.0D-01  3.596D+02  8.561D-11 1.0D-02 0.0D+00    1    0 1.07D+05 3.99D-02 3.99D-02 6.651D-01     0.03


     1 2.0D-02  3.596395D+02  3.596395D+02 7.651D-01    10C

    inner barrier   scaled     scaled     min     min    NW   SE     dx      alpha    alpha    inner   time (s)
     ite   param   obj func     feas      x-l     u-x   pert pert   norm      max             opt err 
        1 2.0D-02  2.894D+02  8.561D-11 2.8D-03 0.0D+00    7    0 9.37D+03 2.06D-01 2.06D-01 5.525D-01     0.11
        2 2.0D-02  8.776D+01  8.561D-11 1.9D-03 0.0D+00    2    0 2.83D+03 1.00D+00 1.00D+00 1.836D-02     0.04


     2 2.8D-03  8.776427D+01  8.776427D+01 3.836D-02    12C

    inner barrier   scaled     scaled     min     min    NW   SE     dx      alpha    alpha    inner   time (s)
     ite   param   obj func     feas      x-l     u-x   pert pert   norm      max             opt err 
        1 2.8D-03  1.799D+01  8.561D-11 2.7D-04 0.0D+00    1    0 1.29D+03 1.00D+00 1.00D+00 8.113D-03     0.03


     3 1.5D-04  1.798970D+01  1.798970D+01 1.094D-02    13C

    inner barrier   scaled     scaled     min     min    NW   SE     dx      alpha    alpha    inner   time (s)
     ite   param   obj func     feas      x-l     u-x   pert pert   norm      max             opt err 
        1 1.5D-04  3.170D+00  8.561D-11 2.6D-06 0.0D+00    1    0 4.05D+02 9.45D-01 9.45D-01 2.933D-03     0.03
        2 1.5D-04  8.382D-01  8.561D-11 1.5D-05 0.0D+00    1    0 4.83D+02 1.00D+00 1.00D+00 6.623D-04     0.03


     4 1.8D-06  8.381682D-01  8.381682D-01 8.127D-04    15C

    inner barrier   scaled     scaled     min     min    NW   SE     dx      alpha    alpha    inner   time (s)
     ite   param   obj func     feas      x-l     u-x   pert pert   norm      max             opt err 
        1 1.8D-06  1.166D-01  8.561D-11 2.6D-09 0.0D+00    1    0 6.30D+01 9.22D-01 9.22D-01 2.186D-04     0.03
        2 1.8D-06  2.444D-02  8.561D-11 2.8D-09 0.0D+00    1    0 6.88D+01 9.01D-01 9.01D-01 9.963D-05     0.03
        3 1.8D-06  1.105D-02  8.560D-11 6.4D-09 0.0D+00    1    0 1.46D+02 7.99D-01 7.99D-01 8.764D-05     0.03
        4 1.8D-06  6.925D-03  8.561D-11 1.8D-07 0.0D+00    2    0 4.86D+01 1.00D+00 1.00D+00 5.336D-06     0.05


     5 2.5D-09  6.925281D-03  6.925281D-03 7.181D-06    19C

    inner barrier   scaled     scaled     min     min    NW   SE     dx      alpha    alpha    inner   time (s)
     ite   param   obj func     feas      x-l     u-x   pert pert   norm      max             opt err 
        1 2.5D-09  1.953D-04  8.561D-11 2.8D-13 0.0D+00    1    0 1.78D+00 9.80D-01 9.80D-01 1.867D-06     0.03
        2 2.5D-09  1.686D-05  8.561D-11 1.3D-13 0.0D+00    1    0 1.58D+00 9.86D-01 9.86D-01 4.793D-07     0.03
        3 2.5D-09  9.691D-06  8.561D-11 3.9D-13 0.0D+00    1    0 2.32D+00 9.95D-01 9.95D-01 1.352D-07     0.03
        4 2.5D-09  9.671D-06  8.561D-11 2.4D-10 0.0D+00    1    0 5.64D+00 1.00D+00 3.12D-02 2.857D-04     0.04
        5 2.5D-09  9.396D-06  8.561D-11 9.3D-13 0.0D+00    4    0 7.00D+00 2.61D-01 2.61D-01 7.279D-04     0.06
        6 2.5D-09  9.389D-06  8.561D-11 2.4D-10 0.0D+00    1    0 1.34D-01 1.00D+00 1.56D-02 2.370D-04     0.03
        7 2.5D-09  9.037D-06  8.561D-11 2.4D-10 0.0D+00    2    0 6.09D-02 1.00D+00 1.00D+00 8.424D-09     0.04


     6 1.0D-09  9.036808D-06  9.036808D-06 8.424D-09    26C
 ==========================================================

 FINAL RESULTS:
                            scaled                   unscaled
  Objective Funct:   9.0368076656244604D-06    9.0368076656244604D-06
  Lagrangian Grad:   8.4235710113179901D-09    8.4235710113179901D-09
 Final Point Feas:   8.5606188804376870D-11    8.5606188804376870D-11
 Bounds violation:   0.0000000000000000D+00    0.0000000000000000D+00
 Lower Bound Comp:   6.9793698447041246D-09    6.9793698447041246D-09
 Upper Bound Comp:   0.0000000000000000D+00    0.0000000000000000D+00

 Flag of LCMIN:

     Optimal solution found.

 ====================================================
                      STATISTICS                     
 ====================================================
 GENERAL:                                            

           Preprocessing time (in seconds):      2.62
            Optimization time (in seconds):      1.12

                      Inner Iterations (IIT):      26
                      Outer Iterations (OIT):       6
                  Function Evaluations (FEV):      38
         Function Gradient Evaluations (GEV):      27
          Function Hessian Evaluations (HEV):      26
          Barrier Function Evaluations (BFE):      63
 Barrier Function Gradient Evaluations (BGE):      26
 ====================================================
 AVERAGE:                                            

 Inner Iterations per Outer Iterations  :      4.3333
 FEV per IIT:      1.4615    FEV per OIT:      6.3333
 GEV per IIT:      1.0385    GEV per OIT:      4.5000
 HEV per IIT:      1.0000    HEV per OIT:      4.3333
 BFE per IIT:      2.4231    BFE per OIT:     10.5000
 BGE per IIT:      1.0000    BGE per OIT:      4.3333
 ====================================================

