
 ==============================================================================
 This is ALGENCAN 3.1.1.
 ALGENCAN, an Augmented Lagrangian method for nonlinear programming, is part of
 the TANGO Project: Trustable Algorithms for Nonlinear General Optimization.
 See http://www.ime.usp.br/~egbirgin/tango/ for details.
 ==============================================================================

 Processing array of parameters with   3 entrances:

 IGNORE-OBJECTIVE-FUNCTION                    
 ITERATIONS-OUTPUT-DETAIL                                                    11
 NEWTON-LINE-SEARCH-INNER-SOLVER                                    'MA57 MC64'

 The specification file is not being used.

 Available HSL subroutines = MA57           

 ALGENCAN PARAMETERS:

 firstde                =                    T
 seconde                =                    T
 truehpr                =                    T
 hptype in TN           =               TRUEHP
 lsslvr in TR           =            MA57/NONE
 lsslvr in NW           =            MA57/MC64
 lsslvr in ACCPROC      =            MA57/NONE
 innslvr                =                   NW
 accproc                =                    T
 rmfixv                 =                    T
 slacks                 =                    F
 scale                  =                    T
 epsfeas                =           1.0000D-09
 epsopt                 =           1.0000D-08
 efstain                =           3.1623D-05
 eostain                =           1.0000D-12
 efacc                  =           3.1623D-05
 eoacc                  =           1.0000D-04
 iprint                 =                   11
 ncomp                  =                    6

 Specification filename =                   ''
 Output filename        =          'lcmin.out'
 Solution filename      =                   ''

 Number of variables               :   25004
 Number of equality constraints    :   20004
 Number of inequality constraints  :       0
 Number of bound constraints       :   10000
 Number of fixed variables         :       0

 There are no fixed variables to be removed.

 Objective function scale factor   : 1.0D+00
 Smallest constraints scale factor : 1.0D-01

     Entry to GENCAN.
     Number of variables:   25004
     Required optimality tolerance: 1.0D-08

     It         function  gpsupn   xsupn stesupn   nfree   SPGit in-face    fcnt
      0   1.63960489D-10 6.5D-06 1.2D+01
      1   1.00768374D-10 2.5D-07 1.2D+01 6.5D-06   18901       0       1       3
      2   1.00669812D-10 7.7D-08 1.2D+01 1.2D-05   18901       0       2       4
      3   1.00487737D-10 7.5D-08 1.2D+01 7.7D-08   20004       1       2      13
      4   8.84233698D-11 3.0D-07 1.2D+01 1.2D-04   19873       1       3      14
      5   8.74865372D-11 1.5D-08 1.2D+01 2.1D-05   19873       1       4      15
      6   8.74862036D-11 1.5D-08 1.2D+01 1.4D-08   20004       2       4      22
      7   8.74861893D-11 1.5D-08 1.2D+01 1.5D-08   20002       2       5      24
      8   8.74861748D-11 1.4D-08 1.2D+01 1.5D-08   20001       2       6      26
      9   8.74861629D-11 1.4D-08 1.2D+01 1.2D-08   20000       2       7      28

     It         function  gpsupn   xsupn stesupn   nfree   SPGit in-face    fcnt
     10   8.74861439D-11 1.4D-08 1.2D+01 1.9D-08   19999       2       8      30
     11   8.74860766D-11 1.4D-08 1.2D+01 6.9D-08   19998       2       9      32
     12   8.74860373D-11 1.4D-08 1.2D+01 4.0D-08   19996       2      10      34
     13   8.74839144D-11 5.8D-08 1.2D+01 3.0D-05   19965       2      11      35
     14   8.74713449D-11 1.8D-09 1.2D+01 2.3D-06   19965       2      12      36
     15   8.74713410D-11 2.2D-09 1.2D+01 7.8D-10   20002       3      12      44
     16   8.74709236D-11 8.1D-09 1.2D+01 4.0D-06   20001       3      13      45
     17   8.74708915D-11 3.3D-10 1.2D+01 3.4D-08   20001       3      14      46
     18   8.74708915D-11 3.2D-10 1.2D+01 3.8D-12   20003       4      14      56
     19   8.74708888D-11 1.7D-10 1.2D+01 9.8D-08   20003       4      15      57

     It         function  gpsupn   xsupn stesupn   nfree   SPGit in-face    fcnt
     20   8.74708888D-11 1.4D-10 1.2D+01 2.6D-11   20006       5      15      70
     21   8.74708871D-11 1.5D-11 1.2D+01 8.8D-08   20006       5      16      71
     22   8.74708871D-11 1.5D-11 1.2D+01 6.4D-13   20006       5      17      74
     23   8.74708871D-11 1.5D-11 1.2D+01 4.7D-13   20006       5      18      77
     24   8.74708871D-11 1.5D-11 1.2D+01 1.4D-12   20006       5      19      78

     Flag of GENCAN: Lack of progress in the functional value, its gradient and
     the current point. Probably, an exaggerated small norm of the continuous
     projected gradient is being required to declare convergence.


 User-provided subroutines calls counters: 

 Subroutine fsub     (coded=F):        0
 Subroutine gsub     (coded=F):        0
 Subroutine hsub     (coded=F):        0
 Subroutine csub     (coded=F):        0 (       0 calls per constraint in avg)
 Subroutine jacsub   (coded=F):        0 (       0 calls per constraint in avg)
 Subroutine hcsub    (coded=F):        0 (       0 calls per constraint in avg)
 Subroutine fcsub    (coded=T):       78
 Subroutine gjacsub  (coded=T):       27
 Subroutine gjacpsub (coded=F):        0
 Subroutine hlsub    (coded=T):       19
 Subroutine hlpsub   (coded=F):        0


 Total CPU time in seconds =     0.81

 ==============================================================================

 The initial point found is acceptably feasible. LCMIN will continue.

 Initial point computed successfully.

                                            achieved                  desired        
 Unscaled feasibility ..............:   3.7737334963594549D-06   1.0000000000000001D-09
 Smallest distance to lower bound ..:   1.0000000000000002D-06   1.0000000000000003D-09

 Starting LCMIN.
 Number of variables   :   25004
 Number of constraints :   20004

 Scale factor for the objective function   : 1.0D+00
 Smallest scale factor for the constraints : 1.0D+00

 ==========================================================
 outer barrier   objective       scaled      outer   inner
  ite   param     function     obj funct    opt err   ite 
     0 1.0D-01  7.516562D+03  7.516562D+03 1.042D+01     0 

    inner barrier   scaled     scaled     min     min    NW   SE     dx      alpha    alpha    inner   time (s)
     ite   param   obj func     feas      x-l     u-x   pert pert   norm      max             opt err 
        1 1.0D-01  7.516D+03  3.774D-06 1.0D-08 0.0D+00    3    0 3.59D+03 2.75D-05 2.75D-05 7.755D+02     0.15
        2 1.0D-01  7.516D+03  3.774D-06 9.5D-09 0.0D+00    2    0 2.08D+03 9.90D-05 9.90D-05 1.086D+03     0.09
        3 1.0D-01  7.516D+03  3.774D-06 1.2D-08 0.0D+00    1    0 3.81D+03 2.52D-04 2.52D-04 1.300D+03     0.07
        4 1.0D-01  7.515D+03  3.774D-06 1.3D-08 0.0D+00    2    0 2.12D+03 7.17D-04 7.17D-04 1.238D+03     0.07
        5 1.0D-01  7.507D+03  3.774D-06 1.1D-08 0.0D+00    1    0 4.20D+03 2.51D-03 2.51D-03 1.209D+03     0.04
        6 1.0D-01  7.503D+03  3.774D-06 1.2D-08 0.0D+00    2    0 2.20D+03 6.44D-03 6.44D-03 1.206D+03     0.07
        7 1.0D-01  7.417D+03  3.774D-06 1.2D-08 0.0D+00    1    0 4.68D+03 2.22D-02 2.22D-02 1.169D+03     0.04
        8 1.0D-01  7.356D+03  3.774D-06 1.2D-08 0.0D+00    2    0 2.16D+03 5.63D-02 5.63D-02 1.069D+03     0.08
        9 1.0D-01  6.363D+03  3.774D-06 1.2D-08 0.0D+00    1    0 5.25D+03 1.84D-01 1.84D-01 8.890D+02     0.05
       10 1.0D-01  5.891D+03  3.774D-06 3.8D-07 0.0D+00    2    0 2.04D+03 2.57D-01 2.57D-01 4.900D+02     0.08

    inner barrier   scaled     scaled     min     min    NW   SE     dx      alpha    alpha    inner   time (s)
     ite   param   obj func     feas      x-l     u-x   pert pert   norm      max             opt err 
       11 1.0D-01  4.292D+03  3.774D-06 4.5D-07 0.0D+00    1    0 7.27D+03 1.96D-01 1.96D-01 2.707D+02     0.05
       12 1.0D-01  3.665D+03  3.774D-06 4.9D-07 0.0D+00    2    0 2.08D+03 3.31D-01 3.31D-01 2.015D+01     0.08
       13 1.0D-01  3.470D+03  3.774D-06 4.9D-07 0.0D+00    1    0 2.64D+04 9.09D-03 9.09D-03 1.990D+01     0.05
       14 1.0D-01  3.390D+03  3.774D-06 4.9D-07 0.0D+00    2    0 2.12D+03 4.35D-02 4.35D-02 1.081D+00     0.08
       15 1.0D-01  2.727D+03  3.774D-06 5.0D-07 0.0D+00    2    0 8.72D+02 1.00D+00 1.00D+00 1.338D-02     0.08


     1 2.0D-02  2.727090D+03  2.727090D+03 1.338D-02    15C


     2 2.8D-03  2.727090D+03  2.727090D+03 1.338D-02    15C


     3 1.5D-04  2.727090D+03  2.727090D+03 1.338D-02    15C

    inner barrier   scaled     scaled     min     min    NW   SE     dx      alpha    alpha    inner   time (s)
     ite   param   obj func     feas      x-l     u-x   pert pert   norm      max             opt err 
        1 1.5D-04  2.119D+03  3.774D-06 5.0D-07 0.0D+00    1    0 2.13D+03 2.48D-01 2.48D-01 2.410D+03     0.05
        2 1.5D-04  1.914D+03  3.774D-06 5.0D-07 0.0D+00    2    0 7.49D+02 2.61D-01 2.61D-01 2.171D+03     0.08
        3 1.5D-04  1.564D+03  3.774D-06 5.0D-07 0.0D+00    1    0 2.16D+03 1.47D-01 1.47D-01 1.218D+03     0.05
        4 1.5D-04  1.418D+03  3.774D-06 5.0D-07 0.0D+00    2    0 6.65D+02 2.16D-01 2.16D-01 2.885D+00     0.08
        5 1.5D-04  1.210D+03  3.774D-06 5.0D-07 0.0D+00    1    0 1.99D+03 9.73D-02 9.73D-02 4.523D+00     0.04
        6 1.5D-04  1.114D+03  3.774D-06 5.0D-07 0.0D+00    2    0 5.53D+02 1.90D-01 1.90D-01 2.829D+00     0.07
        7 1.5D-04  9.666D+02  3.774D-06 5.0D-07 0.0D+00    1    0 1.79D+03 8.29D-02 8.29D-02 4.936D+00     0.04
        8 1.5D-04  9.114D+02  3.774D-06 5.0D-07 0.0D+00    2    0 4.79D+02 1.35D-01 1.35D-01 2.840D+00     0.07
        9 1.5D-04  8.156D+02  3.774D-06 5.0D-07 0.0D+00    1    0 1.77D+03 5.63D-02 5.63D-02 6.553D+00     0.04
       10 1.5D-04  7.646D+02  3.774D-06 5.0D-07 0.0D+00    2    0 4.36D+02 1.49D-01 1.49D-01 3.315D+00     0.07

    inner barrier   scaled     scaled     min     min    NW   SE     dx      alpha    alpha    inner   time (s)
     ite   param   obj func     feas      x-l     u-x   pert pert   norm      max             opt err 
       11 1.5D-04  6.800D+02  3.774D-06 5.0D-07 0.0D+00    1    0 2.13D+03 3.94D-02 3.94D-02 1.005D+01     0.04
       12 1.5D-04  6.520D+02  3.774D-06 5.0D-07 0.0D+00    2    0 4.45D+02 7.66D-02 7.66D-02 3.765D+00     0.07
       13 1.5D-04  5.968D+02  3.774D-06 5.0D-07 0.0D+00    1    0 2.86D+03 2.12D-02 2.12D-02 1.386D+01     0.04
       14 1.5D-04  5.835D+02  3.774D-06 9.7D-09 0.0D+00    2    0 4.48D+02 4.07D-02 4.07D-02 3.219D+00     0.07
       15 1.5D-04  5.161D+02  3.774D-06 1.3D-07 0.0D+00    1    0 8.31D+03 8.03D-03 8.03D-03 5.340D+01     0.04
       16 1.5D-04  5.132D+02  3.774D-06 1.8D-08 0.0D+00    2    0 4.85D+02 8.22D-03 8.22D-03 3.735D+00     0.07
       17 1.5D-04  4.728D+02  3.774D-06 5.0D-07 0.0D+00    2    0 2.04D+02 2.75D-01 2.75D-01 2.368D+00     0.08
       18 1.5D-04  4.536D+02  3.774D-06 5.0D-07 0.0D+00    1    0 4.58D+02 6.31D-02 6.31D-02 3.045D+00     0.05
       19 1.5D-04  4.157D+02  3.774D-06 5.0D-07 0.0D+00    2    0 1.83D+02 3.21D-01 3.21D-01 2.176D+00     0.07
       20 1.5D-04  3.929D+02  3.774D-06 5.0D-07 0.0D+00    1    0 4.46D+02 7.67D-02 7.67D-02 3.308D+00     0.05

    inner barrier   scaled     scaled     min     min    NW   SE     dx      alpha    alpha    inner   time (s)
     ite   param   obj func     feas      x-l     u-x   pert pert   norm      max             opt err 
       21 1.5D-04  3.838D+02  3.774D-06 5.0D-07 0.0D+00    2    0 1.66D+02 9.23D-02 9.23D-02 2.265D+00     0.07
       22 1.5D-04  3.525D+02  3.774D-06 5.0D-07 0.0D+00    1    0 4.74D+02 9.45D-02 9.45D-02 3.966D+00     0.04
       23 1.5D-04  3.448D+02  3.774D-06 5.0D-07 0.0D+00    2    0 1.70D+02 7.26D-02 7.26D-02 2.598D+00     0.07
       24 1.5D-04  3.209D+02  3.774D-06 5.0D-07 0.0D+00    1    0 5.55D+02 5.26D-02 5.26D-02 5.086D+00     0.04
       25 1.5D-04  3.128D+02  3.774D-06 9.2D-08 0.0D+00    2    0 1.77D+02 7.10D-02 7.10D-02 2.882D+00     0.07
       26 1.5D-04  2.937D+02  3.774D-06 5.0D-07 0.0D+00    1    0 5.83D+02 4.12D-02 4.12D-02 5.673D+00     0.04
       27 1.5D-04  2.820D+02  3.774D-06 5.0D-07 0.0D+00    2    0 1.71D+02 1.27D-01 1.27D-01 2.862D+00     0.07
       28 1.5D-04  2.621D+02  3.774D-06 5.0D-07 0.0D+00    1    0 6.15D+02 4.36D-02 4.36D-02 7.037D+00     0.04
       29 1.5D-04  2.527D+02  3.774D-06 5.0D-07 0.0D+00    2    0 1.71D+02 1.15D-01 1.15D-01 2.866D+00     0.07
       30 1.5D-04  2.396D+02  3.774D-06 5.0D-07 0.0D+00    1    0 7.18D+02 2.83D-02 2.83D-02 8.877D+00     0.04

    inner barrier   scaled     scaled     min     min    NW   SE     dx      alpha    alpha    inner   time (s)
     ite   param   obj func     feas      x-l     u-x   pert pert   norm      max             opt err 
       31 1.5D-04  2.327D+02  3.774D-06 5.0D-07 0.0D+00    2    0 1.67D+02 1.15D-01 1.15D-01 2.520D+00     0.07
       32 1.5D-04  2.170D+02  3.774D-06 5.0D-07 0.0D+00    1    0 1.23D+03 2.09D-02 2.09D-02 1.476D+01     0.04
       33 1.5D-04  1.930D+02  3.774D-06 5.0D-07 0.0D+00    2    0 1.79D+02 3.62D-01 3.62D-01 2.179D+00     0.07
       34 1.5D-04  1.784D+02  3.774D-06 5.0D-07 0.0D+00    2    0 7.16D+01 5.07D-01 5.07D-01 1.949D+00     0.08
       35 1.5D-04  1.537D+02  3.774D-06 5.0D-07 0.0D+00    1    0 1.88D+02 2.59D-01 2.59D-01 2.981D+00     0.05
       36 1.5D-04  1.518D+02  3.774D-06 5.0D-07 0.0D+00    2    0 7.06D+01 5.89D-02 5.89D-02 2.476D+00     0.07
       37 1.5D-04  1.440D+02  3.774D-06 5.0D-07 0.0D+00    1    0 2.09D+02 5.84D-02 5.84D-02 3.811D+00     0.05
       38 1.5D-04  1.342D+02  3.774D-06 5.0D-07 0.0D+00    2    0 7.36D+01 2.84D-01 2.84D-01 2.664D+00     0.08
       39 1.5D-04  1.331D+02  3.774D-06 4.8D-09 0.0D+00    1    0 2.16D+02 8.97D-03 8.97D-03 3.837D+00     0.05
       40 1.5D-04  1.282D+02  3.774D-06 5.0D-07 0.0D+00    2    0 7.52D+01 1.56D-01 1.56D-01 2.043D+00     0.07

    inner barrier   scaled     scaled     min     min    NW   SE     dx      alpha    alpha    inner   time (s)
     ite   param   obj func     feas      x-l     u-x   pert pert   norm      max             opt err 
       41 1.5D-04  1.193D+02  3.774D-06 5.0D-07 0.0D+00    1    0 2.33D+02 6.69D-02 6.69D-02 3.710D+00     0.05
       42 1.5D-04  1.182D+02  3.774D-06 6.3D-09 0.0D+00    2    0 7.42D+01 4.54D-02 4.54D-02 2.254D+00     0.07
       43 1.5D-04  1.113D+02  3.774D-06 5.0D-07 0.0D+00    1    0 2.42D+02 5.12D-02 5.12D-02 4.701D+00     0.04
       44 1.5D-04  1.057D+02  3.774D-06 5.0D-07 0.0D+00    2    0 7.80D+01 2.10D-01 2.10D-01 2.521D+00     0.07
       45 1.5D-04  1.039D+02  3.774D-06 5.0D-07 0.0D+00    1    0 2.33D+02 1.62D-02 1.62D-02 4.733D+00     0.04
       46 1.5D-04  9.904D+01  3.774D-06 5.0D-07 0.0D+00    2    0 7.35D+01 3.12D-01 3.12D-01 1.987D+00     0.07
       47 1.5D-04  9.091D+01  3.774D-06 5.0D-07 0.0D+00    1    0 2.51D+02 5.22D-02 5.22D-02 7.591D+00     0.04
       48 1.5D-04  9.083D+01  3.774D-06 1.4D-08 0.0D+00    2    0 7.05D+01 5.89D-03 5.89D-03 2.315D+00     0.07
       49 1.5D-04  7.750D+01  3.774D-06 5.0D-07 0.0D+00    1    0 3.42D+02 5.40D-02 5.40D-02 1.522D+01     0.05
       50 1.5D-04  7.750D+01  3.774D-06 3.4D-08 0.0D+00    2    0 7.30D+01 5.94D-04 5.94D-04 1.018D+00     0.07

    inner barrier   scaled     scaled     min     min    NW   SE     dx      alpha    alpha    inner   time (s)
     ite   param   obj func     feas      x-l     u-x   pert pert   norm      max             opt err 
       51 1.5D-04  7.473D+01  3.774D-06 5.0D-07 0.0D+00    2    0 3.09D+01 1.00D+00 1.00D+00 7.733D-01     0.08
       52 1.5D-04  7.403D+01  3.774D-06 5.0D-07 0.0D+00    1    0 7.12D+01 9.99D-02 9.99D-02 1.251D+00     0.05
       53 1.5D-04  7.323D+01  3.774D-06 5.0D-07 0.0D+00    2    0 2.90D+01 3.47D-01 3.47D-01 9.618D-01     0.08
       54 1.5D-04  6.998D+01  3.774D-06 5.0D-07 0.0D+00    1    0 7.23D+01 3.69D-01 3.69D-01 1.531D+00     0.05
       55 1.5D-04  6.668D+01  3.774D-06 5.0D-07 0.0D+00    2    0 2.74D+01 1.00D+00 1.00D+00 1.326D+00     0.08
       56 1.5D-04  5.672D+01  3.774D-06 5.0D-07 0.0D+00    1    0 6.92D+01 4.56D-01 4.56D-01 2.556D+00     0.05
       57 1.5D-04  4.823D+01  3.774D-06 5.0D-07 0.0D+00    2    0 2.53D+01 9.03D-01 9.03D-01 2.303D+00     0.08
       58 1.5D-04  4.217D+01  3.774D-06 5.0D-07 0.0D+00    1    0 8.89D+01 9.19D-02 9.19D-02 4.926D+00     0.05
       59 1.5D-04  4.217D+01  3.774D-06 1.0D-08 0.0D+00    2    0 2.65D+01 2.36D-04 2.36D-04 1.757D+00     0.08
       60 1.5D-04  4.010D+01  3.774D-06 5.0D-07 0.0D+00    1    0 1.11D+02 7.50D-02 7.50D-02 3.244D+00     0.05

    inner barrier   scaled     scaled     min     min    NW   SE     dx      alpha    alpha    inner   time (s)
     ite   param   obj func     feas      x-l     u-x   pert pert   norm      max             opt err 
       61 1.5D-04  4.009D+01  3.774D-06 6.7D-09 0.0D+00    2    0 2.11D+01 2.88D-03 2.88D-03 9.777D-01     0.07
       62 1.5D-04  3.823D+01  3.774D-06 5.0D-07 0.0D+00    1    0 7.79D+01 1.65D-01 1.65D-01 2.125D+00     0.05
       63 1.5D-04  3.823D+01  3.774D-06 1.1D-08 0.0D+00    2    0 1.97D+01 1.76D-03 1.76D-03 4.673D-01     0.07
       64 1.5D-04  3.540D+01  3.774D-06 5.0D-07 0.0D+00    1    0 6.81D+01 4.03D-01 4.03D-01 1.126D+00     0.05
       65 1.5D-04  3.223D+01  3.774D-06 5.0D-07 0.0D+00    2    0 2.34D+01 1.00D+00 1.00D+00 8.587D-01     0.07
       66 1.5D-04  2.226D+01  3.774D-06 5.0D-07 0.0D+00    1    0 2.04D+02 1.35D-01 1.35D-01 6.157D+00     0.05
       67 1.5D-04  2.223D+01  3.774D-06 6.3D-09 0.0D+00    2    0 2.67D+01 2.05D-03 2.05D-03 2.332D+00     0.08
       68 1.5D-04  1.815D+01  3.774D-06 2.0D-07 0.0D+00    1    0 9.90D+02 5.10D-03 5.10D-03 5.523D+01     0.04
       69 1.5D-04  1.815D+01  3.774D-06 1.2D-08 0.0D+00    2    0 2.08D+01 6.75D-04 6.75D-04 1.405D+00     0.07
       70 1.5D-04  1.700D+01  3.774D-06 5.0D-07 0.0D+00    2    0 7.55D+00 1.00D+00 1.00D+00 1.058D+00     0.08

    inner barrier   scaled     scaled     min     min    NW   SE     dx      alpha    alpha    inner   time (s)
     ite   param   obj func     feas      x-l     u-x   pert pert   norm      max             opt err 
       71 1.5D-04  1.471D+01  3.774D-06 5.0D-07 0.0D+00    1    0 2.41D+01 3.50D-01 3.50D-01 1.730D+00     0.05
       72 1.5D-04  1.471D+01  3.774D-06 5.0D-07 0.0D+00    2    0 5.36D+00 8.93D-04 4.46D-04 3.915D-01     0.08
       73 1.5D-04  1.369D+01  3.774D-06 5.0D-07 0.0D+00    1    0 1.31D+01 1.00D+00 1.00D+00 6.009D-01     0.05
       74 1.5D-04  1.307D+01  3.774D-06 5.0D-07 0.0D+00    2    0 4.46D+00 1.00D+00 1.00D+00 7.226D-01     0.08
       75 1.5D-04  7.345D+00  3.774D-06 5.0D-07 0.0D+00    1    0 1.67D+01 9.62D-01 9.62D-01 1.462D+00     0.04
       76 1.5D-04  3.803D+00  3.774D-06 5.0D-07 0.0D+00    2    0 7.14D+00 8.97D-01 8.97D-01 1.770D+00     0.08
       77 1.5D-04  3.803D+00  3.774D-06 5.0D-07 0.0D+00    1    0 9.61D+00 1.09D-04 5.45D-05 7.307D-01     0.05
       78 1.5D-04  3.762D+00  3.774D-06 5.0D-07 0.0D+00    1    0 7.78D+00 1.00D+00 1.00D+00 9.217D-03     0.05
       79 1.5D-04  3.749D+00  3.774D-06 5.0D-07 0.0D+00    1    0 4.70D+00 1.00D+00 1.00D+00 3.644D-03     0.04
       80 1.5D-04  3.747D+00  3.774D-06 5.0D-07 0.0D+00    1    0 1.40D+00 1.00D+00 1.00D+00 6.605D-04     0.04


     4 1.8D-06  3.746680D+00  3.746680D+00 6.605D-04    95C

    inner barrier   scaled     scaled     min     min    NW   SE     dx      alpha    alpha    inner   time (s)
     ite   param   obj func     feas      x-l     u-x   pert pert   norm      max             opt err 
        1 1.8D-06  3.221D+00  3.774D-06 5.9D-09 0.0D+00    1    0 2.17D+01 9.75D-01 9.75D-01 4.289D-04     0.04
        2 1.8D-06  3.189D+00  3.774D-06 1.7D-07 0.0D+00    1    0 5.99D+00 1.00D+00 1.00D+00 2.744D-05     0.04
        3 1.8D-06  3.187D+00  3.774D-06 1.7D-07 0.0D+00    1    0 1.33D+00 1.00D+00 1.00D+00 3.693D-06     0.04


     5 2.5D-09  3.186819D+00  3.186819D+00 3.702D-06    98C

    inner barrier   scaled     scaled     min     min    NW   SE     dx      alpha    alpha    inner   time (s)
     ite   param   obj func     feas      x-l     u-x   pert pert   norm      max             opt err 
        1 2.5D-09  3.180D+00  3.774D-06 3.8D-14 0.0D+00    1    0 8.69D-01 8.77D-01 8.77D-01 9.902D-01     0.05
        2 2.5D-09  3.180D+00  3.774D-06 5.4D-16 0.0D+00    1    0 2.42D-01 4.53D-01 4.53D-01 1.861D+00     0.04
        3 2.5D-09  3.180D+00  3.774D-06 1.4D-17 0.0D+00    1    0 1.63D-01 1.05D-01 1.05D-01 1.923D+01     0.05
        4 2.5D-09  3.180D+00  3.774D-06 9.3D-19 0.0D+00    1    0 1.58D-01 8.26D-02 8.26D-02 2.692D+02     0.05
        5 2.5D-09  3.180D+00  3.774D-06 2.3D-17 0.0D+00    1    0 1.48D-01 1.54D-02 1.54D-02 1.297D+01     0.05
        6 2.5D-09  3.180D+00  3.774D-06 3.7D-16 0.0D+00    1    0 1.50D-01 4.47D-01 4.47D-01 7.968D+01     0.05
        7 2.5D-09  3.179D+00  3.774D-06 4.0D-18 0.0D+00    1    0 8.89D-02 1.24D-01 1.24D-01 2.983D+01     0.05
        8 2.5D-09  3.179D+00  3.774D-06 1.1D-17 0.0D+00    1    0 8.47D-02 3.31D-01 3.31D-01 2.629D+01     0.05
        9 2.5D-09  3.179D+00  3.774D-06 7.3D-16 0.0D+00    1    0 6.15D-02 4.72D-01 4.72D-01 5.241D+01     0.05
       10 2.5D-09  3.179D+00  3.774D-06 1.6D-17 0.0D+00    1    0 3.42D-02 4.20D-01 4.20D-01 1.590D+00     0.05

    inner barrier   scaled     scaled     min     min    NW   SE     dx      alpha    alpha    inner   time (s)
     ite   param   obj func     feas      x-l     u-x   pert pert   norm      max             opt err 
       11 2.5D-09  3.179D+00  3.774D-06 2.5D-18 0.0D+00    1    0 2.25D-02 5.52D-01 5.52D-01 2.153D+00     0.05
       12 2.5D-09  3.179D+00  3.774D-06 2.1D-11 0.0D+00    1    0 1.16D-02 1.00D+00 1.00D+00 4.006D-08     0.04
       13 2.5D-09  3.179D+00  3.774D-06 2.1D-11 0.0D+00    1    0 9.71D-04 1.00D+00 1.00D+00 7.256D-10     0.05


     6 1.0D-09  3.179204D+00  3.179204D+00 3.232D-09   111C
 ==========================================================

 FINAL RESULTS:
                            scaled                   unscaled
  Objective Funct:   3.1792035210779210D+00    3.1792035210779210D+00
  Lagrangian Grad:   5.6843418860808015D-14    5.6843418860808015D-14
 Final Point Feas:   3.7737334714904591D-06    3.7737334714904591D-06
 Bounds violation:   0.0000000000000000D+00    0.0000000000000000D+00
 Lower Bound Comp:   3.2315047580438713D-09    3.2315047580438713D-09
 Upper Bound Comp:   0.0000000000000000D+00    0.0000000000000000D+00

 Flag of LCMIN:

     Acceptable feasible optimal solution found.

 ====================================================
                      STATISTICS                     
 ====================================================
 GENERAL:                                            

           Preprocessing time (in seconds):     32.05
            Optimization time (in seconds):      6.74

                      Inner Iterations (IIT):     111
                      Outer Iterations (OIT):       6
                  Function Evaluations (FEV):     114
         Function Gradient Evaluations (GEV):     112
          Function Hessian Evaluations (HEV):     111
          Barrier Function Evaluations (BFE):     224
 Barrier Function Gradient Evaluations (BGE):     111
 ====================================================
 AVERAGE:                                            

 Inner Iterations per Outer Iterations  :     18.5000
 FEV per IIT:      1.0270    FEV per OIT:     19.0000
 GEV per IIT:      1.0090    GEV per OIT:     18.6667
 HEV per IIT:      1.0000    HEV per OIT:     18.5000
 BFE per IIT:      2.0180    BFE per OIT:     37.3333
 BGE per IIT:      1.0000    BGE per OIT:     18.5000
 ====================================================

