
 ==============================================================================
 This is ALGENCAN 3.1.1.
 ALGENCAN, an Augmented Lagrangian method for nonlinear programming, is part of
 the TANGO Project: Trustable Algorithms for Nonlinear General Optimization.
 See http://www.ime.usp.br/~egbirgin/tango/ for details.
 ==============================================================================

 Processing array of parameters with   3 entrances:

 IGNORE-OBJECTIVE-FUNCTION                    
 ITERATIONS-OUTPUT-DETAIL                                                    11
 NEWTON-LINE-SEARCH-INNER-SOLVER                                    'MA57 MC64'

 The specification file is not being used.

 Available HSL subroutines = MA57           

 ALGENCAN PARAMETERS:

 firstde                =                    T
 seconde                =                    T
 truehpr                =                    T
 hptype in TN           =               TRUEHP
 lsslvr in TR           =            MA57/NONE
 lsslvr in NW           =            MA57/MC64
 lsslvr in ACCPROC      =            MA57/NONE
 innslvr                =                   NW
 accproc                =                    T
 rmfixv                 =                    T
 slacks                 =                    F
 scale                  =                    T
 epsfeas                =           1.0000D-09
 epsopt                 =           1.0000D-08
 efstain                =           3.1623D-05
 eostain                =           1.0000D-12
 efacc                  =           3.1623D-05
 eoacc                  =           1.0000D-04
 iprint                 =                   11
 ncomp                  =                    6

 Specification filename =                   ''
 Output filename        =          'lcmin.out'
 Solution filename      =                   ''

 Number of variables               :   23033
 Number of equality constraints    :   18034
 Number of inequality constraints  :       0
 Number of bound constraints       :    9015
 Number of fixed variables         :       0

 There are no fixed variables to be removed.

 Objective function scale factor   : 1.0D+00
 Smallest constraints scale factor : 1.0D-01

     Entry to GENCAN.
     Number of variables:   23033
     Required optimality tolerance: 1.0D-08

     It         function  gpsupn   xsupn stesupn   nfree   SPGit in-face    fcnt
      0   2.27826316D-11 3.0D-06 1.2D+01
      1   1.36665241D-11 2.3D-07 1.2D+01 1.8D-06   20749       0       1       3
      2   1.36625879D-11 2.3D-07 1.2D+01 1.8D-07   20748       0       2       5
      3   1.34563669D-11 4.9D-07 1.2D+01 6.4D-07   20740       0       3       6
      4   1.38500612D-13 1.9D-07 1.2D+01 5.3D-05   20614       0       4       7
      5   2.21242978D-15 1.9D-08 1.2D+01 1.9D-07   20614       0       5       8
      6   3.78922427D-17 8.7D-09 1.2D+01 9.8D-07   20613       0       6       9
      7   3.52373451D-25 1.0D-12 1.2D+01 8.7D-09   20613       0       7      10

     Flag of GENCAN: Solution was found.


 User-provided subroutines calls counters: 

 Subroutine fsub     (coded=F):        0
 Subroutine gsub     (coded=F):        0
 Subroutine hsub     (coded=F):        0
 Subroutine csub     (coded=F):        0 (       0 calls per constraint in avg)
 Subroutine jacsub   (coded=F):        0 (       0 calls per constraint in avg)
 Subroutine hcsub    (coded=F):        0 (       0 calls per constraint in avg)
 Subroutine fcsub    (coded=T):       10
 Subroutine gjacsub  (coded=T):       10
 Subroutine gjacpsub (coded=F):        0
 Subroutine hlsub    (coded=T):        7
 Subroutine hlpsub   (coded=F):        0


 Total CPU time in seconds =     0.18

 ==============================================================================

 Initial point computed successfully.

                                            achieved                  desired        
 Unscaled feasibility ..............:   7.9580786405131221D-13   1.0000000000000001D-09
 Smallest distance to lower bound ..:   1.0000000000000000D-02   1.0000000000000000D-03

 Starting LCMIN.
 Number of variables   :   23033
 Number of constraints :   18034

 Scale factor for the objective function   : 1.0D+00
 Smallest scale factor for the constraints : 1.0D+00

 ==========================================================
 outer barrier   objective       scaled      outer   inner
  ite   param     function     obj funct    opt err   ite 
     0 1.0D-01  2.990519D+02  2.990519D+02 1.018D+01     0 

    inner barrier   scaled     scaled     min     min    NW   SE     dx      alpha    alpha    inner   time (s)
     ite   param   obj func     feas      x-l     u-x   pert pert   norm      max             opt err 
        1 1.0D-01  2.321D+02  1.478D-12 3.5D-03 0.0D+00    0    0 1.99D+03 1.09D-01 1.09D-01 7.673D+00     0.08
        2 1.0D-01  2.135D+02  2.274D-12 2.8D-03 0.0D+00    0    0 1.66D+03 2.65D-01 2.65D-01 6.030D+00     0.04
        3 1.0D-01  2.451D+02  2.728D-12 7.6D-04 0.0D+00    0    0 1.68D+03 4.83D-01 4.83D-01 3.005D+00     0.04
        4 1.0D-01  3.829D+02  5.002D-12 9.3D-03 0.0D+00    0    0 2.12D+03 1.00D+00 1.00D+00 5.111D-01     0.04


     1 2.0D-02  3.829318D+02  3.829318D+02 5.736D-01     4C

    inner barrier   scaled     scaled     min     min    NW   SE     dx      alpha    alpha    inner   time (s)
     ite   param   obj func     feas      x-l     u-x   pert pert   norm      max             opt err 
        1 2.0D-02  1.050D+02  3.752D-12 1.6D-03 0.0D+00    0    0 2.07D+03 1.00D+00 1.00D+00 1.908D-01     0.04


     2 2.8D-03  1.049576D+02  1.049576D+02 1.908D-01     5C

    inner barrier   scaled     scaled     min     min    NW   SE     dx      alpha    alpha    inner   time (s)
     ite   param   obj func     feas      x-l     u-x   pert pert   norm      max             opt err 
        1 2.8D-03  2.944D+01  2.615D-12 2.7D-04 0.0D+00    0    0 1.37D+03 9.71D-01 9.71D-01 1.405D-01     0.05
        2 2.8D-03  2.244D+01  1.592D-12 2.7D-04 0.0D+00    0    0 2.33D+03 4.57D-01 4.57D-01 1.205D-01     0.05
        3 2.8D-03  1.338D+01  2.956D-12 2.7D-04 0.0D+00    2    0 3.97D+02 1.00D+00 1.00D+00 9.954D-02     0.09
        4 2.8D-03  1.210D+01  3.411D-12 2.7D-04 0.0D+00    1    0 3.89D+02 1.00D+00 1.00D+00 2.531D-03     0.07


     3 1.5D-04  1.209625D+01  1.209625D+01 2.930D-03     9C

    inner barrier   scaled     scaled     min     min    NW   SE     dx      alpha    alpha    inner   time (s)
     ite   param   obj func     feas      x-l     u-x   pert pert   norm      max             opt err 
        1 1.5D-04  2.062D+00  1.705D-12 1.1D-06 0.0D+00    0    0 4.53D+02 9.58D-01 9.58D-01 7.780D-03     0.05
        2 1.5D-04  8.477D-01  3.411D-12 1.4D-05 0.0D+00    0    0 2.01D+03 1.00D+00 1.00D+00 8.147D-03     0.06
        3 1.5D-04  6.709D-01  2.046D-12 1.5D-05 0.0D+00    0    0 9.96D+03 1.00D+00 1.00D+00 1.000D-02     0.05
        4 1.5D-04  6.436D-01  3.411D-12 1.5D-05 0.0D+00    0    0 2.02D+04 1.00D+00 1.00D+00 4.191D-03     0.05
        5 1.5D-04  6.430D-01  3.070D-12 1.5D-05 0.0D+00    0    0 6.17D+04 1.73D-01 1.73D-01 2.941D-03     0.05
        6 1.5D-04  6.413D-01  2.046D-12 1.5D-05 0.0D+00    0    0 1.06D+05 6.08D-01 6.08D-01 1.345D-03     0.05


     4 1.8D-06  6.412706D-01  6.412706D-01 1.345D-03    15C

    inner barrier   scaled     scaled     min     min    NW   SE     dx      alpha    alpha    inner   time (s)
     ite   param   obj func     feas      x-l     u-x   pert pert   norm      max             opt err 
        1 1.8D-06  7.665D-02  2.728D-12 5.6D-09 0.0D+00    0    0 3.52D+03 9.43D-01 9.43D-01 5.661D-05     0.05
        2 1.8D-06  1.443D-02  1.251D-12 1.8D-07 0.0D+00    1    0 1.29D+01 1.00D+00 1.00D+00 1.339D-05     0.07


     5 2.5D-09  1.442591D-02  1.442591D-02 1.339D-05    17C

    inner barrier   scaled     scaled     min     min    NW   SE     dx      alpha    alpha    inner   time (s)
     ite   param   obj func     feas      x-l     u-x   pert pert   norm      max             opt err 
        1 2.5D-09  1.170D-03  7.958D-13 2.4D-10 0.0D+00    1    0 4.53D+00 1.00D+00 1.00D+00 3.001D-06     0.07
        2 2.5D-09  1.631D-04  2.615D-12 2.4D-10 0.0D+00    1    0 1.22D+00 1.00D+00 1.00D+00 7.489D-07     0.07
        3 2.5D-09  2.922D-05  1.251D-12 2.4D-10 0.0D+00    1    0 3.13D-01 1.00D+00 1.00D+00 1.865D-07     0.05
        4 2.5D-09  1.293D-05  3.070D-12 2.4D-10 0.0D+00    1    0 7.76D-02 1.00D+00 1.00D+00 4.596D-08     0.05
        5 2.5D-09  1.093D-05  2.611D-12 2.4D-10 0.0D+00    1    0 2.55D-02 1.00D+00 1.00D+00 1.085D-08     0.05


     6 1.0D-09  1.092847D-05  1.092847D-05 1.335D-08    22C

    inner barrier   scaled     scaled     min     min    NW   SE     dx      alpha    alpha    inner   time (s)
     ite   param   obj func     feas      x-l     u-x   pert pert   norm      max             opt err 
        1 1.0D-09  4.287D-06  3.752D-12 9.6D-11 0.0D+00    1    0 1.52D-02 1.00D+00 1.00D+00 2.811D-09     0.05


     7 1.0D-09  4.286955D-06  4.286955D-06 3.811D-09    23C
 ==========================================================

 FINAL RESULTS:
                            scaled                   unscaled
  Objective Funct:   4.2869545894866917D-06    4.2869545894866917D-06
  Lagrangian Grad:   1.6661713337241574D-10    1.6661713337241574D-10
 Final Point Feas:   3.7516656448133290D-12    3.7516656448133290D-12
 Bounds violation:   0.0000000000000000D+00    0.0000000000000000D+00
 Lower Bound Comp:   3.8107827939289637D-09    3.8107827939289637D-09
 Upper Bound Comp:   0.0000000000000000D+00    0.0000000000000000D+00

 Flag of LCMIN:

     Optimal solution found.

 ====================================================
                      STATISTICS                     
 ====================================================
 GENERAL:                                            

           Preprocessing time (in seconds):      2.86
            Optimization time (in seconds):      1.35

                      Inner Iterations (IIT):      23
                      Outer Iterations (OIT):       7
                  Function Evaluations (FEV):      24
         Function Gradient Evaluations (GEV):      24
          Function Hessian Evaluations (HEV):      23
          Barrier Function Evaluations (BFE):      46
 Barrier Function Gradient Evaluations (BGE):      23
 ====================================================
 AVERAGE:                                            

 Inner Iterations per Outer Iterations  :      3.2857
 FEV per IIT:      1.0435    FEV per OIT:      3.4286
 GEV per IIT:      1.0435    GEV per OIT:      3.4286
 HEV per IIT:      1.0000    HEV per OIT:      3.2857
 BFE per IIT:      2.0000    BFE per OIT:      6.5714
 BGE per IIT:      1.0000    BGE per OIT:      3.2857
 ====================================================

