
 ==============================================================================
 This is ALGENCAN 3.1.1.
 ALGENCAN, an Augmented Lagrangian method for nonlinear programming, is part of
 the TANGO Project: Trustable Algorithms for Nonlinear General Optimization.
 See http://www.ime.usp.br/~egbirgin/tango/ for details.
 ==============================================================================

 Processing array of parameters with   3 entrances:

 IGNORE-OBJECTIVE-FUNCTION                    
 ITERATIONS-OUTPUT-DETAIL                                                    11
 NEWTON-LINE-SEARCH-INNER-SOLVER                                    'MA57 MC64'

 The specification file is not being used.

 Available HSL subroutines = MA57           

 ALGENCAN PARAMETERS:

 firstde                =                    T
 seconde                =                    T
 truehpr                =                    T
 hptype in TN           =               TRUEHP
 lsslvr in TR           =            MA57/NONE
 lsslvr in NW           =            MA57/MC64
 lsslvr in ACCPROC      =            MA57/NONE
 innslvr                =                   NW
 accproc                =                    T
 rmfixv                 =                    T
 slacks                 =                    F
 scale                  =                    T
 epsfeas                =           1.0000D-09
 epsopt                 =           1.0000D-08
 efstain                =           3.1623D-05
 eostain                =           1.0000D-12
 efacc                  =           3.1623D-05
 eoacc                  =           1.0000D-04
 iprint                 =                   11
 ncomp                  =                    6

 Specification filename =                   ''
 Output filename        =          'lcmin.out'
 Solution filename      =                   ''

 Number of variables               :   20200
 Number of equality constraints    :   10000
 Number of inequality constraints  :       0
 Number of bound constraints       :   20200
 Number of fixed variables         :       0

 There are no fixed variables to be removed.

 Objective function scale factor   : 1.0D+00
 Smallest constraints scale factor : 1.0D+00

 Since the scaling factor(s) is(are) equal to one, scaling was inhibited.

     Entry to GENCAN.
     Number of variables:   20200
     Required optimality tolerance: 1.0D-08

     It         function  gpsupn   xsupn stesupn   nfree   SPGit in-face    fcnt
      0   2.62613625D-09 2.8D-06 7.0D+01
      1   2.73999734D-11 1.9D-07 7.0D+01 1.2D-05   19921       0       1       3
      2   6.08296207D-21 3.3D-11 7.0D+01 7.1D-06   19921       0       2       4

     Flag of GENCAN: Solution was found.


 User-provided subroutines calls counters: 

 Subroutine fsub     (coded=F):        0
 Subroutine gsub     (coded=F):        0
 Subroutine hsub     (coded=F):        0
 Subroutine csub     (coded=F):        0 (       0 calls per constraint in avg)
 Subroutine jacsub   (coded=F):        0 (       0 calls per constraint in avg)
 Subroutine hcsub    (coded=F):        0 (       0 calls per constraint in avg)
 Subroutine fcsub    (coded=T):        4
 Subroutine gjacsub  (coded=T):        5
 Subroutine gjacpsub (coded=F):        0
 Subroutine hlsub    (coded=T):        2
 Subroutine hlpsub   (coded=F):        0


 Total CPU time in seconds =     0.03

 ==============================================================================

 Initial point computed successfully.

                                            achieved                  desired        
 Unscaled feasibility ..............:   1.9761969838327786D-11   1.0000000000000001D-09
 Smallest distance to lower bound ..:   1.0000000000000000D-02   1.0000000000000000D-03

 Starting LCMIN.
 Number of variables   :   20200
 Number of constraints :   10000

 Scale factor for the objective function   : 1.0D+00
 Smallest scale factor for the constraints : 1.0D+00

 ==========================================================
 outer barrier   objective       scaled      outer   inner
  ite   param     function     obj funct    opt err   ite 
     0 1.0D-01  6.379313D+06  6.379313D+06 6.995D+01     0 

    inner barrier   scaled     scaled     min     min    NW   SE     dx      alpha    alpha    inner   time (s)
     ite   param   obj func     feas      x-l     u-x   pert pert   norm      max             opt err 
        1 1.0D-01  6.376D+06  1.976D-11 1.0D-04 0.0D+00    0    0 1.65D+05 8.01D-04 8.01D-04 4.071D+02     0.04
        2 1.0D-01  6.369D+06  1.976D-11 2.2D-05 0.0D+00    0    0 5.12D+04 2.72D-02 2.72D-02 5.760D+02     0.03
        3 1.0D-01  6.342D+06  1.976D-11 1.8D-05 0.0D+00    0    0 5.06D+04 1.15D-01 1.15D-01 5.443D+02     0.02
        4 1.0D-01  6.238D+06  1.976D-11 2.2D-05 0.0D+00    0    0 4.58D+04 1.00D+00 1.00D+00 5.014D+02     0.02
        5 1.0D-01  6.237D+06  1.976D-11 4.8D-06 0.0D+00    0    0 3.39D+03 2.76D-01 2.76D-01 2.915D+02     0.02
        6 1.0D-01  6.237D+06  1.976D-11 3.3D-05 0.0D+00    0    0 2.77D+03 1.00D+00 1.00D+00 2.109D+02     0.02
        7 1.0D-01  6.237D+06  1.976D-11 2.6D-05 0.0D+00    0    0 1.92D+02 1.00D+00 1.00D+00 7.864D+01     0.02
        8 1.0D-01  6.237D+06  1.976D-11 3.6D-05 0.0D+00    0    0 2.14D+01 1.00D+00 1.00D+00 8.991D-02     0.02


     1 2.0D-02  6.237046D+06  6.237046D+06 1.899D-01     8C


     2 2.8D-03  6.237046D+06  6.237046D+06 1.899D-01     8C

    inner barrier   scaled     scaled     min     min    NW   SE     dx      alpha    alpha    inner   time (s)
     ite   param   obj func     feas      x-l     u-x   pert pert   norm      max             opt err 
        1 2.8D-03  6.237D+06  1.976D-11 1.0D-06 0.0D+00    0    0 1.96D+02 1.00D+00 1.00D+00 3.001D-02     0.02
        2 2.8D-03  6.237D+06  1.976D-11 1.0D-06 0.0D+00    0    0 2.04D+01 1.00D+00 1.00D+00 5.742D-03     0.02


     3 1.5D-04  6.237013D+06  6.237013D+06 8.570D-03    10C

    inner barrier   scaled     scaled     min     min    NW   SE     dx      alpha    alpha    inner   time (s)
     ite   param   obj func     feas      x-l     u-x   pert pert   norm      max             opt err 
        1 1.5D-04  6.237D+06  1.977D-11 5.5D-08 0.0D+00    0    0 1.41D+01 1.00D+00 1.00D+00 2.068D-03     0.02
        2 1.5D-04  6.237D+06  1.977D-11 5.5D-08 0.0D+00    0    0 4.44D+00 1.00D+00 1.00D+00 4.819D-04     0.02


     4 1.8D-06  6.237012D+06  6.237012D+06 6.324D-04    12C

    inner barrier   scaled     scaled     min     min    NW   SE     dx      alpha    alpha    inner   time (s)
     ite   param   obj func     feas      x-l     u-x   pert pert   norm      max             opt err 
        1 1.8D-06  6.237D+06  1.977D-11 6.8D-10 0.0D+00    0    0 2.80D+00 1.00D+00 1.00D+00 1.572D-04     0.02
        2 1.8D-06  6.237D+06  1.977D-11 6.8D-10 0.0D+00    0    0 1.26D+00 1.00D+00 1.00D+00 3.884D-05     0.02
        3 1.8D-06  6.237D+06  1.977D-11 6.8D-10 0.0D+00    0    0 6.14D-01 1.00D+00 1.00D+00 9.270D-06     0.02


     5 2.5D-09  6.237012D+06  6.237012D+06 1.112D-05    15C

    inner barrier   scaled     scaled     min     min    NW   SE     dx      alpha    alpha    inner   time (s)
     ite   param   obj func     feas      x-l     u-x   pert pert   norm      max             opt err 
        1 2.5D-09  6.237D+06  1.977D-11 9.2D-13 0.0D+00    0    0 3.39D-01 1.00D+00 1.00D+00 2.778D-06     0.02
        2 2.5D-09  6.237D+06  1.977D-11 9.2D-13 0.0D+00    0    0 1.68D-01 1.00D+00 1.00D+00 6.940D-07     0.02
        3 2.5D-09  6.237D+06  1.977D-11 9.2D-13 0.0D+00    0    0 8.39D-02 1.00D+00 1.00D+00 1.729D-07     0.02
        4 2.5D-09  6.237D+06  1.977D-11 9.2D-13 0.0D+00    0    0 4.16D-02 1.00D+00 1.00D+00 4.260D-08     0.02
        5 2.5D-09  6.237D+06  1.977D-11 9.2D-13 0.0D+00    0    0 2.02D-02 1.00D+00 1.00D+00 1.006D-08     0.02


     6 1.0D-09  6.237012D+06  6.237012D+06 1.256D-08    20C

    inner barrier   scaled     scaled     min     min    NW   SE     dx      alpha    alpha    inner   time (s)
     ite   param   obj func     feas      x-l     u-x   pert pert   norm      max             opt err 
        1 1.0D-09  6.237D+06  1.977D-11 3.7D-13 0.0D+00    0    0 1.04D-02 1.00D+00 1.00D+00 2.661D-09     0.02


     7 1.0D-09  6.237012D+06  6.237012D+06 3.661D-09    21C
 ==========================================================

 FINAL RESULTS:
                            scaled                   unscaled
  Objective Funct:   6.2370120255682999D+06    6.2370120255682999D+06
  Lagrangian Grad:   6.6851966369043313D-13    6.6851966369043313D-13
 Final Point Feas:   1.9769075265685387D-11    1.9769075265685387D-11
 Bounds violation:   0.0000000000000000D+00    0.0000000000000000D+00
 Lower Bound Comp:   3.6609462477554073D-09    3.6609462477554073D-09
 Upper Bound Comp:   0.0000000000000000D+00    0.0000000000000000D+00

 Flag of LCMIN:

     Optimal solution found.

 ====================================================
                      STATISTICS                     
 ====================================================
 GENERAL:                                            

           Preprocessing time (in seconds):      3.43
            Optimization time (in seconds):      0.54

                      Inner Iterations (IIT):      21
                      Outer Iterations (OIT):       7
                  Function Evaluations (FEV):      22
         Function Gradient Evaluations (GEV):      22
          Function Hessian Evaluations (HEV):      21
          Barrier Function Evaluations (BFE):      42
 Barrier Function Gradient Evaluations (BGE):      21
 ====================================================
 AVERAGE:                                            

 Inner Iterations per Outer Iterations  :      3.0000
 FEV per IIT:      1.0476    FEV per OIT:      3.1429
 GEV per IIT:      1.0476    GEV per OIT:      3.1429
 HEV per IIT:      1.0000    HEV per OIT:      3.0000
 BFE per IIT:      2.0000    BFE per OIT:      6.0000
 BGE per IIT:      1.0000    BGE per OIT:      3.0000
 ====================================================

