
 ==============================================================================
 This is ALGENCAN 3.1.1.
 ALGENCAN, an Augmented Lagrangian method for nonlinear programming, is part of
 the TANGO Project: Trustable Algorithms for Nonlinear General Optimization.
 See http://www.ime.usp.br/~egbirgin/tango/ for details.
 ==============================================================================

 Processing array of parameters with   3 entrances:

 IGNORE-OBJECTIVE-FUNCTION                    
 ITERATIONS-OUTPUT-DETAIL                                                    11
 TRUNCATED-NEWTON-LINE-SEARCH-INNER-SOLVER                                   ''

 The specification file is not being used.

 Available HSL subroutines = MA57           

 ALGENCAN PARAMETERS:

 firstde                =                    T
 seconde                =                    T
 truehpr                =                    T
 hptype in TN           =               TRUEHP
 lsslvr in TR           =            MA57/NONE
 lsslvr in NW           =            MA57/NONE
 lsslvr in ACCPROC      =            MA57/NONE
 innslvr                =                   TN
 accproc                =                    T
 rmfixv                 =                    T
 slacks                 =                    F
 scale                  =                    T
 epsfeas                =           3.1623D-05
 epsopt                 =           1.0000D-08
 efstain                =           5.6234D-03
 eostain                =           1.0000D-12
 efacc                  =           5.6234D-03
 eoacc                  =           1.0000D-04
 iprint                 =                   11
 ncomp                  =                    6

 Specification filename =                   ''
 Output filename        =          'lcmin.out'
 Solution filename      =                   ''

 Number of variables               :   27543
 Number of equality constraints    :    8000
 Number of inequality constraints  :       0
 Number of bound constraints       :   27543
 Number of fixed variables         :       0

 There are no fixed variables to be removed.

 Objective function scale factor   : 1.0D+00
 Smallest constraints scale factor : 1.0D+00

 Since the scaling factor(s) is(are) equal to one, scaling was inhibited.

     Entry to GENCAN.
     Number of variables:   27543
     Required optimality tolerance: 1.0D-08

     It         function  gpsupn   xsupn stesupn   nfree   SPGit in-face    fcnt
      0   4.12903600D+03 3.0D+00 1.0D+00
      1   3.05980516D+03 3.5D+00 1.0D+00 1.0D+00    5433       1       0       3
      2   2.45904313D+03 9.8D-01 1.0D+00 9.7D-01    5421       1       1       4
      3   2.25230764D+03 4.8D-01 1.1D+00 4.8D-01    7155       2       1       6
      4   2.09142936D+03 9.9D-01 1.8D+00 8.4D-01    6942       2       2       7
      5   2.04809584D+03 1.0D+00 2.0D+00 2.5D-01    6534       2       3       8
      6   1.86755752D+03 4.7D-01 2.0D+00 4.7D-01    7788       3       3      10
      7   1.82282548D+03 8.5D-01 2.0D+00 3.8D-01    7410       3       4      11
      8   1.76661204D+03 1.7D+00 2.3D+00 4.7D-01    7392       3       5      12
      9   1.68764589D+03 1.0D+00 3.0D+00 7.0D-01    7377       3       6      13

     It         function  gpsupn   xsupn stesupn   nfree   SPGit in-face    fcnt
     10   1.52978659D+03 4.8D-01 3.0D+00 4.7D-01    9093       4       6      16
     11   1.49464270D+03 9.2D-01 3.0D+00 3.1D-01    8475       4       7      17
     12   1.47915513D+03 6.3D-01 3.0D+00 2.6D-01    8382       4       8      18
     13   1.43709958D+03 1.4D+00 3.1D+00 4.3D-01    8331       4       9      19
     14   1.37254943D+03 1.0D+00 4.0D+00 8.8D-01    8328       4      10      20
     15   1.23519267D+03 4.7D-01 4.0D+00 4.7D-01   11016       5      10      23
     16   1.20430458D+03 9.5D-01 4.0D+00 3.2D-01   10086       5      11      24
     17   1.19047395D+03 6.2D-01 4.0D+00 2.7D-01    9726       5      12      25
     18   1.15690239D+03 1.4D+00 4.0D+00 4.2D-01    9582       5      13      26
     19   1.14636777D+03 1.0D+00 4.1D+00 4.2D-01    9480       5      14      27

     It         function  gpsupn   xsupn stesupn   nfree   SPGit in-face    fcnt
     20   1.11523714D+03 1.1D+00 4.7D+00 6.0D-01    9312       5      15      28
     21   1.09900567D+03 1.0D+00 5.0D+00 4.5D-01    9306       5      16      29
     22   9.81231975D+02 4.9D-01 5.0D+00 4.7D-01   12165       6      16      32
     23   9.51989228D+02 9.4D-01 5.0D+00 4.0D-01   10758       6      17      33
     24   9.37598926D+02 6.0D-01 5.0D+00 4.4D-01   10149       6      18      34
     25   9.29440789D+02 7.3D-01 5.0D+00 3.8D-01    9906       6      19      35
     26   9.14151896D+02 9.9D-01 5.0D+00 5.3D-01    9819       6      20      36
     27   9.03413213D+02 7.6D-01 5.1D+00 4.6D-01    9756       6      21      37
     28   8.73989234D+02 1.0D+00 5.7D+00 6.4D-01    9717       6      22      38
     29   8.64009320D+02 1.0D+00 6.0D+00 2.9D-01    9717       6      23      39

     It         function  gpsupn   xsupn stesupn   nfree   SPGit in-face    fcnt
     30   7.64328068D+02 4.6D-01 6.0D+00 4.6D-01   13605       7      23      42
     31   7.42139140D+02 8.9D-01 6.0D+00 3.1D-01   12198       7      24      43
     32   7.32125561D+02 5.8D-01 6.0D+00 2.5D-01   11799       7      25      44
     33   7.24981760D+02 5.9D-01 6.0D+00 2.1D-01   11658       7      26      45
     34   7.19831635D+02 6.1D-01 6.0D+00 1.2D-01   11448       7      27      46
     35   6.98958838D+02 8.5D-01 6.0D+00 3.5D-01   11208       7      28      47
     36   6.91582725D+02 7.8D-01 6.1D+00 1.7D-01   11136       7      29      48
     37   6.82120700D+02 1.4D+00 6.4D+00 3.1D-01   10989       7      30      49
     38   6.65517160D+02 1.0D+00 7.0D+00 6.3D-01   10983       7      31      50
     39   5.82234800D+02 4.6D-01 7.0D+00 4.6D-01   15135       8      31      55

     It         function  gpsupn   xsupn stesupn   nfree   SPGit in-face    fcnt
     40   5.63857525D+02 7.7D-01 7.0D+00 2.8D-01   13230       8      32      56
     41   5.55549237D+02 5.9D-01 7.0D+00 2.4D-01   12639       8      33      57
     42   5.49819841D+02 5.8D-01 7.0D+00 1.9D-01   12357       8      34      58
     43   5.45741359D+02 6.1D-01 7.0D+00 8.2D-02   12267       8      35      59
     44   5.42581863D+02 6.3D-01 7.0D+00 5.5D-02   12198       8      36      60
     45   5.40002020D+02 6.5D-01 7.0D+00 5.8D-02   12135       8      37      61
     46   5.25001249D+02 8.7D-01 7.0D+00 3.4D-01   11997       8      38      62
     47   5.23635386D+02 8.5D-01 7.0D+00 6.3D-02   11826       8      39      63
     48   5.20536537D+02 8.2D-01 7.1D+00 1.1D-01   11688       8      40      64
     49   5.18694200D+02 8.3D-01 7.1D+00 1.2D-01   11508       8      41      65

     It         function  gpsupn   xsupn stesupn   nfree   SPGit in-face    fcnt
     50   5.14960708D+02 8.7D-01 7.3D+00 1.7D-01   11412       8      42      66
     51   5.00002652D+02 1.0D+00 8.0D+00 7.5D-01   11394       8      43      67
     52   4.31874779D+02 4.5D-01 8.0D+00 4.5D-01   16803       9      43      72
     53   4.16825622D+02 8.1D-01 8.0D+00 2.9D-01   14808       9      44      73
     54   4.09959371D+02 5.5D-01 8.0D+00 2.3D-01   14292       9      45      74
     55   4.05183103D+02 5.8D-01 8.0D+00 1.8D-01   13956       9      46      75
     56   4.01805178D+02 6.1D-01 8.0D+00 8.4D-02   13734       9      47      76
     57   3.88085092D+02 8.3D-01 8.0D+00 3.3D-01   13389       9      48      77
     58   3.84310608D+02 7.9D-01 8.0D+00 1.5D-01   12969       9      49      78
     59   3.83401518D+02 7.9D-01 8.0D+00 8.2D-02   12876       9      50      79

     It         function  gpsupn   xsupn stesupn   nfree   SPGit in-face    fcnt
     60   3.58678123D+02 4.9D-01 8.0D+00 1.5D-01   19263      10      50      80
     61   3.34892127D+02 5.1D-01 8.0D+00 3.6D-01   16944      10      51      81
     62   3.28360606D+02 4.8D-01 8.0D+00 1.1D-01   15942      10      52      82
     63   3.25390392D+02 5.1D-01 8.0D+00 9.9D-02   15675      10      53      83
     64   3.23101542D+02 5.5D-01 8.0D+00 1.1D-01   15549      10      54      84
     65   3.21115554D+02 5.6D-01 8.0D+00 9.0D-02   15501      10      55      85
     66   3.02583860D+02 9.7D-01 8.1D+00 5.5D-01   15276      10      56      86
     67   2.97037283D+02 9.2D-01 8.1D+00 1.5D-01   15198      10      57      87
     68   2.87391865D+02 8.1D-01 8.3D+00 3.5D-01   15117      10      58      88
     69   2.84112524D+02 8.4D-01 8.3D+00 1.4D-01   15081      10      59      89

     It         function  gpsupn   xsupn stesupn   nfree   SPGit in-face    fcnt
     70   2.80069102D+02 9.3D-01 8.4D+00 1.6D-01   15057      10      60      90
     71   2.59804872D+02 1.0D+00 9.4D+00 1.2D+00   15006      10      61      91
     72   2.57208746D+02 1.0D+00 9.5D+00 1.3D-01   14994      10      62      92
     73   2.46979237D+02 8.6D-01 9.5D+00 8.4D-01   20643      11      62      93
     74   2.07387534D+02 1.0D+00 9.5D+00 4.6D-01   18972      11      63      94
     75   2.02023342D+02 6.4D-01 9.5D+00 2.0D-01   18729      11      64      95
     76   1.95443833D+02 6.3D-01 9.5D+00 2.2D-01   18462      11      65      96
     77   1.90830316D+02 8.2D-01 9.5D+00 1.9D-01   18396      11      66      97
     78   1.88822731D+02 7.8D-01 9.5D+00 7.7D-02   18342      11      67      98
     79   1.87478459D+02 8.4D-01 9.5D+00 7.8D-02   18318      11      68      99

     It         function  gpsupn   xsupn stesupn   nfree   SPGit in-face    fcnt
     80   1.81363899D+02 9.8D-01 9.6D+00 5.0D-01   18207      11      69     100
     81   1.77430851D+02 9.3D-01 9.8D+00 2.5D-01   18057      11      70     101
     82   1.75640573D+02 9.5D-01 9.9D+00 1.4D-01   18018      11      71     102
     83   1.73244952D+02 9.5D-01 1.0D+01 3.2D-01   17967      11      72     103
     84   1.45068558D+02 4.5D-01 1.0D+01 4.1D-01   21894      12      72     107
     85   1.39573335D+02 4.4D-01 1.0D+01 1.5D-01   20808      12      73     108
     86   1.36788953D+02 4.7D-01 1.0D+01 4.5D-02   20679      12      74     109
     87   1.34720691D+02 5.2D-01 1.0D+01 4.7D-02   20625      12      75     110
     88   1.24504634D+02 9.0D-01 1.0D+01 3.9D-01   20358      12      76     111
     89   1.22001390D+02 8.6D-01 1.0D+01 1.2D-01   20226      12      77     112

     It         function  gpsupn   xsupn stesupn   nfree   SPGit in-face    fcnt
     90   1.20876225D+02 8.4D-01 1.0D+01 6.8D-02   20145      12      78     113
     91   1.20018033D+02 8.6D-01 1.0D+01 7.0D-02   20079      12      79     114
     92   1.17593561D+02 8.7D-01 1.0D+01 1.6D-01   19911      12      80     115
     93   1.15247418D+02 9.3D-01 1.0D+01 1.1D-01   19803      12      81     116
     94   1.14684424D+02 9.2D-01 1.0D+01 2.9D-02   19764      12      82     117
     95   1.02797204D+02 5.8D-01 1.0D+01 1.6D-01   23223      13      82     118
     96   9.32574749D+01 4.9D-01 1.0D+01 3.3D-01   22062      13      83     119
     97   9.11366427D+01 4.9D-01 1.0D+01 4.5D-02   21919      13      84     120
     98   8.55215717D+01 6.7D-01 1.0D+01 3.2D-01   21609      13      85     121
     99   8.17671075D+01 8.0D-01 1.0D+01 1.6D-01   21535      13      86     122

     It         function  gpsupn   xsupn stesupn   nfree   SPGit in-face    fcnt
    100   6.25055659D+01 1.0D+00 1.1D+01 7.9D-01   21480      13      87     123
    101   4.68807205D+01 4.2D-01 1.1D+01 4.2D-01   24146      14      87     129
    102   4.34964086D+01 5.1D-01 1.1D+01 2.0D-01   22935      14      88     130
    103   4.19026086D+01 5.1D-01 1.1D+01 1.3D-01   22516      14      89     131
    104   4.08610618D+01 5.7D-01 1.1D+01 9.1D-02   22333      14      90     132
    105   4.00934190D+01 6.0D-01 1.1D+01 6.5D-02   22199      14      91     133
    106   3.73600994D+01 8.4D-01 1.1D+01 2.8D-01   22017      14      92     134
    107   3.51051811D+01 8.6D-01 1.1D+01 2.2D-01   21903      14      93     135
    108   3.41421799D+01 9.4D-01 1.1D+01 1.5D-01   21836      14      94     136
    109   3.37795673D+01 9.1D-01 1.1D+01 1.2D-01   21779      14      95     137

     It         function  gpsupn   xsupn stesupn   nfree   SPGit in-face    fcnt
    110   3.35323352D+01 9.5D-01 1.1D+01 1.2D-01   21710      14      96     138
    111   3.33976867D+01 9.4D-01 1.1D+01 9.3D-02   21666      14      97     139
    112   2.75883682D+01 6.0D-01 1.1D+01 5.6D-01   24402      15      97     140
    113   2.35688419D+01 5.1D-01 1.1D+01 2.3D-01   22965      15      98     141
    114   2.26096620D+01 5.1D-01 1.1D+01 4.6D-02   22867      15      99     142
    115   1.89512717D+01 8.9D-01 1.1D+01 4.4D-01   22662      15     100     143
    116   1.80743285D+01 9.0D-01 1.1D+01 8.7D-02   22559      15     101     144
    117   1.62713660D+01 8.7D-01 1.1D+01 2.6D-01   22454      15     102     145
    118   1.56877657D+01 9.4D-01 1.1D+01 1.4D-01   22430      15     103     146
    119   1.13975699D+01 3.4D-01 1.1D+01 3.4D-01   24611      16     103     148

     It         function  gpsupn   xsupn stesupn   nfree   SPGit in-face    fcnt
    120   1.06030751D+01 3.9D-01 1.1D+01 7.7D-02   23737      16     104     149
    121   9.17155686D+00 6.4D-01 1.1D+01 3.0D-01   23501      16     105     150
    122   7.57987059D+00 7.6D-01 1.1D+01 4.3D-01   23374      16     106     151
    123   5.61632835D+00 1.0D+00 1.1D+01 5.2D-01   23307      16     107     152
    124   3.61501601D+00 4.0D-01 1.1D+01 3.1D-01   25090      17     107     156
    125   3.24309377D+00 3.6D-01 1.1D+01 5.9D-02   24662      17     108     157
    126   3.04567768D+00 4.2D-01 1.1D+01 5.8D-02   24589      17     109     158
    127   2.90697486D+00 4.6D-01 1.1D+01 4.0D-02   24576      17     110     159
    128   2.80186716D+00 5.0D-01 1.1D+01 3.9D-02   24546      17     111     160
    129   2.71801113D+00 5.3D-01 1.1D+01 2.9D-02   24513      17     112     161

     It         function  gpsupn   xsupn stesupn   nfree   SPGit in-face    fcnt
    130   2.64843417D+00 5.6D-01 1.1D+01 3.1D-02   24482      17     113     162
    131   2.17882573D+00 8.9D-01 1.1D+01 4.1D-01   24413      17     114     163
    132   1.87463560D+00 7.5D-01 1.1D+01 2.1D-01   24398      17     115     164
    133   1.79144286D+00 8.1D-01 1.1D+01 5.7D-02   24375      17     116     165
    134   1.71578273D+00 4.1D-01 1.1D+01 4.1D-01   25533      18     116     166
    135   1.38927803D+00 1.8D-01 1.1D+01 1.0D-01   25074      18     117     167
    136   1.28555685D+00 1.7D-01 1.1D+01 6.9D-02   24974      18     118     168
    137   1.25328990D+00 4.9D-02 1.1D+01 4.5D-02   24939      18     119     169
    138   9.91396629D-01 1.4D-01 1.1D+01 1.6D-01   24693      18     120     170
    139   7.83562850D-01 4.9D-02 1.1D+01 1.3D-01   24631      18     121     171

     It         function  gpsupn   xsupn stesupn   nfree   SPGit in-face    fcnt
    140   6.45646440D-01 8.7D-02 1.1D+01 1.0D-01   24595      18     122     172
    141   4.36758239D-01 7.9D-02 1.1D+01 7.7D-02   24481      18     123     173
    142   2.25752893D-01 1.3D-01 1.1D+01 8.5D-02   24421      18     124     174
    143   6.64470344D-08 2.2D-05 1.1D+01 8.2D-02   24421      18     125     175
    144   2.21866938D-17 6.4D-10 1.1D+01 2.0D-05   24421      18     126     176

     Flag of GENCAN: Solution was found.


 User-provided subroutines calls counters: 

 Subroutine fsub     (coded=F):        0
 Subroutine gsub     (coded=F):        0
 Subroutine hsub     (coded=F):        0
 Subroutine csub     (coded=F):        0 (       0 calls per constraint in avg)
 Subroutine jacsub   (coded=F):        0 (       0 calls per constraint in avg)
 Subroutine hcsub    (coded=F):        0 (       0 calls per constraint in avg)
 Subroutine fcsub    (coded=T):      176
 Subroutine gjacsub  (coded=T):      147
 Subroutine gjacpsub (coded=F):        0
 Subroutine hlsub    (coded=T):      126
 Subroutine hlpsub   (coded=F):        0


 Total CPU time in seconds =     0.66

 ==============================================================================

 Initial point computed successfully.

                                            achieved                  desired        
 Unscaled feasibility ..............:   3.5663072495140113D-10   1.0000000000000001D-09
 Smallest distance to lower bound ..:   1.0000000000000000D-02   1.0000000000000000D-03

 Starting LCMIN.
 Number of variables   :   27543
 Number of constraints :    8000

 Scale factor for the objective function   : 1.0D+00
 Smallest scale factor for the constraints : 1.0D+00

 ==========================================================
 outer barrier   objective       scaled      outer   inner
  ite   param     function     obj funct    opt err   ite 
     0 1.0D-01  6.951891D+04  6.951891D+04 1.130D+01     0 

    inner barrier   scaled     scaled     min     min    NW   SE     dx      alpha    alpha    inner   time (s)
     ite   param   obj func     feas      x-l     u-x   pert pert   norm      max             opt err 
        1 1.0D-01  6.894D+04  3.566D-10 1.0D-04 0.0D+00    0    0 1.05D+04 3.04D-02 3.04D-02 3.650D+01     0.44
        2 1.0D-01  6.591D+04  3.566D-10 5.3D-04 0.0D+00    0    0 1.12D+04 2.22D-01 2.22D-01 4.177D+01     1.01
        3 1.0D-01  5.942D+04  3.566D-10 3.4D-05 0.0D+00    0    0 1.23D+04 5.60D-01 5.60D-01 3.229D+01     1.08
        4 1.0D-01  5.468D+04  3.566D-10 6.9D-04 0.0D+00    0    0 1.08D+04 1.00D+00 1.00D+00 1.949D+01     1.08
        5 1.0D-01  5.443D+04  3.566D-10 2.2D-04 0.0D+00    0    0 3.49D+03 9.46D-01 9.46D-01 3.690D-01     0.75


     1 2.0D-02  5.443204D+04  5.443204D+04 4.690D-01     5C

    inner barrier   scaled     scaled     min     min    NW   SE     dx      alpha    alpha    inner   time (s)
     ite   param   obj func     feas      x-l     u-x   pert pert   norm      max             opt err 
        1 2.0D-02  5.429D+04  3.566D-10 3.4D-04 0.0D+00    0    0 6.90D+02 1.00D+00 1.00D+00 8.953D-02     0.83


     2 2.8D-03  5.429001D+04  5.429001D+04 8.953D-02     6C

    inner barrier   scaled     scaled     min     min    NW   SE     dx      alpha    alpha    inner   time (s)
     ite   param   obj func     feas      x-l     u-x   pert pert   norm      max             opt err 
        1 2.8D-03  5.424D+04  3.566D-10 5.7D-05 0.0D+00    0    0 4.10D+02 1.00D+00 1.00D+00 3.987D-02     1.02
        2 2.8D-03  5.424D+04  3.566D-10 5.9D-05 0.0D+00    0    0 9.52D+01 1.00D+00 1.00D+00 1.528D-03     0.82


     3 1.5D-04  5.423713D+04  5.423713D+04 4.356D-03     8C

    inner barrier   scaled     scaled     min     min    NW   SE     dx      alpha    alpha    inner   time (s)
     ite   param   obj func     feas      x-l     u-x   pert pert   norm      max             opt err 
        1 1.5D-04  5.423D+04  3.566D-10 3.1D-06 0.0D+00    0    0 1.07D+02 1.00D+00 1.00D+00 1.018D-03     0.84


     4 1.8D-06  5.423046D+04  5.423046D+04 1.169D-03     9C

    inner barrier   scaled     scaled     min     min    NW   SE     dx      alpha    alpha    inner   time (s)
     ite   param   obj func     feas      x-l     u-x   pert pert   norm      max             opt err 
        1 1.8D-06  5.423D+04  3.566D-10 3.8D-08 0.0D+00    0    0 4.24D+01 1.00D+00 1.00D+00 2.914D-04     0.92
        2 1.8D-06  5.423D+04  3.566D-10 3.8D-08 0.0D+00    0    0 2.01D+01 1.00D+00 1.00D+00 7.239D-05     0.86
        3 1.8D-06  5.423D+04  3.566D-10 3.8D-08 0.0D+00    0    0 9.94D+00 1.00D+00 1.00D+00 1.765D-05     1.02


     5 2.5D-09  5.422902D+04  5.422902D+04 1.949D-05    12C

    inner barrier   scaled     scaled     min     min    NW   SE     dx      alpha    alpha    inner   time (s)
     ite   param   obj func     feas      x-l     u-x   pert pert   norm      max             opt err 
        1 2.5D-09  5.423D+04  3.566D-10 5.2D-11 0.0D+00    0    0 5.25D+00 1.00D+00 1.00D+00 6.707D-06     0.90
        2 2.5D-09  5.423D+04  3.566D-10 5.2D-11 0.0D+00    0    0 2.61D+00 1.00D+00 1.00D+00 1.221D-06     0.85
        3 2.5D-09  5.423D+04  3.566D-10 5.2D-11 0.0D+00    0    0 1.31D+00 1.00D+00 1.00D+00 3.046D-07     1.02
        4 2.5D-09  5.423D+04  3.566D-10 5.2D-11 0.0D+00    0    0 6.51D-01 1.00D+00 1.00D+00 7.554D-08     1.00
        5 2.5D-09  5.423D+04  3.566D-10 5.2D-11 0.0D+00    0    0 3.20D-01 1.00D+00 1.00D+00 1.828D-08     0.99


     6 1.0D-09  5.422900D+04  5.422900D+04 2.078D-08    17C

    inner barrier   scaled     scaled     min     min    NW   SE     dx      alpha    alpha    inner   time (s)
     ite   param   obj func     feas      x-l     u-x   pert pert   norm      max             opt err 
        1 1.0D-09  5.423D+04  3.566D-10 2.1D-11 0.0D+00    0    0 1.63D-01 1.00D+00 1.00D+00 4.708D-09     1.12


     7 1.0D-09  5.422900D+04  5.422900D+04 5.708D-09    18C
 ==========================================================

 FINAL RESULTS:
                            scaled                   unscaled
  Objective Funct:   5.4228996395015551D+04    5.4228996395015551D+04
  Lagrangian Grad:   1.4210854715202004D-14    1.4210854715202004D-14
 Final Point Feas:   3.5663028086219128D-10    3.5663028086219128D-10
 Bounds violation:   0.0000000000000000D+00    0.0000000000000000D+00
 Lower Bound Comp:   5.7080679668991393D-09    5.7080679668991393D-09
 Upper Bound Comp:   0.0000000000000000D+00    0.0000000000000000D+00

 Flag of LCMIN:

     Optimal solution found.

 ====================================================
                      STATISTICS                     
 ====================================================
 GENERAL:                                            

           Preprocessing time (in seconds):      0.72
            Optimization time (in seconds):     22.37

                      Inner Iterations (IIT):      18
                      Outer Iterations (OIT):       7
                  Function Evaluations (FEV):      19
         Function Gradient Evaluations (GEV):      19
          Function Hessian Evaluations (HEV):      18
          Barrier Function Evaluations (BFE):      36
 Barrier Function Gradient Evaluations (BGE):      18
 ====================================================
 AVERAGE:                                            

 Inner Iterations per Outer Iterations  :      2.5714
 FEV per IIT:      1.0556    FEV per OIT:      2.7143
 GEV per IIT:      1.0556    GEV per OIT:      2.7143
 HEV per IIT:      1.0000    HEV per OIT:      2.5714
 BFE per IIT:      2.0000    BFE per OIT:      5.1429
 BGE per IIT:      1.0000    BGE per OIT:      2.5714
 ====================================================

