
 ==============================================================================
 This is ALGENCAN 3.1.1.
 ALGENCAN, an Augmented Lagrangian method for nonlinear programming, is part of
 the TANGO Project: Trustable Algorithms for Nonlinear General Optimization.
 See http://www.ime.usp.br/~egbirgin/tango/ for details.
 ==============================================================================

 Processing array of parameters with   3 entrances:

 IGNORE-OBJECTIVE-FUNCTION                    
 ITERATIONS-OUTPUT-DETAIL                                                    11
 NEWTON-LINE-SEARCH-INNER-SOLVER                                    'MA57 MC64'

 The specification file is not being used.

 Available HSL subroutines = MA57           

 ALGENCAN PARAMETERS:

 firstde                =                    T
 seconde                =                    T
 truehpr                =                    T
 hptype in TN           =               TRUEHP
 lsslvr in TR           =            MA57/NONE
 lsslvr in NW           =            MA57/MC64
 lsslvr in ACCPROC      =            MA57/NONE
 innslvr                =                   NW
 accproc                =                    T
 rmfixv                 =                    T
 slacks                 =                    F
 scale                  =                    T
 epsfeas                =           1.0000D-09
 epsopt                 =           1.0000D-08
 efstain                =           3.1623D-05
 eostain                =           1.0000D-12
 efacc                  =           3.1623D-05
 eoacc                  =           1.0000D-04
 iprint                 =                   11
 ncomp                  =                    6

 Specification filename =                   ''
 Output filename        =          'lcmin.out'
 Solution filename      =                   ''

 Number of variables               :   27543
 Number of equality constraints    :    8000
 Number of inequality constraints  :       0
 Number of bound constraints       :       0
 Number of fixed variables         :       0

 There are no fixed variables to be removed.

 Objective function scale factor   : 1.0D+00
 Smallest constraints scale factor : 1.0D+00

 Since the scaling factor(s) is(are) equal to one, scaling was inhibited.

     Entry to GENCAN.
     Number of variables:   27543
     Required optimality tolerance: 1.0D-08

     It         function  gpsupn   xsupn stesupn   nfree   SPGit in-face    fcnt
      0   4.68258738D-15 7.2D-09 4.7D+00
      1   4.33851992D-17 5.3D-10 4.7D+00 2.8D-09   27543       0       1       3

     Flag of GENCAN: Solution was found.


 User-provided subroutines calls counters: 

 Subroutine fsub     (coded=F):        0
 Subroutine gsub     (coded=F):        0
 Subroutine hsub     (coded=F):        0
 Subroutine csub     (coded=F):        0 (       0 calls per constraint in avg)
 Subroutine jacsub   (coded=F):        0 (       0 calls per constraint in avg)
 Subroutine hcsub    (coded=F):        0 (       0 calls per constraint in avg)
 Subroutine fcsub    (coded=T):        3
 Subroutine gjacsub  (coded=T):        4
 Subroutine gjacpsub (coded=F):        0
 Subroutine hlsub    (coded=T):        1
 Subroutine hlpsub   (coded=F):        0


 Total CPU time in seconds =     0.01

 ==============================================================================

 Initial point computed successfully.

                                            achieved                  desired        
 Unscaled feasibility ..............:   4.0590908412241333D-10   1.0000000000000001D-09

 Starting LCMIN.
 Number of variables   :   27543
 Number of constraints :    8000

 Scale factor for the objective function   : 1.0D+00
 Smallest scale factor for the constraints : 1.0D+00

 ==========================================================
 outer barrier   objective       scaled      outer   inner
  ite   param     function     obj funct    opt err   ite 
     0 1.0D-09  3.856599D+04  3.856599D+04 1.152D+00     0 

    inner barrier   scaled     scaled     min     min    NW   SE     dx      alpha    alpha    inner   time (s)
     ite   param   obj func     feas      x-l     u-x   pert pert   norm      max             opt err 
        1 1.0D-09  2.765D+04  4.059D-10 0.0D+00 0.0D+00    0    0 2.37D+04 1.00D+00 1.00D+00 4.885D-15     0.37


     1 1.0D-09  2.765407D+04  2.765407D+04 4.885D-15     1C
 ==========================================================

 FINAL RESULTS:
                            scaled                   unscaled
  Objective Funct:   2.7654071087261120D+04    2.7654071087261120D+04
  Lagrangian Grad:   4.8849813083506888D-15    4.8849813083506888D-15
 Final Point Feas:   4.0590908412241333D-10    4.0590908412241333D-10
 Bounds violation:   0.0000000000000000D+00    0.0000000000000000D+00
 Lower Bound Comp:   0.0000000000000000D+00    0.0000000000000000D+00
 Upper Bound Comp:   0.0000000000000000D+00    0.0000000000000000D+00

 Flag of LCMIN:

     Optimal solution found.

 ====================================================
                      STATISTICS                     
 ====================================================
 GENERAL:                                            

           Preprocessing time (in seconds):      0.11
            Optimization time (in seconds):      1.99

                      Inner Iterations (IIT):       1
                      Outer Iterations (OIT):       1
                  Function Evaluations (FEV):       2
         Function Gradient Evaluations (GEV):       2
          Function Hessian Evaluations (HEV):       1
          Barrier Function Evaluations (BFE):       2
 Barrier Function Gradient Evaluations (BGE):       1
 ====================================================
 AVERAGE:                                            

 Inner Iterations per Outer Iterations  :      1.0000
 FEV per IIT:      2.0000    FEV per OIT:      2.0000
 GEV per IIT:      2.0000    GEV per OIT:      2.0000
 HEV per IIT:      1.0000    HEV per OIT:      1.0000
 BFE per IIT:      2.0000    BFE per OIT:      2.0000
 BGE per IIT:      1.0000    BGE per OIT:      1.0000
 ====================================================

