
 ==============================================================================
 This is ALGENCAN 3.1.1.
 ALGENCAN, an Augmented Lagrangian method for nonlinear programming, is part of
 the TANGO Project: Trustable Algorithms for Nonlinear General Optimization.
 See http://www.ime.usp.br/~egbirgin/tango/ for details.
 ==============================================================================

 Processing array of parameters with   3 entrances:

 IGNORE-OBJECTIVE-FUNCTION                    
 ITERATIONS-OUTPUT-DETAIL                                                    11
 NEWTON-LINE-SEARCH-INNER-SOLVER                                    'MA57 MC64'

 The specification file is not being used.

 Available HSL subroutines = MA57           

 ALGENCAN PARAMETERS:

 firstde                =                    T
 seconde                =                    T
 truehpr                =                    T
 hptype in TN           =               TRUEHP
 lsslvr in TR           =            MA57/NONE
 lsslvr in NW           =            MA57/MC64
 lsslvr in ACCPROC      =            MA57/NONE
 innslvr                =                   NW
 accproc                =                    T
 rmfixv                 =                    T
 slacks                 =                    F
 scale                  =                    T
 epsfeas                =           1.0000D-09
 epsopt                 =           1.0000D-08
 efstain                =           3.1623D-05
 eostain                =           1.0000D-12
 efacc                  =           3.1623D-05
 eoacc                  =           1.0000D-04
 iprint                 =                   11
 ncomp                  =                    6

 Specification filename =                   ''
 Output filename        =          'lcmin.out'
 Solution filename      =                   ''

 Number of variables               :      49
 Number of equality constraints    :      15
 Number of inequality constraints  :       0
 Number of bound constraints       :      98
 Number of fixed variables         :       0

 There are no fixed variables to be removed.

 Objective function scale factor   : 1.0D+00
 Smallest constraints scale factor : 1.5D-03

     Entry to GENCAN.
     Number of variables:      49
     Required optimality tolerance: 1.0D-08

     It         function  gpsupn   xsupn stesupn   nfree   SPGit in-face    fcnt
      0   2.49246727D-16 1.6D-08 2.9D+04
      1   2.46319266D-16 1.6D-08 2.9D+04 1.2D-09      29       0       1       3
      2   1.93003428D-16 9.7D-09 2.9D+04 1.2D-08      32       1       1       4
      3   1.19984216D-18 1.5D-09 2.9D+04 1.1D-05      32       1       2       5
      4   6.52797555D-22 3.6D-11 2.9D+04 2.6D-07      32       1       3       6
      5   1.39582095D-25 6.8D-13 2.9D+04 6.1D-09      32       1       4       7

     Flag of GENCAN: Solution was found.


 User-provided subroutines calls counters: 

 Subroutine fsub     (coded=F):        0
 Subroutine gsub     (coded=F):        0
 Subroutine hsub     (coded=F):        0
 Subroutine csub     (coded=F):        0 (       0 calls per constraint in avg)
 Subroutine jacsub   (coded=F):        0 (       0 calls per constraint in avg)
 Subroutine hcsub    (coded=F):        0 (       0 calls per constraint in avg)
 Subroutine fcsub    (coded=T):        7
 Subroutine gjacsub  (coded=T):        8
 Subroutine gjacpsub (coded=F):        0
 Subroutine hlsub    (coded=T):        4
 Subroutine hlpsub   (coded=F):        0


 Total CPU time in seconds =     0.00

 ==============================================================================

 Initial point computed successfully.

                                            achieved                  desired        
 Unscaled feasibility ..............:   3.0127011996228248D-12   1.0000000000000001D-09
 Smallest distance to lower bound ..:   6.0000000000000053D-03   8.8772737932317936D-05
 Smallest distance to upper bound ..:   9.9999999999999645D-02   8.8772737932317936D-05

 Starting LCMIN.
 Number of variables   :      49
 Number of constraints :      15

 Scale factor for the objective function   : 7.9D-06
 Smallest scale factor for the constraints : 1.5D-01

 ==========================================================
 outer barrier   objective       scaled      outer   inner
  ite   param     function     obj funct    opt err   ite 
     0 1.0D-01  9.801270D+07  7.773016D+02 2.364D+04     0 

    inner barrier   scaled     scaled     min     min    NW   SE     dx      alpha    alpha    inner   time (s)
     ite   param   obj func     feas      x-l     u-x   pert pert   norm      max             opt err 
        1 1.0D-01  7.664D+02  3.020D-12 7.5D-03 1.3D-01    0    0 5.27D+02 3.72D-01 3.72D-01 5.862D+03     0.00
        2 1.0D-01  7.518D+02  3.013D-12 2.9D-04 1.1D-01    0    0 5.11D+02 6.79D-01 6.79D-01 3.183D+02     0.00
        3 1.0D-01  7.523D+02  3.013D-12 5.2D-04 9.9D-02    0    0 3.32D+02 1.00D+00 1.00D+00 1.566D+02     0.00
        4 1.0D-01  7.521D+02  3.006D-12 5.0D-04 9.9D-02    0    0 8.33D+02 1.00D+00 1.00D+00 2.673D+01     0.00
        5 1.0D-01  7.520D+02  3.006D-12 5.0D-04 1.0D-01    2    0 4.58D+00 1.00D+00 1.00D+00 1.683D-01     0.00


     1 2.0D-02  9.482624D+07  7.520310D+02 2.683D-01     5C

    inner barrier   scaled     scaled     min     min    NW   SE     dx      alpha    alpha    inner   time (s)
     ite   param   obj func     feas      x-l     u-x   pert pert   norm      max             opt err 
        1 2.0D-02  7.512D+02  3.006D-12 1.0D-04 1.0D-01    0    0 5.19D+02 1.00D+00 1.00D+00 1.616D-01     0.00


     2 2.8D-03  9.471571D+07  7.511544D+02 1.616D-01     6C

    inner barrier   scaled     scaled     min     min    NW   SE     dx      alpha    alpha    inner   time (s)
     ite   param   obj func     feas      x-l     u-x   pert pert   norm      max             opt err 
        1 2.8D-03  7.510D+02  2.998D-12 2.2D-05 1.0D-01    1    0 7.08D+00 1.00D+00 1.00D+00 1.127D-02     0.00


     3 1.5D-04  9.469309D+07  7.509750D+02 1.127D-02     7C

    inner barrier   scaled     scaled     min     min    NW   SE     dx      alpha    alpha    inner   time (s)
     ite   param   obj func     feas      x-l     u-x   pert pert   norm      max             opt err 
        1 1.5D-04  7.509D+02  2.991D-12 6.8D-06 1.1D-01    3    0 9.51D-01 1.00D+00 1.00D+00 2.218D-02     0.00
        2 1.5D-04  7.509D+02  2.998D-12 9.8D-07 1.2D-01    2    0 3.44D-01 1.00D+00 1.00D+00 2.074D-02     0.00
        3 1.5D-04  7.509D+02  2.991D-12 7.0D-07 1.2D-01    2    0 5.47D-02 1.00D+00 1.00D+00 8.169D-03     0.00
        4 1.5D-04  7.509D+02  2.991D-12 7.5D-07 1.3D-01    1    0 1.69D-01 1.00D+00 1.00D+00 8.084D-03     0.00
        5 1.5D-04  7.509D+02  2.998D-12 7.5D-07 1.3D-01    2    0 5.14D-02 1.00D+00 1.00D+00 8.052D-03     0.00
        6 1.5D-04  7.509D+02  2.998D-12 7.5D-07 1.3D-01    2    0 1.90D-02 1.00D+00 1.00D+00 8.041D-03     0.00
        7 1.5D-04  7.509D+02  2.998D-12 7.5D-07 1.3D-01    1    0 5.71D-02 1.00D+00 1.00D+00 8.005D-03     0.00
        8 1.5D-04  7.509D+02  2.991D-12 7.5D-07 1.3D-01    2    0 2.11D-02 1.00D+00 1.00D+00 7.992D-03     0.00
        9 1.5D-04  7.509D+02  2.991D-12 7.5D-07 1.3D-01    1    0 6.34D-02 1.00D+00 1.00D+00 7.953D-03     0.00
       10 1.5D-04  7.509D+02  2.991D-12 7.5D-07 1.3D-01    2    0 2.34D-02 1.00D+00 1.00D+00 7.938D-03     0.00

    inner barrier   scaled     scaled     min     min    NW   SE     dx      alpha    alpha    inner   time (s)
     ite   param   obj func     feas      x-l     u-x   pert pert   norm      max             opt err 
       11 1.5D-04  7.509D+02  2.991D-12 7.5D-07 1.3D-01    1    0 7.03D-02 1.00D+00 1.00D+00 7.895D-03     0.00
       12 1.5D-04  7.509D+02  2.984D-12 7.5D-07 1.3D-01    2    0 2.60D-02 1.00D+00 1.00D+00 7.878D-03     0.00
       13 1.5D-04  7.509D+02  2.984D-12 7.5D-07 1.3D-01    1    0 7.80D-02 1.00D+00 1.00D+00 7.830D-03     0.00
       14 1.5D-04  7.509D+02  2.984D-12 7.5D-07 1.2D-01    2    0 2.89D-02 1.00D+00 1.00D+00 7.812D-03     0.00
       15 1.5D-04  7.509D+02  2.984D-12 7.5D-07 1.2D-01    1    0 8.65D-02 1.00D+00 1.00D+00 7.757D-03     0.00
       16 1.5D-04  7.509D+02  2.984D-12 7.5D-07 1.2D-01    2    0 3.21D-02 1.00D+00 1.00D+00 7.737D-03     0.00
       17 1.5D-04  7.509D+02  2.984D-12 7.5D-07 1.2D-01    1    0 9.59D-02 1.00D+00 1.00D+00 7.677D-03     0.00
       18 1.5D-04  7.509D+02  2.984D-12 7.5D-07 1.2D-01    2    0 3.56D-02 1.00D+00 1.00D+00 7.655D-03     0.00
       19 1.5D-04  7.509D+02  2.984D-12 7.5D-07 1.2D-01    1    0 1.06D-01 1.00D+00 1.00D+00 7.588D-03     0.00
       20 1.5D-04  7.509D+02  2.984D-12 7.5D-07 1.2D-01    2    0 3.95D-02 1.00D+00 1.00D+00 7.563D-03     0.00

    inner barrier   scaled     scaled     min     min    NW   SE     dx      alpha    alpha    inner   time (s)
     ite   param   obj func     feas      x-l     u-x   pert pert   norm      max             opt err 
       21 1.5D-04  7.509D+02  2.984D-12 7.5D-07 1.2D-01    1    0 1.17D-01 1.00D+00 1.00D+00 7.488D-03     0.00
       22 1.5D-04  7.509D+02  2.984D-12 7.5D-07 1.2D-01    2    0 4.39D-02 1.00D+00 1.00D+00 7.460D-03     0.00
       23 1.5D-04  7.509D+02  2.991D-12 7.5D-07 1.2D-01    1    0 1.30D-01 1.00D+00 1.00D+00 7.378D-03     0.00
       24 1.5D-04  7.509D+02  2.991D-12 7.5D-07 1.2D-01    2    0 4.88D-02 1.00D+00 1.00D+00 7.347D-03     0.00
       25 1.5D-04  7.509D+02  2.984D-12 7.5D-07 1.2D-01    2    0 1.83D-02 1.00D+00 1.00D+00 7.335D-03     0.00
       26 1.5D-04  7.509D+02  2.984D-12 7.5D-07 1.2D-01    1    0 5.47D-02 1.00D+00 1.00D+00 7.301D-03     0.00
       27 1.5D-04  7.509D+02  2.984D-12 7.5D-07 1.2D-01    2    0 2.05D-02 1.00D+00 1.00D+00 7.288D-03     0.00
       28 1.5D-04  7.509D+02  2.984D-12 7.5D-07 1.2D-01    1    0 6.13D-02 1.00D+00 1.00D+00 7.249D-03     0.00
       29 1.5D-04  7.509D+02  2.984D-12 7.5D-07 1.2D-01    2    0 2.30D-02 1.00D+00 1.00D+00 7.234D-03     0.00
       30 1.5D-04  7.509D+02  2.984D-12 7.5D-07 1.2D-01    1    0 6.86D-02 1.00D+00 1.00D+00 7.191D-03     0.00

    inner barrier   scaled     scaled     min     min    NW   SE     dx      alpha    alpha    inner   time (s)
     ite   param   obj func     feas      x-l     u-x   pert pert   norm      max             opt err 
       31 1.5D-04  7.509D+02  2.984D-12 7.5D-07 1.2D-01    2    0 2.57D-02 1.00D+00 1.00D+00 7.175D-03     0.00
       32 1.5D-04  7.509D+02  2.984D-12 7.5D-07 1.2D-01    1    0 7.68D-02 1.00D+00 1.00D+00 7.126D-03     0.00
       33 1.5D-04  7.509D+02  2.984D-12 7.5D-07 1.2D-01    2    0 2.88D-02 1.00D+00 1.00D+00 7.108D-03     0.00
       34 1.5D-04  7.509D+02  2.984D-12 7.5D-07 1.2D-01    1    0 8.59D-02 1.00D+00 1.00D+00 7.054D-03     0.00
       35 1.5D-04  7.509D+02  2.984D-12 7.5D-07 1.2D-01    2    0 3.22D-02 1.00D+00 1.00D+00 7.033D-03     0.00
       36 1.5D-04  7.509D+02  2.984D-12 7.5D-07 1.2D-01    1    0 9.59D-02 1.00D+00 1.00D+00 6.973D-03     0.00
       37 1.5D-04  7.509D+02  2.984D-12 7.5D-07 1.2D-01    2    0 3.59D-02 1.00D+00 1.00D+00 6.950D-03     0.00
       38 1.5D-04  7.509D+02  2.991D-12 7.5D-07 1.2D-01    1    0 1.07D-01 1.00D+00 1.00D+00 6.882D-03     0.00
       39 1.5D-04  7.509D+02  2.991D-12 7.5D-07 1.2D-01    2    0 4.01D-02 1.00D+00 1.00D+00 6.856D-03     0.00
       40 1.5D-04  7.509D+02  2.984D-12 7.5D-07 1.2D-01    1    0 1.20D-01 1.00D+00 1.00D+00 6.780D-03     0.00

    inner barrier   scaled     scaled     min     min    NW   SE     dx      alpha    alpha    inner   time (s)
     ite   param   obj func     feas      x-l     u-x   pert pert   norm      max             opt err 
       41 1.5D-04  7.509D+02  2.984D-12 7.5D-07 1.2D-01    2    0 4.47D-02 1.00D+00 1.00D+00 6.751D-03     0.00
       42 1.5D-04  7.509D+02  2.984D-12 7.5D-07 1.2D-01    1    0 1.34D-01 1.00D+00 1.00D+00 6.665D-03     0.00
       43 1.5D-04  7.509D+02  2.984D-12 7.5D-07 1.2D-01    2    0 4.98D-02 1.00D+00 1.00D+00 6.632D-03     0.00
       44 1.5D-04  7.509D+02  2.984D-12 7.5D-07 1.2D-01    2    0 1.87D-02 1.00D+00 1.00D+00 6.620D-03     0.00
       45 1.5D-04  7.509D+02  2.984D-12 7.5D-07 1.2D-01    1    0 5.58D-02 1.00D+00 1.00D+00 6.584D-03     0.00
       46 1.5D-04  7.509D+02  2.984D-12 7.5D-07 1.2D-01    2    0 2.09D-02 1.00D+00 1.00D+00 6.570D-03     0.00
       47 1.5D-04  7.509D+02  2.984D-12 7.5D-07 1.2D-01    1    0 6.25D-02 1.00D+00 1.00D+00 6.529D-03     0.00
       48 1.5D-04  7.509D+02  2.984D-12 7.5D-07 1.2D-01    2    0 2.34D-02 1.00D+00 1.00D+00 6.513D-03     0.00
       49 1.5D-04  7.509D+02  2.984D-12 7.5D-07 1.2D-01    1    0 6.99D-02 1.00D+00 1.00D+00 6.467D-03     0.00
       50 1.5D-04  7.509D+02  2.991D-12 7.5D-07 1.2D-01    2    0 2.62D-02 1.00D+00 1.00D+00 6.449D-03     0.00

    inner barrier   scaled     scaled     min     min    NW   SE     dx      alpha    alpha    inner   time (s)
     ite   param   obj func     feas      x-l     u-x   pert pert   norm      max             opt err 
       51 1.5D-04  7.509D+02  2.991D-12 7.5D-07 1.2D-01    1    0 7.81D-02 1.00D+00 1.00D+00 6.396D-03     0.00
       52 1.5D-04  7.509D+02  2.984D-12 7.5D-07 1.2D-01    2    0 2.93D-02 1.00D+00 1.00D+00 6.376D-03     0.00
       53 1.5D-04  7.509D+02  2.984D-12 7.5D-07 1.2D-01    1    0 8.73D-02 1.00D+00 1.00D+00 6.317D-03     0.00
       54 1.5D-04  7.509D+02  2.984D-12 7.5D-07 1.2D-01    2    0 3.27D-02 1.00D+00 1.00D+00 6.294D-03     0.00
       55 1.5D-04  7.509D+02  2.984D-12 7.5D-07 1.2D-01    1    0 9.74D-02 1.00D+00 1.00D+00 6.226D-03     0.00
       56 1.5D-04  7.509D+02  2.984D-12 7.5D-07 1.2D-01    2    0 3.65D-02 1.00D+00 1.00D+00 6.199D-03     0.00
       57 1.5D-04  7.509D+02  2.977D-12 7.5D-07 1.2D-01    1    0 1.09D-01 1.00D+00 1.00D+00 6.122D-03     0.00
       58 1.5D-04  7.509D+02  2.977D-12 7.5D-07 1.2D-01    2    0 4.07D-02 1.00D+00 1.00D+00 6.090D-03     0.00
       59 1.5D-04  7.509D+02  2.977D-12 7.5D-07 1.2D-01    1    0 1.21D-01 1.00D+00 1.00D+00 6.000D-03     0.00
       60 1.5D-04  7.509D+02  2.977D-12 7.5D-07 1.2D-01    2    0 4.52D-02 1.00D+00 1.00D+00 5.963D-03     0.00

    inner barrier   scaled     scaled     min     min    NW   SE     dx      alpha    alpha    inner   time (s)
     ite   param   obj func     feas      x-l     u-x   pert pert   norm      max             opt err 
       61 1.5D-04  7.509D+02  2.977D-12 7.5D-07 1.2D-01    1    0 1.35D-01 1.00D+00 1.00D+00 5.857D-03     0.00
       62 1.5D-04  7.509D+02  2.977D-12 7.5D-07 1.2D-01    2    0 5.03D-02 1.00D+00 1.00D+00 5.811D-03     0.00
       63 1.5D-04  7.509D+02  2.977D-12 7.5D-07 1.2D-01    2    0 1.88D-02 1.00D+00 1.00D+00 5.794D-03     0.00
       64 1.5D-04  7.509D+02  2.977D-12 7.5D-07 1.2D-01    1    0 5.62D-02 1.00D+00 1.00D+00 5.745D-03     0.00
       65 1.5D-04  7.509D+02  2.977D-12 7.5D-07 1.2D-01    2    0 2.11D-02 1.00D+00 1.00D+00 5.724D-03     0.00
       66 1.5D-04  7.509D+02  2.977D-12 7.5D-07 1.2D-01    1    0 6.29D-02 1.00D+00 1.00D+00 5.677D-03     0.00
       67 1.5D-04  7.509D+02  2.977D-12 7.5D-07 1.2D-01    2    0 2.35D-02 1.00D+00 1.00D+00 5.677D-03     0.00
       68 1.5D-04  7.509D+02  2.977D-12 7.5D-07 1.2D-01    1    0 7.02D-02 1.00D+00 1.00D+00 5.677D-03     0.00
       69 1.5D-04  7.509D+02  2.984D-12 7.5D-07 1.2D-01    2    0 2.63D-02 1.00D+00 1.00D+00 5.676D-03     0.00
       70 1.5D-04  7.509D+02  2.984D-12 7.5D-07 1.2D-01    1    0 7.82D-02 1.00D+00 1.00D+00 5.676D-03     0.00

    inner barrier   scaled     scaled     min     min    NW   SE     dx      alpha    alpha    inner   time (s)
     ite   param   obj func     feas      x-l     u-x   pert pert   norm      max             opt err 
       71 1.5D-04  7.509D+02  3.183D-12 7.5D-07 1.2D-01    2    0 2.93D-02 1.00D+00 1.00D+00 5.675D-03     0.00
       72 1.5D-04  7.509D+02  3.638D-12 7.5D-07 1.2D-01    1    0 8.70D-02 1.00D+00 1.00D+00 5.674D-03     0.00
       73 1.5D-04  7.509D+02  3.865D-12 7.5D-07 1.2D-01    2    0 3.25D-02 1.00D+00 1.00D+00 5.674D-03     0.00
       74 1.5D-04  7.509D+02  3.865D-12 7.5D-07 1.2D-01    1    0 9.65D-02 1.00D+00 1.00D+00 5.673D-03     0.00
       75 1.5D-04  7.509D+02  3.411D-12 7.5D-07 1.2D-01    2    0 3.60D-02 1.00D+00 1.00D+00 5.673D-03     0.00
       76 1.5D-04  7.509D+02  3.411D-12 7.5D-07 1.2D-01    1    0 1.07D-01 1.00D+00 1.00D+00 5.672D-03     0.00
       77 1.5D-04  7.509D+02  3.411D-12 7.5D-07 1.2D-01    2    0 3.96D-02 1.00D+00 1.00D+00 5.671D-03     0.00
       78 1.5D-04  7.509D+02  2.984D-12 7.5D-07 1.2D-01    1    0 1.16D-01 1.00D+00 1.00D+00 5.670D-03     0.00
       79 1.5D-04  7.509D+02  2.977D-12 7.5D-07 1.2D-01    2    0 4.29D-02 1.00D+00 1.00D+00 5.669D-03     0.00
       80 1.5D-04  7.509D+02  2.977D-12 7.5D-07 1.2D-01    2    0 1.60D-02 1.00D+00 1.00D+00 5.669D-03     0.00

    inner barrier   scaled     scaled     min     min    NW   SE     dx      alpha    alpha    inner   time (s)
     ite   param   obj func     feas      x-l     u-x   pert pert   norm      max             opt err 
       81 1.5D-04  7.509D+02  2.977D-12 7.5D-07 1.2D-01    1    0 4.71D-02 1.00D+00 1.00D+00 5.669D-03     0.00
       82 1.5D-04  7.509D+02  3.183D-12 7.5D-07 1.2D-01    2    0 1.75D-02 1.00D+00 1.00D+00 5.668D-03     0.00
       83 1.5D-04  7.509D+02  3.183D-12 7.5D-07 1.2D-01    1    0 5.13D-02 1.00D+00 1.00D+00 5.668D-03     0.00
       84 1.5D-04  7.509D+02  3.183D-12 7.5D-07 1.2D-01    2    0 1.90D-02 1.00D+00 1.00D+00 5.667D-03     0.00
       85 1.5D-04  7.509D+02  3.183D-12 7.5D-07 1.2D-01    1    0 5.49D-02 1.00D+00 1.00D+00 5.667D-03     0.00
       86 1.5D-04  7.509D+02  2.977D-12 7.5D-07 1.2D-01    2    0 2.01D-02 1.00D+00 1.00D+00 5.666D-03     0.00
       87 1.5D-04  7.509D+02  3.183D-12 7.5D-07 1.2D-01    1    0 5.76D-02 1.00D+00 1.00D+00 5.666D-03     0.00
       88 1.5D-04  7.509D+02  3.183D-12 7.5D-07 1.2D-01    2    0 2.10D-02 1.00D+00 1.00D+00 5.665D-03     0.00
       89 1.5D-04  7.509D+02  2.977D-12 7.5D-07 1.2D-01    1    0 6.03D-02 1.00D+00 1.00D+00 5.664D-03     0.00
       90 1.5D-04  7.509D+02  2.977D-12 7.5D-07 1.2D-01    2    0 2.22D-02 1.00D+00 1.00D+00 5.664D-03     0.00

    inner barrier   scaled     scaled     min     min    NW   SE     dx      alpha    alpha    inner   time (s)
     ite   param   obj func     feas      x-l     u-x   pert pert   norm      max             opt err 
       91 1.5D-04  7.509D+02  2.984D-12 7.5D-07 1.2D-01    1    0 6.46D-02 1.00D+00 1.00D+00 5.663D-03     0.00
       92 1.5D-04  7.509D+02  2.991D-12 7.5D-07 1.2D-01    2    0 2.40D-02 1.00D+00 1.00D+00 5.662D-03     0.00
       93 1.5D-04  7.509D+02  3.183D-12 7.5D-07 1.2D-01    1    0 7.11D-02 1.00D+00 1.00D+00 5.661D-03     0.00
       94 1.5D-04  7.509D+02  3.183D-12 7.5D-07 1.2D-01    2    0 2.66D-02 1.00D+00 1.00D+00 5.661D-03     0.00
       95 1.5D-04  7.509D+02  2.991D-12 7.5D-07 1.2D-01    1    0 7.93D-02 1.00D+00 1.00D+00 5.659D-03     0.00
       96 1.5D-04  7.509D+02  3.183D-12 7.5D-07 1.2D-01    2    0 2.97D-02 1.00D+00 1.00D+00 5.659D-03     0.00
       97 1.5D-04  7.509D+02  3.183D-12 7.5D-07 1.2D-01    1    0 8.89D-02 1.00D+00 1.00D+00 5.657D-03     0.00
       98 1.5D-04  7.509D+02  3.183D-12 7.5D-07 1.2D-01    2    0 3.32D-02 1.00D+00 1.00D+00 5.657D-03     0.00
       99 1.5D-04  7.509D+02  3.411D-12 7.5D-07 1.2D-01    2    0 1.25D-02 1.00D+00 1.00D+00 5.656D-03     0.00
      100 1.5D-04  7.509D+02  3.183D-12 7.5D-07 1.2D-01    1    0 3.73D-02 1.00D+00 1.00D+00 5.656D-03     0.00

    inner barrier   scaled     scaled     min     min    NW   SE     dx      alpha    alpha    inner   time (s)
     ite   param   obj func     feas      x-l     u-x   pert pert   norm      max             opt err 
      101 1.5D-04  7.509D+02  2.998D-12 7.5D-07 1.2D-01    2    0 1.40D-02 1.00D+00 1.00D+00 5.655D-03     0.00
      102 1.5D-04  7.509D+02  2.998D-12 7.5D-07 1.2D-01    1    0 4.19D-02 1.00D+00 1.00D+00 5.655D-03     0.00
      103 1.5D-04  7.509D+02  2.998D-12 7.5D-07 1.2D-01    2    0 1.57D-02 1.00D+00 1.00D+00 5.654D-03     0.00
      104 1.5D-04  7.509D+02  2.998D-12 7.5D-07 1.2D-01    1    0 4.70D-02 1.00D+00 1.00D+00 5.653D-03     0.00
      105 1.5D-04  7.509D+02  3.006D-12 7.5D-07 1.2D-01    2    0 1.76D-02 1.00D+00 1.00D+00 5.653D-03     0.00
      106 1.5D-04  7.509D+02  3.013D-12 7.5D-07 1.2D-01    1    0 5.28D-02 1.00D+00 1.00D+00 5.652D-03     0.00
      107 1.5D-04  7.509D+02  3.006D-12 7.5D-07 1.2D-01    2    0 1.98D-02 1.00D+00 1.00D+00 5.652D-03     0.00
      108 1.5D-04  7.509D+02  3.006D-12 7.5D-07 1.2D-01    1    0 5.93D-02 1.00D+00 1.00D+00 5.650D-03     0.00
      109 1.5D-04  7.509D+02  3.006D-12 7.5D-07 1.2D-01    2    0 2.22D-02 1.00D+00 1.00D+00 5.650D-03     0.00
      110 1.5D-04  7.509D+02  3.006D-12 7.5D-07 1.2D-01    1    0 6.65D-02 1.00D+00 1.00D+00 5.649D-03     0.00

    inner barrier   scaled     scaled     min     min    NW   SE     dx      alpha    alpha    inner   time (s)
     ite   param   obj func     feas      x-l     u-x   pert pert   norm      max             opt err 
      111 1.5D-04  7.509D+02  3.006D-12 7.5D-07 1.2D-01    2    0 2.50D-02 1.00D+00 1.00D+00 5.648D-03     0.00
      112 1.5D-04  7.509D+02  3.006D-12 7.5D-07 1.2D-01    1    0 7.47D-02 1.00D+00 1.00D+00 5.647D-03     0.00
      113 1.5D-04  7.509D+02  3.006D-12 7.5D-07 1.2D-01    2    0 2.80D-02 1.00D+00 1.00D+00 5.646D-03     0.00
      114 1.5D-04  7.509D+02  3.013D-12 7.5D-07 1.2D-01    1    0 8.39D-02 1.00D+00 1.00D+00 5.644D-03     0.00
      115 1.5D-04  7.509D+02  3.013D-12 7.5D-07 1.2D-01    2    0 3.15D-02 1.00D+00 1.00D+00 5.643D-03     0.00
      116 1.5D-04  7.509D+02  3.013D-12 7.5D-07 1.2D-01    1    0 9.46D-02 1.00D+00 1.00D+00 5.641D-03     0.00
      117 1.5D-04  7.509D+02  3.013D-12 7.5D-07 1.2D-01    2    0 3.53D-02 1.00D+00 1.00D+00 5.640D-03     0.00
      118 1.5D-04  7.509D+02  3.013D-12 7.5D-07 1.2D-01    2    0 1.33D-02 1.00D+00 1.00D+00 5.640D-03     0.00
      119 1.5D-04  7.509D+02  3.013D-12 7.5D-07 1.2D-01    1    0 3.97D-02 1.00D+00 1.00D+00 5.639D-03     0.00
      120 1.5D-04  7.509D+02  3.013D-12 7.5D-07 1.2D-01    2    0 1.49D-02 1.00D+00 1.00D+00 5.639D-03     0.00

    inner barrier   scaled     scaled     min     min    NW   SE     dx      alpha    alpha    inner   time (s)
     ite   param   obj func     feas      x-l     u-x   pert pert   norm      max             opt err 
      121 1.5D-04  7.509D+02  3.013D-12 7.5D-07 1.2D-01    1    0 4.46D-02 1.00D+00 1.00D+00 5.638D-03     0.00
      122 1.5D-04  7.509D+02  3.013D-12 7.5D-07 1.2D-01    2    0 1.67D-02 1.00D+00 1.00D+00 5.637D-03     0.00
      123 1.5D-04  7.509D+02  3.013D-12 7.5D-07 1.2D-01    1    0 5.01D-02 1.00D+00 1.00D+00 5.636D-03     0.00
      124 1.5D-04  7.509D+02  3.013D-12 7.5D-07 1.2D-01    2    0 1.88D-02 1.00D+00 1.00D+00 5.636D-03     0.00
      125 1.5D-04  7.509D+02  3.020D-12 7.5D-07 1.2D-01    1    0 5.62D-02 1.00D+00 1.00D+00 5.634D-03     0.00
      126 1.5D-04  7.509D+02  3.013D-12 7.5D-07 1.2D-01    2    0 2.11D-02 1.00D+00 1.00D+00 5.634D-03     0.00
      127 1.5D-04  7.509D+02  3.013D-12 7.5D-07 1.2D-01    1    0 6.32D-02 1.00D+00 1.00D+00 5.632D-03     0.00
      128 1.5D-04  7.509D+02  3.013D-12 7.5D-07 1.2D-01    2    0 2.37D-02 1.00D+00 1.00D+00 5.632D-03     0.00
      129 1.5D-04  7.509D+02  3.013D-12 7.5D-07 1.2D-01    1    0 7.09D-02 1.00D+00 1.00D+00 5.630D-03     0.00
      130 1.5D-04  7.509D+02  3.013D-12 7.5D-07 1.2D-01    2    0 2.66D-02 1.00D+00 1.00D+00 5.629D-03     0.00

    inner barrier   scaled     scaled     min     min    NW   SE     dx      alpha    alpha    inner   time (s)
     ite   param   obj func     feas      x-l     u-x   pert pert   norm      max             opt err 
      131 1.5D-04  7.509D+02  3.013D-12 7.5D-07 1.2D-01    1    0 7.97D-02 1.00D+00 1.00D+00 5.627D-03     0.00
      132 1.5D-04  7.509D+02  3.006D-12 7.5D-07 1.2D-01    2    0 2.99D-02 1.00D+00 1.00D+00 5.626D-03     0.00
      133 1.5D-04  7.509D+02  3.006D-12 7.5D-07 1.2D-01    1    0 8.96D-02 1.00D+00 1.00D+00 5.623D-03     0.00
      134 1.5D-04  7.509D+02  3.006D-12 7.5D-07 1.2D-01    2    0 3.36D-02 1.00D+00 1.00D+00 5.622D-03     0.00
      135 1.5D-04  7.509D+02  3.006D-12 7.5D-07 1.2D-01    2    0 1.26D-02 1.00D+00 1.00D+00 5.622D-03     0.00
      136 1.5D-04  7.509D+02  3.006D-12 7.5D-07 1.2D-01    1    0 3.77D-02 1.00D+00 1.00D+00 5.621D-03     0.00
      137 1.5D-04  7.509D+02  3.006D-12 7.5D-07 1.2D-01    2    0 1.42D-02 1.00D+00 1.00D+00 5.621D-03     0.00
      138 1.5D-04  7.509D+02  3.006D-12 7.5D-07 1.2D-01    1    0 4.24D-02 1.00D+00 1.00D+00 5.619D-03     0.00
      139 1.5D-04  7.509D+02  3.006D-12 7.5D-07 1.2D-01    2    0 1.59D-02 1.00D+00 1.00D+00 5.619D-03     0.00
      140 1.5D-04  7.509D+02  3.006D-12 7.5D-07 1.2D-01    1    0 4.76D-02 1.00D+00 1.00D+00 5.617D-03     0.00

    inner barrier   scaled     scaled     min     min    NW   SE     dx      alpha    alpha    inner   time (s)
     ite   param   obj func     feas      x-l     u-x   pert pert   norm      max             opt err 
      141 1.5D-04  7.509D+02  3.013D-12 7.5D-07 1.2D-01    2    0 1.79D-02 1.00D+00 1.00D+00 5.617D-03     0.00
      142 1.5D-04  7.509D+02  3.013D-12 7.5D-07 1.2D-01    1    0 5.35D-02 1.00D+00 1.00D+00 5.615D-03     0.00
      143 1.5D-04  7.509D+02  3.006D-12 7.5D-07 1.2D-01    2    0 2.01D-02 1.00D+00 1.00D+00 5.614D-03     0.00
      144 1.5D-04  7.509D+02  3.006D-12 7.5D-07 1.2D-01    1    0 6.01D-02 1.00D+00 1.00D+00 5.612D-03     0.00
      145 1.5D-04  7.509D+02  3.006D-12 7.5D-07 1.2D-01    2    0 2.26D-02 1.00D+00 1.00D+00 5.612D-03     0.00
      146 1.5D-04  7.509D+02  2.998D-12 7.5D-07 1.2D-01    1    0 6.75D-02 1.00D+00 1.00D+00 5.609D-03     0.00
      147 1.5D-04  7.509D+02  2.998D-12 7.5D-07 1.2D-01    2    0 2.53D-02 1.00D+00 1.00D+00 5.608D-03     0.00
      148 1.5D-04  7.509D+02  2.998D-12 7.5D-07 1.2D-01    1    0 7.59D-02 1.00D+00 1.00D+00 5.606D-03     0.00
      149 1.5D-04  7.509D+02  2.998D-12 7.5D-07 1.2D-01    2    0 2.85D-02 1.00D+00 1.00D+00 5.604D-03     0.00
      150 1.5D-04  7.509D+02  3.006D-12 7.5D-07 1.2D-01    1    0 8.53D-02 1.00D+00 1.00D+00 5.601D-03     0.00

    inner barrier   scaled     scaled     min     min    NW   SE     dx      alpha    alpha    inner   time (s)
     ite   param   obj func     feas      x-l     u-x   pert pert   norm      max             opt err 
      151 1.5D-04  7.509D+02  3.006D-12 7.5D-07 1.2D-01    2    0 3.20D-02 1.00D+00 1.00D+00 5.600D-03     0.00
      152 1.5D-04  7.509D+02  3.006D-12 7.5D-07 1.2D-01    1    0 9.59D-02 1.00D+00 1.00D+00 5.596D-03     0.00
      153 1.5D-04  7.509D+02  3.006D-12 7.5D-07 1.2D-01    2    0 3.59D-02 1.00D+00 1.00D+00 5.594D-03     0.00
      154 1.5D-04  7.509D+02  3.006D-12 7.5D-07 1.2D-01    2    0 1.35D-02 1.00D+00 1.00D+00 5.594D-03     0.00
      155 1.5D-04  7.509D+02  3.006D-12 7.5D-07 1.2D-01    1    0 4.04D-02 1.00D+00 1.00D+00 5.592D-03     0.00
      156 1.5D-04  7.509D+02  2.998D-12 7.5D-07 1.2D-01    2    0 1.51D-02 1.00D+00 1.00D+00 5.591D-03     0.00
      157 1.5D-04  7.509D+02  2.998D-12 7.5D-07 1.2D-01    1    0 4.54D-02 1.00D+00 1.00D+00 5.589D-03     0.00
      158 1.5D-04  7.509D+02  2.991D-12 7.5D-07 1.2D-01    2    0 1.70D-02 1.00D+00 1.00D+00 5.589D-03     0.00
      159 1.5D-04  7.509D+02  2.998D-12 7.5D-07 1.2D-01    1    0 5.10D-02 1.00D+00 1.00D+00 5.586D-03     0.00
      160 1.5D-04  7.509D+02  2.998D-12 7.5D-07 1.2D-01    2    0 1.91D-02 1.00D+00 1.00D+00 5.585D-03     0.00

    inner barrier   scaled     scaled     min     min    NW   SE     dx      alpha    alpha    inner   time (s)
     ite   param   obj func     feas      x-l     u-x   pert pert   norm      max             opt err 
      161 1.5D-04  7.509D+02  2.998D-12 7.5D-07 1.2D-01    1    0 5.73D-02 1.00D+00 1.00D+00 5.582D-03     0.00
      162 1.5D-04  7.509D+02  2.998D-12 7.5D-07 1.2D-01    2    0 2.15D-02 1.00D+00 1.00D+00 5.581D-03     0.00
      163 1.5D-04  7.509D+02  2.991D-12 7.5D-07 1.2D-01    1    0 6.43D-02 1.00D+00 1.00D+00 5.578D-03     0.00
      164 1.5D-04  7.509D+02  2.991D-12 7.5D-07 1.2D-01    2    0 2.41D-02 1.00D+00 1.00D+00 5.577D-03     0.00
      165 1.5D-04  7.509D+02  2.984D-12 7.5D-07 1.2D-01    1    0 7.23D-02 1.00D+00 1.00D+00 5.573D-03     0.00
      166 1.5D-04  7.509D+02  2.984D-12 7.5D-07 1.2D-01    2    0 2.71D-02 1.00D+00 1.00D+00 5.571D-03     0.00
      167 1.5D-04  7.509D+02  2.977D-12 7.5D-07 1.2D-01    1    0 8.12D-02 1.00D+00 1.00D+00 5.566D-03     0.00
      168 1.5D-04  7.509D+02  2.984D-12 7.5D-07 1.2D-01    2    0 3.04D-02 1.00D+00 1.00D+00 5.564D-03     0.00
      169 1.5D-04  7.509D+02  2.977D-12 7.5D-07 1.2D-01    1    0 9.12D-02 1.00D+00 1.00D+00 5.559D-03     0.00
      170 1.5D-04  7.509D+02  2.977D-12 7.5D-07 1.2D-01    2    0 3.42D-02 1.00D+00 1.00D+00 5.556D-03     0.00

    inner barrier   scaled     scaled     min     min    NW   SE     dx      alpha    alpha    inner   time (s)
     ite   param   obj func     feas      x-l     u-x   pert pert   norm      max             opt err 
      171 1.5D-04  7.509D+02  2.977D-12 7.5D-07 1.2D-01    1    0 1.03D-01 1.00D+00 1.00D+00 5.549D-03     0.00
      172 1.5D-04  7.509D+02  2.970D-12 7.5D-07 1.2D-01    2    0 3.84D-02 1.00D+00 1.00D+00 5.546D-03     0.00
      173 1.5D-04  7.509D+02  2.977D-12 7.5D-07 1.2D-01    2    0 1.44D-02 1.00D+00 1.00D+00 5.545D-03     0.00
      174 1.5D-04  7.509D+02  2.977D-12 7.5D-07 1.2D-01    1    0 4.31D-02 1.00D+00 1.00D+00 5.541D-03     0.00
      175 1.5D-04  7.509D+02  2.970D-12 7.5D-07 1.2D-01    2    0 1.62D-02 1.00D+00 1.00D+00 5.540D-03     0.00
      176 1.5D-04  7.509D+02  2.970D-12 7.5D-07 1.2D-01    1    0 4.85D-02 1.00D+00 1.00D+00 5.536D-03     0.00
      177 1.5D-04  7.509D+02  2.970D-12 7.5D-07 1.2D-01    2    0 1.82D-02 1.00D+00 1.00D+00 5.534D-03     0.00
      178 1.5D-04  7.509D+02  2.970D-12 7.5D-07 1.2D-01    1    0 5.44D-02 1.00D+00 1.00D+00 5.529D-03     0.00
      179 1.5D-04  7.509D+02  2.970D-12 7.5D-07 1.2D-01    2    0 2.04D-02 1.00D+00 1.00D+00 5.527D-03     0.00
      180 1.5D-04  7.509D+02  2.977D-12 7.5D-07 1.2D-01    1    0 6.11D-02 1.00D+00 1.00D+00 5.521D-03     0.00

    inner barrier   scaled     scaled     min     min    NW   SE     dx      alpha    alpha    inner   time (s)
     ite   param   obj func     feas      x-l     u-x   pert pert   norm      max             opt err 
      181 1.5D-04  7.509D+02  2.970D-12 7.5D-07 1.2D-01    2    0 2.29D-02 1.00D+00 1.00D+00 5.519D-03     0.00
      182 1.5D-04  7.509D+02  2.977D-12 7.5D-07 1.2D-01    1    0 6.87D-02 1.00D+00 1.00D+00 5.512D-03     0.00
      183 1.5D-04  7.509D+02  2.977D-12 7.5D-07 1.2D-01    2    0 2.58D-02 1.00D+00 1.00D+00 5.509D-03     0.00
      184 1.5D-04  7.509D+02  2.970D-12 7.5D-07 1.2D-01    1    0 7.71D-02 1.00D+00 1.00D+00 5.500D-03     0.00
      185 1.5D-04  7.509D+02  2.970D-12 7.5D-07 1.2D-01    2    0 2.89D-02 1.00D+00 1.00D+00 5.496D-03     0.00
      186 1.5D-04  7.509D+02  2.970D-12 7.5D-07 1.2D-01    1    0 8.65D-02 1.00D+00 1.00D+00 5.484D-03     0.00
      187 1.5D-04  7.509D+02  2.970D-12 7.5D-07 1.2D-01    2    0 3.24D-02 1.00D+00 1.00D+00 5.479D-03     0.00
      188 1.5D-04  7.509D+02  2.977D-12 7.5D-07 1.2D-01    1    0 9.71D-02 1.00D+00 1.00D+00 5.464D-03     0.00
      189 1.5D-04  7.509D+02  2.977D-12 7.5D-07 1.2D-01    2    0 3.64D-02 1.00D+00 1.00D+00 5.457D-03     0.00
      190 1.5D-04  7.509D+02  2.970D-12 7.5D-07 1.2D-01    2    0 1.36D-02 1.00D+00 1.00D+00 5.454D-03     0.00

    inner barrier   scaled     scaled     min     min    NW   SE     dx      alpha    alpha    inner   time (s)
     ite   param   obj func     feas      x-l     u-x   pert pert   norm      max             opt err 
      191 1.5D-04  7.509D+02  2.970D-12 7.5D-07 1.2D-01    1    0 4.09D-02 1.00D+00 1.00D+00 5.446D-03     0.00
      192 1.5D-04  7.509D+02  2.970D-12 7.5D-07 1.2D-01    2    0 1.53D-02 1.00D+00 1.00D+00 5.443D-03     0.00
      193 1.5D-04  7.509D+02  2.977D-12 7.5D-07 1.2D-01    1    0 4.59D-02 1.00D+00 1.00D+00 5.434D-03     0.00
      194 1.5D-04  7.509D+02  2.970D-12 7.5D-07 1.2D-01    2    0 1.72D-02 1.00D+00 1.00D+00 5.430D-03     0.00
      195 1.5D-04  7.509D+02  2.970D-12 7.5D-07 1.2D-01    1    0 5.15D-02 1.00D+00 1.00D+00 5.418D-03     0.00
      196 1.5D-04  7.509D+02  2.963D-12 7.5D-07 1.2D-01    2    0 1.93D-02 1.00D+00 1.00D+00 5.413D-03     0.00
      197 1.5D-04  7.509D+02  2.970D-12 7.5D-07 1.2D-01    1    0 5.78D-02 1.00D+00 1.00D+00 5.398D-03     0.00
      198 1.5D-04  7.509D+02  2.970D-12 7.5D-07 1.2D-01    2    0 2.17D-02 1.00D+00 1.00D+00 5.391D-03     0.00
      199 1.5D-04  7.509D+02  2.977D-12 7.5D-07 1.2D-01    1    0 6.48D-02 1.00D+00 1.00D+00 5.372D-03     0.00
      200 1.5D-04  7.509D+02  2.977D-12 7.5D-07 1.2D-01    2    0 2.43D-02 1.00D+00 1.00D+00 5.362D-03     0.00

    inner barrier   scaled     scaled     min     min    NW   SE     dx      alpha    alpha    inner   time (s)
     ite   param   obj func     feas      x-l     u-x   pert pert   norm      max             opt err 
      201 1.5D-04  7.509D+02  2.984D-12 7.5D-07 1.2D-01    1    0 7.26D-02 1.00D+00 1.00D+00 5.337D-03     0.00


     4 1.8D-06  9.468315D+07  7.508962D+02 5.337D-03   208M

    inner barrier   scaled     scaled     min     min    NW   SE     dx      alpha    alpha    inner   time (s)
     ite   param   obj func     feas      x-l     u-x   pert pert   norm      max             opt err 
        1 1.8D-06  7.509D+02  2.984D-12 6.8D-08 1.2D-01    2    0 6.71D-02 1.00D+00 1.00D+00 5.662D-03     0.00
        2 1.8D-06  7.509D+02  2.984D-12 1.8D-08 1.3D-01    1    0 1.54D-01 7.87D-01 7.87D-01 5.671D-03     0.00
        3 1.8D-06  7.509D+02  2.984D-12 9.2D-09 1.4D-01    2    0 3.56D-02 1.00D+00 1.00D+00 5.672D-03     0.00
        4 1.8D-06  7.509D+02  2.984D-12 9.2D-09 1.4D-01    2    0 1.31D-02 1.00D+00 1.00D+00 5.672D-03     0.00
        5 1.8D-06  7.509D+02  2.991D-12 9.2D-09 1.4D-01    1    0 3.90D-02 1.00D+00 1.00D+00 5.671D-03     0.00
        6 1.8D-06  7.509D+02  2.991D-12 9.2D-09 1.4D-01    2    0 1.43D-02 1.00D+00 1.00D+00 5.671D-03     0.00
        7 1.8D-06  7.509D+02  2.998D-12 9.2D-09 1.4D-01    1    0 4.39D-02 1.00D+00 1.00D+00 5.671D-03     0.00
        8 1.8D-06  7.509D+02  3.006D-12 9.2D-09 1.4D-01    2    0 1.61D-02 1.00D+00 1.00D+00 5.670D-03     0.00
        9 1.8D-06  7.509D+02  2.998D-12 9.2D-09 1.4D-01    1    0 4.96D-02 1.00D+00 1.00D+00 5.669D-03     0.00
       10 1.8D-06  7.509D+02  2.998D-12 9.2D-09 1.4D-01    2    0 1.81D-02 1.00D+00 1.00D+00 5.669D-03     0.00

    inner barrier   scaled     scaled     min     min    NW   SE     dx      alpha    alpha    inner   time (s)
     ite   param   obj func     feas      x-l     u-x   pert pert   norm      max             opt err 
       11 1.8D-06  7.509D+02  2.998D-12 9.2D-09 1.4D-01    1    0 5.61D-02 1.00D+00 1.00D+00 5.668D-03     0.00
       12 1.8D-06  7.509D+02  3.006D-12 9.2D-09 1.4D-01    2    0 2.03D-02 1.00D+00 1.00D+00 5.667D-03     0.00
       13 1.8D-06  7.509D+02  2.998D-12 9.2D-09 1.5D-01    1    0 6.38D-02 1.00D+00 1.00D+00 5.666D-03     0.00
       14 1.8D-06  7.509D+02  2.998D-12 9.2D-09 1.5D-01    2    0 2.28D-02 1.00D+00 1.00D+00 5.665D-03     0.00
       15 1.8D-06  7.509D+02  2.998D-12 9.2D-09 1.5D-01    1    0 7.32D-02 1.00D+00 1.00D+00 5.663D-03     0.00
       16 1.8D-06  7.509D+02  2.998D-12 9.2D-09 1.5D-01    2    0 2.56D-02 1.00D+00 1.00D+00 5.662D-03     0.00
       17 1.8D-06  7.509D+02  2.998D-12 9.2D-09 1.6D-01    1    0 8.60D-02 1.00D+00 1.00D+00 5.658D-03     0.00
       18 1.8D-06  7.509D+02  2.998D-12 9.2D-09 1.6D-01    2    0 2.86D-02 1.00D+00 1.00D+00 5.655D-03     0.00
       19 1.8D-06  7.509D+02  2.998D-12 9.2D-09 1.7D-01    1    0 1.13D-01 1.00D+00 1.00D+00 5.646D-03     0.00
       20 1.8D-06  7.509D+02  2.991D-12 9.2D-09 1.7D-01    2    0 3.18D-02 1.00D+00 1.00D+00 5.632D-03     0.00

    inner barrier   scaled     scaled     min     min    NW   SE     dx      alpha    alpha    inner   time (s)
     ite   param   obj func     feas      x-l     u-x   pert pert   norm      max             opt err 
       21 1.8D-06  7.509D+02  2.991D-12 9.2D-09 1.7D-01    2    0 1.18D-02 1.00D+00 1.00D+00 5.621D-03     0.00
       22 1.8D-06  7.509D+02  2.991D-12 9.2D-09 1.8D-01    1    0 3.57D-02 1.00D+00 1.00D+00 5.592D-03     0.00
       23 1.8D-06  7.509D+02  2.991D-12 9.2D-09 1.8D-01    2    0 1.32D-02 1.00D+00 1.00D+00 5.532D-03     0.00
       24 1.8D-06  7.509D+02  2.991D-12 9.2D-09 1.8D-01    1    0 3.90D-02 5.49D-01 5.49D-01 5.239D-03     0.00
       25 1.8D-06  7.509D+02  2.991D-12 9.2D-09 1.8D-01    2    0 1.17D-02 1.00D+00 2.50D-01 3.165D-03     0.00
       26 1.8D-06  7.509D+02  2.991D-12 9.2D-09 1.8D-01    1    0 2.33D-02 1.00D+00 1.00D+00 6.994D-04     0.00
       27 1.8D-06  7.509D+02  2.991D-12 9.2D-09 1.8D-01    2    0 8.57D-03 1.00D+00 1.00D+00 6.992D-04     0.00
       28 1.8D-06  7.509D+02  2.998D-12 9.2D-09 1.8D-01    1    0 2.58D-02 1.00D+00 1.00D+00 6.988D-04     0.00
       29 1.8D-06  7.509D+02  2.991D-12 9.2D-09 1.8D-01    2    0 9.33D-03 1.00D+00 1.00D+00 6.985D-04     0.00
       30 1.8D-06  7.509D+02  2.991D-12 9.2D-09 1.8D-01    1    0 2.93D-02 1.00D+00 1.00D+00 6.981D-04     0.00

    inner barrier   scaled     scaled     min     min    NW   SE     dx      alpha    alpha    inner   time (s)
     ite   param   obj func     feas      x-l     u-x   pert pert   norm      max             opt err 
       31 1.8D-06  7.509D+02  2.998D-12 9.2D-09 1.8D-01    2    0 1.05D-02 1.00D+00 1.00D+00 6.978D-04     0.00
       32 1.8D-06  7.509D+02  2.998D-12 9.2D-09 1.8D-01    1    0 3.34D-02 1.00D+00 1.00D+00 6.975D-04     0.00
       33 1.8D-06  7.509D+02  2.998D-12 9.2D-09 1.8D-01    2    0 1.17D-02 1.00D+00 1.00D+00 6.971D-04     0.00
       34 1.8D-06  7.509D+02  2.998D-12 9.2D-09 1.8D-01    1    0 3.85D-02 1.00D+00 1.00D+00 6.968D-04     0.00
       35 1.8D-06  7.509D+02  2.998D-12 9.2D-09 1.8D-01    2    0 1.32D-02 1.00D+00 1.00D+00 6.963D-04     0.00
       36 1.8D-06  7.509D+02  3.006D-12 9.2D-09 1.9D-01    1    0 4.52D-02 1.00D+00 1.00D+00 6.960D-04     0.00
       37 1.8D-06  7.509D+02  3.006D-12 9.2D-09 1.9D-01    2    0 1.47D-02 1.00D+00 1.00D+00 6.955D-04     0.00
       38 1.8D-06  7.509D+02  2.998D-12 9.2D-09 1.9D-01    1    0 5.55D-02 1.00D+00 1.00D+00 6.953D-04     0.00
       39 1.8D-06  7.509D+02  2.991D-12 9.2D-09 1.9D-01    2    0 1.66D-02 1.00D+00 1.00D+00 6.947D-04     0.00
       40 1.8D-06  7.509D+02  2.991D-12 9.2D-09 1.9D-01    1    0 5.12D-02 1.00D+00 1.00D+00 6.946D-04     0.00

    inner barrier   scaled     scaled     min     min    NW   SE     dx      alpha    alpha    inner   time (s)
     ite   param   obj func     feas      x-l     u-x   pert pert   norm      max             opt err 
       41 1.8D-06  7.509D+02  2.991D-12 9.2D-09 1.9D-01    2    0 1.87D-02 1.00D+00 1.00D+00 6.938D-04     0.00
       42 1.8D-06  7.509D+02  2.984D-12 9.2D-09 2.0D-01    1    0 7.63D-02 7.05D-01 3.53D-01 6.937D-04     0.00
       43 1.8D-06  7.509D+02  2.984D-12 9.2D-09 1.9D-01    2    0 2.12D-02 1.00D+00 1.00D+00 6.933D-04     0.00
       44 1.8D-06  7.509D+02  2.984D-12 9.2D-09 1.9D-01    1    0 7.10D-02 1.00D+00 1.00D+00 6.935D-04     0.00
       45 1.8D-06  7.509D+02  2.991D-12 9.2D-09 1.9D-01    2    0 2.32D-02 1.00D+00 1.00D+00 6.924D-04     0.00
       46 1.8D-06  7.509D+02  2.984D-12 9.2D-09 1.9D-01    2    0 8.77D-03 1.00D+00 1.00D+00 6.921D-04     0.00
       47 1.8D-06  7.509D+02  2.984D-12 9.2D-09 1.9D-01    1    0 2.61D-02 1.00D+00 1.00D+00 6.920D-04     0.00
       48 1.8D-06  7.509D+02  2.991D-12 9.2D-09 1.9D-01    2    0 9.84D-03 1.00D+00 1.00D+00 6.917D-04     0.00
       49 1.8D-06  7.509D+02  2.991D-12 9.2D-09 1.9D-01    1    0 2.95D-02 1.00D+00 1.00D+00 6.916D-04     0.00
       50 1.8D-06  7.509D+02  2.991D-12 9.2D-09 1.9D-01    2    0 1.11D-02 1.00D+00 1.00D+00 6.913D-04     0.00

    inner barrier   scaled     scaled     min     min    NW   SE     dx      alpha    alpha    inner   time (s)
     ite   param   obj func     feas      x-l     u-x   pert pert   norm      max             opt err 
       51 1.8D-06  7.509D+02  2.991D-12 9.2D-09 1.9D-01    1    0 3.33D-02 1.00D+00 1.00D+00 6.912D-04     0.00
       52 1.8D-06  7.509D+02  2.991D-12 9.2D-09 1.9D-01    2    0 1.24D-02 1.00D+00 1.00D+00 6.908D-04     0.00
       53 1.8D-06  7.509D+02  2.991D-12 9.2D-09 1.9D-01    1    0 3.77D-02 1.00D+00 1.00D+00 6.907D-04     0.00
       54 1.8D-06  7.509D+02  2.991D-12 9.2D-09 1.9D-01    2    0 1.39D-02 1.00D+00 1.00D+00 6.903D-04     0.00
       55 1.8D-06  7.509D+02  2.991D-12 9.2D-09 1.9D-01    1    0 4.28D-02 1.00D+00 1.00D+00 6.902D-04     0.00
       56 1.8D-06  7.509D+02  2.991D-12 9.2D-09 1.9D-01    2    0 1.57D-02 1.00D+00 1.00D+00 6.897D-04     0.00
       57 1.8D-06  7.509D+02  2.984D-12 9.2D-09 1.9D-01    1    0 4.88D-02 1.00D+00 1.00D+00 6.897D-04     0.00
       58 1.8D-06  7.509D+02  2.991D-12 9.2D-09 1.9D-01    2    0 1.76D-02 1.00D+00 1.00D+00 6.890D-04     0.00
       59 1.8D-06  7.509D+02  2.984D-12 9.2D-09 1.9D-01    1    0 5.57D-02 1.00D+00 1.00D+00 6.891D-04     0.00
       60 1.8D-06  7.509D+02  2.991D-12 9.2D-09 1.9D-01    2    0 1.99D-02 1.00D+00 1.00D+00 6.883D-04     0.00

    inner barrier   scaled     scaled     min     min    NW   SE     dx      alpha    alpha    inner   time (s)
     ite   param   obj func     feas      x-l     u-x   pert pert   norm      max             opt err 
       61 1.8D-06  7.509D+02  2.991D-12 9.2D-09 1.9D-01    1    0 6.10D-02 1.00D+00 1.00D+00 6.885D-04     0.00
       62 1.8D-06  7.509D+02  2.984D-12 9.2D-09 1.9D-01    2    0 2.23D-02 1.00D+00 1.00D+00 6.875D-04     0.00
       63 1.8D-06  7.509D+02  3.183D-12 9.2D-09 1.9D-01    2    0 8.45D-03 1.00D+00 1.00D+00 6.873D-04     0.00
       64 1.8D-06  7.509D+02  3.070D-12 9.2D-09 1.9D-01    1    0 2.50D-02 1.00D+00 1.00D+00 6.872D-04     0.00
       65 1.8D-06  7.509D+02  3.070D-12 9.2D-09 1.9D-01    2    0 9.45D-03 1.00D+00 1.00D+00 6.870D-04     0.00
       66 1.8D-06  7.509D+02  3.070D-12 9.2D-09 1.9D-01    1    0 2.80D-02 1.00D+00 1.00D+00 6.869D-04     0.00
       67 1.8D-06  7.509D+02  3.070D-12 9.2D-09 1.9D-01    2    0 1.06D-02 1.00D+00 1.00D+00 6.866D-04     0.00
       68 1.8D-06  7.509D+02  3.070D-12 9.2D-09 1.9D-01    1    0 3.13D-02 1.00D+00 1.00D+00 6.865D-04     0.00
       69 1.8D-06  7.509D+02  3.070D-12 9.2D-09 1.9D-01    2    0 1.19D-02 1.00D+00 1.00D+00 6.862D-04     0.00
       70 1.8D-06  7.509D+02  2.991D-12 9.2D-09 1.9D-01    1    0 3.51D-02 1.00D+00 1.00D+00 6.861D-04     0.00

    inner barrier   scaled     scaled     min     min    NW   SE     dx      alpha    alpha    inner   time (s)
     ite   param   obj func     feas      x-l     u-x   pert pert   norm      max             opt err 
       71 1.8D-06  7.509D+02  3.070D-12 9.2D-09 1.9D-01    2    0 1.33D-02 1.00D+00 1.00D+00 6.857D-04     0.00
       72 1.8D-06  7.509D+02  3.297D-12 9.2D-09 1.9D-01    1    0 3.95D-02 1.00D+00 1.00D+00 6.857D-04     0.00
       73 1.8D-06  7.509D+02  3.297D-12 9.2D-09 1.9D-01    2    0 1.49D-02 1.00D+00 1.00D+00 6.851D-04     0.00
       74 1.8D-06  7.509D+02  3.070D-12 9.2D-09 1.9D-01    1    0 4.48D-02 1.00D+00 1.00D+00 6.852D-04     0.00
       75 1.8D-06  7.509D+02  3.297D-12 9.2D-09 1.9D-01    2    0 1.67D-02 1.00D+00 1.00D+00 6.845D-04     0.00
       76 1.8D-06  7.509D+02  3.183D-12 9.2D-09 1.9D-01    1    0 5.09D-02 1.00D+00 1.00D+00 6.846D-04     0.00
       77 1.8D-06  7.509D+02  3.183D-12 9.2D-09 1.9D-01    2    0 1.88D-02 1.00D+00 1.00D+00 6.839D-04     0.00
       78 1.8D-06  7.509D+02  3.183D-12 9.2D-09 1.9D-01    1    0 5.80D-02 1.00D+00 1.00D+00 6.841D-04     0.00
       79 1.8D-06  7.509D+02  3.183D-12 9.2D-09 1.9D-01    2    0 2.12D-02 1.00D+00 1.00D+00 6.831D-04     0.00
       80 1.8D-06  7.509D+02  3.411D-12 9.2D-09 1.9D-01    1    0 6.59D-02 1.00D+00 1.00D+00 6.835D-04     0.00

    inner barrier   scaled     scaled     min     min    NW   SE     dx      alpha    alpha    inner   time (s)
     ite   param   obj func     feas      x-l     u-x   pert pert   norm      max             opt err 
       81 1.8D-06  7.509D+02  3.638D-12 9.2D-09 1.9D-01    2    0 2.38D-02 1.00D+00 1.00D+00 6.823D-04     0.00
       82 1.8D-06  7.509D+02  3.524D-12 9.2D-09 1.9D-01    1    0 7.16D-02 1.00D+00 1.00D+00 6.828D-04     0.00
       83 1.8D-06  7.509D+02  3.752D-12 9.2D-09 1.9D-01    2    0 2.67D-02 1.00D+00 1.00D+00 6.814D-04     0.00
       84 1.8D-06  7.509D+02  3.752D-12 9.2D-09 1.9D-01    2    0 1.01D-02 1.00D+00 1.00D+00 6.811D-04     0.00
       85 1.8D-06  7.509D+02  3.979D-12 9.2D-09 1.9D-01    1    0 2.99D-02 1.00D+00 1.00D+00 6.810D-04     0.00
       86 1.8D-06  7.509D+02  3.752D-12 9.2D-09 1.9D-01    2    0 1.13D-02 1.00D+00 1.00D+00 6.807D-04     0.00
       87 1.8D-06  7.509D+02  3.979D-12 9.2D-09 1.9D-01    1    0 3.34D-02 1.00D+00 1.00D+00 6.806D-04     0.00
       88 1.8D-06  7.509D+02  4.206D-12 9.2D-09 1.9D-01    2    0 1.26D-02 1.00D+00 1.00D+00 6.802D-04     0.00
       89 1.8D-06  7.509D+02  4.434D-12 9.2D-09 1.9D-01    1    0 3.75D-02 1.00D+00 1.00D+00 6.802D-04     0.00
       90 1.8D-06  7.509D+02  4.434D-12 9.2D-09 1.9D-01    2    0 1.42D-02 1.00D+00 1.00D+00 6.797D-04     0.00

    inner barrier   scaled     scaled     min     min    NW   SE     dx      alpha    alpha    inner   time (s)
     ite   param   obj func     feas      x-l     u-x   pert pert   norm      max             opt err 
       91 1.8D-06  7.509D+02  4.434D-12 9.2D-09 1.9D-01    1    0 4.20D-02 1.00D+00 1.00D+00 6.797D-04     0.00
       92 1.8D-06  7.509D+02  4.434D-12 9.2D-09 1.9D-01    2    0 1.59D-02 1.00D+00 1.00D+00 6.791D-04     0.00
       93 1.8D-06  7.509D+02  4.547D-12 9.2D-09 1.9D-01    1    0 4.75D-02 1.00D+00 1.00D+00 6.792D-04     0.00
       94 1.8D-06  7.509D+02  4.547D-12 9.2D-09 1.9D-01    2    0 1.78D-02 1.00D+00 1.00D+00 6.785D-04     0.00
       95 1.8D-06  7.509D+02  4.547D-12 9.2D-09 1.9D-01    1    0 5.38D-02 1.00D+00 1.00D+00 6.787D-04     0.00
       96 1.8D-06  7.509D+02  4.547D-12 9.2D-09 1.9D-01    2    0 2.00D-02 1.00D+00 1.00D+00 6.778D-04     0.00
       97 1.8D-06  7.509D+02  4.775D-12 9.2D-09 1.9D-01    1    0 6.11D-02 1.00D+00 1.00D+00 6.781D-04     0.00
       98 1.8D-06  7.509D+02  4.775D-12 9.2D-09 1.9D-01    2    0 2.25D-02 1.00D+00 1.00D+00 6.770D-04     0.00
       99 1.8D-06  7.509D+02  4.889D-12 9.2D-09 1.9D-01    1    0 6.93D-02 1.00D+00 1.00D+00 6.774D-04     0.00
      100 1.8D-06  7.509D+02  4.889D-12 9.2D-09 1.9D-01    2    0 2.53D-02 1.00D+00 1.00D+00 6.761D-04     0.00

    inner barrier   scaled     scaled     min     min    NW   SE     dx      alpha    alpha    inner   time (s)
     ite   param   obj func     feas      x-l     u-x   pert pert   norm      max             opt err 
      101 1.8D-06  7.509D+02  4.889D-12 9.2D-09 1.9D-01    1    0 7.79D-02 1.00D+00 1.00D+00 6.767D-04     0.00
      102 1.8D-06  7.509D+02  4.661D-12 9.2D-09 1.9D-01    2    0 2.85D-02 1.00D+00 1.00D+00 6.750D-04     0.00
      103 1.8D-06  7.509D+02  5.002D-12 9.2D-09 1.9D-01    1    0 8.69D-02 1.00D+00 1.00D+00 6.760D-04     0.00
      104 1.8D-06  7.509D+02  5.002D-12 9.2D-09 1.9D-01    2    0 3.20D-02 1.00D+00 1.00D+00 6.739D-04     0.00
      105 1.8D-06  7.509D+02  5.002D-12 9.2D-09 1.9D-01    2    0 1.21D-02 1.00D+00 1.00D+00 6.735D-04     0.00
      106 1.8D-06  7.509D+02  4.775D-12 9.2D-09 1.9D-01    1    0 3.57D-02 1.00D+00 1.00D+00 6.735D-04     0.00
      107 1.8D-06  7.509D+02  4.775D-12 9.2D-09 1.9D-01    2    0 1.35D-02 1.00D+00 1.00D+00 6.730D-04     0.00
      108 1.8D-06  7.509D+02  4.889D-12 9.2D-09 1.9D-01    1    0 4.00D-02 1.00D+00 1.00D+00 6.730D-04     0.00
      109 1.8D-06  7.509D+02  5.116D-12 9.2D-09 1.9D-01    2    0 1.51D-02 1.00D+00 1.00D+00 6.725D-04     0.00
      110 1.8D-06  7.509D+02  4.889D-12 9.2D-09 1.9D-01    1    0 4.48D-02 1.00D+00 1.00D+00 6.725D-04     0.00

    inner barrier   scaled     scaled     min     min    NW   SE     dx      alpha    alpha    inner   time (s)
     ite   param   obj func     feas      x-l     u-x   pert pert   norm      max             opt err 
      111 1.8D-06  7.509D+02  4.661D-12 9.2D-09 1.9D-01    2    0 1.69D-02 1.00D+00 1.00D+00 6.719D-04     0.00
      112 1.8D-06  7.509D+02  5.116D-12 9.2D-09 1.9D-01    1    0 5.03D-02 1.00D+00 1.00D+00 6.720D-04     0.00
      113 1.8D-06  7.509D+02  5.116D-12 9.2D-09 1.9D-01    2    0 1.90D-02 1.00D+00 1.00D+00 6.712D-04     0.00
      114 1.8D-06  7.509D+02  5.116D-12 9.2D-09 1.9D-01    1    0 5.69D-02 1.00D+00 1.00D+00 6.714D-04     0.00
      115 1.8D-06  7.509D+02  5.116D-12 9.2D-09 1.9D-01    2    0 2.13D-02 1.00D+00 1.00D+00 6.704D-04     0.00
      116 1.8D-06  7.509D+02  5.230D-12 9.2D-09 1.9D-01    1    0 6.44D-02 1.00D+00 1.00D+00 6.708D-04     0.00
      117 1.8D-06  7.509D+02  5.002D-12 9.2D-09 1.9D-01    2    0 2.39D-02 1.00D+00 1.00D+00 6.695D-04     0.00
      118 1.8D-06  7.509D+02  5.002D-12 9.2D-09 1.9D-01    1    0 7.29D-02 1.00D+00 1.00D+00 6.701D-04     0.00
      119 1.8D-06  7.509D+02  5.002D-12 9.2D-09 1.9D-01    2    0 2.69D-02 1.00D+00 1.00D+00 6.685D-04     0.00
      120 1.8D-06  7.509D+02  5.002D-12 9.2D-09 1.9D-01    1    0 8.25D-02 1.00D+00 1.00D+00 6.694D-04     0.00

    inner barrier   scaled     scaled     min     min    NW   SE     dx      alpha    alpha    inner   time (s)
     ite   param   obj func     feas      x-l     u-x   pert pert   norm      max             opt err 
      121 1.8D-06  7.509D+02  5.002D-12 9.2D-09 1.9D-01    2    0 3.03D-02 1.00D+00 1.00D+00 6.674D-04     0.00
      122 1.8D-06  7.509D+02  5.002D-12 9.2D-09 1.9D-01    1    0 9.24D-02 1.00D+00 1.00D+00 6.686D-04     0.00
      123 1.8D-06  7.509D+02  4.889D-12 9.2D-09 1.9D-01    2    0 3.40D-02 1.00D+00 1.00D+00 6.662D-04     0.00
      124 1.8D-06  7.509D+02  4.889D-12 9.2D-09 1.9D-01    1    0 1.05D-01 1.00D+00 1.00D+00 6.679D-04     0.00
      125 1.8D-06  7.509D+02  4.889D-12 9.2D-09 1.9D-01    2    0 3.83D-02 1.00D+00 1.00D+00 6.648D-04     0.00
      126 1.8D-06  7.509D+02  5.116D-12 9.2D-09 1.9D-01    1    0 1.23D-01 1.00D+00 1.00D+00 6.671D-04     0.00
      127 1.8D-06  7.509D+02  5.002D-12 9.2D-09 1.9D-01    2    0 4.30D-02 1.00D+00 1.00D+00 6.633D-04     0.00
      128 1.8D-06  7.509D+02  5.230D-12 9.2D-09 1.9D-01    2    0 1.59D-02 1.00D+00 1.00D+00 6.626D-04     0.00
      129 1.8D-06  7.509D+02  5.230D-12 9.2D-09 1.9D-01    1    0 4.83D-02 1.00D+00 1.00D+00 6.628D-04     0.00
      130 1.8D-06  7.509D+02  5.230D-12 9.2D-09 1.9D-01    2    0 1.79D-02 1.00D+00 1.00D+00 6.620D-04     0.00

    inner barrier   scaled     scaled     min     min    NW   SE     dx      alpha    alpha    inner   time (s)
     ite   param   obj func     feas      x-l     u-x   pert pert   norm      max             opt err 
      131 1.8D-06  7.509D+02  5.230D-12 9.2D-09 1.9D-01    1    0 5.43D-02 1.00D+00 1.00D+00 6.622D-04     0.00
      132 1.8D-06  7.509D+02  5.457D-12 9.2D-09 1.9D-01    2    0 2.01D-02 1.00D+00 1.00D+00 6.612D-04     0.00
      133 1.8D-06  7.509D+02  5.457D-12 9.2D-09 1.9D-01    1    0 6.12D-02 1.00D+00 1.00D+00 6.616D-04     0.00
      134 1.8D-06  7.509D+02  5.684D-12 9.2D-09 1.9D-01    2    0 2.26D-02 1.00D+00 1.00D+00 6.604D-04     0.00
      135 1.8D-06  7.509D+02  5.798D-12 9.2D-09 1.9D-01    1    0 6.89D-02 1.00D+00 1.00D+00 6.609D-04     0.00
      136 1.8D-06  7.509D+02  5.571D-12 9.2D-09 1.9D-01    2    0 2.54D-02 1.00D+00 1.00D+00 6.594D-04     0.00
      137 1.8D-06  7.509D+02  5.457D-12 9.2D-09 1.9D-01    1    0 7.75D-02 1.00D+00 1.00D+00 6.602D-04     0.00
      138 1.8D-06  7.509D+02  5.230D-12 9.2D-09 1.9D-01    2    0 2.85D-02 1.00D+00 1.00D+00 6.584D-04     0.00
      139 1.8D-06  7.509D+02  5.457D-12 9.2D-09 1.9D-01    1    0 8.72D-02 1.00D+00 1.00D+00 6.595D-04     0.00
      140 1.8D-06  7.509D+02  5.343D-12 9.2D-09 1.9D-01    2    0 3.21D-02 1.00D+00 1.00D+00 6.579D-04     0.00

    inner barrier   scaled     scaled     min     min    NW   SE     dx      alpha    alpha    inner   time (s)
     ite   param   obj func     feas      x-l     u-x   pert pert   norm      max             opt err 
      141 1.8D-06  7.509D+02  5.230D-12 9.2D-09 1.9D-01    1    0 9.79D-02 1.00D+00 1.00D+00 6.587D-04     0.00
      142 1.8D-06  7.509D+02  5.002D-12 9.2D-09 1.9D-01    2    0 3.61D-02 1.00D+00 1.00D+00 6.576D-04     0.00
      143 1.8D-06  7.509D+02  5.230D-12 9.2D-09 1.9D-01    1    0 1.10D-01 1.00D+00 1.00D+00 6.579D-04     0.00
      144 1.8D-06  7.509D+02  5.230D-12 9.2D-09 1.9D-01    2    0 4.05D-02 1.00D+00 1.00D+00 6.573D-04     0.00
      145 1.8D-06  7.509D+02  5.002D-12 9.2D-09 1.9D-01    1    0 1.24D-01 1.00D+00 1.00D+00 6.571D-04     0.00
      146 1.8D-06  7.509D+02  5.230D-12 9.2D-09 1.9D-01    2    0 4.55D-02 1.00D+00 1.00D+00 6.569D-04     0.00
      147 1.8D-06  7.509D+02  5.002D-12 9.2D-09 1.9D-01    2    0 1.72D-02 1.00D+00 1.00D+00 6.569D-04     0.00
      148 1.8D-06  7.509D+02  5.002D-12 9.2D-09 1.9D-01    1    0 5.08D-02 1.00D+00 1.00D+00 6.567D-04     0.00
      149 1.8D-06  7.509D+02  5.230D-12 9.2D-09 1.9D-01    2    0 1.92D-02 1.00D+00 1.00D+00 6.567D-04     0.00
      150 1.8D-06  7.509D+02  5.343D-12 9.2D-09 1.9D-01    1    0 5.69D-02 1.00D+00 1.00D+00 6.565D-04     0.00

    inner barrier   scaled     scaled     min     min    NW   SE     dx      alpha    alpha    inner   time (s)
     ite   param   obj func     feas      x-l     u-x   pert pert   norm      max             opt err 
      151 1.8D-06  7.509D+02  5.343D-12 9.2D-09 1.9D-01    2    0 2.15D-02 1.00D+00 1.00D+00 6.565D-04     0.00
      152 1.8D-06  7.509D+02  5.343D-12 9.2D-09 1.9D-01    1    0 6.38D-02 1.00D+00 1.00D+00 6.563D-04     0.00
      153 1.8D-06  7.509D+02  5.571D-12 9.2D-09 1.9D-01    2    0 2.41D-02 1.00D+00 1.00D+00 6.563D-04     0.00
      154 1.8D-06  7.509D+02  5.798D-12 9.2D-09 1.9D-01    1    0 7.17D-02 1.00D+00 1.00D+00 6.560D-04     0.00
      155 1.8D-06  7.509D+02  5.798D-12 9.2D-09 1.9D-01    2    0 2.70D-02 1.00D+00 1.00D+00 6.560D-04     0.00
      156 1.8D-06  7.509D+02  5.912D-12 9.2D-09 1.9D-01    1    0 8.10D-02 1.00D+00 1.00D+00 6.557D-04     0.00
      157 1.8D-06  7.509D+02  5.343D-12 9.2D-09 1.9D-01    2    0 3.03D-02 1.00D+00 1.00D+00 6.557D-04     0.00
      158 1.8D-06  7.509D+02  5.571D-12 9.2D-09 1.9D-01    1    0 9.15D-02 1.00D+00 1.00D+00 6.554D-04     0.00
      159 1.8D-06  7.509D+02  5.571D-12 9.2D-09 1.9D-01    2    0 3.40D-02 1.00D+00 1.00D+00 6.554D-04     0.00
      160 1.8D-06  7.509D+02  5.457D-12 9.2D-09 1.9D-01    1    0 1.03D-01 1.00D+00 1.00D+00 6.550D-04     0.00

    inner barrier   scaled     scaled     min     min    NW   SE     dx      alpha    alpha    inner   time (s)
     ite   param   obj func     feas      x-l     u-x   pert pert   norm      max             opt err 
      161 1.8D-06  7.509D+02  5.684D-12 9.2D-09 1.9D-01    2    0 3.82D-02 1.00D+00 1.00D+00 6.550D-04     0.00
      162 1.8D-06  7.509D+02  5.343D-12 9.2D-09 1.9D-01    1    0 1.16D-01 1.00D+00 1.00D+00 6.546D-04     0.00
      163 1.8D-06  7.509D+02  5.343D-12 9.2D-09 1.9D-01    2    0 4.30D-02 1.00D+00 1.00D+00 6.546D-04     0.00
      164 1.8D-06  7.509D+02  5.230D-12 9.2D-09 1.9D-01    1    0 1.31D-01 1.00D+00 1.00D+00 6.541D-04     0.00
      165 1.8D-06  7.509D+02  5.230D-12 9.2D-09 1.9D-01    2    0 4.82D-02 1.00D+00 1.00D+00 6.541D-04     0.00
      166 1.8D-06  7.509D+02  5.116D-12 9.2D-09 1.9D-01    1    0 1.48D-01 1.00D+00 1.00D+00 6.535D-04     0.00
      167 1.8D-06  7.509D+02  5.343D-12 9.2D-09 1.9D-01    2    0 5.42D-02 1.00D+00 1.00D+00 6.536D-04     0.00
      168 1.8D-06  7.509D+02  5.457D-12 9.2D-09 1.9D-01    1    0 1.65D-01 1.00D+00 1.00D+00 6.529D-04     0.00
      169 1.8D-06  7.509D+02  5.343D-12 9.2D-09 1.9D-01    2    0 6.03D-02 1.00D+00 1.00D+00 6.529D-04     0.00
      170 1.8D-06  7.509D+02  5.798D-12 9.2D-09 1.9D-01    2    0 2.26D-02 1.00D+00 1.00D+00 6.529D-04     0.00

    inner barrier   scaled     scaled     min     min    NW   SE     dx      alpha    alpha    inner   time (s)
     ite   param   obj func     feas      x-l     u-x   pert pert   norm      max             opt err 
      171 1.8D-06  7.509D+02  5.798D-12 9.2D-09 1.9D-01    1    0 6.78D-02 1.00D+00 1.00D+00 6.526D-04     0.00
      172 1.8D-06  7.509D+02  5.798D-12 9.2D-09 1.9D-01    2    0 2.54D-02 1.00D+00 1.00D+00 6.526D-04     0.00
      173 1.8D-06  7.509D+02  6.025D-12 9.2D-09 1.9D-01    1    0 7.63D-02 1.00D+00 1.00D+00 6.523D-04     0.00
      174 1.8D-06  7.509D+02  5.798D-12 9.2D-09 1.9D-01    2    0 2.85D-02 1.00D+00 1.00D+00 6.523D-04     0.00
      175 1.8D-06  7.509D+02  5.912D-12 9.2D-09 1.9D-01    1    0 8.59D-02 1.00D+00 1.00D+00 6.519D-04     0.00
      176 1.8D-06  7.509D+02  5.912D-12 9.2D-09 1.9D-01    2    0 3.20D-02 1.00D+00 1.00D+00 6.519D-04     0.00
      177 1.8D-06  7.509D+02  5.912D-12 9.2D-09 1.9D-01    1    0 9.67D-02 1.00D+00 1.00D+00 6.515D-04     0.00
      178 1.8D-06  7.509D+02  5.912D-12 9.2D-09 1.9D-01    2    0 3.60D-02 1.00D+00 1.00D+00 6.515D-04     0.00
      179 1.8D-06  7.509D+02  5.912D-12 9.2D-09 1.9D-01    1    0 1.09D-01 1.00D+00 1.00D+00 6.511D-04     0.00
      180 1.8D-06  7.509D+02  5.912D-12 9.2D-09 1.9D-01    2    0 4.04D-02 1.00D+00 1.00D+00 6.511D-04     0.00

    inner barrier   scaled     scaled     min     min    NW   SE     dx      alpha    alpha    inner   time (s)
     ite   param   obj func     feas      x-l     u-x   pert pert   norm      max             opt err 
      181 1.8D-06  7.509D+02  5.912D-12 9.2D-09 1.9D-01    1    0 1.22D-01 1.00D+00 1.00D+00 6.505D-04     0.00
      182 1.8D-06  7.509D+02  5.457D-12 9.2D-09 1.9D-01    2    0 4.54D-02 1.00D+00 1.00D+00 6.505D-04     0.00
      183 1.8D-06  7.509D+02  5.457D-12 9.2D-09 1.9D-01    1    0 1.37D-01 1.00D+00 1.00D+00 6.499D-04     0.00
      184 1.8D-06  7.509D+02  5.684D-12 9.2D-09 1.8D-01    2    0 5.09D-02 1.00D+00 1.00D+00 6.499D-04     0.00
      185 1.8D-06  7.509D+02  5.798D-12 9.2D-09 1.8D-01    1    0 1.54D-01 1.00D+00 1.00D+00 6.492D-04     0.00
      186 1.8D-06  7.509D+02  5.912D-12 9.2D-09 1.8D-01    2    0 5.72D-02 1.00D+00 1.00D+00 6.493D-04     0.00
      187 1.8D-06  7.509D+02  5.798D-12 9.2D-09 1.7D-01    1    0 1.74D-01 1.00D+00 1.00D+00 6.484D-04     0.00
      188 1.8D-06  7.509D+02  5.798D-12 9.2D-09 1.7D-01    2    0 6.41D-02 1.00D+00 1.00D+00 6.485D-04     0.00
      189 1.8D-06  7.509D+02  5.798D-12 9.2D-09 1.7D-01    1    0 1.91D-01 1.00D+00 1.00D+00 6.475D-04     0.00
      190 1.8D-06  7.509D+02  5.798D-12 9.2D-09 1.7D-01    2    0 7.16D-02 1.00D+00 1.00D+00 6.476D-04     0.00

    inner barrier   scaled     scaled     min     min    NW   SE     dx      alpha    alpha    inner   time (s)
     ite   param   obj func     feas      x-l     u-x   pert pert   norm      max             opt err 
      191 1.8D-06  7.509D+02  6.025D-12 9.2D-09 1.7D-01    2    0 2.70D-02 1.00D+00 1.00D+00 6.475D-04     0.00
      192 1.8D-06  7.509D+02  5.912D-12 9.2D-09 1.7D-01    1    0 8.01D-02 1.00D+00 1.00D+00 6.472D-04     0.00
      193 1.8D-06  7.509D+02  5.798D-12 9.2D-09 1.7D-01    2    0 3.02D-02 1.00D+00 1.00D+00 6.471D-04     0.00
      194 1.8D-06  7.509D+02  6.025D-12 9.2D-09 1.6D-01    1    0 8.97D-02 1.00D+00 1.00D+00 6.467D-04     0.00
      195 1.8D-06  7.509D+02  5.798D-12 9.2D-09 1.6D-01    2    0 3.38D-02 1.00D+00 1.00D+00 6.467D-04     0.00
      196 1.8D-06  7.509D+02  5.684D-12 9.2D-09 1.6D-01    1    0 1.01D-01 1.00D+00 1.00D+00 6.462D-04     0.00
      197 1.8D-06  7.509D+02  5.684D-12 9.2D-09 1.6D-01    2    0 3.79D-02 1.00D+00 1.00D+00 6.462D-04     0.00
      198 1.8D-06  7.509D+02  5.343D-12 9.2D-09 1.6D-01    1    0 1.13D-01 1.00D+00 1.00D+00 6.456D-04     0.00
      199 1.8D-06  7.509D+02  5.571D-12 9.2D-09 1.6D-01    2    0 4.25D-02 1.00D+00 1.00D+00 6.456D-04     0.00
      200 1.8D-06  7.509D+02  5.457D-12 9.2D-09 1.6D-01    1    0 1.28D-01 1.00D+00 1.00D+00 6.450D-04     0.00

    inner barrier   scaled     scaled     min     min    NW   SE     dx      alpha    alpha    inner   time (s)
     ite   param   obj func     feas      x-l     u-x   pert pert   norm      max             opt err 
      201 1.8D-06  7.509D+02  5.571D-12 9.2D-09 1.6D-01    2    0 4.77D-02 1.00D+00 1.00D+00 6.450D-04     0.00


     5 2.5D-09  9.468215D+07  7.508883D+02 6.450D-04   409M

    inner barrier   scaled     scaled     min     min    NW   SE     dx      alpha    alpha    inner   time (s)
     ite   param   obj func     feas      x-l     u-x   pert pert   norm      max             opt err 
        1 2.5D-09  7.509D+02  5.798D-12 1.3D-11 1.4D-01    1    0 1.64D-01 1.00D+00 1.00D+00 6.442D-04     0.00
        2 2.5D-09  7.509D+02  5.571D-12 1.8D-12 1.4D-01    1    0 4.35D-01 2.69D-01 2.69D-01 6.431D-04     0.00
        3 2.5D-09  7.509D+02  5.457D-12 1.3D-11 1.1D-01    1    0 1.26D+00 1.00D+00 1.00D+00 2.022D-03     0.00
        4 2.5D-09  7.509D+02  5.457D-12 1.1D-14 6.8D-02    1    0 3.55D+00 6.38D-01 6.38D-01 8.345D-03     0.00
        5 2.5D-09  7.509D+02  5.684D-12 1.3D-11 1.7D-10    1    0 9.00D+00 4.11D-01 4.11D-01 2.606D-02     0.00
        6 2.5D-09  7.509D+02  5.457D-12 1.3D-11 1.4D-02    1    0 1.65D+01 1.00D+00 1.00D+00 3.623D-01     0.00
        7 2.5D-09  7.509D+02  5.798D-12 1.3D-11 6.9D-02    4    0 4.77D-01 1.00D+00 1.00D+00 1.990D-03     0.00
        8 2.5D-09  7.509D+02  5.571D-12 1.3D-11 6.2D-02    1    0 3.93D-01 1.00D+00 1.00D+00 6.002D-04     0.00
        9 2.5D-09  7.509D+02  5.571D-12 1.3D-11 5.9D-02    2    0 1.50D-01 1.00D+00 1.00D+00 5.228D-04     0.00
       10 2.5D-09  7.509D+02  5.571D-12 1.3D-11 4.4D-02    1    0 4.56D-01 1.00D+00 1.00D+00 4.772D-04     0.00

    inner barrier   scaled     scaled     min     min    NW   SE     dx      alpha    alpha    inner   time (s)
     ite   param   obj func     feas      x-l     u-x   pert pert   norm      max             opt err 
       11 2.5D-09  7.509D+02  5.571D-12 1.3D-11 4.1D-02    2    0 1.65D-01 1.00D+00 1.00D+00 4.706D-04     0.00
       12 2.5D-09  7.509D+02  5.571D-12 1.3D-11 1.5D-02    1    0 5.19D-01 1.00D+00 1.00D+00 4.856D-04     0.00
       13 2.5D-09  7.509D+02  5.571D-12 1.3D-11 1.2D-02    2    0 1.80D-01 1.00D+00 1.00D+00 4.596D-04     0.00
       14 2.5D-09  7.509D+02  5.571D-12 1.3D-11 1.1D-02    2    0 6.70D-02 1.00D+00 1.00D+00 4.587D-04     0.00
       15 2.5D-09  7.509D+02  5.571D-12 1.3D-11 7.5D-03    1    0 2.01D-01 1.00D+00 1.00D+00 4.557D-04     0.00
       16 2.5D-09  7.509D+02  5.571D-12 1.3D-11 6.3D-03    2    0 7.48D-02 1.00D+00 1.00D+00 4.550D-04     0.00
       17 2.5D-09  7.509D+02  5.571D-12 1.3D-11 2.4D-03    1    0 2.25D-01 1.00D+00 1.00D+00 4.520D-04     0.00
       18 2.5D-09  7.509D+02  5.571D-12 1.3D-11 1.2D-03    2    0 8.33D-02 1.00D+00 1.00D+00 4.513D-04     0.00
       19 2.5D-09  7.509D+02  5.571D-12 1.3D-11 2.9D-12    1    0 2.50D-01 3.01D-01 3.01D-01 4.486D-04     0.00
       20 2.5D-09  7.509D+02  5.571D-12 1.3D-11 3.7D-04    1    0 7.25D-01 1.00D+00 1.00D+00 1.345D-03     0.00

    inner barrier   scaled     scaled     min     min    NW   SE     dx      alpha    alpha    inner   time (s)
     ite   param   obj func     feas      x-l     u-x   pert pert   norm      max             opt err 
       21 2.5D-09  7.509D+02  5.798D-12 1.3D-11 5.7D-04    1    0 2.05D+00 1.00D+00 1.00D+00 1.173D-02     0.00
       22 2.5D-09  7.509D+02  5.798D-12 1.3D-11 1.4D-12    3    0 9.58D-02 4.77D-01 4.77D-01 6.084D-03     0.00
       23 2.5D-09  7.509D+02  5.798D-12 1.3D-11 5.6D-07    1    0 2.84D-01 1.00D+00 9.77D-04 6.094D-03     0.00
       24 2.5D-09  7.509D+02  5.798D-12 1.3D-11 7.3D-05    1    0 8.36D-01 1.00D+00 1.00D+00 1.757D-03     0.00
       25 2.5D-09  7.509D+02  5.798D-12 1.3D-11 2.6D-04    1    0 2.33D+00 8.84D-01 8.84D-01 1.259D-02     0.00
       26 2.5D-09  7.509D+02  5.798D-12 1.3D-11 2.6D-04    3    0 4.64D-01 2.65D-01 2.59D-04 3.664D-02     0.00
       27 2.5D-09  7.509D+02  5.798D-12 1.3D-11 6.6D-13    1    0 1.95D-01 6.77D-01 6.77D-01 4.929D-03     0.00
       28 2.5D-09  7.509D+02  5.798D-12 2.1D-14 9.5D-05    1    0 4.93D-01 8.85D-01 8.85D-01 6.432D-04     0.00
       29 2.5D-09  7.509D+02  5.798D-12 1.3D-11 2.2D-04    1    0 1.36D+00 3.28D-01 3.28D-01 5.074D-04     0.00
       30 2.5D-09  7.509D+02  5.798D-12 1.3D-11 2.2D-04    3    0 6.91D-02 2.35D-01 1.83D-03 4.447D-04     0.00

    inner barrier   scaled     scaled     min     min    NW   SE     dx      alpha    alpha    inner   time (s)
     ite   param   obj func     feas      x-l     u-x   pert pert   norm      max             opt err 
       31 2.5D-09  7.509D+02  5.798D-12 1.3D-11 2.3D-05    1    0 1.93D-01 1.00D+00 1.00D+00 3.405D-04     0.00
       32 2.5D-09  7.509D+02  5.798D-12 1.3D-11 1.3D-04    1    0 5.59D-01 1.00D+00 1.00D+00 3.346D-04     0.00
       33 2.5D-09  7.509D+02  5.798D-12 1.3D-11 3.8D-04    1    0 1.58D+00 1.00D+00 1.00D+00 3.180D-04     0.00
       34 2.5D-09  7.509D+02  5.798D-12 1.3D-11 9.6D-13    3    0 7.47D-02 3.60D-01 3.60D-01 3.177D-04     0.00
       35 2.5D-09  7.509D+02  5.798D-12 1.3D-11 1.9D-07    1    0 2.20D-01 1.00D+00 4.88D-04 3.177D-04     0.00
       36 2.5D-09  7.509D+02  5.798D-12 1.3D-11 1.3D-04    1    0 6.49D-01 1.00D+00 1.00D+00 3.108D-04     0.00
       37 2.5D-09  7.509D+02  5.798D-12 1.3D-11 4.0D-11    1    0 1.82D+00 5.97D-01 5.97D-01 2.993D-04     0.00
       38 2.5D-09  7.509D+02  5.798D-12 1.3D-11 6.3D-04    1    0 4.64D+00 3.97D-01 3.97D-01 3.488D-04     0.00
       39 2.5D-09  7.509D+02  5.798D-12 1.3D-11 6.3D-04    3    0 3.40D-01 2.06D-01 4.02D-04 5.960D-04     0.00
       40 2.5D-09  7.509D+02  5.798D-12 1.3D-11 1.6D-12    1    0 4.74D-01 5.98D-01 5.98D-01 2.773D-04     0.00

    inner barrier   scaled     scaled     min     min    NW   SE     dx      alpha    alpha    inner   time (s)
     ite   param   obj func     feas      x-l     u-x   pert pert   norm      max             opt err 
       41 2.5D-09  7.509D+02  5.798D-12 1.3D-11 2.4D-04    1    0 1.35D+00 1.00D+00 1.00D+00 2.662D-04     0.00
       42 2.5D-09  7.509D+02  5.798D-12 1.3D-11 6.4D-04    1    0 3.51D+00 1.00D+00 1.00D+00 2.364D-04     0.00
       43 2.5D-09  7.509D+02  5.798D-12 1.3D-11 9.1D-04    3    0 1.64D-01 1.00D+00 1.00D+00 2.350D-04     0.00
       44 2.5D-09  7.509D+02  5.798D-12 1.3D-11 2.0D-03    1    0 4.82D-01 1.00D+00 1.00D+00 2.310D-04     0.00
       45 2.5D-09  7.509D+02  5.798D-12 1.3D-11 2.4D-03    2    0 1.80D-01 1.00D+00 1.00D+00 2.294D-04     0.00
       46 2.5D-09  7.509D+02  5.798D-12 1.3D-11 2.5D-03    2    0 6.72D-02 1.00D+00 1.00D+00 2.289D-04     0.00
       47 2.5D-09  7.509D+02  5.798D-12 1.3D-11 3.1D-03    1    0 2.00D-01 1.00D+00 1.00D+00 2.272D-04     0.00
       48 2.5D-09  7.509D+02  5.798D-12 1.3D-11 3.3D-03    2    0 7.48D-02 1.00D+00 1.00D+00 2.265D-04     0.00
       49 2.5D-09  7.509D+02  5.798D-12 1.3D-11 4.4D-03    1    0 2.23D-01 1.00D+00 1.00D+00 2.246D-04     0.00
       50 2.5D-09  7.509D+02  5.798D-12 1.3D-11 4.6D-03    2    0 8.32D-02 1.00D+00 1.00D+00 2.239D-04     0.00

    inner barrier   scaled     scaled     min     min    NW   SE     dx      alpha    alpha    inner   time (s)
     ite   param   obj func     feas      x-l     u-x   pert pert   norm      max             opt err 
       51 2.5D-09  7.509D+02  5.798D-12 1.3D-11 6.3D-03    1    0 2.49D-01 1.00D+00 1.00D+00 2.218D-04     0.00
       52 2.5D-09  7.509D+02  5.798D-12 1.3D-11 6.7D-03    2    0 9.24D-02 1.00D+00 1.00D+00 2.211D-04     0.00
       53 2.5D-09  7.509D+02  5.798D-12 1.3D-11 8.9D-03    1    0 2.77D-01 1.00D+00 1.00D+00 2.187D-04     0.00
       54 2.5D-09  7.509D+02  5.798D-12 1.3D-11 9.5D-03    2    0 1.03D-01 1.00D+00 1.00D+00 2.179D-04     0.00
       55 2.5D-09  7.509D+02  5.798D-12 1.3D-11 1.2D-02    1    0 3.09D-01 1.00D+00 1.00D+00 2.153D-04     0.00
       56 2.5D-09  7.509D+02  5.798D-12 1.3D-11 1.3D-02    2    0 1.14D-01 1.00D+00 1.00D+00 2.143D-04     0.00
       57 2.5D-09  7.509D+02  5.798D-12 1.3D-11 1.5D-02    1    0 3.44D-01 1.00D+00 1.00D+00 2.115D-04     0.00
       58 2.5D-09  7.509D+02  5.798D-12 1.3D-11 1.6D-02    2    0 1.26D-01 1.00D+00 1.00D+00 2.104D-04     0.00
       59 2.5D-09  7.509D+02  5.798D-12 1.3D-11 2.0D-02    1    0 3.81D-01 1.00D+00 1.00D+00 2.073D-04     0.00
       60 2.5D-09  7.509D+02  5.798D-12 1.3D-11 2.1D-02    2    0 1.40D-01 1.00D+00 1.00D+00 2.061D-04     0.00

    inner barrier   scaled     scaled     min     min    NW   SE     dx      alpha    alpha    inner   time (s)
     ite   param   obj func     feas      x-l     u-x   pert pert   norm      max             opt err 
       61 2.5D-09  7.509D+02  5.798D-12 1.3D-11 2.5D-02    1    0 4.27D-01 1.00D+00 1.00D+00 2.027D-04     0.00
       62 2.5D-09  7.509D+02  5.798D-12 1.3D-11 2.7D-02    2    0 1.55D-01 1.00D+00 1.00D+00 2.014D-04     0.00
       63 2.5D-09  7.509D+02  5.798D-12 1.3D-11 3.0D-02    1    0 4.65D-01 5.80D-01 5.80D-01 1.992D-04     0.00
       64 2.5D-09  7.509D+02  5.798D-12 1.3D-11 3.0D-02    2    0 1.38D-01 1.00D+00 4.88D-04 1.289D-04     0.00
       65 2.5D-09  7.509D+02  5.798D-12 1.3D-11 3.1D-02    2    0 3.01D-02 1.00D+00 1.00D+00 1.178D-04     0.00
       66 2.5D-09  7.509D+02  5.798D-12 1.3D-11 3.3D-02    1    0 9.03D-02 1.00D+00 1.00D+00 1.169D-04     0.00
       67 2.5D-09  7.509D+02  5.798D-12 1.3D-11 3.4D-02    2    0 3.36D-02 1.00D+00 1.00D+00 1.165D-04     0.00
       68 2.5D-09  7.509D+02  5.798D-12 1.3D-11 3.7D-02    1    0 1.02D-01 1.00D+00 1.00D+00 1.155D-04     0.00
       69 2.5D-09  7.509D+02  5.798D-12 1.3D-11 3.8D-02    2    0 3.74D-02 1.00D+00 1.00D+00 1.151D-04     0.00
       70 2.5D-09  7.509D+02  5.798D-12 1.3D-11 4.1D-02    1    0 1.14D-01 1.00D+00 1.00D+00 1.139D-04     0.00

    inner barrier   scaled     scaled     min     min    NW   SE     dx      alpha    alpha    inner   time (s)
     ite   param   obj func     feas      x-l     u-x   pert pert   norm      max             opt err 
       71 2.5D-09  7.509D+02  5.798D-12 1.3D-11 4.2D-02    2    0 4.18D-02 1.00D+00 1.00D+00 1.135D-04     0.00
       72 2.5D-09  7.509D+02  5.798D-12 1.3D-11 4.6D-02    1    0 1.28D-01 1.00D+00 1.00D+00 1.122D-04     0.00
       73 2.5D-09  7.509D+02  5.798D-12 1.3D-11 4.7D-02    2    0 4.66D-02 1.00D+00 1.00D+00 1.117D-04     0.00
       74 2.5D-09  7.509D+02  5.798D-12 1.3D-11 4.7D-02    1    0 1.43D-01 1.00D+00 1.00D+00 1.103D-04     0.00
       75 2.5D-09  7.509D+02  5.798D-12 1.3D-11 4.9D-02    2    0 5.19D-02 1.00D+00 1.00D+00 1.097D-04     0.00
       76 2.5D-09  7.509D+02  5.798D-12 1.3D-11 4.5D-02    1    0 1.61D-01 1.00D+00 1.00D+00 1.082D-04     0.00
       77 2.5D-09  7.509D+02  5.798D-12 1.3D-11 4.7D-02    2    0 5.79D-02 1.00D+00 1.00D+00 1.076D-04     0.00
       78 2.5D-09  7.509D+02  5.798D-12 1.3D-11 4.2D-02    1    0 1.81D-01 1.00D+00 1.00D+00 1.059D-04     0.00
       79 2.5D-09  7.509D+02  5.798D-12 1.3D-11 4.4D-02    2    0 6.44D-02 1.00D+00 1.00D+00 1.052D-04     0.00
       80 2.5D-09  7.509D+02  5.798D-12 1.3D-11 3.8D-02    1    0 2.02D-01 1.00D+00 1.00D+00 1.033D-04     0.00

    inner barrier   scaled     scaled     min     min    NW   SE     dx      alpha    alpha    inner   time (s)
     ite   param   obj func     feas      x-l     u-x   pert pert   norm      max             opt err 
       81 2.5D-09  7.509D+02  5.798D-12 1.3D-11 4.2D-02    2    0 7.15D-02 1.00D+00 1.00D+00 1.026D-04     0.00
       82 2.5D-09  7.509D+02  5.798D-12 1.3D-11 4.3D-02    2    0 2.70D-02 1.00D+00 1.00D+00 1.023D-04     0.00
       83 2.5D-09  7.509D+02  5.798D-12 1.3D-11 4.5D-02    1    0 7.82D-02 1.00D+00 1.00D+00 1.015D-04     0.00
       84 2.5D-09  7.509D+02  5.798D-12 1.3D-11 4.5D-02    2    0 2.95D-02 1.00D+00 1.00D+00 1.013D-04     0.00
       85 2.5D-09  7.509D+02  5.798D-12 1.3D-11 4.6D-02    1    0 8.65D-02 1.00D+00 1.00D+00 1.004D-04     0.00
       86 2.5D-09  7.509D+02  5.798D-12 1.3D-11 4.6D-02    2    0 3.27D-02 1.00D+00 1.00D+00 1.000D-04     0.00
       87 2.5D-09  7.509D+02  5.798D-12 1.3D-11 4.5D-02    1    0 9.86D-02 1.00D+00 1.00D+00 9.907D-05     0.00
       88 2.5D-09  7.509D+02  5.798D-12 1.3D-11 4.5D-02    2    0 3.64D-02 1.00D+00 1.00D+00 9.871D-05     0.00
       89 2.5D-09  7.509D+02  5.798D-12 1.3D-11 4.3D-02    1    0 1.12D-01 1.00D+00 1.00D+00 9.763D-05     0.00
       90 2.5D-09  7.509D+02  5.798D-12 1.3D-11 4.4D-02    2    0 4.06D-02 1.00D+00 1.00D+00 9.722D-05     0.00

    inner barrier   scaled     scaled     min     min    NW   SE     dx      alpha    alpha    inner   time (s)
     ite   param   obj func     feas      x-l     u-x   pert pert   norm      max             opt err 
       91 2.5D-09  7.509D+02  5.798D-12 1.3D-11 4.1D-02    1    0 1.26D-01 1.00D+00 1.00D+00 9.603D-05     0.00
       92 2.5D-09  7.509D+02  5.798D-12 1.3D-11 4.3D-02    2    0 4.54D-02 1.00D+00 1.00D+00 9.558D-05     0.00
       93 2.5D-09  7.509D+02  5.798D-12 1.3D-11 3.9D-02    1    0 1.42D-01 1.00D+00 1.00D+00 9.426D-05     0.00
       94 2.5D-09  7.509D+02  5.798D-12 1.3D-11 4.1D-02    2    0 5.07D-02 1.00D+00 1.00D+00 9.377D-05     0.00
       95 2.5D-09  7.509D+02  5.798D-12 1.3D-11 3.6D-02    1    0 1.59D-01 1.00D+00 1.00D+00 9.232D-05     0.00
       96 2.5D-09  7.509D+02  5.798D-12 1.3D-11 3.9D-02    2    0 5.64D-02 1.00D+00 1.00D+00 9.178D-05     0.00
       97 2.5D-09  7.509D+02  5.798D-12 1.3D-11 4.0D-02    2    0 2.13D-02 1.00D+00 1.00D+00 9.157D-05     0.00
       98 2.5D-09  7.509D+02  5.798D-12 1.3D-11 4.1D-02    1    0 6.18D-02 1.00D+00 1.00D+00 9.097D-05     0.00
       99 2.5D-09  7.509D+02  5.798D-12 1.3D-11 4.2D-02    2    0 2.33D-02 1.00D+00 1.00D+00 9.074D-05     0.00
      100 2.5D-09  7.509D+02  5.798D-12 1.3D-11 4.2D-02    1    0 6.84D-02 1.00D+00 1.00D+00 9.007D-05     0.00

    inner barrier   scaled     scaled     min     min    NW   SE     dx      alpha    alpha    inner   time (s)
     ite   param   obj func     feas      x-l     u-x   pert pert   norm      max             opt err 
      101 2.5D-09  7.509D+02  5.798D-12 1.3D-11 4.2D-02    2    0 2.58D-02 1.00D+00 1.00D+00 8.982D-05     0.00
      102 2.5D-09  7.509D+02  5.798D-12 1.3D-11 4.1D-02    1    0 7.79D-02 1.00D+00 1.00D+00 8.907D-05     0.00
      103 2.5D-09  7.509D+02  5.798D-12 1.3D-11 4.2D-02    2    0 2.88D-02 1.00D+00 1.00D+00 8.879D-05     0.00
      104 2.5D-09  7.509D+02  5.798D-12 1.3D-11 4.0D-02    1    0 8.85D-02 1.00D+00 1.00D+00 8.796D-05     0.00
      105 2.5D-09  7.509D+02  5.798D-12 1.3D-11 4.1D-02    2    0 3.22D-02 1.00D+00 1.00D+00 8.765D-05     0.00
      106 2.5D-09  7.509D+02  5.798D-12 1.3D-11 3.8D-02    1    0 9.97D-02 1.00D+00 1.00D+00 8.672D-05     0.00
      107 2.5D-09  7.509D+02  5.798D-12 1.3D-11 3.9D-02    2    0 3.60D-02 1.00D+00 1.00D+00 8.638D-05     0.00
      108 2.5D-09  7.509D+02  5.798D-12 1.3D-11 3.6D-02    1    0 1.13D-01 1.00D+00 1.00D+00 8.536D-05     0.00
      109 2.5D-09  7.509D+02  5.798D-12 1.3D-11 3.8D-02    2    0 4.03D-02 1.00D+00 1.00D+00 8.497D-05     0.00
      110 2.5D-09  7.509D+02  5.798D-12 1.3D-11 3.3D-02    1    0 1.28D-01 1.00D+00 1.00D+00 8.384D-05     0.00

    inner barrier   scaled     scaled     min     min    NW   SE     dx      alpha    alpha    inner   time (s)
     ite   param   obj func     feas      x-l     u-x   pert pert   norm      max             opt err 
      111 2.5D-09  7.509D+02  5.798D-12 1.3D-11 3.6D-02    2    0 4.52D-02 1.00D+00 1.00D+00 8.342D-05     0.00
      112 2.5D-09  7.509D+02  5.798D-12 1.3D-11 3.6D-02    1    0 1.31D-01 1.00D+00 1.00D+00 8.218D-05     0.00
      113 2.5D-09  7.509D+02  5.798D-12 1.3D-11 3.7D-02    2    0 4.91D-02 1.00D+00 1.00D+00 8.171D-05     0.00
      114 2.5D-09  7.509D+02  5.798D-12 1.3D-11 3.8D-02    2    0 1.86D-02 1.00D+00 1.00D+00 8.154D-05     0.00
      115 2.5D-09  7.509D+02  5.798D-12 1.3D-11 3.8D-02    1    0 5.43D-02 1.00D+00 1.00D+00 8.102D-05     0.00
      116 2.5D-09  7.509D+02  5.798D-12 1.3D-11 3.8D-02    2    0 2.05D-02 1.00D+00 1.00D+00 8.083D-05     0.00
      117 2.5D-09  7.509D+02  5.798D-12 1.3D-11 3.8D-02    1    0 6.16D-02 1.00D+00 1.00D+00 8.025D-05     0.00
      118 2.5D-09  7.509D+02  5.798D-12 1.3D-11 3.8D-02    2    0 2.29D-02 1.00D+00 1.00D+00 8.004D-05     0.00
      119 2.5D-09  7.509D+02  5.798D-12 1.3D-11 3.7D-02    1    0 7.01D-02 1.00D+00 1.00D+00 7.939D-05     0.00
      120 2.5D-09  7.509D+02  5.798D-12 1.3D-11 3.8D-02    2    0 2.56D-02 1.00D+00 1.00D+00 7.915D-05     0.00

    inner barrier   scaled     scaled     min     min    NW   SE     dx      alpha    alpha    inner   time (s)
     ite   param   obj func     feas      x-l     u-x   pert pert   norm      max             opt err 
      121 2.5D-09  7.509D+02  5.798D-12 1.3D-11 3.6D-02    1    0 7.93D-02 1.00D+00 1.00D+00 7.844D-05     0.00
      122 2.5D-09  7.509D+02  5.798D-12 1.3D-11 3.7D-02    2    0 2.87D-02 1.00D+00 1.00D+00 7.817D-05     0.00
      123 2.5D-09  7.509D+02  5.798D-12 1.3D-11 3.4D-02    1    0 8.96D-02 1.00D+00 1.00D+00 7.738D-05     0.00
      124 2.5D-09  7.509D+02  5.798D-12 1.3D-11 3.5D-02    2    0 3.22D-02 1.00D+00 1.00D+00 7.708D-05     0.00
      125 2.5D-09  7.509D+02  5.798D-12 1.3D-11 3.2D-02    1    0 1.03D-01 1.00D+00 1.00D+00 7.621D-05     0.00
      126 2.5D-09  7.509D+02  5.798D-12 1.3D-11 3.4D-02    2    0 3.61D-02 1.00D+00 1.00D+00 7.588D-05     0.00
      127 2.5D-09  7.509D+02  5.798D-12 1.3D-11 3.1D-02    1    0 1.11D-01 1.00D+00 1.00D+00 7.491D-05     0.00
      128 2.5D-09  7.509D+02  5.798D-12 1.3D-11 3.3D-02    2    0 3.99D-02 1.00D+00 1.00D+00 7.454D-05     0.00
      129 2.5D-09  7.509D+02  5.798D-12 1.3D-11 3.4D-02    2    0 1.51D-02 1.00D+00 1.00D+00 7.441D-05     0.00
      130 2.5D-09  7.509D+02  5.798D-12 1.3D-11 3.5D-02    1    0 4.38D-02 1.00D+00 1.00D+00 7.400D-05     0.00

    inner barrier   scaled     scaled     min     min    NW   SE     dx      alpha    alpha    inner   time (s)
     ite   param   obj func     feas      x-l     u-x   pert pert   norm      max             opt err 
      131 2.5D-09  7.509D+02  5.798D-12 1.3D-11 3.5D-02    2    0 1.66D-02 1.00D+00 1.00D+00 7.385D-05     0.00
      132 2.5D-09  7.509D+02  5.798D-12 1.3D-11 3.5D-02    1    0 4.89D-02 1.00D+00 1.00D+00 7.340D-05     0.00
      133 2.5D-09  7.509D+02  5.798D-12 1.3D-11 3.5D-02    2    0 1.84D-02 1.00D+00 1.00D+00 7.323D-05     0.00
      134 2.5D-09  7.509D+02  5.798D-12 1.3D-11 3.5D-02    1    0 5.61D-02 1.00D+00 1.00D+00 7.273D-05     0.00
      135 2.5D-09  7.509D+02  5.798D-12 1.3D-11 3.5D-02    2    0 2.06D-02 1.00D+00 1.00D+00 7.254D-05     0.00
      136 2.5D-09  7.509D+02  5.798D-12 1.3D-11 3.4D-02    1    0 6.37D-02 1.00D+00 1.00D+00 7.198D-05     0.00
      137 2.5D-09  7.509D+02  5.798D-12 1.3D-11 3.4D-02    2    0 2.31D-02 1.00D+00 1.00D+00 7.177D-05     0.00
      138 2.5D-09  7.509D+02  5.798D-12 1.3D-11 3.2D-02    1    0 7.20D-02 1.00D+00 1.00D+00 7.115D-05     0.00
      139 2.5D-09  7.509D+02  5.798D-12 1.3D-11 3.3D-02    2    0 2.59D-02 1.00D+00 1.00D+00 7.091D-05     0.00
      140 2.5D-09  7.509D+02  5.798D-12 1.3D-11 3.0D-02    1    0 8.24D-02 1.00D+00 1.00D+00 7.022D-05     0.00

    inner barrier   scaled     scaled     min     min    NW   SE     dx      alpha    alpha    inner   time (s)
     ite   param   obj func     feas      x-l     u-x   pert pert   norm      max             opt err 
      141 2.5D-09  7.509D+02  5.798D-12 1.3D-11 3.2D-02    2    0 2.91D-02 1.00D+00 1.00D+00 6.996D-05     0.00
      142 2.5D-09  7.509D+02  5.798D-12 1.3D-11 2.8D-02    1    0 9.40D-02 1.00D+00 1.00D+00 6.920D-05     0.00
      143 2.5D-09  7.509D+02  5.798D-12 1.3D-11 3.0D-02    2    0 3.27D-02 1.00D+00 1.00D+00 6.891D-05     0.00
      144 2.5D-09  7.509D+02  5.798D-12 1.3D-11 3.1D-02    2    0 1.24D-02 1.00D+00 1.00D+00 6.880D-05     0.00
      145 2.5D-09  7.509D+02  5.798D-12 1.3D-11 3.2D-02    1    0 3.57D-02 1.00D+00 1.00D+00 6.848D-05     0.00
      146 2.5D-09  7.509D+02  5.798D-12 1.3D-11 3.2D-02    2    0 1.35D-02 1.00D+00 1.00D+00 6.836D-05     0.00
      147 2.5D-09  7.509D+02  5.798D-12 1.3D-11 3.3D-02    1    0 3.95D-02 1.00D+00 1.00D+00 6.800D-05     0.00
      148 2.5D-09  7.509D+02  5.798D-12 1.3D-11 3.3D-02    2    0 1.50D-02 1.00D+00 1.00D+00 6.787D-05     0.00
      149 2.5D-09  7.509D+02  5.798D-12 1.3D-11 3.2D-02    1    0 4.52D-02 1.00D+00 1.00D+00 6.747D-05     0.00
      150 2.5D-09  7.509D+02  5.798D-12 1.3D-11 3.3D-02    2    0 1.67D-02 1.00D+00 1.00D+00 6.732D-05     0.00

    inner barrier   scaled     scaled     min     min    NW   SE     dx      alpha    alpha    inner   time (s)
     ite   param   obj func     feas      x-l     u-x   pert pert   norm      max             opt err 
      151 2.5D-09  7.509D+02  5.798D-12 1.3D-11 3.2D-02    1    0 5.15D-02 1.00D+00 1.00D+00 6.688D-05     0.00
      152 2.5D-09  7.509D+02  5.798D-12 1.3D-11 3.2D-02    2    0 1.88D-02 1.00D+00 1.00D+00 6.671D-05     0.00
      153 2.5D-09  7.509D+02  5.798D-12 1.3D-11 3.1D-02    1    0 5.83D-02 1.00D+00 1.00D+00 6.621D-05     0.00
      154 2.5D-09  7.509D+02  5.798D-12 1.3D-11 3.1D-02    2    0 2.11D-02 1.00D+00 1.00D+00 6.603D-05     0.00
      155 2.5D-09  7.509D+02  5.798D-12 1.3D-11 2.9D-02    1    0 6.64D-02 1.00D+00 1.00D+00 6.548D-05     0.00
      156 2.5D-09  7.509D+02  5.798D-12 1.3D-11 3.0D-02    2    0 2.37D-02 1.00D+00 1.00D+00 6.527D-05     0.00
      157 2.5D-09  7.509D+02  5.798D-12 1.3D-11 2.7D-02    1    0 7.73D-02 1.00D+00 1.00D+00 6.466D-05     0.00
      158 2.5D-09  7.509D+02  5.798D-12 1.3D-11 2.9D-02    2    0 2.67D-02 1.00D+00 1.00D+00 6.443D-05     0.00
      159 2.5D-09  7.509D+02  5.798D-12 1.3D-11 2.9D-02    2    0 1.01D-02 1.00D+00 1.00D+00 6.434D-05     0.00
      160 2.5D-09  7.509D+02  5.798D-12 1.3D-11 3.0D-02    1    0 2.92D-02 1.00D+00 1.00D+00 6.409D-05     0.00

    inner barrier   scaled     scaled     min     min    NW   SE     dx      alpha    alpha    inner   time (s)
     ite   param   obj func     feas      x-l     u-x   pert pert   norm      max             opt err 
      161 2.5D-09  7.509D+02  5.798D-12 1.3D-11 3.1D-02    2    0 1.10D-02 1.00D+00 1.00D+00 6.399D-05     0.00
      162 2.5D-09  7.509D+02  5.798D-12 1.3D-11 3.1D-02    1    0 3.24D-02 1.00D+00 1.00D+00 6.370D-05     0.00
      163 2.5D-09  7.509D+02  5.798D-12 1.3D-11 3.1D-02    2    0 1.22D-02 1.00D+00 1.00D+00 6.360D-05     0.00
      164 2.5D-09  7.509D+02  5.798D-12 1.3D-11 3.1D-02    1    0 3.68D-02 1.00D+00 1.00D+00 6.327D-05     0.00
      165 2.5D-09  7.509D+02  5.798D-12 1.3D-11 3.1D-02    2    0 1.37D-02 1.00D+00 1.00D+00 6.315D-05     0.00
      166 2.5D-09  7.509D+02  5.798D-12 1.3D-11 3.0D-02    1    0 4.19D-02 1.00D+00 1.00D+00 6.280D-05     0.00
      167 2.5D-09  7.509D+02  5.798D-12 1.3D-11 3.0D-02    2    0 1.53D-02 1.00D+00 1.00D+00 6.266D-05     0.00
      168 2.5D-09  7.509D+02  5.798D-12 1.3D-11 2.9D-02    1    0 4.74D-02 1.00D+00 1.00D+00 6.226D-05     0.00
      169 2.5D-09  7.509D+02  5.798D-12 1.3D-11 3.0D-02    2    0 1.72D-02 1.00D+00 1.00D+00 6.211D-05     0.00
      170 2.5D-09  7.509D+02  5.798D-12 1.3D-11 2.8D-02    1    0 5.39D-02 1.00D+00 1.00D+00 6.167D-05     0.00

    inner barrier   scaled     scaled     min     min    NW   SE     dx      alpha    alpha    inner   time (s)
     ite   param   obj func     feas      x-l     u-x   pert pert   norm      max             opt err 
      171 2.5D-09  7.509D+02  5.798D-12 1.3D-11 2.9D-02    2    0 1.94D-02 1.00D+00 1.00D+00 6.150D-05     0.00
      172 2.5D-09  7.509D+02  5.798D-12 1.3D-11 2.7D-02    1    0 6.21D-02 1.00D+00 1.00D+00 6.101D-05     0.00
      173 2.5D-09  7.509D+02  5.798D-12 1.3D-11 2.8D-02    2    0 2.18D-02 1.00D+00 1.00D+00 6.082D-05     0.00
      174 2.5D-09  7.509D+02  5.798D-12 1.3D-11 2.6D-02    1    0 7.00D-02 1.00D+00 1.00D+00 6.027D-05     0.00
      175 2.5D-09  7.509D+02  5.798D-12 1.3D-11 2.7D-02    2    0 2.45D-02 1.00D+00 1.00D+00 6.007D-05     0.00
      176 2.5D-09  7.509D+02  5.798D-12 1.3D-11 2.8D-02    2    0 9.25D-03 1.00D+00 1.00D+00 5.999D-05     0.00
      177 2.5D-09  7.509D+02  5.798D-12 1.3D-11 2.8D-02    1    0 2.67D-02 1.00D+00 1.00D+00 5.976D-05     0.00
      178 2.5D-09  7.509D+02  5.798D-12 1.3D-11 2.9D-02    2    0 1.01D-02 1.00D+00 1.00D+00 5.968D-05     0.00
      179 2.5D-09  7.509D+02  5.798D-12 1.3D-11 2.9D-02    1    0 2.97D-02 1.00D+00 1.00D+00 5.942D-05     0.00
      180 2.5D-09  7.509D+02  5.798D-12 1.3D-11 2.9D-02    2    0 1.12D-02 1.00D+00 1.00D+00 5.932D-05     0.00

    inner barrier   scaled     scaled     min     min    NW   SE     dx      alpha    alpha    inner   time (s)
     ite   param   obj func     feas      x-l     u-x   pert pert   norm      max             opt err 
      181 2.5D-09  7.509D+02  5.798D-12 1.3D-11 2.9D-02    1    0 3.40D-02 1.00D+00 1.00D+00 5.903D-05     0.00
      182 2.5D-09  7.509D+02  5.798D-12 1.3D-11 2.9D-02    2    0 1.26D-02 1.00D+00 1.00D+00 5.893D-05     0.00
      183 2.5D-09  7.509D+02  5.798D-12 1.3D-11 2.8D-02    1    0 3.86D-02 1.00D+00 1.00D+00 5.861D-05     0.00
      184 2.5D-09  7.509D+02  5.798D-12 1.3D-11 2.8D-02    2    0 1.41D-02 1.00D+00 1.00D+00 5.848D-05     0.00
      185 2.5D-09  7.509D+02  5.798D-12 1.3D-11 2.7D-02    1    0 4.38D-02 1.00D+00 1.00D+00 5.813D-05     0.00
      186 2.5D-09  7.509D+02  5.798D-12 1.3D-11 2.8D-02    2    0 1.59D-02 1.00D+00 1.00D+00 5.799D-05     0.00
      187 2.5D-09  7.509D+02  5.798D-12 1.3D-11 2.6D-02    1    0 5.01D-02 1.00D+00 1.00D+00 5.759D-05     0.00
      188 2.5D-09  7.509D+02  5.798D-12 1.3D-11 2.7D-02    2    0 1.78D-02 1.00D+00 1.00D+00 5.744D-05     0.00
      189 2.5D-09  7.509D+02  5.798D-12 1.3D-11 2.4D-02    1    0 5.92D-02 1.00D+00 1.00D+00 5.700D-05     0.00
      190 2.5D-09  7.509D+02  5.798D-12 1.3D-11 2.6D-02    2    0 2.03D-02 1.00D+00 1.00D+00 5.683D-05     0.00

    inner barrier   scaled     scaled     min     min    NW   SE     dx      alpha    alpha    inner   time (s)
     ite   param   obj func     feas      x-l     u-x   pert pert   norm      max             opt err 
      191 2.5D-09  7.509D+02  5.798D-12 1.3D-11 2.6D-02    2    0 7.66D-03 1.00D+00 1.00D+00 5.677D-05     0.00
      192 2.5D-09  7.509D+02  5.798D-12 1.3D-11 2.7D-02    1    0 2.21D-02 1.00D+00 1.00D+00 5.658D-05     0.00
      193 2.5D-09  7.509D+02  5.798D-12 1.3D-11 2.7D-02    2    0 8.36D-03 1.00D+00 1.00D+00 5.651D-05     0.00
      194 2.5D-09  7.509D+02  5.798D-12 1.3D-11 2.7D-02    1    0 2.45D-02 1.00D+00 1.00D+00 5.631D-05     0.00
      195 2.5D-09  7.509D+02  5.798D-12 1.3D-11 2.8D-02    2    0 9.27D-03 1.00D+00 1.00D+00 5.623D-05     0.00
      196 2.5D-09  7.509D+02  5.798D-12 1.3D-11 2.7D-02    1    0 2.78D-02 1.00D+00 1.00D+00 5.599D-05     0.00
      197 2.5D-09  7.509D+02  5.798D-12 1.3D-11 2.7D-02    2    0 1.04D-02 1.00D+00 1.00D+00 5.591D-05     0.00
      198 2.5D-09  7.509D+02  5.798D-12 1.3D-11 2.7D-02    1    0 3.16D-02 1.00D+00 1.00D+00 5.565D-05     0.00
      199 2.5D-09  7.509D+02  5.798D-12 1.3D-11 2.7D-02    2    0 1.16D-02 1.00D+00 1.00D+00 5.555D-05     0.00
      200 2.5D-09  7.509D+02  5.798D-12 1.3D-11 2.7D-02    1    0 3.59D-02 1.00D+00 1.00D+00 5.526D-05     0.00

    inner barrier   scaled     scaled     min     min    NW   SE     dx      alpha    alpha    inner   time (s)
     ite   param   obj func     feas      x-l     u-x   pert pert   norm      max             opt err 
      201 2.5D-09  7.509D+02  5.798D-12 1.3D-11 2.7D-02    2    0 1.31D-02 1.00D+00 1.00D+00 5.515D-05     0.00


     6 1.0D-09  9.468024D+07  7.508732D+02 5.515D-05   610M
 ==========================================================

 FINAL RESULTS:
                            scaled                   unscaled
  Objective Funct:   7.5087315043483022D+02    9.4680244096762642D+07
  Lagrangian Grad:   5.5147149475545757D-05    6.9536985981742054D+00
 Final Point Feas:   5.7980287238024175D-12    5.7980287238024175D-12
 Bounds violation:   0.0000000000000000D+00    0.0000000000000000D+00
 Lower Bound Comp:   2.5059197583510569D-09    3.1598026147316728D-04
 Upper Bound Comp:   2.5059035596800622D-09    3.1597821892560390D-04

 Flag of LCMIN:

     Maximum inner iterations exceeded.

 ====================================================
                      STATISTICS                     
 ====================================================
 GENERAL:                                            

           Preprocessing time (in seconds):      0.88
            Optimization time (in seconds):      0.92

                      Inner Iterations (IIT):     610
                      Outer Iterations (OIT):       6
                  Function Evaluations (FEV):     672
         Function Gradient Evaluations (GEV):     611
          Function Hessian Evaluations (HEV):     610
          Barrier Function Evaluations (BFE):    1281
 Barrier Function Gradient Evaluations (BGE):     610
 ====================================================
 AVERAGE:                                            

 Inner Iterations per Outer Iterations  :    101.6667
 FEV per IIT:      1.1016    FEV per OIT:    112.0000
 GEV per IIT:      1.0016    GEV per OIT:    101.8333
 HEV per IIT:      1.0000    HEV per OIT:    101.6667
 BFE per IIT:      2.1000    BFE per OIT:    213.5000
 BGE per IIT:      1.0000    BGE per OIT:    101.6667
 ====================================================

