
 ==============================================================================
 This is ALGENCAN 3.1.1.
 ALGENCAN, an Augmented Lagrangian method for nonlinear programming, is part of
 the TANGO Project: Trustable Algorithms for Nonlinear General Optimization.
 See http://www.ime.usp.br/~egbirgin/tango/ for details.
 ==============================================================================

 Processing array of parameters with   3 entrances:

 IGNORE-OBJECTIVE-FUNCTION                    
 ITERATIONS-OUTPUT-DETAIL                                                    11
 NEWTON-LINE-SEARCH-INNER-SOLVER                                    'MA57 MC64'

 The specification file is not being used.

 Available HSL subroutines = MA57           

 ALGENCAN PARAMETERS:

 firstde                =                    T
 seconde                =                    T
 truehpr                =                    T
 hptype in TN           =               TRUEHP
 lsslvr in TR           =            MA57/NONE
 lsslvr in NW           =            MA57/MC64
 lsslvr in ACCPROC      =            MA57/NONE
 innslvr                =                   NW
 accproc                =                    T
 rmfixv                 =                    T
 slacks                 =                    F
 scale                  =                    T
 epsfeas                =           1.0000D-09
 epsopt                 =           1.0000D-08
 efstain                =           3.1623D-05
 eostain                =           1.0000D-12
 efacc                  =           3.1623D-05
 eoacc                  =           1.0000D-04
 iprint                 =                   11
 ncomp                  =                    6

 Specification filename =                   ''
 Output filename        =          'lcmin.out'
 Solution filename      =                   ''

 Number of variables               :    1773
 Number of equality constraints    :     813
 Number of inequality constraints  :       0
 Number of bound constraints       :    3546
 Number of fixed variables         :       0

 There are no fixed variables to be removed.

 Objective function scale factor   : 1.0D+00
 Smallest constraints scale factor : 1.0D+00

 Since the scaling factor(s) is(are) equal to one, scaling was inhibited.

     Entry to GENCAN.
     Number of variables:    1773
     Required optimality tolerance: 1.0D-08

     It         function  gpsupn   xsupn stesupn   nfree   SPGit in-face    fcnt
      0   2.12115205D-13 1.4D-07 3.5D+01
      1   1.77940555D-15 9.7D-09 3.5D+01 1.7D-06     740       0       1       3
      2   3.20364002D-29 7.4D-15 3.5D+01 1.3D-07     740       0       2       4

     Flag of GENCAN: Solution was found.


 User-provided subroutines calls counters: 

 Subroutine fsub     (coded=F):        0
 Subroutine gsub     (coded=F):        0
 Subroutine hsub     (coded=F):        0
 Subroutine csub     (coded=F):        0 (       0 calls per constraint in avg)
 Subroutine jacsub   (coded=F):        0 (       0 calls per constraint in avg)
 Subroutine hcsub    (coded=F):        0 (       0 calls per constraint in avg)
 Subroutine fcsub    (coded=T):        4
 Subroutine gjacsub  (coded=T):        5
 Subroutine gjacpsub (coded=F):        0
 Subroutine hlsub    (coded=T):        2
 Subroutine hlpsub   (coded=F):        0


 Total CPU time in seconds =     0.01

 ==============================================================================

 Initial point computed successfully.

                                            achieved                  desired        
 Unscaled feasibility ..............:   6.2172489379008766D-15   1.0000000000000001D-09
 Smallest distance to lower bound ..:   1.0000000000000286D-04   1.0000000000000002D-06
 Smallest distance to upper bound ..:   9.9999996506509995D+08   3.1622776596940376D+07

 Starting LCMIN.
 Number of variables   :    1773
 Number of constraints :     813

 Scale factor for the objective function   : 1.0D+00
 Smallest scale factor for the constraints : 1.0D+00

 ==========================================================
 outer barrier   objective       scaled      outer   inner
  ite   param     function     obj funct    opt err   ite 
     0 1.0D-01 -5.198931D+03 -5.198931D+03 1.000D+09     0 

    inner barrier   scaled     scaled     min     min    NW   SE     dx      alpha    alpha    inner   time (s)
     ite   param   obj func     feas      x-l     u-x   pert pert   norm      max             opt err 
        1 1.0D-01 -9.706D+03  2.087D-14 9.5D-02 1.0D+09    0    0 1.41D+03 1.00D+00 1.00D+00 9.908D+08     0.02
        2 1.0D-01 -1.715D+04  1.954D-14 1.1D-03 1.0D+09    0    0 8.27D+03 2.88D-01 2.88D-01 9.180D+08     0.01
        3 1.0D-01 -6.118D+04  5.063D-14 7.6D-04 1.0D+09    0    0 1.82D+04 8.82D-01 8.82D-01 8.560D+08     0.01
        4 1.0D-01 -2.039D+05  2.769D-13 4.0D-03 1.0D+09    0    0 7.47D+04 8.36D-01 8.36D-01 7.729D+08     0.01
        5 1.0D-01 -6.823D+05  7.603D-13 6.3D-02 1.0D+09    0    0 2.78D+05 1.00D+00 1.00D+00 6.798D+08     0.01
        6 1.0D-01 -1.758D+06  2.507D-12 9.3D-02 1.0D+09    0    0 9.41D+05 1.00D+00 1.00D+00 5.618D+08     0.01
        7 1.0D-01 -3.170D+06  6.594D-12 1.0D-01 1.0D+09    0    0 2.17D+06 1.00D+00 1.00D+00 4.112D+08     0.01
        8 1.0D-01 -4.028D+06  1.455D-11 1.1D-01 1.0D+09    0    0 2.86D+06 1.00D+00 1.00D+00 2.314D+08     0.01
        9 1.0D-01 -4.199D+06  1.819D-11 1.1D-01 1.0D+09    0    0 1.74D+06 1.00D+00 1.00D+00 6.256D+07     0.01
       10 1.0D-01 -4.206D+06  1.455D-11 1.1D-01 1.0D+09    0    0 3.49D+05 1.00D+00 1.00D+00 1.998D+06     0.01

    inner barrier   scaled     scaled     min     min    NW   SE     dx      alpha    alpha    inner   time (s)
     ite   param   obj func     feas      x-l     u-x   pert pert   norm      max             opt err 
       11 1.0D-01 -4.206D+06  1.683D-11 1.1D-01 1.0D+09    0    0 1.31D+04 1.00D+00 1.00D+00 1.998D+04     0.01
       12 1.0D-01 -4.206D+06  1.455D-11 1.1D-01 1.0D+09    0    0 3.04D+01 1.00D+00 1.00D+00 1.997D+02     0.01
       13 1.0D-01 -4.206D+06  2.183D-11 1.1D-01 1.0D+09    0    0 2.99D-04 1.00D+00 1.25D-01 1.898D+00     0.01
       14 1.0D-01 -4.206D+06  2.183D-11 1.1D-01 1.0D+09    0    0 2.62D-04 1.00D+00 7.81D-03 1.737D-09     0.01


     1 2.0D-02 -4.205691D+06 -4.205691D+06 1.000D-01    14C


     2 2.8D-03 -4.205691D+06 -4.205691D+06 1.000D-01    14C

    inner barrier   scaled     scaled     min     min    NW   SE     dx      alpha    alpha    inner   time (s)
     ite   param   obj func     feas      x-l     u-x   pert pert   norm      max             opt err 
        1 2.8D-03 -4.206D+06  2.274D-11 5.0D-02 1.0D+09    0    0 3.24D+02 1.00D+00 1.00D+00 6.518D-02     0.01
        2 2.8D-03 -4.206D+06  2.910D-11 2.8D-02 1.0D+09    0    0 7.81D+00 1.00D+00 1.00D+00 1.309D-02     0.01


     3 1.5D-04 -4.205693D+06 -4.205693D+06 1.309D-02    16C

    inner barrier   scaled     scaled     min     min    NW   SE     dx      alpha    alpha    inner   time (s)
     ite   param   obj func     feas      x-l     u-x   pert pert   norm      max             opt err 
        1 1.5D-04 -4.206D+06  2.586D-11 1.4D-02 1.0D+09    0    0 1.05D+01 1.00D+00 1.00D+00 7.146D-03     0.01
        2 1.5D-04 -4.206D+06  3.001D-11 7.4D-03 1.0D+09    0    0 8.59D-01 1.00D+00 1.00D+00 1.782D-03     0.01
        3 1.5D-04 -4.206D+06  2.638D-11 4.6D-03 1.0D+09    0    0 3.56D-01 1.00D+00 1.00D+00 3.627D-04     0.01


     4 1.8D-06 -4.205693D+06 -4.205693D+06 3.627D-04    19C

    inner barrier   scaled     scaled     min     min    NW   SE     dx      alpha    alpha    inner   time (s)
     ite   param   obj func     feas      x-l     u-x   pert pert   norm      max             opt err 
        1 1.8D-06 -4.206D+06  4.002D-11 2.3D-03 1.0D+09    0    0 7.10D-01 1.00D+00 1.00D+00 2.725D-04     0.01
        2 1.8D-06 -4.206D+06  2.910D-11 1.2D-03 1.0D+09    0    0 1.45D-01 1.00D+00 1.00D+00 6.651D-05     0.01
        3 1.8D-06 -4.206D+06  4.093D-11 6.7D-04 1.0D+09    0    0 6.83D-02 1.00D+00 1.00D+00 1.495D-05     0.01


     5 2.5D-09 -4.205693D+06 -4.205693D+06 1.495D-05    22C

    inner barrier   scaled     scaled     min     min    NW   SE     dx      alpha    alpha    inner   time (s)
     ite   param   obj func     feas      x-l     u-x   pert pert   norm      max             opt err 
        1 2.5D-09 -4.206D+06  3.729D-11 3.3D-04 1.0D+09    0    0 4.63D-02 1.00D+00 1.00D+00 6.062D-06     0.01
        2 2.5D-09 -4.206D+06  4.729D-11 1.7D-04 1.0D+09    0    0 2.16D-02 1.00D+00 1.00D+00 1.517D-06     0.01
        3 2.5D-09 -4.206D+06  5.912D-11 8.5D-05 1.0D+09    0    0 1.07D-02 1.00D+00 1.00D+00 3.773D-07     0.01
        4 2.5D-09 -4.206D+06  6.730D-11 4.4D-05 1.0D+09    0    0 5.29D-03 1.00D+00 1.00D+00 9.143D-08     0.00
        5 2.5D-09 -4.206D+06  4.729D-11 2.5D-05 1.0D+09    0    0 2.48D-03 1.00D+00 1.00D+00 2.012D-08     0.00


     6 1.0D-09 -4.205693D+06 -4.205693D+06 2.012D-08    27C

    inner barrier   scaled     scaled     min     min    NW   SE     dx      alpha    alpha    inner   time (s)
     ite   param   obj func     feas      x-l     u-x   pert pert   norm      max             opt err 
        1 1.0D-09 -4.206D+06  4.457D-11 1.4D-05 1.0D+09    0    0 1.34D-03 1.00D+00 1.00D+00 5.855D-09     0.00


     7 1.0D-09 -4.205693D+06 -4.205693D+06 5.855D-09    28C
 ==========================================================

 FINAL RESULTS:
                            scaled                   unscaled
  Objective Funct:  -4.2056932995377174D+06   -4.2056932995377174D+06
  Lagrangian Grad:   5.8550263360288345D-09    5.8550263360288345D-09
 Final Point Feas:   4.4565240386873484D-11    4.4565240386873484D-11
 Bounds violation:   0.0000000000000000D+00    0.0000000000000000D+00
 Lower Bound Comp:   2.1757212456249702D-09    2.1757212456249702D-09
 Upper Bound Comp:   1.0000000000000195D-09    1.0000000000000195D-09

 Flag of LCMIN:

     Optimal solution found.

 ====================================================
                      STATISTICS                     
 ====================================================
 GENERAL:                                            

           Preprocessing time (in seconds):      0.86
            Optimization time (in seconds):      0.22

                      Inner Iterations (IIT):      28
                      Outer Iterations (OIT):       7
                  Function Evaluations (FEV):      39
         Function Gradient Evaluations (GEV):      29
          Function Hessian Evaluations (HEV):      28
          Barrier Function Evaluations (BFE):      66
 Barrier Function Gradient Evaluations (BGE):      28
 ====================================================
 AVERAGE:                                            

 Inner Iterations per Outer Iterations  :      4.0000
 FEV per IIT:      1.3929    FEV per OIT:      5.5714
 GEV per IIT:      1.0357    GEV per OIT:      4.1429
 HEV per IIT:      1.0000    HEV per OIT:      4.0000
 BFE per IIT:      2.3571    BFE per OIT:      9.4286
 BGE per IIT:      1.0000    BGE per OIT:      4.0000
 ====================================================

