
 ==============================================================================
 This is ALGENCAN 3.1.1.
 ALGENCAN, an Augmented Lagrangian method for nonlinear programming, is part of
 the TANGO Project: Trustable Algorithms for Nonlinear General Optimization.
 See http://www.ime.usp.br/~egbirgin/tango/ for details.
 ==============================================================================

 Processing array of parameters with   3 entrances:

 IGNORE-OBJECTIVE-FUNCTION                    
 ITERATIONS-OUTPUT-DETAIL                                                    11
 NEWTON-LINE-SEARCH-INNER-SOLVER                                    'MA57 MC64'

 The specification file is not being used.

 Available HSL subroutines = MA57           

 ALGENCAN PARAMETERS:

 firstde                =                    T
 seconde                =                    T
 truehpr                =                    T
 hptype in TN           =               TRUEHP
 lsslvr in TR           =            MA57/NONE
 lsslvr in NW           =            MA57/MC64
 lsslvr in ACCPROC      =            MA57/NONE
 innslvr                =                   NW
 accproc                =                    T
 rmfixv                 =                    T
 slacks                 =                    F
 scale                  =                    T
 epsfeas                =           1.0000D-09
 epsopt                 =           1.0000D-08
 efstain                =           3.1623D-05
 eostain                =           1.0000D-12
 efacc                  =           3.1623D-05
 eoacc                  =           1.0000D-04
 iprint                 =                   11
 ncomp                  =                    6

 Specification filename =                   ''
 Output filename        =          'lcmin.out'
 Solution filename      =                   ''

 Number of variables               :    4002
 Number of equality constraints    :    2002
 Number of inequality constraints  :       0
 Number of bound constraints       :    4002
 Number of fixed variables         :       0

 There are no fixed variables to be removed.

 Objective function scale factor   : 1.0D+00
 Smallest constraints scale factor : 5.0D-01

     Entry to GENCAN.
     Number of variables:    4002
     Required optimality tolerance: 1.0D-08

     It         function  gpsupn   xsupn stesupn   nfree   SPGit in-face    fcnt
      0   2.48000378D-15 5.2D-09 3.7D+02
      1   2.45200147D-15 4.8D-09 3.7D+02 1.8D-05    2807       0       1       3
      2   4.58020457D-18 1.0D-10 3.7D+02 1.2D-06    2807       0       2       4

     Flag of GENCAN: Solution was found.


 User-provided subroutines calls counters: 

 Subroutine fsub     (coded=F):        0
 Subroutine gsub     (coded=F):        0
 Subroutine hsub     (coded=F):        0
 Subroutine csub     (coded=F):        0 (       0 calls per constraint in avg)
 Subroutine jacsub   (coded=F):        0 (       0 calls per constraint in avg)
 Subroutine hcsub    (coded=F):        0 (       0 calls per constraint in avg)
 Subroutine fcsub    (coded=T):        4
 Subroutine gjacsub  (coded=T):        5
 Subroutine gjacpsub (coded=F):        0
 Subroutine hlsub    (coded=T):        2
 Subroutine hlpsub   (coded=F):        0


 Total CPU time in seconds =     0.02

 ==============================================================================

 Initial point computed successfully.

                                            achieved                  desired        
 Unscaled feasibility ..............:   3.9244690886629718D-10   1.0000000000000001D-09
 Smallest distance to lower bound ..:   1.0000000000000009D-02   1.0000000000000000D-03
 Smallest distance to upper bound ..:   1.0000000000000009D-02   1.0000000000000000D-03

 Starting LCMIN.
 Number of variables   :    4002
 Number of constraints :    2002

 Scale factor for the objective function   : 1.0D+00
 Smallest scale factor for the constraints : 1.0D+00

 ==========================================================
 outer barrier   objective       scaled      outer   inner
  ite   param     function     obj funct    opt err   ite 
     0 1.0D-01 -1.541371D-02 -1.541371D-02 1.990D+00     0 

    inner barrier   scaled     scaled     min     min    NW   SE     dx      alpha    alpha    inner   time (s)
     ite   param   obj func     feas      x-l     u-x   pert pert   norm      max             opt err 
        1 1.0D-01 -1.748D-02  3.924D-10 1.1D-01 1.1D-01    0    0 4.32D+04 1.00D+00 1.00D+00 2.145D-01     0.01


     1 2.0D-02 -1.747795D-02 -1.747795D-02 3.145D-01     1C

    inner barrier   scaled     scaled     min     min    NW   SE     dx      alpha    alpha    inner   time (s)
     ite   param   obj func     feas      x-l     u-x   pert pert   norm      max             opt err 
        1 2.0D-02  2.961D-02  3.924D-10 8.0D-02 2.0D-01    0    0 6.51D+05 1.00D+00 1.00D+00 8.115D-02     0.00


     2 2.8D-03  2.960541D-02  2.960541D-02 8.682D-02     2C

    inner barrier   scaled     scaled     min     min    NW   SE     dx      alpha    alpha    inner   time (s)
     ite   param   obj func     feas      x-l     u-x   pert pert   norm      max             opt err 
        1 2.8D-03  3.027D-02  3.924D-10 1.2D-01 2.8D-01    0    0 4.36D+05 1.00D+00 1.00D+00 1.077D-02     0.00


     3 1.5D-04  3.027488D-02  3.027488D-02 1.077D-02     3C

    inner barrier   scaled     scaled     min     min    NW   SE     dx      alpha    alpha    inner   time (s)
     ite   param   obj func     feas      x-l     u-x   pert pert   norm      max             opt err 
        1 1.5D-04  4.095D-03  3.924D-10 3.0D-01 2.9D-01    0    0 2.20D+05 1.00D+00 1.00D+00 1.793D-03     0.00
        2 1.5D-04 -1.797D-02  3.924D-10 6.4D-01 4.2D-01    0    0 2.93D+05 1.00D+00 1.00D+00 7.615D-04     0.01


     4 1.8D-06 -1.797023D-02 -1.797023D-02 7.615D-04     5C

    inner barrier   scaled     scaled     min     min    NW   SE     dx      alpha    alpha    inner   time (s)
     ite   param   obj func     feas      x-l     u-x   pert pert   norm      max             opt err 
        1 1.8D-06 -1.917D-02  3.924D-10 6.4D-01 4.0D-01    0    0 8.60D+04 1.00D+00 1.00D+00 2.554D-05     0.01
        2 1.8D-06 -2.184D-02  3.924D-10 4.7D-01 2.9D-01    0    0 1.54D+04 1.00D+00 1.00D+00 5.023D-06     0.01


     5 2.5D-09 -2.183699D-02 -2.183699D-02 6.868D-06     7C

    inner barrier   scaled     scaled     min     min    NW   SE     dx      alpha    alpha    inner   time (s)
     ite   param   obj func     feas      x-l     u-x   pert pert   norm      max             opt err 
        1 2.5D-09 -2.268D-02  3.924D-10 3.5D-01 2.2D-01    0    0 8.14D+03 1.00D+00 1.00D+00 1.618D-06     0.01
        2 2.5D-09 -2.278D-02  3.924D-10 3.1D-01 2.0D-01    0    0 3.03D+03 1.00D+00 1.00D+00 2.079D-07     0.01
        3 2.5D-09 -2.278D-02  3.924D-10 2.9D-01 1.9D-01    0    0 6.48D+02 1.00D+00 1.00D+00 7.881D-09     0.01


     6 1.0D-09 -2.278110D-02 -2.278110D-02 1.039D-08    10C


     7 1.0D-09 -2.278110D-02 -2.278110D-02 1.039D-08    10C


     8 1.0D-09 -2.278110D-02 -2.278110D-02 1.039D-08    10C


     9 1.0D-09 -2.278110D-02 -2.278110D-02 1.039D-08    10C



 ==========================================================
 outer barrier   objective       scaled      outer   inner
  ite   param     function     obj funct    opt err   ite 
    10 1.0D-09 -2.278110D-02 -2.278110D-02 1.039D-08    10C


    11 1.0D-09 -2.278110D-02 -2.278110D-02 1.039D-08    10C


    12 1.0D-09 -2.278110D-02 -2.278110D-02 1.039D-08    10C


    13 1.0D-09 -2.278110D-02 -2.278110D-02 1.039D-08    10C


    14 1.0D-09 -2.278110D-02 -2.278110D-02 1.039D-08    10C


    15 1.0D-09 -2.278110D-02 -2.278110D-02 1.039D-08    10C


    16 1.0D-09 -2.278110D-02 -2.278110D-02 1.039D-08    10C


    17 1.0D-09 -2.278110D-02 -2.278110D-02 1.039D-08    10C


    18 1.0D-09 -2.278110D-02 -2.278110D-02 1.039D-08    10C


    19 1.0D-09 -2.278110D-02 -2.278110D-02 1.039D-08    10C



 ==========================================================
 outer barrier   objective       scaled      outer   inner
  ite   param     function     obj funct    opt err   ite 
    20 1.0D-09 -2.278110D-02 -2.278110D-02 1.039D-08    10C


    21 1.0D-09 -2.278110D-02 -2.278110D-02 1.039D-08    10C


    22 1.0D-09 -2.278110D-02 -2.278110D-02 1.039D-08    10C


    23 1.0D-09 -2.278110D-02 -2.278110D-02 1.039D-08    10C


    24 1.0D-09 -2.278110D-02 -2.278110D-02 1.039D-08    10C


    25 1.0D-09 -2.278110D-02 -2.278110D-02 1.039D-08    10C


    26 1.0D-09 -2.278110D-02 -2.278110D-02 1.039D-08    10C


    27 1.0D-09 -2.278110D-02 -2.278110D-02 1.039D-08    10C


    28 1.0D-09 -2.278110D-02 -2.278110D-02 1.039D-08    10C


    29 1.0D-09 -2.278110D-02 -2.278110D-02 1.039D-08    10C



 ==========================================================
 outer barrier   objective       scaled      outer   inner
  ite   param     function     obj funct    opt err   ite 
    30 1.0D-09 -2.278110D-02 -2.278110D-02 1.039D-08    10C


    31 1.0D-09 -2.278110D-02 -2.278110D-02 1.039D-08    10C


    32 1.0D-09 -2.278110D-02 -2.278110D-02 1.039D-08    10C


    33 1.0D-09 -2.278110D-02 -2.278110D-02 1.039D-08    10C


    34 1.0D-09 -2.278110D-02 -2.278110D-02 1.039D-08    10C


    35 1.0D-09 -2.278110D-02 -2.278110D-02 1.039D-08    10C


    36 1.0D-09 -2.278110D-02 -2.278110D-02 1.039D-08    10C


    37 1.0D-09 -2.278110D-02 -2.278110D-02 1.039D-08    10C


    38 1.0D-09 -2.278110D-02 -2.278110D-02 1.039D-08    10C


    39 1.0D-09 -2.278110D-02 -2.278110D-02 1.039D-08    10C



 ==========================================================
 outer barrier   objective       scaled      outer   inner
  ite   param     function     obj funct    opt err   ite 
    40 1.0D-09 -2.278110D-02 -2.278110D-02 1.039D-08    10C


    41 1.0D-09 -2.278110D-02 -2.278110D-02 1.039D-08    10C


    42 1.0D-09 -2.278110D-02 -2.278110D-02 1.039D-08    10C


    43 1.0D-09 -2.278110D-02 -2.278110D-02 1.039D-08    10C


    44 1.0D-09 -2.278110D-02 -2.278110D-02 1.039D-08    10C


    45 1.0D-09 -2.278110D-02 -2.278110D-02 1.039D-08    10C


    46 1.0D-09 -2.278110D-02 -2.278110D-02 1.039D-08    10C


    47 1.0D-09 -2.278110D-02 -2.278110D-02 1.039D-08    10C


    48 1.0D-09 -2.278110D-02 -2.278110D-02 1.039D-08    10C


    49 1.0D-09 -2.278110D-02 -2.278110D-02 1.039D-08    10C



 ==========================================================
 outer barrier   objective       scaled      outer   inner
  ite   param     function     obj funct    opt err   ite 
    50 1.0D-09 -2.278110D-02 -2.278110D-02 1.039D-08    10C


    51 1.0D-09 -2.278110D-02 -2.278110D-02 1.039D-08    10M
 ==========================================================

 FINAL RESULTS:
                            scaled                   unscaled
  Objective Funct:  -2.2781095662347536D-02   -2.2781095662347536D-02
  Lagrangian Grad:   1.1614172062662838D-15    1.1614172062662838D-15
 Final Point Feas:   3.9244699093410183D-10    3.9244699093410183D-10
 Bounds violation:   0.0000000000000000D+00    0.0000000000000000D+00
 Lower Bound Comp:   1.0386422197702294D-08    1.0386422197702294D-08
 Upper Bound Comp:   8.1460019972221137D-09    8.1460019972221137D-09

 Flag of LCMIN:

     Maximum outer iterations exceeded.

 ====================================================
                      STATISTICS                     
 ====================================================
 GENERAL:                                            

           Preprocessing time (in seconds):      1.10
            Optimization time (in seconds):      0.13

                      Inner Iterations (IIT):      10
                      Outer Iterations (OIT):      51
                  Function Evaluations (FEV):      11
         Function Gradient Evaluations (GEV):      11
          Function Hessian Evaluations (HEV):      10
          Barrier Function Evaluations (BFE):      20
 Barrier Function Gradient Evaluations (BGE):      10
 ====================================================
 AVERAGE:                                            

 Inner Iterations per Outer Iterations  :      0.1961
 FEV per IIT:      1.1000    FEV per OIT:      0.2157
 GEV per IIT:      1.1000    GEV per OIT:      0.2157
 HEV per IIT:      1.0000    HEV per OIT:      0.1961
 BFE per IIT:      2.0000    BFE per OIT:      0.3922
 BGE per IIT:      1.0000    BGE per OIT:      0.1961
 ====================================================

