
 ==============================================================================
 This is ALGENCAN 3.1.1.
 ALGENCAN, an Augmented Lagrangian method for nonlinear programming, is part of
 the TANGO Project: Trustable Algorithms for Nonlinear General Optimization.
 See http://www.ime.usp.br/~egbirgin/tango/ for details.
 ==============================================================================

 Processing array of parameters with   3 entrances:

 IGNORE-OBJECTIVE-FUNCTION                    
 ITERATIONS-OUTPUT-DETAIL                                                    11
 NEWTON-LINE-SEARCH-INNER-SOLVER                                    'MA57 MC64'

 The specification file is not being used.

 Available HSL subroutines = MA57           

 ALGENCAN PARAMETERS:

 firstde                =                    T
 seconde                =                    T
 truehpr                =                    T
 hptype in TN           =               TRUEHP
 lsslvr in TR           =            MA57/NONE
 lsslvr in NW           =            MA57/MC64
 lsslvr in ACCPROC      =            MA57/NONE
 innslvr                =                   NW
 accproc                =                    T
 rmfixv                 =                    T
 slacks                 =                    F
 scale                  =                    T
 epsfeas                =           1.0000D-09
 epsopt                 =           1.0000D-08
 efstain                =           3.1623D-05
 eostain                =           1.0000D-12
 efacc                  =           3.1623D-05
 eoacc                  =           1.0000D-04
 iprint                 =                   11
 ncomp                  =                    6

 Specification filename =                   ''
 Output filename        =          'lcmin.out'
 Solution filename      =                   ''

 Number of variables               :    4002
 Number of equality constraints    :    2002
 Number of inequality constraints  :       0
 Number of bound constraints       :    4002
 Number of fixed variables         :       0

 There are no fixed variables to be removed.

 Objective function scale factor   : 1.0D+00
 Smallest constraints scale factor : 5.0D-01

     Entry to GENCAN.
     Number of variables:    4002
     Required optimality tolerance: 1.0D-08

     It         function  gpsupn   xsupn stesupn   nfree   SPGit in-face    fcnt
      0   2.85536229D-14 2.8D-09 3.3D+03
      1   1.64730588D-15 1.1D-09 3.3D+03 7.4D-02    3187       0       1       3
      2   3.78605803D-17 2.3D-10 3.3D+03 4.9D-06    3187       0       2       4

     Flag of GENCAN: Solution was found.


 User-provided subroutines calls counters: 

 Subroutine fsub     (coded=F):        0
 Subroutine gsub     (coded=F):        0
 Subroutine hsub     (coded=F):        0
 Subroutine csub     (coded=F):        0 (       0 calls per constraint in avg)
 Subroutine jacsub   (coded=F):        0 (       0 calls per constraint in avg)
 Subroutine hcsub    (coded=F):        0 (       0 calls per constraint in avg)
 Subroutine fcsub    (coded=T):        4
 Subroutine gjacsub  (coded=T):        5
 Subroutine gjacpsub (coded=F):        0
 Subroutine hlsub    (coded=T):        2
 Subroutine hlpsub   (coded=F):        0


 Total CPU time in seconds =     0.03

 ==============================================================================

 Initial point computed successfully.

                                            achieved                  desired        
 Unscaled feasibility ..............:   9.3513726579994016D-10   1.0000000000000001D-09
 Smallest distance to lower bound ..:   1.0000000000000009D-02   1.0000000000000000D-03
 Smallest distance to upper bound ..:   1.0000000000000009D-02   1.0000000000000000D-03

 Starting LCMIN.
 Number of variables   :    4002
 Number of constraints :    2002

 Scale factor for the objective function   : 1.0D+00
 Smallest scale factor for the constraints : 1.0D+00

 ==========================================================
 outer barrier   objective       scaled      outer   inner
  ite   param     function     obj funct    opt err   ite 
     0 1.0D-01 -1.337928D-02 -1.337928D-02 1.990D+00     0 

    inner barrier   scaled     scaled     min     min    NW   SE     dx      alpha    alpha    inner   time (s)
     ite   param   obj func     feas      x-l     u-x   pert pert   norm      max             opt err 
        1 1.0D-01 -1.443D-02  9.351D-10 1.1D-01 1.1D-01    0    0 1.40D+04 1.00D+00 1.00D+00 8.940D-02     0.00


     1 2.0D-02 -1.443300D-02 -1.443300D-02 1.891D-01     1C


     2 2.8D-03 -1.443300D-02 -1.443300D-02 1.891D-01     1C

    inner barrier   scaled     scaled     min     min    NW   SE     dx      alpha    alpha    inner   time (s)
     ite   param   obj func     feas      x-l     u-x   pert pert   norm      max             opt err 
        1 2.8D-03 -1.474D-02  9.351D-10 1.3D-01 1.3D-01    0    0 8.05D+04 1.00D+00 1.00D+00 2.618D-03     0.00


     3 1.5D-04 -1.473942D-02 -1.473942D-02 5.446D-03     2C

    inner barrier   scaled     scaled     min     min    NW   SE     dx      alpha    alpha    inner   time (s)
     ite   param   obj func     feas      x-l     u-x   pert pert   norm      max             opt err 
        1 1.5D-04 -1.510D-02  9.351D-10 1.8D-01 1.8D-01    0    0 7.90D+04 1.00D+00 1.00D+00 4.755D-04     0.00


     4 1.8D-06 -1.509686D-02 -1.509686D-02 6.259D-04     3C

    inner barrier   scaled     scaled     min     min    NW   SE     dx      alpha    alpha    inner   time (s)
     ite   param   obj func     feas      x-l     u-x   pert pert   norm      max             opt err 
        1 1.8D-06 -1.513D-02  9.351D-10 1.8D-01 1.8D-01    0    0 2.00D+04 1.00D+00 1.00D+00 1.996D-05     0.01
        2 1.8D-06 -1.515D-02  9.351D-10 3.0D-01 3.0D-01    0    0 6.72D+03 1.00D+00 1.00D+00 1.121D-06     0.01


     5 2.5D-09 -1.514887D-02 -1.514887D-02 2.966D-06     5C

    inner barrier   scaled     scaled     min     min    NW   SE     dx      alpha    alpha    inner   time (s)
     ite   param   obj func     feas      x-l     u-x   pert pert   norm      max             opt err 
        1 2.5D-09 -1.522D-02  9.351D-10 2.6D-01 2.6D-01    0    0 2.32D+03 1.00D+00 1.00D+00 3.680D-07     0.01
        2 2.5D-09 -1.523D-02  9.351D-10 2.4D-01 2.4D-01    0    0 6.93D+02 1.00D+00 1.00D+00 1.521D-08     0.01


     6 1.0D-09 -1.522569D-02 -1.522569D-02 1.772D-08     7C

    inner barrier   scaled     scaled     min     min    NW   SE     dx      alpha    alpha    inner   time (s)
     ite   param   obj func     feas      x-l     u-x   pert pert   norm      max             opt err 
        1 1.0D-09 -1.523D-02  9.351D-10 2.4D-01 2.4D-01    0    0 4.08D+01 1.00D+00 1.00D+00 4.649D-11     0.01


     7 1.0D-09 -1.522571D-02 -1.522571D-02 1.046D-09     8C
 ==========================================================

 FINAL RESULTS:
                            scaled                   unscaled
  Objective Funct:  -1.5225708192358255D-02   -1.5225708192358255D-02
  Lagrangian Grad:   1.0291323665720016D-15    1.0291323665720016D-15
 Final Point Feas:   9.3513752743450770D-10    9.3513752743450770D-10
 Bounds violation:   0.0000000000000000D+00    0.0000000000000000D+00
 Lower Bound Comp:   1.0464888113086701D-09    1.0464888113086701D-09
 Upper Bound Comp:   1.0464923299493701D-09    1.0464923299493701D-09

 Flag of LCMIN:

     Optimal solution found.

 ====================================================
                      STATISTICS                     
 ====================================================
 GENERAL:                                            

           Preprocessing time (in seconds):      0.66
            Optimization time (in seconds):      0.09

                      Inner Iterations (IIT):       8
                      Outer Iterations (OIT):       7
                  Function Evaluations (FEV):       9
         Function Gradient Evaluations (GEV):       9
          Function Hessian Evaluations (HEV):       8
          Barrier Function Evaluations (BFE):      16
 Barrier Function Gradient Evaluations (BGE):       8
 ====================================================
 AVERAGE:                                            

 Inner Iterations per Outer Iterations  :      1.1429
 FEV per IIT:      1.1250    FEV per OIT:      1.2857
 GEV per IIT:      1.1250    GEV per OIT:      1.2857
 HEV per IIT:      1.0000    HEV per OIT:      1.1429
 BFE per IIT:      2.0000    BFE per OIT:      2.2857
 BGE per IIT:      1.0000    BGE per OIT:      1.1429
 ====================================================

