
 ==============================================================================
 This is ALGENCAN 3.1.1.
 ALGENCAN, an Augmented Lagrangian method for nonlinear programming, is part of
 the TANGO Project: Trustable Algorithms for Nonlinear General Optimization.
 See http://www.ime.usp.br/~egbirgin/tango/ for details.
 ==============================================================================

 Processing array of parameters with   3 entrances:

 IGNORE-OBJECTIVE-FUNCTION                    
 ITERATIONS-OUTPUT-DETAIL                                                    11
 NEWTON-LINE-SEARCH-INNER-SOLVER                                    'MA57 MC64'

 The specification file is not being used.

 Available HSL subroutines = MA57           

 ALGENCAN PARAMETERS:

 firstde                =                    T
 seconde                =                    T
 truehpr                =                    T
 hptype in TN           =               TRUEHP
 lsslvr in TR           =            MA57/NONE
 lsslvr in NW           =            MA57/MC64
 lsslvr in ACCPROC      =            MA57/NONE
 innslvr                =                   NW
 accproc                =                    T
 rmfixv                 =                    T
 slacks                 =                    F
 scale                  =                    T
 epsfeas                =           1.0000D-09
 epsopt                 =           1.0000D-08
 efstain                =           3.1623D-05
 eostain                =           1.0000D-12
 efacc                  =           3.1623D-05
 eoacc                  =           1.0000D-04
 iprint                 =                   11
 ncomp                  =                    6

 Specification filename =                   ''
 Output filename        =          'lcmin.out'
 Solution filename      =                   ''

 Number of variables               :    4002
 Number of equality constraints    :    2002
 Number of inequality constraints  :       0
 Number of bound constraints       :    4002
 Number of fixed variables         :       0

 There are no fixed variables to be removed.

 Objective function scale factor   : 1.0D+00
 Smallest constraints scale factor : 5.0D-01

     Entry to GENCAN.
     Number of variables:    4002
     Required optimality tolerance: 1.0D-08

     It         function  gpsupn   xsupn stesupn   nfree   SPGit in-face    fcnt
      0   1.69228545D-15 1.6D-09 4.0D+02
      1   1.65928674D-15 1.3D-09 4.0D+02 7.6D-10    3189       0       1       3
      2   2.07907722D-18 5.6D-11 4.0D+02 1.3D-06    3189       0       2       4

     Flag of GENCAN: Solution was found.


 User-provided subroutines calls counters: 

 Subroutine fsub     (coded=F):        0
 Subroutine gsub     (coded=F):        0
 Subroutine hsub     (coded=F):        0
 Subroutine csub     (coded=F):        0 (       0 calls per constraint in avg)
 Subroutine jacsub   (coded=F):        0 (       0 calls per constraint in avg)
 Subroutine hcsub    (coded=F):        0 (       0 calls per constraint in avg)
 Subroutine fcsub    (coded=T):        4
 Subroutine gjacsub  (coded=T):        5
 Subroutine gjacpsub (coded=F):        0
 Subroutine hlsub    (coded=T):        2
 Subroutine hlpsub   (coded=F):        0


 Total CPU time in seconds =     0.03

 ==============================================================================

 Initial point computed successfully.

                                            achieved                  desired        
 Unscaled feasibility ..............:   2.2232682612510855D-10   1.0000000000000001D-09
 Smallest distance to lower bound ..:   1.0000000000000009D-02   1.0000000000000000D-03
 Smallest distance to upper bound ..:   1.0000000000000009D-02   1.0000000000000000D-03

 Starting LCMIN.
 Number of variables   :    4002
 Number of constraints :    2002

 Scale factor for the objective function   : 1.0D+00
 Smallest scale factor for the constraints : 1.0D+00

 ==========================================================
 outer barrier   objective       scaled      outer   inner
  ite   param     function     obj funct    opt err   ite 
     0 1.0D-01 -1.195953D-02 -1.195953D-02 1.990D+00     0 

    inner barrier   scaled     scaled     min     min    NW   SE     dx      alpha    alpha    inner   time (s)
     ite   param   obj func     feas      x-l     u-x   pert pert   norm      max             opt err 
        1 1.0D-01 -1.284D-02  2.223D-10 1.1D-01 1.1D-01    0    0 4.37D+04 1.00D+00 1.00D+00 2.612D-01     0.01


     1 2.0D-02 -1.284232D-02 -1.284232D-02 3.612D-01     1C

    inner barrier   scaled     scaled     min     min    NW   SE     dx      alpha    alpha    inner   time (s)
     ite   param   obj func     feas      x-l     u-x   pert pert   norm      max             opt err 
        1 2.0D-02  2.643D-02  2.223D-10 5.3D-01 1.7D-01    0    0 6.89D+05 1.00D+00 1.00D+00 2.158D-01     0.00
        2 2.0D-02  4.699D-03  2.223D-10 1.2D+00 4.2D-01    0    0 9.37D+05 1.00D+00 1.00D+00 6.253D-02     0.00


     2 2.8D-03  4.699477D-03  4.699477D-03 8.253D-02     3C

    inner barrier   scaled     scaled     min     min    NW   SE     dx      alpha    alpha    inner   time (s)
     ite   param   obj func     feas      x-l     u-x   pert pert   norm      max             opt err 
        1 2.8D-03  2.026D-03  2.223D-10 1.2D+00 4.4D-01    0    0 2.87D+05 1.00D+00 1.00D+00 9.870D-04     0.00


     3 1.5D-04  2.025928D-03  2.025928D-03 3.815D-03     4C

    inner barrier   scaled     scaled     min     min    NW   SE     dx      alpha    alpha    inner   time (s)
     ite   param   obj func     feas      x-l     u-x   pert pert   norm      max             opt err 
        1 1.5D-04 -1.004D-03  2.223D-10 1.3D+00 4.6D-01    0    0 7.00D+04 1.00D+00 1.00D+00 2.133D-04     0.00


     4 1.8D-06 -1.004391D-03 -1.004391D-03 3.637D-04     5C

    inner barrier   scaled     scaled     min     min    NW   SE     dx      alpha    alpha    inner   time (s)
     ite   param   obj func     feas      x-l     u-x   pert pert   norm      max             opt err 
        1 1.8D-06 -6.822D-03  2.223D-10 1.1D+00 4.7D-01    0    0 8.20D+04 1.00D+00 1.00D+00 1.158D-04     0.01
        2 1.8D-06 -1.079D-02  2.223D-10 8.3D-01 3.6D-01    0    0 3.29D+04 1.00D+00 1.00D+00 2.963D-05     0.01
        3 1.8D-06 -1.407D-02  2.223D-10 5.9D-01 2.5D-01    0    0 1.36D+04 1.00D+00 1.00D+00 6.023D-06     0.01


     5 2.5D-09 -1.406545D-02 -1.406545D-02 7.868D-06     8C

    inner barrier   scaled     scaled     min     min    NW   SE     dx      alpha    alpha    inner   time (s)
     ite   param   obj func     feas      x-l     u-x   pert pert   norm      max             opt err 
        1 2.5D-09 -1.508D-02  2.223D-10 4.3D-01 1.8D-01    0    0 9.64D+03 1.00D+00 1.00D+00 2.472D-06     0.01
        2 2.5D-09 -1.523D-02  2.223D-10 3.7D-01 1.5D-01    0    0 4.20D+03 1.00D+00 1.00D+00 2.625D-07     0.01
        3 2.5D-09 -1.525D-02  2.223D-10 3.5D-01 1.5D-01    0    0 1.30D+03 1.00D+00 1.00D+00 2.811D-08     0.01
        4 2.5D-09 -1.525D-02  2.223D-10 3.4D-01 1.5D-01    0    0 1.42D+02 1.00D+00 1.00D+00 4.897D-10     0.01


     6 1.0D-09 -1.524575D-02 -1.524575D-02 2.996D-09    12C
 ==========================================================

 FINAL RESULTS:
                            scaled                   unscaled
  Objective Funct:  -1.5245749316707838D-02   -1.5245749316707838D-02
  Lagrangian Grad:   1.0565716996657180D-15    1.0565716996657180D-15
 Final Point Feas:   2.2232688499937763D-10    2.2232688499937763D-10
 Bounds violation:   0.0000000000000000D+00    0.0000000000000000D+00
 Lower Bound Comp:   2.5382253193523354D-09    2.5382253193523354D-09
 Upper Bound Comp:   2.9956456830960922D-09    2.9956456830960922D-09

 Flag of LCMIN:

     Optimal solution found.

 ====================================================
                      STATISTICS                     
 ====================================================
 GENERAL:                                            

           Preprocessing time (in seconds):      0.82
            Optimization time (in seconds):      0.15

                      Inner Iterations (IIT):      12
                      Outer Iterations (OIT):       6
                  Function Evaluations (FEV):      13
         Function Gradient Evaluations (GEV):      13
          Function Hessian Evaluations (HEV):      12
          Barrier Function Evaluations (BFE):      24
 Barrier Function Gradient Evaluations (BGE):      12
 ====================================================
 AVERAGE:                                            

 Inner Iterations per Outer Iterations  :      2.0000
 FEV per IIT:      1.0833    FEV per OIT:      2.1667
 GEV per IIT:      1.0833    GEV per OIT:      2.1667
 HEV per IIT:      1.0000    HEV per OIT:      2.0000
 BFE per IIT:      2.0000    BFE per OIT:      4.0000
 BGE per IIT:      1.0000    BGE per OIT:      2.0000
 ====================================================

