
 ==============================================================================
 This is ALGENCAN 3.1.1.
 ALGENCAN, an Augmented Lagrangian method for nonlinear programming, is part of
 the TANGO Project: Trustable Algorithms for Nonlinear General Optimization.
 See http://www.ime.usp.br/~egbirgin/tango/ for details.
 ==============================================================================

 Processing array of parameters with   3 entrances:

 IGNORE-OBJECTIVE-FUNCTION                    
 ITERATIONS-OUTPUT-DETAIL                                                    11
 NEWTON-LINE-SEARCH-INNER-SOLVER                                    'MA57 MC64'

 The specification file is not being used.

 Available HSL subroutines = MA57           

 ALGENCAN PARAMETERS:

 firstde                =                    T
 seconde                =                    T
 truehpr                =                    T
 hptype in TN           =               TRUEHP
 lsslvr in TR           =            MA57/NONE
 lsslvr in NW           =            MA57/MC64
 lsslvr in ACCPROC      =            MA57/NONE
 innslvr                =                   NW
 accproc                =                    T
 rmfixv                 =                    T
 slacks                 =                    F
 scale                  =                    T
 epsfeas                =           1.0000D-09
 epsopt                 =           1.0000D-08
 efstain                =           3.1623D-05
 eostain                =           1.0000D-12
 efacc                  =           3.1623D-05
 eoacc                  =           1.0000D-04
 iprint                 =                   11
 ncomp                  =                    6

 Specification filename =                   ''
 Output filename        =          'lcmin.out'
 Solution filename      =                   ''

 Number of variables               :   36570
 Number of equality constraints    :   26401
 Number of inequality constraints  :       0
 Number of bound constraints       :   73140
 Number of fixed variables         :       0

 There are no fixed variables to be removed.

 Objective function scale factor   : 1.0D+00
 Smallest constraints scale factor : 1.0D+00

 Since the scaling factor(s) is(are) equal to one, scaling was inhibited.

     Entry to GENCAN.
     Number of variables:   36570
     Required optimality tolerance: 1.0D-08

     It         function  gpsupn   xsupn stesupn   nfree   SPGit in-face    fcnt
      0   3.21921255D-11 4.0D-06 2.7D+02
      1   1.01369708D-11 5.3D-07 2.7D+02 2.7D-06   34546       0       1       3
      2   8.36108448D-16 2.7D-08 2.7D+02 1.9D-05   34544       0       2       4
      3   1.70926136D-16 2.6D-09 2.7D+02 4.8D-08   34544       0       3       5
      4   4.96540826D-17 2.2D-09 2.7D+02 3.3D-08   34542       0       4       6
      5   3.36317723D-17 2.0D-09 2.7D+02 7.0D-10   34542       1       4      13
      6   2.23612019D-17 2.0D-09 2.7D+02 4.9D-09   34542       1       5      14
      7   1.41757230D-17 1.4D-09 2.7D+02 5.0D-10   34542       2       5      18

     Flag of GENCAN: Solution was found.


 User-provided subroutines calls counters: 

 Subroutine fsub     (coded=F):        0
 Subroutine gsub     (coded=F):        0
 Subroutine hsub     (coded=F):        0
 Subroutine csub     (coded=F):        0 (       0 calls per constraint in avg)
 Subroutine jacsub   (coded=F):        0 (       0 calls per constraint in avg)
 Subroutine hcsub    (coded=F):        0 (       0 calls per constraint in avg)
 Subroutine fcsub    (coded=T):       18
 Subroutine gjacsub  (coded=T):       10
 Subroutine gjacpsub (coded=F):        0
 Subroutine hlsub    (coded=T):        5
 Subroutine hlpsub   (coded=F):        0


 Total CPU time in seconds =     1.42

 ==============================================================================

 Initial point computed successfully.

                                            achieved                  desired        
 Unscaled feasibility ..............:   8.6019724676589249D-10   1.0000000000000001D-09
 Smallest distance to lower bound ..:   1.0000000000000009D-02   1.0000000000000000D-03
 Smallest distance to upper bound ..:   1.0000000000000744D-02   1.0000000000000000D-03

 Starting LCMIN.
 Number of variables   :   36570
 Number of constraints :   26401

 Scale factor for the objective function   : 1.0D+00
 Smallest scale factor for the constraints : 1.0D+00

 ==========================================================
 outer barrier   objective       scaled      outer   inner
  ite   param     function     obj funct    opt err   ite 
     0 1.0D-01  2.160165D+04  2.160165D+04 1.754D+07     0 

    inner barrier   scaled     scaled     min     min    NW   SE     dx      alpha    alpha    inner   time (s)
     ite   param   obj func     feas      x-l     u-x   pert pert   norm      max             opt err 
        1 1.0D-01  1.940D+04  8.602D-10 1.0D-02 5.8D-02    0    0 3.02D+05 4.79D-01 4.79D-01 1.199D+07     0.32
        2 1.0D-01  1.817D+04  8.602D-10 7.2D-03 4.3D+00    0    0 2.33D+05 4.20D-01 4.20D-01 1.153D+07     0.29
        3 1.0D-01  1.681D+04  8.602D-10 3.3D-03 8.6D+02    0    0 1.68D+05 9.31D-01 9.31D-01 1.057D+07     0.29
        4 1.0D-01  1.639D+04  8.602D-10 9.4D-02 6.4D+02    0    0 5.48D+04 1.00D+00 1.00D+00 6.889D+06     0.29
        5 1.0D-01  1.632D+04  8.602D-10 1.1D-01 5.0D+02    0    0 1.59D+04 1.00D+00 1.00D+00 4.146D+06     0.29
        6 1.0D-01  1.631D+04  8.602D-10 1.1D-01 4.7D+02    0    0 2.86D+03 1.00D+00 1.00D+00 3.510D+05     0.29
        7 1.0D-01  1.631D+04  8.602D-10 1.1D-01 4.7D+02    0    0 7.75D+02 1.00D+00 1.00D+00 3.509D+03     0.29
        8 1.0D-01  1.631D+04  8.602D-10 1.1D-01 4.7D+02    0    0 1.01D+02 1.00D+00 1.00D+00 3.500D+01     0.29
        9 1.0D-01  1.631D+04  8.602D-10 1.1D-01 4.7D+02    0    0 2.01D+00 1.00D+00 1.00D+00 2.510D-01     0.30


     1 2.0D-02  1.631160D+04  1.631160D+04 3.510D-01     9C

    inner barrier   scaled     scaled     min     min    NW   SE     dx      alpha    alpha    inner   time (s)
     ite   param   obj func     feas      x-l     u-x   pert pert   norm      max             opt err 
        1 2.0D-02  1.614D+04  8.602D-10 2.2D-02 2.8D+02    0    0 6.80D+03 1.00D+00 1.00D+00 1.600D-02     0.30


     2 2.8D-03  1.613868D+04  1.613868D+04 3.600D-02    10C

    inner barrier   scaled     scaled     min     min    NW   SE     dx      alpha    alpha    inner   time (s)
     ite   param   obj func     feas      x-l     u-x   pert pert   norm      max             opt err 
        1 2.8D-03  1.610D+04  8.602D-10 3.0D-03 1.5D+02    0    0 1.98D+03 1.00D+00 1.00D+00 7.641D-03     0.29


     3 1.5D-04  1.609861D+04  1.609861D+04 1.047D-02    11C

    inner barrier   scaled     scaled     min     min    NW   SE     dx      alpha    alpha    inner   time (s)
     ite   param   obj func     feas      x-l     u-x   pert pert   norm      max             opt err 
        1 1.5D-04  1.609D+04  8.602D-10 1.6D-04 7.7D+01    0    0 5.30D+02 1.00D+00 1.00D+00 2.543D-03     0.30
        2 1.5D-04  1.609D+04  8.602D-10 1.6D-04 4.1D+01    0    0 1.47D+02 1.00D+00 1.00D+00 6.002D-04     0.29


     4 1.8D-06  1.609244D+04  1.609244D+04 7.506D-04    13C

    inner barrier   scaled     scaled     min     min    NW   SE     dx      alpha    alpha    inner   time (s)
     ite   param   obj func     feas      x-l     u-x   pert pert   norm      max             opt err 
        1 1.8D-06  1.609D+04  8.602D-10 2.0D-06 2.0D+01    0    0 9.29D+01 1.00D+00 1.00D+00 1.867D-04     0.29
        2 1.8D-06  1.609D+04  8.602D-10 2.0D-06 1.0D+01    0    0 4.03D+01 1.00D+00 1.00D+00 4.623D-05     0.29
        3 1.8D-06  1.609D+04  8.602D-10 2.0D-06 5.3D+00    0    0 1.97D+01 1.00D+00 1.00D+00 1.111D-05     0.30


     5 2.5D-09  1.609211D+04  1.609211D+04 1.296D-05    16C

    inner barrier   scaled     scaled     min     min    NW   SE     dx      alpha    alpha    inner   time (s)
     ite   param   obj func     feas      x-l     u-x   pert pert   norm      max             opt err 
        1 2.5D-09  1.609D+04  8.602D-10 2.7D-09 2.7D+00    0    0 1.08D+01 1.00D+00 1.00D+00 3.238D-06     0.29
        2 2.5D-09  1.609D+04  8.602D-10 2.7D-09 1.3D+00    0    0 5.33D+00 1.00D+00 1.00D+00 8.089D-07     0.30
        3 2.5D-09  1.609D+04  8.602D-10 2.7D-09 6.7D-01    0    0 2.66D+00 1.00D+00 1.00D+00 2.016D-07     0.29
        4 2.5D-09  1.609D+04  8.602D-10 2.7D-09 3.4D-01    0    0 1.32D+00 1.00D+00 1.00D+00 4.978D-08     0.30
        5 2.5D-09  1.609D+04  8.602D-10 2.7D-09 1.8D-01    0    0 6.45D-01 1.00D+00 1.00D+00 1.185D-08     0.29


     6 1.0D-09  1.609211D+04  1.609211D+04 1.436D-08    21C

    inner barrier   scaled     scaled     min     min    NW   SE     dx      alpha    alpha    inner   time (s)
     ite   param   obj func     feas      x-l     u-x   pert pert   norm      max             opt err 
        1 1.0D-09  1.609D+04  8.602D-10 1.1D-09 9.5D-02    0    0 3.30D-01 1.00D+00 1.00D+00 3.106D-09     0.31


     7 1.0D-09  1.609211D+04  1.609211D+04 4.106D-09    22C
 ==========================================================

 FINAL RESULTS:
                            scaled                   unscaled
  Objective Funct:   1.6092110528029287D+04    1.6092110528029287D+04
  Lagrangian Grad:   2.7604940078933859D-16    2.7604940078933859D-16
 Final Point Feas:   4.4325978443282565D-09    4.4325978443282565D-09
 Bounds violation:   0.0000000000000000D+00    0.0000000000000000D+00
 Lower Bound Comp:   1.1005544578722246D-09    1.1005544578722246D-09
 Upper Bound Comp:   4.1062324881504766D-09    4.1062324881504766D-09

 Flag of LCMIN:

     Optimal solution found.

 ====================================================
                      STATISTICS                     
 ====================================================
 GENERAL:                                            

           Preprocessing time (in seconds):      4.68
            Optimization time (in seconds):      6.78

                      Inner Iterations (IIT):      22
                      Outer Iterations (OIT):       7
                  Function Evaluations (FEV):      23
         Function Gradient Evaluations (GEV):      23
          Function Hessian Evaluations (HEV):      22
          Barrier Function Evaluations (BFE):      44
 Barrier Function Gradient Evaluations (BGE):      22
 ====================================================
 AVERAGE:                                            

 Inner Iterations per Outer Iterations  :      3.1429
 FEV per IIT:      1.0455    FEV per OIT:      3.2857
 GEV per IIT:      1.0455    GEV per OIT:      3.2857
 HEV per IIT:      1.0000    HEV per OIT:      3.1429
 BFE per IIT:      2.0000    BFE per OIT:      6.2857
 BGE per IIT:      1.0000    BGE per OIT:      3.1429
 ====================================================

