
 ==============================================================================
 This is ALGENCAN 3.1.1.
 ALGENCAN, an Augmented Lagrangian method for nonlinear programming, is part of
 the TANGO Project: Trustable Algorithms for Nonlinear General Optimization.
 See http://www.ime.usp.br/~egbirgin/tango/ for details.
 ==============================================================================

 Processing array of parameters with   3 entrances:

 IGNORE-OBJECTIVE-FUNCTION                    
 ITERATIONS-OUTPUT-DETAIL                                                    11
 NEWTON-LINE-SEARCH-INNER-SOLVER                                    'MA57 MC64'

 The specification file is not being used.

 Available HSL subroutines = MA57           

 ALGENCAN PARAMETERS:

 firstde                =                    T
 seconde                =                    T
 truehpr                =                    T
 hptype in TN           =               TRUEHP
 lsslvr in TR           =            MA57/NONE
 lsslvr in NW           =            MA57/MC64
 lsslvr in ACCPROC      =            MA57/NONE
 innslvr                =                   NW
 accproc                =                    T
 rmfixv                 =                    T
 slacks                 =                    F
 scale                  =                    T
 epsfeas                =           1.0000D-09
 epsopt                 =           1.0000D-08
 efstain                =           3.1623D-05
 eostain                =           1.0000D-12
 efacc                  =           3.1623D-05
 eoacc                  =           1.0000D-04
 iprint                 =                   11
 ncomp                  =                    6

 Specification filename =                   ''
 Output filename        =          'lcmin.out'
 Solution filename      =                   ''

 Number of variables               :   11163
 Number of equality constraints    :     243
 Number of inequality constraints  :       0
 Number of bound constraints       :   14114
 Number of fixed variables         :       0

 There are no fixed variables to be removed.

 Objective function scale factor   : 1.0D+00
 Smallest constraints scale factor : 1.0D+00

 Since the scaling factor(s) is(are) equal to one, scaling was inhibited.

     Entry to GENCAN.
     Number of variables:   11163
     Required optimality tolerance: 1.0D-08

     It         function  gpsupn   xsupn stesupn   nfree   SPGit in-face    fcnt
      0   1.50991584D-17 3.5D-09 8.7D+01
      1   1.11339011D-17 3.2D-09 8.7D+01 1.2D-10    7508       0       1       3
      2   2.69391362D-24 1.1D-12 8.7D+01 2.9D-09    7508       0       2       4

     Flag of GENCAN: Solution was found.


 User-provided subroutines calls counters: 

 Subroutine fsub     (coded=F):        0
 Subroutine gsub     (coded=F):        0
 Subroutine hsub     (coded=F):        0
 Subroutine csub     (coded=F):        0 (       0 calls per constraint in avg)
 Subroutine jacsub   (coded=F):        0 (       0 calls per constraint in avg)
 Subroutine hcsub    (coded=F):        0 (       0 calls per constraint in avg)
 Subroutine fcsub    (coded=T):        4
 Subroutine gjacsub  (coded=T):        5
 Subroutine gjacpsub (coded=F):        0
 Subroutine hlsub    (coded=T):        2
 Subroutine hlpsub   (coded=F):        0


 Total CPU time in seconds =     0.02

 ==============================================================================

 Initial point computed successfully.

                                            achieved                  desired        
 Unscaled feasibility ..............:   8.2334139506201609D-13   1.0000000000000001D-09
 Smallest distance to lower bound ..:   1.0000000000000000D-02   1.0000000000000000D-03
 Smallest distance to upper bound ..:   1.0000000000000000D-02   1.0000000000000000D-03

 Starting LCMIN.
 Number of variables   :   11163
 Number of constraints :     243

 Scale factor for the objective function   : 6.2D-01
 Smallest scale factor for the constraints : 1.0D+00

 ==========================================================
 outer barrier   objective       scaled      outer   inner
  ite   param     function     obj funct    opt err   ite 
     0 1.0D-01  1.377171D+06  8.531962D+05 1.000D+06     0 

    inner barrier   scaled     scaled     min     min    NW   SE     dx      alpha    alpha    inner   time (s)
     ite   param   obj func     feas      x-l     u-x   pert pert   norm      max             opt err 
        1 1.0D-01  5.840D+05  9.834D-12 5.0D-04 1.8D-02    0    0 2.15D+05 1.97D-01 1.97D-01 6.330D+05     0.01
        2 1.0D-01  1.447D+05  1.455D-11 3.1D-03 3.3D-02    0    0 1.79D+05 6.22D-01 6.22D-01 4.283D+05     0.01
        3 1.0D-01  5.347D+04  1.569D-11 3.7D-02 5.0D-02    0    0 7.67D+04 1.00D+00 1.00D+00 1.095D+05     0.01
        4 1.0D-01  5.237D+04  1.535D-11 3.6D-02 5.4D-02    0    0 8.54D+03 1.00D+00 1.00D+00 9.218D+04     0.01
        5 1.0D-01  5.225D+04  3.877D-11 3.6D-02 5.4D-02    0    0 2.14D+03 1.00D+00 1.00D+00 5.349D+04     0.01
        6 1.0D-01  5.223D+04  4.900D-11 3.6D-02 5.4D-02    0    0 4.62D+02 1.00D+00 1.00D+00 1.679D+04     0.01
        7 1.0D-01  5.223D+04  1.779D-11 3.6D-02 5.4D-02    0    0 1.74D+02 1.00D+00 1.00D+00 1.701D+02     0.01
        8 1.0D-01  5.223D+04  2.103D-11 3.6D-02 5.4D-02    0    0 3.41D+01 1.00D+00 1.00D+00 1.602D+00     0.01
        9 1.0D-01  5.223D+04  1.864D-11 3.6D-02 5.4D-02    0    0 3.14D-01 1.00D+00 1.00D+00 1.357D-05     0.01


     1 2.0D-02  8.430912D+04  5.223189D+04 1.000D-01     9C


     2 2.8D-03  8.430912D+04  5.223189D+04 1.000D-01     9C

    inner barrier   scaled     scaled     min     min    NW   SE     dx      alpha    alpha    inner   time (s)
     ite   param   obj func     feas      x-l     u-x   pert pert   norm      max             opt err 
        1 2.8D-03  5.199D+04  4.047D-11 2.9D-03 2.9D-02    0    0 2.08D+03 7.31D-01 7.31D-01 1.669D-01     0.01
        2 2.8D-03  5.193D+04  1.012D-11 1.2D-03 1.5D-02    0    0 8.24D+02 6.94D-01 6.94D-01 1.265D-01     0.01
        3 2.8D-03  5.192D+04  1.626D-11 5.5D-04 1.2D-02    0    0 2.74D+02 2.62D-01 2.62D-01 1.633D-01     0.01
        4 2.8D-03  5.191D+04  1.188D-11 4.5D-04 8.5D-03    0    0 2.03D+02 4.27D-01 4.27D-01 1.206D-01     0.01
        5 2.8D-03  5.191D+04  1.523D-11 2.5D-04 6.8D-03    0    0 1.14D+02 3.29D-01 3.29D-01 9.572D-02     0.01
        6 2.8D-03  5.190D+04  2.251D-11 1.6D-04 4.5D-03    0    0 7.60D+01 6.68D-01 6.68D-01 3.309D-02     0.01
        7 2.8D-03  5.190D+04  1.285D-11 1.2D-03 3.4D-03    0    0 2.53D+01 1.00D+00 1.00D+00 2.237D-04     0.01


     3 1.5D-04  8.377464D+04  5.190076D+04 3.052D-03    16C

    inner barrier   scaled     scaled     min     min    NW   SE     dx      alpha    alpha    inner   time (s)
     ite   param   obj func     feas      x-l     u-x   pert pert   norm      max             opt err 
        1 1.5D-04  5.190D+04  1.120D-11 2.3D-06 1.5D-03    0    0 7.59D+01 6.40D-01 6.40D-01 5.082D-02     0.01
        2 1.5D-04  5.189D+04  1.074D-11 6.3D-05 2.4D-04    0    0 2.91D+01 1.00D+00 1.00D+00 1.168D-02     0.01
        3 1.5D-04  5.189D+04  4.007D-11 6.3D-05 2.0D-04    0    0 1.59D+00 1.00D+00 1.00D+00 6.477D-05     0.01


     4 1.8D-06  8.376179D+04  5.189280D+04 2.152D-04    19C

    inner barrier   scaled     scaled     min     min    NW   SE     dx      alpha    alpha    inner   time (s)
     ite   param   obj func     feas      x-l     u-x   pert pert   norm      max             opt err 
        1 1.8D-06  5.189D+04  1.739D-11 8.0D-09 1.8D-05    0    0 5.05D+00 9.27D-01 9.27D-01 1.565D-03     0.01
        2 1.8D-06  5.189D+04  2.365D-11 7.7D-07 2.5D-06    0    0 7.41D-01 1.00D+00 1.00D+00 1.509D-05     0.01


     5 2.5D-09  8.376105D+04  5.189234D+04 1.693D-05    21C

    inner barrier   scaled     scaled     min     min    NW   SE     dx      alpha    alpha    inner   time (s)
     ite   param   obj func     feas      x-l     u-x   pert pert   norm      max             opt err 
        1 2.5D-09  5.189D+04  2.473D-11 1.3D-13 3.5D-08    0    0 1.64D-01 9.88D-01 9.88D-01 4.354D-05     0.01
        2 2.5D-09  5.189D+04  3.212D-11 1.0D-09 3.4D-09    0    0 2.65D-02 1.00D+00 1.00D+00 3.361D-06     0.01
        3 2.5D-09  5.189D+04  1.745D-11 1.0D-09 3.4D-09    0    0 8.18D-03 1.00D+00 1.00D+00 1.696D-07     0.01
        4 2.5D-09  5.189D+04  8.356D-12 1.0D-09 3.4D-09    0    0 1.79D-03 1.00D+00 1.00D+00 1.171D-08     0.01


     6 1.0D-09  8.376104D+04  5.189234D+04 1.421D-08    25C

    inner barrier   scaled     scaled     min     min    NW   SE     dx      alpha    alpha    inner   time (s)
     ite   param   obj func     feas      x-l     u-x   pert pert   norm      max             opt err 
        1 1.0D-09  5.189D+04  2.473D-11 4.2D-10 1.3D-09    0    0 1.85D-04 1.00D+00 1.00D+00 9.537D-11     0.01


     7 1.0D-09  8.376104D+04  5.189234D+04 1.095D-09    26C
 ==========================================================

 FINAL RESULTS:
                            scaled                   unscaled
  Objective Funct:   5.1892336951514131D+04    8.3761043848831905D+04
  Lagrangian Grad:   5.5618286415406597D-16    8.9775215396265407D-16
 Final Point Feas:   2.4726887204451486D-11    2.4726887204451486D-11
 Bounds violation:   0.0000000000000000D+00    0.0000000000000000D+00
 Lower Bound Comp:   1.0000108856680305D-09    1.6141488428631098D-09
 Upper Bound Comp:   1.0953699066020731D-09    1.7680708206168013D-09

 Flag of LCMIN:

     Optimal solution found.

 ====================================================
                      STATISTICS                     
 ====================================================
 GENERAL:                                            

           Preprocessing time (in seconds):      0.48
            Optimization time (in seconds):      0.29

                      Inner Iterations (IIT):      26
                      Outer Iterations (OIT):       7
                  Function Evaluations (FEV):      27
         Function Gradient Evaluations (GEV):      27
          Function Hessian Evaluations (HEV):      26
          Barrier Function Evaluations (BFE):      52
 Barrier Function Gradient Evaluations (BGE):      26
 ====================================================
 AVERAGE:                                            

 Inner Iterations per Outer Iterations  :      3.7143
 FEV per IIT:      1.0385    FEV per OIT:      3.8571
 GEV per IIT:      1.0385    GEV per OIT:      3.8571
 HEV per IIT:      1.0000    HEV per OIT:      3.7143
 BFE per IIT:      2.0000    BFE per OIT:      7.4286
 BGE per IIT:      1.0000    BGE per OIT:      3.7143
 ====================================================

