
 ==============================================================================
 This is ALGENCAN 3.1.1.
 ALGENCAN, an Augmented Lagrangian method for nonlinear programming, is part of
 the TANGO Project: Trustable Algorithms for Nonlinear General Optimization.
 See http://www.ime.usp.br/~egbirgin/tango/ for details.
 ==============================================================================

 Processing array of parameters with   3 entrances:

 IGNORE-OBJECTIVE-FUNCTION                    
 ITERATIONS-OUTPUT-DETAIL                                                    11
 NEWTON-LINE-SEARCH-INNER-SOLVER                                    'MA57 MC64'

 The specification file is not being used.

 Available HSL subroutines = MA57           

 ALGENCAN PARAMETERS:

 firstde                =                    T
 seconde                =                    T
 truehpr                =                    T
 hptype in TN           =               TRUEHP
 lsslvr in TR           =            MA57/NONE
 lsslvr in NW           =            MA57/MC64
 lsslvr in ACCPROC      =            MA57/NONE
 innslvr                =                   NW
 accproc                =                    T
 rmfixv                 =                    T
 slacks                 =                    F
 scale                  =                    T
 epsfeas                =           1.0000D-09
 epsopt                 =           1.0000D-08
 efstain                =           3.1623D-05
 eostain                =           1.0000D-12
 efacc                  =           3.1623D-05
 eoacc                  =           1.0000D-04
 iprint                 =                   11
 ncomp                  =                    6

 Specification filename =                   ''
 Output filename        =          'lcmin.out'
 Solution filename      =                   ''

 Number of variables               :   10000
 Number of equality constraints    :    7500
 Number of inequality constraints  :       0
 Number of bound constraints       :   20000
 Number of fixed variables         :       0

 There are no fixed variables to be removed.

 Objective function scale factor   : 1.0D+00
 Smallest constraints scale factor : 2.5D-01

     Entry to GENCAN.
     Number of variables:   10000
     Required optimality tolerance: 1.0D-08

     It         function  gpsupn   xsupn stesupn   nfree   SPGit in-face    fcnt
      0   9.95734509D-11 2.4D-08 1.1D+00
      1   1.23951205D-11 1.7D-09 1.1D+00 4.3D-03   10000       0       1       3
      2   6.00987982D-16 8.6D-13 1.1D+00 4.2D-03   10000       0       2       4
      3   6.50913149D-21 2.0D-15 1.1D+00 2.6D-05   10000       0       3       5

     Flag of GENCAN: Solution was found.


 User-provided subroutines calls counters: 

 Subroutine fsub     (coded=F):        0
 Subroutine gsub     (coded=F):        0
 Subroutine hsub     (coded=F):        0
 Subroutine csub     (coded=F):        0 (       0 calls per constraint in avg)
 Subroutine jacsub   (coded=F):        0 (       0 calls per constraint in avg)
 Subroutine hcsub    (coded=F):        0 (       0 calls per constraint in avg)
 Subroutine fcsub    (coded=T):        5
 Subroutine gjacsub  (coded=T):        6
 Subroutine gjacpsub (coded=F):        0
 Subroutine hlsub    (coded=T):        3
 Subroutine hlpsub   (coded=F):        0


 Total CPU time in seconds =     1.11

 ==============================================================================

 Initial point computed successfully.

                                            achieved                  desired        
 Unscaled feasibility ..............:   2.9717561744746490D-10   1.0000000000000001D-09
 Smallest distance to lower bound ..:   3.7049108293928845D-01   1.0000000000000000D-03
 Smallest distance to upper bound ..:   8.8700033881256850D+00   3.1149622790653503D-02

 Starting LCMIN.
 Number of variables   :   10000
 Number of constraints :    7500

 Scale factor for the objective function   : 8.8D-04
 Smallest scale factor for the constraints : 1.0D+00

 ==========================================================
 outer barrier   objective       scaled      outer   inner
  ite   param     function     obj funct    opt err   ite 
     0 1.0D-01  1.483837D+08  1.301664D+05 5.481D+01     0 

    inner barrier   scaled     scaled     min     min    NW   SE     dx      alpha    alpha    inner   time (s)
     ite   param   obj func     feas      x-l     u-x   pert pert   norm      max             opt err 
        1 1.0D-01  1.171D+05  2.972D-10 4.0D-03 8.8D+00    0    0 3.19D+03 2.22D-01 2.22D-01 4.305D+01     9.85
        2 1.0D-01  1.128D+05  2.972D-10 3.7D-04 8.8D+00    0    0 2.37D+03 1.24D-01 1.24D-01 3.542D+01     8.75
        3 1.0D-01  1.076D+05  2.972D-10 6.7D-04 8.8D+00    0    0 1.93D+03 2.60D-01 2.60D-01 1.944D+01     6.90
        4 1.0D-01  1.033D+05  2.972D-10 1.6D-03 8.8D+00    0    0 1.27D+03 5.30D-01 5.30D-01 7.397D+00     6.92
        5 1.0D-01  1.023D+05  2.972D-10 7.4D-04 8.8D+00    0    0 4.50D+02 5.52D-01 5.52D-01 2.976D+00     9.58
        6 1.0D-01  1.019D+05  2.972D-10 2.3D-03 8.8D+00    0    0 1.50D+02 1.00D+00 1.00D+00 4.029D-02     9.80


     1 2.0D-02  1.161804D+08  1.019168D+05 1.403D-01     6C


     2 2.8D-03  1.161804D+08  1.019168D+05 1.403D-01     6C

    inner barrier   scaled     scaled     min     min    NW   SE     dx      alpha    alpha    inner   time (s)
     ite   param   obj func     feas      x-l     u-x   pert pert   norm      max             opt err 
        1 2.8D-03  1.016D+05  2.972D-10 1.7D-05 8.8D+00    0    0 1.24D+02 8.60D-01 8.60D-01 2.825D-01    10.12
        2 2.8D-03  1.015D+05  2.972D-10 5.2D-05 8.8D+00    0    0 4.90D+01 1.00D+00 1.00D+00 6.062D-03    10.63


     3 1.5D-04  1.157315D+08  1.015230D+05 8.891D-03     8C

    inner barrier   scaled     scaled     min     min    NW   SE     dx      alpha    alpha    inner   time (s)
     ite   param   obj func     feas      x-l     u-x   pert pert   norm      max             opt err 
        1 1.5D-04  1.015D+05  2.972D-10 2.1D-06 8.8D+00    0    0 1.40D+01 1.00D+00 1.00D+00 2.108D-03     9.17
        2 1.5D-04  1.015D+05  2.972D-10 2.8D-06 8.8D+00    0    0 2.55D+00 1.00D+00 1.00D+00 4.853D-04    10.08


     4 1.8D-06  1.157120D+08  1.015059D+05 6.358D-04    10C

    inner barrier   scaled     scaled     min     min    NW   SE     dx      alpha    alpha    inner   time (s)
     ite   param   obj func     feas      x-l     u-x   pert pert   norm      max             opt err 
        1 1.8D-06  1.015D+05  2.972D-10 3.1D-08 8.8D+00    0    0 1.08D+00 1.00D+00 1.00D+00 1.573D-04     9.87
        2 1.8D-06  1.015D+05  2.972D-10 3.2D-08 8.8D+00    0    0 1.87D-01 1.00D+00 1.00D+00 3.832D-05     7.53
        3 1.8D-06  1.015D+05  2.972D-10 3.2D-08 8.8D+00    0    0 4.26D-02 1.00D+00 1.00D+00 8.645D-06     9.38


     5 2.5D-09  1.157111D+08  1.015051D+05 1.049D-05    13C

    inner barrier   scaled     scaled     min     min    NW   SE     dx      alpha    alpha    inner   time (s)
     ite   param   obj func     feas      x-l     u-x   pert pert   norm      max             opt err 
        1 2.5D-09  1.015D+05  2.972D-10 5.6D-16 8.8D+00    0    0 1.87D-02 7.84D-01 7.84D-01 1.383D-03     9.20
        2 2.5D-09  1.015D+05  2.972D-10 2.8D-17 8.8D+00    0    0 6.07D-03 1.84D-01 1.84D-01 2.817D-03     8.21
        3 2.5D-09  1.015D+05  2.972D-10 1.4D-17 8.8D+00    0    0 5.22D-03 3.60D-01 3.60D-01 5.614D+01     9.61
        4 2.5D-09  1.015D+05  2.972D-10 1.1D-16 8.8D+00    0    0 3.36D-03 3.92D-01 3.92D-01 3.068D+01     9.55
        5 2.5D-09  1.015D+05  2.972D-10 1.7D-11 8.8D+00    0    0 2.05D-03 4.72D-01 2.36D-01 3.768D+01    10.83
        6 2.5D-09  1.015D+05  2.972D-10 1.6D-11 8.8D+00    0    0 1.57D-03 5.63D-01 2.81D-01 2.026D+01     8.83
        7 2.5D-09  1.015D+05  2.972D-10 6.9D-17 8.8D+00    0    0 1.13D-03 6.33D-01 6.33D-01 1.592D+01     9.39
        8 2.5D-09  1.015D+05  2.972D-10 6.6D-12 8.8D+00    0    0 4.16D-04 5.00D-01 2.50D-01 1.173D+02    10.16
        9 2.5D-09  1.015D+05  2.972D-10 7.5D-12 8.8D+00    0    0 3.13D-04 5.67D-01 2.83D-01 7.777D+01    11.60
       10 2.5D-09  1.015D+05  2.972D-10 6.7D-12 8.8D+00    0    0 2.26D-04 8.24D-01 4.12D-01 4.482D+01     9.99

    inner barrier   scaled     scaled     min     min    NW   SE     dx      alpha    alpha    inner   time (s)
     ite   param   obj func     feas      x-l     u-x   pert pert   norm      max             opt err 
       11 2.5D-09  1.015D+05  2.972D-10 6.5D-12 8.8D+00    0    0 1.34D-04 1.00D+00 1.00D+00 1.920D+00    10.66
       12 2.5D-09  1.015D+05  2.972D-10 6.7D-12 8.8D+00    0    0 5.05D-07 1.00D+00 1.00D+00 6.771D-10    11.80


     6 1.0D-09  1.157111D+08  1.015051D+05 3.183D-09    25C
 ==========================================================

 FINAL RESULTS:
                            scaled                   unscaled
  Objective Funct:   1.0150511010944252D+05    1.1571110480698225D+08
  Lagrangian Grad:   2.9810276344127341D-10    3.3982328640019315D-07
 Final Point Feas:   2.9717561744746490D-10    2.9717561744746490D-10
 Bounds violation:   0.0000000000000000D+00    0.0000000000000000D+00
 Lower Bound Comp:   3.1830088772918848D-09    3.6284820873034466D-06
 Upper Bound Comp:   2.5059035596800626D-09    2.8566135154938963D-06

 Flag of LCMIN:

     Optimal solution found.

 ====================================================
                      STATISTICS                     
 ====================================================
 GENERAL:                                            

           Preprocessing time (in seconds):      2.35
            Optimization time (in seconds):    245.84

                      Inner Iterations (IIT):      25
                      Outer Iterations (OIT):       6
                  Function Evaluations (FEV):      31
         Function Gradient Evaluations (GEV):      26
          Function Hessian Evaluations (HEV):      25
          Barrier Function Evaluations (BFE):      55
 Barrier Function Gradient Evaluations (BGE):      25
 ====================================================
 AVERAGE:                                            

 Inner Iterations per Outer Iterations  :      4.1667
 FEV per IIT:      1.2400    FEV per OIT:      5.1667
 GEV per IIT:      1.0400    GEV per OIT:      4.3333
 HEV per IIT:      1.0000    HEV per OIT:      4.1667
 BFE per IIT:      2.2000    BFE per OIT:      9.1667
 BGE per IIT:      1.0000    BGE per OIT:      4.1667
 ====================================================

