
 ==============================================================================
 This is ALGENCAN 3.1.1.
 ALGENCAN, an Augmented Lagrangian method for nonlinear programming, is part of
 the TANGO Project: Trustable Algorithms for Nonlinear General Optimization.
 See http://www.ime.usp.br/~egbirgin/tango/ for details.
 ==============================================================================

 Processing array of parameters with   3 entrances:

 IGNORE-OBJECTIVE-FUNCTION                    
 ITERATIONS-OUTPUT-DETAIL                                                    11
 NEWTON-LINE-SEARCH-INNER-SOLVER                                    'MA57 MC64'

 The specification file is not being used.

 Available HSL subroutines = MA57           

 ALGENCAN PARAMETERS:

 firstde                =                    T
 seconde                =                    T
 truehpr                =                    T
 hptype in TN           =               TRUEHP
 lsslvr in TR           =            MA57/NONE
 lsslvr in NW           =            MA57/MC64
 lsslvr in ACCPROC      =            MA57/NONE
 innslvr                =                   NW
 accproc                =                    T
 rmfixv                 =                    T
 slacks                 =                    F
 scale                  =                    T
 epsfeas                =           1.0000D-09
 epsopt                 =           1.0000D-08
 efstain                =           3.1623D-05
 eostain                =           1.0000D-12
 efacc                  =           3.1623D-05
 eoacc                  =           1.0000D-04
 iprint                 =                   11
 ncomp                  =                    6

 Specification filename =                   ''
 Output filename        =          'lcmin.out'
 Solution filename      =                   ''

 Number of variables               :   10000
 Number of equality constraints    :    2500
 Number of inequality constraints  :       0
 Number of bound constraints       :   20000
 Number of fixed variables         :       0

 There are no fixed variables to be removed.

 Objective function scale factor   : 1.0D+00
 Smallest constraints scale factor : 2.5D-01

     Entry to GENCAN.
     Number of variables:   10000
     Required optimality tolerance: 1.0D-08

     It         function  gpsupn   xsupn stesupn   nfree   SPGit in-face    fcnt
      0   1.25213589D-16 1.4D-09 1.2D+00
      1   1.05043499D-16 1.2D-09 1.2D+00 9.0D-10   10000       0       1       3
      2   2.44503055D-28 9.9D-15 1.2D+00 2.1D-08   10000       0       2       4

     Flag of GENCAN: Solution was found.


 User-provided subroutines calls counters: 

 Subroutine fsub     (coded=F):        0
 Subroutine gsub     (coded=F):        0
 Subroutine hsub     (coded=F):        0
 Subroutine csub     (coded=F):        0 (       0 calls per constraint in avg)
 Subroutine jacsub   (coded=F):        0 (       0 calls per constraint in avg)
 Subroutine hcsub    (coded=F):        0 (       0 calls per constraint in avg)
 Subroutine fcsub    (coded=T):        4
 Subroutine gjacsub  (coded=T):        5
 Subroutine gjacpsub (coded=F):        0
 Subroutine hlsub    (coded=T):        2
 Subroutine hlpsub   (coded=F):        0


 Total CPU time in seconds =     0.02

 ==============================================================================

 Initial point computed successfully.

                                            achieved                  desired        
 Unscaled feasibility ..............:   2.3092638912203256D-14   1.0000000000000001D-09
 Smallest distance to lower bound ..:   4.0000000000000002D-01   1.0000000000000000D-03
 Smallest distance to upper bound ..:   8.8355453334776950D+00   3.1149622790653503D-02

 Starting LCMIN.
 Number of variables   :   10000
 Number of constraints :    2500

 Scale factor for the objective function   : 8.9D-04
 Smallest scale factor for the constraints : 1.0D+00

 ==========================================================
 outer barrier   objective       scaled      outer   inner
  ite   param     function     obj funct    opt err   ite 
     0 1.0D-01  1.368960D+08  1.218152D+05 5.421D+01     0 

    inner barrier   scaled     scaled     min     min    NW   SE     dx      alpha    alpha    inner   time (s)
     ite   param   obj func     feas      x-l     u-x   pert pert   norm      max             opt err 
        1 1.0D-01  1.057D+05  2.309D-14 4.0D-03 8.6D+00    0    0 7.23D+03 1.50D-01 1.50D-01 5.813D+01     0.35
        2 1.0D-01  9.795D+04  2.309D-14 6.7D-04 8.5D+00    0    0 5.38D+03 1.06D-01 1.06D-01 4.971D+01     0.75
        3 1.0D-01  8.785D+04  2.309D-14 1.7D-03 7.8D+00    0    0 4.16D+03 2.02D-01 2.02D-01 3.861D+01     1.02
        4 1.0D-01  8.172D+04  2.220D-14 9.2D-04 7.2D+00    0    0 3.02D+03 2.22D-01 2.22D-01 2.911D+01     0.72
        5 1.0D-01  7.817D+04  2.309D-14 4.3D-04 6.7D+00    0    0 2.22D+03 2.37D-01 2.37D-01 2.099D+01     1.10
        6 1.0D-01  7.524D+04  2.309D-14 9.1D-04 6.0D+00    0    0 1.57D+03 3.99D-01 3.99D-01 1.203D+01     1.09
        7 1.0D-01  7.390D+04  2.309D-14 6.9D-04 5.5D+00    0    0 8.50D+02 5.40D-01 5.40D-01 5.289D+00     1.04
        8 1.0D-01  7.336D+04  2.309D-14 8.8D-04 5.1D+00    0    0 3.57D+02 9.07D-01 9.07D-01 4.689D-01     0.72


     1 2.0D-02  8.244013D+07  7.335834D+04 4.689D-01     8C

    inner barrier   scaled     scaled     min     min    NW   SE     dx      alpha    alpha    inner   time (s)
     ite   param   obj func     feas      x-l     u-x   pert pert   norm      max             opt err 
        1 2.0D-02  7.296D+04  2.309D-14 5.6D-04 5.0D+00    0    0 1.34D+02 1.00D+00 1.00D+00 2.074D-02     1.18


     2 2.8D-03  8.198719D+07  7.295530D+04 4.074D-02     9C

    inner barrier   scaled     scaled     min     min    NW   SE     dx      alpha    alpha    inner   time (s)
     ite   param   obj func     feas      x-l     u-x   pert pert   norm      max             opt err 
        1 2.8D-03  7.285D+04  2.309D-14 7.8D-05 5.0D+00    0    0 4.67D+01 1.00D+00 1.00D+00 8.673D-03     0.84


     3 1.5D-04  8.186363D+07  7.284535D+04 1.150D-02    10C

    inner barrier   scaled     scaled     min     min    NW   SE     dx      alpha    alpha    inner   time (s)
     ite   param   obj func     feas      x-l     u-x   pert pert   norm      max             opt err 
        1 1.5D-04  7.283D+04  2.309D-14 2.1D-07 5.0D+00    0    0 1.30D+01 9.99D-01 9.99D-01 1.363D-02     1.20
        2 1.5D-04  7.283D+04  2.309D-14 4.3D-06 4.9D+00    0    0 2.56D+00 1.00D+00 1.00D+00 6.458D-04     1.02


     4 1.8D-06  8.184338D+07  7.282733D+04 7.962D-04    12C

    inner barrier   scaled     scaled     min     min    NW   SE     dx      alpha    alpha    inner   time (s)
     ite   param   obj func     feas      x-l     u-x   pert pert   norm      max             opt err 
        1 1.8D-06  7.283D+04  2.309D-14 2.3D-10 4.9D+00    0    0 1.07D+00 9.74D-01 9.74D-01 1.197D-03     1.11
        2 1.8D-06  7.283D+04  2.309D-14 5.3D-08 4.9D+00    0    0 2.45D-01 1.00D+00 1.00D+00 5.053D-05     0.92
        3 1.8D-06  7.283D+04  2.309D-14 5.3D-08 4.9D+00    0    0 5.59D-02 1.00D+00 1.00D+00 1.217D-05     1.02


     5 2.5D-09  8.184247D+07  7.282652D+04 1.402D-05    15C

    inner barrier   scaled     scaled     min     min    NW   SE     dx      alpha    alpha    inner   time (s)
     ite   param   obj func     feas      x-l     u-x   pert pert   norm      max             opt err 
        1 2.5D-09  7.283D+04  2.309D-14 4.5D-15 4.9D+00    0    0 2.24D-02 9.95D-01 9.95D-01 2.928D-05     1.06
        2 2.5D-09  7.283D+04  2.309D-14 7.1D-11 4.9D+00    0    0 6.24D-03 1.00D+00 1.00D+00 8.599D-07     0.98
        3 2.5D-09  7.283D+04  2.309D-14 7.1D-11 4.9D+00    0    0 2.47D-03 1.00D+00 1.00D+00 1.993D-07     1.04
        4 2.5D-09  7.283D+04  2.309D-14 7.1D-11 4.9D+00    0    0 9.46D-04 1.00D+00 1.00D+00 4.232D-08     0.97
        5 2.5D-09  7.283D+04  2.309D-14 7.1D-11 4.9D+00    0    0 3.16D-04 1.00D+00 1.00D+00 7.440D-09     1.12


     6 1.0D-09  8.184246D+07  7.282651D+04 9.946D-09    20C
 ==========================================================

 FINAL RESULTS:
                            scaled                   unscaled
  Objective Funct:   7.2826512070369659D+04    8.1842458277835086D+07
  Lagrangian Grad:   5.5190517040899842D-14    6.2023121248583834D-11
 Final Point Feas:   2.3092638912203256D-14    2.3092638912203256D-14
 Bounds violation:   0.0000000000000000D+00    0.0000000000000000D+00
 Lower Bound Comp:   9.9462707085842426D-09    1.1177622301900077D-05
 Upper Bound Comp:   2.5059035596800626D-09    2.8161352466423692D-06

 Flag of LCMIN:

     Optimal solution found.

 ====================================================
                      STATISTICS                     
 ====================================================
 GENERAL:                                            

           Preprocessing time (in seconds):      0.11
            Optimization time (in seconds):     24.44

                      Inner Iterations (IIT):      20
                      Outer Iterations (OIT):       6
                  Function Evaluations (FEV):      21
         Function Gradient Evaluations (GEV):      21
          Function Hessian Evaluations (HEV):      20
          Barrier Function Evaluations (BFE):      40
 Barrier Function Gradient Evaluations (BGE):      20
 ====================================================
 AVERAGE:                                            

 Inner Iterations per Outer Iterations  :      3.3333
 FEV per IIT:      1.0500    FEV per OIT:      3.5000
 GEV per IIT:      1.0500    GEV per OIT:      3.5000
 HEV per IIT:      1.0000    HEV per OIT:      3.3333
 BFE per IIT:      2.0000    BFE per OIT:      6.6667
 BGE per IIT:      1.0000    BGE per OIT:      3.3333
 ====================================================

