
 ==============================================================================
 This is ALGENCAN 3.1.1.
 ALGENCAN, an Augmented Lagrangian method for nonlinear programming, is part of
 the TANGO Project: Trustable Algorithms for Nonlinear General Optimization.
 See http://www.ime.usp.br/~egbirgin/tango/ for details.
 ==============================================================================

 Processing array of parameters with   3 entrances:

 IGNORE-OBJECTIVE-FUNCTION                    
 ITERATIONS-OUTPUT-DETAIL                                                    11
 NEWTON-LINE-SEARCH-INNER-SOLVER                                    'MA57 MC64'

 The specification file is not being used.

 Available HSL subroutines = MA57           

 ALGENCAN PARAMETERS:

 firstde                =                    T
 seconde                =                    T
 truehpr                =                    T
 hptype in TN           =               TRUEHP
 lsslvr in TR           =            MA57/NONE
 lsslvr in NW           =            MA57/MC64
 lsslvr in ACCPROC      =            MA57/NONE
 innslvr                =                   NW
 accproc                =                    T
 rmfixv                 =                    T
 slacks                 =                    F
 scale                  =                    T
 epsfeas                =           1.0000D-09
 epsopt                 =           1.0000D-08
 efstain                =           3.1623D-05
 eostain                =           1.0000D-12
 efacc                  =           3.1623D-05
 eoacc                  =           1.0000D-04
 iprint                 =                   11
 ncomp                  =                    6

 Specification filename =                   ''
 Output filename        =          'lcmin.out'
 Solution filename      =                   ''

 Number of variables               :   16514
 Number of equality constraints    :     404
 Number of inequality constraints  :       0
 Number of bound constraints       :   31445
 Number of fixed variables         :       0

 There are no fixed variables to be removed.

 Objective function scale factor   : 1.0D+00
 Smallest constraints scale factor : 1.0D+00

 Since the scaling factor(s) is(are) equal to one, scaling was inhibited.

     Entry to GENCAN.
     Number of variables:   16514
     Required optimality tolerance: 1.0D-08

     It         function  gpsupn   xsupn stesupn   nfree   SPGit in-face    fcnt
      0   8.75302102D-11 7.8D-06 3.5D+01
      1   2.55752587D-13 4.2D-07 3.5D+01 3.7D-06    9895       0       1       3
      2   7.33836080D-19 7.7D-10 3.5D+01 3.3D-07    9895       0       2       4

     Flag of GENCAN: Solution was found.


 User-provided subroutines calls counters: 

 Subroutine fsub     (coded=F):        0
 Subroutine gsub     (coded=F):        0
 Subroutine hsub     (coded=F):        0
 Subroutine csub     (coded=F):        0 (       0 calls per constraint in avg)
 Subroutine jacsub   (coded=F):        0 (       0 calls per constraint in avg)
 Subroutine hcsub    (coded=F):        0 (       0 calls per constraint in avg)
 Subroutine fcsub    (coded=T):        4
 Subroutine gjacsub  (coded=T):        5
 Subroutine gjacpsub (coded=F):        0
 Subroutine hlsub    (coded=T):        2
 Subroutine hlpsub   (coded=F):        0


 Total CPU time in seconds =     0.02

 ==============================================================================

 Initial point computed successfully.

                                            achieved                  desired        
 Unscaled feasibility ..............:   7.5488795769906858D-10   1.0000000000000001D-09
 Smallest distance to lower bound ..:   1.0000000000000009D-02   1.0000000000000000D-03
 Smallest distance to upper bound ..:   1.0000000000000000D-02   1.0000000000000000D-03

 Starting LCMIN.
 Number of variables   :   16514
 Number of constraints :     404

 Scale factor for the objective function   : 1.0D+00
 Smallest scale factor for the constraints : 1.0D+00

 ==========================================================
 outer barrier   objective       scaled      outer   inner
  ite   param     function     obj funct    opt err   ite 
     0 1.0D-01  5.055789D+03  5.055789D+03 1.000D+06     0 

    inner barrier   scaled     scaled     min     min    NW   SE     dx      alpha    alpha    inner   time (s)
     ite   param   obj func     feas      x-l     u-x   pert pert   norm      max             opt err 
        1 1.0D-01  4.990D+03  7.549D-10 7.2D-02 1.1D-01    0    0 7.19D+03 1.00D+00 1.00D+00 5.918D+05     0.05
        2 1.0D-01  4.147D+03  7.549D-10 8.7D-04 1.9D-01    0    0 4.14D+03 9.95D-01 9.95D-01 1.578D+05     0.05
        3 1.0D-01  4.259D+03  7.549D-10 3.7D-02 2.3D-01    0    0 1.34D+03 1.00D+00 1.00D+00 8.430D+04     0.04
        4 1.0D-01  4.204D+03  7.549D-10 2.9D-02 2.3D-01    0    0 2.46D+02 1.00D+00 1.00D+00 9.602D+02     0.04
        5 1.0D-01  4.213D+03  7.549D-10 3.2D-02 2.3D-01    0    0 3.58D+01 1.00D+00 1.00D+00 9.503D+00     0.04
        6 1.0D-01  4.213D+03  7.549D-10 3.2D-02 2.3D-01    0    0 5.02D-02 1.00D+00 1.00D+00 6.479D-08     0.05


     1 2.0D-02  4.212637D+03  4.212637D+03 1.000D-01     6C


     2 2.8D-03  4.212637D+03  4.212637D+03 1.000D-01     6C

    inner barrier   scaled     scaled     min     min    NW   SE     dx      alpha    alpha    inner   time (s)
     ite   param   obj func     feas      x-l     u-x   pert pert   norm      max             opt err 
        1 2.8D-03  3.756D+03  7.549D-10 2.0D-04 1.2D-01    0    0 1.45D+03 9.83D-01 9.83D-01 2.404D-02     0.04


     3 1.5D-04  3.755593D+03  3.755593D+03 2.686D-02     7C

    inner barrier   scaled     scaled     min     min    NW   SE     dx      alpha    alpha    inner   time (s)
     ite   param   obj func     feas      x-l     u-x   pert pert   norm      max             opt err 
        1 1.5D-04  3.704D+03  7.549D-10 3.8D-05 6.0D-02    0    0 1.87D+02 1.00D+00 1.00D+00 6.641D-03     0.04
        2 1.5D-04  3.703D+03  7.549D-10 4.9D-05 3.2D-02    0    0 4.84D+01 1.00D+00 1.00D+00 1.622D-03     0.04
        3 1.5D-04  3.703D+03  7.549D-10 4.9D-05 1.8D-02    0    0 1.57D+01 1.00D+00 1.00D+00 3.693D-04     0.05


     4 1.8D-06  3.703106D+03  3.703106D+03 5.197D-04    10C

    inner barrier   scaled     scaled     min     min    NW   SE     dx      alpha    alpha    inner   time (s)
     ite   param   obj func     feas      x-l     u-x   pert pert   norm      max             opt err 
        1 1.8D-06  3.702D+03  7.549D-10 6.0D-07 1.0D-02    0    0 7.82D+00 1.00D+00 1.00D+00 1.271D-04     0.05
        2 1.8D-06  3.702D+03  7.549D-10 6.0D-07 6.4D-03    0    0 1.80D+00 1.00D+00 1.00D+00 2.953D-05     0.04
        3 1.8D-06  3.702D+03  7.549D-10 6.0D-07 4.7D-03    0    0 3.66D-01 1.00D+00 1.00D+00 5.562D-06     0.04


     5 2.5D-09  3.702354D+03  3.702354D+03 7.407D-06    13C

    inner barrier   scaled     scaled     min     min    NW   SE     dx      alpha    alpha    inner   time (s)
     ite   param   obj func     feas      x-l     u-x   pert pert   norm      max             opt err 
        1 2.5D-09  3.702D+03  7.549D-10 8.2D-10 4.1D-03    0    0 1.22D-01 1.00D+00 1.00D+00 9.004D-07     0.04
        2 2.5D-09  3.702D+03  7.549D-10 8.2D-10 4.0D-03    0    0 4.49D-03 1.00D+00 1.00D+00 2.327D-08     0.04


     6 1.0D-09  3.702345D+03  3.702345D+03 2.577D-08    15C

    inner barrier   scaled     scaled     min     min    NW   SE     dx      alpha    alpha    inner   time (s)
     ite   param   obj func     feas      x-l     u-x   pert pert   norm      max             opt err 
        1 1.0D-09  3.702D+03  7.549D-10 3.3D-10 3.9D-03    0    0 1.09D-04 1.00D+00 1.00D+00 1.959D-11     0.04


     7 1.0D-09  3.702345D+03  3.702345D+03 1.020D-09    16C
 ==========================================================

 FINAL RESULTS:
                            scaled                   unscaled
  Objective Funct:   3.7023446206272633D+03    3.7023446206272633D+03
  Lagrangian Grad:   7.7635483939625103D-16    7.7635483939625103D-16
 Final Point Feas:   1.8218109798517901D-09    1.8218109798517901D-09
 Bounds violation:   0.0000000000000000D+00    0.0000000000000000D+00
 Lower Bound Comp:   1.0000003266703560D-09    1.0000003266703560D-09
 Upper Bound Comp:   1.0195895748690127D-09    1.0195895748690127D-09

 Flag of LCMIN:

     Optimal solution found.

 ====================================================
                      STATISTICS                     
 ====================================================
 GENERAL:                                            

           Preprocessing time (in seconds):      0.14
            Optimization time (in seconds):      0.74

                      Inner Iterations (IIT):      16
                      Outer Iterations (OIT):       7
                  Function Evaluations (FEV):      17
         Function Gradient Evaluations (GEV):      17
          Function Hessian Evaluations (HEV):      16
          Barrier Function Evaluations (BFE):      32
 Barrier Function Gradient Evaluations (BGE):      16
 ====================================================
 AVERAGE:                                            

 Inner Iterations per Outer Iterations  :      2.2857
 FEV per IIT:      1.0625    FEV per OIT:      2.4286
 GEV per IIT:      1.0625    GEV per OIT:      2.4286
 HEV per IIT:      1.0000    HEV per OIT:      2.2857
 BFE per IIT:      2.0000    BFE per OIT:      4.5714
 BGE per IIT:      1.0000    BGE per OIT:      2.2857
 ====================================================

