
 ==============================================================================
 This is ALGENCAN 3.1.1.
 ALGENCAN, an Augmented Lagrangian method for nonlinear programming, is part of
 the TANGO Project: Trustable Algorithms for Nonlinear General Optimization.
 See http://www.ime.usp.br/~egbirgin/tango/ for details.
 ==============================================================================

 Processing array of parameters with   3 entrances:

 IGNORE-OBJECTIVE-FUNCTION                    
 ITERATIONS-OUTPUT-DETAIL                                                    11
 NEWTON-LINE-SEARCH-INNER-SOLVER                                    'MA57 MC64'

 The specification file is not being used.

 Available HSL subroutines = MA57           

 ALGENCAN PARAMETERS:

 firstde                =                    T
 seconde                =                    T
 truehpr                =                    T
 hptype in TN           =               TRUEHP
 lsslvr in TR           =            MA57/NONE
 lsslvr in NW           =            MA57/MC64
 lsslvr in ACCPROC      =            MA57/NONE
 innslvr                =                   NW
 accproc                =                    T
 rmfixv                 =                    T
 slacks                 =                    F
 scale                  =                    T
 epsfeas                =           1.0000D-09
 epsopt                 =           1.0000D-08
 efstain                =           3.1623D-05
 eostain                =           1.0000D-12
 efacc                  =           3.1623D-05
 eoacc                  =           1.0000D-04
 iprint                 =                   11
 ncomp                  =                    6

 Specification filename =                   ''
 Output filename        =          'lcmin.out'
 Solution filename      =                   ''

 Number of variables               :      44
 Number of equality constraints    :      28
 Number of inequality constraints  :       0
 Number of bound constraints       :      88
 Number of fixed variables         :       0

 There are no fixed variables to be removed.

 Objective function scale factor   : 1.0D+00
 Smallest constraints scale factor : 1.0D+00

 Since the scaling factor(s) is(are) equal to one, scaling was inhibited.

     Entry to GENCAN.
     Number of variables:      44
     Required optimality tolerance: 1.0D-08

     It         function  gpsupn   xsupn stesupn   nfree   SPGit in-face    fcnt
      0   4.10416743D-14 3.3D-07 2.0D+02
      1   6.34786605D-17 7.6D-09 2.0D+02 5.5D-08      27       0       1       3
      2   2.99145980D-18 2.4D-09 2.0D+02 2.1D-08      27       0       2       4
      3   8.84689796D-19 7.8D-10 2.0D+02 7.8D-10      27       1       2       7

     Flag of GENCAN: Solution was found.


 User-provided subroutines calls counters: 

 Subroutine fsub     (coded=F):        0
 Subroutine gsub     (coded=F):        0
 Subroutine hsub     (coded=F):        0
 Subroutine csub     (coded=F):        0 (       0 calls per constraint in avg)
 Subroutine jacsub   (coded=F):        0 (       0 calls per constraint in avg)
 Subroutine hcsub    (coded=F):        0 (       0 calls per constraint in avg)
 Subroutine fcsub    (coded=T):        7
 Subroutine gjacsub  (coded=T):        6
 Subroutine gjacpsub (coded=F):        0
 Subroutine hlsub    (coded=T):        2
 Subroutine hlpsub   (coded=F):        0


 Total CPU time in seconds =     0.00

 ==============================================================================

 Initial point computed successfully.

                                            achieved                  desired        
 Unscaled feasibility ..............:   7.8117068369465414D-10   1.0000000000000001D-09
 Smallest distance to lower bound ..:   2.0000000000000000D+00   1.0000000000000000D-03
 Smallest distance to upper bound ..:   1.3670300000000069D-01   5.0543704342884549D-02

 Starting LCMIN.
 Number of variables   :      44
 Number of constraints :      28

 Scale factor for the objective function   : 1.3D-03
 Smallest scale factor for the constraints : 1.0D+00

 ==========================================================
 outer barrier   objective       scaled      outer   inner
  ite   param     function     obj funct    opt err   ite 
     0 1.0D-01  1.216057D+07  1.550315D+04 3.980D+02     0 

    inner barrier   scaled     scaled     min     min    NW   SE     dx      alpha    alpha    inner   time (s)
     ite   param   obj func     feas      x-l     u-x   pert pert   norm      max             opt err 
        1 1.0D-01  1.231D+04  7.812D-10 2.1D+00 2.1D-03    0    0 5.26D+02 2.90D-01 2.90D-01 3.868D+02     0.00
        2 1.0D-01  5.360D+03  7.812D-10 2.6D+00 5.4D-03    0    0 8.60D+02 5.49D-01 5.49D-01 3.230D+02     0.00
        3 1.0D-01  1.971D+03  7.812D-10 3.8D+00 3.7D-02    0    0 9.66D+02 6.43D-01 6.43D-01 2.589D+02     0.00
        4 1.0D-01  3.852D+02  7.812D-10 6.4D+00 9.7D-02    0    0 9.32D+02 1.00D+00 1.00D+00 1.852D+02     0.00
        5 1.0D-01  8.685D+01  7.812D-10 6.3D+00 2.4D-01    0    0 7.06D+02 1.00D+00 1.00D+00 1.380D+02     0.00
        6 1.0D-01  1.834D+00  7.812D-10 8.7D+00 5.7D-01    0    0 5.42D+02 1.00D+00 1.00D+00 6.803D+01     0.00
        7 1.0D-01 -2.135D+01  7.812D-10 1.2D+01 1.2D+00    0    0 4.49D+02 1.00D+00 1.00D+00 3.053D+01     0.00
        8 1.0D-01 -3.239D+01  7.812D-10 1.2D+01 1.1D+00    0    0 5.06D+02 1.00D+00 1.00D+00 1.391D+01     0.00
        9 1.0D-01 -3.892D+01  7.812D-10 1.2D+01 1.1D+00    0    0 4.74D+02 1.00D+00 1.00D+00 5.847D+00     0.00
       10 1.0D-01 -4.059D+01  7.812D-10 1.3D+01 1.1D+00    0    0 3.17D+02 1.00D+00 1.00D+00 1.442D+00     0.00

    inner barrier   scaled     scaled     min     min    NW   SE     dx      alpha    alpha    inner   time (s)
     ite   param   obj func     feas      x-l     u-x   pert pert   norm      max             opt err 
       11 1.0D-01 -4.105D+01  7.812D-10 1.3D+01 1.0D+00    0    0 2.76D+02 1.00D+00 1.00D+00 1.671D-01     0.00


     1 2.0D-02 -3.219974D+04 -4.105048D+01 2.671D-01    11C

    inner barrier   scaled     scaled     min     min    NW   SE     dx      alpha    alpha    inner   time (s)
     ite   param   obj func     feas      x-l     u-x   pert pert   norm      max             opt err 
        1 2.0D-02 -4.124D+01  7.812D-10 1.3D+01 5.0D-01    0    0 1.71D+02 1.00D+00 1.00D+00 2.693D-02     0.00


     2 2.8D-03 -3.235093D+04 -4.124323D+01 4.693D-02    12C

    inner barrier   scaled     scaled     min     min    NW   SE     dx      alpha    alpha    inner   time (s)
     ite   param   obj func     feas      x-l     u-x   pert pert   norm      max             opt err 
        1 2.8D-03 -4.129D+01  7.812D-10 1.3D+01 2.1D-01    0    0 8.38D+01 1.00D+00 1.00D+00 7.344D-03     0.00


     3 1.5D-04 -3.238416D+04 -4.128560D+01 1.017D-02    13C

    inner barrier   scaled     scaled     min     min    NW   SE     dx      alpha    alpha    inner   time (s)
     ite   param   obj func     feas      x-l     u-x   pert pert   norm      max             opt err 
        1 1.5D-04 -4.129D+01  7.812D-10 1.4D+01 8.2D-02    0    0 1.09D+01 1.00D+00 1.00D+00 3.029D-03     0.00
        2 1.5D-04 -4.130D+01  7.812D-10 1.4D+01 3.5D-02    0    0 1.18D+00 1.00D+00 1.00D+00 1.558D-03     0.00
        3 1.5D-04 -4.130D+01  7.812D-10 1.4D+01 1.9D-02    0    0 1.82D-01 1.00D+00 1.00D+00 6.113D-04     0.00


     4 1.8D-06 -3.239304D+04 -4.129692D+01 6.113D-04    16C

    inner barrier   scaled     scaled     min     min    NW   SE     dx      alpha    alpha    inner   time (s)
     ite   param   obj func     feas      x-l     u-x   pert pert   norm      max             opt err 
        1 1.8D-06 -4.130D+01  7.812D-10 1.4D+01 6.7D-03    0    0 1.53D-01 1.00D+00 1.00D+00 9.764D-04     0.00
        2 1.8D-06 -4.130D+01  7.812D-10 1.4D+01 2.8D-03    0    0 3.62D-02 1.00D+00 1.00D+00 4.702D-04     0.00
        3 1.8D-06 -4.130D+01  7.812D-10 1.4D+01 1.3D-03    0    0 1.03D-02 1.00D+00 1.00D+00 2.345D-04     0.00
        4 1.8D-06 -4.130D+01  7.812D-10 1.4D+01 8.2D-04    0    0 1.49D-03 1.00D+00 1.00D+00 5.785D-05     0.00
        5 1.8D-06 -4.130D+01  7.812D-10 1.4D+01 7.5D-04    0    0 1.61D-04 1.00D+00 1.00D+00 2.828D-06     0.00


     5 2.5D-09 -3.239322D+04 -4.129715D+01 2.828D-06    21C

    inner barrier   scaled     scaled     min     min    NW   SE     dx      alpha    alpha    inner   time (s)
     ite   param   obj func     feas      x-l     u-x   pert pert   norm      max             opt err 
        1 2.5D-09 -4.130D+01  7.812D-10 1.4D+01 2.4D-04    0    0 3.25D-03 1.00D+00 1.00D+00 2.003D-04     0.00
        2 2.5D-09 -4.130D+01  7.812D-10 1.4D+01 9.0D-05    0    0 3.33D-04 1.00D+00 1.00D+00 7.805D-05     0.00
        3 2.5D-09 -4.130D+01  7.812D-10 1.4D+01 2.9D-05    0    0 1.22D-04 1.00D+00 1.00D+00 3.661D-05     0.00
        4 2.5D-09 -4.130D+01  7.812D-10 1.4D+01 8.8D-06    0    0 4.01D-05 1.00D+00 1.00D+00 8.817D-06     0.00
        5 2.5D-09 -4.130D+01  7.812D-10 1.4D+01 4.6D-06    0    0 8.36D-06 1.00D+00 1.00D+00 5.616D-07     0.00
        6 2.5D-09 -4.130D+01  7.812D-10 1.4D+01 4.4D-06    0    0 4.74D-07 1.00D+00 1.00D+00 1.972D-09     0.00


     6 1.0D-09 -3.239322D+04 -4.129715D+01 2.506D-09    27C
 ==========================================================

 FINAL RESULTS:
                            scaled                   unscaled
  Objective Funct:  -4.1297152843575894D+01   -3.2393224296984354D+04
  Lagrangian Grad:   1.9720638711438754D-09    1.5468743704417408D-06
 Final Point Feas:   2.4459616554395325D-09    2.4459616554395325D-09
 Bounds violation:   0.0000000000000000D+00    0.0000000000000000D+00
 Lower Bound Comp:   2.5059035596800626D-09    1.9656148302232195D-06
 Upper Bound Comp:   2.5064042203875086D-09    1.9660075453010466D-06

 Flag of LCMIN:

     Optimal solution found.

 ====================================================
                      STATISTICS                     
 ====================================================
 GENERAL:                                            

           Preprocessing time (in seconds):      0.87
            Optimization time (in seconds):      0.04

                      Inner Iterations (IIT):      27
                      Outer Iterations (OIT):       6
                  Function Evaluations (FEV):      28
         Function Gradient Evaluations (GEV):      28
          Function Hessian Evaluations (HEV):      27
          Barrier Function Evaluations (BFE):      54
 Barrier Function Gradient Evaluations (BGE):      27
 ====================================================
 AVERAGE:                                            

 Inner Iterations per Outer Iterations  :      4.5000
 FEV per IIT:      1.0370    FEV per OIT:      4.6667
 GEV per IIT:      1.0370    GEV per OIT:      4.6667
 HEV per IIT:      1.0000    HEV per OIT:      4.5000
 BFE per IIT:      2.0000    BFE per OIT:      9.0000
 BGE per IIT:      1.0000    BGE per OIT:      4.5000
 ====================================================

