
 ==============================================================================
 This is ALGENCAN 3.1.1.
 ALGENCAN, an Augmented Lagrangian method for nonlinear programming, is part of
 the TANGO Project: Trustable Algorithms for Nonlinear General Optimization.
 See http://www.ime.usp.br/~egbirgin/tango/ for details.
 ==============================================================================

 Processing array of parameters with   3 entrances:

 IGNORE-OBJECTIVE-FUNCTION                    
 ITERATIONS-OUTPUT-DETAIL                                                    11
 NEWTON-LINE-SEARCH-INNER-SOLVER                                    'MA57 MC64'

 The specification file is not being used.

 Available HSL subroutines = MA57           

 ALGENCAN PARAMETERS:

 firstde                =                    T
 seconde                =                    T
 truehpr                =                    T
 hptype in TN           =               TRUEHP
 lsslvr in TR           =            MA57/NONE
 lsslvr in NW           =            MA57/MC64
 lsslvr in ACCPROC      =            MA57/NONE
 innslvr                =                   NW
 accproc                =                    T
 rmfixv                 =                    T
 slacks                 =                    F
 scale                  =                    T
 epsfeas                =           1.0000D-09
 epsopt                 =           1.0000D-08
 efstain                =           3.1623D-05
 eostain                =           1.0000D-12
 efacc                  =           3.1623D-05
 eoacc                  =           1.0000D-04
 iprint                 =                   11
 ncomp                  =                    6

 Specification filename =                   ''
 Output filename        =          'lcmin.out'
 Solution filename      =                   ''

 Number of variables               :      20
 Number of equality constraints    :      15
 Number of inequality constraints  :       0
 Number of bound constraints       :      40
 Number of fixed variables         :       0

 There are no fixed variables to be removed.

 Objective function scale factor   : 1.0D+00
 Smallest constraints scale factor : 2.0D-03

     Entry to GENCAN.
     Number of variables:      20
     Required optimality tolerance: 1.0D-08

     It         function  gpsupn   xsupn stesupn   nfree   SPGit in-face    fcnt
      0   3.29221226D-14 4.8D-09 5.5D-01
      1   3.29170849D-14 4.9D-09 5.5D-01 1.7D-09      16       0       1       3
      2   1.14106322D-14 2.2D-11 5.5D-01 8.4D-04      16       0       2       4
      3   4.02663006D-16 4.8D-12 5.5D-01 1.5D-03      16       0       3       5
      4   2.35674208D-19 4.8D-12 5.5D-01 2.3D-04      16       0       4       6
      5   2.35674203D-19 4.8D-12 5.5D-01 6.6D-14      16       1       4      33
      6   2.35638415D-19 2.9D-12 5.5D-01 4.8D-12      16       2       4      34
      7   7.54442922D-25 3.6D-15 5.5D-01 4.7D-06      16       2       5      35

     Flag of GENCAN: Solution was found.


 User-provided subroutines calls counters: 

 Subroutine fsub     (coded=F):        0
 Subroutine gsub     (coded=F):        0
 Subroutine hsub     (coded=F):        0
 Subroutine csub     (coded=F):        0 (       0 calls per constraint in avg)
 Subroutine jacsub   (coded=F):        0 (       0 calls per constraint in avg)
 Subroutine hcsub    (coded=F):        0 (       0 calls per constraint in avg)
 Subroutine fcsub    (coded=T):       35
 Subroutine gjacsub  (coded=T):       10
 Subroutine gjacpsub (coded=F):        0
 Subroutine hlsub    (coded=T):        5
 Subroutine hlpsub   (coded=F):        0


 Total CPU time in seconds =     0.00

 ==============================================================================

 Initial point computed successfully.

                                            achieved                  desired        
 Unscaled feasibility ..............:   1.7361375247559993D-10   1.0000000000000001D-09
 Smallest distance to lower bound ..:   1.0000000000000002D-06   1.0000000000000003D-09
 Smallest distance to upper bound ..:   4.5481319371641071D-01   1.0000000000000003D-09

 Starting LCMIN.
 Number of variables   :      20
 Number of constraints :      15

 Scale factor for the objective function   : 7.5D-01
 Smallest scale factor for the constraints : 2.0D-01

 ==========================================================
 outer barrier   objective       scaled      outer   inner
  ite   param     function     obj funct    opt err   ite 
     0 1.0D-01 -3.653792D+00 -2.740413D+00 4.172D+01     0 

    inner barrier   scaled     scaled     min     min    NW   SE     dx      alpha    alpha    inner   time (s)
     ite   param   obj func     feas      x-l     u-x   pert pert   norm      max             opt err 
        1 1.0D-01 -3.323D+00  8.681D-11 1.1D-08 4.7D-01    0    0 8.15D+00 3.06D-03 3.06D-03 4.356D+03     0.00
        2 1.0D-01 -5.317D+00  8.681D-11 1.8D-07 5.6D-01    0    0 2.03D+01 7.04D-03 7.04D-03 8.213D+04     0.00
        3 1.0D-01 -7.916D+00  8.681D-11 1.4D-07 5.6D-01    0    0 7.37D+00 1.26D-02 1.26D-02 5.184D+04     0.00
        4 1.0D-01 -1.592D+01  8.681D-11 1.1D-07 6.9D-01    0    0 1.79D+01 1.41D-02 1.41D-02 4.663D+04     0.00
        5 1.0D-01 -2.084D+01  8.681D-11 3.0D-08 7.3D-01    0    0 2.21D+01 7.38D-03 7.38D-03 4.909D+04     0.00
        6 1.0D-01 -2.219D+01  8.681D-11 3.2D-09 7.4D-01    0    0 3.50D+00 1.33D-02 1.33D-02 7.322D+00     0.00
        7 1.0D-01 -2.225D+01  8.681D-11 9.4D-08 7.4D-01    0    0 2.23D-03 1.00D+00 1.00D+00 7.164D-03     0.00


     1 2.0D-02 -2.966810D+01 -2.225163D+01 1.072D-01     7C


     2 2.8D-03 -2.966810D+01 -2.225163D+01 1.072D-01     7C

    inner barrier   scaled     scaled     min     min    NW   SE     dx      alpha    alpha    inner   time (s)
     ite   param   obj func     feas      x-l     u-x   pert pert   norm      max             opt err 
        1 2.8D-03 -2.301D+01  8.681D-11 9.2D-09 7.5D-01    0    0 2.70D-02 9.21D-01 9.21D-01 1.684D+00     0.00
        2 2.8D-03 -2.303D+01  8.681D-11 2.6D-09 7.5D-01    0    0 5.68D-04 1.00D+00 1.00D+00 1.309D-06     0.00


     3 1.5D-04 -3.070690D+01 -2.303075D+01 2.829D-03     9C

    inner barrier   scaled     scaled     min     min    NW   SE     dx      alpha    alpha    inner   time (s)
     ite   param   obj func     feas      x-l     u-x   pert pert   norm      max             opt err 
        1 1.5D-04 -2.305D+01  8.681D-11 2.5D-11 7.5D-01    0    0 5.75D-04 8.50D-01 8.50D-01 7.934D-07     0.00


     4 1.8D-06 -3.072749D+01 -2.304619D+01 1.512D-04    10C

    inner barrier   scaled     scaled     min     min    NW   SE     dx      alpha    alpha    inner   time (s)
     ite   param   obj func     feas      x-l     u-x   pert pert   norm      max             opt err 
        1 1.8D-06 -2.305D+01  8.681D-11 1.6D-13 7.5D-01    0    0 8.51D-05 9.99D-01 9.99D-01 6.013D-09     0.00


     5 2.5D-09 -3.073123D+01 -2.304900D+01 1.851D-06    11C

    inner barrier   scaled     scaled     min     min    NW   SE     dx      alpha    alpha    inner   time (s)
     ite   param   obj func     feas      x-l     u-x   pert pert   norm      max             opt err 
        1 2.5D-09 -2.305D+01  8.681D-11 2.6D-15 7.5D-01    0    0 2.81D-07 1.00D+00 1.00D+00 1.012D-12     0.00


     6 1.0D-09 -3.073125D+01 -2.304901D+01 2.506D-09    12C
 ==========================================================

 FINAL RESULTS:
                            scaled                   unscaled
  Objective Funct:  -2.3049011417886813D+01   -3.0731246923468490D+01
  Lagrangian Grad:   2.8806416831722853D-10    3.8407595561736083D-10
 Final Point Feas:   8.6814738380947268D-11    1.7361375358182496D-10
 Bounds violation:   0.0000000000000000D+00    0.0000000000000000D+00
 Lower Bound Comp:   3.7338787890045941D-09    4.9783805893798262D-09
 Upper Bound Comp:   2.5061968740242757D-09    3.3415122921365670D-09

 Flag of LCMIN:

     Optimal solution found.

 ====================================================
                      STATISTICS                     
 ====================================================
 GENERAL:                                            

           Preprocessing time (in seconds):      2.30
            Optimization time (in seconds):      0.01

                      Inner Iterations (IIT):      12
                      Outer Iterations (OIT):       6
                  Function Evaluations (FEV):      13
         Function Gradient Evaluations (GEV):      13
          Function Hessian Evaluations (HEV):      12
          Barrier Function Evaluations (BFE):      24
 Barrier Function Gradient Evaluations (BGE):      12
 ====================================================
 AVERAGE:                                            

 Inner Iterations per Outer Iterations  :      2.0000
 FEV per IIT:      1.0833    FEV per OIT:      2.1667
 GEV per IIT:      1.0833    GEV per OIT:      2.1667
 HEV per IIT:      1.0000    HEV per OIT:      2.0000
 BFE per IIT:      2.0000    BFE per OIT:      4.0000
 BGE per IIT:      1.0000    BGE per OIT:      2.0000
 ====================================================

