
 ==============================================================================
 This is ALGENCAN 3.1.1.
 ALGENCAN, an Augmented Lagrangian method for nonlinear programming, is part of
 the TANGO Project: Trustable Algorithms for Nonlinear General Optimization.
 See http://www.ime.usp.br/~egbirgin/tango/ for details.
 ==============================================================================

 Processing array of parameters with   3 entrances:

 IGNORE-OBJECTIVE-FUNCTION                    
 ITERATIONS-OUTPUT-DETAIL                                                    11
 NEWTON-LINE-SEARCH-INNER-SOLVER                                    'MA57 MC64'

 The specification file is not being used.

 Available HSL subroutines = MA57           

 ALGENCAN PARAMETERS:

 firstde                =                    T
 seconde                =                    T
 truehpr                =                    T
 hptype in TN           =               TRUEHP
 lsslvr in TR           =            MA57/NONE
 lsslvr in NW           =            MA57/MC64
 lsslvr in ACCPROC      =            MA57/NONE
 innslvr                =                   NW
 accproc                =                    T
 rmfixv                 =                    T
 slacks                 =                    F
 scale                  =                    T
 epsfeas                =           1.0000D-09
 epsopt                 =           1.0000D-08
 efstain                =           3.1623D-05
 eostain                =           1.0000D-12
 efacc                  =           3.1623D-05
 eoacc                  =           1.0000D-04
 iprint                 =                   11
 ncomp                  =                    6

 Specification filename =                   ''
 Output filename        =          'lcmin.out'
 Solution filename      =                   ''

 Number of variables               :    4496
 Number of equality constraints    :    2997
 Number of inequality constraints  :       0
 Number of bound constraints       :       0
 Number of fixed variables         :       0

 There are no fixed variables to be removed.

 Objective function scale factor   : 1.0D+00
 Smallest constraints scale factor : 1.0D+00

 Since the scaling factor(s) is(are) equal to one, scaling was inhibited.

     Entry to GENCAN.
     Number of variables:    4496
     Required optimality tolerance: 1.0D-08

     It         function  gpsupn   xsupn stesupn   nfree   SPGit in-face    fcnt
      0   2.14924529D-11 1.2D-06 2.0D+04
      1   9.73725628D-14 7.1D-08 2.0D+04 1.8D-06    4496       0       1       3
      2   2.17590386D-25 3.4D-15 2.0D+04 1.4D-06    4496       0       2       4

     Flag of GENCAN: Solution was found.


 User-provided subroutines calls counters: 

 Subroutine fsub     (coded=F):        0
 Subroutine gsub     (coded=F):        0
 Subroutine hsub     (coded=F):        0
 Subroutine csub     (coded=F):        0 (       0 calls per constraint in avg)
 Subroutine jacsub   (coded=F):        0 (       0 calls per constraint in avg)
 Subroutine hcsub    (coded=F):        0 (       0 calls per constraint in avg)
 Subroutine fcsub    (coded=T):        4
 Subroutine gjacsub  (coded=T):        5
 Subroutine gjacpsub (coded=F):        0
 Subroutine hlsub    (coded=T):        2
 Subroutine hlpsub   (coded=F):        0


 Total CPU time in seconds =     0.03

 ==============================================================================

 Initial point computed successfully.

                                            achieved                  desired        
 Unscaled feasibility ..............:   3.2771528546415851D-14   1.0000000000000001D-09

 Starting LCMIN.
 Number of variables   :    4496
 Number of constraints :    2997

 Scale factor for the objective function   : 1.0D+00
 Smallest scale factor for the constraints : 1.0D+00

 ==========================================================
 outer barrier   objective       scaled      outer   inner
  ite   param     function     obj funct    opt err   ite 
     0 1.0D-09  7.954874D+05  7.954874D+05 7.841D+01     0 

    inner barrier   scaled     scaled     min     min    NW   SE     dx      alpha    alpha    inner   time (s)
     ite   param   obj func     feas      x-l     u-x   pert pert   norm      max             opt err 
        1 1.0D-09  2.352D+02  3.295D-14 0.0D+00 0.0D+00    0    0 7.41D+04 1.00D+00 1.00D+00 2.425D-14     0.01


     1 1.0D-09  2.352164D+02  2.352164D+02 2.425D-14     1C
 ==========================================================

 FINAL RESULTS:
                            scaled                   unscaled
  Objective Funct:   2.3521636791686765D+02    2.3521636791686765D+02
  Lagrangian Grad:   2.4254903641107717D-14    2.4254903641107717D-14
 Final Point Feas:   3.2954108192262410D-14    3.2954108192262410D-14
 Bounds violation:   0.0000000000000000D+00    0.0000000000000000D+00
 Lower Bound Comp:   0.0000000000000000D+00    0.0000000000000000D+00
 Upper Bound Comp:   0.0000000000000000D+00    0.0000000000000000D+00

 Flag of LCMIN:

     Optimal solution found.

 ====================================================
                      STATISTICS                     
 ====================================================
 GENERAL:                                            

           Preprocessing time (in seconds):      0.84
            Optimization time (in seconds):      0.04

                      Inner Iterations (IIT):       1
                      Outer Iterations (OIT):       1
                  Function Evaluations (FEV):       2
         Function Gradient Evaluations (GEV):       2
          Function Hessian Evaluations (HEV):       1
          Barrier Function Evaluations (BFE):       2
 Barrier Function Gradient Evaluations (BGE):       1
 ====================================================
 AVERAGE:                                            

 Inner Iterations per Outer Iterations  :      1.0000
 FEV per IIT:      2.0000    FEV per OIT:      2.0000
 GEV per IIT:      2.0000    GEV per OIT:      2.0000
 HEV per IIT:      1.0000    HEV per OIT:      1.0000
 BFE per IIT:      2.0000    BFE per OIT:      2.0000
 BGE per IIT:      1.0000    BGE per OIT:      1.0000
 ====================================================

