
 ==============================================================================
 This is ALGENCAN 3.1.1.
 ALGENCAN, an Augmented Lagrangian method for nonlinear programming, is part of
 the TANGO Project: Trustable Algorithms for Nonlinear General Optimization.
 See http://www.ime.usp.br/~egbirgin/tango/ for details.
 ==============================================================================

 Processing array of parameters with   3 entrances:

 IGNORE-OBJECTIVE-FUNCTION                    
 ITERATIONS-OUTPUT-DETAIL                                                    11
 TRUNCATED-NEWTON-LINE-SEARCH-INNER-SOLVER                                   ''

 The specification file is not being used.

 Available HSL subroutines = MA57           

 ALGENCAN PARAMETERS:

 firstde                =                    T
 seconde                =                    T
 truehpr                =                    T
 hptype in TN           =               TRUEHP
 lsslvr in TR           =            MA57/NONE
 lsslvr in NW           =            MA57/NONE
 lsslvr in ACCPROC      =            MA57/NONE
 innslvr                =                   TN
 accproc                =                    T
 rmfixv                 =                    T
 slacks                 =                    F
 scale                  =                    T
 epsfeas                =           1.0000D-09
 epsopt                 =           1.0000D-08
 efstain                =           3.1623D-05
 eostain                =           1.0000D-12
 efacc                  =           3.1623D-05
 eoacc                  =           1.0000D-04
 iprint                 =                   11
 ncomp                  =                    6

 Specification filename =                   ''
 Output filename        =          'lcmin.out'
 Solution filename      =                   ''

 Number of variables               :     111
 Number of equality constraints    :       1
 Number of inequality constraints  :       0
 Number of bound constraints       :     222
 Number of fixed variables         :       0

 There are no fixed variables to be removed.

 Objective function scale factor   : 1.0D+00
 Smallest constraints scale factor : 1.0D+00

 Since the scaling factor(s) is(are) equal to one, scaling was inhibited.

     Entry to GENCAN.
     Number of variables:     111
     Required optimality tolerance: 1.0D-08

     It         function  gpsupn   xsupn stesupn   nfree   SPGit in-face    fcnt
      0   6.05000000D-03 1.0D-02 1.0D-02
      1   2.46519033D-32 2.2D-16 9.0D-03 9.9D-04     111       0       1       3

     Flag of GENCAN: Solution was found.


 User-provided subroutines calls counters: 

 Subroutine fsub     (coded=F):        0
 Subroutine gsub     (coded=F):        0
 Subroutine hsub     (coded=F):        0
 Subroutine csub     (coded=F):        0 (       0 calls per constraint in avg)
 Subroutine jacsub   (coded=F):        0 (       0 calls per constraint in avg)
 Subroutine hcsub    (coded=F):        0 (       0 calls per constraint in avg)
 Subroutine fcsub    (coded=T):        3
 Subroutine gjacsub  (coded=T):        4
 Subroutine gjacpsub (coded=F):        0
 Subroutine hlsub    (coded=T):        1
 Subroutine hlpsub   (coded=F):        0


 Total CPU time in seconds =     0.00

 ==============================================================================

 Initial point computed successfully.

                                            achieved                  desired        
 Unscaled feasibility ..............:   2.2204460492503131D-16   1.0000000000000001D-09
 Smallest distance to lower bound ..:   9.0090090090089968D-03   1.0000000000000000D-03
 Smallest distance to upper bound ..:   9.9099099099099097D-01   1.0000000000000000D-03

 Starting LCMIN.
 Number of variables   :     111
 Number of constraints :       1

 Scale factor for the objective function   : 1.0D+00
 Smallest scale factor for the constraints : 1.0D+00

 ==========================================================
 outer barrier   objective       scaled      outer   inner
  ite   param     function     obj funct    opt err   ite 
     0 1.0D-01  5.339498D-01  5.339498D-01 4.761D+00     0 

    inner barrier   scaled     scaled     min     min    NW   SE     dx      alpha    alpha    inner   time (s)
     ite   param   obj func     feas      x-l     u-x   pert pert   norm      max             opt err 
        1 1.0D-01  3.156D-01  1.554D-15 5.7D-03 9.9D-01    0    0 2.98D-01 1.00D+00 5.00D-01 2.271D+00     0.00
        2 1.0D-01  3.853D-01  1.887D-15 7.1D-03 9.9D-01    0    0 7.25D-02 1.00D+00 1.00D+00 4.041D-03     0.00


     1 2.0D-02  3.852867D-01  3.852867D-01 1.040D-01     2C


     2 2.8D-03  3.852867D-01  3.852867D-01 1.040D-01     2C

    inner barrier   scaled     scaled     min     min    NW   SE     dx      alpha    alpha    inner   time (s)
     ite   param   obj func     feas      x-l     u-x   pert pert   norm      max             opt err 
        1 2.8D-03  3.072D-01  1.110D-15 5.9D-03 9.9D-01    0    0 6.36D-02 1.00D+00 1.00D+00 1.511D+00     0.00
        2 2.8D-03  1.897D-01  1.554D-15 4.5D-03 9.8D-01    0    0 1.82D-01 1.00D+00 1.00D+00 3.526D-01     0.00
        3 2.8D-03  1.632D-01  1.665D-15 3.7D-03 9.7D-01    0    0 1.09D-01 1.00D+00 1.00D+00 7.754D-04     0.00


     3 1.5D-04  1.631874D-01  1.631874D-01 3.604D-03     5C

    inner barrier   scaled     scaled     min     min    NW   SE     dx      alpha    alpha    inner   time (s)
     ite   param   obj func     feas      x-l     u-x   pert pert   norm      max             opt err 
        1 1.5D-04  1.479D-01  1.443D-15 2.6D-03 9.7D-01    0    0 1.24D-01 1.00D+00 1.00D+00 1.567D-01     0.00
        2 1.5D-04  1.409D-01  8.882D-16 1.7D-03 9.7D-01    0    0 1.38D-01 1.00D+00 1.00D+00 1.419D-02     0.00
        3 1.5D-04  1.382D-01  1.332D-15 1.0D-03 9.6D-01    0    0 8.74D-02 1.00D+00 1.00D+00 3.764D-05     0.00


     4 1.8D-06  1.382130D-01  1.382130D-01 1.881D-04     8C

    inner barrier   scaled     scaled     min     min    NW   SE     dx      alpha    alpha    inner   time (s)
     ite   param   obj func     feas      x-l     u-x   pert pert   norm      max             opt err 
        1 1.8D-06  1.365D-01  1.221D-15 4.4D-04 9.6D-01    0    0 8.42D-02 1.00D+00 1.00D+00 1.060D-02     0.00
        2 1.8D-06  1.359D-01  1.332D-15 1.4D-04 9.6D-01    0    0 4.27D-02 1.00D+00 1.00D+00 1.241D-05     0.01


     5 2.5D-09  1.359468D-01  1.359468D-01 1.426D-05    10C

    inner barrier   scaled     scaled     min     min    NW   SE     dx      alpha    alpha    inner   time (s)
     ite   param   obj func     feas      x-l     u-x   pert pert   norm      max             opt err 
        1 2.5D-09  1.358D-01  1.776D-15 5.7D-13 9.6D-01    0    0 1.94D-02 9.58D-01 9.58D-01 6.045D-05     0.01
        2 2.5D-09  1.358D-01  9.992D-16 4.1D-14 9.6D-01    0    0 5.58D-03 8.78D-01 8.78D-01 9.672D-04     0.01
        3 2.5D-09  1.358D-01  1.443D-15 1.6D-14 9.6D-01    0    0 1.92D-03 9.63D-01 9.63D-01 1.804D-04     0.01
        4 2.5D-09  1.358D-01  1.110D-15 4.1D-09 9.6D-01    0    0 5.43D-04 1.00D+00 6.25D-02 2.189D-03     0.01
        5 2.5D-09  1.358D-01  1.221D-15 3.5D-08 9.6D-01    0    0 6.22D-04 1.00D+00 1.00D+00 2.960D-08     0.01
        6 2.5D-09  1.358D-01  7.772D-16 3.5D-08 9.6D-01    0    0 7.89D-05 1.00D+00 1.00D+00 6.821D-09     0.01


     6 1.0D-09  1.357559D-01  1.357559D-01 9.327D-09    16C
 ==========================================================

 FINAL RESULTS:
                            scaled                   unscaled
  Objective Funct:   1.3575587242139672D-01    1.3575587242139672D-01
  Lagrangian Grad:   2.3564925223518871D-15    2.3564925223518871D-15
 Final Point Feas:   7.7715611723760958D-16    7.7715611723760958D-16
 Bounds violation:   0.0000000000000000D+00    0.0000000000000000D+00
 Lower Bound Comp:   9.3269029797222879D-09    9.3269029797222879D-09
 Upper Bound Comp:   2.5059035596800622D-09    2.5059035596800622D-09

 Flag of LCMIN:

     Optimal solution found.

 ====================================================
                      STATISTICS                     
 ====================================================
 GENERAL:                                            

           Preprocessing time (in seconds):      0.70
            Optimization time (in seconds):      0.07

                      Inner Iterations (IIT):      16
                      Outer Iterations (OIT):       6
                  Function Evaluations (FEV):      22
         Function Gradient Evaluations (GEV):      17
          Function Hessian Evaluations (HEV):      16
          Barrier Function Evaluations (BFE):      37
 Barrier Function Gradient Evaluations (BGE):      16
 ====================================================
 AVERAGE:                                            

 Inner Iterations per Outer Iterations  :      2.6667
 FEV per IIT:      1.3750    FEV per OIT:      3.6667
 GEV per IIT:      1.0625    GEV per OIT:      2.8333
 HEV per IIT:      1.0000    HEV per OIT:      2.6667
 BFE per IIT:      2.3125    BFE per OIT:      6.1667
 BGE per IIT:      1.0000    BGE per OIT:      2.6667
 ====================================================

