
 ==============================================================================
 This is ALGENCAN 3.1.1.
 ALGENCAN, an Augmented Lagrangian method for nonlinear programming, is part of
 the TANGO Project: Trustable Algorithms for Nonlinear General Optimization.
 See http://www.ime.usp.br/~egbirgin/tango/ for details.
 ==============================================================================

 Processing array of parameters with   3 entrances:

 IGNORE-OBJECTIVE-FUNCTION                    
 ITERATIONS-OUTPUT-DETAIL                                                    11
 NEWTON-LINE-SEARCH-INNER-SOLVER                                    'MA57 MC64'

 The specification file is not being used.

 Available HSL subroutines = MA57           

 ALGENCAN PARAMETERS:

 firstde                =                    T
 seconde                =                    T
 truehpr                =                    T
 hptype in TN           =               TRUEHP
 lsslvr in TR           =            MA57/NONE
 lsslvr in NW           =            MA57/MC64
 lsslvr in ACCPROC      =            MA57/NONE
 innslvr                =                   NW
 accproc                =                    T
 rmfixv                 =                    T
 slacks                 =                    F
 scale                  =                    T
 epsfeas                =           1.0000D-09
 epsopt                 =           1.0000D-08
 efstain                =           3.1623D-05
 eostain                =           1.0000D-12
 efacc                  =           3.1623D-05
 eoacc                  =           1.0000D-04
 iprint                 =                   11
 ncomp                  =                    6

 Specification filename =                   ''
 Output filename        =          'lcmin.out'
 Solution filename      =                   ''

 Number of variables               :      75
 Number of equality constraints    :       1
 Number of inequality constraints  :       0
 Number of bound constraints       :     150
 Number of fixed variables         :       0

 There are no fixed variables to be removed.

 Objective function scale factor   : 1.0D+00
 Smallest constraints scale factor : 1.0D+00

 Since the scaling factor(s) is(are) equal to one, scaling was inhibited.

     Entry to GENCAN.
     Number of variables:      75
     Required optimality tolerance: 1.0D-08

     It         function  gpsupn   xsupn stesupn   nfree   SPGit in-face    fcnt
      0   6.24025872D-19 1.1D-09 1.3D-02
      1   1.04154291D-30 1.4D-15 1.3D-02 1.5D-11      75       0       1       3

     Flag of GENCAN: Solution was found.


 User-provided subroutines calls counters: 

 Subroutine fsub     (coded=F):        0
 Subroutine gsub     (coded=F):        0
 Subroutine hsub     (coded=F):        0
 Subroutine csub     (coded=F):        0 (       0 calls per constraint in avg)
 Subroutine jacsub   (coded=F):        0 (       0 calls per constraint in avg)
 Subroutine hcsub    (coded=F):        0 (       0 calls per constraint in avg)
 Subroutine fcsub    (coded=T):        3
 Subroutine gjacsub  (coded=T):        4
 Subroutine gjacpsub (coded=F):        0
 Subroutine hlsub    (coded=T):        1
 Subroutine hlpsub   (coded=F):        0


 Total CPU time in seconds =     0.00

 ==============================================================================

 Initial point computed successfully.

                                            achieved                  desired        
 Unscaled feasibility ..............:   1.4432899320127035D-15   1.0000000000000001D-09
 Smallest distance to lower bound ..:   1.3333333333333324D-02   1.0000000000000000D-03
 Smallest distance to upper bound ..:   9.8666666666666669D-01   1.0000000000000000D-03

 Starting LCMIN.
 Number of variables   :      75
 Number of constraints :       1

 Scale factor for the objective function   : 1.0D+00
 Smallest scale factor for the constraints : 1.0D+00

 ==========================================================
 outer barrier   objective       scaled      outer   inner
  ite   param     function     obj funct    opt err   ite 
     0 1.0D-01  1.258889D+00  1.258889D+00 5.482D+00     0 

    inner barrier   scaled     scaled     min     min    NW   SE     dx      alpha    alpha    inner   time (s)
     ite   param   obj func     feas      x-l     u-x   pert pert   norm      max             opt err 
        1 1.0D-01  9.751D-01  7.772D-16 8.1D-03 9.8D-01    0    0 3.39D-01 1.00D+00 5.00D-01 2.442D+00     0.00
        2 1.0D-01  1.014D+00  0.000D+00 9.9D-03 9.8D-01    0    0 7.67D-02 1.00D+00 1.00D+00 3.966D-03     0.00


     1 2.0D-02  1.014481D+00  1.014481D+00 1.040D-01     2C


     2 2.8D-03  1.014481D+00  1.014481D+00 1.040D-01     2C

    inner barrier   scaled     scaled     min     min    NW   SE     dx      alpha    alpha    inner   time (s)
     ite   param   obj func     feas      x-l     u-x   pert pert   norm      max             opt err 
        1 2.8D-03  9.182D-01  6.661D-16 8.2D-03 9.7D-01    0    0 8.00D-02 1.00D+00 1.00D+00 1.805D+00     0.00
        2 2.8D-03  8.266D-01  8.882D-16 6.1D-03 9.6D-01    0    0 1.44D-01 1.00D+00 1.00D+00 3.702D-01     0.00
        3 2.8D-03  7.821D-01  6.661D-16 3.8D-03 9.6D-01    0    0 1.27D-01 1.00D+00 1.00D+00 1.397D-03     0.00


     3 1.5D-04  7.820826D-01  7.820826D-01 4.226D-03     5C

    inner barrier   scaled     scaled     min     min    NW   SE     dx      alpha    alpha    inner   time (s)
     ite   param   obj func     feas      x-l     u-x   pert pert   norm      max             opt err 
        1 1.5D-04  7.584D-01  6.661D-16 1.8D-03 9.6D-01    0    0 1.05D-01 1.00D+00 1.00D+00 5.253D-02     0.00
        2 1.5D-04  7.503D-01  1.110D-15 8.2D-04 9.6D-01    0    0 5.59D-02 1.00D+00 1.00D+00 2.359D-04     0.00


     4 1.8D-06  7.502739D-01  7.502739D-01 3.863D-04     7C

    inner barrier   scaled     scaled     min     min    NW   SE     dx      alpha    alpha    inner   time (s)
     ite   param   obj func     feas      x-l     u-x   pert pert   norm      max             opt err 
        1 1.8D-06  7.470D-01  7.772D-16 6.8D-05 9.6D-01    0    0 3.09D-02 1.00D+00 1.00D+00 3.749D-03     0.00
        2 1.8D-06  7.462D-01  8.882D-16 1.2D-06 9.6D-01    0    0 9.53D-03 1.00D+00 1.00D+00 2.314D-05     0.00
        3 1.8D-06  7.461D-01  5.551D-16 5.2D-06 9.6D-01    0    0 2.00D-03 1.00D+00 1.00D+00 5.358D-06     0.00


     5 2.5D-09  7.461222D-01  7.461222D-01 7.203D-06    10C

    inner barrier   scaled     scaled     min     min    NW   SE     dx      alpha    alpha    inner   time (s)
     ite   param   obj func     feas      x-l     u-x   pert pert   norm      max             opt err 
        1 2.5D-09  7.461D-01  5.551D-16 1.3D-14 9.6D-01    0    0 7.47D-04 9.97D-01 9.97D-01 3.794D-05     0.00
        2 2.5D-09  7.461D-01  9.992D-16 7.0D-09 9.6D-01    0    0 2.50D-04 1.00D+00 1.00D+00 4.457D-07     0.00
        3 2.5D-09  7.461D-01  7.772D-16 7.0D-09 9.6D-01    0    0 1.21D-04 1.00D+00 1.00D+00 1.067D-07     0.00
        4 2.5D-09  7.461D-01  8.882D-16 7.0D-09 9.6D-01    0    0 5.55D-05 1.00D+00 1.00D+00 2.248D-08     0.00


     6 1.0D-09  7.460907D-01  7.460907D-01 2.499D-08    14C

    inner barrier   scaled     scaled     min     min    NW   SE     dx      alpha    alpha    inner   time (s)
     ite   param   obj func     feas      x-l     u-x   pert pert   norm      max             opt err 
        1 1.0D-09  7.461D-01  9.992D-16 2.8D-09 9.6D-01    0    0 2.17D-05 1.00D+00 1.00D+00 3.399D-09     0.00


     7 1.0D-09  7.460907D-01  7.460907D-01 4.399D-09    15C
 ==========================================================

 FINAL RESULTS:
                            scaled                   unscaled
  Objective Funct:   7.4609066248166966D-01    7.4609066248166966D-01
  Lagrangian Grad:   1.5533869754710260D-15    1.5533869754710260D-15
 Final Point Feas:   9.9920072216264089D-16    9.9920072216264089D-16
 Bounds violation:   0.0000000000000000D+00    0.0000000000000000D+00
 Lower Bound Comp:   4.3994214488967980D-09    4.3994214488967980D-09
 Upper Bound Comp:   1.0000017047535216D-09    1.0000017047535216D-09

 Flag of LCMIN:

     Optimal solution found.

 ====================================================
                      STATISTICS                     
 ====================================================
 GENERAL:                                            

           Preprocessing time (in seconds):      0.80
            Optimization time (in seconds):      0.04

                      Inner Iterations (IIT):      15
                      Outer Iterations (OIT):       7
                  Function Evaluations (FEV):      17
         Function Gradient Evaluations (GEV):      16
          Function Hessian Evaluations (HEV):      15
          Barrier Function Evaluations (BFE):      31
 Barrier Function Gradient Evaluations (BGE):      15
 ====================================================
 AVERAGE:                                            

 Inner Iterations per Outer Iterations  :      2.1429
 FEV per IIT:      1.1333    FEV per OIT:      2.4286
 GEV per IIT:      1.0667    GEV per OIT:      2.2857
 HEV per IIT:      1.0000    HEV per OIT:      2.1429
 BFE per IIT:      2.0667    BFE per OIT:      4.4286
 BGE per IIT:      1.0000    BGE per OIT:      2.1429
 ====================================================

