
 ==============================================================================
 This is ALGENCAN 3.1.1.
 ALGENCAN, an Augmented Lagrangian method for nonlinear programming, is part of
 the TANGO Project: Trustable Algorithms for Nonlinear General Optimization.
 See http://www.ime.usp.br/~egbirgin/tango/ for details.
 ==============================================================================

 Processing array of parameters with   3 entrances:

 IGNORE-OBJECTIVE-FUNCTION                    
 ITERATIONS-OUTPUT-DETAIL                                                    11
 TRUNCATED-NEWTON-LINE-SEARCH-INNER-SOLVER                                   ''

 The specification file is not being used.

 Available HSL subroutines = MA57           

 ALGENCAN PARAMETERS:

 firstde                =                    T
 seconde                =                    T
 truehpr                =                    T
 hptype in TN           =               TRUEHP
 lsslvr in TR           =            MA57/NONE
 lsslvr in NW           =            MA57/NONE
 lsslvr in ACCPROC      =            MA57/NONE
 innslvr                =                   TN
 accproc                =                    T
 rmfixv                 =                    T
 slacks                 =                    F
 scale                  =                    T
 epsfeas                =           3.1623D-05
 epsopt                 =           1.0000D-08
 efstain                =           5.6234D-03
 eostain                =           1.0000D-12
 efacc                  =           5.6234D-03
 eoacc                  =           1.0000D-04
 iprint                 =                   11
 ncomp                  =                    6

 Specification filename =                   ''
 Output filename        =          'lcmin.out'
 Solution filename      =                   ''

 Number of variables               :      96
 Number of equality constraints    :       1
 Number of inequality constraints  :       0
 Number of bound constraints       :     192
 Number of fixed variables         :       0

 There are no fixed variables to be removed.

 Objective function scale factor   : 1.0D+00
 Smallest constraints scale factor : 1.0D+00

 Since the scaling factor(s) is(are) equal to one, scaling was inhibited.

     Entry to GENCAN.
     Number of variables:      96
     Required optimality tolerance: 1.0D-08

     It         function  gpsupn   xsupn stesupn   nfree   SPGit in-face    fcnt
      0   8.00000000D-04 4.0D-02 1.0D-02
      1   3.76159155D-19 8.7D-10 1.0D-02 4.2D-04      96       1       0       3

     Flag of GENCAN: Solution was found.


 User-provided subroutines calls counters: 

 Subroutine fsub     (coded=F):        0
 Subroutine gsub     (coded=F):        0
 Subroutine hsub     (coded=F):        0
 Subroutine csub     (coded=F):        0 (       0 calls per constraint in avg)
 Subroutine jacsub   (coded=F):        0 (       0 calls per constraint in avg)
 Subroutine hcsub    (coded=F):        0 (       0 calls per constraint in avg)
 Subroutine fcsub    (coded=T):        3
 Subroutine gjacsub  (coded=T):        4
 Subroutine gjacpsub (coded=F):        0
 Subroutine hlsub    (coded=T):        0
 Subroutine hlpsub   (coded=F):        0


 Total CPU time in seconds =     0.15

 ==============================================================================

 Initial point computed successfully.

                                            achieved                  desired        
 Unscaled feasibility ..............:   8.6736284821142817D-10   1.0000000000000001D-09
 Smallest distance to lower bound ..:   1.0416666657631643D-02   1.0000000000000000D-03
 Smallest distance to upper bound ..:   9.8958333334236837D-01   1.0000000000000000D-03

 Starting LCMIN.
 Number of variables   :      96
 Number of constraints :       1

 Scale factor for the objective function   : 1.0D+00
 Smallest scale factor for the constraints : 1.0D+00

 ==========================================================
 outer barrier   objective       scaled      outer   inner
  ite   param     function     obj funct    opt err   ite 
     0 1.0D-01  4.540417D-01  4.540417D-01 4.968D+00     0 

    inner barrier   scaled     scaled     min     min    NW   SE     dx      alpha    alpha    inner   time (s)
     ite   param   obj func     feas      x-l     u-x   pert pert   norm      max             opt err 
        1 1.0D-01  2.225D-01  8.674D-10 7.1D-03 9.8D-01    0    0 2.99D-01 1.00D+00 5.00D-01 1.683D+00     0.00
        2 1.0D-01  2.847D-01  8.674D-10 8.5D-03 9.8D-01    0    0 7.02D-02 1.00D+00 1.00D+00 2.650D-03     0.00


     1 2.0D-02  2.847019D-01  2.847019D-01 1.027D-01     2C


     2 2.8D-03  2.847019D-01  2.847019D-01 1.027D-01     2C

    inner barrier   scaled     scaled     min     min    NW   SE     dx      alpha    alpha    inner   time (s)
     ite   param   obj func     feas      x-l     u-x   pert pert   norm      max             opt err 
        1 2.8D-03  1.954D-01  8.674D-10 7.2D-03 9.8D-01    0    0 7.02D-02 1.00D+00 1.00D+00 2.418D+00     0.00
        2 2.8D-03  9.320D-02  8.674D-10 6.0D-03 9.6D-01    0    0 1.39D-01 1.00D+00 1.00D+00 7.818D-01     0.00
        3 2.8D-03  5.896D-02  8.674D-10 4.8D-03 9.6D-01    0    0 1.21D-01 1.00D+00 1.00D+00 1.544D-03     0.00


     3 1.5D-04  5.896141D-02  5.896141D-02 4.228D-03     5C

    inner barrier   scaled     scaled     min     min    NW   SE     dx      alpha    alpha    inner   time (s)
     ite   param   obj func     feas      x-l     u-x   pert pert   norm      max             opt err 
        1 1.5D-04  4.140D-02  8.674D-10 3.4D-03 9.6D-01    0    0 1.33D-01 1.00D+00 1.00D+00 1.448D-01     0.00
        2 1.5D-04  3.613D-02  8.674D-10 2.4D-03 9.6D-01    0    0 1.06D-01 1.00D+00 1.00D+00 5.468D-02     0.00
        3 1.5D-04  3.474D-02  8.674D-10 1.7D-03 9.6D-01    0    0 5.68D-02 1.00D+00 1.00D+00 6.018D-05     0.00


     4 1.8D-06  3.473801D-02  3.473801D-02 2.106D-04     8C

    inner barrier   scaled     scaled     min     min    NW   SE     dx      alpha    alpha    inner   time (s)
     ite   param   obj func     feas      x-l     u-x   pert pert   norm      max             opt err 
        1 1.8D-06  3.401D-02  8.674D-10 9.6D-04 9.6D-01    0    0 5.57D-02 1.00D+00 1.00D+00 7.530D-03     0.00
        2 1.8D-06  3.380D-02  8.674D-10 4.1D-04 9.6D-01    0    0 3.37D-02 1.00D+00 1.00D+00 2.508D-03     0.00
        3 1.8D-06  3.375D-02  8.674D-10 1.2D-04 9.6D-01    0    0 1.39D-02 1.00D+00 1.00D+00 3.174D-06     0.00


     5 2.5D-09  3.375173D-02  3.375173D-02 5.019D-06    11C

    inner barrier   scaled     scaled     min     min    NW   SE     dx      alpha    alpha    inner   time (s)
     ite   param   obj func     feas      x-l     u-x   pert pert   norm      max             opt err 
        1 2.5D-09  3.374D-02  8.674D-10 8.4D-06 9.6D-01    0    0 6.31D-03 1.00D+00 1.00D+00 1.276D-04     0.00
        2 2.5D-09  3.373D-02  8.674D-10 1.2D-07 9.6D-01    0    0 1.46D-03 1.00D+00 1.00D+00 2.372D-07     0.00
        3 2.5D-09  3.373D-02  8.674D-10 9.2D-08 9.6D-01    0    0 3.09D-04 1.00D+00 1.00D+00 2.305D-08     0.00


     6 1.0D-09  3.373368D-02  3.373368D-02 2.556D-08    14C

    inner barrier   scaled     scaled     min     min    NW   SE     dx      alpha    alpha    inner   time (s)
     ite   param   obj func     feas      x-l     u-x   pert pert   norm      max             opt err 
        1 1.0D-09  3.373D-02  8.674D-10 3.7D-08 9.6D-01    0    0 3.83D-05 1.00D+00 1.00D+00 3.706D-10     0.00


     7 1.0D-09  3.373368D-02  3.373368D-02 1.371D-09    15C
 ==========================================================

 FINAL RESULTS:
                            scaled                   unscaled
  Objective Funct:   3.3733675331387561D-02    3.3733675331387561D-02
  Lagrangian Grad:   1.3284820008740968D-15    1.3284820008740968D-15
 Final Point Feas:   8.6736207105531093D-10    8.6736207105531093D-10
 Bounds violation:   0.0000000000000000D+00    0.0000000000000000D+00
 Lower Bound Comp:   1.3705731610459756D-09    1.3705731610459756D-09
 Upper Bound Comp:   1.0000027326604230D-09    1.0000027326604230D-09

 Flag of LCMIN:

     Optimal solution found.

 ====================================================
                      STATISTICS                     
 ====================================================
 GENERAL:                                            

           Preprocessing time (in seconds):      0.75
            Optimization time (in seconds):      0.04

                      Inner Iterations (IIT):      15
                      Outer Iterations (OIT):       7
                  Function Evaluations (FEV):      17
         Function Gradient Evaluations (GEV):      16
          Function Hessian Evaluations (HEV):      15
          Barrier Function Evaluations (BFE):      31
 Barrier Function Gradient Evaluations (BGE):      15
 ====================================================
 AVERAGE:                                            

 Inner Iterations per Outer Iterations  :      2.1429
 FEV per IIT:      1.1333    FEV per OIT:      2.4286
 GEV per IIT:      1.0667    GEV per OIT:      2.2857
 HEV per IIT:      1.0000    HEV per OIT:      2.1429
 BFE per IIT:      2.0667    BFE per OIT:      4.4286
 BGE per IIT:      1.0000    BGE per OIT:      2.1429
 ====================================================

