
 ==============================================================================
 This is ALGENCAN 3.1.1.
 ALGENCAN, an Augmented Lagrangian method for nonlinear programming, is part of
 the TANGO Project: Trustable Algorithms for Nonlinear General Optimization.
 See http://www.ime.usp.br/~egbirgin/tango/ for details.
 ==============================================================================

 Processing array of parameters with   3 entrances:

 IGNORE-OBJECTIVE-FUNCTION                    
 ITERATIONS-OUTPUT-DETAIL                                                    11
 TRUNCATED-NEWTON-LINE-SEARCH-INNER-SOLVER                                   ''

 The specification file is not being used.

 Available HSL subroutines = MA57           

 ALGENCAN PARAMETERS:

 firstde                =                    T
 seconde                =                    T
 truehpr                =                    T
 hptype in TN           =               TRUEHP
 lsslvr in TR           =            MA57/NONE
 lsslvr in NW           =            MA57/NONE
 lsslvr in ACCPROC      =            MA57/NONE
 innslvr                =                   TN
 accproc                =                    T
 rmfixv                 =                    T
 slacks                 =                    F
 scale                  =                    T
 epsfeas                =           3.1623D-05
 epsopt                 =           1.0000D-08
 efstain                =           5.6234D-03
 eostain                =           1.0000D-12
 efacc                  =           5.6234D-03
 eoacc                  =           1.0000D-04
 iprint                 =                   11
 ncomp                  =                    6

 Specification filename =                   ''
 Output filename        =          'lcmin.out'
 Solution filename      =                   ''

 Number of variables               :      19
 Number of equality constraints    :       8
 Number of inequality constraints  :       0
 Number of bound constraints       :      19
 Number of fixed variables         :       0

 There are no fixed variables to be removed.

 Objective function scale factor   : 1.0D+00
 Smallest constraints scale factor : 1.0D+00

 Since the scaling factor(s) is(are) equal to one, scaling was inhibited.

     Entry to GENCAN.
     Number of variables:      19
     Required optimality tolerance: 1.0D-08

     It         function  gpsupn   xsupn stesupn   nfree   SPGit in-face    fcnt
      0   1.10000000D+01 5.0D+00 1.0D+00
      1   1.47273137D-02 1.9D-01 1.7D+00 9.9D-01      16       0       1       3
      2   0.00000000D+00 0.0D+00 1.7D+00 4.9D-02      16       0       2       4

     Flag of GENCAN: Solution was found.


 User-provided subroutines calls counters: 

 Subroutine fsub     (coded=F):        0
 Subroutine gsub     (coded=F):        0
 Subroutine hsub     (coded=F):        0
 Subroutine csub     (coded=F):        0 (       0 calls per constraint in avg)
 Subroutine jacsub   (coded=F):        0 (       0 calls per constraint in avg)
 Subroutine hcsub    (coded=F):        0 (       0 calls per constraint in avg)
 Subroutine fcsub    (coded=T):        4
 Subroutine gjacsub  (coded=T):        5
 Subroutine gjacpsub (coded=F):        0
 Subroutine hlsub    (coded=T):        2
 Subroutine hlpsub   (coded=F):        0


 Total CPU time in seconds =     0.20

 ==============================================================================

 Initial point computed successfully.

                                            achieved                  desired        
 Unscaled feasibility ..............:   0.0000000000000000D+00   1.0000000000000001D-09
 Smallest distance to lower bound ..:   1.0000000000000000D-02   1.0000000000000000D-03

 Starting LCMIN.
 Number of variables   :      19
 Number of constraints :       8

 Scale factor for the objective function   : 3.4D-01
 Smallest scale factor for the constraints : 1.0D+00

 ==========================================================
 outer barrier   objective       scaled      outer   inner
  ite   param     function     obj funct    opt err   ite 
     0 1.0D-01  7.412514D+03  2.484828D+03 6.909D+01     0 

    inner barrier   scaled     scaled     min     min    NW   SE     dx      alpha    alpha    inner   time (s)
     ite   param   obj func     feas      x-l     u-x   pert pert   norm      max             opt err 
        1 1.0D-01  6.338D+02  8.882D-16 5.3D-03 0.0D+00    0    0 9.95D+01 9.16D-01 9.16D-01 3.717D+01     0.00
        2 1.0D-01  2.030D+01  2.220D-15 1.4D-01 0.0D+00    0    0 8.58D+01 1.00D+00 1.00D+00 1.683D+01     0.00
        3 1.0D-01  3.756D+00  3.553D-15 3.4D-01 0.0D+00    0    0 1.98D+01 1.00D+00 1.00D+00 6.025D+00     0.00
        4 1.0D-01  3.744D+00  3.553D-15 4.6D-01 0.0D+00    0    0 9.98D-01 1.00D+00 1.00D+00 3.165D-02     0.00


     1 2.0D-02  1.116847D+01  3.743900D+00 1.084D-01     4C


     2 2.8D-03  1.116847D+01  3.743900D+00 1.084D-01     4C

    inner barrier   scaled     scaled     min     min    NW   SE     dx      alpha    alpha    inner   time (s)
     ite   param   obj func     feas      x-l     u-x   pert pert   norm      max             opt err 
        1 2.8D-03  3.738D+00  3.553D-15 3.9D-01 0.0D+00    0    0 2.88D-01 1.00D+00 1.00D+00 8.237D-03     0.00


     3 1.5D-04  1.114993D+01  3.737686D+00 1.107D-02     5C

    inner barrier   scaled     scaled     min     min    NW   SE     dx      alpha    alpha    inner   time (s)
     ite   param   obj func     feas      x-l     u-x   pert pert   norm      max             opt err 
        1 1.5D-04  3.737D+00  3.553D-15 3.7D-01 0.0D+00    0    0 6.81D-02 1.00D+00 1.00D+00 4.899D-04     0.00


     4 1.8D-06  1.114911D+01  3.737412D+00 6.403D-04     6C

    inner barrier   scaled     scaled     min     min    NW   SE     dx      alpha    alpha    inner   time (s)
     ite   param   obj func     feas      x-l     u-x   pert pert   norm      max             opt err 
        1 1.8D-06  3.737D+00  3.553D-15 3.7D-01 0.0D+00    0    0 4.38D-03 1.00D+00 1.00D+00 2.013D-06     0.00


     5 2.5D-09  1.114911D+01  3.737411D+00 3.858D-06     7C

    inner barrier   scaled     scaled     min     min    NW   SE     dx      alpha    alpha    inner   time (s)
     ite   param   obj func     feas      x-l     u-x   pert pert   norm      max             opt err 
        1 2.5D-09  3.737D+00  7.105D-15 3.7D-01 0.0D+00    0    0 2.56D-05 1.00D+00 1.00D+00 7.264D-11     0.00


     6 1.0D-09  1.114911D+01  3.737411D+00 2.579D-09     8C
 ==========================================================

 FINAL RESULTS:
                            scaled                   unscaled
  Objective Funct:   3.7374111843056443D+00    1.1149109141484496D+01
  Lagrangian Grad:   2.7372192290961611D-15    8.1654263939473035D-15
 Final Point Feas:   7.1054273576010019D-15    7.1054273576010019D-15
 Bounds violation:   0.0000000000000000D+00    0.0000000000000000D+00
 Lower Bound Comp:   2.5785387325210964D-09    7.6920649981315425D-09
 Upper Bound Comp:   0.0000000000000000D+00    0.0000000000000000D+00

 Flag of LCMIN:

     Optimal solution found.

 ====================================================
                      STATISTICS                     
 ====================================================
 GENERAL:                                            

           Preprocessing time (in seconds):      0.89
            Optimization time (in seconds):      0.00

                      Inner Iterations (IIT):       8
                      Outer Iterations (OIT):       6
                  Function Evaluations (FEV):       9
         Function Gradient Evaluations (GEV):       9
          Function Hessian Evaluations (HEV):       8
          Barrier Function Evaluations (BFE):      16
 Barrier Function Gradient Evaluations (BGE):       8
 ====================================================
 AVERAGE:                                            

 Inner Iterations per Outer Iterations  :      1.3333
 FEV per IIT:      1.1250    FEV per OIT:      1.5000
 GEV per IIT:      1.1250    GEV per OIT:      1.5000
 HEV per IIT:      1.0000    HEV per OIT:      1.3333
 BFE per IIT:      2.0000    BFE per OIT:      2.6667
 BGE per IIT:      1.0000    BGE per OIT:      1.3333
 ====================================================

