
 ==============================================================================
 This is ALGENCAN 3.1.1.
 ALGENCAN, an Augmented Lagrangian method for nonlinear programming, is part of
 the TANGO Project: Trustable Algorithms for Nonlinear General Optimization.
 See http://www.ime.usp.br/~egbirgin/tango/ for details.
 ==============================================================================

 Processing array of parameters with   3 entrances:

 IGNORE-OBJECTIVE-FUNCTION                    
 ITERATIONS-OUTPUT-DETAIL                                                    11
 NEWTON-LINE-SEARCH-INNER-SOLVER                                    'MA57 MC64'

 The specification file is not being used.

 Available HSL subroutines = MA57           

 ALGENCAN PARAMETERS:

 firstde                =                    T
 seconde                =                    T
 truehpr                =                    T
 hptype in TN           =               TRUEHP
 lsslvr in TR           =            MA57/NONE
 lsslvr in NW           =            MA57/MC64
 lsslvr in ACCPROC      =            MA57/NONE
 innslvr                =                   NW
 accproc                =                    T
 rmfixv                 =                    T
 slacks                 =                    F
 scale                  =                    T
 epsfeas                =           1.0000D-09
 epsopt                 =           1.0000D-08
 efstain                =           3.1623D-05
 eostain                =           1.0000D-12
 efacc                  =           3.1623D-05
 eoacc                  =           1.0000D-04
 iprint                 =                   11
 ncomp                  =                    6

 Specification filename =                   ''
 Output filename        =          'lcmin.out'
 Solution filename      =                   ''

 Number of variables               :   34501
 Number of equality constraints    :   30969
 Number of inequality constraints  :       0
 Number of bound constraints       :   69002
 Number of fixed variables         :       0

 There are no fixed variables to be removed.

 Objective function scale factor   : 1.0D+00
 Smallest constraints scale factor : 1.0D+00

 Since the scaling factor(s) is(are) equal to one, scaling was inhibited.

     Entry to GENCAN.
     Number of variables:   34501
     Required optimality tolerance: 1.0D-08

     It         function  gpsupn   xsupn stesupn   nfree   SPGit in-face    fcnt
      0   5.69932832D-10 2.0D-06 3.7D+02
      1   5.14548643D-10 1.0D-06 3.7D+02 1.8D-06   31581       0       1       3
      2   6.50735541D-15 2.7D-08 3.7D+02 5.4D-04   31557       0       2       4
      3   3.48430354D-16 1.7D-09 3.7D+02 1.2D-07   31516       0       3       5
      4   3.74949192D-18 1.1D-09 3.7D+02 1.8D-07   31495       0       4       6
      5   3.04568937D-18 7.6D-10 3.7D+02 2.4D-10   31495       1       4      19

     Flag of GENCAN: Solution was found.


 User-provided subroutines calls counters: 

 Subroutine fsub     (coded=F):        0
 Subroutine gsub     (coded=F):        0
 Subroutine hsub     (coded=F):        0
 Subroutine csub     (coded=F):        0 (       0 calls per constraint in avg)
 Subroutine jacsub   (coded=F):        0 (       0 calls per constraint in avg)
 Subroutine hcsub    (coded=F):        0 (       0 calls per constraint in avg)
 Subroutine fcsub    (coded=T):       19
 Subroutine gjacsub  (coded=T):        8
 Subroutine gjacpsub (coded=F):        0
 Subroutine hlsub    (coded=T):        4
 Subroutine hlpsub   (coded=F):        0


 Total CPU time in seconds =     4.21

 ==============================================================================

 Initial point computed successfully.

                                            achieved                  desired        
 Unscaled feasibility ..............:   8.5218232470651856D-10   1.0000000000000001D-09
 Smallest distance to lower bound ..:   1.0000000000000009D-02   1.0000000000000000D-03
 Smallest distance to upper bound ..:   1.0000000000000000D-02   1.0000000000000000D-03

 Starting LCMIN.
 Number of variables   :   34501
 Number of constraints :   30969

 Scale factor for the objective function   : 1.0D+00
 Smallest scale factor for the constraints : 1.0D+00

 ==========================================================
 outer barrier   objective       scaled      outer   inner
  ite   param     function     obj funct    opt err   ite 
     0 1.0D-01  5.079055D+04  5.079055D+04 8.454D+05     0 

    inner barrier   scaled     scaled     min     min    NW   SE     dx      alpha    alpha    inner   time (s)
     ite   param   obj func     feas      x-l     u-x   pert pert   norm      max             opt err 
        1 1.0D-01  4.549D+04  8.522D-10 6.6D-03 3.8D-02    0    0 3.91D+05 3.17D-01 3.17D-01 7.211D+05     2.85
        2 1.0D-01  3.951D+04  8.522D-10 3.8D-03 6.6D-02    0    0 3.33D+05 5.71D-01 5.71D-01 6.883D+05     3.51
        3 1.0D-01  3.680D+04  8.522D-10 1.3D-03 7.6D-02    0    0 2.12D+05 4.99D-01 4.99D-01 6.414D+05     3.25
        4 1.0D-01  3.427D+04  8.522D-10 8.2D-03 8.2D-02    0    0 1.51D+05 7.10D-01 7.10D-01 4.950D+05     3.48
        5 1.0D-01  3.263D+04  8.522D-10 1.8D-02 8.4D-02    0    0 9.46D+04 8.33D-01 8.33D-01 3.501D+05     3.44
        6 1.0D-01  3.214D+04  8.522D-10 5.0D-02 8.4D-02    0    0 4.31D+04 1.00D+00 1.00D+00 2.357D+05     3.30
        7 1.0D-01  3.198D+04  8.522D-10 5.0D-02 8.4D-02    0    0 1.72D+04 1.00D+00 1.00D+00 1.387D+05     3.51
        8 1.0D-01  3.189D+04  8.522D-10 5.0D-02 8.4D-02    0    0 1.11D+04 1.00D+00 1.00D+00 1.320D+04     3.29
        9 1.0D-01  3.183D+04  8.522D-10 5.0D-02 8.4D-02    0    0 9.91D+03 1.00D+00 1.00D+00 1.319D+02     3.36
       10 1.0D-01  3.182D+04  8.522D-10 5.0D-02 8.4D-02    0    0 2.71D+03 1.00D+00 1.00D+00 1.220D+00     3.41

    inner barrier   scaled     scaled     min     min    NW   SE     dx      alpha    alpha    inner   time (s)
     ite   param   obj func     feas      x-l     u-x   pert pert   norm      max             opt err 
       11 1.0D-01  3.182D+04  8.522D-10 5.0D-02 8.4D-02    0    0 2.59D+02 1.00D+00 1.00D+00 1.612D-03     3.38


     1 2.0D-02  3.182338D+04  3.182338D+04 1.016D-01    11C


     2 2.8D-03  3.182338D+04  3.182338D+04 1.016D-01    11C

    inner barrier   scaled     scaled     min     min    NW   SE     dx      alpha    alpha    inner   time (s)
     ite   param   obj func     feas      x-l     u-x   pert pert   norm      max             opt err 
        1 2.8D-03  3.151D+04  8.522D-10 3.0D-04 1.5D-02    0    0 1.08D+04 8.58D-01 8.58D-01 2.812D-02     3.39


     3 1.5D-04  3.151496D+04  3.151496D+04 3.095D-02    12C

    inner barrier   scaled     scaled     min     min    NW   SE     dx      alpha    alpha    inner   time (s)
     ite   param   obj func     feas      x-l     u-x   pert pert   norm      max             opt err 
        1 1.5D-04  3.146D+04  8.522D-10 3.7D-06 1.5D-03    0    0 2.81D+03 9.08D-01 9.08D-01 1.081D-02     3.17
        2 1.5D-04  3.145D+04  8.522D-10 7.5D-05 1.3D-04    0    0 6.40D+02 1.00D+00 1.00D+00 4.945D-03     3.42
        3 1.5D-04  3.145D+04  8.522D-10 7.5D-05 1.3D-04    0    0 1.51D+02 1.00D+00 1.00D+00 6.484D-04     3.28


     4 1.8D-06  3.144905D+04  3.144905D+04 7.988D-04    15C

    inner barrier   scaled     scaled     min     min    NW   SE     dx      alpha    alpha    inner   time (s)
     ite   param   obj func     feas      x-l     u-x   pert pert   norm      max             opt err 
        1 1.8D-06  3.145D+04  8.522D-10 9.2D-07 1.6D-06    0    0 7.59D+01 1.00D+00 1.00D+00 2.006D-04     3.28
        2 1.8D-06  3.145D+04  8.522D-10 9.2D-07 1.6D-06    0    0 1.57D+01 1.00D+00 1.00D+00 4.911D-05     3.26
        3 1.8D-06  3.145D+04  8.522D-10 9.2D-07 1.6D-06    0    0 4.33D+00 1.00D+00 1.00D+00 1.136D-05     3.20


     5 2.5D-09  3.144848D+04  3.144848D+04 1.320D-05    18C

    inner barrier   scaled     scaled     min     min    NW   SE     dx      alpha    alpha    inner   time (s)
     ite   param   obj func     feas      x-l     u-x   pert pert   norm      max             opt err 
        1 2.5D-09  3.145D+04  8.522D-10 1.2D-09 2.1D-09    0    0 2.13D+00 1.00D+00 1.00D+00 2.841D-06     3.38
        2 2.5D-09  3.145D+04  8.522D-10 1.2D-09 2.1D-09    0    0 7.31D-01 1.00D+00 1.00D+00 4.057D-07     3.48
        3 2.5D-09  3.145D+04  8.522D-10 1.2D-09 2.1D-09    0    0 1.46D-01 1.00D+00 1.00D+00 1.621D-08     3.60


     6 1.0D-09  3.144848D+04  3.144848D+04 1.871D-08    21C

    inner barrier   scaled     scaled     min     min    NW   SE     dx      alpha    alpha    inner   time (s)
     ite   param   obj func     feas      x-l     u-x   pert pert   norm      max             opt err 
        1 1.0D-09  3.145D+04  8.522D-10 5.0D-10 8.5D-10    0    0 7.01D-03 1.00D+00 1.00D+00 9.772D-11     3.45


     7 1.0D-09  3.144848D+04  3.144848D+04 1.080D-09    22C
 ==========================================================

 FINAL RESULTS:
                            scaled                   unscaled
  Objective Funct:   3.1448477685805694D+04    3.1448477685805694D+04
  Lagrangian Grad:   5.1798478654401311D-16    5.1798478654401311D-16
 Final Point Feas:   9.1179934713636612D-09    9.1179934713636612D-09
 Bounds violation:   0.0000000000000000D+00    0.0000000000000000D+00
 Lower Bound Comp:   1.0797986419691180D-09    1.0797986419691180D-09
 Upper Bound Comp:   1.0000000003597252D-09    1.0000000003597252D-09

 Flag of LCMIN:

     Optimal solution found.

 ====================================================
                      STATISTICS                     
 ====================================================
 GENERAL:                                            

           Preprocessing time (in seconds):     16.43
            Optimization time (in seconds):     83.25

                      Inner Iterations (IIT):      22
                      Outer Iterations (OIT):       7
                  Function Evaluations (FEV):      23
         Function Gradient Evaluations (GEV):      23
          Function Hessian Evaluations (HEV):      22
          Barrier Function Evaluations (BFE):      44
 Barrier Function Gradient Evaluations (BGE):      22
 ====================================================
 AVERAGE:                                            

 Inner Iterations per Outer Iterations  :      3.1429
 FEV per IIT:      1.0455    FEV per OIT:      3.2857
 GEV per IIT:      1.0455    GEV per OIT:      3.2857
 HEV per IIT:      1.0000    HEV per OIT:      3.1429
 BFE per IIT:      2.0000    BFE per OIT:      6.2857
 BGE per IIT:      1.0000    BGE per OIT:      3.1429
 ====================================================

