
 ==============================================================================
 This is ALGENCAN 3.1.1.
 ALGENCAN, an Augmented Lagrangian method for nonlinear programming, is part of
 the TANGO Project: Trustable Algorithms for Nonlinear General Optimization.
 See http://www.ime.usp.br/~egbirgin/tango/ for details.
 ==============================================================================

 Processing array of parameters with   3 entrances:

 IGNORE-OBJECTIVE-FUNCTION                    
 ITERATIONS-OUTPUT-DETAIL                                                    11
 NEWTON-LINE-SEARCH-INNER-SOLVER                                    'MA57 MC64'

 The specification file is not being used.

 Available HSL subroutines = MA57           

 ALGENCAN PARAMETERS:

 firstde                =                    T
 seconde                =                    T
 truehpr                =                    T
 hptype in TN           =               TRUEHP
 lsslvr in TR           =            MA57/NONE
 lsslvr in NW           =            MA57/MC64
 lsslvr in ACCPROC      =            MA57/NONE
 innslvr                =                   NW
 accproc                =                    T
 rmfixv                 =                    T
 slacks                 =                    F
 scale                  =                    T
 epsfeas                =           1.0000D-09
 epsopt                 =           1.0000D-08
 efstain                =           3.1623D-05
 eostain                =           1.0000D-12
 efacc                  =           3.1623D-05
 eoacc                  =           1.0000D-04
 iprint                 =                   11
 ncomp                  =                    6

 Specification filename =                   ''
 Output filename        =          'lcmin.out'
 Solution filename      =                   ''

 Number of variables               :   34552
 Number of equality constraints    :   30329
 Number of inequality constraints  :       0
 Number of bound constraints       :   69104
 Number of fixed variables         :       0

 There are no fixed variables to be removed.

 Objective function scale factor   : 1.0D+00
 Smallest constraints scale factor : 1.0D+00

 Since the scaling factor(s) is(are) equal to one, scaling was inhibited.

     Entry to GENCAN.
     Number of variables:   34552
     Required optimality tolerance: 1.0D-08

     It         function  gpsupn   xsupn stesupn   nfree   SPGit in-face    fcnt
      0   1.32734483D-13 2.7D-08 4.0D+02
      1   1.70545829D-15 2.7D-09 4.0D+02 1.1D-05   31605       0       1       3
      2   2.68491507D-21 4.0D-11 4.0D+02 6.7D-07   31605       0       2       4

     Flag of GENCAN: Solution was found.


 User-provided subroutines calls counters: 

 Subroutine fsub     (coded=F):        0
 Subroutine gsub     (coded=F):        0
 Subroutine hsub     (coded=F):        0
 Subroutine csub     (coded=F):        0 (       0 calls per constraint in avg)
 Subroutine jacsub   (coded=F):        0 (       0 calls per constraint in avg)
 Subroutine hcsub    (coded=F):        0 (       0 calls per constraint in avg)
 Subroutine fcsub    (coded=T):        4
 Subroutine gjacsub  (coded=T):        5
 Subroutine gjacpsub (coded=F):        0
 Subroutine hlsub    (coded=T):        2
 Subroutine hlpsub   (coded=F):        0


 Total CPU time in seconds =     2.01

 ==============================================================================

 Initial point computed successfully.

                                            achieved                  desired        
 Unscaled feasibility ..............:   4.0213166130342870D-11   1.0000000000000001D-09
 Smallest distance to lower bound ..:   1.0000000000000009D-02   1.0000000000000000D-03
 Smallest distance to upper bound ..:   1.0000000000000000D-02   1.0000000000000000D-03

 Starting LCMIN.
 Number of variables   :   34552
 Number of constraints :   30329

 Scale factor for the objective function   : 1.0D+00
 Smallest scale factor for the constraints : 1.0D+00

 ==========================================================
 outer barrier   objective       scaled      outer   inner
  ite   param     function     obj funct    opt err   ite 
     0 1.0D-01  4.057708D+04  4.057708D+04 8.454D+05     0 

    inner barrier   scaled     scaled     min     min    NW   SE     dx      alpha    alpha    inner   time (s)
     ite   param   obj func     feas      x-l     u-x   pert pert   norm      max             opt err 
        1 1.0D-01  3.723D+04  4.021D-11 8.6D-03 4.1D-02    0    0 3.72D+05 3.49D-01 3.49D-01 7.160D+05     2.04
        2 1.0D-01  3.369D+04  4.021D-11 4.2D-02 7.3D-02    0    0 3.07D+05 5.51D-01 5.51D-01 7.066D+05     2.63
        3 1.0D-01  3.199D+04  4.021D-11 2.4D-03 8.4D-02    0    0 1.95D+05 4.56D-01 4.56D-01 5.376D+05     2.55
        4 1.0D-01  2.934D+04  4.021D-11 1.3D-02 9.2D-02    0    0 1.59D+05 6.19D-01 6.19D-01 4.506D+05     3.14
        5 1.0D-01  2.792D+04  4.021D-11 9.0D-03 9.5D-02    0    0 9.91D+04 8.68D-01 8.68D-01 3.395D+05     2.86
        6 1.0D-01  2.776D+04  4.021D-11 6.2D-02 9.6D-02    0    0 3.27D+04 1.00D+00 1.00D+00 1.600D+05     2.55
        7 1.0D-01  2.772D+04  4.021D-11 6.1D-02 9.6D-02    0    0 9.24D+03 1.00D+00 1.00D+00 9.885D+04     2.69
        8 1.0D-01  2.770D+04  4.021D-11 6.1D-02 9.6D-02    0    0 4.49D+03 1.00D+00 1.00D+00 5.044D+04     2.64
        9 1.0D-01  2.770D+04  4.021D-11 6.1D-02 9.6D-02    0    0 3.39D+03 1.00D+00 1.00D+00 7.170D+02     2.61
       10 1.0D-01  2.770D+04  4.021D-11 6.1D-02 9.6D-02    0    0 1.02D+03 1.00D+00 1.00D+00 7.071D+00     2.58

    inner barrier   scaled     scaled     min     min    NW   SE     dx      alpha    alpha    inner   time (s)
     ite   param   obj func     feas      x-l     u-x   pert pert   norm      max             opt err 
       11 1.0D-01  2.770D+04  4.021D-11 6.1D-02 9.6D-02    0    0 7.33D+01 1.00D+00 1.00D+00 1.264D-04     2.67


     1 2.0D-02  2.769953D+04  2.769953D+04 1.001D-01    11C


     2 2.8D-03  2.769953D+04  2.769953D+04 1.001D-01    11C

    inner barrier   scaled     scaled     min     min    NW   SE     dx      alpha    alpha    inner   time (s)
     ite   param   obj func     feas      x-l     u-x   pert pert   norm      max             opt err 
        1 2.8D-03  2.739D+04  4.021D-11 5.4D-04 9.1D-03    0    0 1.02D+04 9.41D-01 9.41D-01 2.678D-02     2.57


     3 1.5D-04  2.738799D+04  2.738799D+04 2.961D-02    12C

    inner barrier   scaled     scaled     min     min    NW   SE     dx      alpha    alpha    inner   time (s)
     ite   param   obj func     feas      x-l     u-x   pert pert   norm      max             opt err 
        1 1.5D-04  2.736D+04  4.021D-11 6.1D-06 6.9D-04    0    0 1.72D+03 9.40D-01 9.40D-01 7.696D-03     2.25
        2 1.5D-04  2.735D+04  4.021D-11 9.2D-05 1.5D-04    0    0 3.73D+02 1.00D+00 1.00D+00 1.711D-03     2.51
        3 1.5D-04  2.735D+04  4.021D-11 9.2D-05 1.5D-04    0    0 5.83D+01 1.00D+00 1.00D+00 2.824D-04     2.56


     4 1.8D-06  2.735391D+04  2.735391D+04 4.328D-04    15C

    inner barrier   scaled     scaled     min     min    NW   SE     dx      alpha    alpha    inner   time (s)
     ite   param   obj func     feas      x-l     u-x   pert pert   norm      max             opt err 
        1 1.8D-06  2.735D+04  4.021D-11 1.1D-06 1.8D-06    0    0 2.75D+01 1.00D+00 1.00D+00 3.992D-05     2.57
        2 1.8D-06  2.735D+04  4.021D-11 1.1D-06 1.8D-06    0    0 1.11D+00 1.00D+00 1.00D+00 5.089D-07     2.67


     5 2.5D-09  2.735339D+04  2.735339D+04 2.354D-06    17C

    inner barrier   scaled     scaled     min     min    NW   SE     dx      alpha    alpha    inner   time (s)
     ite   param   obj func     feas      x-l     u-x   pert pert   norm      max             opt err 
        1 2.5D-09  2.735D+04  4.021D-11 1.5D-09 2.4D-09    0    0 2.88D-01 1.00D+00 1.00D+00 1.898D-09     2.59


     6 1.0D-09  2.735339D+04  2.735339D+04 4.404D-09    18C
 ==========================================================

 FINAL RESULTS:
                            scaled                   unscaled
  Objective Funct:   2.7353387208659631D+04    2.7353387208659631D+04
  Lagrangian Grad:   6.6613381477509392D-16    6.6613381477509392D-16
 Final Point Feas:   4.0230929698736873D-11    4.0230929698736873D-11
 Bounds violation:   0.0000000000000000D+00    0.0000000000000000D+00
 Lower Bound Comp:   4.4038534775329215D-09    4.4038534775329215D-09
 Upper Bound Comp:   2.5062719092845900D-09    2.5062719092845900D-09

 Flag of LCMIN:

     Optimal solution found.

 ====================================================
                      STATISTICS                     
 ====================================================
 GENERAL:                                            

           Preprocessing time (in seconds):     14.28
            Optimization time (in seconds):     54.14

                      Inner Iterations (IIT):      18
                      Outer Iterations (OIT):       6
                  Function Evaluations (FEV):      19
         Function Gradient Evaluations (GEV):      19
          Function Hessian Evaluations (HEV):      18
          Barrier Function Evaluations (BFE):      36
 Barrier Function Gradient Evaluations (BGE):      18
 ====================================================
 AVERAGE:                                            

 Inner Iterations per Outer Iterations  :      3.0000
 FEV per IIT:      1.0556    FEV per OIT:      3.1667
 GEV per IIT:      1.0556    GEV per OIT:      3.1667
 HEV per IIT:      1.0000    HEV per OIT:      3.0000
 BFE per IIT:      2.0000    BFE per OIT:      6.0000
 BGE per IIT:      1.0000    BGE per OIT:      3.0000
 ====================================================

