
 ==============================================================================
 This is ALGENCAN 3.1.1.
 ALGENCAN, an Augmented Lagrangian method for nonlinear programming, is part of
 the TANGO Project: Trustable Algorithms for Nonlinear General Optimization.
 See http://www.ime.usp.br/~egbirgin/tango/ for details.
 ==============================================================================

 Processing array of parameters with   3 entrances:

 IGNORE-OBJECTIVE-FUNCTION                    
 ITERATIONS-OUTPUT-DETAIL                                                    11
 NEWTON-LINE-SEARCH-INNER-SOLVER                                    'MA57 MC64'

 The specification file is not being used.

 Available HSL subroutines = MA57           

 ALGENCAN PARAMETERS:

 firstde                =                    T
 seconde                =                    T
 truehpr                =                    T
 hptype in TN           =               TRUEHP
 lsslvr in TR           =            MA57/NONE
 lsslvr in NW           =            MA57/MC64
 lsslvr in ACCPROC      =            MA57/NONE
 innslvr                =                   NW
 accproc                =                    T
 rmfixv                 =                    T
 slacks                 =                    F
 scale                  =                    T
 epsfeas                =           1.0000D-09
 epsopt                 =           1.0000D-08
 efstain                =           3.1623D-05
 eostain                =           1.0000D-12
 efacc                  =           3.1623D-05
 eoacc                  =           1.0000D-04
 iprint                 =                   11
 ncomp                  =                    6

 Specification filename =                   ''
 Output filename        =          'lcmin.out'
 Solution filename      =                   ''

 Number of variables               :   19999
 Number of equality constraints    :    9999
 Number of inequality constraints  :       0
 Number of bound constraints       :   39998
 Number of fixed variables         :       0

 There are no fixed variables to be removed.

 Objective function scale factor   : 1.0D+00
 Smallest constraints scale factor : 1.0D+00

 Since the scaling factor(s) is(are) equal to one, scaling was inhibited.

     Entry to GENCAN.
     Number of variables:   19999
     Required optimality tolerance: 1.0D-08

     It         function  gpsupn   xsupn stesupn   nfree   SPGit in-face    fcnt
      0   8.18241944D-14 1.9D-08 3.7D+00
      1   9.86076132D-32 4.4D-16 3.7D+00 9.9D-09    9999       0       1       3

     Flag of GENCAN: Solution was found.


 User-provided subroutines calls counters: 

 Subroutine fsub     (coded=F):        0
 Subroutine gsub     (coded=F):        0
 Subroutine hsub     (coded=F):        0
 Subroutine csub     (coded=F):        0 (       0 calls per constraint in avg)
 Subroutine jacsub   (coded=F):        0 (       0 calls per constraint in avg)
 Subroutine hcsub    (coded=F):        0 (       0 calls per constraint in avg)
 Subroutine fcsub    (coded=T):        3
 Subroutine gjacsub  (coded=T):        4
 Subroutine gjacpsub (coded=F):        0
 Subroutine hlsub    (coded=T):        1
 Subroutine hlpsub   (coded=F):        0


 Total CPU time in seconds =     0.00

 ==============================================================================

 Initial point computed successfully.

                                            achieved                  desired        
 Unscaled feasibility ..............:   4.4408920985006262D-16   1.0000000000000001D-09
 Smallest distance to lower bound ..:   1.0000000001397780D-06   2.5300118671660022D-10
 Smallest distance to upper bound ..:   2.0005899999991724D-05   2.5300118671660022D-10

 Starting LCMIN.
 Number of variables   :   19999
 Number of constraints :    9999

 Scale factor for the objective function   : 1.0D+00
 Smallest scale factor for the constraints : 1.0D+00

 ==========================================================
 outer barrier   objective       scaled      outer   inner
  ite   param     function     obj funct    opt err   ite 
     0 1.0D-01  4.713305D-05  4.713305D-05 2.772D-04     0 


     1 2.0D-02  4.713305D-05  4.713305D-05 2.772D-04     0C


     2 2.8D-03  4.713305D-05  4.713305D-05 2.772D-04     0C


     3 1.5D-04  4.713305D-05  4.713305D-05 2.772D-04     0C


     4 1.8D-06  4.713305D-05  4.713305D-05 2.772D-04     0C

    inner barrier   scaled     scaled     min     min    NW   SE     dx      alpha    alpha    inner   time (s)
     ite   param   obj func     feas      x-l     u-x   pert pert   norm      max             opt err 
        1 1.8D-06  4.718D-05  4.441D-16 2.8D-06 2.0D-05    0    0 1.81D-02 1.00D+00 1.00D+00 1.784D-06     0.05


     5 2.5D-09  4.718030D-05  4.718030D-05 3.629D-06     1C

    inner barrier   scaled     scaled     min     min    NW   SE     dx      alpha    alpha    inner   time (s)
     ite   param   obj func     feas      x-l     u-x   pert pert   norm      max             opt err 
        1 2.5D-09  4.714D-05  8.882D-16 2.9D-06 2.0D-05    0    0 1.19D-03 1.00D+00 1.00D+00 9.887D-04     0.03
        2 2.5D-09  3.831D-05  1.332D-15 4.1D-06 6.7D-13    0    0 2.56D-01 4.64D-01 4.64D-01 1.184D-03     0.03
        3 2.5D-09  3.045D-05  1.332D-15 6.4D-06 1.9D-05    0    0 2.04D-01 1.00D+00 1.00D+00 2.936D-04     0.03
        4 2.5D-09  3.131D-05  1.776D-15 9.4D-06 1.8D-05    0    0 2.18D-01 1.00D+00 1.00D+00 3.811D-05     0.03
        5 2.5D-09  3.317D-05  1.776D-15 1.1D-05 1.8D-05    0    0 5.64D-02 1.00D+00 1.00D+00 9.183D-10     0.03


     6 1.0D-09  3.316925D-05  3.316925D-05 3.424D-09     6C
 ==========================================================

 FINAL RESULTS:
                            scaled                   unscaled
  Objective Funct:   3.3169252217640755D-05    3.3169252217640755D-05
  Lagrangian Grad:   2.2209881503365558D-16    2.2209881503365558D-16
 Final Point Feas:   1.7763568394002505D-15    1.7763568394002505D-15
 Bounds violation:   0.0000000000000000D+00    0.0000000000000000D+00
 Lower Bound Comp:   3.4241744260235681D-09    3.4241744260235681D-09
 Upper Bound Comp:   2.5766637454716854D-09    2.5766637454716854D-09

 Flag of LCMIN:

     Optimal solution found.

 ====================================================
                      STATISTICS                     
 ====================================================
 GENERAL:                                            

           Preprocessing time (in seconds):      0.06
            Optimization time (in seconds):      0.23

                      Inner Iterations (IIT):       6
                      Outer Iterations (OIT):       6
                  Function Evaluations (FEV):       7
         Function Gradient Evaluations (GEV):       7
          Function Hessian Evaluations (HEV):       6
          Barrier Function Evaluations (BFE):      12
 Barrier Function Gradient Evaluations (BGE):       6
 ====================================================
 AVERAGE:                                            

 Inner Iterations per Outer Iterations  :      1.0000
 FEV per IIT:      1.1667    FEV per OIT:      1.1667
 GEV per IIT:      1.1667    GEV per OIT:      1.1667
 HEV per IIT:      1.0000    HEV per OIT:      1.0000
 BFE per IIT:      2.0000    BFE per OIT:      2.0000
 BGE per IIT:      1.0000    BGE per OIT:      1.0000
 ====================================================

