
 ==============================================================================
 This is ALGENCAN 3.1.1.
 ALGENCAN, an Augmented Lagrangian method for nonlinear programming, is part of
 the TANGO Project: Trustable Algorithms for Nonlinear General Optimization.
 See http://www.ime.usp.br/~egbirgin/tango/ for details.
 ==============================================================================

 Processing array of parameters with   3 entrances:

 IGNORE-OBJECTIVE-FUNCTION                    
 ITERATIONS-OUTPUT-DETAIL                                                    11
 NEWTON-LINE-SEARCH-INNER-SOLVER                                    'MA57 MC64'

 The specification file is not being used.

 Available HSL subroutines = MA57           

 ALGENCAN PARAMETERS:

 firstde                =                    T
 seconde                =                    T
 truehpr                =                    T
 hptype in TN           =               TRUEHP
 lsslvr in TR           =            MA57/NONE
 lsslvr in NW           =            MA57/MC64
 lsslvr in ACCPROC      =            MA57/NONE
 innslvr                =                   NW
 accproc                =                    T
 rmfixv                 =                    T
 slacks                 =                    F
 scale                  =                    T
 epsfeas                =           1.0000D-09
 epsopt                 =           1.0000D-08
 efstain                =           3.1623D-05
 eostain                =           1.0000D-12
 efacc                  =           3.1623D-05
 eoacc                  =           1.0000D-04
 iprint                 =                   11
 ncomp                  =                    6

 Specification filename =                   ''
 Output filename        =          'lcmin.out'
 Solution filename      =                   ''

 Number of variables               :    7564
 Number of equality constraints    :    3843
 Number of inequality constraints  :       0
 Number of bound constraints       :    2521
 Number of fixed variables         :       0

 There are no fixed variables to be removed.

 Objective function scale factor   : 1.0D+00
 Smallest constraints scale factor : 1.0D+00

 Since the scaling factor(s) is(are) equal to one, scaling was inhibited.

     Entry to GENCAN.
     Number of variables:    7564
     Required optimality tolerance: 1.0D-08

     It         function  gpsupn   xsupn stesupn   nfree   SPGit in-face    fcnt
      0   1.96715630D-13 3.2D-08 9.9D+00
      1   2.34646878D-15 2.6D-09 9.9D+00 2.3D-06    5459       0       1       3
      2   5.13045298D-25 2.0D-13 9.9D+00 6.6D-07    5459       0       2       4

     Flag of GENCAN: Solution was found.


 User-provided subroutines calls counters: 

 Subroutine fsub     (coded=F):        0
 Subroutine gsub     (coded=F):        0
 Subroutine hsub     (coded=F):        0
 Subroutine csub     (coded=F):        0 (       0 calls per constraint in avg)
 Subroutine jacsub   (coded=F):        0 (       0 calls per constraint in avg)
 Subroutine hcsub    (coded=F):        0 (       0 calls per constraint in avg)
 Subroutine fcsub    (coded=T):        4
 Subroutine gjacsub  (coded=T):        5
 Subroutine gjacpsub (coded=F):        0
 Subroutine hlsub    (coded=T):        2
 Subroutine hlpsub   (coded=F):        0


 Total CPU time in seconds =     0.02

 ==============================================================================

 Initial point computed successfully.

                                            achieved                  desired        
 Unscaled feasibility ..............:   1.3138101717657946D-13   1.0000000000000001D-09
 Smallest distance to lower bound ..:   9.9999999999999950D-03   1.0000000000000000D-03

 Starting LCMIN.
 Number of variables   :    7564
 Number of constraints :    3843

 Scale factor for the objective function   : 1.0D+00
 Smallest scale factor for the constraints : 1.0D+00

 ==========================================================
 outer barrier   objective       scaled      outer   inner
  ite   param     function     obj funct    opt err   ite 
     0 1.0D-01  1.265390D+03  1.265390D+03 1.273D+01     0 

    inner barrier   scaled     scaled     min     min    NW   SE     dx      alpha    alpha    inner   time (s)
     ite   param   obj func     feas      x-l     u-x   pert pert   norm      max             opt err 
        1 1.0D-01  1.164D+03  1.314D-13 1.0D-04 0.0D+00    0    0 1.26D+03 6.40D-02 6.40D-02 2.948D+01     0.02
        2 1.0D-01  9.982D+02  1.314D-13 2.7D-04 0.0D+00    0    0 1.18D+03 1.12D-01 1.12D-01 2.484D+01     0.02
        3 1.0D-01  9.471D+02  1.314D-13 6.6D-05 0.0D+00    0    0 9.71D+02 4.97D-02 4.97D-02 1.198D+02     0.02
        4 1.0D-01  8.524D+02  1.314D-13 3.2D-04 0.0D+00    0    0 9.38D+02 1.02D-01 1.02D-01 1.103D+02     0.02
        5 1.0D-01  7.382D+02  1.314D-13 1.8D-04 0.0D+00    0    0 9.12D+02 1.31D-01 1.31D-01 7.736D+01     0.02
        6 1.0D-01  3.875D+02  1.314D-13 4.5D-04 0.0D+00    0    0 8.99D+02 5.49D-01 5.49D-01 2.420D+01     0.02
        7 1.0D-01  2.919D+02  1.314D-13 1.6D-04 0.0D+00    0    0 6.30D+02 9.14D-01 9.14D-01 5.462D+00     0.02
        8 1.0D-01  3.107D+02  1.314D-13 3.9D-03 0.0D+00    0    0 4.12D+02 1.00D+00 1.00D+00 3.154D+00     0.02
        9 1.0D-01  3.266D+02  1.314D-13 4.3D-03 0.0D+00    0    0 3.65D+02 1.00D+00 1.00D+00 1.272D+00     0.02
       10 1.0D-01  3.385D+02  1.314D-13 4.3D-03 0.0D+00    0    0 2.85D+02 1.00D+00 1.00D+00 6.622D-02     0.02


     1 2.0D-02  3.384569D+02  3.384569D+02 1.662D-01    10C


     2 2.8D-03  3.384569D+02  3.384569D+02 1.662D-01    10C

    inner barrier   scaled     scaled     min     min    NW   SE     dx      alpha    alpha    inner   time (s)
     ite   param   obj func     feas      x-l     u-x   pert pert   norm      max             opt err 
        1 2.8D-03  2.702D+02  1.314D-13 1.3D-05 0.0D+00    0    0 9.63D+02 9.30D-01 9.30D-01 1.273D+00     0.02
        2 2.8D-03  2.541D+02  1.314D-13 9.8D-05 0.0D+00    0    0 3.75D+02 1.00D+00 1.00D+00 1.465D+00     0.02
        3 2.8D-03  2.492D+02  1.314D-13 1.1D-04 0.0D+00    0    0 1.72D+02 1.00D+00 1.00D+00 9.815D-01     0.02
        4 2.8D-03  2.473D+02  1.314D-13 1.1D-04 0.0D+00    0    0 8.90D+01 1.00D+00 1.00D+00 4.556D-01     0.02
        5 2.8D-03  2.467D+02  1.314D-13 1.1D-04 0.0D+00    0    0 3.96D+01 1.00D+00 1.00D+00 4.230D-02     0.02
        6 2.8D-03  2.465D+02  1.314D-13 1.1D-04 0.0D+00    0    0 1.29D+01 1.00D+00 1.00D+00 5.392D-04     0.02


     3 1.5D-04  2.465219D+02  2.465219D+02 3.368D-03    16C

    inner barrier   scaled     scaled     min     min    NW   SE     dx      alpha    alpha    inner   time (s)
     ite   param   obj func     feas      x-l     u-x   pert pert   norm      max             opt err 
        1 1.5D-04  2.446D+02  1.314D-13 3.3D-06 0.0D+00    0    0 1.46D+02 7.98D-01 7.98D-01 8.373D-02     0.02
        2 1.5D-04  2.439D+02  1.314D-13 5.8D-06 0.0D+00    0    0 7.37D+01 1.00D+00 1.00D+00 5.290D-02     0.02
        3 1.5D-04  2.437D+02  1.314D-13 5.8D-06 0.0D+00    0    0 2.06D+01 1.00D+00 1.00D+00 1.319D-04     0.02


     4 1.8D-06  2.437373D+02  2.437373D+02 2.192D-04    19C

    inner barrier   scaled     scaled     min     min    NW   SE     dx      alpha    alpha    inner   time (s)
     ite   param   obj func     feas      x-l     u-x   pert pert   norm      max             opt err 
        1 1.8D-06  2.436D+02  1.314D-13 4.3D-09 0.0D+00    0    0 2.84D+01 8.79D-01 8.79D-01 1.179D-02     0.02
        2 1.8D-06  2.436D+02  1.314D-13 1.9D-09 0.0D+00    0    0 1.10D+01 8.45D-01 8.45D-01 3.153D-03     0.02
        3 1.8D-06  2.435D+02  1.314D-13 8.7D-09 0.0D+00    0    0 5.00D+00 9.89D-01 9.89D-01 3.240D-05     0.02
        4 1.8D-06  2.435D+02  1.313D-13 7.1D-08 0.0D+00    0    0 1.30D+00 1.00D+00 1.00D+00 9.018D-07     0.02


     5 2.5D-09  2.435445D+02  2.435445D+02 2.747D-06    23C

    inner barrier   scaled     scaled     min     min    NW   SE     dx      alpha    alpha    inner   time (s)
     ite   param   obj func     feas      x-l     u-x   pert pert   norm      max             opt err 
        1 2.5D-09  2.435D+02  1.313D-13 1.4D-12 0.0D+00    0    0 1.16D+00 8.45D-01 8.45D-01 1.561D-04     0.02
        2 2.5D-09  2.435D+02  1.313D-13 2.9D-13 0.0D+00    0    0 4.16D-01 8.44D-01 8.44D-01 9.797D-05     0.02
        3 2.5D-09  2.435D+02  1.313D-13 2.0D-13 0.0D+00    0    0 1.45D-01 9.94D-01 9.94D-01 2.283D-06     0.02
        4 2.5D-09  2.435D+02  1.313D-13 1.1D-10 0.0D+00    0    0 2.82D-02 1.00D+00 1.56D-02 1.514D-04     0.02
        5 2.5D-09  2.435D+02  1.313D-13 9.6D-11 0.0D+00    0    0 3.28D-02 1.00D+00 1.00D+00 5.985D-09     0.02


     6 1.0D-09  2.435423D+02  2.435423D+02 8.491D-09    28C
 ==========================================================

 FINAL RESULTS:
                            scaled                   unscaled
  Objective Funct:   2.4354232913573040D+02    2.4354232913573040D+02
  Lagrangian Grad:   4.2463309957033527D-10    4.2463309957033527D-10
 Final Point Feas:   8.8611340487432244D-12    8.8611340487432244D-12
 Bounds violation:   0.0000000000000000D+00    0.0000000000000000D+00
 Lower Bound Comp:   8.4905786136031136D-09    8.4905786136031136D-09
 Upper Bound Comp:   0.0000000000000000D+00    0.0000000000000000D+00

 Flag of LCMIN:

     Optimal solution found.

 ====================================================
                      STATISTICS                     
 ====================================================
 GENERAL:                                            

           Preprocessing time (in seconds):      0.70
            Optimization time (in seconds):      0.60

                      Inner Iterations (IIT):      28
                      Outer Iterations (OIT):       6
                  Function Evaluations (FEV):      35
         Function Gradient Evaluations (GEV):      29
          Function Hessian Evaluations (HEV):      28
          Barrier Function Evaluations (BFE):      62
 Barrier Function Gradient Evaluations (BGE):      28
 ====================================================
 AVERAGE:                                            

 Inner Iterations per Outer Iterations  :      4.6667
 FEV per IIT:      1.2500    FEV per OIT:      5.8333
 GEV per IIT:      1.0357    GEV per OIT:      4.8333
 HEV per IIT:      1.0000    HEV per OIT:      4.6667
 BFE per IIT:      2.2143    BFE per OIT:     10.3333
 BGE per IIT:      1.0000    BGE per OIT:      4.6667
 ====================================================

