
 ==============================================================================
 This is ALGENCAN 3.1.1.
 ALGENCAN, an Augmented Lagrangian method for nonlinear programming, is part of
 the TANGO Project: Trustable Algorithms for Nonlinear General Optimization.
 See http://www.ime.usp.br/~egbirgin/tango/ for details.
 ==============================================================================

 Processing array of parameters with   3 entrances:

 IGNORE-OBJECTIVE-FUNCTION                    
 ITERATIONS-OUTPUT-DETAIL                                                    11
 NEWTON-LINE-SEARCH-INNER-SOLVER                                    'MA57 MC64'

 The specification file is not being used.

 Available HSL subroutines = MA57           

 ALGENCAN PARAMETERS:

 firstde                =                    T
 seconde                =                    T
 truehpr                =                    T
 hptype in TN           =               TRUEHP
 lsslvr in TR           =            MA57/NONE
 lsslvr in NW           =            MA57/MC64
 lsslvr in ACCPROC      =            MA57/NONE
 innslvr                =                   NW
 accproc                =                    T
 rmfixv                 =                    T
 slacks                 =                    F
 scale                  =                    T
 epsfeas                =           1.0000D-09
 epsopt                 =           1.0000D-08
 efstain                =           3.1623D-05
 eostain                =           1.0000D-12
 efacc                  =           3.1623D-05
 eoacc                  =           1.0000D-04
 iprint                 =                   11
 ncomp                  =                    6

 Specification filename =                   ''
 Output filename        =          'lcmin.out'
 Solution filename      =                   ''

 Number of variables               :    7564
 Number of equality constraints    :    3843
 Number of inequality constraints  :       0
 Number of bound constraints       :    2521
 Number of fixed variables         :       0

 There are no fixed variables to be removed.

 Objective function scale factor   : 1.0D+00
 Smallest constraints scale factor : 1.0D+00

 Since the scaling factor(s) is(are) equal to one, scaling was inhibited.

     Entry to GENCAN.
     Number of variables:    7564
     Required optimality tolerance: 1.0D-08

     It         function  gpsupn   xsupn stesupn   nfree   SPGit in-face    fcnt
      0   1.96715630D-13 3.2D-08 9.9D+00
      1   2.34646878D-15 2.6D-09 9.9D+00 2.3D-06    5459       0       1       3
      2   5.13045298D-25 2.0D-13 9.9D+00 6.6D-07    5459       0       2       4

     Flag of GENCAN: Solution was found.


 User-provided subroutines calls counters: 

 Subroutine fsub     (coded=F):        0
 Subroutine gsub     (coded=F):        0
 Subroutine hsub     (coded=F):        0
 Subroutine csub     (coded=F):        0 (       0 calls per constraint in avg)
 Subroutine jacsub   (coded=F):        0 (       0 calls per constraint in avg)
 Subroutine hcsub    (coded=F):        0 (       0 calls per constraint in avg)
 Subroutine fcsub    (coded=T):        4
 Subroutine gjacsub  (coded=T):        5
 Subroutine gjacpsub (coded=F):        0
 Subroutine hlsub    (coded=T):        2
 Subroutine hlpsub   (coded=F):        0


 Total CPU time in seconds =     0.02

 ==============================================================================

 Initial point computed successfully.

                                            achieved                  desired        
 Unscaled feasibility ..............:   1.3138101717657946D-13   1.0000000000000001D-09
 Smallest distance to lower bound ..:   9.9999999999999950D-03   1.0000000000000000D-03

 Starting LCMIN.
 Number of variables   :    7564
 Number of constraints :    3843

 Scale factor for the objective function   : 1.0D+00
 Smallest scale factor for the constraints : 1.0D+00

 ==========================================================
 outer barrier   objective       scaled      outer   inner
  ite   param     function     obj funct    opt err   ite 
     0 1.0D-01  1.177180D+03  1.177180D+03 1.271D+01     0 

    inner barrier   scaled     scaled     min     min    NW   SE     dx      alpha    alpha    inner   time (s)
     ite   param   obj func     feas      x-l     u-x   pert pert   norm      max             opt err 
        1 1.0D-01  1.076D+03  1.314D-13 1.0D-04 0.0D+00    0    0 1.26D+03 6.46D-02 6.46D-02 2.927D+01     0.01
        2 1.0D-01  9.114D+02  1.314D-13 2.7D-04 0.0D+00    0    0 1.18D+03 1.12D-01 1.12D-01 2.486D+01     0.01
        3 1.0D-01  8.601D+02  1.314D-13 6.5D-05 0.0D+00    0    0 9.75D+02 5.02D-02 5.02D-02 1.183D+02     0.01
        4 1.0D-01  7.664D+02  1.314D-13 3.2D-04 0.0D+00    0    0 9.40D+02 1.02D-01 1.02D-01 1.099D+02     0.01
        5 1.0D-01  6.519D+02  1.314D-13 1.8D-04 0.0D+00    0    0 9.11D+02 1.33D-01 1.33D-01 7.685D+01     0.01
        6 1.0D-01  2.995D+02  1.314D-13 4.4D-04 0.0D+00    0    0 8.97D+02 5.60D-01 5.60D-01 2.364D+01     0.01
        7 1.0D-01  2.076D+02  1.314D-13 1.6D-04 0.0D+00    0    0 6.38D+02 9.02D-01 9.02D-01 5.490D+00     0.01
        8 1.0D-01  2.251D+02  1.314D-13 3.6D-03 0.0D+00    0    0 4.34D+02 1.00D+00 1.00D+00 3.244D+00     0.01
        9 1.0D-01  2.403D+02  1.314D-13 4.5D-03 0.0D+00    0    0 4.19D+02 1.00D+00 1.00D+00 1.545D+00     0.01
       10 1.0D-01  2.525D+02  1.314D-13 4.5D-03 0.0D+00    0    0 3.67D+02 1.00D+00 1.00D+00 1.067D-01     0.01


     1 2.0D-02  2.525438D+02  2.525438D+02 1.658D-01    10C


     2 2.8D-03  2.525438D+02  2.525438D+02 1.658D-01    10C

    inner barrier   scaled     scaled     min     min    NW   SE     dx      alpha    alpha    inner   time (s)
     ite   param   obj func     feas      x-l     u-x   pert pert   norm      max             opt err 
        1 2.8D-03  1.884D+02  1.314D-13 1.4D-05 0.0D+00    0    0 9.90D+02 9.34D-01 9.34D-01 1.244D+00     0.01
        2 2.8D-03  1.726D+02  1.314D-13 1.0D-04 0.0D+00    0    0 4.25D+02 1.00D+00 1.00D+00 1.381D+00     0.01
        3 2.8D-03  1.677D+02  1.314D-13 1.1D-04 0.0D+00    0    0 2.02D+02 1.00D+00 1.00D+00 9.194D-01     0.01
        4 2.8D-03  1.657D+02  1.314D-13 1.1D-04 0.0D+00    0    0 1.06D+02 1.00D+00 1.00D+00 4.308D-01     0.01
        5 2.8D-03  1.650D+02  1.314D-13 1.1D-04 0.0D+00    0    0 4.82D+01 1.00D+00 1.00D+00 6.475D-02     0.01
        6 2.8D-03  1.649D+02  1.314D-13 1.1D-04 0.0D+00    0    0 1.64D+01 1.00D+00 1.00D+00 6.883D-04     0.01


     3 1.5D-04  1.648775D+02  1.648775D+02 3.517D-03    16C

    inner barrier   scaled     scaled     min     min    NW   SE     dx      alpha    alpha    inner   time (s)
     ite   param   obj func     feas      x-l     u-x   pert pert   norm      max             opt err 
        1 1.5D-04  1.630D+02  1.314D-13 3.5D-06 0.0D+00    0    0 1.77D+02 7.85D-01 7.85D-01 9.307D-02     0.01
        2 1.5D-04  1.622D+02  1.315D-13 6.1D-06 0.0D+00    0    0 9.38D+01 1.00D+00 1.00D+00 6.659D-02     0.01
        3 1.5D-04  1.621D+02  1.315D-13 6.0D-06 0.0D+00    0    0 2.74D+01 1.00D+00 1.00D+00 9.459D-05     0.01


     4 1.8D-06  1.620726D+02  1.620726D+02 2.450D-04    19C

    inner barrier   scaled     scaled     min     min    NW   SE     dx      alpha    alpha    inner   time (s)
     ite   param   obj func     feas      x-l     u-x   pert pert   norm      max             opt err 
        1 1.8D-06  1.619D+02  1.315D-13 4.9D-09 0.0D+00    0    0 3.71D+01 8.69D-01 8.69D-01 1.100D-02     0.01
        2 1.8D-06  1.619D+02  1.315D-13 1.6D-09 0.0D+00    0    0 1.49D+01 8.33D-01 8.33D-01 3.754D-03     0.01
        3 1.8D-06  1.619D+02  1.315D-13 5.1D-09 0.0D+00    0    0 6.77D+00 8.75D-01 8.75D-01 4.156D-04     0.01
        4 1.8D-06  1.619D+02  1.315D-13 7.4D-08 0.0D+00    0    0 2.56D+00 1.00D+00 1.00D+00 1.140D-06     0.01


     5 2.5D-09  1.618725D+02  1.618725D+02 2.985D-06    23C

    inner barrier   scaled     scaled     min     min    NW   SE     dx      alpha    alpha    inner   time (s)
     ite   param   obj func     feas      x-l     u-x   pert pert   norm      max             opt err 
        1 2.5D-09  1.619D+02  1.315D-13 2.3D-12 0.0D+00    0    0 1.63D+00 8.40D-01 8.40D-01 2.728D-04     0.01
        2 2.5D-09  1.619D+02  1.315D-13 3.9D-13 0.0D+00    0    0 6.40D-01 8.31D-01 8.31D-01 1.207D-04     0.01
        3 2.5D-09  1.619D+02  1.315D-13 2.2D-13 0.0D+00    0    0 2.52D-01 8.94D-01 8.94D-01 4.544D-05     0.01
        4 2.5D-09  1.619D+02  1.315D-13 1.0D-10 0.0D+00    0    0 7.67D-02 1.00D+00 1.00D+00 1.903D-08     0.01


     6 1.0D-09  1.618703D+02  1.618703D+02 2.153D-08    27C

    inner barrier   scaled     scaled     min     min    NW   SE     dx      alpha    alpha    inner   time (s)
     ite   param   obj func     feas      x-l     u-x   pert pert   norm      max             opt err 
        1 1.0D-09  1.619D+02  1.315D-13 4.0D-11 0.0D+00    0    0 1.93D-02 1.00D+00 1.00D+00 4.859D-09     0.01


     7 1.0D-09  1.618703D+02  1.618703D+02 5.859D-09    28C
 ==========================================================

 FINAL RESULTS:
                            scaled                   unscaled
  Objective Funct:   1.6187029565048383D+02    1.6187029565048383D+02
  Lagrangian Grad:   1.0658141036401503D-14    1.0658141036401503D-14
 Final Point Feas:   8.8620222271629245D-12    8.8620222271629245D-12
 Bounds violation:   0.0000000000000000D+00    0.0000000000000000D+00
 Lower Bound Comp:   5.8585092680706088D-09    5.8585092680706088D-09
 Upper Bound Comp:   0.0000000000000000D+00    0.0000000000000000D+00

 Flag of LCMIN:

     Optimal solution found.

 ====================================================
                      STATISTICS                     
 ====================================================
 GENERAL:                                            

           Preprocessing time (in seconds):      0.89
            Optimization time (in seconds):      0.28

                      Inner Iterations (IIT):      28
                      Outer Iterations (OIT):       7
                  Function Evaluations (FEV):      29
         Function Gradient Evaluations (GEV):      29
          Function Hessian Evaluations (HEV):      28
          Barrier Function Evaluations (BFE):      56
 Barrier Function Gradient Evaluations (BGE):      28
 ====================================================
 AVERAGE:                                            

 Inner Iterations per Outer Iterations  :      4.0000
 FEV per IIT:      1.0357    FEV per OIT:      4.1429
 GEV per IIT:      1.0357    GEV per OIT:      4.1429
 HEV per IIT:      1.0000    HEV per OIT:      4.0000
 BFE per IIT:      2.0000    BFE per OIT:      8.0000
 BGE per IIT:      1.0000    BGE per OIT:      4.0000
 ====================================================

