
 ==============================================================================
 This is ALGENCAN 3.1.1.
 ALGENCAN, an Augmented Lagrangian method for nonlinear programming, is part of
 the TANGO Project: Trustable Algorithms for Nonlinear General Optimization.
 See http://www.ime.usp.br/~egbirgin/tango/ for details.
 ==============================================================================

 Processing array of parameters with   3 entrances:

 IGNORE-OBJECTIVE-FUNCTION                    
 ITERATIONS-OUTPUT-DETAIL                                                    11
 NEWTON-LINE-SEARCH-INNER-SOLVER                                    'MA57 MC64'

 The specification file is not being used.

 Available HSL subroutines = MA57           

 ALGENCAN PARAMETERS:

 firstde                =                    T
 seconde                =                    T
 truehpr                =                    T
 hptype in TN           =               TRUEHP
 lsslvr in TR           =            MA57/NONE
 lsslvr in NW           =            MA57/MC64
 lsslvr in ACCPROC      =            MA57/NONE
 innslvr                =                   NW
 accproc                =                    T
 rmfixv                 =                    T
 slacks                 =                    F
 scale                  =                    T
 epsfeas                =           1.0000D-09
 epsopt                 =           1.0000D-08
 efstain                =           3.1623D-05
 eostain                =           1.0000D-12
 efacc                  =           3.1623D-05
 eoacc                  =           1.0000D-04
 iprint                 =                   11
 ncomp                  =                    6

 Specification filename =                   ''
 Output filename        =          'lcmin.out'
 Solution filename      =                   ''

 Number of variables               :    7564
 Number of equality constraints    :    3843
 Number of inequality constraints  :       0
 Number of bound constraints       :       0
 Number of fixed variables         :       0

 There are no fixed variables to be removed.

 Objective function scale factor   : 1.0D+00
 Smallest constraints scale factor : 1.0D+00

 Since the scaling factor(s) is(are) equal to one, scaling was inhibited.

     Entry to GENCAN.
     Number of variables:    7564
     Required optimality tolerance: 1.0D-08

     It         function  gpsupn   xsupn stesupn   nfree   SPGit in-face    fcnt
      0   2.20413180D-14 1.1D-08 5.0D+00
      1   1.93122217D-16 8.8D-10 5.0D+00 3.0D-08    7564       0       1       3
      2   1.19916302D-25 1.1D-13 5.0D+00 2.3D-08    7564       0       2       4

     Flag of GENCAN: Solution was found.


 User-provided subroutines calls counters: 

 Subroutine fsub     (coded=F):        0
 Subroutine gsub     (coded=F):        0
 Subroutine hsub     (coded=F):        0
 Subroutine csub     (coded=F):        0 (       0 calls per constraint in avg)
 Subroutine jacsub   (coded=F):        0 (       0 calls per constraint in avg)
 Subroutine hcsub    (coded=F):        0 (       0 calls per constraint in avg)
 Subroutine fcsub    (coded=T):        4
 Subroutine gjacsub  (coded=T):        5
 Subroutine gjacpsub (coded=F):        0
 Subroutine hlsub    (coded=T):        2
 Subroutine hlpsub   (coded=F):        0


 Total CPU time in seconds =     0.05

 ==============================================================================

 Initial point computed successfully.

                                            achieved                  desired        
 Unscaled feasibility ..............:   5.8342219944051976D-14   1.0000000000000001D-09

 Starting LCMIN.
 Number of variables   :    7564
 Number of constraints :    3843

 Scale factor for the objective function   : 1.0D+00
 Smallest scale factor for the constraints : 1.0D+00

 ==========================================================
 outer barrier   objective       scaled      outer   inner
  ite   param     function     obj funct    opt err   ite 
     0 1.0D-09  2.363471D+02  2.363471D+02 1.753D+00     0 

    inner barrier   scaled     scaled     min     min    NW   SE     dx      alpha    alpha    inner   time (s)
     ite   param   obj func     feas      x-l     u-x   pert pert   norm      max             opt err 
        1 1.0D-09  2.065D+02  5.851D-14 0.0D+00 0.0D+00    0    0 3.47D+02 1.00D+00 1.00D+00 1.034D-02     0.02
        2 1.0D-09  2.065D+02  5.845D-14 0.0D+00 0.0D+00    0    0 1.06D+01 1.00D+00 1.00D+00 8.768D-05     0.02
        3 1.0D-09  2.065D+02  5.845D-14 0.0D+00 0.0D+00    0    0 1.20D-01 1.00D+00 1.00D+00 1.283D-08     0.02
        4 1.0D-09  2.065D+02  5.856D-14 0.0D+00 0.0D+00    0    0 1.17D-05 1.00D+00 5.00D-01 5.879D-09     0.02


     1 1.0D-09  2.064805D+02  2.064805D+02 5.879D-09     4C
 ==========================================================

 FINAL RESULTS:
                            scaled                   unscaled
  Objective Funct:   2.0648050916155529D+02    2.0648050916155529D+02
  Lagrangian Grad:   5.8789801742065162D-09    5.8789801742065162D-09
 Final Point Feas:   5.8564264548977008D-14    5.8564264548977008D-14
 Bounds violation:   0.0000000000000000D+00    0.0000000000000000D+00
 Lower Bound Comp:   0.0000000000000000D+00    0.0000000000000000D+00
 Upper Bound Comp:   0.0000000000000000D+00    0.0000000000000000D+00

 Flag of LCMIN:

     Optimal solution found.

 ====================================================
                      STATISTICS                     
 ====================================================
 GENERAL:                                            

           Preprocessing time (in seconds):      0.32
            Optimization time (in seconds):      0.10

                      Inner Iterations (IIT):       4
                      Outer Iterations (OIT):       1
                  Function Evaluations (FEV):       6
         Function Gradient Evaluations (GEV):       5
          Function Hessian Evaluations (HEV):       4
          Barrier Function Evaluations (BFE):       9
 Barrier Function Gradient Evaluations (BGE):       4
 ====================================================
 AVERAGE:                                            

 Inner Iterations per Outer Iterations  :      4.0000
 FEV per IIT:      1.5000    FEV per OIT:      6.0000
 GEV per IIT:      1.2500    GEV per OIT:      5.0000
 HEV per IIT:      1.0000    HEV per OIT:      4.0000
 BFE per IIT:      2.2500    BFE per OIT:      9.0000
 BGE per IIT:      1.0000    BGE per OIT:      4.0000
 ====================================================

