
 ==============================================================================
 This is ALGENCAN 3.1.1.
 ALGENCAN, an Augmented Lagrangian method for nonlinear programming, is part of
 the TANGO Project: Trustable Algorithms for Nonlinear General Optimization.
 See http://www.ime.usp.br/~egbirgin/tango/ for details.
 ==============================================================================

 Processing array of parameters with   3 entrances:

 IGNORE-OBJECTIVE-FUNCTION                    
 ITERATIONS-OUTPUT-DETAIL                                                    11
 NEWTON-LINE-SEARCH-INNER-SOLVER                                    'MA57 MC64'

 The specification file is not being used.

 Available HSL subroutines = MA57           

 ALGENCAN PARAMETERS:

 firstde                =                    T
 seconde                =                    T
 truehpr                =                    T
 hptype in TN           =               TRUEHP
 lsslvr in TR           =            MA57/NONE
 lsslvr in NW           =            MA57/MC64
 lsslvr in ACCPROC      =            MA57/NONE
 innslvr                =                   NW
 accproc                =                    T
 rmfixv                 =                    T
 slacks                 =                    F
 scale                  =                    T
 epsfeas                =           1.0000D-09
 epsopt                 =           1.0000D-08
 efstain                =           3.1623D-05
 eostain                =           1.0000D-12
 efacc                  =           3.1623D-05
 eoacc                  =           1.0000D-04
 iprint                 =                   11
 ncomp                  =                    6

 Specification filename =                   ''
 Output filename        =          'lcmin.out'
 Solution filename      =                   ''

 Number of variables               :    3944
 Number of equality constraints    :    2643
 Number of inequality constraints  :       0
 Number of bound constraints       :     249
 Number of fixed variables         :       0

 There are no fixed variables to be removed.

 Objective function scale factor   : 1.0D+00
 Smallest constraints scale factor : 1.0D+00

 Since the scaling factor(s) is(are) equal to one, scaling was inhibited.

     Entry to GENCAN.
     Number of variables:    3944
     Required optimality tolerance: 1.0D-08

     It         function  gpsupn   xsupn stesupn   nfree   SPGit in-face    fcnt
      0   9.49358035D-16 2.7D-09 9.9D+00
      1   9.33305415D-16 2.7D-09 9.9D+00 2.2D-10    3851       0       1       3
      2   8.97346332D-21 1.3D-10 9.9D+00 1.9D-07    3850       0       2       4

     Flag of GENCAN: Solution was found.


 User-provided subroutines calls counters: 

 Subroutine fsub     (coded=F):        0
 Subroutine gsub     (coded=F):        0
 Subroutine hsub     (coded=F):        0
 Subroutine csub     (coded=F):        0 (       0 calls per constraint in avg)
 Subroutine jacsub   (coded=F):        0 (       0 calls per constraint in avg)
 Subroutine hcsub    (coded=F):        0 (       0 calls per constraint in avg)
 Subroutine fcsub    (coded=T):        4
 Subroutine gjacsub  (coded=T):        5
 Subroutine gjacpsub (coded=F):        0
 Subroutine hlsub    (coded=T):        2
 Subroutine hlpsub   (coded=F):        0


 Total CPU time in seconds =     0.00

 ==============================================================================

 Initial point computed successfully.

                                            achieved                  desired        
 Unscaled feasibility ..............:   1.3396475595506274D-10   1.0000000000000001D-09
 Smallest distance to lower bound ..:   9.9999999999999950D-03   1.0000000000000000D-03
 Smallest distance to upper bound ..:   9.9999999999997868D-03   1.0000000000000000D-03

 Starting LCMIN.
 Number of variables   :    3944
 Number of constraints :    2643

 Scale factor for the objective function   : 1.0D+00
 Smallest scale factor for the constraints : 1.0D+00

 ==========================================================
 outer barrier   objective       scaled      outer   inner
  ite   param     function     obj funct    opt err   ite 
     0 1.0D-01  5.196005D+03  5.196005D+03 9.790D+00     0 

    inner barrier   scaled     scaled     min     min    NW   SE     dx      alpha    alpha    inner   time (s)
     ite   param   obj func     feas      x-l     u-x   pert pert   norm      max             opt err 
        1 1.0D-01  5.169D+03  1.340D-10 1.1D-02 1.0D-04    0    0 1.52D+03 1.15D-02 1.15D-02 4.059D+01     0.01
        2 1.0D-01  4.199D+03  1.340D-10 9.9D-03 5.4D-04    0    0 2.84D+03 1.91D-01 1.91D-01 3.131D+01     0.01
        3 1.0D-01  1.430D+03  1.340D-10 5.6D-03 3.0D-04    0    0 2.80D+03 1.00D+00 1.00D+00 1.753D+01     0.01
        4 1.0D-01  6.292D+02  1.340D-10 4.2D-02 5.1D-04    0    0 1.18D+03 1.00D+00 1.00D+00 7.189D+00     0.01
        5 1.0D-01  5.991D+02  1.340D-10 4.2D-04 7.6D-04    0    0 3.55D+02 3.89D-01 3.89D-01 5.057D+00     0.01
        6 1.0D-01  5.745D+02  1.340D-10 2.4D-02 1.9D-03    0    0 2.97D+02 1.00D+00 1.00D+00 2.659D+00     0.01
        7 1.0D-01  5.730D+02  1.340D-10 7.7D-03 2.0D-03    0    0 1.18D+02 1.00D+00 1.00D+00 5.058D-01     0.01


     1 2.0D-02  5.730096D+02  5.730096D+02 6.058D-01     7C

    inner barrier   scaled     scaled     min     min    NW   SE     dx      alpha    alpha    inner   time (s)
     ite   param   obj func     feas      x-l     u-x   pert pert   norm      max             opt err 
        1 2.0D-02  5.716D+02  1.340D-10 2.2D-03 3.6D-04    0    0 6.87D+01 1.00D+00 1.00D+00 3.203D-02     0.01


     2 2.8D-03  5.716074D+02  5.716074D+02 5.203D-02     8C

    inner barrier   scaled     scaled     min     min    NW   SE     dx      alpha    alpha    inner   time (s)
     ite   param   obj func     feas      x-l     u-x   pert pert   norm      max             opt err 
        1 2.8D-03  5.709D+02  1.340D-10 3.5D-04 5.3D-05    0    0 3.92D+01 1.00D+00 1.00D+00 1.030D-02     0.01


     3 1.5D-04  5.709232D+02  5.709232D+02 1.313D-02     9C

    inner barrier   scaled     scaled     min     min    NW   SE     dx      alpha    alpha    inner   time (s)
     ite   param   obj func     feas      x-l     u-x   pert pert   norm      max             opt err 
        1 1.5D-04  5.708D+02  1.340D-10 1.8D-05 2.9D-06    0    0 1.71D+01 1.00D+00 1.00D+00 3.204D-03     0.01
        2 1.5D-04  5.707D+02  1.340D-10 1.8D-05 2.9D-06    0    0 5.70D+00 1.00D+00 1.00D+00 7.651D-04     0.01


     4 1.8D-06  5.707210D+02  5.707210D+02 9.155D-04    11C

    inner barrier   scaled     scaled     min     min    NW   SE     dx      alpha    alpha    inner   time (s)
     ite   param   obj func     feas      x-l     u-x   pert pert   norm      max             opt err 
        1 1.8D-06  5.707D+02  1.340D-10 1.5D-08 3.8D-07    0    0 2.25D+00 8.79D-01 8.79D-01 2.527D-03     0.01
        2 1.8D-06  5.707D+02  1.340D-10 3.0D-09 7.4D-08    0    0 8.17D-01 8.87D-01 8.87D-01 1.670D-03     0.01
        3 1.8D-06  5.707D+02  1.340D-10 2.0D-09 3.7D-08    0    0 2.38D-01 9.65D-01 9.65D-01 1.867D-04     0.01
        4 1.8D-06  5.707D+02  1.340D-10 2.2D-07 3.5D-08    0    0 4.16D-02 1.00D+00 1.00D+00 3.613D-06     0.01


     5 2.5D-09  5.707119D+02  5.707119D+02 5.458D-06    15C

    inner barrier   scaled     scaled     min     min    NW   SE     dx      alpha    alpha    inner   time (s)
     ite   param   obj func     feas      x-l     u-x   pert pert   norm      max             opt err 
        1 2.5D-09  5.707D+02  1.340D-10 2.9D-13 7.3D-10    0    0 2.34D-02 9.81D-01 9.81D-01 1.497D-05     0.01
        2 2.5D-09  5.707D+02  1.340D-10 3.0D-10 4.8D-11    0    0 4.83D-03 1.00D+00 1.00D+00 2.191D-07     0.01
        3 2.5D-09  5.707D+02  1.340D-10 3.0D-10 4.8D-11    0    0 1.13D-03 1.00D+00 1.00D+00 1.451D-08     0.01


     6 1.0D-09  5.707119D+02  5.707119D+02 1.702D-08    18C

    inner barrier   scaled     scaled     min     min    NW   SE     dx      alpha    alpha    inner   time (s)
     ite   param   obj func     feas      x-l     u-x   pert pert   norm      max             opt err 
        1 1.0D-09  5.707D+02  1.340D-10 1.2D-10 1.9D-11    0    0 1.06D-04 1.00D+00 1.00D+00 1.042D-10     0.01


     7 1.0D-09  5.707119D+02  5.707119D+02 1.104D-09    19C
 ==========================================================

 FINAL RESULTS:
                            scaled                   unscaled
  Objective Funct:   5.7071190198328100D+02    5.7071190198328100D+02
  Lagrangian Grad:   5.1972321269495771D-13    5.1972321269495771D-13
 Final Point Feas:   1.3611017174453011D-10    1.3611017174453011D-10
 Bounds violation:   0.0000000000000000D+00    0.0000000000000000D+00
 Lower Bound Comp:   1.1042153065822514D-09    1.1042153065822514D-09
 Upper Bound Comp:   1.0000055651562068D-09    1.0000055651562068D-09

 Flag of LCMIN:

     Optimal solution found.

 ====================================================
                      STATISTICS                     
 ====================================================
 GENERAL:                                            

           Preprocessing time (in seconds):      1.09
            Optimization time (in seconds):      0.20

                      Inner Iterations (IIT):      19
                      Outer Iterations (OIT):       7
                  Function Evaluations (FEV):      20
         Function Gradient Evaluations (GEV):      20
          Function Hessian Evaluations (HEV):      19
          Barrier Function Evaluations (BFE):      38
 Barrier Function Gradient Evaluations (BGE):      19
 ====================================================
 AVERAGE:                                            

 Inner Iterations per Outer Iterations  :      2.7143
 FEV per IIT:      1.0526    FEV per OIT:      2.8571
 GEV per IIT:      1.0526    GEV per OIT:      2.8571
 HEV per IIT:      1.0000    HEV per OIT:      2.7143
 BFE per IIT:      2.0000    BFE per OIT:      5.4286
 BGE per IIT:      1.0000    BGE per OIT:      2.7143
 ====================================================

