
 ==============================================================================
 This is ALGENCAN 3.1.1.
 ALGENCAN, an Augmented Lagrangian method for nonlinear programming, is part of
 the TANGO Project: Trustable Algorithms for Nonlinear General Optimization.
 See http://www.ime.usp.br/~egbirgin/tango/ for details.
 ==============================================================================

 Processing array of parameters with   3 entrances:

 IGNORE-OBJECTIVE-FUNCTION                    
 ITERATIONS-OUTPUT-DETAIL                                                    11
 NEWTON-LINE-SEARCH-INNER-SOLVER                                    'MA57 MC64'

 The specification file is not being used.

 Available HSL subroutines = MA57           

 ALGENCAN PARAMETERS:

 firstde                =                    T
 seconde                =                    T
 truehpr                =                    T
 hptype in TN           =               TRUEHP
 lsslvr in TR           =            MA57/NONE
 lsslvr in NW           =            MA57/MC64
 lsslvr in ACCPROC      =            MA57/NONE
 innslvr                =                   NW
 accproc                =                    T
 rmfixv                 =                    T
 slacks                 =                    F
 scale                  =                    T
 epsfeas                =           1.0000D-09
 epsopt                 =           1.0000D-08
 efstain                =           3.1623D-05
 eostain                =           1.0000D-12
 efacc                  =           3.1623D-05
 eoacc                  =           1.0000D-04
 iprint                 =                   11
 ncomp                  =                    6

 Specification filename =                   ''
 Output filename        =          'lcmin.out'
 Solution filename      =                   ''

 Number of variables               :    3944
 Number of equality constraints    :    2643
 Number of inequality constraints  :       0
 Number of bound constraints       :     249
 Number of fixed variables         :       0

 There are no fixed variables to be removed.

 Objective function scale factor   : 1.0D+00
 Smallest constraints scale factor : 1.0D+00

 Since the scaling factor(s) is(are) equal to one, scaling was inhibited.

     Entry to GENCAN.
     Number of variables:    3944
     Required optimality tolerance: 1.0D-08

     It         function  gpsupn   xsupn stesupn   nfree   SPGit in-face    fcnt
      0   9.49358035D-16 2.7D-09 9.9D+00
      1   9.33305415D-16 2.7D-09 9.9D+00 2.2D-10    3851       0       1       3
      2   8.97346332D-21 1.3D-10 9.9D+00 1.9D-07    3850       0       2       4

     Flag of GENCAN: Solution was found.


 User-provided subroutines calls counters: 

 Subroutine fsub     (coded=F):        0
 Subroutine gsub     (coded=F):        0
 Subroutine hsub     (coded=F):        0
 Subroutine csub     (coded=F):        0 (       0 calls per constraint in avg)
 Subroutine jacsub   (coded=F):        0 (       0 calls per constraint in avg)
 Subroutine hcsub    (coded=F):        0 (       0 calls per constraint in avg)
 Subroutine fcsub    (coded=T):        4
 Subroutine gjacsub  (coded=T):        5
 Subroutine gjacpsub (coded=F):        0
 Subroutine hlsub    (coded=T):        2
 Subroutine hlpsub   (coded=F):        0


 Total CPU time in seconds =     0.00

 ==============================================================================

 Initial point computed successfully.

                                            achieved                  desired        
 Unscaled feasibility ..............:   1.3396475595506274D-10   1.0000000000000001D-09
 Smallest distance to lower bound ..:   9.9999999999999950D-03   1.0000000000000000D-03
 Smallest distance to upper bound ..:   9.9999999999997868D-03   1.0000000000000000D-03

 Starting LCMIN.
 Number of variables   :    3944
 Number of constraints :    2643

 Scale factor for the objective function   : 1.0D+00
 Smallest scale factor for the constraints : 1.0D+00

 ==========================================================
 outer barrier   objective       scaled      outer   inner
  ite   param     function     obj funct    opt err   ite 
     0 1.0D-01  5.686612D+03  5.686612D+03 1.264D+01     0 

    inner barrier   scaled     scaled     min     min    NW   SE     dx      alpha    alpha    inner   time (s)
     ite   param   obj func     feas      x-l     u-x   pert pert   norm      max             opt err 
        1 1.0D-01  5.653D+03  1.340D-10 1.1D-02 1.0D-04    0    0 1.52D+03 1.15D-02 1.15D-02 4.043D+01     0.01
        2 1.0D-01  4.575D+03  1.340D-10 9.9D-03 5.4D-04    0    0 2.84D+03 1.91D-01 1.91D-01 3.100D+01     0.01
        3 1.0D-01  1.520D+03  1.340D-10 5.6D-03 3.0D-04    0    0 2.82D+03 1.00D+00 1.00D+00 1.753D+01     0.01
        4 1.0D-01  6.794D+02  1.340D-10 4.2D-02 5.1D-04    0    0 1.19D+03 1.00D+00 1.00D+00 7.273D+00     0.02
        5 1.0D-01  6.472D+02  1.340D-10 4.2D-04 7.6D-04    0    0 3.90D+02 3.83D-01 3.83D-01 4.925D+00     0.01
        6 1.0D-01  6.206D+02  1.340D-10 2.3D-02 1.9D-03    0    0 3.24D+02 1.00D+00 1.00D+00 2.237D+00     0.02
        7 1.0D-01  6.184D+02  1.340D-10 8.7D-03 1.9D-03    0    0 1.23D+02 1.00D+00 1.00D+00 1.107D+00     0.02
        8 1.0D-01  6.183D+02  1.340D-10 1.2D-02 1.9D-03    0    0 9.08D+01 1.00D+00 1.00D+00 9.807D-02     0.01


     1 2.0D-02  6.182912D+02  6.182912D+02 1.549D-01     8C


     2 2.8D-03  6.182912D+02  6.182912D+02 1.549D-01     8C

    inner barrier   scaled     scaled     min     min    NW   SE     dx      alpha    alpha    inner   time (s)
     ite   param   obj func     feas      x-l     u-x   pert pert   norm      max             opt err 
        1 2.8D-03  6.162D+02  1.340D-10 4.6D-04 1.2D-05    0    0 6.39D+01 1.00D+00 1.00D+00 2.572D-02     0.02


     3 1.5D-04  6.161916D+02  6.161916D+02 2.855D-02     9C

    inner barrier   scaled     scaled     min     min    NW   SE     dx      alpha    alpha    inner   time (s)
     ite   param   obj func     feas      x-l     u-x   pert pert   norm      max             opt err 
        1 1.5D-04  6.158D+02  1.340D-10 1.8D-05 2.8D-06    0    0 2.00D+01 1.00D+00 1.00D+00 6.893D-03     0.02
        2 1.5D-04  6.158D+02  1.340D-10 1.8D-05 2.8D-06    0    0 5.57D+00 1.00D+00 1.00D+00 1.665D-03     0.01
        3 1.5D-04  6.158D+02  1.340D-10 1.8D-05 2.8D-06    0    0 1.26D+00 1.00D+00 1.00D+00 3.550D-04     0.01


     4 1.8D-06  6.157866D+02  6.157866D+02 5.055D-04    12C

    inner barrier   scaled     scaled     min     min    NW   SE     dx      alpha    alpha    inner   time (s)
     ite   param   obj func     feas      x-l     u-x   pert pert   norm      max             opt err 
        1 1.8D-06  6.158D+02  1.340D-10 2.2D-07 3.5D-08    0    0 5.62D-01 1.00D+00 1.00D+00 9.217D-05     0.03
        2 1.8D-06  6.158D+02  1.340D-10 2.2D-07 3.5D-08    0    0 6.05D-02 1.00D+00 1.00D+00 6.234D-06     0.03


     5 2.5D-09  6.157842D+02  6.157842D+02 8.079D-06    14C

    inner barrier   scaled     scaled     min     min    NW   SE     dx      alpha    alpha    inner   time (s)
     ite   param   obj func     feas      x-l     u-x   pert pert   norm      max             opt err 
        1 2.5D-09  6.158D+02  1.340D-10 3.0D-10 4.7D-11    0    0 7.61D-03 1.00D+00 1.00D+00 5.820D-08     0.02
        2 2.5D-09  6.158D+02  1.340D-10 3.0D-10 4.7D-11    0    0 2.56D-05 1.00D+00 1.00D+00 2.604D-12     0.01


     6 1.0D-09  6.157842D+02  6.157842D+02 2.509D-09    16C
 ==========================================================

 FINAL RESULTS:
                            scaled                   unscaled
  Objective Funct:   6.1578420324513525D+02    6.1578420324513525D+02
  Lagrangian Grad:   1.6574262561773424D-14    1.6574262561773424D-14
 Final Point Feas:   1.3611095930898820D-10    1.3611095930898820D-10
 Bounds violation:   0.0000000000000000D+00    0.0000000000000000D+00
 Lower Bound Comp:   2.5085079682976581D-09    2.5085079682976581D-09
 Upper Bound Comp:   2.5059170087524471D-09    2.5059170087524471D-09

 Flag of LCMIN:

     Optimal solution found.

 ====================================================
                      STATISTICS                     
 ====================================================
 GENERAL:                                            

           Preprocessing time (in seconds):      1.02
            Optimization time (in seconds):      0.28

                      Inner Iterations (IIT):      16
                      Outer Iterations (OIT):       6
                  Function Evaluations (FEV):      17
         Function Gradient Evaluations (GEV):      17
          Function Hessian Evaluations (HEV):      16
          Barrier Function Evaluations (BFE):      32
 Barrier Function Gradient Evaluations (BGE):      16
 ====================================================
 AVERAGE:                                            

 Inner Iterations per Outer Iterations  :      2.6667
 FEV per IIT:      1.0625    FEV per OIT:      2.8333
 GEV per IIT:      1.0625    GEV per OIT:      2.8333
 HEV per IIT:      1.0000    HEV per OIT:      2.6667
 BFE per IIT:      2.0000    BFE per OIT:      5.3333
 BGE per IIT:      1.0000    BGE per OIT:      2.6667
 ====================================================

