
 ==============================================================================
 This is ALGENCAN 3.1.1.
 ALGENCAN, an Augmented Lagrangian method for nonlinear programming, is part of
 the TANGO Project: Trustable Algorithms for Nonlinear General Optimization.
 See http://www.ime.usp.br/~egbirgin/tango/ for details.
 ==============================================================================

 Processing array of parameters with   3 entrances:

 IGNORE-OBJECTIVE-FUNCTION                    
 ITERATIONS-OUTPUT-DETAIL                                                    11
 NEWTON-LINE-SEARCH-INNER-SOLVER                                    'MA57 MC64'

 The specification file is not being used.

 Available HSL subroutines = MA57           

 ALGENCAN PARAMETERS:

 firstde                =                    T
 seconde                =                    T
 truehpr                =                    T
 hptype in TN           =               TRUEHP
 lsslvr in TR           =            MA57/NONE
 lsslvr in NW           =            MA57/MC64
 lsslvr in ACCPROC      =            MA57/NONE
 innslvr                =                   NW
 accproc                =                    T
 rmfixv                 =                    T
 slacks                 =                    F
 scale                  =                    T
 epsfeas                =           1.0000D-09
 epsopt                 =           1.0000D-08
 efstain                =           3.1623D-05
 eostain                =           1.0000D-12
 efacc                  =           3.1623D-05
 eoacc                  =           1.0000D-04
 iprint                 =                   11
 ncomp                  =                    6

 Specification filename =                   ''
 Output filename        =          'lcmin.out'
 Solution filename      =                   ''

 Number of variables               :    3944
 Number of equality constraints    :    2643
 Number of inequality constraints  :       0
 Number of bound constraints       :     249
 Number of fixed variables         :       0

 There are no fixed variables to be removed.

 Objective function scale factor   : 1.0D+00
 Smallest constraints scale factor : 1.0D+00

 Since the scaling factor(s) is(are) equal to one, scaling was inhibited.

     Entry to GENCAN.
     Number of variables:    3944
     Required optimality tolerance: 1.0D-08

     It         function  gpsupn   xsupn stesupn   nfree   SPGit in-face    fcnt
      0   9.49358035D-16 2.7D-09 9.9D+00
      1   9.33305415D-16 2.7D-09 9.9D+00 2.2D-10    3851       0       1       3
      2   8.97346332D-21 1.3D-10 9.9D+00 1.9D-07    3850       0       2       4

     Flag of GENCAN: Solution was found.


 User-provided subroutines calls counters: 

 Subroutine fsub     (coded=F):        0
 Subroutine gsub     (coded=F):        0
 Subroutine hsub     (coded=F):        0
 Subroutine csub     (coded=F):        0 (       0 calls per constraint in avg)
 Subroutine jacsub   (coded=F):        0 (       0 calls per constraint in avg)
 Subroutine hcsub    (coded=F):        0 (       0 calls per constraint in avg)
 Subroutine fcsub    (coded=T):        4
 Subroutine gjacsub  (coded=T):        5
 Subroutine gjacpsub (coded=F):        0
 Subroutine hlsub    (coded=T):        2
 Subroutine hlpsub   (coded=F):        0


 Total CPU time in seconds =     0.01

 ==============================================================================

 Initial point computed successfully.

                                            achieved                  desired        
 Unscaled feasibility ..............:   1.3396475595506274D-10   1.0000000000000001D-09
 Smallest distance to lower bound ..:   9.9999999999999950D-03   1.0000000000000000D-03
 Smallest distance to upper bound ..:   9.9999999999997868D-03   1.0000000000000000D-03

 Starting LCMIN.
 Number of variables   :    3944
 Number of constraints :    2643

 Scale factor for the objective function   : 1.0D+00
 Smallest scale factor for the constraints : 1.0D+00

 ==========================================================
 outer barrier   objective       scaled      outer   inner
  ite   param     function     obj funct    opt err   ite 
     0 1.0D-01  5.051478D+03  5.051478D+03 9.790D+00     0 

    inner barrier   scaled     scaled     min     min    NW   SE     dx      alpha    alpha    inner   time (s)
     ite   param   obj func     feas      x-l     u-x   pert pert   norm      max             opt err 
        1 1.0D-01  5.025D+03  1.340D-10 1.1D-02 1.0D-04    0    0 1.48D+03 1.15D-02 1.15D-02 4.064D+01     0.00
        2 1.0D-01  4.062D+03  1.340D-10 9.9D-03 5.4D-04    0    0 2.79D+03 1.92D-01 1.92D-01 3.146D+01     0.00
        3 1.0D-01  1.331D+03  1.340D-10 7.5D-03 3.0D-04    0    0 2.76D+03 1.00D+00 1.00D+00 1.746D+01     0.00
        4 1.0D-01  5.374D+02  1.340D-10 3.3D-02 5.1D-04    0    0 1.19D+03 1.00D+00 1.00D+00 7.149D+00     0.01
        5 1.0D-01  5.038D+02  1.340D-10 3.3D-04 8.1D-04    0    0 3.79D+02 4.41D-01 4.41D-01 5.046D+00     0.01
        6 1.0D-01  4.817D+02  1.340D-10 2.4D-02 2.0D-03    0    0 3.03D+02 1.00D+00 1.00D+00 2.681D+00     0.01
        7 1.0D-01  4.803D+02  1.340D-10 7.8D-03 2.0D-03    0    0 1.16D+02 1.00D+00 1.00D+00 4.030D-01     0.01


     1 2.0D-02  4.802733D+02  4.802733D+02 5.030D-01     7C

    inner barrier   scaled     scaled     min     min    NW   SE     dx      alpha    alpha    inner   time (s)
     ite   param   obj func     feas      x-l     u-x   pert pert   norm      max             opt err 
        1 2.0D-02  4.789D+02  1.340D-10 2.3D-03 3.7D-04    0    0 7.21D+01 1.00D+00 1.00D+00 2.696D-02     0.01


     2 2.8D-03  4.788939D+02  4.788939D+02 4.696D-02     8C

    inner barrier   scaled     scaled     min     min    NW   SE     dx      alpha    alpha    inner   time (s)
     ite   param   obj func     feas      x-l     u-x   pert pert   norm      max             opt err 
        1 2.8D-03  4.782D+02  1.340D-10 3.5D-04 5.5D-05    0    0 3.93D+01 1.00D+00 1.00D+00 1.023D-02     0.01


     3 1.5D-04  4.782153D+02  4.782153D+02 1.306D-02     9C

    inner barrier   scaled     scaled     min     min    NW   SE     dx      alpha    alpha    inner   time (s)
     ite   param   obj func     feas      x-l     u-x   pert pert   norm      max             opt err 
        1 1.5D-04  4.780D+02  1.340D-10 1.9D-05 2.9D-06    0    0 1.92D+01 1.00D+00 1.00D+00 3.087D-03     0.01
        2 1.5D-04  4.780D+02  1.340D-10 1.9D-05 3.0D-06    0    0 6.97D+00 1.00D+00 1.00D+00 7.290D-04     0.01


     4 1.8D-06  4.779907D+02  4.779907D+02 8.795D-04    11C

    inner barrier   scaled     scaled     min     min    NW   SE     dx      alpha    alpha    inner   time (s)
     ite   param   obj func     feas      x-l     u-x   pert pert   norm      max             opt err 
        1 1.8D-06  4.780D+02  1.340D-10 7.7D-09 6.9D-07    0    0 2.88D+00 7.78D-01 7.78D-01 5.381D-03     0.01
        2 1.8D-06  4.780D+02  1.340D-10 4.1D-09 1.1D-07    0    0 1.36D+00 8.84D-01 8.84D-01 2.136D-03     0.00
        3 1.8D-06  4.780D+02  1.340D-10 2.7D-09 4.1D-08    0    0 3.98D-01 9.41D-01 9.41D-01 4.684D-04     0.00
        4 1.8D-06  4.780D+02  1.340D-10 2.3D-07 3.6D-08    0    0 8.67D-02 1.00D+00 1.00D+00 3.039D-06     0.00


     5 2.5D-09  4.779796D+02  4.779796D+02 4.884D-06    15C

    inner barrier   scaled     scaled     min     min    NW   SE     dx      alpha    alpha    inner   time (s)
     ite   param   obj func     feas      x-l     u-x   pert pert   norm      max             opt err 
        1 2.5D-09  4.780D+02  1.340D-10 2.8D-13 6.8D-10    0    0 3.35D-02 9.83D-01 9.83D-01 9.093D-06     0.00
        2 2.5D-09  4.780D+02  1.340D-10 3.1D-10 4.9D-11    0    0 3.60D-03 1.00D+00 1.00D+00 3.911D-08     0.00
        3 2.5D-09  4.780D+02  1.340D-10 3.1D-10 4.9D-11    0    0 1.59D-04 1.00D+00 1.00D+00 1.625D-10     0.00


     6 1.0D-09  4.779795D+02  4.779795D+02 2.668D-09    18C
 ==========================================================

 FINAL RESULTS:
                            scaled                   unscaled
  Objective Funct:   4.7797954945942962D+02    4.7797954945942962D+02
  Lagrangian Grad:   9.9946093068403741D-15    9.9946093068403741D-15
 Final Point Feas:   1.3610805191244246D-10    1.3610805191244246D-10
 Bounds violation:   0.0000000000000000D+00    0.0000000000000000D+00
 Lower Bound Comp:   2.6683645386815788D-09    2.6683645386815788D-09
 Upper Bound Comp:   2.5059094658640969D-09    2.5059094658640969D-09

 Flag of LCMIN:

     Optimal solution found.

 ====================================================
                      STATISTICS                     
 ====================================================
 GENERAL:                                            

           Preprocessing time (in seconds):      1.15
            Optimization time (in seconds):      0.12

                      Inner Iterations (IIT):      18
                      Outer Iterations (OIT):       6
                  Function Evaluations (FEV):      19
         Function Gradient Evaluations (GEV):      19
          Function Hessian Evaluations (HEV):      18
          Barrier Function Evaluations (BFE):      36
 Barrier Function Gradient Evaluations (BGE):      18
 ====================================================
 AVERAGE:                                            

 Inner Iterations per Outer Iterations  :      3.0000
 FEV per IIT:      1.0556    FEV per OIT:      3.1667
 GEV per IIT:      1.0556    GEV per OIT:      3.1667
 HEV per IIT:      1.0000    HEV per OIT:      3.0000
 BFE per IIT:      2.0000    BFE per OIT:      6.0000
 BGE per IIT:      1.0000    BGE per OIT:      3.0000
 ====================================================

