
 ==============================================================================
 This is ALGENCAN 3.1.1.
 ALGENCAN, an Augmented Lagrangian method for nonlinear programming, is part of
 the TANGO Project: Trustable Algorithms for Nonlinear General Optimization.
 See http://www.ime.usp.br/~egbirgin/tango/ for details.
 ==============================================================================

 Processing array of parameters with   3 entrances:

 IGNORE-OBJECTIVE-FUNCTION                    
 ITERATIONS-OUTPUT-DETAIL                                                    11
 NEWTON-LINE-SEARCH-INNER-SOLVER                                    'MA57 MC64'

 The specification file is not being used.

 Available HSL subroutines = MA57           

 ALGENCAN PARAMETERS:

 firstde                =                    T
 seconde                =                    T
 truehpr                =                    T
 hptype in TN           =               TRUEHP
 lsslvr in TR           =            MA57/NONE
 lsslvr in NW           =            MA57/MC64
 lsslvr in ACCPROC      =            MA57/NONE
 innslvr                =                   NW
 accproc                =                    T
 rmfixv                 =                    T
 slacks                 =                    F
 scale                  =                    T
 epsfeas                =           1.0000D-09
 epsopt                 =           1.0000D-08
 efstain                =           3.1623D-05
 eostain                =           1.0000D-12
 efacc                  =           3.1623D-05
 eoacc                  =           1.0000D-04
 iprint                 =                   11
 ncomp                  =                    6

 Specification filename =                   ''
 Output filename        =          'lcmin.out'
 Solution filename      =                   ''

 Number of variables               :    5000
 Number of equality constraints    :    2500
 Number of inequality constraints  :       0
 Number of bound constraints       :    2500
 Number of fixed variables         :       0

 There are no fixed variables to be removed.

 Objective function scale factor   : 1.0D+00
 Smallest constraints scale factor : 4.0D-04

     Entry to GENCAN.
     Number of variables:    5000
     Required optimality tolerance: 1.0D-08

     It         function  gpsupn   xsupn stesupn   nfree   SPGit in-face    fcnt
      0   2.18346900D-14 2.0D-09 4.6D+00
      1   2.18220837D-14 1.8D-09 4.6D+00 9.9D-10    2500       0       1       3
      2   2.16857360D-24 2.9D-15 4.6D+00 3.2D-06    2500       0       2       4

     Flag of GENCAN: Solution was found.


 User-provided subroutines calls counters: 

 Subroutine fsub     (coded=F):        0
 Subroutine gsub     (coded=F):        0
 Subroutine hsub     (coded=F):        0
 Subroutine csub     (coded=F):        0 (       0 calls per constraint in avg)
 Subroutine jacsub   (coded=F):        0 (       0 calls per constraint in avg)
 Subroutine hcsub    (coded=F):        0 (       0 calls per constraint in avg)
 Subroutine fcsub    (coded=T):        4
 Subroutine gjacsub  (coded=T):        5
 Subroutine gjacpsub (coded=F):        0
 Subroutine hlsub    (coded=T):        2
 Subroutine hlpsub   (coded=F):        0


 Total CPU time in seconds =     0.00

 ==============================================================================

 Initial point computed successfully.

                                            achieved                  desired        
 Unscaled feasibility ..............:   1.4703549489070156D-10   1.0000000000000001D-09
 Smallest distance to upper bound ..:   1.0000000000000009D-02   1.0000000000000000D-03

 Starting LCMIN.
 Number of variables   :    5000
 Number of constraints :    2500

 Scale factor for the objective function   : 1.0D+00
 Smallest scale factor for the constraints : 4.0D-02

 ==========================================================
 outer barrier   objective       scaled      outer   inner
  ite   param     function     obj funct    opt err   ite 
     0 1.0D-01  2.883141D+00  2.883141D+00 1.159D+00     0 

    inner barrier   scaled     scaled     min     min    NW   SE     dx      alpha    alpha    inner   time (s)
     ite   param   obj func     feas      x-l     u-x   pert pert   norm      max             opt err 
        1 1.0D-01  2.891D+00  5.853D-12 0.0D+00 1.1D-01    0    0 5.00D+02 1.00D+00 1.00D+00 9.890D-02     0.01


     1 2.0D-02  2.891054D+00  2.891054D+00 1.036D-02     1C


     2 2.8D-03  2.891054D+00  2.891054D+00 1.036D-02     1C


     3 1.5D-04  2.891054D+00  2.891054D+00 1.036D-02     1C

    inner barrier   scaled     scaled     min     min    NW   SE     dx      alpha    alpha    inner   time (s)
     ite   param   obj func     feas      x-l     u-x   pert pert   norm      max             opt err 
        1 1.5D-04  2.891D+00  5.886D-12 0.0D+00 1.2D-01    0    0 6.55D+01 1.00D+00 1.00D+00 3.498D-04     0.01


     4 1.8D-06  2.891249D+00  2.891249D+00 3.498D-04     2C

    inner barrier   scaled     scaled     min     min    NW   SE     dx      alpha    alpha    inner   time (s)
     ite   param   obj func     feas      x-l     u-x   pert pert   norm      max             opt err 
        1 1.8D-06  2.833D+00  5.881D-12 0.0D+00 5.3D-02    0    0 3.41D+02 1.00D+00 1.00D+00 3.085D-04     0.01
        2 1.8D-06  2.809D+00  5.931D-12 0.0D+00 2.3D-02    0    0 2.78D+02 1.00D+00 1.00D+00 1.376D-04     0.01
        3 1.8D-06  2.800D+00  5.938D-12 0.0D+00 8.1D-03    0    0 1.65D+02 1.00D+00 1.00D+00 3.117D-05     0.01
        4 1.8D-06  2.797D+00  5.904D-12 0.0D+00 4.1D-03    0    0 4.40D+01 1.00D+00 1.00D+00 8.783D-07     0.01


     5 2.5D-09  2.796912D+00  2.796912D+00 2.723D-06     6C

    inner barrier   scaled     scaled     min     min    NW   SE     dx      alpha    alpha    inner   time (s)
     ite   param   obj func     feas      x-l     u-x   pert pert   norm      max             opt err 
        1 2.5D-09  2.794D+00  5.919D-12 0.0D+00 3.9D-05    0    0 6.14D+01 1.00D+00 1.00D+00 6.208D-07     0.01
        2 2.5D-09  2.794D+00  5.910D-12 0.0D+00 5.2D-06    0    0 1.01D+01 1.00D+00 1.00D+00 1.516D-07     0.01
        3 2.5D-09  2.794D+00  5.890D-12 0.0D+00 5.2D-06    0    0 2.27D+00 1.00D+00 1.00D+00 3.707D-08     0.01
        4 2.5D-09  2.794D+00  5.931D-12 0.0D+00 5.2D-06    0    0 5.42D-01 1.00D+00 1.00D+00 8.662D-09     0.01


     6 1.0D-09  2.794087D+00  2.794087D+00 1.117D-08    10C

    inner barrier   scaled     scaled     min     min    NW   SE     dx      alpha    alpha    inner   time (s)
     ite   param   obj func     feas      x-l     u-x   pert pert   norm      max             opt err 
        1 1.0D-09  2.794D+00  5.912D-12 0.0D+00 2.1D-06    0    0 1.98D-01 1.00D+00 1.00D+00 2.314D-09     0.02


     7 1.0D-09  2.794085D+00  2.794085D+00 3.314D-09    11C
 ==========================================================

 FINAL RESULTS:
                            scaled                   unscaled
  Objective Funct:   2.7940853124254370D+00    2.7940853124254370D+00
  Lagrangian Grad:   6.6353172956112871D-16    6.6353172956112871D-16
 Final Point Feas:   5.9453952871990624D-12    1.4863488217997656D-10
 Bounds violation:   0.0000000000000000D+00    0.0000000000000000D+00
 Lower Bound Comp:   0.0000000000000000D+00    0.0000000000000000D+00
 Upper Bound Comp:   3.3143358288369123D-09    3.3143358288369123D-09

 Flag of LCMIN:

     Optimal solution found.

 ====================================================
                      STATISTICS                     
 ====================================================
 GENERAL:                                            

           Preprocessing time (in seconds):      8.53
            Optimization time (in seconds):      0.13

                      Inner Iterations (IIT):      11
                      Outer Iterations (OIT):       7
                  Function Evaluations (FEV):      12
         Function Gradient Evaluations (GEV):      12
          Function Hessian Evaluations (HEV):      11
          Barrier Function Evaluations (BFE):      22
 Barrier Function Gradient Evaluations (BGE):      11
 ====================================================
 AVERAGE:                                            

 Inner Iterations per Outer Iterations  :      1.5714
 FEV per IIT:      1.0909    FEV per OIT:      1.7143
 GEV per IIT:      1.0909    GEV per OIT:      1.7143
 HEV per IIT:      1.0000    HEV per OIT:      1.5714
 BFE per IIT:      2.0000    BFE per OIT:      3.1429
 BGE per IIT:      1.0000    BGE per OIT:      1.5714
 ====================================================

