
 ==============================================================================
 This is ALGENCAN 3.1.1.
 ALGENCAN, an Augmented Lagrangian method for nonlinear programming, is part of
 the TANGO Project: Trustable Algorithms for Nonlinear General Optimization.
 See http://www.ime.usp.br/~egbirgin/tango/ for details.
 ==============================================================================

 Processing array of parameters with   3 entrances:

 IGNORE-OBJECTIVE-FUNCTION                    
 ITERATIONS-OUTPUT-DETAIL                                                    11
 NEWTON-LINE-SEARCH-INNER-SOLVER                                    'MA57 MC64'

 The specification file is not being used.

 Available HSL subroutines = MA57           

 ALGENCAN PARAMETERS:

 firstde                =                    T
 seconde                =                    T
 truehpr                =                    T
 hptype in TN           =               TRUEHP
 lsslvr in TR           =            MA57/NONE
 lsslvr in NW           =            MA57/MC64
 lsslvr in ACCPROC      =            MA57/NONE
 innslvr                =                   NW
 accproc                =                    T
 rmfixv                 =                    T
 slacks                 =                    F
 scale                  =                    T
 epsfeas                =           1.0000D-09
 epsopt                 =           1.0000D-08
 efstain                =           3.1623D-05
 eostain                =           1.0000D-12
 efacc                  =           3.1623D-05
 eoacc                  =           1.0000D-04
 iprint                 =                   11
 ncomp                  =                    6

 Specification filename =                   ''
 Output filename        =          'lcmin.out'
 Solution filename      =                   ''

 Number of variables               :    5000
 Number of equality constraints    :    2500
 Number of inequality constraints  :       0
 Number of bound constraints       :       0
 Number of fixed variables         :       0

 There are no fixed variables to be removed.

 Objective function scale factor   : 1.0D+00
 Smallest constraints scale factor : 4.0D-04

     Entry to GENCAN.
     Number of variables:    5000
     Required optimality tolerance: 1.0D-08

     It         function  gpsupn   xsupn stesupn   nfree   SPGit in-face    fcnt
      0   1.36735843D-17 3.5D-09 1.4D+03
      1   7.75534086D-18 1.1D-09 1.4D+03 1.4D-09    5000       0       1       3
      2   1.99126426D-28 9.1D-17 1.4D+03 1.4D-08    5000       0       2       4

     Flag of GENCAN: Solution was found.


 User-provided subroutines calls counters: 

 Subroutine fsub     (coded=F):        0
 Subroutine gsub     (coded=F):        0
 Subroutine hsub     (coded=F):        0
 Subroutine csub     (coded=F):        0 (       0 calls per constraint in avg)
 Subroutine jacsub   (coded=F):        0 (       0 calls per constraint in avg)
 Subroutine hcsub    (coded=F):        0 (       0 calls per constraint in avg)
 Subroutine fcsub    (coded=T):        4
 Subroutine gjacsub  (coded=T):        5
 Subroutine gjacpsub (coded=F):        0
 Subroutine hlsub    (coded=T):        2
 Subroutine hlpsub   (coded=F):        0


 Total CPU time in seconds =     0.02

 ==============================================================================

 Initial point computed successfully.

                                            achieved                  desired        
 Unscaled feasibility ..............:   2.0463630789890885D-12   1.0000000000000001D-09

 Starting LCMIN.
 Number of variables   :    5000
 Number of constraints :    2500

 Scale factor for the objective function   : 1.0D+00
 Smallest scale factor for the constraints : 4.0D-02

 ==========================================================
 outer barrier   objective       scaled      outer   inner
  ite   param     function     obj funct    opt err   ite 
     0 1.0D-09  4.725260D+02  4.725260D+02 5.583D-01     0 

    inner barrier   scaled     scaled     min     min    NW   SE     dx      alpha    alpha    inner   time (s)
     ite   param   obj func     feas      x-l     u-x   pert pert   norm      max             opt err 
        1 1.0D-09  8.808D-01  1.036D-13 0.0D+00 0.0D+00    0    0 7.15D+03 1.00D+00 1.00D+00 4.441D-16     0.01


     1 1.0D-09  8.807971D-01  8.807971D-01 4.441D-16     1C
 ==========================================================

 FINAL RESULTS:
                            scaled                   unscaled
  Objective Funct:   8.8079708077673102D-01    8.8079708077673102D-01
  Lagrangian Grad:   4.4408920985006262D-16    4.4408920985006262D-16
 Final Point Feas:   9.9171931525804818D-14    2.4797941478027496D-12
 Bounds violation:   0.0000000000000000D+00    0.0000000000000000D+00
 Lower Bound Comp:   0.0000000000000000D+00    0.0000000000000000D+00
 Upper Bound Comp:   0.0000000000000000D+00    0.0000000000000000D+00

 Flag of LCMIN:

     Optimal solution found.

 ====================================================
                      STATISTICS                     
 ====================================================
 GENERAL:                                            

           Preprocessing time (in seconds):      0.55
            Optimization time (in seconds):      0.03

                      Inner Iterations (IIT):       1
                      Outer Iterations (OIT):       1
                  Function Evaluations (FEV):       2
         Function Gradient Evaluations (GEV):       2
          Function Hessian Evaluations (HEV):       1
          Barrier Function Evaluations (BFE):       2
 Barrier Function Gradient Evaluations (BGE):       1
 ====================================================
 AVERAGE:                                            

 Inner Iterations per Outer Iterations  :      1.0000
 FEV per IIT:      2.0000    FEV per OIT:      2.0000
 GEV per IIT:      2.0000    GEV per OIT:      2.0000
 HEV per IIT:      1.0000    HEV per OIT:      1.0000
 BFE per IIT:      2.0000    BFE per OIT:      2.0000
 BGE per IIT:      1.0000    BGE per OIT:      1.0000
 ====================================================

