
 ==============================================================================
 This is ALGENCAN 3.1.1.
 ALGENCAN, an Augmented Lagrangian method for nonlinear programming, is part of
 the TANGO Project: Trustable Algorithms for Nonlinear General Optimization.
 See http://www.ime.usp.br/~egbirgin/tango/ for details.
 ==============================================================================

 Processing array of parameters with   3 entrances:

 IGNORE-OBJECTIVE-FUNCTION                    
 ITERATIONS-OUTPUT-DETAIL                                                    11
 NEWTON-LINE-SEARCH-INNER-SOLVER                                    'MA57 MC64'

 The specification file is not being used.

 Available HSL subroutines = MA57           

 ALGENCAN PARAMETERS:

 firstde                =                    T
 seconde                =                    T
 truehpr                =                    T
 hptype in TN           =               TRUEHP
 lsslvr in TR           =            MA57/NONE
 lsslvr in NW           =            MA57/MC64
 lsslvr in ACCPROC      =            MA57/NONE
 innslvr                =                   NW
 accproc                =                    T
 rmfixv                 =                    T
 slacks                 =                    F
 scale                  =                    T
 epsfeas                =           1.0000D-09
 epsopt                 =           1.0000D-08
 efstain                =           3.1623D-05
 eostain                =           1.0000D-12
 efacc                  =           3.1623D-05
 eoacc                  =           1.0000D-04
 iprint                 =                   11
 ncomp                  =                    6

 Specification filename =                   ''
 Output filename        =          'lcmin.out'
 Solution filename      =                   ''

 Number of variables               :    2197
 Number of equality constraints    :    1981
 Number of inequality constraints  :       0
 Number of bound constraints       :    4217
 Number of fixed variables         :       0

 There are no fixed variables to be removed.

 Objective function scale factor   : 1.0D+00
 Smallest constraints scale factor : 1.0D+00

 Since the scaling factor(s) is(are) equal to one, scaling was inhibited.

     Entry to GENCAN.
     Number of variables:    2197
     Required optimality tolerance: 1.0D-08

     It         function  gpsupn   xsupn stesupn   nfree   SPGit in-face    fcnt
      0   3.13489021D-16 2.6D-09 2.9D+02
      1   3.01619103D-16 2.8D-09 2.9D+02 2.2D-10    2089       0       1       3
      2   3.33401208D-20 1.8D-10 2.9D+02 6.4D-08    2088       0       2       4

     Flag of GENCAN: Solution was found.


 User-provided subroutines calls counters: 

 Subroutine fsub     (coded=F):        0
 Subroutine gsub     (coded=F):        0
 Subroutine hsub     (coded=F):        0
 Subroutine csub     (coded=F):        0 (       0 calls per constraint in avg)
 Subroutine jacsub   (coded=F):        0 (       0 calls per constraint in avg)
 Subroutine hcsub    (coded=F):        0 (       0 calls per constraint in avg)
 Subroutine fcsub    (coded=T):        4
 Subroutine gjacsub  (coded=T):        5
 Subroutine gjacpsub (coded=F):        0
 Subroutine hlsub    (coded=T):        2
 Subroutine hlpsub   (coded=F):        0


 Total CPU time in seconds =     0.01

 ==============================================================================

 Initial point computed successfully.

                                            achieved                  desired        
 Unscaled feasibility ..............:   1.8259527223563055D-10   1.0000000000000001D-09
 Smallest distance to lower bound ..:   4.0000000000000036D-02   8.0000000000000002D-03
 Smallest distance to upper bound ..:   1.0000000000000000D-02   1.0000000000000000D-03

 Starting LCMIN.
 Number of variables   :    2197
 Number of constraints :    1981

 Scale factor for the objective function   : 1.0D+00
 Smallest scale factor for the constraints : 1.0D+00

 ==========================================================
 outer barrier   objective       scaled      outer   inner
  ite   param     function     obj funct    opt err   ite 
     0 1.0D-01  1.140621D+03  1.140621D+03 1.000D+06     0 

    inner barrier   scaled     scaled     min     min    NW   SE     dx      alpha    alpha    inner   time (s)
     ite   param   obj func     feas      x-l     u-x   pert pert   norm      max             opt err 
        1 1.0D-01  1.074D+03  1.826D-10 6.5D-02 3.6D-02    0    0 1.49D+04 1.00D+00 1.00D+00 7.084D+05     0.02
        2 1.0D-01  1.050D+03  1.826D-10 5.8D-02 6.1D-02    0    0 6.73D+03 1.00D+00 1.00D+00 1.896D+05     0.02
        3 1.0D-01  1.050D+03  1.826D-10 7.1D-02 6.1D-02    0    0 1.50D+03 1.00D+00 1.00D+00 2.633D+03     0.02
        4 1.0D-01  1.050D+03  1.826D-10 7.0D-02 6.2D-02    0    0 3.76D+02 1.00D+00 1.00D+00 2.623D+01     0.02
        5 1.0D-01  1.050D+03  1.826D-10 7.0D-02 6.2D-02    0    0 5.08D+00 1.00D+00 1.00D+00 1.633D-01     0.02


     1 2.0D-02  1.049546D+03  1.049546D+03 2.633D-01     5C

    inner barrier   scaled     scaled     min     min    NW   SE     dx      alpha    alpha    inner   time (s)
     ite   param   obj func     feas      x-l     u-x   pert pert   norm      max             opt err 
        1 2.0D-02  1.036D+03  1.826D-10 1.8D-03 2.2D-02    0    0 3.95D+02 9.00D-01 9.00D-01 4.070D-02     0.02


     2 2.8D-03  1.036253D+03  1.036253D+03 4.070D-02     6C

    inner barrier   scaled     scaled     min     min    NW   SE     dx      alpha    alpha    inner   time (s)
     ite   param   obj func     feas      x-l     u-x   pert pert   norm      max             opt err 
        1 2.8D-03  1.032D+03  1.826D-10 2.6D-04 6.0D-03    0    0 1.73D+02 7.52D-01 7.52D-01 7.945D-02     0.02
        2 2.8D-03  1.030D+03  1.826D-10 1.8D-03 1.5D-03    0    0 7.46D+01 1.00D+00 1.00D+00 2.123D-03     0.02


     3 1.5D-04  1.029604D+03  1.029604D+03 4.951D-03     8C

    inner barrier   scaled     scaled     min     min    NW   SE     dx      alpha    alpha    inner   time (s)
     ite   param   obj func     feas      x-l     u-x   pert pert   norm      max             opt err 
        1 1.5D-04  1.029D+03  1.826D-10 1.4D-06 2.5D-04    0    0 3.64D+01 8.57D-01 8.57D-01 1.448D-02     0.02
        2 1.5D-04  1.029D+03  1.826D-10 9.7D-05 8.6D-05    0    0 1.45D+01 1.00D+00 1.00D+00 3.016D-04     0.02


     4 1.8D-06  1.028767D+03  1.028767D+03 4.520D-04    10C

    inner barrier   scaled     scaled     min     min    NW   SE     dx      alpha    alpha    inner   time (s)
     ite   param   obj func     feas      x-l     u-x   pert pert   norm      max             opt err 
        1 1.8D-06  1.029D+03  1.826D-10 8.4D-10 3.1D-06    0    0 6.06D+00 9.73D-01 9.73D-01 6.903D-04     0.02
        2 1.8D-06  1.029D+03  1.826D-10 1.2D-06 1.1D-06    0    0 2.44D+00 1.00D+00 1.00D+00 2.827D-05     0.02
        3 1.8D-06  1.029D+03  1.826D-10 1.2D-06 1.1D-06    0    0 9.34D-01 1.00D+00 1.00D+00 6.634D-06     0.02


     5 2.5D-09  1.028715D+03  1.028715D+03 8.478D-06    13C

    inner barrier   scaled     scaled     min     min    NW   SE     dx      alpha    alpha    inner   time (s)
     ite   param   obj func     feas      x-l     u-x   pert pert   norm      max             opt err 
        1 2.5D-09  1.029D+03  1.826D-10 1.6D-09 1.4D-09    0    0 4.18D-01 1.00D+00 1.00D+00 3.312D-06     0.02
        2 2.5D-09  1.029D+03  1.826D-10 1.6D-09 1.5D-09    0    0 1.40D-01 1.00D+00 1.00D+00 5.278D-07     0.02
        3 2.5D-09  1.029D+03  1.826D-10 1.6D-09 1.5D-09    0    0 4.55D-02 1.00D+00 1.00D+00 1.298D-07     0.02
        4 2.5D-09  1.029D+03  1.826D-10 1.6D-09 1.5D-09    0    0 1.68D-02 1.00D+00 1.00D+00 3.043D-08     0.02
        5 2.5D-09  1.029D+03  1.826D-10 1.6D-09 1.5D-09    0    0 7.14D-03 1.00D+00 1.00D+00 6.063D-09     0.02


     6 1.0D-09  1.028715D+03  1.028715D+03 8.569D-09    18C
 ==========================================================

 FINAL RESULTS:
                            scaled                   unscaled
  Objective Funct:   1.0287147274287604D+03    1.0287147274287604D+03
  Lagrangian Grad:   5.0958123299428216D-16    5.0958123299428216D-16
 Final Point Feas:   3.6521896618069150D-10    3.6521896618069150D-10
 Bounds violation:   0.0000000000000000D+00    0.0000000000000000D+00
 Lower Bound Comp:   2.5059093287689813D-09    2.5059093287689813D-09
 Upper Bound Comp:   8.5692043798886696D-09    8.5692043798886696D-09

 Flag of LCMIN:

     Optimal solution found.

 ====================================================
                      STATISTICS                     
 ====================================================
 GENERAL:                                            

           Preprocessing time (in seconds):      0.90
            Optimization time (in seconds):      0.33

                      Inner Iterations (IIT):      18
                      Outer Iterations (OIT):       6
                  Function Evaluations (FEV):      19
         Function Gradient Evaluations (GEV):      19
          Function Hessian Evaluations (HEV):      18
          Barrier Function Evaluations (BFE):      36
 Barrier Function Gradient Evaluations (BGE):      18
 ====================================================
 AVERAGE:                                            

 Inner Iterations per Outer Iterations  :      3.0000
 FEV per IIT:      1.0556    FEV per OIT:      3.1667
 GEV per IIT:      1.0556    GEV per OIT:      3.1667
 HEV per IIT:      1.0000    HEV per OIT:      3.0000
 BFE per IIT:      2.0000    BFE per OIT:      6.0000
 BGE per IIT:      1.0000    BGE per OIT:      3.0000
 ====================================================

