
 ==============================================================================
 This is ALGENCAN 3.1.1.
 ALGENCAN, an Augmented Lagrangian method for nonlinear programming, is part of
 the TANGO Project: Trustable Algorithms for Nonlinear General Optimization.
 See http://www.ime.usp.br/~egbirgin/tango/ for details.
 ==============================================================================

 Processing array of parameters with   3 entrances:

 IGNORE-OBJECTIVE-FUNCTION                    
 ITERATIONS-OUTPUT-DETAIL                                                    11
 NEWTON-LINE-SEARCH-INNER-SOLVER                                    'MA57 MC64'

 The specification file is not being used.

 Available HSL subroutines = MA57           

 ALGENCAN PARAMETERS:

 firstde                =                    T
 seconde                =                    T
 truehpr                =                    T
 hptype in TN           =               TRUEHP
 lsslvr in TR           =            MA57/NONE
 lsslvr in NW           =            MA57/MC64
 lsslvr in ACCPROC      =            MA57/NONE
 innslvr                =                   NW
 accproc                =                    T
 rmfixv                 =                    T
 slacks                 =                    F
 scale                  =                    T
 epsfeas                =           1.0000D-09
 epsopt                 =           1.0000D-08
 efstain                =           3.1623D-05
 eostain                =           1.0000D-12
 efacc                  =           3.1623D-05
 eoacc                  =           1.0000D-04
 iprint                 =                   11
 ncomp                  =                    6

 Specification filename =                   ''
 Output filename        =          'lcmin.out'
 Solution filename      =                   ''

 Number of variables               :    2020
 Number of equality constraints    :    1894
 Number of inequality constraints  :       0
 Number of bound constraints       :    4040
 Number of fixed variables         :       0

 There are no fixed variables to be removed.

 Objective function scale factor   : 1.0D+00
 Smallest constraints scale factor : 1.0D+00

 Since the scaling factor(s) is(are) equal to one, scaling was inhibited.

     Entry to GENCAN.
     Number of variables:    2020
     Required optimality tolerance: 1.0D-08

     It         function  gpsupn   xsupn stesupn   nfree   SPGit in-face    fcnt
      0   7.83070495D-11 1.9D-06 2.8D+02
      1   1.20100789D-12 8.8D-07 2.8D+02 2.6D-05    1917       0       1       3
      2   9.64144673D-16 1.2D-08 2.8D+02 3.5D-06    1917       0       2       4
      3   4.28208679D-19 4.1D-10 2.8D+02 1.6D-07    1917       0       3       5

     Flag of GENCAN: Solution was found.


 User-provided subroutines calls counters: 

 Subroutine fsub     (coded=F):        0
 Subroutine gsub     (coded=F):        0
 Subroutine hsub     (coded=F):        0
 Subroutine csub     (coded=F):        0 (       0 calls per constraint in avg)
 Subroutine jacsub   (coded=F):        0 (       0 calls per constraint in avg)
 Subroutine hcsub    (coded=F):        0 (       0 calls per constraint in avg)
 Subroutine fcsub    (coded=T):        5
 Subroutine gjacsub  (coded=T):        6
 Subroutine gjacpsub (coded=F):        0
 Subroutine hlsub    (coded=T):        3
 Subroutine hlpsub   (coded=F):        0


 Total CPU time in seconds =     0.26

 ==============================================================================

 Initial point computed successfully.

                                            achieved                  desired        
 Unscaled feasibility ..............:   4.0760994579613907D-10   1.0000000000000001D-09
 Smallest distance to lower bound ..:   4.0000000000000036D-02   8.0000000000000002D-03
 Smallest distance to upper bound ..:   1.0000000000000000D-02   1.0000000000000000D-03

 Starting LCMIN.
 Number of variables   :    2020
 Number of constraints :    1894

 Scale factor for the objective function   : 1.0D+00
 Smallest scale factor for the constraints : 1.0D+00

 ==========================================================
 outer barrier   objective       scaled      outer   inner
  ite   param     function     obj funct    opt err   ite 
     0 1.0D-01  1.134881D+03  1.134881D+03 3.556D+05     0 

    inner barrier   scaled     scaled     min     min    NW   SE     dx      alpha    alpha    inner   time (s)
     ite   param   obj func     feas      x-l     u-x   pert pert   norm      max             opt err 
        1 1.0D-01  1.074D+03  4.076D-10 6.5D-02 1.1D-01    0    0 1.44D+04 1.00D+00 1.00D+00 1.718D+05     0.26
        2 1.0D-01  1.059D+03  4.076D-10 8.9D-02 1.4D+00    0    0 6.10D+03 1.00D+00 1.00D+00 1.119D+05     0.02
        3 1.0D-01  1.045D+03  4.076D-10 8.7D-02 1.6D+00    0    0 2.42D+03 1.00D+00 1.00D+00 8.345D+04     0.02
        4 1.0D-01  1.044D+03  4.076D-10 8.7D-02 1.6D+00    0    0 3.27D+02 1.00D+00 1.00D+00 1.048D+03     0.02
        5 1.0D-01  1.044D+03  4.076D-10 8.7D-02 1.6D+00    0    0 4.01D+01 1.00D+00 1.00D+00 1.038D+01     0.02
        6 1.0D-01  1.044D+03  4.076D-10 8.7D-02 1.6D+00    0    0 4.37D-01 1.00D+00 1.00D+00 4.825D-03     0.02


     1 2.0D-02  1.044190D+03  1.044190D+03 1.048D-01     6C


     2 2.8D-03  1.044190D+03  1.044190D+03 1.048D-01     6C

    inner barrier   scaled     scaled     min     min    NW   SE     dx      alpha    alpha    inner   time (s)
     ite   param   obj func     feas      x-l     u-x   pert pert   norm      max             opt err 
        1 2.8D-03  1.034D+03  4.076D-10 2.8D-03 8.2D-02    0    0 4.45D+02 1.00D+00 1.00D+00 4.204D-03     0.02


     3 1.5D-04  1.033742D+03  1.033742D+03 7.032D-03     7C

    inner barrier   scaled     scaled     min     min    NW   SE     dx      alpha    alpha    inner   time (s)
     ite   param   obj func     feas      x-l     u-x   pert pert   norm      max             opt err 
        1 1.5D-04  1.033D+03  4.076D-10 1.3D-04 2.6D-03    0    0 1.86D+01 1.00D+00 1.00D+00 2.560D-05     0.02


     4 1.8D-06  1.033356D+03  1.033356D+03 1.760D-04     8C

    inner barrier   scaled     scaled     min     min    NW   SE     dx      alpha    alpha    inner   time (s)
     ite   param   obj func     feas      x-l     u-x   pert pert   norm      max             opt err 
        1 1.8D-06  1.033D+03  4.076D-10 1.6D-06 3.1D-05    0    0 7.14D-01 1.00D+00 1.00D+00 1.650D-08     0.02


     5 2.5D-09  1.033340D+03  1.033340D+03 1.861D-06     9C

    inner barrier   scaled     scaled     min     min    NW   SE     dx      alpha    alpha    inner   time (s)
     ite   param   obj func     feas      x-l     u-x   pert pert   norm      max             opt err 
        1 2.5D-09  1.033D+03  4.076D-10 2.2D-09 4.2D-08    0    0 8.69D-03 1.00D+00 1.00D+00 6.700D-10     0.02


     6 1.0D-09  1.033340D+03  1.033340D+03 3.176D-09    10C
 ==========================================================

 FINAL RESULTS:
                            scaled                   unscaled
  Objective Funct:   1.0333396312467364D+03    1.0333396312467364D+03
  Lagrangian Grad:   3.9601434567137812D-16    3.9601434567137812D-16
 Final Point Feas:   2.7088482568160543D-09    2.7088482568160543D-09
 Bounds violation:   0.0000000000000000D+00    0.0000000000000000D+00
 Lower Bound Comp:   3.1759368720272522D-09    3.1759368720272522D-09
 Upper Bound Comp:   2.5067053252483962D-09    2.5067053252483962D-09

 Flag of LCMIN:

     Optimal solution found.

 ====================================================
                      STATISTICS                     
 ====================================================
 GENERAL:                                            

           Preprocessing time (in seconds):      1.24
            Optimization time (in seconds):      0.86

                      Inner Iterations (IIT):      10
                      Outer Iterations (OIT):       6
                  Function Evaluations (FEV):      11
         Function Gradient Evaluations (GEV):      11
          Function Hessian Evaluations (HEV):      10
          Barrier Function Evaluations (BFE):      20
 Barrier Function Gradient Evaluations (BGE):      10
 ====================================================
 AVERAGE:                                            

 Inner Iterations per Outer Iterations  :      1.6667
 FEV per IIT:      1.1000    FEV per OIT:      1.8333
 GEV per IIT:      1.1000    GEV per OIT:      1.8333
 HEV per IIT:      1.0000    HEV per OIT:      1.6667
 BFE per IIT:      2.0000    BFE per OIT:      3.3333
 BGE per IIT:      1.0000    BGE per OIT:      1.6667
 ====================================================

