
 ==============================================================================
 This is ALGENCAN 3.1.1.
 ALGENCAN, an Augmented Lagrangian method for nonlinear programming, is part of
 the TANGO Project: Trustable Algorithms for Nonlinear General Optimization.
 See http://www.ime.usp.br/~egbirgin/tango/ for details.
 ==============================================================================

 Processing array of parameters with   3 entrances:

 IGNORE-OBJECTIVE-FUNCTION                    
 ITERATIONS-OUTPUT-DETAIL                                                    11
 NEWTON-LINE-SEARCH-INNER-SOLVER                                    'MA57 MC64'

 The specification file is not being used.

 Available HSL subroutines = MA57           

 ALGENCAN PARAMETERS:

 firstde                =                    T
 seconde                =                    T
 truehpr                =                    T
 hptype in TN           =               TRUEHP
 lsslvr in TR           =            MA57/NONE
 lsslvr in NW           =            MA57/MC64
 lsslvr in ACCPROC      =            MA57/NONE
 innslvr                =                   NW
 accproc                =                    T
 rmfixv                 =                    T
 slacks                 =                    F
 scale                  =                    T
 epsfeas                =           1.0000D-09
 epsopt                 =           1.0000D-08
 efstain                =           3.1623D-05
 eostain                =           1.0000D-12
 efacc                  =           3.1623D-05
 eoacc                  =           1.0000D-04
 iprint                 =                   11
 ncomp                  =                    6

 Specification filename =                   ''
 Output filename        =          'lcmin.out'
 Solution filename      =                   ''

 Number of variables               :    4096
 Number of equality constraints    :    3367
 Number of inequality constraints  :       0
 Number of bound constraints       :    7660
 Number of fixed variables         :       0

 There are no fixed variables to be removed.

 Objective function scale factor   : 1.0D+00
 Smallest constraints scale factor : 1.0D+00

 Since the scaling factor(s) is(are) equal to one, scaling was inhibited.

     Entry to GENCAN.
     Number of variables:    4096
     Required optimality tolerance: 1.0D-08

     It         function  gpsupn   xsupn stesupn   nfree   SPGit in-face    fcnt
      0   9.64897228D-16 5.7D-09 4.6D+02
      1   2.53382325D-16 2.8D-09 4.6D+02 5.3D-08    3658       0       1       3
      2   4.56982631D-18 1.4D-09 4.6D+02 1.2D-07    3658       0       2       4
      3   3.74310439D-18 1.4D-09 4.6D+02 1.6D-10    3672       1       2      14
      4   9.80241363D-19 7.0D-10 4.6D+02 7.8D-10    3672       1       3      15

     Flag of GENCAN: Solution was found.


 User-provided subroutines calls counters: 

 Subroutine fsub     (coded=F):        0
 Subroutine gsub     (coded=F):        0
 Subroutine hsub     (coded=F):        0
 Subroutine csub     (coded=F):        0 (       0 calls per constraint in avg)
 Subroutine jacsub   (coded=F):        0 (       0 calls per constraint in avg)
 Subroutine hcsub    (coded=F):        0 (       0 calls per constraint in avg)
 Subroutine fcsub    (coded=T):       15
 Subroutine gjacsub  (coded=T):        7
 Subroutine gjacpsub (coded=F):        0
 Subroutine hlsub    (coded=T):        3
 Subroutine hlpsub   (coded=F):        0


 Total CPU time in seconds =     0.15

 ==============================================================================

 Initial point computed successfully.

                                            achieved                  desired        
 Unscaled feasibility ..............:   6.9965210534872480D-10   1.0000000000000001D-09
 Smallest distance to lower bound ..:   2.0000000000000018D-02   2.8284271247461901D-03
 Smallest distance to upper bound ..:   1.0000000000000000D-02   1.0000000000000000D-03

 Starting LCMIN.
 Number of variables   :    4096
 Number of constraints :    3367

 Scale factor for the objective function   : 1.0D+00
 Smallest scale factor for the constraints : 1.0D+00

 ==========================================================
 outer barrier   objective       scaled      outer   inner
  ite   param     function     obj funct    opt err   ite 
     0 1.0D-01  7.013498D+03  7.013498D+03 1.000D+06     0 

    inner barrier   scaled     scaled     min     min    NW   SE     dx      alpha    alpha    inner   time (s)
     ite   param   obj func     feas      x-l     u-x   pert pert   norm      max             opt err 
        1 1.0D-01  6.632D+03  6.997D-10 1.6D-02 1.2D-02    0    0 5.98D+04 4.14D-01 4.14D-01 7.370D+05     0.91
        2 1.0D-01  6.285D+03  6.997D-10 6.3D-03 3.2D-02    0    0 4.83D+04 7.67D-01 7.67D-01 2.204D+05     0.79
        3 1.0D-01  6.200D+03  6.996D-10 4.4D-03 3.5D-02    0    0 2.80D+04 8.07D-01 8.07D-01 4.972D+04     0.96
        4 1.0D-01  6.192D+03  6.997D-10 3.9D-02 3.4D-02    0    0 7.06D+03 1.00D+00 1.00D+00 6.217D+02     0.93
        5 1.0D-01  6.192D+03  6.997D-10 3.9D-02 3.4D-02    0    0 1.96D+02 1.00D+00 1.00D+00 6.118D+00     0.91
        6 1.0D-01  6.192D+03  6.996D-10 3.9D-02 3.4D-02    0    0 4.71D-01 1.00D+00 1.00D+00 1.036D-05     0.90


     1 2.0D-02  6.191519D+03  6.191519D+03 1.000D-01     6C


     2 2.8D-03  6.191519D+03  6.191519D+03 1.000D-01     6C

    inner barrier   scaled     scaled     min     min    NW   SE     dx      alpha    alpha    inner   time (s)
     ite   param   obj func     feas      x-l     u-x   pert pert   norm      max             opt err 
        1 2.8D-03  6.153D+03  6.996D-10 4.3D-04 1.2D-02    0    0 7.22D+02 8.75D-01 8.75D-01 7.980D-02     0.99
        2 2.8D-03  6.145D+03  6.997D-10 7.6D-05 5.0D-03    0    0 2.30D+02 7.04D-01 7.04D-01 1.108D-01     0.95
        3 2.8D-03  6.141D+03  6.996D-10 1.1D-03 9.5D-04    0    0 1.19D+02 1.00D+00 1.00D+00 2.127D-03     0.92


     3 1.5D-04  6.140792D+03  6.140792D+03 4.475D-03     9C

    inner barrier   scaled     scaled     min     min    NW   SE     dx      alpha    alpha    inner   time (s)
     ite   param   obj func     feas      x-l     u-x   pert pert   norm      max             opt err 
        1 1.5D-04  6.139D+03  6.996D-10 3.8D-07 1.6D-04    0    0 6.32D+01 8.01D-01 8.01D-01 2.405D-02     0.91
        2 1.5D-04  6.139D+03  6.997D-10 5.9D-05 7.7D-05    0    0 3.16D+01 1.00D+00 1.00D+00 2.781D-04     0.97


     4 1.8D-06  6.138894D+03  6.138894D+03 4.286D-04    11C

    inner barrier   scaled     scaled     min     min    NW   SE     dx      alpha    alpha    inner   time (s)
     ite   param   obj func     feas      x-l     u-x   pert pert   norm      max             opt err 
        1 1.8D-06  6.139D+03  6.997D-10 2.8D-06 4.5D-10    0    0 1.22D+01 9.65D-01 9.65D-01 6.937D-04     1.00
        2 1.8D-06  6.139D+03  6.997D-10 7.3D-07 9.5D-07    0    0 4.13D+00 1.00D+00 1.00D+00 2.716D-05     0.92
        3 1.8D-06  6.139D+03  6.997D-10 7.3D-07 9.6D-07    0    0 1.18D+00 1.00D+00 1.00D+00 6.227D-06     0.98


     5 2.5D-09  6.138756D+03  6.138756D+03 8.072D-06    14C

    inner barrier   scaled     scaled     min     min    NW   SE     dx      alpha    alpha    inner   time (s)
     ite   param   obj func     feas      x-l     u-x   pert pert   norm      max             opt err 
        1 2.5D-09  6.139D+03  6.997D-10 1.1D-08 1.6D-13    0    0 4.46D-01 9.86D-01 9.86D-01 2.909D-05     1.00
        2 2.5D-09  6.139D+03  6.997D-10 9.9D-10 1.3D-09    0    0 1.12D-01 1.00D+00 1.00D+00 5.076D-07     0.93
        3 2.5D-09  6.139D+03  6.997D-10 9.9D-10 1.3D-09    0    0 3.30D-02 1.00D+00 1.00D+00 1.250D-07     0.98
        4 2.5D-09  6.139D+03  6.997D-10 9.9D-10 1.3D-09    0    0 1.08D-02 1.00D+00 1.00D+00 2.942D-08     1.01
        5 2.5D-09  6.139D+03  6.997D-10 9.9D-10 1.3D-09    0    0 3.72D-03 1.00D+00 1.00D+00 5.831D-09     0.92


     6 1.0D-09  6.138755D+03  6.138755D+03 8.337D-09    19C
 ==========================================================

 FINAL RESULTS:
                            scaled                   unscaled
  Objective Funct:   6.1387551416058832D+03    6.1387551416058832D+03
  Lagrangian Grad:   7.3203253414900104D-16    7.3203253414900104D-16
 Final Point Feas:   1.1118714837721200D-09    1.1118714837721200D-09
 Bounds violation:   0.0000000000000000D+00    0.0000000000000000D+00
 Lower Bound Comp:   2.5059200566627582D-09    2.5059200566627582D-09
 Upper Bound Comp:   8.3371597154925586D-09    8.3371597154925586D-09

 Flag of LCMIN:

     Optimal solution found.

 ====================================================
                      STATISTICS                     
 ====================================================
 GENERAL:                                            

           Preprocessing time (in seconds):      1.13
            Optimization time (in seconds):     20.49

                      Inner Iterations (IIT):      19
                      Outer Iterations (OIT):       6
                  Function Evaluations (FEV):      20
         Function Gradient Evaluations (GEV):      20
          Function Hessian Evaluations (HEV):      19
          Barrier Function Evaluations (BFE):      38
 Barrier Function Gradient Evaluations (BGE):      19
 ====================================================
 AVERAGE:                                            

 Inner Iterations per Outer Iterations  :      3.1667
 FEV per IIT:      1.0526    FEV per OIT:      3.3333
 GEV per IIT:      1.0526    GEV per OIT:      3.3333
 HEV per IIT:      1.0000    HEV per OIT:      3.1667
 BFE per IIT:      2.0000    BFE per OIT:      6.3333
 BGE per IIT:      1.0000    BGE per OIT:      3.1667
 ====================================================

