
 ==============================================================================
 This is ALGENCAN 3.1.1.
 ALGENCAN, an Augmented Lagrangian method for nonlinear programming, is part of
 the TANGO Project: Trustable Algorithms for Nonlinear General Optimization.
 See http://www.ime.usp.br/~egbirgin/tango/ for details.
 ==============================================================================

 Processing array of parameters with   3 entrances:

 IGNORE-OBJECTIVE-FUNCTION                    
 ITERATIONS-OUTPUT-DETAIL                                                    11
 NEWTON-LINE-SEARCH-INNER-SOLVER                                    'MA57 MC64'

 The specification file is not being used.

 Available HSL subroutines = MA57           

 ALGENCAN PARAMETERS:

 firstde                =                    T
 seconde                =                    T
 truehpr                =                    T
 hptype in TN           =               TRUEHP
 lsslvr in TR           =            MA57/NONE
 lsslvr in NW           =            MA57/MC64
 lsslvr in ACCPROC      =            MA57/NONE
 innslvr                =                   NW
 accproc                =                    T
 rmfixv                 =                    T
 slacks                 =                    F
 scale                  =                    T
 epsfeas                =           1.0000D-09
 epsopt                 =           1.0000D-08
 efstain                =           3.1623D-05
 eostain                =           1.0000D-12
 efacc                  =           3.1623D-05
 eoacc                  =           1.0000D-04
 iprint                 =                   11
 ncomp                  =                    6

 Specification filename =                   ''
 Output filename        =          'lcmin.out'
 Solution filename      =                   ''

 Number of variables               :    4096
 Number of equality constraints    :    3367
 Number of inequality constraints  :       0
 Number of bound constraints       :    7660
 Number of fixed variables         :       0

 There are no fixed variables to be removed.

 Objective function scale factor   : 1.0D+00
 Smallest constraints scale factor : 1.0D+00

 Since the scaling factor(s) is(are) equal to one, scaling was inhibited.

     Entry to GENCAN.
     Number of variables:    4096
     Required optimality tolerance: 1.0D-08

     It         function  gpsupn   xsupn stesupn   nfree   SPGit in-face    fcnt
      0   1.17561966D-15 3.8D-09 2.3D+02
      1   3.44738384D-16 1.5D-09 2.3D+02 6.9D-08    3702       0       1       3
      2   1.98170155D-20 1.4D-10 2.3D+02 1.8D-07    3702       0       2       4

     Flag of GENCAN: Solution was found.


 User-provided subroutines calls counters: 

 Subroutine fsub     (coded=F):        0
 Subroutine gsub     (coded=F):        0
 Subroutine hsub     (coded=F):        0
 Subroutine csub     (coded=F):        0 (       0 calls per constraint in avg)
 Subroutine jacsub   (coded=F):        0 (       0 calls per constraint in avg)
 Subroutine hcsub    (coded=F):        0 (       0 calls per constraint in avg)
 Subroutine fcsub    (coded=T):        4
 Subroutine gjacsub  (coded=T):        5
 Subroutine gjacpsub (coded=F):        0
 Subroutine hlsub    (coded=T):        2
 Subroutine hlpsub   (coded=F):        0


 Total CPU time in seconds =     0.15

 ==============================================================================

 Initial point computed successfully.

                                            achieved                  desired        
 Unscaled feasibility ..............:   1.4077272680879105D-10   1.0000000000000001D-09
 Smallest distance to lower bound ..:   1.0000000000000009D-02   1.0000000000000000D-03
 Smallest distance to upper bound ..:   1.0000000000000000D-02   1.0000000000000000D-03

 Starting LCMIN.
 Number of variables   :    4096
 Number of constraints :    3367

 Scale factor for the objective function   : 1.0D+00
 Smallest scale factor for the constraints : 1.0D+00

 ==========================================================
 outer barrier   objective       scaled      outer   inner
  ite   param     function     obj funct    opt err   ite 
     0 1.0D-01  1.753697D+03  1.753697D+03 1.000D+06     0 

    inner barrier   scaled     scaled     min     min    NW   SE     dx      alpha    alpha    inner   time (s)
     ite   param   obj func     feas      x-l     u-x   pert pert   norm      max             opt err 
        1 1.0D-01  1.630D+03  1.408D-10 9.0D-04 1.2D-02    0    0 3.02D+04 6.37D-01 6.37D-01 7.396D+05     0.94
        2 1.0D-01  1.582D+03  1.408D-10 4.8D-02 3.6D-02    0    0 1.89D+04 1.00D+00 1.00D+00 1.915D+05     0.91
        3 1.0D-01  1.586D+03  1.408D-10 8.0D-02 4.4D-02    0    0 7.13D+03 1.00D+00 1.00D+00 5.223D+04     0.71
        4 1.0D-01  1.585D+03  1.408D-10 7.9D-02 4.5D-02    0    0 7.68D+02 1.00D+00 1.00D+00 5.223D+02     0.80
        5 1.0D-01  1.585D+03  1.408D-10 7.9D-02 4.5D-02    0    0 4.45D+01 1.00D+00 1.00D+00 5.124D+00     0.95
        6 1.0D-01  1.585D+03  1.408D-10 7.9D-02 4.5D-02    0    0 5.44D-01 1.00D+00 1.00D+00 5.421D-06     0.93


     1 2.0D-02  1.585191D+03  1.585191D+03 1.000D-01     6C


     2 2.8D-03  1.585191D+03  1.585191D+03 1.000D-01     6C

    inner barrier   scaled     scaled     min     min    NW   SE     dx      alpha    alpha    inner   time (s)
     ite   param   obj func     feas      x-l     u-x   pert pert   norm      max             opt err 
        1 2.8D-03  1.550D+03  1.408D-10 1.2D-03 2.1D-02    0    0 1.06D+03 8.38D-01 8.38D-01 1.035D-01     0.91
        2 2.8D-03  1.538D+03  1.408D-10 2.7D-04 4.9D-03    0    0 3.28D+02 9.93D-01 9.93D-01 6.335D-03     0.91


     3 1.5D-04  1.538354D+03  1.538354D+03 9.163D-03     8C

    inner barrier   scaled     scaled     min     min    NW   SE     dx      alpha    alpha    inner   time (s)
     ite   param   obj func     feas      x-l     u-x   pert pert   norm      max             opt err 
        1 1.5D-04  1.537D+03  1.408D-10 1.3D-06 1.9D-03    0    0 1.22D+02 5.40D-01 5.40D-01 9.409D-02     0.90
        2 1.5D-04  1.535D+03  1.408D-10 1.3D-06 7.5D-04    0    0 9.12D+01 6.47D-01 6.47D-01 5.840D-02     0.91
        3 1.5D-04  1.535D+03  1.408D-10 1.5D-04 1.4D-06    0    0 4.86D+01 9.25D-01 9.25D-01 6.755D-03     0.97
        4 1.5D-04  1.535D+03  1.408D-10 1.2D-04 1.6D-04    0    0 1.20D+01 1.00D+00 1.00D+00 5.373D-05     0.90


     4 1.8D-06  1.534788D+03  1.534788D+03 2.042D-04    12C

    inner barrier   scaled     scaled     min     min    NW   SE     dx      alpha    alpha    inner   time (s)
     ite   param   obj func     feas      x-l     u-x   pert pert   norm      max             opt err 
        1 1.8D-06  1.535D+03  1.408D-10 7.9D-10 7.6D-06    0    0 1.05D+01 9.39D-01 9.39D-01 1.166D-03     0.96
        2 1.8D-06  1.535D+03  1.408D-10 1.5D-06 1.9D-06    0    0 3.68D+00 1.00D+00 1.00D+00 1.262D-05     1.00


     5 2.5D-09  1.534691D+03  1.534691D+03 1.447D-05    14C

    inner barrier   scaled     scaled     min     min    NW   SE     dx      alpha    alpha    inner   time (s)
     ite   param   obj func     feas      x-l     u-x   pert pert   norm      max             opt err 
        1 2.5D-09  1.535D+03  1.408D-10 2.1D-08 1.2D-13    0    0 1.20D+00 9.87D-01 9.87D-01 7.411D-05     0.92
        2 2.5D-09  1.535D+03  1.408D-10 2.3D-09 1.8D-13    0    0 3.52D-01 9.82D-01 9.82D-01 2.941D-05     0.97
        3 2.5D-09  1.535D+03  1.408D-10 2.0D-09 2.6D-09    0    0 9.83D-02 1.00D+00 1.00D+00 2.294D-07     1.01
        4 2.5D-09  1.535D+03  1.408D-10 2.0D-09 2.6D-09    0    0 2.65D-02 1.00D+00 1.00D+00 5.640D-08     0.93
        5 2.5D-09  1.535D+03  1.408D-10 2.0D-09 2.6D-09    0    0 8.49D-03 1.00D+00 1.00D+00 1.320D-08     0.98


     6 1.0D-09  1.534689D+03  1.534689D+03 1.571D-08    19C

    inner barrier   scaled     scaled     min     min    NW   SE     dx      alpha    alpha    inner   time (s)
     ite   param   obj func     feas      x-l     u-x   pert pert   norm      max             opt err 
        1 1.0D-09  1.535D+03  1.408D-10 7.9D-10 1.0D-09    0    0 3.16D-03 1.00D+00 1.00D+00 3.183D-09     1.01


     7 1.0D-09  1.534689D+03  1.534689D+03 4.183D-09    20C
 ==========================================================

 FINAL RESULTS:
                            scaled                   unscaled
  Objective Funct:   1.5346887856410185D+03    1.5346887856410185D+03
  Lagrangian Grad:   3.3306690738754696D-16    3.3306690738754696D-16
 Final Point Feas:   2.8162361331851571D-10    2.8162361331851571D-10
 Bounds violation:   0.0000000000000000D+00    0.0000000000000000D+00
 Lower Bound Comp:   1.0015256980956673D-09    1.0015256980956673D-09
 Upper Bound Comp:   4.1827112155275010D-09    4.1827112155275010D-09

 Flag of LCMIN:

     Optimal solution found.

 ====================================================
                      STATISTICS                     
 ====================================================
 GENERAL:                                            

           Preprocessing time (in seconds):      1.08
            Optimization time (in seconds):     21.51

                      Inner Iterations (IIT):      20
                      Outer Iterations (OIT):       7
                  Function Evaluations (FEV):      21
         Function Gradient Evaluations (GEV):      21
          Function Hessian Evaluations (HEV):      20
          Barrier Function Evaluations (BFE):      40
 Barrier Function Gradient Evaluations (BGE):      20
 ====================================================
 AVERAGE:                                            

 Inner Iterations per Outer Iterations  :      2.8571
 FEV per IIT:      1.0500    FEV per OIT:      3.0000
 GEV per IIT:      1.0500    GEV per OIT:      3.0000
 HEV per IIT:      1.0000    HEV per OIT:      2.8571
 BFE per IIT:      2.0000    BFE per OIT:      5.7143
 BGE per IIT:      1.0000    BGE per OIT:      2.8571
 ====================================================

