
 ==============================================================================
 This is ALGENCAN 3.1.1.
 ALGENCAN, an Augmented Lagrangian method for nonlinear programming, is part of
 the TANGO Project: Trustable Algorithms for Nonlinear General Optimization.
 See http://www.ime.usp.br/~egbirgin/tango/ for details.
 ==============================================================================

 Processing array of parameters with   3 entrances:

 IGNORE-OBJECTIVE-FUNCTION                    
 ITERATIONS-OUTPUT-DETAIL                                                    11
 NEWTON-LINE-SEARCH-INNER-SOLVER                                    'MA57 MC64'

 The specification file is not being used.

 Available HSL subroutines = MA57           

 ALGENCAN PARAMETERS:

 firstde                =                    T
 seconde                =                    T
 truehpr                =                    T
 hptype in TN           =               TRUEHP
 lsslvr in TR           =            MA57/NONE
 lsslvr in NW           =            MA57/MC64
 lsslvr in ACCPROC      =            MA57/NONE
 innslvr                =                   NW
 accproc                =                    T
 rmfixv                 =                    T
 slacks                 =                    F
 scale                  =                    T
 epsfeas                =           1.0000D-09
 epsopt                 =           1.0000D-08
 efstain                =           3.1623D-05
 eostain                =           1.0000D-12
 efacc                  =           3.1623D-05
 eoacc                  =           1.0000D-04
 iprint                 =                   11
 ncomp                  =                    6

 Specification filename =                   ''
 Output filename        =          'lcmin.out'
 Solution filename      =                   ''

 Number of variables               :      43
 Number of equality constraints    :      14
 Number of inequality constraints  :       0
 Number of bound constraints       :      43
 Number of fixed variables         :       0

 There are no fixed variables to be removed.

 Objective function scale factor   : 1.0D+00
 Smallest constraints scale factor : 2.5D-01

     Entry to GENCAN.
     Number of variables:      43
     Required optimality tolerance: 1.0D-08

     It         function  gpsupn   xsupn stesupn   nfree   SPGit in-face    fcnt
      0   4.50000900D-12 6.4D-14 1.1D+01
      1   4.50000900D-12 2.1D-14 1.1D+01 4.6D-15      22       0       1       3
      2   4.50000900D-12 1.4D-14 1.1D+01 7.1D-15      22       0       2       4
      3   4.50000900D-12 7.2D-15 1.1D+01 1.8D-15      22       0       3       5

     Flag of GENCAN: Lack of progress in the functional value, its gradient and
     the current point. Probably, an exaggerated small norm of the continuous
     projected gradient is being required to declare convergence.


 User-provided subroutines calls counters: 

 Subroutine fsub     (coded=F):        0
 Subroutine gsub     (coded=F):        0
 Subroutine hsub     (coded=F):        0
 Subroutine csub     (coded=F):        0 (       0 calls per constraint in avg)
 Subroutine jacsub   (coded=F):        0 (       0 calls per constraint in avg)
 Subroutine hcsub    (coded=F):        0 (       0 calls per constraint in avg)
 Subroutine fcsub    (coded=T):        5
 Subroutine gjacsub  (coded=T):        6
 Subroutine gjacpsub (coded=F):        0
 Subroutine hlsub    (coded=T):        3
 Subroutine hlpsub   (coded=F):        0


 Total CPU time in seconds =     0.00

 ==============================================================================

 The initial point found is acceptably feasible. LCMIN will continue.

 Initial point computed successfully.

                                            achieved                  desired        
 Unscaled feasibility ..............:   3.0000030000000008D-06   1.0000000000000001D-09
 Smallest distance to lower bound ..:   1.0000000000000002D-06   1.0000000000000003D-09

 Starting LCMIN.
 Number of variables   :      43
 Number of constraints :      14

 Scale factor for the objective function   : 1.0D+00
 Smallest scale factor for the constraints : 1.0D+00

 ==========================================================
 outer barrier   objective       scaled      outer   inner
  ite   param     function     obj funct    opt err   ite 
     0 1.0D-01 -1.413311D+03 -1.413311D+03 1.451D+01     0 

    inner barrier   scaled     scaled     min     min    NW   SE     dx      alpha    alpha    inner   time (s)
     ite   param   obj func     feas      x-l     u-x   pert pert   norm      max             opt err 
        1 1.0D-01 -1.414D+03  3.000D-06 1.0D-08 0.0D+00    0    0 3.58D+02 6.93D-05 6.93D-05 4.855D+03     0.00
        2 1.0D-01 -1.414D+03  3.000D-06 7.2D-08 0.0D+00    0    0 3.55D+02 1.70D-04 1.70D-04 4.774D+03     0.00
        3 1.0D-01 -1.419D+03  3.000D-06 3.3D-08 0.0D+00    0    0 3.54D+02 1.26D-03 1.26D-03 4.744D+03     0.00
        4 1.0D-01 -1.442D+03  3.000D-06 9.4D-08 0.0D+00    0    0 3.49D+02 5.51D-03 5.51D-03 4.630D+03     0.00
        5 1.0D-01 -1.538D+03  3.000D-06 7.4D-08 0.0D+00    0    0 3.29D+02 2.55D-02 2.55D-02 4.386D+03     0.00
        6 1.0D-01 -1.755D+03  3.000D-06 6.8D-08 0.0D+00    0    0 2.39D+02 8.22D-02 8.22D-02 3.546D+03     0.00
        7 1.0D-01 -1.866D+03  3.000D-06 6.4D-07 0.0D+00    0    0 8.87D+01 1.69D-01 1.69D-01 1.876D+03     0.00
        8 1.0D-01 -1.891D+03  3.000D-06 6.1D-07 0.0D+00    0    0 8.13D+01 2.08D-01 2.08D-01 7.496D+02     0.00
        9 1.0D-01 -1.903D+03  3.000D-06 6.1D-07 0.0D+00    0    0 2.37D+01 3.85D-01 3.85D-01 1.805D+02     0.00
       10 1.0D-01 -1.907D+03  3.000D-06 6.0D-07 0.0D+00    0    0 1.63D+01 4.17D-01 4.17D-01 8.745D+01     0.00

    inner barrier   scaled     scaled     min     min    NW   SE     dx      alpha    alpha    inner   time (s)
     ite   param   obj func     feas      x-l     u-x   pert pert   norm      max             opt err 
       11 1.0D-01 -1.909D+03  3.000D-06 6.0D-07 0.0D+00    0    0 1.37D+01 9.15D-01 9.15D-01 2.053D-01     0.00


     1 2.0D-02 -1.908811D+03 -1.908811D+03 2.053D-01    11C

    inner barrier   scaled     scaled     min     min    NW   SE     dx      alpha    alpha    inner   time (s)
     ite   param   obj func     feas      x-l     u-x   pert pert   norm      max             opt err 
        1 2.0D-02 -1.910D+03  3.000D-06 6.0D-07 0.0D+00    0    0 9.42D+00 9.97D-01 9.97D-01 3.759D+02     0.00
        2 2.0D-02 -1.910D+03  3.000D-06 6.0D-07 0.0D+00    0    0 3.48D+00 1.00D+00 1.00D+00 7.292D-01     0.00
        3 2.0D-02 -1.910D+03  3.000D-06 6.0D-07 0.0D+00    0    0 1.74D-01 1.00D+00 1.00D+00 8.758D-03     0.00


     2 2.8D-03 -1.910042D+03 -1.910042D+03 8.758D-03    14C


     3 1.5D-04 -1.910042D+03 -1.910042D+03 8.758D-03    14C

    inner barrier   scaled     scaled     min     min    NW   SE     dx      alpha    alpha    inner   time (s)
     ite   param   obj func     feas      x-l     u-x   pert pert   norm      max             opt err 
        1 1.5D-04 -1.910D+03  3.000D-06 3.1D-07 0.0D+00    0    0 3.97D+00 8.55D-01 8.55D-01 2.042D+03     0.00
        2 1.5D-04 -1.910D+03  3.000D-06 9.5D-08 0.0D+00    0    0 1.22D+00 9.61D-01 9.61D-01 1.859D+03     0.00
        3 1.5D-04 -1.910D+03  3.000D-06 6.0D-07 0.0D+00    0    0 2.66D-01 1.00D+00 1.00D+00 2.033D+02     0.00
        4 1.5D-04 -1.910D+03  3.000D-06 5.9D-07 0.0D+00    0    0 1.30D-01 1.00D+00 1.00D+00 1.915D-01     0.00
        5 1.5D-04 -1.910D+03  3.000D-06 5.9D-07 0.0D+00    0    0 1.49D-02 1.00D+00 1.00D+00 2.699D-02     0.00
        6 1.5D-04 -1.910D+03  3.000D-06 5.9D-07 0.0D+00    0    0 7.07D-04 1.00D+00 1.00D+00 5.563D-04     0.00


     4 1.8D-06 -1.910342D+03 -1.910342D+03 5.563D-04    20C

    inner barrier   scaled     scaled     min     min    NW   SE     dx      alpha    alpha    inner   time (s)
     ite   param   obj func     feas      x-l     u-x   pert pert   norm      max             opt err 
        1 1.8D-06 -1.910D+03  3.000D-06 5.2D-09 0.0D+00    0    0 7.27D-02 1.00D+00 1.00D+00 6.153D+00     0.00
        2 1.8D-06 -1.910D+03  3.000D-06 7.8D-08 0.0D+00    0    0 6.68D-03 1.00D+00 1.00D+00 1.133D+01     0.00
        3 1.8D-06 -1.910D+03  3.000D-06 7.5D-08 0.0D+00    0    0 1.34D-03 1.00D+00 1.00D+00 1.503D-01     0.00
        4 1.8D-06 -1.910D+03  3.000D-06 7.3D-08 0.0D+00    0    0 8.74D-05 1.00D+00 1.00D+00 1.043D-02     0.00
        5 1.8D-06 -1.910D+03  3.000D-06 7.3D-08 0.0D+00    0    0 1.19D-06 1.00D+00 1.00D+00 1.279D-04     0.00
        6 1.8D-06 -1.910D+03  3.000D-06 7.3D-08 0.0D+00    0    0 7.57D-09 1.00D+00 1.00D+00 1.401D-08     0.00


     5 2.5D-09 -1.910345D+03 -1.910345D+03 1.845D-06    26C

    inner barrier   scaled     scaled     min     min    NW   SE     dx      alpha    alpha    inner   time (s)
     ite   param   obj func     feas      x-l     u-x   pert pert   norm      max             opt err 
        1 2.5D-09 -1.910D+03  3.000D-06 1.8D-16 0.0D+00    0    0 1.28D-03 9.70D-01 9.70D-01 1.004D+01     0.00
        2 2.5D-09 -1.910D+03  3.000D-06 9.7D-11 0.0D+00    0    0 7.98D-05 1.00D+00 1.00D+00 8.735D+01     0.00
        3 2.5D-09 -1.910D+03  3.000D-06 9.6D-11 0.0D+00    0    0 1.80D-05 1.00D+00 1.00D+00 5.600D-01     0.00
        4 2.5D-09 -1.910D+03  3.000D-06 8.5D-11 0.0D+00    0    0 5.12D-06 1.00D+00 1.00D+00 2.841D-01     0.00
        5 2.5D-09 -1.910D+03  3.000D-06 8.3D-11 0.0D+00    0    0 7.35D-07 1.00D+00 1.00D+00 7.230D-02     0.00
        6 2.5D-09 -1.910D+03  3.000D-06 8.3D-11 0.0D+00    0    0 5.72D-08 1.00D+00 1.00D+00 3.905D-03     0.00
        7 2.5D-09 -1.910D+03  3.000D-06 8.3D-11 0.0D+00    0    0 1.45D-09 1.00D+00 5.00D-01 2.092D-03     0.00
        8 2.5D-09 -1.910D+03  3.000D-06 8.3D-11 0.0D+00    0    0 7.28D-10 1.00D+00 1.25D-01 1.845D-03     0.00
        9 2.5D-09 -1.910D+03  3.000D-06 8.3D-11 0.0D+00    0    0 6.40D-10 1.00D+00 3.91D-03 1.838D-03     0.00
       10 2.5D-09 -1.910D+03  3.000D-06 8.3D-11 0.0D+00    0    0 6.34D-10 1.00D+00 1.53D-05 1.838D-03     0.00

    inner barrier   scaled     scaled     min     min    NW   SE     dx      alpha    alpha    inner   time (s)
     ite   param   obj func     feas      x-l     u-x   pert pert   norm      max             opt err 
       11 2.5D-09 -1.910D+03  3.000D-06 8.3D-11 0.0D+00    0    0 6.34D-10 1.00D+00 9.77D-04 1.837D-03     0.00
       12 2.5D-09 -1.910D+03  3.000D-06 8.3D-11 0.0D+00    0    0 6.30D-10 1.00D+00 1.95D-03 1.833D-03     0.00
       13 2.5D-09 -1.910D+03  3.000D-06 8.3D-11 0.0D+00    0    0 6.28D-10 1.00D+00 1.53D-05 1.833D-03     0.00
       14 2.5D-09 -1.910D+03  3.000D-06 8.3D-11 0.0D+00    0    0 6.28D-10 1.00D+00 6.10D-05 1.833D-03     0.00
       15 2.5D-09 -1.910D+03  3.000D-06 8.3D-11 0.0D+00    0    0 6.29D-10 1.00D+00 3.05D-05 1.833D-03     0.00
       16 2.5D-09 -1.910D+03  3.000D-06 8.3D-11 0.0D+00    0    0 6.30D-10 1.00D+00 1.91D-06 1.833D-03     0.00
       17 2.5D-09 -1.910D+03  3.000D-06 8.3D-11 0.0D+00    0    0 6.32D-10 1.00D+00 9.54D-07 1.833D-03     0.00
       18 2.5D-09 -1.910D+03  3.000D-06 8.3D-11 0.0D+00    0    0 6.29D-10 1.00D+00 2.38D-07 1.833D-03     0.00
       19 2.5D-09 -1.910D+03  3.000D-06 8.3D-11 0.0D+00    0    0 6.29D-10 1.00D+00 5.96D-08 1.833D-03     0.00
       20 2.5D-09 -1.910D+03  3.000D-06 8.3D-11 0.0D+00    0    0 6.29D-10 1.00D+00 1.49D-08 1.833D-03     0.00

    inner barrier   scaled     scaled     min     min    NW   SE     dx      alpha    alpha    inner   time (s)
     ite   param   obj func     feas      x-l     u-x   pert pert   norm      max             opt err 
       21 2.5D-09 -1.910D+03  3.000D-06 8.3D-11 0.0D+00    0    0 6.29D-10 1.00D+00 7.45D-09 1.833D-03     0.00
       22 2.5D-09 -1.910D+03  3.000D-06 8.3D-11 0.0D+00    0    0 6.29D-10 1.00D+00 3.73D-09 1.833D-03     0.00
       23 2.5D-09 -1.910D+03  3.000D-06 8.3D-11 0.0D+00    0    0 6.29D-10 1.00D+00 2.33D-10 1.833D-03     0.00
       24 2.5D-09 -1.910D+03  3.000D-06 8.3D-11 0.0D+00    0    0 6.29D-10 1.00D+00 5.82D-11 1.833D-03     0.00
       25 2.5D-09 -1.910D+03  3.000D-06 8.3D-11 0.0D+00    0    0 6.29D-10 1.00D+00 5.82D-11 1.833D-03     0.00
       26 2.5D-09 -1.910D+03  3.000D-06 8.3D-11 0.0D+00    0    0 6.29D-10 1.00D+00 5.82D-11 1.833D-03     0.00
       27 2.5D-09 -1.910D+03  3.000D-06 8.3D-11 0.0D+00    0    0 6.29D-10 1.00D+00 5.82D-11 1.833D-03     0.00
       28 2.5D-09 -1.910D+03  3.000D-06 8.3D-11 0.0D+00    0    0 6.29D-10 1.00D+00 5.82D-11 1.833D-03     0.00
       29 2.5D-09 -1.910D+03  3.000D-06 8.3D-11 0.0D+00    0    0 6.29D-10 1.00D+00 5.82D-11 1.833D-03     0.00
       30 2.5D-09 -1.910D+03  3.000D-06 8.3D-11 0.0D+00    0    0 6.29D-10 1.00D+00 5.82D-11 1.833D-03     0.00

    inner barrier   scaled     scaled     min     min    NW   SE     dx      alpha    alpha    inner   time (s)
     ite   param   obj func     feas      x-l     u-x   pert pert   norm      max             opt err 
       31 2.5D-09 -1.910D+03  3.000D-06 8.3D-11 0.0D+00    0    0 6.29D-10 1.00D+00 5.82D-11 1.833D-03     0.00
       32 2.5D-09 -1.910D+03  3.000D-06 8.3D-11 0.0D+00    0    0 6.29D-10 1.00D+00 5.82D-11 1.833D-03     0.00
       33 2.5D-09 -1.910D+03  3.000D-06 8.3D-11 0.0D+00    0    0 6.29D-10 1.00D+00 5.82D-11 1.833D-03     0.00
       34 2.5D-09 -1.910D+03  3.000D-06 8.3D-11 0.0D+00    0    0 6.29D-10 1.00D+00 5.82D-11 1.833D-03     0.00
       35 2.5D-09 -1.910D+03  3.000D-06 8.3D-11 0.0D+00    0    0 6.29D-10 1.00D+00 5.82D-11 1.833D-03     0.00
       36 2.5D-09 -1.910D+03  3.000D-06 8.3D-11 0.0D+00    0    0 6.29D-10 1.00D+00 5.82D-11 1.833D-03     0.00
       37 2.5D-09 -1.910D+03  3.000D-06 8.3D-11 0.0D+00    0    0 6.29D-10 1.00D+00 5.82D-11 1.833D-03     0.00
       38 2.5D-09 -1.910D+03  3.000D-06 8.3D-11 0.0D+00    0    0 6.29D-10 1.00D+00 5.82D-11 1.833D-03     0.00
       39 2.5D-09 -1.910D+03  3.000D-06 8.3D-11 0.0D+00    0    0 6.29D-10 1.00D+00 5.82D-11 1.833D-03     0.00
       40 2.5D-09 -1.910D+03  3.000D-06 8.3D-11 0.0D+00    0    0 6.29D-10 1.00D+00 5.82D-11 1.833D-03     0.00

    inner barrier   scaled     scaled     min     min    NW   SE     dx      alpha    alpha    inner   time (s)
     ite   param   obj func     feas      x-l     u-x   pert pert   norm      max             opt err 
       41 2.5D-09 -1.910D+03  3.000D-06 8.3D-11 0.0D+00    0    0 6.29D-10 1.00D+00 5.82D-11 1.833D-03     0.00
       42 2.5D-09 -1.910D+03  3.000D-06 8.3D-11 0.0D+00    0    0 6.29D-10 1.00D+00 5.82D-11 1.833D-03     0.00
       43 2.5D-09 -1.910D+03  3.000D-06 8.3D-11 0.0D+00    0    0 6.29D-10 1.00D+00 5.82D-11 1.833D-03     0.00
       44 2.5D-09 -1.910D+03  3.000D-06 8.3D-11 0.0D+00    0    0 6.29D-10 1.00D+00 5.82D-11 1.833D-03     0.00
       45 2.5D-09 -1.910D+03  3.000D-06 8.3D-11 0.0D+00    0    0 6.29D-10 1.00D+00 5.82D-11 1.833D-03     0.00
       46 2.5D-09 -1.910D+03  3.000D-06 8.3D-11 0.0D+00    0    0 6.29D-10 1.00D+00 5.82D-11 1.833D-03     0.00
       47 2.5D-09 -1.910D+03  3.000D-06 8.3D-11 0.0D+00    0    0 6.29D-10 1.00D+00 5.82D-11 1.833D-03     0.00
       48 2.5D-09 -1.910D+03  3.000D-06 8.3D-11 0.0D+00    0    0 6.29D-10 1.00D+00 5.82D-11 1.833D-03     0.00
       49 2.5D-09 -1.910D+03  3.000D-06 8.3D-11 0.0D+00    0    0 6.29D-10 1.00D+00 5.82D-11 1.833D-03     0.00
       50 2.5D-09 -1.910D+03  3.000D-06 8.3D-11 0.0D+00    0    0 6.29D-10 1.00D+00 5.82D-11 1.833D-03     0.00

    inner barrier   scaled     scaled     min     min    NW   SE     dx      alpha    alpha    inner   time (s)
     ite   param   obj func     feas      x-l     u-x   pert pert   norm      max             opt err 
       51 2.5D-09 -1.910D+03  3.000D-06 8.3D-11 0.0D+00    0    0 6.29D-10 1.00D+00 5.82D-11 1.833D-03     0.00
       52 2.5D-09 -1.910D+03  3.000D-06 8.3D-11 0.0D+00    0    0 6.29D-10 1.00D+00 5.82D-11 1.833D-03     0.00
       53 2.5D-09 -1.910D+03  3.000D-06 8.3D-11 0.0D+00    0    0 6.29D-10 1.00D+00 5.82D-11 1.833D-03     0.00
       54 2.5D-09 -1.910D+03  3.000D-06 8.3D-11 0.0D+00    0    0 6.29D-10 1.00D+00 5.82D-11 1.833D-03     0.00
       55 2.5D-09 -1.910D+03  3.000D-06 8.3D-11 0.0D+00    0    0 6.29D-10 1.00D+00 5.82D-11 1.833D-03     0.00
       56 2.5D-09 -1.910D+03  3.000D-06 8.3D-11 0.0D+00    0    0 6.29D-10 1.00D+00 5.82D-11 1.833D-03     0.00
       57 2.5D-09 -1.910D+03  3.000D-06 8.3D-11 0.0D+00    0    0 6.29D-10 1.00D+00 5.82D-11 1.833D-03     0.00
       58 2.5D-09 -1.910D+03  3.000D-06 8.3D-11 0.0D+00    0    0 6.29D-10 1.00D+00 5.82D-11 1.833D-03     0.00
       59 2.5D-09 -1.910D+03  3.000D-06 8.3D-11 0.0D+00    0    0 6.29D-10 1.00D+00 5.82D-11 1.833D-03     0.00
       60 2.5D-09 -1.910D+03  3.000D-06 8.3D-11 0.0D+00    0    0 6.29D-10 1.00D+00 5.82D-11 1.833D-03     0.00

    inner barrier   scaled     scaled     min     min    NW   SE     dx      alpha    alpha    inner   time (s)
     ite   param   obj func     feas      x-l     u-x   pert pert   norm      max             opt err 
       61 2.5D-09 -1.910D+03  3.000D-06 8.3D-11 0.0D+00    0    0 6.29D-10 1.00D+00 5.82D-11 1.833D-03     0.00
       62 2.5D-09 -1.910D+03  3.000D-06 8.3D-11 0.0D+00    0    0 6.29D-10 1.00D+00 5.82D-11 1.833D-03     0.00
       63 2.5D-09 -1.910D+03  3.000D-06 8.3D-11 0.0D+00    0    0 6.29D-10 1.00D+00 5.82D-11 1.833D-03     0.00
       64 2.5D-09 -1.910D+03  3.000D-06 8.3D-11 0.0D+00    0    0 6.29D-10 1.00D+00 5.82D-11 1.833D-03     0.00
       65 2.5D-09 -1.910D+03  3.000D-06 8.3D-11 0.0D+00    0    0 6.29D-10 1.00D+00 5.82D-11 1.833D-03     0.00
       66 2.5D-09 -1.910D+03  3.000D-06 8.3D-11 0.0D+00    0    0 6.29D-10 1.00D+00 5.82D-11 1.833D-03     0.00
       67 2.5D-09 -1.910D+03  3.000D-06 8.3D-11 0.0D+00    0    0 6.29D-10 1.00D+00 5.82D-11 1.833D-03     0.00
       68 2.5D-09 -1.910D+03  3.000D-06 8.3D-11 0.0D+00    0    0 6.29D-10 1.00D+00 5.82D-11 1.833D-03     0.00
       69 2.5D-09 -1.910D+03  3.000D-06 8.3D-11 0.0D+00    0    0 6.29D-10 1.00D+00 5.82D-11 1.833D-03     0.00
       70 2.5D-09 -1.910D+03  3.000D-06 8.3D-11 0.0D+00    0    0 6.29D-10 1.00D+00 5.82D-11 1.833D-03     0.00

    inner barrier   scaled     scaled     min     min    NW   SE     dx      alpha    alpha    inner   time (s)
     ite   param   obj func     feas      x-l     u-x   pert pert   norm      max             opt err 
       71 2.5D-09 -1.910D+03  3.000D-06 8.3D-11 0.0D+00    0    0 6.29D-10 1.00D+00 5.82D-11 1.833D-03     0.00
       72 2.5D-09 -1.910D+03  3.000D-06 8.3D-11 0.0D+00    0    0 6.29D-10 1.00D+00 5.82D-11 1.833D-03     0.00
       73 2.5D-09 -1.910D+03  3.000D-06 8.3D-11 0.0D+00    0    0 6.29D-10 1.00D+00 5.82D-11 1.833D-03     0.00
       74 2.5D-09 -1.910D+03  3.000D-06 8.3D-11 0.0D+00    0    0 6.29D-10 1.00D+00 5.82D-11 1.833D-03     0.00
       75 2.5D-09 -1.910D+03  3.000D-06 8.3D-11 0.0D+00    0    0 6.29D-10 1.00D+00 5.82D-11 1.833D-03     0.00
       76 2.5D-09 -1.910D+03  3.000D-06 8.3D-11 0.0D+00    0    0 6.29D-10 1.00D+00 5.82D-11 1.833D-03     0.00
       77 2.5D-09 -1.910D+03  3.000D-06 8.3D-11 0.0D+00    0    0 6.29D-10 1.00D+00 5.82D-11 1.833D-03     0.00
       78 2.5D-09 -1.910D+03  3.000D-06 8.3D-11 0.0D+00    0    0 6.29D-10 1.00D+00 5.82D-11 1.833D-03     0.00
       79 2.5D-09 -1.910D+03  3.000D-06 8.3D-11 0.0D+00    0    0 6.29D-10 1.00D+00 5.82D-11 1.833D-03     0.00
       80 2.5D-09 -1.910D+03  3.000D-06 8.3D-11 0.0D+00    0    0 6.29D-10 1.00D+00 5.82D-11 1.833D-03     0.00

    inner barrier   scaled     scaled     min     min    NW   SE     dx      alpha    alpha    inner   time (s)
     ite   param   obj func     feas      x-l     u-x   pert pert   norm      max             opt err 
       81 2.5D-09 -1.910D+03  3.000D-06 8.3D-11 0.0D+00    0    0 6.29D-10 1.00D+00 5.82D-11 1.833D-03     0.00
       82 2.5D-09 -1.910D+03  3.000D-06 8.3D-11 0.0D+00    0    0 6.29D-10 1.00D+00 5.82D-11 1.833D-03     0.00
       83 2.5D-09 -1.910D+03  3.000D-06 8.3D-11 0.0D+00    0    0 6.29D-10 1.00D+00 5.82D-11 1.833D-03     0.00
       84 2.5D-09 -1.910D+03  3.000D-06 8.3D-11 0.0D+00    0    0 6.29D-10 1.00D+00 5.82D-11 1.833D-03     0.00
       85 2.5D-09 -1.910D+03  3.000D-06 8.3D-11 0.0D+00    0    0 6.29D-10 1.00D+00 5.82D-11 1.833D-03     0.00
       86 2.5D-09 -1.910D+03  3.000D-06 8.3D-11 0.0D+00    0    0 6.29D-10 1.00D+00 5.82D-11 1.833D-03     0.00
       87 2.5D-09 -1.910D+03  3.000D-06 8.3D-11 0.0D+00    0    0 6.29D-10 1.00D+00 5.82D-11 1.833D-03     0.00
       88 2.5D-09 -1.910D+03  3.000D-06 8.3D-11 0.0D+00    0    0 6.29D-10 1.00D+00 5.82D-11 1.833D-03     0.00
       89 2.5D-09 -1.910D+03  3.000D-06 8.3D-11 0.0D+00    0    0 6.29D-10 1.00D+00 5.82D-11 1.833D-03     0.00
       90 2.5D-09 -1.910D+03  3.000D-06 8.3D-11 0.0D+00    0    0 6.29D-10 1.00D+00 5.82D-11 1.833D-03     0.00

    inner barrier   scaled     scaled     min     min    NW   SE     dx      alpha    alpha    inner   time (s)
     ite   param   obj func     feas      x-l     u-x   pert pert   norm      max             opt err 
       91 2.5D-09 -1.910D+03  3.000D-06 8.3D-11 0.0D+00    0    0 6.29D-10 1.00D+00 5.82D-11 1.833D-03     0.00
       92 2.5D-09 -1.910D+03  3.000D-06 8.3D-11 0.0D+00    0    0 6.29D-10 1.00D+00 5.82D-11 1.833D-03     0.00
       93 2.5D-09 -1.910D+03  3.000D-06 8.3D-11 0.0D+00    0    0 6.29D-10 1.00D+00 5.82D-11 1.833D-03     0.00
       94 2.5D-09 -1.910D+03  3.000D-06 8.3D-11 0.0D+00    0    0 6.29D-10 1.00D+00 5.82D-11 1.833D-03     0.00
       95 2.5D-09 -1.910D+03  3.000D-06 8.3D-11 0.0D+00    0    0 6.29D-10 1.00D+00 5.82D-11 1.833D-03     0.00
       96 2.5D-09 -1.910D+03  3.000D-06 8.3D-11 0.0D+00    0    0 6.29D-10 1.00D+00 5.82D-11 1.833D-03     0.00
       97 2.5D-09 -1.910D+03  3.000D-06 8.3D-11 0.0D+00    0    0 6.29D-10 1.00D+00 5.82D-11 1.833D-03     0.00
       98 2.5D-09 -1.910D+03  3.000D-06 8.3D-11 0.0D+00    0    0 6.29D-10 1.00D+00 5.82D-11 1.833D-03     0.00
       99 2.5D-09 -1.910D+03  3.000D-06 8.3D-11 0.0D+00    0    0 6.29D-10 1.00D+00 5.82D-11 1.833D-03     0.00
      100 2.5D-09 -1.910D+03  3.000D-06 8.3D-11 0.0D+00    0    0 6.29D-10 1.00D+00 5.82D-11 1.833D-03     0.00

    inner barrier   scaled     scaled     min     min    NW   SE     dx      alpha    alpha    inner   time (s)
     ite   param   obj func     feas      x-l     u-x   pert pert   norm      max             opt err 
      101 2.5D-09 -1.910D+03  3.000D-06 8.3D-11 0.0D+00    0    0 6.29D-10 1.00D+00 5.82D-11 1.833D-03     0.00
      102 2.5D-09 -1.910D+03  3.000D-06 8.3D-11 0.0D+00    0    0 6.29D-10 1.00D+00 5.82D-11 1.833D-03     0.00
      103 2.5D-09 -1.910D+03  3.000D-06 8.3D-11 0.0D+00    0    0 6.29D-10 1.00D+00 5.82D-11 1.833D-03     0.00
      104 2.5D-09 -1.910D+03  3.000D-06 8.3D-11 0.0D+00    0    0 6.29D-10 1.00D+00 5.82D-11 1.833D-03     0.00
      105 2.5D-09 -1.910D+03  3.000D-06 8.3D-11 0.0D+00    0    0 6.29D-10 1.00D+00 5.82D-11 1.833D-03     0.00
      106 2.5D-09 -1.910D+03  3.000D-06 8.3D-11 0.0D+00    0    0 6.29D-10 1.00D+00 5.82D-11 1.833D-03     0.00
      107 2.5D-09 -1.910D+03  3.000D-06 8.3D-11 0.0D+00    0    0 6.29D-10 1.00D+00 5.82D-11 1.833D-03     0.00
      108 2.5D-09 -1.910D+03  3.000D-06 8.3D-11 0.0D+00    0    0 6.29D-10 1.00D+00 5.82D-11 1.833D-03     0.00
      109 2.5D-09 -1.910D+03  3.000D-06 8.3D-11 0.0D+00    0    0 6.29D-10 1.00D+00 5.82D-11 1.833D-03     0.00
      110 2.5D-09 -1.910D+03  3.000D-06 8.3D-11 0.0D+00    0    0 6.29D-10 1.00D+00 5.82D-11 1.833D-03     0.00

    inner barrier   scaled     scaled     min     min    NW   SE     dx      alpha    alpha    inner   time (s)
     ite   param   obj func     feas      x-l     u-x   pert pert   norm      max             opt err 
      111 2.5D-09 -1.910D+03  3.000D-06 8.3D-11 0.0D+00    0    0 6.29D-10 1.00D+00 5.82D-11 1.833D-03     0.00
      112 2.5D-09 -1.910D+03  3.000D-06 8.3D-11 0.0D+00    0    0 6.29D-10 1.00D+00 5.82D-11 1.833D-03     0.00
      113 2.5D-09 -1.910D+03  3.000D-06 8.3D-11 0.0D+00    0    0 6.29D-10 1.00D+00 5.82D-11 1.833D-03     0.00
      114 2.5D-09 -1.910D+03  3.000D-06 8.3D-11 0.0D+00    0    0 6.29D-10 1.00D+00 5.82D-11 1.833D-03     0.00
      115 2.5D-09 -1.910D+03  3.000D-06 8.3D-11 0.0D+00    0    0 6.29D-10 1.00D+00 5.82D-11 1.833D-03     0.00
      116 2.5D-09 -1.910D+03  3.000D-06 8.3D-11 0.0D+00    0    0 6.29D-10 1.00D+00 5.82D-11 1.833D-03     0.00
      117 2.5D-09 -1.910D+03  3.000D-06 8.3D-11 0.0D+00    0    0 6.29D-10 1.00D+00 5.82D-11 1.833D-03     0.00
      118 2.5D-09 -1.910D+03  3.000D-06 8.3D-11 0.0D+00    0    0 6.29D-10 1.00D+00 5.82D-11 1.833D-03     0.00
      119 2.5D-09 -1.910D+03  3.000D-06 8.3D-11 0.0D+00    0    0 6.29D-10 1.00D+00 5.82D-11 1.833D-03     0.00
      120 2.5D-09 -1.910D+03  3.000D-06 8.3D-11 0.0D+00    0    0 6.29D-10 1.00D+00 5.82D-11 1.833D-03     0.00

    inner barrier   scaled     scaled     min     min    NW   SE     dx      alpha    alpha    inner   time (s)
     ite   param   obj func     feas      x-l     u-x   pert pert   norm      max             opt err 
      121 2.5D-09 -1.910D+03  3.000D-06 8.3D-11 0.0D+00    0    0 6.29D-10 1.00D+00 5.82D-11 1.833D-03     0.00
      122 2.5D-09 -1.910D+03  3.000D-06 8.3D-11 0.0D+00    0    0 6.29D-10 1.00D+00 5.82D-11 1.833D-03     0.00
      123 2.5D-09 -1.910D+03  3.000D-06 8.3D-11 0.0D+00    0    0 6.29D-10 1.00D+00 5.82D-11 1.833D-03     0.00
      124 2.5D-09 -1.910D+03  3.000D-06 8.3D-11 0.0D+00    0    0 6.29D-10 1.00D+00 5.82D-11 1.833D-03     0.00
      125 2.5D-09 -1.910D+03  3.000D-06 8.3D-11 0.0D+00    0    0 6.29D-10 1.00D+00 5.82D-11 1.833D-03     0.00
      126 2.5D-09 -1.910D+03  3.000D-06 8.3D-11 0.0D+00    0    0 6.29D-10 1.00D+00 5.82D-11 1.833D-03     0.00
      127 2.5D-09 -1.910D+03  3.000D-06 8.3D-11 0.0D+00    0    0 6.29D-10 1.00D+00 5.82D-11 1.833D-03     0.00
      128 2.5D-09 -1.910D+03  3.000D-06 8.3D-11 0.0D+00    0    0 6.29D-10 1.00D+00 5.82D-11 1.833D-03     0.00
      129 2.5D-09 -1.910D+03  3.000D-06 8.3D-11 0.0D+00    0    0 6.29D-10 1.00D+00 5.82D-11 1.833D-03     0.00
      130 2.5D-09 -1.910D+03  3.000D-06 8.3D-11 0.0D+00    0    0 6.29D-10 1.00D+00 5.82D-11 1.833D-03     0.00

    inner barrier   scaled     scaled     min     min    NW   SE     dx      alpha    alpha    inner   time (s)
     ite   param   obj func     feas      x-l     u-x   pert pert   norm      max             opt err 
      131 2.5D-09 -1.910D+03  3.000D-06 8.3D-11 0.0D+00    0    0 6.29D-10 1.00D+00 5.82D-11 1.833D-03     0.00
      132 2.5D-09 -1.910D+03  3.000D-06 8.3D-11 0.0D+00    0    0 6.29D-10 1.00D+00 5.82D-11 1.833D-03     0.00
      133 2.5D-09 -1.910D+03  3.000D-06 8.3D-11 0.0D+00    0    0 6.29D-10 1.00D+00 5.82D-11 1.833D-03     0.00
      134 2.5D-09 -1.910D+03  3.000D-06 8.3D-11 0.0D+00    0    0 6.29D-10 1.00D+00 5.82D-11 1.833D-03     0.00
      135 2.5D-09 -1.910D+03  3.000D-06 8.3D-11 0.0D+00    0    0 6.29D-10 1.00D+00 5.82D-11 1.833D-03     0.00
      136 2.5D-09 -1.910D+03  3.000D-06 8.3D-11 0.0D+00    0    0 6.29D-10 1.00D+00 5.82D-11 1.833D-03     0.00
      137 2.5D-09 -1.910D+03  3.000D-06 8.3D-11 0.0D+00    0    0 6.29D-10 1.00D+00 5.82D-11 1.833D-03     0.00
      138 2.5D-09 -1.910D+03  3.000D-06 8.3D-11 0.0D+00    0    0 6.29D-10 1.00D+00 5.82D-11 1.833D-03     0.00
      139 2.5D-09 -1.910D+03  3.000D-06 8.3D-11 0.0D+00    0    0 6.29D-10 1.00D+00 5.82D-11 1.833D-03     0.00
      140 2.5D-09 -1.910D+03  3.000D-06 8.3D-11 0.0D+00    0    0 6.29D-10 1.00D+00 5.82D-11 1.833D-03     0.00

    inner barrier   scaled     scaled     min     min    NW   SE     dx      alpha    alpha    inner   time (s)
     ite   param   obj func     feas      x-l     u-x   pert pert   norm      max             opt err 
      141 2.5D-09 -1.910D+03  3.000D-06 8.3D-11 0.0D+00    0    0 6.29D-10 1.00D+00 5.82D-11 1.833D-03     0.00
      142 2.5D-09 -1.910D+03  3.000D-06 8.3D-11 0.0D+00    0    0 6.29D-10 1.00D+00 5.82D-11 1.833D-03     0.00
      143 2.5D-09 -1.910D+03  3.000D-06 8.3D-11 0.0D+00    0    0 6.29D-10 1.00D+00 5.82D-11 1.833D-03     0.00
      144 2.5D-09 -1.910D+03  3.000D-06 8.3D-11 0.0D+00    0    0 6.29D-10 1.00D+00 5.82D-11 1.833D-03     0.00
      145 2.5D-09 -1.910D+03  3.000D-06 8.3D-11 0.0D+00    0    0 6.29D-10 1.00D+00 5.82D-11 1.833D-03     0.00
      146 2.5D-09 -1.910D+03  3.000D-06 8.3D-11 0.0D+00    0    0 6.29D-10 1.00D+00 5.82D-11 1.833D-03     0.00
      147 2.5D-09 -1.910D+03  3.000D-06 8.3D-11 0.0D+00    0    0 6.29D-10 1.00D+00 5.82D-11 1.833D-03     0.00
      148 2.5D-09 -1.910D+03  3.000D-06 8.3D-11 0.0D+00    0    0 6.29D-10 1.00D+00 5.82D-11 1.833D-03     0.00
      149 2.5D-09 -1.910D+03  3.000D-06 8.3D-11 0.0D+00    0    0 6.29D-10 1.00D+00 5.82D-11 1.833D-03     0.00
      150 2.5D-09 -1.910D+03  3.000D-06 8.3D-11 0.0D+00    0    0 6.29D-10 1.00D+00 5.82D-11 1.833D-03     0.00

    inner barrier   scaled     scaled     min     min    NW   SE     dx      alpha    alpha    inner   time (s)
     ite   param   obj func     feas      x-l     u-x   pert pert   norm      max             opt err 
      151 2.5D-09 -1.910D+03  3.000D-06 8.3D-11 0.0D+00    0    0 6.29D-10 1.00D+00 5.82D-11 1.833D-03     0.00
      152 2.5D-09 -1.910D+03  3.000D-06 8.3D-11 0.0D+00    0    0 6.29D-10 1.00D+00 5.82D-11 1.833D-03     0.00
      153 2.5D-09 -1.910D+03  3.000D-06 8.3D-11 0.0D+00    0    0 6.29D-10 1.00D+00 5.82D-11 1.833D-03     0.00
      154 2.5D-09 -1.910D+03  3.000D-06 8.3D-11 0.0D+00    0    0 6.29D-10 1.00D+00 5.82D-11 1.833D-03     0.00
      155 2.5D-09 -1.910D+03  3.000D-06 8.3D-11 0.0D+00    0    0 6.29D-10 1.00D+00 5.82D-11 1.833D-03     0.00
      156 2.5D-09 -1.910D+03  3.000D-06 8.3D-11 0.0D+00    0    0 6.29D-10 1.00D+00 5.82D-11 1.833D-03     0.00
      157 2.5D-09 -1.910D+03  3.000D-06 8.3D-11 0.0D+00    0    0 6.29D-10 1.00D+00 5.82D-11 1.833D-03     0.00
      158 2.5D-09 -1.910D+03  3.000D-06 8.3D-11 0.0D+00    0    0 6.29D-10 1.00D+00 5.82D-11 1.833D-03     0.00
      159 2.5D-09 -1.910D+03  3.000D-06 8.3D-11 0.0D+00    0    0 6.29D-10 1.00D+00 5.82D-11 1.833D-03     0.00
      160 2.5D-09 -1.910D+03  3.000D-06 8.3D-11 0.0D+00    0    0 6.29D-10 1.00D+00 5.82D-11 1.833D-03     0.00

    inner barrier   scaled     scaled     min     min    NW   SE     dx      alpha    alpha    inner   time (s)
     ite   param   obj func     feas      x-l     u-x   pert pert   norm      max             opt err 
      161 2.5D-09 -1.910D+03  3.000D-06 8.3D-11 0.0D+00    0    0 6.29D-10 1.00D+00 5.82D-11 1.833D-03     0.00
      162 2.5D-09 -1.910D+03  3.000D-06 8.3D-11 0.0D+00    0    0 6.29D-10 1.00D+00 5.82D-11 1.833D-03     0.00
      163 2.5D-09 -1.910D+03  3.000D-06 8.3D-11 0.0D+00    0    0 6.29D-10 1.00D+00 5.82D-11 1.833D-03     0.00
      164 2.5D-09 -1.910D+03  3.000D-06 8.3D-11 0.0D+00    0    0 6.29D-10 1.00D+00 5.82D-11 1.833D-03     0.00
      165 2.5D-09 -1.910D+03  3.000D-06 8.3D-11 0.0D+00    0    0 6.29D-10 1.00D+00 5.82D-11 1.833D-03     0.00
      166 2.5D-09 -1.910D+03  3.000D-06 8.3D-11 0.0D+00    0    0 6.29D-10 1.00D+00 5.82D-11 1.833D-03     0.00
      167 2.5D-09 -1.910D+03  3.000D-06 8.3D-11 0.0D+00    0    0 6.29D-10 1.00D+00 5.82D-11 1.833D-03     0.00
      168 2.5D-09 -1.910D+03  3.000D-06 8.3D-11 0.0D+00    0    0 6.29D-10 1.00D+00 5.82D-11 1.833D-03     0.00
      169 2.5D-09 -1.910D+03  3.000D-06 8.3D-11 0.0D+00    0    0 6.29D-10 1.00D+00 5.82D-11 1.833D-03     0.00
      170 2.5D-09 -1.910D+03  3.000D-06 8.3D-11 0.0D+00    0    0 6.29D-10 1.00D+00 5.82D-11 1.833D-03     0.00

    inner barrier   scaled     scaled     min     min    NW   SE     dx      alpha    alpha    inner   time (s)
     ite   param   obj func     feas      x-l     u-x   pert pert   norm      max             opt err 
      171 2.5D-09 -1.910D+03  3.000D-06 8.3D-11 0.0D+00    0    0 6.29D-10 1.00D+00 5.82D-11 1.833D-03     0.00
      172 2.5D-09 -1.910D+03  3.000D-06 8.3D-11 0.0D+00    0    0 6.29D-10 1.00D+00 5.82D-11 1.833D-03     0.00
      173 2.5D-09 -1.910D+03  3.000D-06 8.3D-11 0.0D+00    0    0 6.29D-10 1.00D+00 5.82D-11 1.833D-03     0.00
      174 2.5D-09 -1.910D+03  3.000D-06 8.3D-11 0.0D+00    0    0 6.29D-10 1.00D+00 5.82D-11 1.833D-03     0.00
      175 2.5D-09 -1.910D+03  3.000D-06 8.3D-11 0.0D+00    0    0 6.29D-10 1.00D+00 5.82D-11 1.833D-03     0.00
      176 2.5D-09 -1.910D+03  3.000D-06 8.3D-11 0.0D+00    0    0 6.29D-10 1.00D+00 5.82D-11 1.833D-03     0.00
      177 2.5D-09 -1.910D+03  3.000D-06 8.3D-11 0.0D+00    0    0 6.29D-10 1.00D+00 5.82D-11 1.833D-03     0.00
      178 2.5D-09 -1.910D+03  3.000D-06 8.3D-11 0.0D+00    0    0 6.29D-10 1.00D+00 5.82D-11 1.833D-03     0.00
      179 2.5D-09 -1.910D+03  3.000D-06 8.3D-11 0.0D+00    0    0 6.29D-10 1.00D+00 5.82D-11 1.833D-03     0.00
      180 2.5D-09 -1.910D+03  3.000D-06 8.3D-11 0.0D+00    0    0 6.29D-10 1.00D+00 5.82D-11 1.833D-03     0.00

    inner barrier   scaled     scaled     min     min    NW   SE     dx      alpha    alpha    inner   time (s)
     ite   param   obj func     feas      x-l     u-x   pert pert   norm      max             opt err 
      181 2.5D-09 -1.910D+03  3.000D-06 8.3D-11 0.0D+00    0    0 6.29D-10 1.00D+00 5.82D-11 1.833D-03     0.00
      182 2.5D-09 -1.910D+03  3.000D-06 8.3D-11 0.0D+00    0    0 6.29D-10 1.00D+00 5.82D-11 1.833D-03     0.00
      183 2.5D-09 -1.910D+03  3.000D-06 8.3D-11 0.0D+00    0    0 6.29D-10 1.00D+00 5.82D-11 1.833D-03     0.00
      184 2.5D-09 -1.910D+03  3.000D-06 8.3D-11 0.0D+00    0    0 6.29D-10 1.00D+00 5.82D-11 1.833D-03     0.00
      185 2.5D-09 -1.910D+03  3.000D-06 8.3D-11 0.0D+00    0    0 6.29D-10 1.00D+00 5.82D-11 1.833D-03     0.00
      186 2.5D-09 -1.910D+03  3.000D-06 8.3D-11 0.0D+00    0    0 6.29D-10 1.00D+00 5.82D-11 1.833D-03     0.00
      187 2.5D-09 -1.910D+03  3.000D-06 8.3D-11 0.0D+00    0    0 6.29D-10 1.00D+00 5.82D-11 1.833D-03     0.00
      188 2.5D-09 -1.910D+03  3.000D-06 8.3D-11 0.0D+00    0    0 6.29D-10 1.00D+00 5.82D-11 1.833D-03     0.00
      189 2.5D-09 -1.910D+03  3.000D-06 8.3D-11 0.0D+00    0    0 6.29D-10 1.00D+00 5.82D-11 1.833D-03     0.00
      190 2.5D-09 -1.910D+03  3.000D-06 8.3D-11 0.0D+00    0    0 6.29D-10 1.00D+00 5.82D-11 1.833D-03     0.00

    inner barrier   scaled     scaled     min     min    NW   SE     dx      alpha    alpha    inner   time (s)
     ite   param   obj func     feas      x-l     u-x   pert pert   norm      max             opt err 
      191 2.5D-09 -1.910D+03  3.000D-06 8.3D-11 0.0D+00    0    0 6.29D-10 1.00D+00 5.82D-11 1.833D-03     0.00
      192 2.5D-09 -1.910D+03  3.000D-06 8.3D-11 0.0D+00    0    0 6.29D-10 1.00D+00 5.82D-11 1.833D-03     0.00
      193 2.5D-09 -1.910D+03  3.000D-06 8.3D-11 0.0D+00    0    0 6.29D-10 1.00D+00 5.82D-11 1.833D-03     0.00
      194 2.5D-09 -1.910D+03  3.000D-06 8.3D-11 0.0D+00    0    0 6.29D-10 1.00D+00 5.82D-11 1.833D-03     0.00
      195 2.5D-09 -1.910D+03  3.000D-06 8.3D-11 0.0D+00    0    0 6.29D-10 1.00D+00 5.82D-11 1.833D-03     0.00
      196 2.5D-09 -1.910D+03  3.000D-06 8.3D-11 0.0D+00    0    0 6.29D-10 1.00D+00 5.82D-11 1.833D-03     0.00
      197 2.5D-09 -1.910D+03  3.000D-06 8.3D-11 0.0D+00    0    0 6.29D-10 1.00D+00 5.82D-11 1.833D-03     0.00
      198 2.5D-09 -1.910D+03  3.000D-06 8.3D-11 0.0D+00    0    0 6.29D-10 1.00D+00 5.82D-11 1.833D-03     0.00
      199 2.5D-09 -1.910D+03  3.000D-06 8.3D-11 0.0D+00    0    0 6.29D-10 1.00D+00 5.82D-11 1.833D-03     0.00
      200 2.5D-09 -1.910D+03  3.000D-06 8.3D-11 0.0D+00    0    0 6.29D-10 1.00D+00 5.82D-11 1.833D-03     0.00

    inner barrier   scaled     scaled     min     min    NW   SE     dx      alpha    alpha    inner   time (s)
     ite   param   obj func     feas      x-l     u-x   pert pert   norm      max             opt err 
      201 2.5D-09 -1.910D+03  3.000D-06 8.3D-11 0.0D+00    0    0 6.29D-10 1.00D+00 5.82D-11 1.833D-03     0.00


     6 1.0D-09 -1.910345D+03 -1.910345D+03 1.833D-03   227M
 ==========================================================

 FINAL RESULTS:
                            scaled                   unscaled
  Objective Funct:  -1.9103447353676606D+03   -1.9103447353676606D+03
  Lagrangian Grad:   1.8327377965634550D-03    1.8327377965634550D-03
 Final Point Feas:   3.0000029999999690D-06    3.0000029999999690D-06
 Bounds violation:   0.0000000000000000D+00    0.0000000000000000D+00
 Lower Bound Comp:   2.5105076032372746D-09    2.5105076032372746D-09
 Upper Bound Comp:   0.0000000000000000D+00    0.0000000000000000D+00

 Flag of LCMIN:

     Maximum inner iterations exceeded.

 ====================================================
                      STATISTICS                     
 ====================================================
 GENERAL:                                            

           Preprocessing time (in seconds):      0.91
            Optimization time (in seconds):      0.50

                      Inner Iterations (IIT):     227
                      Outer Iterations (OIT):       6
                  Function Evaluations (FEV):    6570
         Function Gradient Evaluations (GEV):     228
          Function Hessian Evaluations (HEV):     227
          Barrier Function Evaluations (BFE):    6796
 Barrier Function Gradient Evaluations (BGE):     227
 ====================================================
 AVERAGE:                                            

 Inner Iterations per Outer Iterations  :     37.8333
 FEV per IIT:     28.9427    FEV per OIT:   1095.0000
 GEV per IIT:      1.0044    GEV per OIT:     38.0000
 HEV per IIT:      1.0000    HEV per OIT:     37.8333
 BFE per IIT:     29.9383    BFE per OIT:   1132.6666
 BGE per IIT:      1.0000    BGE per OIT:     37.8333
 ====================================================

