
 ==============================================================================
 This is ALGENCAN 3.1.1.
 ALGENCAN, an Augmented Lagrangian method for nonlinear programming, is part of
 the TANGO Project: Trustable Algorithms for Nonlinear General Optimization.
 See http://www.ime.usp.br/~egbirgin/tango/ for details.
 ==============================================================================

 Processing array of parameters with   3 entrances:

 IGNORE-OBJECTIVE-FUNCTION                    
 ITERATIONS-OUTPUT-DETAIL                                                    11
 TRUNCATED-NEWTON-LINE-SEARCH-INNER-SOLVER                                   ''

 The specification file is not being used.

 Available HSL subroutines = MA57           

 ALGENCAN PARAMETERS:

 firstde                =                    T
 seconde                =                    T
 truehpr                =                    T
 hptype in TN           =               TRUEHP
 lsslvr in TR           =            MA57/NONE
 lsslvr in NW           =            MA57/NONE
 lsslvr in ACCPROC      =            MA57/NONE
 innslvr                =                   TN
 accproc                =                    T
 rmfixv                 =                    T
 slacks                 =                    F
 scale                  =                    T
 epsfeas                =           3.1623D-05
 epsopt                 =           1.0000D-08
 efstain                =           5.6234D-03
 eostain                =           1.0000D-12
 efacc                  =           5.6234D-03
 eoacc                  =           1.0000D-04
 iprint                 =                   11
 ncomp                  =                    6

 Specification filename =                   ''
 Output filename        =          'lcmin.out'
 Solution filename      =                   ''

 Number of variables               :       4
 Number of equality constraints    :       1
 Number of inequality constraints  :       0
 Number of bound constraints       :       8
 Number of fixed variables         :       0

 There are no fixed variables to be removed.

 Objective function scale factor   : 1.0D+00
 Smallest constraints scale factor : 1.0D+00

 Since the scaling factor(s) is(are) equal to one, scaling was inhibited.

     Entry to GENCAN.
     Number of variables:       4
     Required optimality tolerance: 1.0D-08

     It         function  gpsupn   xsupn stesupn   nfree   SPGit in-face    fcnt
      0   5.00000000D-01 4.9D-01 5.0D-01
      1   0.00000000D+00 0.0D+00 2.5D-01 2.5D-01       4       0       1       3

     Flag of GENCAN: Solution was found.


 User-provided subroutines calls counters: 

 Subroutine fsub     (coded=F):        0
 Subroutine gsub     (coded=F):        0
 Subroutine hsub     (coded=F):        0
 Subroutine csub     (coded=F):        0 (       0 calls per constraint in avg)
 Subroutine jacsub   (coded=F):        0 (       0 calls per constraint in avg)
 Subroutine hcsub    (coded=F):        0 (       0 calls per constraint in avg)
 Subroutine fcsub    (coded=T):        3
 Subroutine gjacsub  (coded=T):        4
 Subroutine gjacpsub (coded=F):        0
 Subroutine hlsub    (coded=T):        1
 Subroutine hlpsub   (coded=F):        0


 Total CPU time in seconds =     0.15

 ==============================================================================

 Initial point computed successfully.

                                            achieved                  desired        
 Unscaled feasibility ..............:   0.0000000000000000D+00   1.0000000000000001D-09
 Smallest distance to lower bound ..:   2.5000000000000000D-01   1.0000000000000000D-03
 Smallest distance to upper bound ..:   7.5000000000000000D-01   1.0000000000000000D-03

 Starting LCMIN.
 Number of variables   :       4
 Number of constraints :       1

 Scale factor for the objective function   : 1.0D+00
 Smallest scale factor for the constraints : 1.0D+00

 ==========================================================
 outer barrier   objective       scaled      outer   inner
  ite   param     function     obj funct    opt err   ite 
     0 1.0D-01  2.997771D+01  2.997771D+01 4.201D+01     0 

    inner barrier   scaled     scaled     min     min    NW   SE     dx      alpha    alpha    inner   time (s)
     ite   param   obj func     feas      x-l     u-x   pert pert   norm      max             opt err 
        1 1.0D-01  2.435D+01  1.110D-16 1.3D-01 5.0D-01    0    0 4.94D-01 1.00D+00 1.00D+00 5.750D+01     0.00
        2 1.0D-01  2.264D+01  1.110D-16 1.2D-01 5.6D-01    0    0 1.32D-01 1.00D+00 1.00D+00 9.766D+00     0.00
        3 1.0D-01  2.257D+01  0.000D+00 1.3D-01 5.7D-01    0    0 3.42D-02 1.00D+00 1.00D+00 5.429D-01     0.00


     1 2.0D-02  2.257132D+01  2.257132D+01 5.429D-01     3C

    inner barrier   scaled     scaled     min     min    NW   SE     dx      alpha    alpha    inner   time (s)
     ite   param   obj func     feas      x-l     u-x   pert pert   norm      max             opt err 
        1 2.0D-02  2.257D+01  0.000D+00 1.3D-01 5.7D-01    0    0 1.81D-03 1.00D+00 1.00D+00 7.883D-04     0.00


     2 2.8D-03  2.257110D+01  2.257110D+01 2.034D-02     4C


     3 1.5D-04  2.257110D+01  2.257110D+01 2.034D-02     4C

    inner barrier   scaled     scaled     min     min    NW   SE     dx      alpha    alpha    inner   time (s)
     ite   param   obj func     feas      x-l     u-x   pert pert   norm      max             opt err 
        1 1.5D-04  2.257D+01  0.000D+00 1.3D-01 5.7D-01    0    0 5.67D-04 1.00D+00 1.00D+00 5.277D-05     0.00


     4 1.8D-06  2.257109D+01  2.257109D+01 1.871D-04     5C

    inner barrier   scaled     scaled     min     min    NW   SE     dx      alpha    alpha    inner   time (s)
     ite   param   obj func     feas      x-l     u-x   pert pert   norm      max             opt err 
        1 1.8D-06  2.257D+01  1.110D-16 1.3D-01 5.7D-01    0    0 5.47D-06 1.00D+00 1.00D+00 4.450D-09     0.00


     5 2.5D-09  2.257109D+01  2.257109D+01 1.849D-06     6C

    inner barrier   scaled     scaled     min     min    NW   SE     dx      alpha    alpha    inner   time (s)
     ite   param   obj func     feas      x-l     u-x   pert pert   norm      max             opt err 
        1 2.5D-09  2.257D+01  2.220D-16 1.3D-01 5.7D-01    0    0 5.21D-08 1.00D+00 1.00D+00 4.543D-13     0.00


     6 1.0D-09  2.257109D+01  2.257109D+01 2.506D-09     7C
 ==========================================================

 FINAL RESULTS:
                            scaled                   unscaled
  Objective Funct:   2.2571087363489056D+01    2.2571087363489056D+01
  Lagrangian Grad:   4.5428511441923561D-13    4.5428511441923561D-13
 Final Point Feas:   2.2204460492503131D-16    2.2204460492503131D-16
 Bounds violation:   0.0000000000000000D+00    0.0000000000000000D+00
 Lower Bound Comp:   2.5062085151297560D-09    2.5062085151297560D-09
 Upper Bound Comp:   2.5059522898053339D-09    2.5059522898053339D-09

 Flag of LCMIN:

     Optimal solution found.

 ====================================================
                      STATISTICS                     
 ====================================================
 GENERAL:                                            

           Preprocessing time (in seconds):      0.87
            Optimization time (in seconds):      0.03

                      Inner Iterations (IIT):       7
                      Outer Iterations (OIT):       6
                  Function Evaluations (FEV):       8
         Function Gradient Evaluations (GEV):       8
          Function Hessian Evaluations (HEV):       7
          Barrier Function Evaluations (BFE):      14
 Barrier Function Gradient Evaluations (BGE):       7
 ====================================================
 AVERAGE:                                            

 Inner Iterations per Outer Iterations  :      1.1667
 FEV per IIT:      1.1429    FEV per OIT:      1.3333
 GEV per IIT:      1.1429    GEV per OIT:      1.3333
 HEV per IIT:      1.0000    HEV per OIT:      1.1667
 BFE per IIT:      2.0000    BFE per OIT:      2.3333
 BGE per IIT:      1.0000    BGE per OIT:      1.1667
 ====================================================

