
 ==============================================================================
 This is ALGENCAN 3.1.1.
 ALGENCAN, an Augmented Lagrangian method for nonlinear programming, is part of
 the TANGO Project: Trustable Algorithms for Nonlinear General Optimization.
 See http://www.ime.usp.br/~egbirgin/tango/ for details.
 ==============================================================================

 Processing array of parameters with   3 entrances:

 IGNORE-OBJECTIVE-FUNCTION                    
 ITERATIONS-OUTPUT-DETAIL                                                    11
 TRUNCATED-NEWTON-LINE-SEARCH-INNER-SOLVER                                   ''

 The specification file is not being used.

 Available HSL subroutines = MA57           

 ALGENCAN PARAMETERS:

 firstde                =                    T
 seconde                =                    T
 truehpr                =                    T
 hptype in TN           =               TRUEHP
 lsslvr in TR           =            MA57/NONE
 lsslvr in NW           =            MA57/NONE
 lsslvr in ACCPROC      =            MA57/NONE
 innslvr                =                   TN
 accproc                =                    T
 rmfixv                 =                    T
 slacks                 =                    F
 scale                  =                    T
 epsfeas                =           3.1623D-05
 epsopt                 =           1.0000D-08
 efstain                =           5.6234D-03
 eostain                =           1.0000D-12
 efacc                  =           5.6234D-03
 eoacc                  =           1.0000D-04
 iprint                 =                   11
 ncomp                  =                    6

 Specification filename =                   ''
 Output filename        =          'lcmin.out'
 Solution filename      =                   ''

 Number of variables               :      10
 Number of equality constraints    :       3
 Number of inequality constraints  :       0
 Number of bound constraints       :      10
 Number of fixed variables         :       0

 There are no fixed variables to be removed.

 Objective function scale factor   : 1.0D+00
 Smallest constraints scale factor : 5.0D-01

     Entry to GENCAN.
     Number of variables:      10
     Required optimality tolerance: 1.0D-08

     It         function  gpsupn   xsupn stesupn   nfree   SPGit in-face    fcnt
      0   2.62500000D-01 7.5D-01 1.0D-01
      1   1.23259516D-32 1.7D-16 3.2D-01 2.2D-01      10       0       1       3

     Flag of GENCAN: Solution was found.


 User-provided subroutines calls counters: 

 Subroutine fsub     (coded=F):        0
 Subroutine gsub     (coded=F):        0
 Subroutine hsub     (coded=F):        0
 Subroutine csub     (coded=F):        0 (       0 calls per constraint in avg)
 Subroutine jacsub   (coded=F):        0 (       0 calls per constraint in avg)
 Subroutine hcsub    (coded=F):        0 (       0 calls per constraint in avg)
 Subroutine fcsub    (coded=T):        3
 Subroutine gjacsub  (coded=T):        4
 Subroutine gjacpsub (coded=F):        0
 Subroutine hlsub    (coded=T):        1
 Subroutine hlpsub   (coded=F):        0


 Total CPU time in seconds =     0.15

 ==============================================================================

 Initial point computed successfully.

                                            achieved                  desired        
 Unscaled feasibility ..............:   2.2204460492503131D-16   1.0000000000000001D-09
 Smallest distance to lower bound ..:   1.0180431820119588D-01   1.0000000000000000D-03

 Starting LCMIN.
 Number of variables   :      10
 Number of constraints :       3

 Scale factor for the objective function   : 1.0D+00
 Smallest scale factor for the constraints : 1.0D+00

 ==========================================================
 outer barrier   objective       scaled      outer   inner
  ite   param     function     obj funct    opt err   ite 
     0 1.0D-01 -4.483025D+01 -4.483025D+01 4.092D+00     0 

    inner barrier   scaled     scaled     min     min    NW   SE     dx      alpha    alpha    inner   time (s)
     ite   param   obj func     feas      x-l     u-x   pert pert   norm      max             opt err 
        1 1.0D-01 -4.709D+01  1.110D-16 2.9D-03 0.0D+00    0    0 1.82D+00 5.16D-01 5.16D-01 2.914D+00     0.00
        2 1.0D-01 -4.747D+01  2.220D-16 1.8D-02 0.0D+00    0    0 6.67D-01 1.00D+00 1.00D+00 1.075D+01     0.00
        3 1.0D-01 -4.744D+01  2.220D-16 3.1D-02 0.0D+00    0    0 1.05D-01 1.00D+00 1.00D+00 2.266D-01     0.00


     1 2.0D-02 -4.743855D+01 -4.743855D+01 2.266D-01     3C

    inner barrier   scaled     scaled     min     min    NW   SE     dx      alpha    alpha    inner   time (s)
     ite   param   obj func     feas      x-l     u-x   pert pert   norm      max             opt err 
        1 2.0D-02 -4.769D+01  2.220D-16 1.2D-02 0.0D+00    0    0 3.50D-01 1.00D+00 1.00D+00 4.304D-01     0.00
        2 2.0D-02 -4.772D+01  1.110D-16 8.7D-03 0.0D+00    0    0 8.18D-02 1.00D+00 1.00D+00 5.162D-02     0.00


     2 2.8D-03 -4.772003D+01 -4.772003D+01 5.162D-02     5C

    inner barrier   scaled     scaled     min     min    NW   SE     dx      alpha    alpha    inner   time (s)
     ite   param   obj func     feas      x-l     u-x   pert pert   norm      max             opt err 
        1 2.8D-03 -4.776D+01  1.110D-16 3.4D-03 0.0D+00    0    0 1.24D-01 1.00D+00 1.00D+00 3.366D-01     0.00
        2 2.8D-03 -4.776D+01  2.220D-16 2.5D-03 0.0D+00    0    0 1.54D-02 1.00D+00 1.00D+00 3.864D-02     0.00
        3 2.8D-03 -4.776D+01  1.110D-16 2.3D-03 0.0D+00    0    0 1.16D-03 1.00D+00 1.00D+00 2.449D-03     0.00


     3 1.5D-04 -4.775853D+01 -4.775853D+01 2.847D-03     8C

    inner barrier   scaled     scaled     min     min    NW   SE     dx      alpha    alpha    inner   time (s)
     ite   param   obj func     feas      x-l     u-x   pert pert   norm      max             opt err 
        1 1.5D-04 -4.776D+01  1.110D-16 1.1D-03 0.0D+00    0    0 2.46D-02 1.00D+00 1.00D+00 2.130D-01     0.00
        2 1.5D-04 -4.776D+01  1.110D-16 8.9D-04 0.0D+00    0    0 1.40D-03 1.00D+00 1.00D+00 2.472D-02     0.00
        3 1.5D-04 -4.776D+01  0.000D+00 8.3D-04 0.0D+00    0    0 2.06D-04 1.00D+00 1.00D+00 2.270D-03     0.00
        4 1.5D-04 -4.776D+01  2.220D-16 8.3D-04 0.0D+00    0    0 8.28D-06 1.00D+00 1.00D+00 6.060D-06     0.00


     4 1.8D-06 -4.776107D+01 -4.776107D+01 1.504D-04    12C

    inner barrier   scaled     scaled     min     min    NW   SE     dx      alpha    alpha    inner   time (s)
     ite   param   obj func     feas      x-l     u-x   pert pert   norm      max             opt err 
        1 1.8D-06 -4.776D+01  2.220D-16 7.0D-04 0.0D+00    0    0 1.62D-03 1.00D+00 1.00D+00 1.279D-02     0.00
        2 1.8D-06 -4.776D+01  1.110D-16 6.9D-04 0.0D+00    0    0 3.17D-05 1.00D+00 1.00D+00 9.732D-05     0.00
        3 1.8D-06 -4.776D+01  1.110D-16 6.9D-04 0.0D+00    0    0 4.86D-07 1.00D+00 1.00D+00 3.863D-08     0.00


     5 2.5D-09 -4.776109D+01 -4.776109D+01 1.845D-06    15C

    inner barrier   scaled     scaled     min     min    NW   SE     dx      alpha    alpha    inner   time (s)
     ite   param   obj func     feas      x-l     u-x   pert pert   norm      max             opt err 
        1 2.5D-09 -4.776D+01  2.220D-16 6.9D-04 0.0D+00    0    0 2.08D-05 1.00D+00 1.00D+00 3.509D-06     0.00
        2 2.5D-09 -4.776D+01  4.441D-16 6.9D-04 0.0D+00    0    0 7.34D-09 1.00D+00 1.00D+00 6.213D-12     0.00


     6 1.0D-09 -4.776109D+01 -4.776109D+01 2.506D-09    17C
 ==========================================================

 FINAL RESULTS:
                            scaled                   unscaled
  Objective Funct:  -4.7761090859365851D+01   -4.7761090859365851D+01
  Lagrangian Grad:   6.2125589579765440D-12    6.2125589579765440D-12
 Final Point Feas:   4.4408920985006262D-16    4.4408920985006262D-16
 Bounds violation:   0.0000000000000000D+00    0.0000000000000000D+00
 Lower Bound Comp:   2.5059207503746915D-09    2.5059207503746915D-09
 Upper Bound Comp:   0.0000000000000000D+00    0.0000000000000000D+00

 Flag of LCMIN:

     Optimal solution found.

 ====================================================
                      STATISTICS                     
 ====================================================
 GENERAL:                                            

           Preprocessing time (in seconds):      0.89
            Optimization time (in seconds):      0.01

                      Inner Iterations (IIT):      17
                      Outer Iterations (OIT):       6
                  Function Evaluations (FEV):      18
         Function Gradient Evaluations (GEV):      18
          Function Hessian Evaluations (HEV):      17
          Barrier Function Evaluations (BFE):      34
 Barrier Function Gradient Evaluations (BGE):      17
 ====================================================
 AVERAGE:                                            

 Inner Iterations per Outer Iterations  :      2.8333
 FEV per IIT:      1.0588    FEV per OIT:      3.0000
 GEV per IIT:      1.0588    GEV per OIT:      3.0000
 HEV per IIT:      1.0000    HEV per OIT:      2.8333
 BFE per IIT:      2.0000    BFE per OIT:      5.6667
 BGE per IIT:      1.0000    BGE per OIT:      2.8333
 ====================================================

