
 ==============================================================================
 This is ALGENCAN 3.1.1.
 ALGENCAN, an Augmented Lagrangian method for nonlinear programming, is part of
 the TANGO Project: Trustable Algorithms for Nonlinear General Optimization.
 See http://www.ime.usp.br/~egbirgin/tango/ for details.
 ==============================================================================

 Processing array of parameters with   3 entrances:

 IGNORE-OBJECTIVE-FUNCTION                    
 ITERATIONS-OUTPUT-DETAIL                                                    11
 TRUNCATED-NEWTON-LINE-SEARCH-INNER-SOLVER                                   ''

 The specification file is not being used.

 Available HSL subroutines = MA57           

 ALGENCAN PARAMETERS:

 firstde                =                    T
 seconde                =                    T
 truehpr                =                    T
 hptype in TN           =               TRUEHP
 lsslvr in TR           =            MA57/NONE
 lsslvr in NW           =            MA57/NONE
 lsslvr in ACCPROC      =            MA57/NONE
 innslvr                =                   TN
 accproc                =                    T
 rmfixv                 =                    T
 slacks                 =                    F
 scale                  =                    T
 epsfeas                =           3.1623D-05
 epsopt                 =           1.0000D-08
 efstain                =           5.6234D-03
 eostain                =           1.0000D-12
 efacc                  =           5.6234D-03
 eoacc                  =           1.0000D-04
 iprint                 =                   11
 ncomp                  =                    6

 Specification filename =                   ''
 Output filename        =          'lcmin.out'
 Solution filename      =                   ''

 Number of variables               :       3
 Number of equality constraints    :       1
 Number of inequality constraints  :       0
 Number of bound constraints       :       0
 Number of fixed variables         :       0

 There are no fixed variables to be removed.

 Objective function scale factor   : 1.0D+00
 Smallest constraints scale factor : 3.3D-01

     Entry to GENCAN.
     Number of variables:       3
     Required optimality tolerance: 1.0D-08

     It         function  gpsupn   xsupn stesupn   nfree   SPGit in-face    fcnt
      0   0.00000000D+00 0.0D+00 4.0D+00

     Flag of GENCAN: Solution was found.


 User-provided subroutines calls counters: 

 Subroutine fsub     (coded=F):        0
 Subroutine gsub     (coded=F):        0
 Subroutine hsub     (coded=F):        0
 Subroutine csub     (coded=F):        0 (       0 calls per constraint in avg)
 Subroutine jacsub   (coded=F):        0 (       0 calls per constraint in avg)
 Subroutine hcsub    (coded=F):        0 (       0 calls per constraint in avg)
 Subroutine fcsub    (coded=T):        2
 Subroutine gjacsub  (coded=T):        3
 Subroutine gjacpsub (coded=F):        0
 Subroutine hlsub    (coded=T):        0
 Subroutine hlpsub   (coded=F):        0


 Total CPU time in seconds =     0.13

 ==============================================================================

 Initial point computed successfully.

                                            achieved                  desired        
 Unscaled feasibility ..............:   0.0000000000000000D+00   1.0000000000000001D-09

 Starting LCMIN.
 Number of variables   :       3
 Number of constraints :       1

 Scale factor for the objective function   : 1.0D+00
 Smallest scale factor for the constraints : 1.0D+00

 ==========================================================
 outer barrier   objective       scaled      outer   inner
  ite   param     function     obj funct    opt err   ite 
     0 1.0D-09  1.300000D+01  1.300000D+01 6.143D+00     0 

    inner barrier   scaled     scaled     min     min    NW   SE     dx      alpha    alpha    inner   time (s)
     ite   param   obj func     feas      x-l     u-x   pert pert   norm      max             opt err 
        1 1.0D-09  4.930D-32  6.661D-16 0.0D+00 0.0D+00    0    0 6.50D+00 1.00D+00 1.00D+00 3.053D-16     0.00


     1 1.0D-09  4.930381D-32  4.930381D-32 3.053D-16     1C
 ==========================================================

 FINAL RESULTS:
                            scaled                   unscaled
  Objective Funct:   4.9303806576313238D-32    4.9303806576313238D-32
  Lagrangian Grad:   3.0531133177191805D-16    3.0531133177191805D-16
 Final Point Feas:   6.6613381477509392D-16    6.6613381477509392D-16
 Bounds violation:   0.0000000000000000D+00    0.0000000000000000D+00
 Lower Bound Comp:   0.0000000000000000D+00    0.0000000000000000D+00
 Upper Bound Comp:   0.0000000000000000D+00    0.0000000000000000D+00

 Flag of LCMIN:

     Optimal solution found.

 ====================================================
                      STATISTICS                     
 ====================================================
 GENERAL:                                            

           Preprocessing time (in seconds):      0.78
            Optimization time (in seconds):      0.11

                      Inner Iterations (IIT):       1
                      Outer Iterations (OIT):       1
                  Function Evaluations (FEV):       2
         Function Gradient Evaluations (GEV):       2
          Function Hessian Evaluations (HEV):       1
          Barrier Function Evaluations (BFE):       2
 Barrier Function Gradient Evaluations (BGE):       1
 ====================================================
 AVERAGE:                                            

 Inner Iterations per Outer Iterations  :      1.0000
 FEV per IIT:      2.0000    FEV per OIT:      2.0000
 GEV per IIT:      2.0000    GEV per OIT:      2.0000
 HEV per IIT:      1.0000    HEV per OIT:      1.0000
 BFE per IIT:      2.0000    BFE per OIT:      2.0000
 BGE per IIT:      1.0000    BGE per OIT:      1.0000
 ====================================================

