
 ==============================================================================
 This is ALGENCAN 3.1.1.
 ALGENCAN, an Augmented Lagrangian method for nonlinear programming, is part of
 the TANGO Project: Trustable Algorithms for Nonlinear General Optimization.
 See http://www.ime.usp.br/~egbirgin/tango/ for details.
 ==============================================================================

 Processing array of parameters with   3 entrances:

 IGNORE-OBJECTIVE-FUNCTION                    
 ITERATIONS-OUTPUT-DETAIL                                                    11
 TRUNCATED-NEWTON-LINE-SEARCH-INNER-SOLVER                                   ''

 The specification file is not being used.

 Available HSL subroutines = MA57           

 ALGENCAN PARAMETERS:

 firstde                =                    T
 seconde                =                    T
 truehpr                =                    T
 hptype in TN           =               TRUEHP
 lsslvr in TR           =            MA57/NONE
 lsslvr in NW           =            MA57/NONE
 lsslvr in ACCPROC      =            MA57/NONE
 innslvr                =                   TN
 accproc                =                    T
 rmfixv                 =                    T
 slacks                 =                    F
 scale                  =                    T
 epsfeas                =           3.1623D-05
 epsopt                 =           1.0000D-08
 efstain                =           5.6234D-03
 eostain                =           1.0000D-12
 efacc                  =           5.6234D-03
 eoacc                  =           1.0000D-04
 iprint                 =                   11
 ncomp                  =                    6

 Specification filename =                   ''
 Output filename        =          'lcmin.out'
 Solution filename      =                   ''

 Number of variables               :       6
 Number of equality constraints    :       1
 Number of inequality constraints  :       0
 Number of bound constraints       :      12
 Number of fixed variables         :       0

 There are no fixed variables to be removed.

 Objective function scale factor   : 1.0D+00
 Smallest constraints scale factor : 2.5D-04

     Entry to GENCAN.
     Number of variables:       6
     Required optimality tolerance: 1.0D-08

     It         function  gpsupn   xsupn stesupn   nfree   SPGit in-face    fcnt
      0   9.80000000D-01 1.4D+00 5.0D+07
      1   0.00000000D+00 0.0D+00 5.0D+07 1.4D+03       6       0       1       3

     Flag of GENCAN: Solution was found.


 User-provided subroutines calls counters: 

 Subroutine fsub     (coded=F):        0
 Subroutine gsub     (coded=F):        0
 Subroutine hsub     (coded=F):        0
 Subroutine csub     (coded=F):        0 (       0 calls per constraint in avg)
 Subroutine jacsub   (coded=F):        0 (       0 calls per constraint in avg)
 Subroutine hcsub    (coded=F):        0 (       0 calls per constraint in avg)
 Subroutine fcsub    (coded=T):        3
 Subroutine gjacsub  (coded=T):        4
 Subroutine gjacpsub (coded=F):        0
 Subroutine hlsub    (coded=T):        1
 Subroutine hlpsub   (coded=F):        0


 Total CPU time in seconds =     0.15

 ==============================================================================

 Initial point computed successfully.

                                            achieved                  desired        
 Unscaled feasibility ..............:   0.0000000000000000D+00   1.0000000000000001D-09
 Smallest distance to lower bound ..:   1.0029999999999999D+00   1.0000000000000000D-03
 Smallest distance to upper bound ..:   9.9700000000000000D-01   1.0000000000000000D-03

 Starting LCMIN.
 Number of variables   :       6
 Number of constraints :       1

 Scale factor for the objective function   : 1.0D+00
 Smallest scale factor for the constraints : 2.5D-02

 ==========================================================
 outer barrier   objective       scaled      outer   inner
  ite   param     function     obj funct    opt err   ite 
     0 1.0D-01 -2.834319D-01 -2.834319D-01 1.500D+08     0 

    inner barrier   scaled     scaled     min     min    NW   SE     dx      alpha    alpha    inner   time (s)
     ite   param   obj func     feas      x-l     u-x   pert pert   norm      max             opt err 
        1 1.0D-01 -2.838D-01  0.000D+00 1.0D+00 1.0D+00    0    0 6.91D-01 1.00D+00 1.00D+00 1.500D+06     0.00
        2 1.0D-01 -2.928D-01  0.000D+00 1.0D+00 1.0D+00    0    0 6.61D+01 1.00D+00 1.00D+00 1.500D+04     0.00
        3 1.0D-01 -8.561D-01  5.684D-14 1.0D+00 1.0D+00    0    0 5.57D+04 2.44D-01 1.22D-01 7.052D+03     0.00
        4 1.0D-01 -8.657D-01  0.000D+00 1.0D+00 1.0D+00    0    0 1.47D+03 1.00D+00 1.00D+00 1.628D+02     0.00
        5 1.0D-01 -8.688D-01  0.000D+00 1.0D+00 1.0D+00    0    0 9.11D+04 1.00D+00 1.00D+00 1.529D+00     0.00
        6 1.0D-01 -8.913D-01  0.000D+00 1.0D+00 1.0D+00    0    0 4.99D+06 1.00D+00 1.00D+00 5.614D-02     0.00


     1 2.0D-02 -8.912761D-01 -8.912761D-01 1.417D-01     6C


     2 2.8D-03 -8.912761D-01 -8.912761D-01 1.417D-01     6C

    inner barrier   scaled     scaled     min     min    NW   SE     dx      alpha    alpha    inner   time (s)
     ite   param   obj func     feas      x-l     u-x   pert pert   norm      max             opt err 
        1 2.8D-03 -9.031D-01  0.000D+00 1.0D+00 1.0D+00    0    0 8.58D+06 1.00D+00 1.00D+00 2.403D-02     0.00


     3 1.5D-04 -9.031301D-01 -9.031301D-01 2.686D-02     7C

    inner barrier   scaled     scaled     min     min    NW   SE     dx      alpha    alpha    inner   time (s)
     ite   param   obj func     feas      x-l     u-x   pert pert   norm      max             opt err 
        1 1.5D-04 -9.079D-01  0.000D+00 1.0D+00 1.0D+00    0    0 3.06D+07 1.00D+00 1.00D+00 3.661D-03     0.00
        2 1.5D-04 -9.081D-01  0.000D+00 1.0D+00 1.0D+00    0    0 7.25D+06 1.00D+00 1.00D+00 1.921D-04     0.00


     4 1.8D-06 -9.080738D-01 -9.080738D-01 3.425D-04     9C

    inner barrier   scaled     scaled     min     min    NW   SE     dx      alpha    alpha    inner   time (s)
     ite   param   obj func     feas      x-l     u-x   pert pert   norm      max             opt err 
        1 1.8D-06 -9.081D-01  0.000D+00 1.0D+00 1.0D+00    0    0 5.15D+05 1.00D+00 1.00D+00 1.713D-06     0.00


     5 2.5D-09 -9.080748D-01 -9.080748D-01 3.558D-06    10C

    inner barrier   scaled     scaled     min     min    NW   SE     dx      alpha    alpha    inner   time (s)
     ite   param   obj func     feas      x-l     u-x   pert pert   norm      max             opt err 
        1 2.5D-09 -9.081D-01  5.684D-14 1.0D+00 1.0D+00    0    0 6.90D+03 1.00D+00 1.00D+00 2.429D-10     0.00


     6 1.0D-09 -9.080748D-01 -9.080748D-01 2.749D-09    11C
 ==========================================================

 FINAL RESULTS:
                            scaled                   unscaled
  Objective Funct:  -9.0807475748577937D-01   -9.0807475748577937D-01
  Lagrangian Grad:   2.6570579547810077D-11    2.6570579547810077D-11
 Final Point Feas:   0.0000000000000000D+00    0.0000000000000000D+00
 Bounds violation:   0.0000000000000000D+00    0.0000000000000000D+00
 Lower Bound Comp:   2.5979697680256732D-09    2.5979697680256732D-09
 Upper Bound Comp:   2.7488452091377532D-09    2.7488452091377532D-09

 Flag of LCMIN:

     Optimal solution found.

 ====================================================
                      STATISTICS                     
 ====================================================
 GENERAL:                                            

           Preprocessing time (in seconds):      0.85
            Optimization time (in seconds):      0.05

                      Inner Iterations (IIT):      11
                      Outer Iterations (OIT):       6
                  Function Evaluations (FEV):      13
         Function Gradient Evaluations (GEV):      12
          Function Hessian Evaluations (HEV):      11
          Barrier Function Evaluations (BFE):      23
 Barrier Function Gradient Evaluations (BGE):      11
 ====================================================
 AVERAGE:                                            

 Inner Iterations per Outer Iterations  :      1.8333
 FEV per IIT:      1.1818    FEV per OIT:      2.1667
 GEV per IIT:      1.0909    GEV per OIT:      2.0000
 HEV per IIT:      1.0000    HEV per OIT:      1.8333
 BFE per IIT:      2.0909    BFE per OIT:      3.8333
 BGE per IIT:      1.0000    BGE per OIT:      1.8333
 ====================================================

