
 ==============================================================================
 This is ALGENCAN 3.1.1.
 ALGENCAN, an Augmented Lagrangian method for nonlinear programming, is part of
 the TANGO Project: Trustable Algorithms for Nonlinear General Optimization.
 See http://www.ime.usp.br/~egbirgin/tango/ for details.
 ==============================================================================

 Processing array of parameters with   3 entrances:

 IGNORE-OBJECTIVE-FUNCTION                    
 ITERATIONS-OUTPUT-DETAIL                                                    11
 TRUNCATED-NEWTON-LINE-SEARCH-INNER-SOLVER                                   ''

 The specification file is not being used.

 Available HSL subroutines = MA57           

 ALGENCAN PARAMETERS:

 firstde                =                    T
 seconde                =                    T
 truehpr                =                    T
 hptype in TN           =               TRUEHP
 lsslvr in TR           =            MA57/NONE
 lsslvr in NW           =            MA57/NONE
 lsslvr in ACCPROC      =            MA57/NONE
 innslvr                =                   TN
 accproc                =                    T
 rmfixv                 =                    T
 slacks                 =                    F
 scale                  =                    T
 epsfeas                =           3.1623D-05
 epsopt                 =           1.0000D-08
 efstain                =           5.6234D-03
 eostain                =           1.0000D-12
 efacc                  =           5.6234D-03
 eoacc                  =           1.0000D-04
 iprint                 =                   11
 ncomp                  =                    6

 Specification filename =                   ''
 Output filename        =          'lcmin.out'
 Solution filename      =                   ''

 Number of variables               :       6
 Number of equality constraints    :       5
 Number of inequality constraints  :       0
 Number of bound constraints       :       8
 Number of fixed variables         :       0

 There are no fixed variables to be removed.

 Objective function scale factor   : 1.0D+00
 Smallest constraints scale factor : 2.0D-01

     Entry to GENCAN.
     Number of variables:       6
     Required optimality tolerance: 1.0D-08

     It         function  gpsupn   xsupn stesupn   nfree   SPGit in-face    fcnt
      0   1.86820000D-02 1.7D-01 2.0D+00
      1   1.59146552D-02 1.6D-01 2.1D+00 6.6D-02       2       0       1       3
      2   1.14497347D-02 1.3D-01 2.1D+00 1.3D-01       4       1       1       4
      3   6.37562500D-03 3.8D-02 2.0D+00 5.8D-02       4       1       2       5
      4   6.01887158D-03 1.8D-02 2.0D+00 1.8D-02       5       2       2       6
      5   1.83804591D-30 2.2D-15 1.7D+00 3.7D-01       4       2       3       7

     Flag of GENCAN: Solution was found.


 User-provided subroutines calls counters: 

 Subroutine fsub     (coded=F):        0
 Subroutine gsub     (coded=F):        0
 Subroutine hsub     (coded=F):        0
 Subroutine csub     (coded=F):        0 (       0 calls per constraint in avg)
 Subroutine jacsub   (coded=F):        0 (       0 calls per constraint in avg)
 Subroutine hcsub    (coded=F):        0 (       0 calls per constraint in avg)
 Subroutine fcsub    (coded=T):        7
 Subroutine gjacsub  (coded=T):        8
 Subroutine gjacpsub (coded=F):        0
 Subroutine hlsub    (coded=T):        3
 Subroutine hlpsub   (coded=F):        0


 Total CPU time in seconds =     0.13

 ==============================================================================

 Initial point computed successfully.

                                            achieved                  desired        
 Unscaled feasibility ..............:   1.7763568394002505D-15   1.0000000000000001D-09
 Smallest distance to lower bound ..:   1.0000000000000000D-02   1.0000000000000000D-03
 Smallest distance to upper bound ..:   1.0000000000000009D-02   1.0000000000000000D-03

 Starting LCMIN.
 Number of variables   :       6
 Number of constraints :       5

 Scale factor for the objective function   : 1.0D+00
 Smallest scale factor for the constraints : 1.0D+00

 ==========================================================
 outer barrier   objective       scaled      outer   inner
  ite   param     function     obj funct    opt err   ite 
     0 1.0D-01  6.673283D+00  6.673283D+00 1.663D+00     0 

    inner barrier   scaled     scaled     min     min    NW   SE     dx      alpha    alpha    inner   time (s)
     ite   param   obj func     feas      x-l     u-x   pert pert   norm      max             opt err 
        1 1.0D-01  6.730D+00  1.776D-15 1.0D-01 1.0D-01    0    0 5.02D-01 1.00D+00 1.00D+00 2.107D-01     0.00


     1 2.0D-02  6.729697D+00  6.729697D+00 3.107D-01     1C

    inner barrier   scaled     scaled     min     min    NW   SE     dx      alpha    alpha    inner   time (s)
     ite   param   obj func     feas      x-l     u-x   pert pert   norm      max             opt err 
        1 2.0D-02  6.723D+00  1.776D-15 9.1D-02 9.1D-02    0    0 6.89D-02 1.00D+00 1.00D+00 4.592D-03     0.00


     2 2.8D-03  6.722651D+00  6.722651D+00 2.459D-02     2C


     3 1.5D-04  6.722651D+00  6.722651D+00 2.459D-02     2C

    inner barrier   scaled     scaled     min     min    NW   SE     dx      alpha    alpha    inner   time (s)
     ite   param   obj func     feas      x-l     u-x   pert pert   norm      max             opt err 
        1 1.5D-04  6.667D+00  1.332D-15 1.4D-05 1.4D-05    0    0 6.30D-01 7.72D-01 7.72D-01 2.790D-02     0.00
        2 1.5D-04  6.667D+00  1.776D-15 4.4D-04 4.4D-04    0    0 2.29D-03 1.00D+00 1.00D+00 3.744D-05     0.00


     4 1.8D-06  6.666962D+00  6.666962D+00 1.819D-04     4C

    inner barrier   scaled     scaled     min     min    NW   SE     dx      alpha    alpha    inner   time (s)
     ite   param   obj func     feas      x-l     u-x   pert pert   norm      max             opt err 
        1 1.8D-06  6.667D+00  8.882D-16 5.1D-06 5.1D-06    0    0 2.33D-03 1.00D+00 1.00D+00 5.420D-07     0.00


     5 2.5D-09  6.666670D+00  6.666670D+00 2.086D-06     5C

    inner barrier   scaled     scaled     min     min    NW   SE     dx      alpha    alpha    inner   time (s)
     ite   param   obj func     feas      x-l     u-x   pert pert   norm      max             opt err 
        1 2.5D-09  6.667D+00  8.882D-16 7.4D-09 7.4D-09    0    0 2.71D-05 1.00D+00 1.00D+00 5.958D-10     0.00


     6 1.0D-09  6.666667D+00  6.666667D+00 3.054D-09     6C
 ==========================================================

 FINAL RESULTS:
                            scaled                   unscaled
  Objective Funct:   6.6666666716303533D+00    6.6666666716303533D+00
  Lagrangian Grad:   3.8615871153902090D-11    3.8615871153902090D-11
 Final Point Feas:   8.8817841970012523D-16    8.8817841970012523D-16
 Bounds violation:   0.0000000000000000D+00    0.0000000000000000D+00
 Lower Bound Comp:   2.5481966719915546D-09    2.5481966719915546D-09
 Upper Bound Comp:   3.0536031130475231D-09    3.0536031130475231D-09

 Flag of LCMIN:

     Optimal solution found.

 ====================================================
                      STATISTICS                     
 ====================================================
 GENERAL:                                            

           Preprocessing time (in seconds):      0.89
            Optimization time (in seconds):      0.01

                      Inner Iterations (IIT):       6
                      Outer Iterations (OIT):       6
                  Function Evaluations (FEV):       7
         Function Gradient Evaluations (GEV):       7
          Function Hessian Evaluations (HEV):       6
          Barrier Function Evaluations (BFE):      12
 Barrier Function Gradient Evaluations (BGE):       6
 ====================================================
 AVERAGE:                                            

 Inner Iterations per Outer Iterations  :      1.0000
 FEV per IIT:      1.1667    FEV per OIT:      1.1667
 GEV per IIT:      1.1667    GEV per OIT:      1.1667
 HEV per IIT:      1.0000    HEV per OIT:      1.0000
 BFE per IIT:      2.0000    BFE per OIT:      2.0000
 BGE per IIT:      1.0000    BGE per OIT:      1.0000
 ====================================================

