
 ==============================================================================
 This is ALGENCAN 3.1.1.
 ALGENCAN, an Augmented Lagrangian method for nonlinear programming, is part of
 the TANGO Project: Trustable Algorithms for Nonlinear General Optimization.
 See http://www.ime.usp.br/~egbirgin/tango/ for details.
 ==============================================================================

 Processing array of parameters with   3 entrances:

 IGNORE-OBJECTIVE-FUNCTION                    
 ITERATIONS-OUTPUT-DETAIL                                                    11
 TRUNCATED-NEWTON-LINE-SEARCH-INNER-SOLVER                                   ''

 The specification file is not being used.

 Available HSL subroutines = MA57           

 ALGENCAN PARAMETERS:

 firstde                =                    T
 seconde                =                    T
 truehpr                =                    T
 hptype in TN           =               TRUEHP
 lsslvr in TR           =            MA57/NONE
 lsslvr in NW           =            MA57/NONE
 lsslvr in ACCPROC      =            MA57/NONE
 innslvr                =                   TN
 accproc                =                    T
 rmfixv                 =                    T
 slacks                 =                    F
 scale                  =                    T
 epsfeas                =           3.1623D-05
 epsopt                 =           1.0000D-08
 efstain                =           5.6234D-03
 eostain                =           1.0000D-12
 efacc                  =           5.6234D-03
 eoacc                  =           1.0000D-04
 iprint                 =                   11
 ncomp                  =                    6

 Specification filename =                   ''
 Output filename        =          'lcmin.out'
 Solution filename      =                   ''

 Number of variables               :       3
 Number of equality constraints    :       1
 Number of inequality constraints  :       0
 Number of bound constraints       :       6
 Number of fixed variables         :       0

 There are no fixed variables to be removed.

 Objective function scale factor   : 1.0D+00
 Smallest constraints scale factor : 1.0D+00

 Since the scaling factor(s) is(are) equal to one, scaling was inhibited.

     Entry to GENCAN.
     Number of variables:       3
     Required optimality tolerance: 1.0D-08

     It         function  gpsupn   xsupn stesupn   nfree   SPGit in-face    fcnt
      0   6.16297582D-33 1.1D-16 7.0D-01

     Flag of GENCAN: Solution was found.


 User-provided subroutines calls counters: 

 Subroutine fsub     (coded=F):        0
 Subroutine gsub     (coded=F):        0
 Subroutine hsub     (coded=F):        0
 Subroutine csub     (coded=F):        0 (       0 calls per constraint in avg)
 Subroutine jacsub   (coded=F):        0 (       0 calls per constraint in avg)
 Subroutine hcsub    (coded=F):        0 (       0 calls per constraint in avg)
 Subroutine fcsub    (coded=T):        2
 Subroutine gjacsub  (coded=T):        3
 Subroutine gjacpsub (coded=F):        0
 Subroutine hlsub    (coded=T):        0
 Subroutine hlpsub   (coded=F):        0


 Total CPU time in seconds =     0.10

 ==============================================================================

 Initial point computed successfully.

                                            achieved                  desired        
 Unscaled feasibility ..............:   1.1102230246251565D-16   1.0000000000000001D-09
 Smallest distance to lower bound ..:   1.0000000000000001D-01   1.0000000000000000D-03
 Smallest distance to upper bound ..:   3.0000000000000004D-01   1.0000000000000000D-03

 Starting LCMIN.
 Number of variables   :       3
 Number of constraints :       1

 Scale factor for the objective function   : 1.0D-02
 Smallest scale factor for the constraints : 1.0D+00

 ==========================================================
 outer barrier   objective       scaled      outer   inner
  ite   param     function     obj funct    opt err   ite 
     0 1.0D-01 -2.569830D+04 -2.567504D+02 8.429D+01     0 

    inner barrier   scaled     scaled     min     min    NW   SE     dx      alpha    alpha    inner   time (s)
     ite   param   obj func     feas      x-l     u-x   pert pert   norm      max             opt err 
        1 1.0D-01 -2.617D+02  0.000D+00 5.1D-02 2.9D-01    0    0 3.26D-01 6.07D-01 3.04D-01 2.122D+01     0.00
        2 1.0D-01 -2.624D+02  1.110D-16 5.2D-02 3.6D-01    0    0 1.23D-01 1.00D+00 1.00D+00 4.311D+00     0.00
        3 1.0D-01 -2.625D+02  1.110D-16 5.4D-02 3.8D-01    0    0 5.30D-02 1.00D+00 1.00D+00 4.290D-01     0.00


     1 2.0D-02 -2.627248D+04 -2.624870D+02 4.290D-01     3C

    inner barrier   scaled     scaled     min     min    NW   SE     dx      alpha    alpha    inner   time (s)
     ite   param   obj func     feas      x-l     u-x   pert pert   norm      max             opt err 
        1 2.0D-02 -2.625D+02  0.000D+00 5.4D-02 3.8D-01    0    0 2.26D-03 1.00D+00 1.00D+00 6.225D-03     0.00


     2 2.8D-03 -2.627251D+04 -2.624873D+02 2.032D-02     4C


     3 1.5D-04 -2.627251D+04 -2.624873D+02 2.032D-02     4C

    inner barrier   scaled     scaled     min     min    NW   SE     dx      alpha    alpha    inner   time (s)
     ite   param   obj func     feas      x-l     u-x   pert pert   norm      max             opt err 
        1 1.5D-04 -2.625D+02  1.110D-16 5.4D-02 3.8D-01    0    0 1.21D-03 1.00D+00 1.00D+00 6.743D-04     0.00


     4 1.8D-06 -2.627251D+04 -2.624873D+02 6.743D-04     5C

    inner barrier   scaled     scaled     min     min    NW   SE     dx      alpha    alpha    inner   time (s)
     ite   param   obj func     feas      x-l     u-x   pert pert   norm      max             opt err 
        1 1.8D-06 -2.625D+02  1.110D-16 5.4D-02 3.8D-01    0    0 1.10D-05 1.00D+00 1.00D+00 4.636D-08     0.00


     5 2.5D-09 -2.627251D+04 -2.624873D+02 1.849D-06     6C

    inner barrier   scaled     scaled     min     min    NW   SE     dx      alpha    alpha    inner   time (s)
     ite   param   obj func     feas      x-l     u-x   pert pert   norm      max             opt err 
        1 2.5D-09 -2.625D+02  1.110D-16 5.4D-02 3.8D-01    0    0 1.15D-07 1.00D+00 1.00D+00 6.276D-12     0.00


     6 1.0D-09 -2.627251D+04 -2.624873D+02 2.506D-09     7C
 ==========================================================

 FINAL RESULTS:
                            scaled                   unscaled
  Objective Funct:  -2.6248730746376322D+02   -2.6272514647971588D+04
  Lagrangian Grad:   6.2757034443440649D-12    6.2813898417018481D-10
 Final Point Feas:   1.1102230246251565D-16    1.1102230246251565D-16
 Bounds violation:   0.0000000000000000D+00    0.0000000000000000D+00
 Lower Bound Comp:   2.5062862658702695D-09    2.5085572048536814D-07
 Upper Bound Comp:   2.5061821797244044D-09    2.5084530243956500D-07

 Flag of LCMIN:

     Optimal solution found.

 ====================================================
                      STATISTICS                     
 ====================================================
 GENERAL:                                            

           Preprocessing time (in seconds):      0.78
            Optimization time (in seconds):      0.12

                      Inner Iterations (IIT):       7
                      Outer Iterations (OIT):       6
                  Function Evaluations (FEV):       9
         Function Gradient Evaluations (GEV):       8
          Function Hessian Evaluations (HEV):       7
          Barrier Function Evaluations (BFE):      15
 Barrier Function Gradient Evaluations (BGE):       7
 ====================================================
 AVERAGE:                                            

 Inner Iterations per Outer Iterations  :      1.1667
 FEV per IIT:      1.2857    FEV per OIT:      1.5000
 GEV per IIT:      1.1429    GEV per OIT:      1.3333
 HEV per IIT:      1.0000    HEV per OIT:      1.1667
 BFE per IIT:      2.1429    BFE per OIT:      2.5000
 BGE per IIT:      1.0000    BGE per OIT:      1.1667
 ====================================================

