
 ==============================================================================
 This is ALGENCAN 3.1.1.
 ALGENCAN, an Augmented Lagrangian method for nonlinear programming, is part of
 the TANGO Project: Trustable Algorithms for Nonlinear General Optimization.
 See http://www.ime.usp.br/~egbirgin/tango/ for details.
 ==============================================================================

 Processing array of parameters with   3 entrances:

 IGNORE-OBJECTIVE-FUNCTION                    
 ITERATIONS-OUTPUT-DETAIL                                                    11
 TRUNCATED-NEWTON-LINE-SEARCH-INNER-SOLVER                                   ''

 The specification file is not being used.

 Available HSL subroutines = MA57           

 ALGENCAN PARAMETERS:

 firstde                =                    T
 seconde                =                    T
 truehpr                =                    T
 hptype in TN           =               TRUEHP
 lsslvr in TR           =            MA57/NONE
 lsslvr in NW           =            MA57/NONE
 lsslvr in ACCPROC      =            MA57/NONE
 innslvr                =                   TN
 accproc                =                    T
 rmfixv                 =                    T
 slacks                 =                    F
 scale                  =                    T
 epsfeas                =           3.1623D-05
 epsopt                 =           1.0000D-08
 efstain                =           5.6234D-03
 eostain                =           1.0000D-12
 efacc                  =           5.6234D-03
 eoacc                  =           1.0000D-04
 iprint                 =                   11
 ncomp                  =                    6

 Specification filename =                   ''
 Output filename        =          'lcmin.out'
 Solution filename      =                   ''

 Number of variables               :       2
 Number of equality constraints    :       1
 Number of inequality constraints  :       0
 Number of bound constraints       :       0
 Number of fixed variables         :       0

 There are no fixed variables to be removed.

 Objective function scale factor   : 1.0D+00
 Smallest constraints scale factor : 2.5D-01

     Entry to GENCAN.
     Number of variables:       2
     Required optimality tolerance: 1.0D-08

     It         function  gpsupn   xsupn stesupn   nfree   SPGit in-face    fcnt
      0   0.00000000D+00 0.0D+00 0.0D+00

     Flag of GENCAN: Solution was found.


 User-provided subroutines calls counters: 

 Subroutine fsub     (coded=F):        0
 Subroutine gsub     (coded=F):        0
 Subroutine hsub     (coded=F):        0
 Subroutine csub     (coded=F):        0 (       0 calls per constraint in avg)
 Subroutine jacsub   (coded=F):        0 (       0 calls per constraint in avg)
 Subroutine hcsub    (coded=F):        0 (       0 calls per constraint in avg)
 Subroutine fcsub    (coded=T):        2
 Subroutine gjacsub  (coded=T):        3
 Subroutine gjacpsub (coded=F):        0
 Subroutine hlsub    (coded=T):        0
 Subroutine hlpsub   (coded=F):        0


 Total CPU time in seconds =     0.11

 ==============================================================================

 Initial point computed successfully.

                                            achieved                  desired        
 Unscaled feasibility ..............:   0.0000000000000000D+00   1.0000000000000001D-09

 Starting LCMIN.
 Number of variables   :       2
 Number of constraints :       1

 Scale factor for the objective function   : 1.0D+00
 Smallest scale factor for the constraints : 1.0D+00

 ==========================================================
 outer barrier   objective       scaled      outer   inner
  ite   param     function     obj funct    opt err   ite 
     0 1.0D-09  0.000000D+00  0.000000D+00 1.257D-01     0 

    inner barrier   scaled     scaled     min     min    NW   SE     dx      alpha    alpha    inner   time (s)
     ite   param   obj func     feas      x-l     u-x   pert pert   norm      max             opt err 
        1 1.0D-09 -4.961D-01  0.000D+00 0.0D+00 0.0D+00    1    0 2.20D+03 1.00D+00 5.00D-01 5.298D-02     0.01
        2 1.0D-09 -5.000D-01  2.274D-13 0.0D+00 0.0D+00    0    0 5.60D-01 1.00D+00 1.00D+00 8.596D-05     0.00
        3 1.0D-09 -5.000D-01  2.274D-13 0.0D+00 0.0D+00    0    0 2.93D-03 1.00D+00 1.00D+00 1.236D-11     0.00


     1 1.0D-09 -5.000000D-01 -5.000000D-01 1.236D-11     3C
 ==========================================================

 FINAL RESULTS:
                            scaled                   unscaled
  Objective Funct:  -4.9999999999999284D-01   -4.9999999999999284D-01
  Lagrangian Grad:   1.2358086776131927D-11    1.2358086776131927D-11
 Final Point Feas:   2.2737367544323206D-13    2.2737367544323206D-13
 Bounds violation:   0.0000000000000000D+00    0.0000000000000000D+00
 Lower Bound Comp:   0.0000000000000000D+00    0.0000000000000000D+00
 Upper Bound Comp:   0.0000000000000000D+00    0.0000000000000000D+00

 Flag of LCMIN:

     Optimal solution found.

 ====================================================
                      STATISTICS                     
 ====================================================
 GENERAL:                                            

           Preprocessing time (in seconds):      0.78
            Optimization time (in seconds):      0.11

                      Inner Iterations (IIT):       3
                      Outer Iterations (OIT):       1
                  Function Evaluations (FEV):       5
         Function Gradient Evaluations (GEV):       4
          Function Hessian Evaluations (HEV):       3
          Barrier Function Evaluations (BFE):       7
 Barrier Function Gradient Evaluations (BGE):       3
 ====================================================
 AVERAGE:                                            

 Inner Iterations per Outer Iterations  :      3.0000
 FEV per IIT:      1.6667    FEV per OIT:      5.0000
 GEV per IIT:      1.3333    GEV per OIT:      4.0000
 HEV per IIT:      1.0000    HEV per OIT:      3.0000
 BFE per IIT:      2.3333    BFE per OIT:      7.0000
 BGE per IIT:      1.0000    BGE per OIT:      3.0000
 ====================================================

