
 ==============================================================================
 This is ALGENCAN 3.1.1.
 ALGENCAN, an Augmented Lagrangian method for nonlinear programming, is part of
 the TANGO Project: Trustable Algorithms for Nonlinear General Optimization.
 See http://www.ime.usp.br/~egbirgin/tango/ for details.
 ==============================================================================

 Processing array of parameters with   3 entrances:

 IGNORE-OBJECTIVE-FUNCTION                    
 ITERATIONS-OUTPUT-DETAIL                                                    11
 TRUNCATED-NEWTON-LINE-SEARCH-INNER-SOLVER                                   ''

 The specification file is not being used.

 Available HSL subroutines = MA57           

 ALGENCAN PARAMETERS:

 firstde                =                    T
 seconde                =                    T
 truehpr                =                    T
 hptype in TN           =               TRUEHP
 lsslvr in TR           =            MA57/NONE
 lsslvr in NW           =            MA57/NONE
 lsslvr in ACCPROC      =            MA57/NONE
 innslvr                =                   TN
 accproc                =                    T
 rmfixv                 =                    T
 slacks                 =                    F
 scale                  =                    T
 epsfeas                =           3.1623D-05
 epsopt                 =           1.0000D-08
 efstain                =           5.6234D-03
 eostain                =           1.0000D-12
 efacc                  =           5.6234D-03
 eoacc                  =           1.0000D-04
 iprint                 =                   11
 ncomp                  =                    6

 Specification filename =                   ''
 Output filename        =          'lcmin.out'
 Solution filename      =                   ''

 Number of variables               :    5000
 Number of equality constraints    :       2
 Number of inequality constraints  :       0
 Number of bound constraints       :    5000
 Number of fixed variables         :       0

 There are no fixed variables to be removed.

 Objective function scale factor   : 1.0D+00
 Smallest constraints scale factor : 1.0D+00

 Since the scaling factor(s) is(are) equal to one, scaling was inhibited.

     Entry to GENCAN.
     Number of variables:    5000
     Required optimality tolerance: 1.0D-08

     It         function  gpsupn   xsupn stesupn   nfree   SPGit in-face    fcnt
      0   2.09705392D+06 5.5D-01 1.0D+00
      1   2.29727527D+05 1.5D-01 6.4D+03 6.4D+03    5000       0       1      11
      2   4.09805830D+03 2.3D-02 9.4D+03 7.2D+03    4801       0       2      12
      3   4.84600508D+01 2.4D-03 9.5D+03 1.0D+03    4731       0       3      13
      4   5.30359661D-03 2.5D-05 9.5D+03 1.2D+02    4724       0       4      14
      5   1.16839262D-23 1.4D-15 9.5D+03 1.3D+00    4724       0       5      15

     Flag of GENCAN: Solution was found.


 User-provided subroutines calls counters: 

 Subroutine fsub     (coded=F):        0
 Subroutine gsub     (coded=F):        0
 Subroutine hsub     (coded=F):        0
 Subroutine csub     (coded=F):        0 (       0 calls per constraint in avg)
 Subroutine jacsub   (coded=F):        0 (       0 calls per constraint in avg)
 Subroutine hcsub    (coded=F):        0 (       0 calls per constraint in avg)
 Subroutine fcsub    (coded=T):       15
 Subroutine gjacsub  (coded=T):        9
 Subroutine gjacpsub (coded=F):        0
 Subroutine hlsub    (coded=T):        5
 Subroutine hlpsub   (coded=F):        0


 Total CPU time in seconds =     0.00

 ==============================================================================

 Initial point computed successfully.

                                            achieved                  desired        
 Unscaled feasibility ..............:   3.6379788070917130D-12   1.0000000000000001D-09
 Smallest distance to lower bound ..:   1.0000000000000000D-02   1.0000000000000000D-03

 Starting LCMIN.
 Number of variables   :    5000
 Number of constraints :       2

 Scale factor for the objective function   : 5.2D-03
 Smallest scale factor for the constraints : 1.0D+00

 ==========================================================
 outer barrier   objective       scaled      outer   inner
  ite   param     function     obj funct    opt err   ite 
     0 1.0D-01  1.741225D+11  9.140990D+08 9.524D+03     0 

    inner barrier   scaled     scaled     min     min    NW   SE     dx      alpha    alpha    inner   time (s)
     ite   param   obj func     feas      x-l     u-x   pert pert   norm      max             opt err 
        1 1.0D-01  9.141D+08  4.547D-12 1.0D-04 0.0D+00    0    0 5.52D+03 2.25D-02 2.25D-02 9.739D+01     0.01
        2 1.0D-01  9.141D+08  2.728D-12 1.9D-03 0.0D+00    0    0 5.83D+03 1.00D+00 1.00D+00 8.820D-01     0.01


     1 2.0D-02  1.741225D+11  9.140989D+08 9.820D-01     2C

    inner barrier   scaled     scaled     min     min    NW   SE     dx      alpha    alpha    inner   time (s)
     ite   param   obj func     feas      x-l     u-x   pert pert   norm      max             opt err 
        1 2.0D-02  9.141D+08  5.002D-12 3.7D-04 0.0D+00    0    0 1.85D+02 1.00D+00 1.00D+00 3.213D-02     0.01


     2 2.8D-03  1.741225D+11  9.140989D+08 5.213D-02     3C

    inner barrier   scaled     scaled     min     min    NW   SE     dx      alpha    alpha    inner   time (s)
     ite   param   obj func     feas      x-l     u-x   pert pert   norm      max             opt err 
        1 2.8D-03  9.141D+08  6.821D-13 5.2D-05 0.0D+00    0    0 6.80D+01 1.00D+00 1.00D+00 1.067D-02     0.01


     3 1.5D-04  1.741224D+11  9.140989D+08 1.350D-02     4C

    inner barrier   scaled     scaled     min     min    NW   SE     dx      alpha    alpha    inner   time (s)
     ite   param   obj func     feas      x-l     u-x   pert pert   norm      max             opt err 
        1 1.5D-04  9.141D+08  6.366D-12 2.8D-06 0.0D+00    0    0 2.38D+01 1.00D+00 1.00D+00 3.299D-03     0.01
        2 1.5D-04  9.141D+08  5.912D-12 2.8D-06 0.0D+00    0    0 6.97D+00 1.00D+00 1.00D+00 7.889D-04     0.01


     4 1.8D-06  1.741224D+11  9.140989D+08 9.393D-04     6C

    inner barrier   scaled     scaled     min     min    NW   SE     dx      alpha    alpha    inner   time (s)
     ite   param   obj func     feas      x-l     u-x   pert pert   norm      max             opt err 
        1 1.8D-06  9.141D+08  2.728D-12 3.4D-08 0.0D+00    0    0 3.18D+00 1.00D+00 1.00D+00 2.339D-04     0.01
        2 1.8D-06  9.141D+08  7.276D-12 3.4D-08 0.0D+00    0    0 1.02D+00 1.00D+00 1.00D+00 5.802D-05     0.01
        3 1.8D-06  9.141D+08  1.819D-12 3.4D-08 0.0D+00    0    0 3.57D-01 1.00D+00 1.00D+00 1.406D-05     0.01


     5 2.5D-09  1.741224D+11  9.140989D+08 1.590D-05     9C

    inner barrier   scaled     scaled     min     min    NW   SE     dx      alpha    alpha    inner   time (s)
     ite   param   obj func     feas      x-l     u-x   pert pert   norm      max             opt err 
        1 2.5D-09  9.141D+08  4.889D-12 4.6D-11 0.0D+00    0    0 1.49D-01 1.00D+00 1.00D+00 3.974D-06     0.01
        2 2.5D-09  9.141D+08  4.661D-12 4.6D-11 0.0D+00    0    0 4.90D-02 1.00D+00 1.00D+00 9.927D-07     0.01
        3 2.5D-09  9.141D+08  4.775D-12 4.6D-11 0.0D+00    0    0 1.73D-02 1.00D+00 1.00D+00 2.473D-07     0.01
        4 2.5D-09  9.141D+08  4.547D-12 4.6D-11 0.0D+00    0    0 6.05D-03 1.00D+00 1.00D+00 6.100D-08     0.01
        5 2.5D-09  9.141D+08  4.775D-12 4.6D-11 0.0D+00    0    0 2.09D-03 1.00D+00 1.00D+00 1.446D-08     0.01


     6 1.0D-09  1.741224D+11  9.140989D+08 1.696D-08    14C

    inner barrier   scaled     scaled     min     min    NW   SE     dx      alpha    alpha    inner   time (s)
     ite   param   obj func     feas      x-l     u-x   pert pert   norm      max             opt err 
        1 1.0D-09  9.141D+08  4.320D-12 3.2D-11 0.0D+00    0    0 7.99D-04 1.00D+00 5.00D-01 3.219D-07     0.01
        2 1.0D-09  9.141D+08  4.320D-12 3.1D-11 0.0D+00    0    0 6.04D-04 1.00D+00 1.25D-01 4.718D-07     0.01
        3 1.0D-09  9.141D+08  4.320D-12 3.1D-11 0.0D+00    0    0 5.94D-04 1.00D+00 3.91D-03 5.418D-07     0.01
        4 1.0D-09  9.141D+08  4.320D-12 3.1D-11 0.0D+00    0    0 6.15D-04 1.00D+00 3.91D-03 5.649D-07     0.01
        5 1.0D-09  9.141D+08  4.547D-12 3.1D-11 0.0D+00    0    0 6.21D-04 1.00D+00 3.91D-03 5.721D-07     0.01
        6 1.0D-09  9.141D+08  4.547D-12 3.1D-11 0.0D+00    0    0 6.22D-04 1.00D+00 3.91D-03 5.734D-07     0.01
        7 1.0D-09  9.141D+08  4.547D-12 3.1D-11 0.0D+00    0    0 6.20D-04 1.00D+00 3.91D-03 5.725D-07     0.01
        8 1.0D-09  9.141D+08  4.547D-12 3.0D-11 0.0D+00    0    0 6.18D-04 1.00D+00 3.91D-03 5.708D-07     0.01
        9 1.0D-09  9.141D+08  4.547D-12 3.0D-11 0.0D+00    0    0 6.16D-04 1.00D+00 3.91D-03 5.688D-07     0.01
       10 1.0D-09  9.141D+08  4.547D-12 3.0D-11 0.0D+00    0    0 6.14D-04 1.00D+00 3.91D-03 5.667D-07     0.01

    inner barrier   scaled     scaled     min     min    NW   SE     dx      alpha    alpha    inner   time (s)
     ite   param   obj func     feas      x-l     u-x   pert pert   norm      max             opt err 
       11 1.0D-09  9.141D+08  4.547D-12 3.0D-11 0.0D+00    0    0 6.12D-04 1.00D+00 3.91D-03 5.645D-07     0.01
       12 1.0D-09  9.141D+08  4.775D-12 3.0D-11 0.0D+00    0    0 6.09D-04 1.00D+00 3.91D-03 5.623D-07     0.01
       13 1.0D-09  9.141D+08  4.775D-12 3.0D-11 0.0D+00    0    0 6.07D-04 1.00D+00 3.91D-03 5.601D-07     0.01
       14 1.0D-09  9.141D+08  4.775D-12 3.0D-11 0.0D+00    0    0 6.04D-04 1.00D+00 3.91D-03 5.579D-07     0.01
       15 1.0D-09  9.141D+08  4.775D-12 3.0D-11 0.0D+00    0    0 6.02D-04 1.00D+00 3.91D-03 5.557D-07     0.01
       16 1.0D-09  9.141D+08  4.775D-12 3.0D-11 0.0D+00    0    0 6.00D-04 1.00D+00 3.91D-03 5.536D-07     0.01
       17 1.0D-09  9.141D+08  4.775D-12 3.0D-11 0.0D+00    0    0 5.97D-04 1.00D+00 3.91D-03 5.514D-07     0.01
       18 1.0D-09  9.141D+08  4.775D-12 3.0D-11 0.0D+00    0    0 5.95D-04 1.00D+00 3.91D-03 5.492D-07     0.04
       19 1.0D-09  9.141D+08  4.775D-12 3.0D-11 0.0D+00    0    0 5.93D-04 1.00D+00 3.91D-03 5.471D-07     0.02
       20 1.0D-09  9.141D+08  5.002D-12 3.0D-11 0.0D+00    0    0 5.90D-04 1.00D+00 3.91D-03 5.450D-07     0.01

    inner barrier   scaled     scaled     min     min    NW   SE     dx      alpha    alpha    inner   time (s)
     ite   param   obj func     feas      x-l     u-x   pert pert   norm      max             opt err 
       21 1.0D-09  9.141D+08  5.002D-12 3.0D-11 0.0D+00    0    0 5.88D-04 1.00D+00 3.91D-03 5.428D-07     0.01
       22 1.0D-09  9.141D+08  5.002D-12 3.0D-11 0.0D+00    0    0 5.86D-04 1.00D+00 3.91D-03 5.407D-07     0.01
       23 1.0D-09  9.141D+08  5.002D-12 3.0D-11 0.0D+00    0    0 5.83D-04 1.00D+00 3.91D-03 5.386D-07     0.02
       24 1.0D-09  9.141D+08  5.002D-12 3.0D-11 0.0D+00    0    0 5.81D-04 1.00D+00 9.77D-04 5.381D-07     0.02
       25 1.0D-09  9.141D+08  5.002D-12 3.0D-11 0.0D+00    0    0 5.81D-04 1.00D+00 9.77D-04 5.375D-07     0.02
       26 1.0D-09  9.141D+08  5.002D-12 3.0D-11 0.0D+00    0    0 5.80D-04 1.00D+00 9.77D-04 5.370D-07     0.02
       27 1.0D-09  9.141D+08  5.002D-12 3.0D-11 0.0D+00    0    0 5.79D-04 1.00D+00 9.77D-04 5.365D-07     0.02
       28 1.0D-09  9.141D+08  5.002D-12 3.0D-11 0.0D+00    0    0 5.79D-04 1.00D+00 9.77D-04 5.360D-07     0.02
       29 1.0D-09  9.141D+08  5.002D-12 3.0D-11 0.0D+00    0    0 5.78D-04 1.00D+00 9.77D-04 5.354D-07     0.02
       30 1.0D-09  9.141D+08  5.002D-12 3.0D-11 0.0D+00    0    0 5.78D-04 1.00D+00 9.77D-04 5.349D-07     0.02

    inner barrier   scaled     scaled     min     min    NW   SE     dx      alpha    alpha    inner   time (s)
     ite   param   obj func     feas      x-l     u-x   pert pert   norm      max             opt err 
       31 1.0D-09  9.141D+08  5.002D-12 3.0D-11 0.0D+00    0    0 5.77D-04 1.00D+00 9.77D-04 5.344D-07     0.02
       32 1.0D-09  9.141D+08  5.002D-12 3.0D-11 0.0D+00    0    0 5.77D-04 1.00D+00 9.77D-04 5.339D-07     0.02
       33 1.0D-09  9.141D+08  5.002D-12 3.0D-11 0.0D+00    0    0 5.76D-04 1.00D+00 9.77D-04 5.334D-07     0.02
       34 1.0D-09  9.141D+08  5.002D-12 3.0D-11 0.0D+00    0    0 5.76D-04 1.00D+00 9.77D-04 5.328D-07     0.01
       35 1.0D-09  9.141D+08  4.775D-12 3.0D-11 0.0D+00    0    0 5.75D-04 1.00D+00 9.77D-04 5.323D-07     0.01
       36 1.0D-09  9.141D+08  4.775D-12 3.0D-11 0.0D+00    0    0 5.74D-04 1.00D+00 9.77D-04 5.318D-07     0.01
       37 1.0D-09  9.141D+08  4.775D-12 3.0D-11 0.0D+00    0    0 5.74D-04 1.00D+00 9.77D-04 5.313D-07     0.01
       38 1.0D-09  9.141D+08  4.775D-12 3.0D-11 0.0D+00    0    0 5.73D-04 1.00D+00 9.77D-04 5.308D-07     0.01
       39 1.0D-09  9.141D+08  4.775D-12 3.0D-11 0.0D+00    0    0 5.73D-04 1.00D+00 9.77D-04 5.302D-07     0.03
       40 1.0D-09  9.141D+08  4.775D-12 3.0D-11 0.0D+00    0    0 5.72D-04 1.00D+00 9.77D-04 5.297D-07     0.01

    inner barrier   scaled     scaled     min     min    NW   SE     dx      alpha    alpha    inner   time (s)
     ite   param   obj func     feas      x-l     u-x   pert pert   norm      max             opt err 
       41 1.0D-09  9.141D+08  5.002D-12 3.0D-11 0.0D+00    0    0 5.72D-04 1.00D+00 3.91D-03 5.277D-07     0.01
       42 1.0D-09  9.141D+08  5.002D-12 3.0D-11 0.0D+00    0    0 5.69D-04 1.00D+00 3.91D-03 5.256D-07     0.01
       43 1.0D-09  9.141D+08  5.002D-12 2.9D-11 0.0D+00    0    0 5.67D-04 1.00D+00 1.95D-03 5.246D-07     0.01
       44 1.0D-09  9.141D+08  5.002D-12 2.9D-11 0.0D+00    0    0 5.66D-04 1.00D+00 9.77D-04 5.241D-07     0.01
       45 1.0D-09  9.141D+08  5.002D-12 2.9D-11 0.0D+00    0    0 5.66D-04 1.00D+00 9.77D-04 5.235D-07     0.01
       46 1.0D-09  9.141D+08  5.002D-12 2.9D-11 0.0D+00    0    0 5.65D-04 1.00D+00 9.77D-04 5.230D-07     0.01
       47 1.0D-09  9.141D+08  5.002D-12 2.9D-11 0.0D+00    0    0 5.64D-04 1.00D+00 9.77D-04 5.225D-07     0.01
       48 1.0D-09  9.141D+08  5.002D-12 2.9D-11 0.0D+00    0    0 5.64D-04 1.00D+00 9.77D-04 5.220D-07     0.01
       49 1.0D-09  9.141D+08  5.002D-12 2.9D-11 0.0D+00    0    0 5.63D-04 1.00D+00 9.77D-04 5.215D-07     0.01
       50 1.0D-09  9.141D+08  5.002D-12 2.9D-11 0.0D+00    0    0 5.63D-04 1.00D+00 9.77D-04 5.210D-07     0.01

    inner barrier   scaled     scaled     min     min    NW   SE     dx      alpha    alpha    inner   time (s)
     ite   param   obj func     feas      x-l     u-x   pert pert   norm      max             opt err 
       51 1.0D-09  9.141D+08  5.002D-12 2.9D-11 0.0D+00    0    0 5.62D-04 1.00D+00 9.77D-04 5.205D-07     0.01
       52 1.0D-09  9.141D+08  5.002D-12 2.9D-11 0.0D+00    0    0 5.62D-04 1.00D+00 9.77D-04 5.200D-07     0.01
       53 1.0D-09  9.141D+08  5.002D-12 2.9D-11 0.0D+00    0    0 5.61D-04 1.00D+00 9.77D-04 5.195D-07     0.01
       54 1.0D-09  9.141D+08  5.002D-12 2.9D-11 0.0D+00    0    0 5.61D-04 1.00D+00 9.77D-04 5.190D-07     0.01
       55 1.0D-09  9.141D+08  5.002D-12 2.9D-11 0.0D+00    0    0 5.60D-04 1.00D+00 9.77D-04 5.185D-07     0.01
       56 1.0D-09  9.141D+08  5.002D-12 2.9D-11 0.0D+00    0    0 5.59D-04 1.00D+00 9.77D-04 5.179D-07     0.01
       57 1.0D-09  9.141D+08  5.002D-12 2.9D-11 0.0D+00    0    0 5.59D-04 1.00D+00 9.77D-04 5.174D-07     0.01
       58 1.0D-09  9.141D+08  5.002D-12 2.9D-11 0.0D+00    0    0 5.58D-04 1.00D+00 9.77D-04 5.169D-07     0.01
       59 1.0D-09  9.141D+08  5.002D-12 2.9D-11 0.0D+00    0    0 5.58D-04 1.00D+00 9.77D-04 5.164D-07     0.01
       60 1.0D-09  9.141D+08  5.002D-12 2.9D-11 0.0D+00    0    0 5.57D-04 1.00D+00 9.77D-04 5.159D-07     0.01

    inner barrier   scaled     scaled     min     min    NW   SE     dx      alpha    alpha    inner   time (s)
     ite   param   obj func     feas      x-l     u-x   pert pert   norm      max             opt err 
       61 1.0D-09  9.141D+08  5.002D-12 2.9D-11 0.0D+00    0    0 5.57D-04 1.00D+00 9.77D-04 5.154D-07     0.01
       62 1.0D-09  9.141D+08  5.002D-12 2.9D-11 0.0D+00    0    0 5.56D-04 1.00D+00 9.77D-04 5.149D-07     0.01
       63 1.0D-09  9.141D+08  5.002D-12 2.9D-11 0.0D+00    0    0 5.56D-04 1.00D+00 9.77D-04 5.144D-07     0.01
       64 1.0D-09  9.141D+08  5.002D-12 2.9D-11 0.0D+00    0    0 5.55D-04 1.00D+00 9.77D-04 5.139D-07     0.01
       65 1.0D-09  9.141D+08  5.002D-12 2.9D-11 0.0D+00    0    0 5.55D-04 1.00D+00 9.77D-04 5.134D-07     0.01
       66 1.0D-09  9.141D+08  5.002D-12 2.9D-11 0.0D+00    0    0 5.54D-04 1.00D+00 9.77D-04 5.129D-07     0.01
       67 1.0D-09  9.141D+08  5.002D-12 2.9D-11 0.0D+00    0    0 5.53D-04 1.00D+00 9.77D-04 5.124D-07     0.01
       68 1.0D-09  9.141D+08  5.002D-12 2.9D-11 0.0D+00    0    0 5.53D-04 1.00D+00 9.77D-04 5.119D-07     0.01
       69 1.0D-09  9.141D+08  5.002D-12 2.9D-11 0.0D+00    0    0 5.52D-04 1.00D+00 9.77D-04 5.114D-07     0.01
       70 1.0D-09  9.141D+08  5.230D-12 2.9D-11 0.0D+00    0    0 5.52D-04 1.00D+00 9.77D-04 5.109D-07     0.01

    inner barrier   scaled     scaled     min     min    NW   SE     dx      alpha    alpha    inner   time (s)
     ite   param   obj func     feas      x-l     u-x   pert pert   norm      max             opt err 
       71 1.0D-09  9.141D+08  5.230D-12 2.9D-11 0.0D+00    0    0 5.51D-04 1.00D+00 9.77D-04 5.104D-07     0.01
       72 1.0D-09  9.141D+08  5.230D-12 2.9D-11 0.0D+00    0    0 5.51D-04 1.00D+00 9.77D-04 5.099D-07     0.01
       73 1.0D-09  9.141D+08  5.002D-12 2.9D-11 0.0D+00    0    0 5.50D-04 1.00D+00 9.77D-04 5.094D-07     0.01
       74 1.0D-09  9.141D+08  5.002D-12 2.9D-11 0.0D+00    0    0 5.50D-04 1.00D+00 9.77D-04 5.089D-07     0.01
       75 1.0D-09  9.141D+08  5.002D-12 2.9D-11 0.0D+00    0    0 5.49D-04 1.00D+00 9.77D-04 5.084D-07     0.01
       76 1.0D-09  9.141D+08  5.002D-12 2.9D-11 0.0D+00    0    0 5.49D-04 1.00D+00 9.77D-04 5.079D-07     0.01
       77 1.0D-09  9.141D+08  5.002D-12 2.9D-11 0.0D+00    0    0 5.48D-04 1.00D+00 9.77D-04 5.074D-07     0.01
       78 1.0D-09  9.141D+08  5.002D-12 2.9D-11 0.0D+00    0    0 5.48D-04 1.00D+00 9.77D-04 5.069D-07     0.01
       79 1.0D-09  9.141D+08  5.230D-12 2.9D-11 0.0D+00    0    0 5.47D-04 1.00D+00 1.95D-03 5.059D-07     0.01
       80 1.0D-09  9.141D+08  5.230D-12 2.9D-11 0.0D+00    0    0 5.46D-04 1.00D+00 4.88D-04 5.057D-07     0.01

    inner barrier   scaled     scaled     min     min    NW   SE     dx      alpha    alpha    inner   time (s)
     ite   param   obj func     feas      x-l     u-x   pert pert   norm      max             opt err 
       81 1.0D-09  9.141D+08  5.230D-12 2.9D-11 0.0D+00    0    0 5.46D-04 1.00D+00 2.44D-04 5.056D-07     0.01
       82 1.0D-09  9.141D+08  5.230D-12 2.9D-11 0.0D+00    0    0 5.46D-04 1.00D+00 1.22D-04 5.055D-07     0.01
       83 1.0D-09  9.141D+08  5.230D-12 2.9D-11 0.0D+00    0    0 5.45D-04 1.00D+00 6.10D-05 5.055D-07     0.01
       84 1.0D-09  9.141D+08  5.230D-12 2.9D-11 0.0D+00    0    0 5.45D-04 1.00D+00 1.53D-05 5.055D-07     0.01
       85 1.0D-09  9.141D+08  5.230D-12 2.9D-11 0.0D+00    0    0 5.45D-04 1.00D+00 3.81D-06 5.055D-07     0.01
       86 1.0D-09  9.141D+08  5.230D-12 2.9D-11 0.0D+00    0    0 5.45D-04 1.00D+00 1.91D-06 5.055D-07     0.01
       87 1.0D-09  9.141D+08  5.230D-12 2.9D-11 0.0D+00    0    0 5.45D-04 1.00D+00 9.54D-07 5.055D-07     0.01
       88 1.0D-09  9.141D+08  5.230D-12 2.9D-11 0.0D+00    0    0 5.45D-04 1.00D+00 4.77D-07 5.055D-07     0.01
       89 1.0D-09  9.141D+08  5.230D-12 2.9D-11 0.0D+00    0    0 5.45D-04 1.00D+00 2.38D-07 5.055D-07     0.01
       90 1.0D-09  9.141D+08  5.230D-12 2.9D-11 0.0D+00    0    0 5.45D-04 1.00D+00 5.96D-08 5.055D-07     0.01

    inner barrier   scaled     scaled     min     min    NW   SE     dx      alpha    alpha    inner   time (s)
     ite   param   obj func     feas      x-l     u-x   pert pert   norm      max             opt err 
       91 1.0D-09  9.141D+08  5.230D-12 2.9D-11 0.0D+00    0    0 5.45D-04 1.00D+00 1.49D-08 5.055D-07     0.01
       92 1.0D-09  9.141D+08  5.230D-12 2.9D-11 0.0D+00    0    0 5.45D-04 1.00D+00 7.45D-09 5.055D-07     0.01
       93 1.0D-09  9.141D+08  5.230D-12 2.9D-11 0.0D+00    0    0 5.45D-04 1.00D+00 9.31D-10 5.055D-07     0.01
       94 1.0D-09  9.141D+08  5.230D-12 2.9D-11 0.0D+00    0    0 5.45D-04 1.00D+00 2.33D-10 5.055D-07     0.01
       95 1.0D-09  9.141D+08  5.230D-12 2.9D-11 0.0D+00    0    0 5.45D-04 1.00D+00 2.91D-11 5.055D-07     0.01
       96 1.0D-09  9.141D+08  5.230D-12 2.9D-11 0.0D+00    0    0 5.45D-04 1.00D+00 1.46D-11 5.055D-07     0.01
       97 1.0D-09  9.141D+08  5.230D-12 2.9D-11 0.0D+00    0    0 5.45D-04 1.00D+00 7.28D-12 5.055D-07     0.01
       98 1.0D-09  9.141D+08  5.230D-12 2.9D-11 0.0D+00    0    0 5.45D-04 1.00D+00 9.09D-13 5.055D-07     0.01
       99 1.0D-09  9.141D+08  5.230D-12 2.9D-11 0.0D+00    0    0 5.45D-04 1.00D+00 2.27D-13 5.055D-07     0.01
      100 1.0D-09  9.141D+08  5.230D-12 2.9D-11 0.0D+00    0    0 5.45D-04 1.00D+00 1.14D-13 5.055D-07     0.01

    inner barrier   scaled     scaled     min     min    NW   SE     dx      alpha    alpha    inner   time (s)
     ite   param   obj func     feas      x-l     u-x   pert pert   norm      max             opt err 
      101 1.0D-09  9.141D+08  5.230D-12 2.9D-11 0.0D+00    0    0 5.45D-04 1.00D+00 5.68D-14 5.055D-07     0.01
      102 1.0D-09  9.141D+08  5.230D-12 2.9D-11 0.0D+00    0    0 5.45D-04 1.00D+00 2.84D-14 5.055D-07     0.02
      103 1.0D-09  9.141D+08  5.230D-12 2.9D-11 0.0D+00    0    0 5.45D-04 1.00D+00 1.42D-14 5.055D-07     0.01
      104 1.0D-09  9.141D+08  5.230D-12 2.9D-11 0.0D+00    0    0 5.45D-04 1.00D+00 7.11D-15 5.055D-07     0.02
      105 1.0D-09  9.141D+08  5.230D-12 2.9D-11 0.0D+00    0    0 5.45D-04 1.00D+00 4.44D-16 5.055D-07     0.02
      106 1.0D-09  9.141D+08  5.230D-12 2.9D-11 0.0D+00    0    0 5.45D-04 1.00D+00 2.22D-16 5.055D-07     0.02
      107 1.0D-09  9.141D+08  5.230D-12 2.9D-11 0.0D+00    0    0 5.45D-04 1.00D+00 2.22D-16 5.055D-07     0.02
      108 1.0D-09  9.141D+08  5.230D-12 2.9D-11 0.0D+00    0    0 5.45D-04 1.00D+00 2.22D-16 5.055D-07     0.02
      109 1.0D-09  9.141D+08  5.230D-12 2.9D-11 0.0D+00    0    0 5.45D-04 1.00D+00 2.22D-16 5.055D-07     0.02
      110 1.0D-09  9.141D+08  5.230D-12 2.9D-11 0.0D+00    0    0 5.45D-04 1.00D+00 2.22D-16 5.055D-07     0.02

    inner barrier   scaled     scaled     min     min    NW   SE     dx      alpha    alpha    inner   time (s)
     ite   param   obj func     feas      x-l     u-x   pert pert   norm      max             opt err 
      111 1.0D-09  9.141D+08  5.230D-12 2.9D-11 0.0D+00    0    0 5.45D-04 1.00D+00 2.22D-16 5.055D-07     0.02
      112 1.0D-09  9.141D+08  5.230D-12 2.9D-11 0.0D+00    0    0 5.45D-04 1.00D+00 2.22D-16 5.055D-07     0.02
      113 1.0D-09  9.141D+08  5.230D-12 2.9D-11 0.0D+00    0    0 5.45D-04 1.00D+00 2.22D-16 5.055D-07     0.02
      114 1.0D-09  9.141D+08  5.230D-12 2.9D-11 0.0D+00    0    0 5.45D-04 1.00D+00 2.22D-16 5.055D-07     0.02
      115 1.0D-09  9.141D+08  5.230D-12 2.9D-11 0.0D+00    0    0 5.45D-04 1.00D+00 2.22D-16 5.055D-07     0.02
      116 1.0D-09  9.141D+08  5.230D-12 2.9D-11 0.0D+00    0    0 5.45D-04 1.00D+00 2.22D-16 5.055D-07     0.02
      117 1.0D-09  9.141D+08  5.230D-12 2.9D-11 0.0D+00    0    0 5.45D-04 1.00D+00 2.22D-16 5.055D-07     0.02
      118 1.0D-09  9.141D+08  5.230D-12 2.9D-11 0.0D+00    0    0 5.45D-04 1.00D+00 2.22D-16 5.055D-07     0.02
      119 1.0D-09  9.141D+08  5.230D-12 2.9D-11 0.0D+00    0    0 5.45D-04 1.00D+00 2.22D-16 5.055D-07     0.02
      120 1.0D-09  9.141D+08  5.230D-12 2.9D-11 0.0D+00    0    0 5.45D-04 1.00D+00 2.22D-16 5.055D-07     0.02

    inner barrier   scaled     scaled     min     min    NW   SE     dx      alpha    alpha    inner   time (s)
     ite   param   obj func     feas      x-l     u-x   pert pert   norm      max             opt err 
      121 1.0D-09  9.141D+08  5.230D-12 2.9D-11 0.0D+00    0    0 5.45D-04 1.00D+00 2.22D-16 5.055D-07     0.02
      122 1.0D-09  9.141D+08  5.230D-12 2.9D-11 0.0D+00    0    0 5.45D-04 1.00D+00 2.22D-16 5.055D-07     0.02
      123 1.0D-09  9.141D+08  5.230D-12 2.9D-11 0.0D+00    0    0 5.45D-04 1.00D+00 2.22D-16 5.055D-07     0.02
      124 1.0D-09  9.141D+08  5.230D-12 2.9D-11 0.0D+00    0    0 5.45D-04 1.00D+00 2.22D-16 5.055D-07     0.02
      125 1.0D-09  9.141D+08  5.230D-12 2.9D-11 0.0D+00    0    0 5.45D-04 1.00D+00 2.22D-16 5.055D-07     0.02
      126 1.0D-09  9.141D+08  5.230D-12 2.9D-11 0.0D+00    0    0 5.45D-04 1.00D+00 2.22D-16 5.055D-07     0.02
      127 1.0D-09  9.141D+08  5.230D-12 2.9D-11 0.0D+00    0    0 5.45D-04 1.00D+00 2.22D-16 5.055D-07     0.02
      128 1.0D-09  9.141D+08  5.230D-12 2.9D-11 0.0D+00    0    0 5.45D-04 1.00D+00 2.22D-16 5.055D-07     0.02
      129 1.0D-09  9.141D+08  5.230D-12 2.9D-11 0.0D+00    0    0 5.45D-04 1.00D+00 2.22D-16 5.055D-07     0.02
      130 1.0D-09  9.141D+08  5.230D-12 2.9D-11 0.0D+00    0    0 5.45D-04 1.00D+00 2.22D-16 5.055D-07     0.02

    inner barrier   scaled     scaled     min     min    NW   SE     dx      alpha    alpha    inner   time (s)
     ite   param   obj func     feas      x-l     u-x   pert pert   norm      max             opt err 
      131 1.0D-09  9.141D+08  5.230D-12 2.9D-11 0.0D+00    0    0 5.45D-04 1.00D+00 2.22D-16 5.055D-07     0.02
      132 1.0D-09  9.141D+08  5.230D-12 2.9D-11 0.0D+00    0    0 5.45D-04 1.00D+00 2.22D-16 5.055D-07     0.02
      133 1.0D-09  9.141D+08  5.230D-12 2.9D-11 0.0D+00    0    0 5.45D-04 1.00D+00 2.22D-16 5.055D-07     0.02
      134 1.0D-09  9.141D+08  5.230D-12 2.9D-11 0.0D+00    0    0 5.45D-04 1.00D+00 2.22D-16 5.055D-07     0.02
      135 1.0D-09  9.141D+08  5.230D-12 2.9D-11 0.0D+00    0    0 5.45D-04 1.00D+00 2.22D-16 5.055D-07     0.02
      136 1.0D-09  9.141D+08  5.230D-12 2.9D-11 0.0D+00    0    0 5.45D-04 1.00D+00 2.22D-16 5.055D-07     0.02
      137 1.0D-09  9.141D+08  5.230D-12 2.9D-11 0.0D+00    0    0 5.45D-04 1.00D+00 2.22D-16 5.055D-07     0.02
      138 1.0D-09  9.141D+08  5.230D-12 2.9D-11 0.0D+00    0    0 5.45D-04 1.00D+00 2.22D-16 5.055D-07     0.02
      139 1.0D-09  9.141D+08  5.230D-12 2.9D-11 0.0D+00    0    0 5.45D-04 1.00D+00 2.22D-16 5.055D-07     0.02
      140 1.0D-09  9.141D+08  5.230D-12 2.9D-11 0.0D+00    0    0 5.45D-04 1.00D+00 2.22D-16 5.055D-07     0.02

    inner barrier   scaled     scaled     min     min    NW   SE     dx      alpha    alpha    inner   time (s)
     ite   param   obj func     feas      x-l     u-x   pert pert   norm      max             opt err 
      141 1.0D-09  9.141D+08  5.230D-12 2.9D-11 0.0D+00    0    0 5.45D-04 1.00D+00 2.22D-16 5.055D-07     0.02
      142 1.0D-09  9.141D+08  5.230D-12 2.9D-11 0.0D+00    0    0 5.45D-04 1.00D+00 2.22D-16 5.055D-07     0.02
      143 1.0D-09  9.141D+08  5.230D-12 2.9D-11 0.0D+00    0    0 5.45D-04 1.00D+00 2.22D-16 5.055D-07     0.02
      144 1.0D-09  9.141D+08  5.230D-12 2.9D-11 0.0D+00    0    0 5.45D-04 1.00D+00 2.22D-16 5.055D-07     0.02
      145 1.0D-09  9.141D+08  5.230D-12 2.9D-11 0.0D+00    0    0 5.45D-04 1.00D+00 2.22D-16 5.055D-07     0.02
      146 1.0D-09  9.141D+08  5.230D-12 2.9D-11 0.0D+00    0    0 5.45D-04 1.00D+00 2.22D-16 5.055D-07     0.02
      147 1.0D-09  9.141D+08  5.230D-12 2.9D-11 0.0D+00    0    0 5.45D-04 1.00D+00 2.22D-16 5.055D-07     0.02
      148 1.0D-09  9.141D+08  5.230D-12 2.9D-11 0.0D+00    0    0 5.45D-04 1.00D+00 2.22D-16 5.055D-07     0.02
      149 1.0D-09  9.141D+08  5.230D-12 2.9D-11 0.0D+00    0    0 5.45D-04 1.00D+00 2.22D-16 5.055D-07     0.02
      150 1.0D-09  9.141D+08  5.230D-12 2.9D-11 0.0D+00    0    0 5.45D-04 1.00D+00 2.22D-16 5.055D-07     0.02

    inner barrier   scaled     scaled     min     min    NW   SE     dx      alpha    alpha    inner   time (s)
     ite   param   obj func     feas      x-l     u-x   pert pert   norm      max             opt err 
      151 1.0D-09  9.141D+08  5.230D-12 2.9D-11 0.0D+00    0    0 5.45D-04 1.00D+00 2.22D-16 5.055D-07     0.02
      152 1.0D-09  9.141D+08  5.230D-12 2.9D-11 0.0D+00    0    0 5.45D-04 1.00D+00 2.22D-16 5.055D-07     0.02
      153 1.0D-09  9.141D+08  5.230D-12 2.9D-11 0.0D+00    0    0 5.45D-04 1.00D+00 2.22D-16 5.055D-07     0.02
      154 1.0D-09  9.141D+08  5.230D-12 2.9D-11 0.0D+00    0    0 5.45D-04 1.00D+00 2.22D-16 5.055D-07     0.02
      155 1.0D-09  9.141D+08  5.230D-12 2.9D-11 0.0D+00    0    0 5.45D-04 1.00D+00 2.22D-16 5.055D-07     0.02
      156 1.0D-09  9.141D+08  5.230D-12 2.9D-11 0.0D+00    0    0 5.45D-04 1.00D+00 2.22D-16 5.055D-07     0.02
      157 1.0D-09  9.141D+08  5.230D-12 2.9D-11 0.0D+00    0    0 5.45D-04 1.00D+00 2.22D-16 5.055D-07     0.02
      158 1.0D-09  9.141D+08  5.230D-12 2.9D-11 0.0D+00    0    0 5.45D-04 1.00D+00 2.22D-16 5.055D-07     0.02
      159 1.0D-09  9.141D+08  5.230D-12 2.9D-11 0.0D+00    0    0 5.45D-04 1.00D+00 2.22D-16 5.055D-07     0.02
      160 1.0D-09  9.141D+08  5.230D-12 2.9D-11 0.0D+00    0    0 5.45D-04 1.00D+00 2.22D-16 5.055D-07     0.02

    inner barrier   scaled     scaled     min     min    NW   SE     dx      alpha    alpha    inner   time (s)
     ite   param   obj func     feas      x-l     u-x   pert pert   norm      max             opt err 
      161 1.0D-09  9.141D+08  5.230D-12 2.9D-11 0.0D+00    0    0 5.45D-04 1.00D+00 2.22D-16 5.055D-07     0.02
      162 1.0D-09  9.141D+08  5.230D-12 2.9D-11 0.0D+00    0    0 5.45D-04 1.00D+00 2.22D-16 5.055D-07     0.02
      163 1.0D-09  9.141D+08  5.230D-12 2.9D-11 0.0D+00    0    0 5.45D-04 1.00D+00 2.22D-16 5.055D-07     0.02
      164 1.0D-09  9.141D+08  5.230D-12 2.9D-11 0.0D+00    0    0 5.45D-04 1.00D+00 2.22D-16 5.055D-07     0.02
      165 1.0D-09  9.141D+08  5.230D-12 2.9D-11 0.0D+00    0    0 5.45D-04 1.00D+00 2.22D-16 5.055D-07     0.02
      166 1.0D-09  9.141D+08  5.230D-12 2.9D-11 0.0D+00    0    0 5.45D-04 1.00D+00 2.22D-16 5.055D-07     0.02
      167 1.0D-09  9.141D+08  5.230D-12 2.9D-11 0.0D+00    0    0 5.45D-04 1.00D+00 2.22D-16 5.055D-07     0.02
      168 1.0D-09  9.141D+08  5.230D-12 2.9D-11 0.0D+00    0    0 5.45D-04 1.00D+00 2.22D-16 5.055D-07     0.02
      169 1.0D-09  9.141D+08  5.230D-12 2.9D-11 0.0D+00    0    0 5.45D-04 1.00D+00 2.22D-16 5.055D-07     0.02
      170 1.0D-09  9.141D+08  5.230D-12 2.9D-11 0.0D+00    0    0 5.45D-04 1.00D+00 2.22D-16 5.055D-07     0.02

    inner barrier   scaled     scaled     min     min    NW   SE     dx      alpha    alpha    inner   time (s)
     ite   param   obj func     feas      x-l     u-x   pert pert   norm      max             opt err 
      171 1.0D-09  9.141D+08  5.230D-12 2.9D-11 0.0D+00    0    0 5.45D-04 1.00D+00 2.22D-16 5.055D-07     0.02
      172 1.0D-09  9.141D+08  5.230D-12 2.9D-11 0.0D+00    0    0 5.45D-04 1.00D+00 2.22D-16 5.055D-07     0.02
      173 1.0D-09  9.141D+08  5.230D-12 2.9D-11 0.0D+00    0    0 5.45D-04 1.00D+00 2.22D-16 5.055D-07     0.02
      174 1.0D-09  9.141D+08  5.230D-12 2.9D-11 0.0D+00    0    0 5.45D-04 1.00D+00 2.22D-16 5.055D-07     0.02
      175 1.0D-09  9.141D+08  5.230D-12 2.9D-11 0.0D+00    0    0 5.45D-04 1.00D+00 2.22D-16 5.055D-07     0.02
      176 1.0D-09  9.141D+08  5.230D-12 2.9D-11 0.0D+00    0    0 5.45D-04 1.00D+00 2.22D-16 5.055D-07     0.02
      177 1.0D-09  9.141D+08  5.230D-12 2.9D-11 0.0D+00    0    0 5.45D-04 1.00D+00 2.22D-16 5.055D-07     0.02
      178 1.0D-09  9.141D+08  5.230D-12 2.9D-11 0.0D+00    0    0 5.45D-04 1.00D+00 2.22D-16 5.055D-07     0.02
      179 1.0D-09  9.141D+08  5.230D-12 2.9D-11 0.0D+00    0    0 5.45D-04 1.00D+00 2.22D-16 5.055D-07     0.02
      180 1.0D-09  9.141D+08  5.230D-12 2.9D-11 0.0D+00    0    0 5.45D-04 1.00D+00 2.22D-16 5.055D-07     0.02

    inner barrier   scaled     scaled     min     min    NW   SE     dx      alpha    alpha    inner   time (s)
     ite   param   obj func     feas      x-l     u-x   pert pert   norm      max             opt err 
      181 1.0D-09  9.141D+08  5.230D-12 2.9D-11 0.0D+00    0    0 5.45D-04 1.00D+00 2.22D-16 5.055D-07     0.02
      182 1.0D-09  9.141D+08  5.230D-12 2.9D-11 0.0D+00    0    0 5.45D-04 1.00D+00 2.22D-16 5.055D-07     0.02
      183 1.0D-09  9.141D+08  5.230D-12 2.9D-11 0.0D+00    0    0 5.45D-04 1.00D+00 2.22D-16 5.055D-07     0.02
      184 1.0D-09  9.141D+08  5.230D-12 2.9D-11 0.0D+00    0    0 5.45D-04 1.00D+00 2.22D-16 5.055D-07     0.02
      185 1.0D-09  9.141D+08  5.230D-12 2.9D-11 0.0D+00    0    0 5.45D-04 1.00D+00 2.22D-16 5.055D-07     0.02
      186 1.0D-09  9.141D+08  5.230D-12 2.9D-11 0.0D+00    0    0 5.45D-04 1.00D+00 2.22D-16 5.055D-07     0.02
      187 1.0D-09  9.141D+08  5.230D-12 2.9D-11 0.0D+00    0    0 5.45D-04 1.00D+00 2.22D-16 5.055D-07     0.02
      188 1.0D-09  9.141D+08  5.230D-12 2.9D-11 0.0D+00    0    0 5.45D-04 1.00D+00 2.22D-16 5.055D-07     0.02
      189 1.0D-09  9.141D+08  5.230D-12 2.9D-11 0.0D+00    0    0 5.45D-04 1.00D+00 2.22D-16 5.055D-07     0.02
      190 1.0D-09  9.141D+08  5.230D-12 2.9D-11 0.0D+00    0    0 5.45D-04 1.00D+00 2.22D-16 5.055D-07     0.02

    inner barrier   scaled     scaled     min     min    NW   SE     dx      alpha    alpha    inner   time (s)
     ite   param   obj func     feas      x-l     u-x   pert pert   norm      max             opt err 
      191 1.0D-09  9.141D+08  5.230D-12 2.9D-11 0.0D+00    0    0 5.45D-04 1.00D+00 2.22D-16 5.055D-07     0.02
      192 1.0D-09  9.141D+08  5.230D-12 2.9D-11 0.0D+00    0    0 5.45D-04 1.00D+00 2.22D-16 5.055D-07     0.02
      193 1.0D-09  9.141D+08  5.230D-12 2.9D-11 0.0D+00    0    0 5.45D-04 1.00D+00 2.22D-16 5.055D-07     0.02
      194 1.0D-09  9.141D+08  5.230D-12 2.9D-11 0.0D+00    0    0 5.45D-04 1.00D+00 2.22D-16 5.055D-07     0.02
      195 1.0D-09  9.141D+08  5.230D-12 2.9D-11 0.0D+00    0    0 5.45D-04 1.00D+00 2.22D-16 5.055D-07     0.02
      196 1.0D-09  9.141D+08  5.230D-12 2.9D-11 0.0D+00    0    0 5.45D-04 1.00D+00 2.22D-16 5.055D-07     0.02
      197 1.0D-09  9.141D+08  5.230D-12 2.9D-11 0.0D+00    0    0 5.45D-04 1.00D+00 2.22D-16 5.055D-07     0.02
      198 1.0D-09  9.141D+08  5.230D-12 2.9D-11 0.0D+00    0    0 5.45D-04 1.00D+00 2.22D-16 5.055D-07     0.02
      199 1.0D-09  9.141D+08  5.230D-12 2.9D-11 0.0D+00    0    0 5.45D-04 1.00D+00 2.22D-16 5.055D-07     0.02
      200 1.0D-09  9.141D+08  5.230D-12 2.9D-11 0.0D+00    0    0 5.45D-04 1.00D+00 2.22D-16 5.055D-07     0.02

    inner barrier   scaled     scaled     min     min    NW   SE     dx      alpha    alpha    inner   time (s)
     ite   param   obj func     feas      x-l     u-x   pert pert   norm      max             opt err 
      201 1.0D-09  9.141D+08  5.230D-12 2.9D-11 0.0D+00    0    0 5.45D-04 1.00D+00 2.22D-16 5.055D-07     0.02


     7 1.0D-09  1.741224D+11  9.140989D+08 5.055D-07   215M
 ==========================================================

 FINAL RESULTS:
                            scaled                   unscaled
  Objective Funct:   9.1409890068760085D+08    1.7412244909869653D+11
  Lagrangian Grad:   4.8105046658390118D-06    9.1633066529948318D-04
 Final Point Feas:   5.2295945351943374D-12    5.2295945351943374D-12
 Bounds violation:   0.0000000000000000D+00    0.0000000000000000D+00
 Lower Bound Comp:   1.6503662754767524D-09    3.1437059773263561D-07
 Upper Bound Comp:   0.0000000000000000D+00    0.0000000000000000D+00

 Flag of LCMIN:

     Maximum inner iterations exceeded.

 ====================================================
                      STATISTICS                     
 ====================================================
 GENERAL:                                            

           Preprocessing time (in seconds):      0.61
            Optimization time (in seconds):      3.15

                      Inner Iterations (IIT):     215
                      Outer Iterations (OIT):       7
                  Function Evaluations (FEV):    6705
         Function Gradient Evaluations (GEV):     216
          Function Hessian Evaluations (HEV):     215
          Barrier Function Evaluations (BFE):    6919
 Barrier Function Gradient Evaluations (BGE):     215
 ====================================================
 AVERAGE:                                            

 Inner Iterations per Outer Iterations  :     30.7143
 FEV per IIT:     31.1860    FEV per OIT:    957.8571
 GEV per IIT:      1.0047    GEV per OIT:     30.8571
 HEV per IIT:      1.0000    HEV per OIT:     30.7143
 BFE per IIT:     32.1814    BFE per OIT:    988.4286
 BGE per IIT:      1.0000    BGE per OIT:     30.7143
 ====================================================

