
 ==============================================================================
 This is ALGENCAN 3.1.1.
 ALGENCAN, an Augmented Lagrangian method for nonlinear programming, is part of
 the TANGO Project: Trustable Algorithms for Nonlinear General Optimization.
 See http://www.ime.usp.br/~egbirgin/tango/ for details.
 ==============================================================================

 Processing array of parameters with   3 entrances:

 IGNORE-OBJECTIVE-FUNCTION                    
 ITERATIONS-OUTPUT-DETAIL                                                    11
 TRUNCATED-NEWTON-LINE-SEARCH-INNER-SOLVER                                   ''

 The specification file is not being used.

 Available HSL subroutines = MA57           

 ALGENCAN PARAMETERS:

 firstde                =                    T
 seconde                =                    T
 truehpr                =                    T
 hptype in TN           =               TRUEHP
 lsslvr in TR           =            MA57/NONE
 lsslvr in NW           =            MA57/NONE
 lsslvr in ACCPROC      =            MA57/NONE
 innslvr                =                   TN
 accproc                =                    T
 rmfixv                 =                    T
 slacks                 =                    F
 scale                  =                    T
 epsfeas                =           3.1623D-05
 epsopt                 =           1.0000D-08
 efstain                =           5.6234D-03
 eostain                =           1.0000D-12
 efacc                  =           5.6234D-03
 eoacc                  =           1.0000D-04
 iprint                 =                   11
 ncomp                  =                    6

 Specification filename =                   ''
 Output filename        =          'lcmin.out'
 Solution filename      =                   ''

 Number of variables               :    5000
 Number of equality constraints    :       2
 Number of inequality constraints  :       0
 Number of bound constraints       :    5000
 Number of fixed variables         :       0

 There are no fixed variables to be removed.

 Objective function scale factor   : 1.0D+00
 Smallest constraints scale factor : 1.0D+00

 Since the scaling factor(s) is(are) equal to one, scaling was inhibited.

     Entry to GENCAN.
     Number of variables:    5000
     Required optimality tolerance: 1.0D-08

     It         function  gpsupn   xsupn stesupn   nfree   SPGit in-face    fcnt
      0   2.09705392D+06 5.5D-01 1.0D+00
      1   2.29727527D+05 1.5D-01 6.4D+03 6.4D+03    5000       0       1      11
      2   4.09805830D+03 2.3D-02 9.4D+03 7.2D+03    4801       0       2      12
      3   4.84600508D+01 2.4D-03 9.5D+03 1.0D+03    4731       0       3      13
      4   5.30359661D-03 2.5D-05 9.5D+03 1.2D+02    4724       0       4      14
      5   1.16839262D-23 1.4D-15 9.5D+03 1.3D+00    4724       0       5      15

     Flag of GENCAN: Solution was found.


 User-provided subroutines calls counters: 

 Subroutine fsub     (coded=F):        0
 Subroutine gsub     (coded=F):        0
 Subroutine hsub     (coded=F):        0
 Subroutine csub     (coded=F):        0 (       0 calls per constraint in avg)
 Subroutine jacsub   (coded=F):        0 (       0 calls per constraint in avg)
 Subroutine hcsub    (coded=F):        0 (       0 calls per constraint in avg)
 Subroutine fcsub    (coded=T):       15
 Subroutine gjacsub  (coded=T):        9
 Subroutine gjacpsub (coded=F):        0
 Subroutine hlsub    (coded=T):        5
 Subroutine hlpsub   (coded=F):        0


 Total CPU time in seconds =     0.00

 ==============================================================================

 Initial point computed successfully.

                                            achieved                  desired        
 Unscaled feasibility ..............:   3.6379788070917130D-12   1.0000000000000001D-09
 Smallest distance to lower bound ..:   1.0000000000000000D-02   1.0000000000000000D-03

 Starting LCMIN.
 Number of variables   :    5000
 Number of constraints :       2

 Scale factor for the objective function   : 1.0D+00
 Smallest scale factor for the constraints : 1.0D+00

 ==========================================================
 outer barrier   objective       scaled      outer   inner
  ite   param     function     obj funct    opt err   ite 
     0 1.0D-01  3.482449D+07  3.482449D+07 9.524D+03     0 

    inner barrier   scaled     scaled     min     min    NW   SE     dx      alpha    alpha    inner   time (s)
     ite   param   obj func     feas      x-l     u-x   pert pert   norm      max             opt err 
        1 1.0D-01  3.482D+07  4.547D-12 8.9D-02 0.0D+00    0    0 2.84D+03 1.00D+00 1.00D+00 9.621D+01     0.02
        2 1.0D-01  3.482D+07  1.819D-12 4.8D-02 0.0D+00    0    0 3.63D+03 1.00D+00 1.00D+00 8.638D-01     0.01


     1 2.0D-02  3.482452D+07  3.482452D+07 9.638D-01     2C

    inner barrier   scaled     scaled     min     min    NW   SE     dx      alpha    alpha    inner   time (s)
     ite   param   obj func     feas      x-l     u-x   pert pert   norm      max             opt err 
        1 2.0D-02  3.482D+07  2.387D-12 9.7D-03 0.0D+00    0    0 1.44D+03 1.00D+00 1.00D+00 9.212D-03     0.01


     2 2.8D-03  3.482450D+07  3.482450D+07 2.921D-02     3C


     3 1.5D-04  3.482450D+07  3.482450D+07 2.921D-02     3C

    inner barrier   scaled     scaled     min     min    NW   SE     dx      alpha    alpha    inner   time (s)
     ite   param   obj func     feas      x-l     u-x   pert pert   norm      max             opt err 
        1 1.5D-04  3.482D+07  2.160D-12 7.3D-05 0.0D+00    0    0 7.49D+02 1.00D+00 1.00D+00 5.655D-03     0.01
        2 1.5D-04  3.482D+07  1.592D-12 7.3D-05 0.0D+00    0    0 1.57D+02 1.00D+00 1.00D+00 1.372D-03     0.01


     4 1.8D-06  3.482449D+07  3.482449D+07 1.522D-03     5C

    inner barrier   scaled     scaled     min     min    NW   SE     dx      alpha    alpha    inner   time (s)
     ite   param   obj func     feas      x-l     u-x   pert pert   norm      max             opt err 
        1 1.8D-06  3.482D+07  2.387D-12 9.0D-07 0.0D+00    0    0 5.69D+01 1.00D+00 1.00D+00 3.793D-04     0.01
        2 1.8D-06  3.482D+07  9.095D-13 9.0D-07 0.0D+00    0    0 1.79D+01 1.00D+00 1.00D+00 9.436D-05     0.01
        3 1.8D-06  3.482D+07  2.274D-12 9.0D-07 0.0D+00    0    0 6.13D+00 1.00D+00 1.00D+00 2.314D-05     0.01
        4 1.8D-06  3.482D+07  2.728D-12 9.0D-07 0.0D+00    0    0 2.08D+00 1.00D+00 1.00D+00 5.357D-06     0.01


     5 2.5D-09  3.482449D+07  3.482449D+07 7.202D-06     9C

    inner barrier   scaled     scaled     min     min    NW   SE     dx      alpha    alpha    inner   time (s)
     ite   param   obj func     feas      x-l     u-x   pert pert   norm      max             opt err 
        1 2.5D-09  3.482D+07  1.478D-12 1.2D-09 0.0D+00    0    0 1.06D+00 1.00D+00 1.00D+00 1.799D-06     0.01
        2 2.5D-09  3.482D+07  1.705D-12 1.2D-09 0.0D+00    0    0 3.18D-01 1.00D+00 1.00D+00 4.492D-07     0.01
        3 2.5D-09  3.482D+07  2.501D-12 1.2D-09 0.0D+00    0    0 1.11D-01 1.00D+00 1.00D+00 1.117D-07     0.01
        4 2.5D-09  3.482D+07  1.137D-12 1.2D-09 0.0D+00    0    0 3.87D-02 1.00D+00 1.00D+00 2.729D-08     0.01
        5 2.5D-09  3.482D+07  1.137D-12 1.2D-09 0.0D+00    0    0 1.31D-02 1.00D+00 1.00D+00 6.243D-09     0.01


     6 1.0D-09  3.482449D+07  3.482449D+07 8.749D-09    14C
 ==========================================================

 FINAL RESULTS:
                            scaled                   unscaled
  Objective Funct:   3.4824489819739953D+07    3.4824489819739953D+07
  Lagrangian Grad:   2.2204460492503131D-15    2.2204460492503131D-15
 Final Point Feas:   1.1368683772161603D-12    1.1368683772161603D-12
 Bounds violation:   0.0000000000000000D+00    0.0000000000000000D+00
 Lower Bound Comp:   8.7489578910657075D-09    8.7489578910657075D-09
 Upper Bound Comp:   0.0000000000000000D+00    0.0000000000000000D+00

 Flag of LCMIN:

     Optimal solution found.

 ====================================================
                      STATISTICS                     
 ====================================================
 GENERAL:                                            

           Preprocessing time (in seconds):      0.42
            Optimization time (in seconds):      0.20

                      Inner Iterations (IIT):      14
                      Outer Iterations (OIT):       6
                  Function Evaluations (FEV):      15
         Function Gradient Evaluations (GEV):      15
          Function Hessian Evaluations (HEV):      14
          Barrier Function Evaluations (BFE):      28
 Barrier Function Gradient Evaluations (BGE):      14
 ====================================================
 AVERAGE:                                            

 Inner Iterations per Outer Iterations  :      2.3333
 FEV per IIT:      1.0714    FEV per OIT:      2.5000
 GEV per IIT:      1.0714    GEV per OIT:      2.5000
 HEV per IIT:      1.0000    HEV per OIT:      2.3333
 BFE per IIT:      2.0000    BFE per OIT:      4.6667
 BGE per IIT:      1.0000    BGE per OIT:      2.3333
 ====================================================

