
 ==============================================================================
 This is ALGENCAN 3.1.1.
 ALGENCAN, an Augmented Lagrangian method for nonlinear programming, is part of
 the TANGO Project: Trustable Algorithms for Nonlinear General Optimization.
 See http://www.ime.usp.br/~egbirgin/tango/ for details.
 ==============================================================================

 Processing array of parameters with   3 entrances:

 IGNORE-OBJECTIVE-FUNCTION                    
 ITERATIONS-OUTPUT-DETAIL                                                    11
 TRUNCATED-NEWTON-LINE-SEARCH-INNER-SOLVER                                   ''

 The specification file is not being used.

 Available HSL subroutines = MA57           

 ALGENCAN PARAMETERS:

 firstde                =                    T
 seconde                =                    T
 truehpr                =                    T
 hptype in TN           =               TRUEHP
 lsslvr in TR           =            MA57/NONE
 lsslvr in NW           =            MA57/NONE
 lsslvr in ACCPROC      =            MA57/NONE
 innslvr                =                   TN
 accproc                =                    T
 rmfixv                 =                    T
 slacks                 =                    F
 scale                  =                    T
 epsfeas                =           1.0000D-09
 epsopt                 =           1.0000D-08
 efstain                =           3.1623D-05
 eostain                =           1.0000D-12
 efacc                  =           3.1623D-05
 eoacc                  =           1.0000D-04
 iprint                 =                   11
 ncomp                  =                    6

 Specification filename =                   ''
 Output filename        =          'lcmin.out'
 Solution filename      =                   ''

 Number of variables               :    3025
 Number of equality constraints    :    1425
 Number of inequality constraints  :       0
 Number of bound constraints       :    5038
 Number of fixed variables         :       0

 There are no fixed variables to be removed.

 Objective function scale factor   : 1.0D+00
 Smallest constraints scale factor : 1.0D+00

 Since the scaling factor(s) is(are) equal to one, scaling was inhibited.

     Entry to GENCAN.
     Number of variables:    3025
     Required optimality tolerance: 1.0D-08

     It         function  gpsupn   xsupn stesupn   nfree   SPGit in-face    fcnt
      0   1.94101420D-18 1.5D-09 2.3D+06
      1   6.47495767D-19 5.2D-10 2.3D+06 4.2D-10    3025       0       1       3

     Flag of GENCAN: Solution was found.


 User-provided subroutines calls counters: 

 Subroutine fsub     (coded=F):        0
 Subroutine gsub     (coded=F):        0
 Subroutine hsub     (coded=F):        0
 Subroutine csub     (coded=F):        0 (       0 calls per constraint in avg)
 Subroutine jacsub   (coded=F):        0 (       0 calls per constraint in avg)
 Subroutine hcsub    (coded=F):        0 (       0 calls per constraint in avg)
 Subroutine fcsub    (coded=T):        3
 Subroutine gjacsub  (coded=T):        4
 Subroutine gjacpsub (coded=F):        0
 Subroutine hlsub    (coded=T):        1
 Subroutine hlpsub   (coded=F):        0


 Total CPU time in seconds =     0.01

 ==============================================================================

 Initial point computed successfully.

                                            achieved                  desired        
 Unscaled feasibility ..............:   4.5292836148291826D-10   1.0000000000000001D-09
 Smallest distance to lower bound ..:   9.9999999980693310D-03   1.0000000000000000D-03
 Smallest distance to upper bound ..:   9.9999999915306587D-03   1.0000000000000000D-03

 Starting LCMIN.
 Number of variables   :    3025
 Number of constraints :    1425

 Scale factor for the objective function   : 7.0D-05
 Smallest scale factor for the constraints : 1.0D+00

 ==========================================================
 outer barrier   objective       scaled      outer   inner
  ite   param     function     obj funct    opt err   ite 
     0 1.0D-01  2.262510D+12  1.576664D+08 1.000D+09     0 

    inner barrier   scaled     scaled     min     min    NW   SE     dx      alpha    alpha    inner   time (s)
     ite   param   obj func     feas      x-l     u-x   pert pert   norm      max             opt err 
        1 1.0D-01  1.502D+08  4.545D-10 7.8D-03 8.2D-03    0    0 3.31D+07 3.04D-02 3.04D-02 9.592D+08     0.01
        2 1.0D-01  1.347D+08  4.657D-10 7.0D-03 9.8D-03    0    0 3.92D+07 6.45D-02 6.45D-02 9.588D+08     0.01
        3 1.0D-01  1.111D+08  4.447D-10 8.0D-03 1.3D-02    0    0 4.17D+07 1.06D-01 1.06D-01 9.091D+08     0.01
        4 1.0D-01  9.294D+07  4.593D-10 8.3D-03 1.2D-02    0    0 4.05D+07 9.86D-02 9.86D-02 9.022D+08     0.01
        5 1.0D-01  7.887D+07  5.616D-10 9.7D-03 1.3D-02    0    0 3.95D+07 9.06D-02 9.06D-02 9.015D+08     0.01
        6 1.0D-01  6.856D+07  4.484D-10 1.1D-02 1.5D-02    0    0 3.75D+07 7.86D-02 7.86D-02 8.897D+08     0.01
        7 1.0D-01  5.918D+07  6.985D-10 3.2D-03 1.7D-02    0    0 3.63D+07 8.22D-02 8.22D-02 8.854D+08     0.01
        8 1.0D-01  4.674D+07  8.004D-10 5.1D-03 2.1D-03    0    0 3.43D+07 1.30D-01 1.30D-01 8.470D+08     0.01
        9 1.0D-01  3.545D+07  9.313D-10 1.1D-02 2.3D-02    0    0 3.27D+07 1.50D-01 1.50D-01 8.441D+08     0.01
       10 1.0D-01  3.031D+07  8.367D-10 7.4D-03 2.5D-02    0    0 2.86D+07 9.09D-02 9.09D-02 8.387D+08     0.01

    inner barrier   scaled     scaled     min     min    NW   SE     dx      alpha    alpha    inner   time (s)
     ite   param   obj func     feas      x-l     u-x   pert pert   norm      max             opt err 
       11 1.0D-01  1.411D+07  1.048D-09 1.6D-02 8.7D-03    0    0 2.81D+07 3.70D-01 3.70D-01 8.170D+08     0.01
       12 1.0D-01  6.063D+06  1.048D-09 3.0D-02 5.5D-02    0    0 2.05D+07 4.09D-01 4.09D-01 7.432D+08     0.01
       13 1.0D-01  1.482D+06  1.048D-09 2.0D-02 8.0D-02    0    0 1.42D+07 6.42D-01 6.42D-01 6.640D+08     0.01
       14 1.0D-01  5.757D+05  1.020D-09 3.8D-02 1.0D-01    0    0 6.91D+06 6.01D-01 6.01D-01 6.495D+08     0.01
       15 1.0D-01  2.896D+05  1.397D-09 4.4D-02 1.2D-01    0    0 4.11D+06 6.00D-01 6.00D-01 6.039D+08     0.01
       16 1.0D-01  1.522D+05  1.513D-09 5.0D-02 1.4D-01    0    0 2.49D+06 7.96D-01 7.96D-01 5.194D+08     0.01
       17 1.0D-01  1.088D+05  1.164D-09 5.8D-02 1.8D-01    0    0 1.53D+06 5.52D-01 5.52D-01 4.988D+08     0.01
       18 1.0D-01  6.754D+04  1.164D-09 5.7D-02 2.0D-01    0    0 1.27D+06 6.80D-01 6.80D-01 3.235D+08     0.01
       19 1.0D-01  3.313D+04  1.397D-09 1.2D-01 2.1D-01    0    0 1.04D+06 1.00D+00 1.00D+00 3.146D+08     0.01
       20 1.0D-01  2.102D+04  1.746D-09 2.0D-01 1.9D-01    0    0 6.04D+05 8.78D-01 8.78D-01 1.633D+08     0.01

    inner barrier   scaled     scaled     min     min    NW   SE     dx      alpha    alpha    inner   time (s)
     ite   param   obj func     feas      x-l     u-x   pert pert   norm      max             opt err 
       21 1.0D-01  1.397D+04  1.863D-09 2.8D-01 2.9D-01    0    0 4.74D+05 1.00D+00 1.00D+00 1.079D+08     0.01
       22 1.0D-01  1.023D+04  1.281D-09 3.9D-01 4.3D-01    0    0 3.83D+05 1.00D+00 1.00D+00 9.086D+07     0.01
       23 1.0D-01  8.244D+03  1.164D-09 5.3D-01 5.9D-01    0    0 2.96D+05 1.00D+00 1.00D+00 6.331D+07     0.01
       24 1.0D-01  7.185D+03  1.164D-09 7.6D-01 7.8D-01    0    0 2.40D+05 1.00D+00 1.00D+00 3.251D+07     0.01
       25 1.0D-01  6.458D+03  1.397D-09 1.0D+00 1.1D+00    0    0 2.66D+05 1.00D+00 1.00D+00 1.623D+07     0.01
       26 1.0D-01  6.016D+03  1.164D-09 1.4D+00 3.1D-01    0    0 3.27D+05 8.78D-01 8.78D-01 4.817D+06     0.01
       27 1.0D-01  5.654D+03  1.397D-09 1.8D+00 2.1D+00    0    0 3.72D+05 1.00D+00 1.00D+00 2.104D+06     0.01
       28 1.0D-01  5.414D+03  1.630D-09 2.4D+00 2.9D+00    0    0 5.21D+05 1.00D+00 1.00D+00 1.566D+06     0.01
       29 1.0D-01  5.277D+03  1.863D-09 3.6D+00 1.3D+00    0    0 6.00D+05 1.00D+00 1.00D+00 9.177D+05     0.01
       30 1.0D-01  5.167D+03  1.630D-09 5.5D+00 3.8D+00    0    0 9.20D+05 1.00D+00 1.00D+00 5.392D+05     0.01

    inner barrier   scaled     scaled     min     min    NW   SE     dx      alpha    alpha    inner   time (s)
     ite   param   obj func     feas      x-l     u-x   pert pert   norm      max             opt err 
       31 1.0D-01  5.069D+03  1.863D-09 6.5D+00 4.0D+00    0    0 1.44D+06 1.00D+00 1.00D+00 2.920D+05     0.01
       32 1.0D-01  4.966D+03  1.735D-09 7.2D+00 4.0D+00    0    0 2.46D+06 1.00D+00 1.00D+00 8.271D+04     0.01
       33 1.0D-01  4.785D+03  2.059D-09 7.3D+00 4.0D+00    0    0 7.72D+06 1.00D+00 1.00D+00 4.007D+04     0.01
       34 1.0D-01  4.537D+03  2.328D-09 7.4D+00 4.0D+00    0    0 1.51D+07 1.00D+00 1.00D+00 3.078D+04     0.01
       35 1.0D-01  4.272D+03  2.648D-09 7.4D+00 4.0D+00    0    0 1.87D+07 1.00D+00 1.00D+00 2.400D+04     0.01
       36 1.0D-01  4.041D+03  2.896D-09 7.4D+00 4.0D+00    0    0 2.03D+07 1.00D+00 1.00D+00 1.505D+04     0.01
       37 1.0D-01  3.870D+03  3.318D-09 7.4D+00 4.0D+00    0    0 2.13D+07 1.00D+00 1.00D+00 1.075D+04     0.01
       38 1.0D-01  3.809D+03  3.347D-09 7.4D+00 4.0D+00    0    0 1.48D+07 1.00D+00 1.00D+00 6.455D+03     0.01
       39 1.0D-01  3.791D+03  3.463D-09 7.4D+00 4.0D+00    0    0 7.81D+06 1.00D+00 1.00D+00 4.602D+03     0.01
       40 1.0D-01  3.787D+03  3.580D-09 7.4D+00 4.0D+00    0    0 2.70D+06 1.00D+00 1.00D+00 1.885D+03     0.00

    inner barrier   scaled     scaled     min     min    NW   SE     dx      alpha    alpha    inner   time (s)
     ite   param   obj func     feas      x-l     u-x   pert pert   norm      max             opt err 
       41 1.0D-01  3.787D+03  3.725D-09 7.4D+00 4.0D+00    0    0 6.57D+05 1.00D+00 1.00D+00 2.157D+01     0.00
       42 1.0D-01  3.787D+03  3.609D-09 7.4D+00 4.0D+00    0    0 1.07D+05 1.00D+00 1.00D+00 1.167D-01     0.00


     1 2.0D-02  5.434536D+07  3.787137D+03 2.167D-01    42C


     2 2.8D-03  5.434536D+07  3.787137D+03 2.167D-01    42C

    inner barrier   scaled     scaled     min     min    NW   SE     dx      alpha    alpha    inner   time (s)
     ite   param   obj func     feas      x-l     u-x   pert pert   norm      max             opt err 
        1 2.8D-03  3.690D+03  4.657D-09 8.1D-01 2.3D+00    0    0 3.85D+06 8.64D-01 8.64D-01 2.808D-02     0.00


     3 1.5D-04  5.295232D+07  3.690061D+03 3.091D-02    43C

    inner barrier   scaled     scaled     min     min    NW   SE     dx      alpha    alpha    inner   time (s)
     ite   param   obj func     feas      x-l     u-x   pert pert   norm      max             opt err 
        1 1.5D-04  3.669D+03  4.075D-09 3.9D-03 1.5D+00    0    0 1.02D+06 6.67D-01 6.67D-01 1.148D-02     0.00
        2 1.5D-04  3.660D+03  4.802D-09 1.9D-03 9.0D-01    0    0 4.25D+05 6.91D-01 6.91D-01 4.093D-03     0.00
        3 1.5D-04  3.656D+03  6.155D-09 1.1D-03 4.7D-01    0    0 1.51D+05 8.35D-01 8.35D-01 1.161D-03     0.00


     4 1.8D-06  5.246868D+07  3.656357D+03 1.312D-03    46C

    inner barrier   scaled     scaled     min     min    NW   SE     dx      alpha    alpha    inner   time (s)
     ite   param   obj func     feas      x-l     u-x   pert pert   norm      max             opt err 
        1 1.8D-06  3.656D+03  5.690D-09 1.9D-06 2.9D-01    0    0 4.05D+04 6.67D-01 6.67D-01 5.173D-04     0.00
        2 1.8D-06  3.655D+03  5.748D-09 1.9D-06 1.5D-01    0    0 1.61D+04 7.74D-01 7.74D-01 1.688D-04     0.00
        3 1.8D-06  3.655D+03  7.072D-09 4.9D-07 9.5D-02    0    0 5.06D+03 4.44D-01 4.44D-01 1.834D-04     0.00
        4 1.8D-06  3.655D+03  6.577D-09 6.0D-08 4.2D-02    0    0 3.33D+03 6.05D-01 6.05D-01 1.048D-04     0.00
        5 1.8D-06  3.655D+03  6.796D-09 2.9D-03 3.9D-07    0    0 1.52D+03 9.05D-01 9.05D-01 1.025D-04     0.00
        6 1.8D-06  3.655D+03  6.956D-09 2.6D-03 3.2D-03    0    0 2.85D+02 1.00D+00 1.00D+00 6.718D-05     0.00
        7 1.8D-06  3.655D+03  5.879D-09 1.7D-03 3.1D-03    0    0 3.50D+01 1.00D+00 1.00D+00 3.509D-06     0.00


     5 2.5D-09  5.245236D+07  3.655220D+03 5.354D-06    53C

    inner barrier   scaled     scaled     min     min    NW   SE     dx      alpha    alpha    inner   time (s)
     ite   param   obj func     feas      x-l     u-x   pert pert   norm      max             opt err 
        1 2.5D-09  3.655D+03  5.952D-09 3.5D-10 4.1D-04    0    0 1.74D+02 8.67D-01 8.67D-01 4.211D-06     0.00
        2 2.5D-09  3.655D+03  7.261D-09 3.6D-12 1.7D-05    0    0 4.00D+01 9.64D-01 9.64D-01 8.009D-07     0.00
        3 2.5D-09  3.655D+03  6.825D-09 3.6D-06 4.3D-06    0    0 9.04D+00 1.00D+00 1.00D+00 4.497D-08     0.00
        4 2.5D-09  3.655D+03  6.708D-09 3.6D-06 4.3D-06    0    0 2.40D+00 1.00D+00 1.00D+00 1.064D-08     0.00


     6 1.0D-09  5.245232D+07  3.655218D+03 1.315D-08    57C

    inner barrier   scaled     scaled     min     min    NW   SE     dx      alpha    alpha    inner   time (s)
     ite   param   obj func     feas      x-l     u-x   pert pert   norm      max             opt err 
        1 1.0D-09  3.655D+03  6.738D-09 1.4D-06 1.7D-06    0    0 7.99D-01 1.00D+00 1.00D+00 2.798D-09     0.00


     7 1.0D-09  5.245232D+07  3.655218D+03 3.798D-09    58C
 ==========================================================

 FINAL RESULTS:
                            scaled                   unscaled
  Objective Funct:   3.6552175789703379D+03    5.2452323984966300D+07
  Lagrangian Grad:   1.3309160744054109D-19    1.9098628090746178D-15
 Final Point Feas:   6.7375367507338524D-09    6.7375367507338524D-09
 Bounds violation:   0.0000000000000000D+00    0.0000000000000000D+00
 Lower Bound Comp:   2.9011222620512703D-09    4.1631066146266858D-05
 Upper Bound Comp:   3.7984641204456368D-09    5.4507909963326815D-05

 Flag of LCMIN:

     Optimal solution found.

 ====================================================
                      STATISTICS                     
 ====================================================
 GENERAL:                                            

           Preprocessing time (in seconds):      1.31
            Optimization time (in seconds):      0.38

                      Inner Iterations (IIT):      58
                      Outer Iterations (OIT):       7
                  Function Evaluations (FEV):      59
         Function Gradient Evaluations (GEV):      59
          Function Hessian Evaluations (HEV):      58
          Barrier Function Evaluations (BFE):     116
 Barrier Function Gradient Evaluations (BGE):      58
 ====================================================
 AVERAGE:                                            

 Inner Iterations per Outer Iterations  :      8.2857
 FEV per IIT:      1.0172    FEV per OIT:      8.4286
 GEV per IIT:      1.0172    GEV per OIT:      8.4286
 HEV per IIT:      1.0000    HEV per OIT:      8.2857
 BFE per IIT:      2.0000    BFE per OIT:     16.5714
 BGE per IIT:      1.0000    BGE per OIT:      8.2857
 ====================================================

