
 ==============================================================================
 This is ALGENCAN 3.1.1.
 ALGENCAN, an Augmented Lagrangian method for nonlinear programming, is part of
 the TANGO Project: Trustable Algorithms for Nonlinear General Optimization.
 See http://www.ime.usp.br/~egbirgin/tango/ for details.
 ==============================================================================

 Processing array of parameters with   3 entrances:

 IGNORE-OBJECTIVE-FUNCTION                    
 ITERATIONS-OUTPUT-DETAIL                                                    11
 TRUNCATED-NEWTON-LINE-SEARCH-INNER-SOLVER                                   ''

 The specification file is not being used.

 Available HSL subroutines = MA57           

 ALGENCAN PARAMETERS:

 firstde                =                    T
 seconde                =                    T
 truehpr                =                    T
 hptype in TN           =               TRUEHP
 lsslvr in TR           =            MA57/NONE
 lsslvr in NW           =            MA57/NONE
 lsslvr in ACCPROC      =            MA57/NONE
 innslvr                =                   TN
 accproc                =                    T
 rmfixv                 =                    T
 slacks                 =                    F
 scale                  =                    T
 epsfeas                =           3.1623D-05
 epsopt                 =           1.0000D-08
 efstain                =           5.6234D-03
 eostain                =           1.0000D-12
 efacc                  =           5.6234D-03
 eoacc                  =           1.0000D-04
 iprint                 =                   11
 ncomp                  =                    6

 Specification filename =                   ''
 Output filename        =          'lcmin.out'
 Solution filename      =                   ''

 Number of variables               :       4
 Number of equality constraints    :       2
 Number of inequality constraints  :       0
 Number of bound constraints       :       8
 Number of fixed variables         :       0

 There are no fixed variables to be removed.

 Objective function scale factor   : 1.0D+00
 Smallest constraints scale factor : 1.0D+00

 Since the scaling factor(s) is(are) equal to one, scaling was inhibited.

     Entry to GENCAN.
     Number of variables:       4
     Required optimality tolerance: 1.0D-08

     It         function  gpsupn   xsupn stesupn   nfree   SPGit in-face    fcnt
      0   9.99955757D-25 1.0D-12 5.0D-01

     Flag of GENCAN: Solution was found.


 User-provided subroutines calls counters: 

 Subroutine fsub     (coded=F):        0
 Subroutine gsub     (coded=F):        0
 Subroutine hsub     (coded=F):        0
 Subroutine csub     (coded=F):        0 (       0 calls per constraint in avg)
 Subroutine jacsub   (coded=F):        0 (       0 calls per constraint in avg)
 Subroutine hcsub    (coded=F):        0 (       0 calls per constraint in avg)
 Subroutine fcsub    (coded=T):        2
 Subroutine gjacsub  (coded=T):        3
 Subroutine gjacpsub (coded=F):        0
 Subroutine hlsub    (coded=T):        0
 Subroutine hlpsub   (coded=F):        0


 Total CPU time in seconds =     0.12

 ==============================================================================

 Initial point computed successfully.

                                            achieved                  desired        
 Unscaled feasibility ..............:   9.9997787827987850D-13   1.0000000000000001D-09
 Smallest distance to lower bound ..:   4.9999999999900003D-03   3.5355339059221314D-04
 Smallest distance to upper bound ..:   4.9999999999900124D-03   3.5355339059221314D-04

 Starting LCMIN.
 Number of variables   :       4
 Number of constraints :       2

 Scale factor for the objective function   : 1.0D+00
 Smallest scale factor for the constraints : 1.0D+00

 ==========================================================
 outer barrier   objective       scaled      outer   inner
  ite   param     function     obj funct    opt err   ite 
     0 1.0D-01 -1.106438D-02 -1.106438D-02 5.185D-01     0 


     1 2.0D-02 -1.106438D-02 -1.106438D-02 5.185D-01     0C

    inner barrier   scaled     scaled     min     min    NW   SE     dx      alpha    alpha    inner   time (s)
     ite   param   obj func     feas      x-l     u-x   pert pert   norm      max             opt err 
        1 2.0D-02 -7.836D-03  1.000D-12 2.0D-02 2.0D-02    0    0 6.10D-02 1.00D+00 1.00D+00 1.666D+00     0.00
        2 2.0D-02 -7.539D-04  1.000D-12 3.4D-02 3.4D-02    0    0 6.70D-02 1.00D+00 1.00D+00 2.062D-01     0.00
        3 2.0D-02 -1.527D-02  1.000D-12 8.8D-02 8.8D-02    0    0 9.87D-01 1.00D+00 1.00D+00 2.671D+00     0.00
        4 2.0D-02 -1.609D-02  1.000D-12 1.9D-01 1.9D-01    0    0 6.29D-01 1.00D+00 1.00D+00 9.257D-02     0.00


     2 2.8D-03 -1.609383D-02 -1.609383D-02 9.257D-02     4C

    inner barrier   scaled     scaled     min     min    NW   SE     dx      alpha    alpha    inner   time (s)
     ite   param   obj func     feas      x-l     u-x   pert pert   norm      max             opt err 
        1 2.8D-03 -1.742D-02  1.000D-12 2.1D-01 2.1D-01    0    0 8.46D-02 1.00D+00 1.00D+00 2.070D-03     0.00


     3 1.5D-04 -1.741738D-02 -1.741738D-02 4.898D-03     5C

    inner barrier   scaled     scaled     min     min    NW   SE     dx      alpha    alpha    inner   time (s)
     ite   param   obj func     feas      x-l     u-x   pert pert   norm      max             opt err 
        1 1.5D-04 -1.758D-02  1.000D-12 2.2D-01 2.2D-01    0    0 3.66D-02 1.00D+00 1.00D+00 2.776D-04     0.00


     4 1.8D-06 -1.757551D-02 -1.757551D-02 3.123D-04     6C

    inner barrier   scaled     scaled     min     min    NW   SE     dx      alpha    alpha    inner   time (s)
     ite   param   obj func     feas      x-l     u-x   pert pert   norm      max             opt err 
        1 1.8D-06 -1.758D-02  1.000D-12 2.2D-01 2.2D-01    0    0 4.61D-03 1.00D+00 1.00D+00 5.712D-06     0.00


     5 2.5D-09 -1.757754D-02 -1.757754D-02 5.712D-06     7C

    inner barrier   scaled     scaled     min     min    NW   SE     dx      alpha    alpha    inner   time (s)
     ite   param   obj func     feas      x-l     u-x   pert pert   norm      max             opt err 
        1 2.5D-09 -1.758D-02  1.000D-12 2.2D-01 2.2D-01    0    0 1.11D-04 1.00D+00 1.00D+00 1.269D-09     0.00


     6 1.0D-09 -1.757754D-02 -1.757754D-02 2.974D-09     8C
 ==========================================================

 FINAL RESULTS:
                            scaled                   unscaled
  Objective Funct:  -1.7577543176252014D-02   -1.7577543176252014D-02
  Lagrangian Grad:   1.2690745056157112D-09    1.2690745056157112D-09
 Final Point Feas:   1.0000889005823410D-12    1.0000889005823410D-12
 Bounds violation:   0.0000000000000000D+00    0.0000000000000000D+00
 Lower Bound Comp:   2.9741005740236718D-09    2.9741005740236718D-09
 Upper Bound Comp:   2.9741005740236701D-09    2.9741005740236701D-09

 Flag of LCMIN:

     Optimal solution found.

 ====================================================
                      STATISTICS                     
 ====================================================
 GENERAL:                                            

           Preprocessing time (in seconds):      0.87
            Optimization time (in seconds):      0.02

                      Inner Iterations (IIT):       8
                      Outer Iterations (OIT):       6
                  Function Evaluations (FEV):       9
         Function Gradient Evaluations (GEV):       9
          Function Hessian Evaluations (HEV):       8
          Barrier Function Evaluations (BFE):      16
 Barrier Function Gradient Evaluations (BGE):       8
 ====================================================
 AVERAGE:                                            

 Inner Iterations per Outer Iterations  :      1.3333
 FEV per IIT:      1.1250    FEV per OIT:      1.5000
 GEV per IIT:      1.1250    GEV per OIT:      1.5000
 HEV per IIT:      1.0000    HEV per OIT:      1.3333
 BFE per IIT:      2.0000    BFE per OIT:      2.6667
 BGE per IIT:      1.0000    BGE per OIT:      1.3333
 ====================================================

