
 ==============================================================================
 This is ALGENCAN 3.1.1.
 ALGENCAN, an Augmented Lagrangian method for nonlinear programming, is part of
 the TANGO Project: Trustable Algorithms for Nonlinear General Optimization.
 See http://www.ime.usp.br/~egbirgin/tango/ for details.
 ==============================================================================

 Processing array of parameters with   3 entrances:

 IGNORE-OBJECTIVE-FUNCTION                    
 ITERATIONS-OUTPUT-DETAIL                                                    11
 NEWTON-LINE-SEARCH-INNER-SOLVER                                    'MA57 MC64'

 The specification file is not being used.

 Available HSL subroutines = MA57           

 ALGENCAN PARAMETERS:

 firstde                =                    T
 seconde                =                    T
 truehpr                =                    T
 hptype in TN           =               TRUEHP
 lsslvr in TR           =            MA57/NONE
 lsslvr in NW           =            MA57/MC64
 lsslvr in ACCPROC      =            MA57/NONE
 innslvr                =                   NW
 accproc                =                    T
 rmfixv                 =                    T
 slacks                 =                    F
 scale                  =                    T
 epsfeas                =           1.0000D-09
 epsopt                 =           1.0000D-08
 efstain                =           3.1623D-05
 eostain                =           1.0000D-12
 efacc                  =           3.1623D-05
 eoacc                  =           1.0000D-04
 iprint                 =                   11
 ncomp                  =                    6

 Specification filename =                   ''
 Output filename        =          'lcmin.out'
 Solution filename      =                   ''

 Number of variables               :      63
 Number of equality constraints    :      30
 Number of inequality constraints  :       0
 Number of bound constraints       :     126
 Number of fixed variables         :       0

 There are no fixed variables to be removed.

 Objective function scale factor   : 1.0D+00
 Smallest constraints scale factor : 1.0D+00

 Since the scaling factor(s) is(are) equal to one, scaling was inhibited.

     Entry to GENCAN.
     Number of variables:      63
     Required optimality tolerance: 1.0D-08

     It         function  gpsupn   xsupn stesupn   nfree   SPGit in-face    fcnt
      0   2.21885018D-12 2.7D-06 2.0D+03
      1   3.51498269D-15 3.9D-08 2.0D+03 5.7D-07      29       0       1       3
      2   6.05519486D-26 3.4D-13 2.0D+03 1.2D-07      29       0       2       4

     Flag of GENCAN: Solution was found.


 User-provided subroutines calls counters: 

 Subroutine fsub     (coded=F):        0
 Subroutine gsub     (coded=F):        0
 Subroutine hsub     (coded=F):        0
 Subroutine csub     (coded=F):        0 (       0 calls per constraint in avg)
 Subroutine jacsub   (coded=F):        0 (       0 calls per constraint in avg)
 Subroutine hcsub    (coded=F):        0 (       0 calls per constraint in avg)
 Subroutine fcsub    (coded=T):        4
 Subroutine gjacsub  (coded=T):        5
 Subroutine gjacpsub (coded=F):        0
 Subroutine hlsub    (coded=T):        2
 Subroutine hlpsub   (coded=F):        0


 Total CPU time in seconds =     0.00

 ==============================================================================

 Initial point computed successfully.

                                            achieved                  desired        
 Unscaled feasibility ..............:   2.2737367544323206D-13   1.0000000000000001D-09
 Smallest distance to lower bound ..:   1.0000000000000000D-02   1.0000000000000000D-03
 Smallest distance to upper bound ..:   6.1079999999999757D-01   4.7736276741279271D-01

 Starting LCMIN.
 Number of variables   :      63
 Number of constraints :      30

 Scale factor for the objective function   : 1.0D+00
 Smallest scale factor for the constraints : 1.0D+00

 ==========================================================
 outer barrier   objective       scaled      outer   inner
  ite   param     function     obj funct    opt err   ite 
     0 1.0D-01 -7.700000D+01 -7.700000D+01 7.258D+03     0 

    inner barrier   scaled     scaled     min     min    NW   SE     dx      alpha    alpha    inner   time (s)
     ite   param   obj func     feas      x-l     u-x   pert pert   norm      max             opt err 
        1 1.0D-01 -7.700D+01  2.274D-13 1.1D-01 7.6D-01    0    0 9.26D+00 1.00D+00 1.00D+00 5.696D+02     0.00
        2 1.0D-01 -7.700D+01  2.875D-13 5.9D-02 2.1D+00    0    0 3.57D+02 7.81D-01 7.81D-01 1.680D+02     0.00
        3 1.0D-01 -7.700D+01  2.274D-13 2.4D+00 8.7D+00    0    0 3.92D+02 1.00D+00 1.00D+00 1.089D+02     0.00
        4 1.0D-01 -7.700D+01  2.274D-13 1.4D-01 1.2D+01    0    0 8.84D+02 3.96D-01 3.96D-01 2.444D+01     0.00
        5 1.0D-01 -7.700D+01  2.867D-13 8.4D+00 3.6D+01    0    0 1.45D+03 1.00D+00 1.00D+00 1.223D+01     0.00
        6 1.0D-01 -7.700D+01  5.613D-13 8.5D+00 4.3D+01    0    0 1.25D+03 1.00D+00 1.00D+00 2.306D-01     0.00


     1 2.0D-02 -7.700000D+01 -7.700000D+01 3.306D-01     6C

    inner barrier   scaled     scaled     min     min    NW   SE     dx      alpha    alpha    inner   time (s)
     ite   param   obj func     feas      x-l     u-x   pert pert   norm      max             opt err 
        1 2.0D-02 -7.700D+01  4.963D-13 8.5D+00 4.3D+01    0    0 1.01D+02 1.00D+00 1.00D+00 7.941D-03     0.00


     2 2.8D-03 -7.700000D+01 -7.700000D+01 2.729D-02     7C


     3 1.5D-04 -7.700000D+01 -7.700000D+01 2.729D-02     7C

    inner barrier   scaled     scaled     min     min    NW   SE     dx      alpha    alpha    inner   time (s)
     ite   param   obj func     feas      x-l     u-x   pert pert   norm      max             opt err 
        1 1.5D-04 -7.700D+01  4.547D-13 8.5D+00 4.3D+01    0    0 2.26D+00 1.00D+00 1.00D+00 7.038D-05     0.00


     4 1.8D-06 -7.700000D+01 -7.700000D+01 2.208D-04     8C

    inner barrier   scaled     scaled     min     min    NW   SE     dx      alpha    alpha    inner   time (s)
     ite   param   obj func     feas      x-l     u-x   pert pert   norm      max             opt err 
        1 1.8D-06 -7.700D+01  6.313D-13 8.5D+00 4.3D+01    0    0 3.46D+00 1.00D+00 1.00D+00 8.671D-07     0.00


     5 2.5D-09 -7.700000D+01 -7.700000D+01 2.712D-06     9C

    inner barrier   scaled     scaled     min     min    NW   SE     dx      alpha    alpha    inner   time (s)
     ite   param   obj func     feas      x-l     u-x   pert pert   norm      max             opt err 
        1 2.5D-09 -7.700D+01  4.547D-13 8.5D+00 4.3D+01    0    0 3.78D-01 1.00D+00 1.00D+00 1.178D-09     0.00


     6 1.0D-09 -7.700000D+01 -7.700000D+01 3.684D-09    10C
 ==========================================================

 FINAL RESULTS:
                            scaled                   unscaled
  Objective Funct:  -7.7000000000000000D+01   -7.7000000000000000D+01
  Lagrangian Grad:   2.9778502051908996D-23    2.9778502051908996D-23
 Final Point Feas:   3.7303493627405260D-13    3.7303493627405260D-13
 Bounds violation:   0.0000000000000000D+00    0.0000000000000000D+00
 Lower Bound Comp:   3.6838011055818822D-09    3.6838011055818822D-09
 Upper Bound Comp:   2.6983767879731026D-09    2.6983767879731026D-09

 Flag of LCMIN:

     Optimal solution found.

 ====================================================
                      STATISTICS                     
 ====================================================
 GENERAL:                                            

           Preprocessing time (in seconds):      0.88
            Optimization time (in seconds):      0.02

                      Inner Iterations (IIT):      10
                      Outer Iterations (OIT):       6
                  Function Evaluations (FEV):      11
         Function Gradient Evaluations (GEV):      11
          Function Hessian Evaluations (HEV):      10
          Barrier Function Evaluations (BFE):      20
 Barrier Function Gradient Evaluations (BGE):      10
 ====================================================
 AVERAGE:                                            

 Inner Iterations per Outer Iterations  :      1.6667
 FEV per IIT:      1.1000    FEV per OIT:      1.8333
 GEV per IIT:      1.1000    GEV per OIT:      1.8333
 HEV per IIT:      1.0000    HEV per OIT:      1.6667
 BFE per IIT:      2.0000    BFE per OIT:      3.3333
 BGE per IIT:      1.0000    BGE per OIT:      1.6667
 ====================================================

