
 ==============================================================================
 This is ALGENCAN 3.1.1.
 ALGENCAN, an Augmented Lagrangian method for nonlinear programming, is part of
 the TANGO Project: Trustable Algorithms for Nonlinear General Optimization.
 See http://www.ime.usp.br/~egbirgin/tango/ for details.
 ==============================================================================

 Processing array of parameters with   3 entrances:

 IGNORE-OBJECTIVE-FUNCTION                    
 ITERATIONS-OUTPUT-DETAIL                                                    11
 NEWTON-LINE-SEARCH-INNER-SOLVER                                    'MA57 MC64'

 The specification file is not being used.

 Available HSL subroutines = MA57           

 ALGENCAN PARAMETERS:

 firstde                =                    T
 seconde                =                    T
 truehpr                =                    T
 hptype in TN           =               TRUEHP
 lsslvr in TR           =            MA57/NONE
 lsslvr in NW           =            MA57/MC64
 lsslvr in ACCPROC      =            MA57/NONE
 innslvr                =                   NW
 accproc                =                    T
 rmfixv                 =                    T
 slacks                 =                    F
 scale                  =                    T
 epsfeas                =           1.0000D-09
 epsopt                 =           1.0000D-08
 efstain                =           3.1623D-05
 eostain                =           1.0000D-12
 efacc                  =           3.1623D-05
 eoacc                  =           1.0000D-04
 iprint                 =                   11
 ncomp                  =                    6

 Specification filename =                   ''
 Output filename        =          'lcmin.out'
 Solution filename      =                   ''

 Number of variables               :   10000
 Number of equality constraints    :    5000
 Number of inequality constraints  :       0
 Number of bound constraints       :   20000
 Number of fixed variables         :       0

 There are no fixed variables to be removed.

 Objective function scale factor   : 1.0D+00
 Smallest constraints scale factor : 2.5D-01

     Entry to GENCAN.
     Number of variables:   10000
     Required optimality tolerance: 1.0D-08

     It         function  gpsupn   xsupn stesupn   nfree   SPGit in-face    fcnt
      0   4.61546835D-11 1.2D-08 1.2D+00
      1   7.21009572D-15 1.0D-09 1.2D+00 4.0D-03   10000       0       1       3
      2   1.71270086D-24 2.9D-14 1.2D+00 6.2D-06   10000       0       2       4

     Flag of GENCAN: Solution was found.


 User-provided subroutines calls counters: 

 Subroutine fsub     (coded=F):        0
 Subroutine gsub     (coded=F):        0
 Subroutine hsub     (coded=F):        0
 Subroutine csub     (coded=F):        0 (       0 calls per constraint in avg)
 Subroutine jacsub   (coded=F):        0 (       0 calls per constraint in avg)
 Subroutine hcsub    (coded=F):        0 (       0 calls per constraint in avg)
 Subroutine fcsub    (coded=T):        4
 Subroutine gjacsub  (coded=T):        5
 Subroutine gjacpsub (coded=F):        0
 Subroutine hlsub    (coded=T):        2
 Subroutine hlpsub   (coded=F):        0


 Total CPU time in seconds =     0.59

 ==============================================================================

 Initial point computed successfully.

                                            achieved                  desired        
 Unscaled feasibility ..............:   4.3876013933186186D-12   1.0000000000000001D-09
 Smallest distance to lower bound ..:   3.0830017218262107D-01   1.0000000000000000D-03
 Smallest distance to upper bound ..:   8.8366223521363843D+00   3.1149622790653503D-02

 Starting LCMIN.
 Number of variables   :   10000
 Number of constraints :    5000

 Scale factor for the objective function   : 1.2D-03
 Smallest scale factor for the constraints : 1.0D+00

 ==========================================================
 outer barrier   objective       scaled      outer   inner
  ite   param     function     obj funct    opt err   ite 
     0 1.0D-01 -6.829341D+07 -8.458567D+04 5.667D+01     0 

    inner barrier   scaled     scaled     min     min    NW   SE     dx      alpha    alpha    inner   time (s)
     ite   param   obj func     feas      x-l     u-x   pert pert   norm      max             opt err 
        1 1.0D-01 -2.097D+05  4.388D-12 2.0D-02 7.1D+00    4    0 2.61D+03 1.00D+00 1.00D+00 2.491D+02     5.55
        2 1.0D-01 -2.163D+05  4.388D-12 2.0D-04 7.0D+00    2    0 1.23D+03 7.53D-02 7.53D-02 2.572D+02     3.29
        3 1.0D-01 -2.300D+05  4.388D-12 1.4D-04 6.6D+00    1    0 8.70D+03 1.81D-02 1.81D-02 4.869D+02     1.88
        4 1.0D-01 -2.568D+05  4.388D-12 3.5D-04 6.2D+00    2    0 1.50D+03 2.24D-01 2.24D-01 3.151D+02     1.80
        5 1.0D-01 -2.888D+05  4.388D-12 2.9D-04 4.8D+00    1    0 1.60D+04 1.69D-02 1.69D-02 1.154D+03     1.39
        6 1.0D-01 -3.254D+05  4.388D-12 2.9D-04 4.2D+00    2    0 1.93D+03 1.90D-01 1.90D-01 4.650D+02     2.77
        7 1.0D-01 -3.532D+05  4.388D-12 1.3D-04 3.8D+00    2    0 6.30D+02 4.24D-01 4.24D-01 4.958D+02     2.79
        8 1.0D-01 -4.060D+05  4.388D-12 2.7D-04 3.0D+00    1    0 2.48D+03 1.80D-01 1.80D-01 5.554D+02     2.41
        9 1.0D-01 -4.429D+05  4.389D-12 1.9D-04 2.5D+00    2    0 7.89D+02 3.78D-01 3.78D-01 5.926D+02     2.74
       10 1.0D-01 -5.053D+05  4.389D-12 2.9D-04 1.6D+00    1    0 3.28D+03 1.35D-01 1.35D-01 6.579D+02     1.47

    inner barrier   scaled     scaled     min     min    NW   SE     dx      alpha    alpha    inner   time (s)
     ite   param   obj func     feas      x-l     u-x   pert pert   norm      max             opt err 
       11 1.0D-01 -5.666D+05  4.389D-12 2.8D-04 8.8D-01    2    0 9.93D+02 4.20D-01 4.20D-01 7.140D+02     2.77
       12 1.0D-01 -6.337D+05  4.390D-12 3.2D-04 8.8D-03    1    0 4.42D+03 8.92D-02 8.92D-02 7.580D+02     1.42
       13 1.0D-01 -6.358D+05  4.390D-12 3.2D-04 8.8D-05    2    0 1.26D+03 1.00D-02 1.00D-02 7.349D+02     2.99
       14 1.0D-01 -6.811D+05  4.391D-12 3.2D-04 8.8D-05    1    0 5.66D+03 4.39D-02 4.39D-02 5.756D+02     2.46
       15 1.0D-01 -7.292D+05  4.390D-12 3.2D-04 9.1D-05    2    0 1.48D+03 1.83D-01 1.83D-01 7.015D+02     1.89
       16 1.0D-01 -8.081D+05  4.390D-12 3.1D-04 9.2D-05    1    0 7.53D+03 5.13D-02 5.13D-02 5.099D+02     1.42
       17 1.0D-01 -8.487D+05  4.390D-12 3.1D-04 7.7D-05    2    0 1.83D+03 1.13D-01 1.13D-01 6.892D+02     1.87
       18 1.0D-01 -9.444D+05  4.390D-12 3.1D-04 7.7D-05    1    0 1.02D+04 4.20D-02 4.20D-02 4.048D+02     1.61
       19 1.0D-01 -1.031D+06  4.390D-12 3.2D-04 8.2D-05    2    0 2.23D+03 1.82D-01 1.82D-01 6.577D+02     1.77
       20 1.0D-01 -1.146D+06  4.390D-12 3.1D-04 8.3D-05    1    0 1.45D+04 3.25D-02 3.25D-02 3.541D+02     1.46

    inner barrier   scaled     scaled     min     min    NW   SE     dx      alpha    alpha    inner   time (s)
     ite   param   obj func     feas      x-l     u-x   pert pert   norm      max             opt err 
       21 1.0D-01 -1.263D+06  4.390D-12 3.1D-04 8.8D-05    2    0 2.74D+03 1.88D-01 1.88D-01 5.672D+02     1.87
       22 1.0D-01 -1.404D+06  4.390D-12 3.1D-04 8.9D-05    1    0 2.05D+04 2.70D-02 2.70D-02 3.484D+02     1.47
       23 1.0D-01 -1.566D+06  4.390D-12 3.0D-04 9.5D-05    2    0 3.34D+03 2.03D-01 2.03D-01 4.823D+02     2.83
       24 1.0D-01 -1.740D+06  4.390D-12 3.0D-04 9.6D-05    1    0 3.03D+04 2.19D-02 2.19D-02 3.555D+02     1.44
       25 1.0D-01 -1.785D+06  4.390D-12 9.3D-05 9.7D-05    2    0 4.03D+03 4.74D-02 4.74D-02 3.821D+02     1.93
       26 1.0D-01 -1.957D+06  4.390D-12 8.6D-05 9.7D-05    1    0 4.53D+04 1.51D-02 1.51D-02 1.023D+03     1.44
       27 1.0D-01 -1.971D+06  4.390D-12 9.4D-06 9.8D-05    2    0 4.55D+03 1.37D-02 1.37D-02 5.381D+02     2.86
       28 1.0D-01 -2.077D+06  4.390D-12 1.1D-04 1.0D-04    2    0 1.45D+03 3.00D-01 3.00D-01 3.868D+02     1.82
       29 1.0D-01 -2.190D+06  4.390D-12 1.1D-04 1.1D-04    1    0 5.50D+03 8.53D-02 8.53D-02 3.927D+02     1.44
       30 1.0D-01 -2.263D+06  4.390D-12 1.1D-04 1.1D-04    2    0 1.70D+03 1.73D-01 1.73D-01 3.708D+02     2.97

    inner barrier   scaled     scaled     min     min    NW   SE     dx      alpha    alpha    inner   time (s)
     ite   param   obj func     feas      x-l     u-x   pert pert   norm      max             opt err 
       31 1.0D-01 -2.356D+06  4.390D-12 9.1D-05 1.1D-04    1    0 6.55D+03 5.84D-02 5.84D-02 3.984D+02     1.48
       32 1.0D-01 -2.404D+06  4.390D-12 3.5D-05 1.1D-04    2    0 1.94D+03 1.01D-01 1.01D-01 3.530D+02     2.81
       33 1.0D-01 -2.575D+06  4.390D-12 6.6D-05 1.1D-04    1    0 7.77D+03 9.09D-02 9.09D-02 3.880D+02     1.42
       34 1.0D-01 -2.664D+06  4.390D-12 7.7D-05 1.1D-04    2    0 2.25D+03 1.57D-01 1.57D-01 3.483D+02     1.84
       35 1.0D-01 -2.734D+06  4.390D-12 6.6D-05 1.1D-04    1    0 9.53D+03 3.04D-02 3.04D-02 3.818D+02     1.43
       36 1.0D-01 -2.788D+06  4.390D-12 5.3D-05 1.1D-04    2    0 2.55D+03 8.51D-02 8.51D-02 3.257D+02     1.79
       37 1.0D-01 -2.925D+06  4.390D-12 6.9D-05 1.1D-04    1    0 1.14D+04 5.00D-02 5.00D-02 3.440D+02     1.50
       38 1.0D-01 -2.948D+06  4.390D-12 4.6D-06 1.1D-04    2    0 2.91D+03 3.22D-02 3.22D-02 3.591D+02     2.88
       39 1.0D-01 -3.054D+06  4.390D-12 1.5D-05 1.1D-04    1    0 1.38D+04 3.27D-02 3.27D-02 3.971D+02     1.44
       40 1.0D-01 -3.123D+06  4.390D-12 3.6D-05 1.1D-04    2    0 3.26D+03 8.77D-02 8.77D-02 2.904D+02     2.85

    inner barrier   scaled     scaled     min     min    NW   SE     dx      alpha    alpha    inner   time (s)
     ite   param   obj func     feas      x-l     u-x   pert pert   norm      max             opt err 
       41 1.0D-01 -3.240D+06  4.390D-12 3.9D-05 1.1D-04    1    0 1.68D+04 3.02D-02 3.02D-02 4.271D+02     2.39
       42 1.0D-01 -3.271D+06  4.390D-12 4.3D-05 1.2D-04    2    0 3.66D+03 3.65D-02 3.65D-02 3.223D+02     2.85
       43 1.0D-01 -3.424D+06  4.390D-12 3.9D-05 1.2D-04    1    0 2.05D+04 3.36D-02 3.36D-02 1.915D+03     1.25
       44 1.0D-01 -3.447D+06  4.390D-12 5.5D-06 1.2D-04    2    0 4.10D+03 2.46D-02 2.46D-02 1.416D+03     1.90
       45 1.0D-01 -3.543D+06  4.390D-12 1.4D-05 1.2D-04    1    0 2.69D+04 1.67D-02 1.67D-02 1.527D+03     2.46
       46 1.0D-01 -3.578D+06  4.390D-12 3.1D-05 1.2D-04    2    0 4.53D+03 3.50D-02 3.50D-02 1.082D+03     1.89
       47 1.0D-01 -3.679D+06  4.390D-12 1.0D-06 1.2D-04    1    0 3.68D+04 1.37D-02 1.37D-02 1.701D+03     2.44
       48 1.0D-01 -3.711D+06  4.390D-12 2.0D-05 1.2D-04    2    0 4.96D+03 3.06D-02 3.06D-02 9.514D+02     2.85
       49 1.0D-01 -3.780D+06  4.390D-12 2.0D-05 1.2D-04    1    0 6.88D+04 5.60D-03 5.60D-03 1.690D+03     2.50
       50 1.0D-01 -3.834D+06  4.390D-12 2.2D-05 1.2D-04    2    0 5.67D+03 4.58D-02 4.58D-02 8.467D+02     2.90

    inner barrier   scaled     scaled     min     min    NW   SE     dx      alpha    alpha    inner   time (s)
     ite   param   obj func     feas      x-l     u-x   pert pert   norm      max             opt err 
       51 1.0D-01 -3.868D+06  4.390D-12 2.5D-05 1.2D-04    2    0 2.01D+03 6.85D-02 6.85D-02 5.872D+02     1.85
       52 1.0D-01 -3.950D+06  4.390D-12 2.8D-05 1.2D-04    1    0 6.94D+03 5.38D-02 5.38D-02 1.410D+03     2.42
       53 1.0D-01 -3.987D+06  4.390D-12 3.0D-05 1.2D-04    2    0 2.27D+03 6.59D-02 6.59D-02 9.857D+02     2.84
       54 1.0D-01 -4.062D+06  4.390D-12 3.1D-05 1.2D-04    1    0 8.05D+03 4.31D-02 4.31D-02 8.385D+02     2.45
       55 1.0D-01 -4.097D+06  4.390D-12 1.2D-05 1.2D-04    2    0 2.50D+03 5.78D-02 5.78D-02 6.935D+02     1.92
       56 1.0D-01 -4.174D+06  4.390D-12 1.8D-05 1.2D-04    1    0 9.29D+03 3.87D-02 3.87D-02 8.546D+02     1.50
       57 1.0D-01 -4.204D+06  4.390D-12 2.3D-05 1.2D-04    2    0 2.76D+03 4.66D-02 4.66D-02 6.924D+02     3.18
       58 1.0D-01 -4.265D+06  4.390D-12 2.5D-05 1.2D-04    1    0 1.08D+04 2.73D-02 2.73D-02 1.735D+03     1.45
       59 1.0D-01 -4.310D+06  4.390D-12 2.3D-05 1.2D-04    2    0 3.03D+03 6.55D-02 6.55D-02 1.614D+03     1.92
       60 1.0D-01 -4.367D+06  4.390D-12 2.2D-05 1.2D-04    1    0 1.28D+04 2.18D-02 2.18D-02 1.491D+03     2.49

    inner barrier   scaled     scaled     min     min    NW   SE     dx      alpha    alpha    inner   time (s)
     ite   param   obj func     feas      x-l     u-x   pert pert   norm      max             opt err 
       61 1.0D-01 -4.377D+06  4.390D-12 2.0D-06 1.2D-04    2    0 3.34D+03 1.36D-02 1.36D-02 1.177D+03     3.79
       62 1.0D-01 -4.432D+06  4.390D-12 1.4D-05 1.2D-04    1    0 1.57D+04 1.76D-02 1.76D-02 9.595D+02     1.53
       63 1.0D-01 -4.456D+06  4.390D-12 4.8D-06 1.2D-04    2    0 3.73D+03 2.91D-02 2.91D-02 7.726D+02     2.92
       64 1.0D-01 -4.524D+06  4.390D-12 1.0D-05 1.2D-04    1    0 2.04D+04 1.71D-02 1.71D-02 9.064D+02     1.45
       65 1.0D-01 -4.535D+06  4.390D-12 1.3D-05 1.2D-04    2    0 4.15D+03 1.23D-02 1.23D-02 6.873D+02     1.94
       66 1.0D-01 -4.585D+06  4.390D-12 1.4D-05 1.2D-04    1    0 2.66D+04 9.89D-03 9.89D-03 1.218D+03     1.51
       67 1.0D-01 -4.613D+06  4.390D-12 1.9D-05 1.2D-04    2    0 4.50D+03 2.95D-02 2.95D-02 6.851D+02     1.99
       68 1.0D-01 -4.649D+06  4.390D-12 1.9D-05 1.2D-04    1    0 3.62D+04 5.60D-03 5.60D-03 1.202D+03     1.46
       69 1.0D-01 -4.679D+06  4.390D-12 2.2D-05 1.2D-04    2    0 5.12D+03 2.88D-02 2.88D-02 6.484D+02     2.14
       70 1.0D-01 -4.708D+06  4.390D-12 2.6D-05 1.2D-04    2    0 1.98D+03 5.89D-02 5.89D-02 6.198D+02     1.91

    inner barrier   scaled     scaled     min     min    NW   SE     dx      alpha    alpha    inner   time (s)
     ite   param   obj func     feas      x-l     u-x   pert pert   norm      max             opt err 
       71 1.0D-01 -4.747D+06  4.390D-12 2.6D-05 1.2D-04    1    0 6.36D+03 2.83D-02 2.83D-02 8.652D+02     1.49
       72 1.0D-01 -4.773D+06  4.390D-12 2.7D-05 1.2D-04    2    0 2.21D+03 4.70D-02 4.70D-02 7.689D+02     1.87
       73 1.0D-01 -4.814D+06  4.390D-12 2.7D-05 1.2D-04    1    0 7.22D+03 2.65D-02 2.65D-02 7.067D+02     1.55
       74 1.0D-01 -4.845D+06  4.390D-12 2.7D-05 1.2D-04    2    0 2.41D+03 5.53D-02 5.53D-02 6.699D+02     1.91
       75 1.0D-01 -4.889D+06  4.390D-12 2.7D-05 1.2D-04    1    0 8.10D+03 2.63D-02 2.63D-02 6.962D+02     1.59
       76 1.0D-01 -4.914D+06  4.390D-12 2.8D-05 1.2D-04    2    0 2.62D+03 4.02D-02 4.02D-02 6.319D+02     2.88
       77 1.0D-01 -4.967D+06  4.390D-12 2.8D-05 1.2D-04    1    0 9.10D+03 2.89D-02 2.89D-02 6.315D+02     1.52
       78 1.0D-01 -4.987D+06  4.390D-12 2.8D-05 1.2D-04    2    0 2.85D+03 3.13D-02 3.13D-02 5.312D+02     2.00
       79 1.0D-01 -5.021D+06  4.390D-12 2.8D-05 1.2D-04    1    0 1.03D+04 1.73D-02 1.73D-02 7.276D+02     1.49
       80 1.0D-01 -5.045D+06  4.390D-12 1.0D-05 1.2D-04    2    0 3.08D+03 3.49D-02 3.49D-02 1.003D+03     1.91

    inner barrier   scaled     scaled     min     min    NW   SE     dx      alpha    alpha    inner   time (s)
     ite   param   obj func     feas      x-l     u-x   pert pert   norm      max             opt err 
       81 1.0D-01 -5.108D+06  4.390D-12 1.5D-05 1.2D-04    1    0 1.17D+04 2.87D-02 2.87D-02 9.032D+02     1.54
       82 1.0D-01 -5.123D+06  4.390D-12 1.8D-05 1.2D-04    2    0 3.36D+03 2.07D-02 2.07D-02 8.952D+02     2.98
       83 1.0D-01 -5.159D+06  4.390D-12 1.8D-05 1.2D-04    1    0 1.36D+04 1.46D-02 1.46D-02 9.751D+02     2.45
       84 1.0D-01 -5.180D+06  4.390D-12 2.0D-05 1.2D-04    2    0 3.65D+03 2.83D-02 2.83D-02 8.470D+02     1.99
       85 1.0D-01 -5.226D+06  4.390D-12 2.0D-05 1.2D-04    1    0 1.61D+04 1.66D-02 1.66D-02 1.024D+03     2.54
       86 1.0D-01 -5.234D+06  4.390D-12 1.5D-05 1.2D-04    2    0 3.97D+03 9.29D-03 9.29D-03 7.091D+02     4.01
       87 1.0D-01 -5.290D+06  4.390D-12 2.1D-05 1.2D-04    1    0 1.93D+04 1.78D-02 1.78D-02 1.153D+03     2.06
       88 1.0D-01 -5.305D+06  4.390D-12 1.4D-05 1.2D-04    2    0 4.28D+03 1.71D-02 1.71D-02 6.645D+02     2.90
       89 1.0D-01 -5.312D+06  4.390D-12 1.5D-05 1.2D-04    1    0 2.37D+04 2.20D-03 2.20D-03 1.100D+03     2.45
       90 1.0D-01 -5.338D+06  4.390D-12 2.2D-05 1.2D-04    2    0 4.56D+03 2.98D-02 2.98D-02 6.200D+02     2.97

    inner barrier   scaled     scaled     min     min    NW   SE     dx      alpha    alpha    inner   time (s)
     ite   param   obj func     feas      x-l     u-x   pert pert   norm      max             opt err 
       91 1.0D-01 -5.346D+06  4.390D-12 2.2D-05 1.2D-04    1    0 3.65D+04 1.77D-03 1.77D-03 4.092D+03     1.54
       92 1.0D-01 -5.371D+06  4.390D-12 5.0D-07 1.2D-04    2    0 5.20D+03 2.62D-02 2.62D-02 2.815D+03     2.00
       93 1.0D-01 -5.398D+06  4.390D-12 1.1D-05 1.2D-04    2    0 2.15D+03 5.33D-02 5.33D-02 2.400D+03     2.95
       94 1.0D-01 -5.435D+06  4.390D-12 1.1D-05 1.2D-04    1    0 6.50D+03 2.96D-02 2.96D-02 2.233D+03     2.80
       95 1.0D-01 -5.444D+06  4.390D-12 7.6D-06 1.2D-04    2    0 2.36D+03 1.61D-02 1.61D-02 5.963D+02     2.00
       96 1.0D-01 -5.478D+06  4.390D-12 1.3D-05 1.2D-04    1    0 7.32D+03 2.48D-02 2.48D-02 7.357D+02     1.46
       97 1.0D-01 -5.505D+06  4.390D-12 1.5D-05 1.2D-04    2    0 2.56D+03 4.86D-02 4.86D-02 5.484D+02     1.68
       98 1.0D-01 -5.525D+06  4.390D-12 1.5D-05 1.2D-04    1    0 8.16D+03 1.36D-02 1.36D-02 6.037D+02     2.48
       99 1.0D-01 -5.547D+06  4.390D-12 2.7D-06 1.2D-04    2    0 2.73D+03 3.71D-02 3.71D-02 1.210D+03     2.01
      100 1.0D-01 -5.578D+06  4.390D-12 6.6D-06 1.2D-04    1    0 9.13D+03 2.02D-02 2.02D-02 2.649D+03     1.52

    inner barrier   scaled     scaled     min     min    NW   SE     dx      alpha    alpha    inner   time (s)
     ite   param   obj func     feas      x-l     u-x   pert pert   norm      max             opt err 
      101 1.0D-01 -5.599D+06  4.390D-12 2.3D-06 1.2D-04    2    0 2.95D+03 3.46D-02 3.46D-02 2.209D+03     2.02
      102 1.0D-01 -5.629D+06  4.390D-12 1.2D-05 1.2D-04    1    0 1.04D+04 1.72D-02 1.72D-02 2.381D+03     1.49
      103 1.0D-01 -5.649D+06  4.390D-12 1.3D-05 1.2D-04    2    0 3.19D+03 3.08D-02 3.08D-02 1.874D+03     2.85
      104 1.0D-01 -5.692D+06  4.390D-12 1.3D-05 1.2D-04    1    0 1.22D+04 2.27D-02 2.27D-02 1.654D+03     1.53
      105 1.0D-01 -5.705D+06  4.390D-12 1.3D-05 1.2D-04    2    0 3.47D+03 1.89D-02 1.89D-02 1.261D+03     1.97
      106 1.0D-01 -5.730D+06  4.390D-12 1.4D-05 1.2D-04    1    0 1.50D+04 1.12D-02 1.12D-02 2.087D+03     2.46
      107 1.0D-01 -5.737D+06  4.390D-12 3.6D-06 1.2D-04    2    0 3.77D+03 9.33D-03 9.33D-03 1.644D+03     3.21
      108 1.0D-01 -5.763D+06  4.390D-12 1.4D-05 1.2D-04    1    0 1.94D+04 9.56D-03 9.56D-03 1.131D+03     1.56
      109 1.0D-01 -5.767D+06  4.390D-12 5.5D-06 1.2D-04    2    0 4.12D+03 5.62D-03 5.62D-03 1.085D+03     3.10
      110 1.0D-01 -5.791D+06  4.390D-12 1.5D-05 1.2D-04    1    0 2.75D+04 6.67D-03 6.67D-03 1.397D+03     1.53

    inner barrier   scaled     scaled     min     min    NW   SE     dx      alpha    alpha    inner   time (s)
     ite   param   obj func     feas      x-l     u-x   pert pert   norm      max             opt err 
      111 1.0D-01 -5.804D+06  4.390D-12 1.5D-05 1.2D-04    2    0 4.54D+03 1.66D-02 1.66D-02 8.206D+02     2.95
      112 1.0D-01 -5.830D+06  4.390D-12 1.7D-05 1.2D-04    2    0 1.99D+03 5.59D-02 5.59D-02 6.688D+02     2.03
      113 1.0D-01 -5.868D+06  4.390D-12 1.7D-05 1.2D-04    1    0 5.74D+03 3.63D-02 3.63D-02 6.630D+02     1.54
      114 1.0D-01 -5.881D+06  4.390D-12 1.8D-05 1.2D-04    2    0 2.17D+03 2.66D-02 2.66D-02 5.330D+02     1.98
      115 1.0D-01 -5.910D+06  4.390D-12 1.8D-05 1.2D-04    1    0 6.38D+03 2.52D-02 2.52D-02 5.825D+02     2.45
      116 1.0D-01 -5.928D+06  4.390D-12 3.6D-06 1.2D-04    2    0 2.32D+03 3.70D-02 3.70D-02 4.840D+02     4.80
      117 1.0D-01 -5.952D+06  4.390D-12 2.0D-05 1.2D-04    1    0 7.00D+03 1.97D-02 1.97D-02 5.207D+02     2.46
      118 1.0D-01 -5.967D+06  4.390D-12 2.2D-06 1.2D-04    2    0 2.48D+03 3.02D-02 3.02D-02 4.294D+02     2.99
      119 1.0D-01 -6.000D+06  4.390D-12 2.0D-05 1.2D-04    1    0 7.66D+03 2.63D-02 2.63D-02 5.381D+02     1.55
      120 1.0D-01 -6.009D+06  4.390D-12 2.0D-05 1.2D-04    2    0 2.63D+03 1.69D-02 1.69D-02 4.053D+02     3.59

    inner barrier   scaled     scaled     min     min    NW   SE     dx      alpha    alpha    inner   time (s)
     ite   param   obj func     feas      x-l     u-x   pert pert   norm      max             opt err 
      121 1.0D-01 -6.034D+06  4.390D-12 2.0D-05 1.2D-04    1    0 8.35D+03 1.95D-02 1.95D-02 5.785D+02     2.48
      122 1.0D-01 -6.039D+06  4.390D-12 4.1D-06 1.2D-04    2    0 2.79D+03 8.75D-03 8.75D-03 4.206D+02     5.06
      123 1.0D-01 -6.072D+06  4.390D-12 1.2D-05 1.2D-04    1    0 9.20D+03 2.41D-02 2.41D-02 7.137D+02     3.60
      124 1.0D-01 -6.082D+06  4.390D-12 3.4D-06 1.2D-04    2    0 2.96D+03 1.90D-02 1.90D-02 5.383D+02     3.99
      125 1.0D-01 -6.111D+06  4.390D-12 2.1D-05 1.2D-04    1    0 1.02D+04 2.01D-02 2.01D-02 7.275D+02     4.51
      126 1.0D-01 -6.120D+06  4.390D-12 9.3D-06 1.2D-04    2    0 3.10D+03 1.67D-02 1.67D-02 5.378D+02     5.31
      127 1.0D-01 -6.146D+06  4.390D-12 2.1D-05 1.2D-04    1    0 1.13D+04 1.78D-02 1.78D-02 8.831D+02     2.43
      128 1.0D-01 -6.155D+06  4.390D-12 5.5D-06 1.2D-04    2    0 3.22D+03 1.73D-02 1.73D-02 6.398D+02     6.41
      129 1.0D-01 -6.166D+06  4.390D-12 2.1D-05 1.2D-04    1    0 1.33D+04 6.83D-03 6.83D-03 8.432D+02     3.21
      130 1.0D-01 -6.179D+06  4.390D-12 2.2D-05 1.2D-04    2    0 3.48D+03 2.40D-02 2.40D-02 5.958D+02     6.35

    inner barrier   scaled     scaled     min     min    NW   SE     dx      alpha    alpha    inner   time (s)
     ite   param   obj func     feas      x-l     u-x   pert pert   norm      max             opt err 
      131 1.0D-01 -6.199D+06  4.390D-12 2.2D-05 1.2D-04    2    0 1.69D+03 5.44D-02 5.44D-02 4.478D+02     4.33
      132 1.0D-01 -6.231D+06  4.390D-12 2.2D-05 1.2D-04    1    0 4.41D+03 4.17D-02 4.17D-02 4.983D+02     3.91
      133 1.0D-01 -6.254D+06  4.390D-12 2.2D-05 1.2D-04    2    0 1.81D+03 6.22D-02 6.22D-02 3.864D+02     3.53
      134 1.0D-01 -6.276D+06  4.390D-12 2.3D-05 1.2D-04    1    0 4.69D+03 2.81D-02 2.81D-02 4.113D+02     2.90
      135 1.0D-01 -6.294D+06  4.390D-12 1.3D-05 1.2D-04    2    0 1.88D+03 4.88D-02 4.88D-02 3.346D+02     4.67
      136 1.0D-01 -6.314D+06  4.390D-12 2.0D-05 1.2D-04    1    0 4.86D+03 2.84D-02 2.84D-02 3.404D+02     3.26
      137 1.0D-01 -6.330D+06  4.390D-12 2.3D-05 1.2D-04    2    0 1.94D+03 4.36D-02 4.36D-02 2.867D+02     3.03
      138 1.0D-01 -6.358D+06  4.390D-12 2.3D-05 1.2D-04    1    0 5.05D+03 3.89D-02 3.89D-02 3.101D+02     4.38
      139 1.0D-01 -6.369D+06  4.390D-12 2.4D-05 1.2D-04    2    0 2.00D+03 3.06D-02 3.06D-02 3.339D+02     6.25
      140 1.0D-01 -6.394D+06  4.390D-12 2.4D-05 1.2D-04    1    0 5.34D+03 3.83D-02 3.83D-02 3.816D+02     4.15

    inner barrier   scaled     scaled     min     min    NW   SE     dx      alpha    alpha    inner   time (s)
     ite   param   obj func     feas      x-l     u-x   pert pert   norm      max             opt err 
      141 1.0D-01 -6.405D+06  4.390D-12 3.7D-06 1.2D-04    2    0 2.08D+03 3.02D-02 3.02D-02 5.365D+02     5.07
      142 1.0D-01 -6.427D+06  4.390D-12 2.4D-05 1.2D-04    1    0 5.73D+03 3.22D-02 3.22D-02 7.547D+02     3.38
      143 1.0D-01 -6.435D+06  4.390D-12 2.4D-05 1.2D-04    2    0 2.17D+03 2.29D-02 2.29D-02 6.779D+02     7.19
      144 1.0D-01 -6.450D+06  4.390D-12 2.4D-05 1.2D-04    1    0 6.31D+03 2.25D-02 2.25D-02 5.797D+02     2.40
      145 1.0D-01 -6.471D+06  4.390D-12 2.5D-05 1.2D-04    2    0 2.30D+03 6.01D-02 6.01D-02 3.883D+02     6.24
      146 1.0D-01 -6.483D+06  4.390D-12 2.5D-05 1.2D-04    1    0 7.29D+03 1.71D-02 1.71D-02 6.354D+02     2.66
      147 1.0D-01 -6.498D+06  4.390D-12 2.5D-05 1.2D-04    2    0 2.42D+03 4.42D-02 4.42D-02 5.122D+02     7.85
