
 ==============================================================================
 This is ALGENCAN 3.1.1.
 ALGENCAN, an Augmented Lagrangian method for nonlinear programming, is part of
 the TANGO Project: Trustable Algorithms for Nonlinear General Optimization.
 See http://www.ime.usp.br/~egbirgin/tango/ for details.
 ==============================================================================

 Processing array of parameters with   3 entrances:

 IGNORE-OBJECTIVE-FUNCTION                    
 ITERATIONS-OUTPUT-DETAIL                                                    11
 NEWTON-LINE-SEARCH-INNER-SOLVER                                    'MA57 MC64'

 The specification file is not being used.

 Available HSL subroutines = MA57           

 ALGENCAN PARAMETERS:

 firstde                =                    T
 seconde                =                    T
 truehpr                =                    T
 hptype in TN           =               TRUEHP
 lsslvr in TR           =            MA57/NONE
 lsslvr in NW           =            MA57/MC64
 lsslvr in ACCPROC      =            MA57/NONE
 innslvr                =                   NW
 accproc                =                    T
 rmfixv                 =                    T
 slacks                 =                    F
 scale                  =                    T
 epsfeas                =           1.0000D-09
 epsopt                 =           1.0000D-08
 efstain                =           3.1623D-05
 eostain                =           1.0000D-12
 efacc                  =           3.1623D-05
 eoacc                  =           1.0000D-04
 iprint                 =                   11
 ncomp                  =                    6

 Specification filename =                   ''
 Output filename        =          'lcmin.out'
 Solution filename      =                   ''

 Number of variables               :   10000
 Number of equality constraints    :    7500
 Number of inequality constraints  :       0
 Number of bound constraints       :   20000
 Number of fixed variables         :       0

 There are no fixed variables to be removed.

 Objective function scale factor   : 1.0D+00
 Smallest constraints scale factor : 2.5D-01

     Entry to GENCAN.
     Number of variables:   10000
     Required optimality tolerance: 1.0D-08

     It         function  gpsupn   xsupn stesupn   nfree   SPGit in-face    fcnt
      0   9.95734509D-11 2.4D-08 1.1D+00
      1   1.23951205D-11 1.7D-09 1.1D+00 4.3D-03   10000       0       1       3
      2   6.00987982D-16 8.6D-13 1.1D+00 4.2D-03   10000       0       2       4
      3   6.50913149D-21 2.0D-15 1.1D+00 2.6D-05   10000       0       3       5

     Flag of GENCAN: Solution was found.


 User-provided subroutines calls counters: 

 Subroutine fsub     (coded=F):        0
 Subroutine gsub     (coded=F):        0
 Subroutine hsub     (coded=F):        0
 Subroutine csub     (coded=F):        0 (       0 calls per constraint in avg)
 Subroutine jacsub   (coded=F):        0 (       0 calls per constraint in avg)
 Subroutine hcsub    (coded=F):        0 (       0 calls per constraint in avg)
 Subroutine fcsub    (coded=T):        5
 Subroutine gjacsub  (coded=T):        6
 Subroutine gjacpsub (coded=F):        0
 Subroutine hlsub    (coded=T):        3
 Subroutine hlpsub   (coded=F):        0


 Total CPU time in seconds =     1.17

 ==============================================================================

 Initial point computed successfully.

                                            achieved                  desired        
 Unscaled feasibility ..............:   2.9717561744746490D-10   1.0000000000000001D-09
 Smallest distance to lower bound ..:   3.7049108293928845D-01   1.0000000000000000D-03
 Smallest distance to upper bound ..:   8.8700033881256850D+00   3.1149622790653503D-02

 Starting LCMIN.
 Number of variables   :   10000
 Number of constraints :    7500

 Scale factor for the objective function   : 1.2D-03
 Smallest scale factor for the constraints : 1.0D+00

 ==========================================================
 outer barrier   objective       scaled      outer   inner
  ite   param     function     obj funct    opt err   ite 
     0 1.0D-01  2.236995D+07  2.765616D+04 5.766D+01     0 

    inner barrier   scaled     scaled     min     min    NW   SE     dx      alpha    alpha    inner   time (s)
     ite   param   obj func     feas      x-l     u-x   pert pert   norm      max             opt err 
        1 1.0D-01 -2.459D+04  2.972D-10 4.5D-02 7.2D+00    4    0 1.20D+03 1.00D+00 1.00D+00 2.347D+02    40.86
        2 1.0D-01 -3.421D+04  2.972D-10 4.5D-04 6.9D+00    2    0 5.14D+02 2.76D-01 2.76D-01 2.612D+02    25.24
        3 1.0D-01 -5.055D+04  2.972D-10 6.6D-04 5.9D+00    1    0 3.36D+03 4.75D-02 4.75D-02 4.314D+02    18.30
        4 1.0D-01 -5.595D+04  2.972D-10 6.3D-05 5.7D+00    2    0 6.57D+02 9.27D-02 9.27D-02 3.471D+02    16.98
        5 1.0D-01 -9.452D+04  2.972D-10 6.9D-05 2.8D+00    1    0 6.62D+03 3.77D-02 3.77D-02 1.705D+03     8.70
        6 1.0D-01 -1.193D+05  2.972D-10 1.8D-04 1.9D+00    2    0 8.54D+02 2.20D-01 2.20D-01 6.328D+02    16.87
        7 1.0D-01 -1.375D+05  2.972D-10 1.1D-04 1.3D+00    2    0 2.86D+02 4.66D-01 4.66D-01 6.783D+02    16.33
        8 1.0D-01 -1.755D+05  2.972D-10 3.6D-04 1.3D-02    1    0 1.07D+03 2.10D-01 2.10D-01 7.671D+02     8.57
        9 1.0D-01 -1.764D+05  2.972D-10 3.7D-04 1.3D-04    2    0 3.48D+02 1.43D-02 1.43D-02 7.264D+02    15.78
       10 1.0D-01 -1.951D+05  2.972D-10 4.1D-04 1.2D-04    1    0 1.35D+03 7.40D-02 7.40D-02 6.937D+02     9.38

    inner barrier   scaled     scaled     min     min    NW   SE     dx      alpha    alpha    inner   time (s)
     ite   param   obj func     feas      x-l     u-x   pert pert   norm      max             opt err 
       11 1.0D-01 -2.046D+05  2.972D-10 4.6D-04 1.2D-04    2    0 4.02D+02 1.34D-01 1.34D-01 6.723D+02    19.43
       12 1.0D-01 -2.602D+05  2.972D-10 4.7D-04 1.2D-04    1    0 1.68D+03 1.59D-01 1.59D-01 6.630D+02     9.11
       13 1.0D-01 -2.620D+05  2.972D-10 4.7D-04 1.1D-04    2    0 5.02D+02 1.74D-02 1.74D-02 7.139D+02    17.59
       14 1.0D-01 -2.818D+05  2.972D-10 4.7D-04 1.1D-04    1    0 2.23D+03 3.89D-02 3.89D-02 5.645D+02     8.55
       15 1.0D-01 -3.068D+05  2.972D-10 4.9D-04 1.1D-04    2    0 5.82D+02 1.99D-01 1.99D-01 6.851D+02    18.20
       16 1.0D-01 -3.336D+05  2.972D-10 4.9D-04 1.1D-04    1    0 2.89D+03 3.83D-02 3.83D-02 4.930D+02     7.40
       17 1.0D-01 -3.730D+05  2.972D-10 5.0D-04 1.2D-04    2    0 6.95D+02 2.46D-01 2.46D-01 6.446D+02    16.74
       18 1.0D-01 -4.045D+05  2.972D-10 4.9D-04 1.2D-04    1    0 3.87D+03 3.12D-02 3.12D-02 4.311D+02    10.48
       19 1.0D-01 -4.473D+05  2.972D-10 4.9D-04 1.2D-04    2    0 8.33D+02 2.11D-01 2.11D-01 5.889D+02    19.99
       20 1.0D-01 -5.026D+05  2.972D-10 4.8D-04 1.2D-04    1    0 5.13D+03 4.00D-02 4.00D-02 3.657D+02    10.33

    inner barrier   scaled     scaled     min     min    NW   SE     dx      alpha    alpha    inner   time (s)
     ite   param   obj func     feas      x-l     u-x   pert pert   norm      max             opt err 
       21 1.0D-01 -5.373D+05  2.972D-10 4.8D-04 1.2D-04    2    0 9.93D+02 1.39D-01 1.39D-01 5.302D+02    20.38
       22 1.0D-01 -5.977D+05  2.972D-10 4.5D-04 1.2D-04    1    0 7.11D+03 3.05D-02 3.05D-02 3.212D+02     9.38
       23 1.0D-01 -6.552D+05  2.972D-10 4.5D-04 1.2D-04    2    0 1.17D+03 1.89D-01 1.89D-01 4.831D+02    19.25
