
 ==============================================================================
 This is ALGENCAN 3.1.1.
 ALGENCAN, an Augmented Lagrangian method for nonlinear programming, is part of
 the TANGO Project: Trustable Algorithms for Nonlinear General Optimization.
 See http://www.ime.usp.br/~egbirgin/tango/ for details.
 ==============================================================================

 Processing array of parameters with   3 entrances:

 IGNORE-OBJECTIVE-FUNCTION                    
 ITERATIONS-OUTPUT-DETAIL                                                    11
 NEWTON-LINE-SEARCH-INNER-SOLVER                                    'MA57 MC64'

 The specification file is not being used.

 Available HSL subroutines = MA57           

 ALGENCAN PARAMETERS:

 firstde                =                    T
 seconde                =                    T
 truehpr                =                    T
 hptype in TN           =               TRUEHP
 lsslvr in TR           =            MA57/NONE
 lsslvr in NW           =            MA57/MC64
 lsslvr in ACCPROC      =            MA57/NONE
 innslvr                =                   NW
 accproc                =                    T
 rmfixv                 =                    T
 slacks                 =                    F
 scale                  =                    T
 epsfeas                =           1.0000D-09
 epsopt                 =           1.0000D-08
 efstain                =           3.1623D-05
 eostain                =           1.0000D-12
 efacc                  =           3.1623D-05
 eoacc                  =           1.0000D-04
 iprint                 =                   11
 ncomp                  =                    6

 Specification filename =                   ''
 Output filename        =          'lcmin.out'
 Solution filename      =                   ''

 Number of variables               :   10000
 Number of equality constraints    :    5000
 Number of inequality constraints  :       0
 Number of bound constraints       :   20000
 Number of fixed variables         :       0

 There are no fixed variables to be removed.

 Objective function scale factor   : 1.0D+00
 Smallest constraints scale factor : 2.5D-01

     Entry to GENCAN.
     Number of variables:   10000
     Required optimality tolerance: 1.0D-08

     It         function  gpsupn   xsupn stesupn   nfree   SPGit in-face    fcnt
      0   4.61546835D-11 1.2D-08 1.2D+00
      1   7.21009572D-15 1.0D-09 1.2D+00 4.0D-03   10000       0       1       3
      2   1.71270086D-24 2.9D-14 1.2D+00 6.2D-06   10000       0       2       4

     Flag of GENCAN: Solution was found.


 User-provided subroutines calls counters: 

 Subroutine fsub     (coded=F):        0
 Subroutine gsub     (coded=F):        0
 Subroutine hsub     (coded=F):        0
 Subroutine csub     (coded=F):        0 (       0 calls per constraint in avg)
 Subroutine jacsub   (coded=F):        0 (       0 calls per constraint in avg)
 Subroutine hcsub    (coded=F):        0 (       0 calls per constraint in avg)
 Subroutine fcsub    (coded=T):        4
 Subroutine gjacsub  (coded=T):        5
 Subroutine gjacpsub (coded=F):        0
 Subroutine hlsub    (coded=T):        2
 Subroutine hlpsub   (coded=F):        0


 Total CPU time in seconds =     0.60

 ==============================================================================

 Initial point computed successfully.

                                            achieved                  desired        
 Unscaled feasibility ..............:   4.3876013933186186D-12   1.0000000000000001D-09
 Smallest distance to lower bound ..:   3.0830017218262107D-01   1.0000000000000000D-03
 Smallest distance to upper bound ..:   8.8366223521363843D+00   3.1149622790653503D-02

 Starting LCMIN.
 Number of variables   :   10000
 Number of constraints :    5000

 Scale factor for the objective function   : 1.2D-03
 Smallest scale factor for the constraints : 1.0D+00

 ==========================================================
 outer barrier   objective       scaled      outer   inner
  ite   param     function     obj funct    opt err   ite 
     0 1.0D-01  2.307650D+07  2.858170D+04 6.749D+01     0 

    inner barrier   scaled     scaled     min     min    NW   SE     dx      alpha    alpha    inner   time (s)
     ite   param   obj func     feas      x-l     u-x   pert pert   norm      max             opt err 
        1 1.0D-01 -2.910D+04  4.388D-12 4.9D-03 7.3D+00    4    0 1.61D+03 8.96D-01 8.96D-01 2.264D+02     2.58
        2 1.0D-01 -3.067D+04  4.388D-12 4.9D-05 7.3D+00    2    0 6.81D+02 4.05D-02 4.05D-02 2.305D+02     3.27
        3 1.0D-01 -4.021D+04  4.388D-12 1.2D-04 6.8D+00    1    0 4.34D+03 2.83D-02 2.83D-02 4.042D+02     1.91
        4 1.0D-01 -5.204D+04  4.388D-12 3.1D-04 6.4D+00    2    0 8.18D+02 2.18D-01 2.18D-01 2.960D+02     1.50
        5 1.0D-01 -7.499D+04  4.388D-12 2.0D-04 4.7D+00    1    0 8.43D+03 2.39D-02 2.39D-02 1.705D+03     1.48
        6 1.0D-01 -9.204D+04  4.388D-12 3.7D-04 4.1D+00    2    0 1.05D+03 1.80D-01 1.80D-01 4.715D+02     2.80
        7 1.0D-01 -1.102D+05  4.388D-12 2.5D-04 3.5D+00    2    0 3.48D+02 5.63D-01 5.63D-01 5.123D+02     2.69
        8 1.0D-01 -1.362D+05  4.388D-12 1.2D-04 2.7D+00    1    0 1.32D+03 1.75D-01 1.75D-01 5.717D+02     2.36
        9 1.0D-01 -1.586D+05  4.388D-12 2.8D-04 2.1D+00    2    0 4.26D+02 4.53D-01 4.53D-01 6.173D+02     1.82
       10 1.0D-01 -1.899D+05  4.388D-12 2.0D-04 1.3D+00    1    0 1.72D+03 1.29D-01 1.29D-01 6.819D+02     1.49

    inner barrier   scaled     scaled     min     min    NW   SE     dx      alpha    alpha    inner   time (s)
     ite   param   obj func     feas      x-l     u-x   pert pert   norm      max             opt err 
       11 1.0D-01 -2.036D+05  4.388D-12 6.3D-05 9.2D-01    2    0 5.30D+02 1.85D-01 1.85D-01 7.072D+02     1.75
       12 1.0D-01 -2.386D+05  4.388D-12 1.4D-04 9.2D-03    1    0 2.22D+03 9.49D-02 9.49D-02 7.681D+02     2.38
       13 1.0D-01 -2.399D+05  4.388D-12 1.5D-04 9.2D-05    2    0 6.41D+02 1.32D-02 1.32D-02 7.267D+02     1.87
       14 1.0D-01 -2.665D+05  4.388D-12 1.7D-04 9.1D-05    1    0 2.82D+03 5.22D-02 5.22D-02 6.597D+02     1.48
       15 1.0D-01 -2.928D+05  4.388D-12 2.7D-04 9.5D-05    2    0 7.51D+02 2.06D-01 2.06D-01 6.806D+02     1.83
       16 1.0D-01 -3.519D+05  4.388D-12 2.7D-04 9.5D-05    1    0 3.72D+03 7.61D-02 7.61D-02 7.334D+02     2.34
       17 1.0D-01 -3.569D+05  4.388D-12 2.7D-04 9.5D-05    2    0 9.28D+02 2.75D-02 2.75D-02 6.869D+02     3.76
       18 1.0D-01 -4.028D+05  4.388D-12 2.7D-04 9.6D-05    1    0 5.02D+03 4.01D-02 4.01D-02 6.653D+02     1.44
       19 1.0D-01 -4.533D+05  4.388D-12 3.1D-04 1.0D-04    2    0 1.09D+03 2.17D-01 2.17D-01 6.783D+02     1.84
       20 1.0D-01 -5.044D+05  4.388D-12 3.0D-04 1.0D-04    1    0 7.02D+03 2.92D-02 2.92D-02 7.928D+02     1.48

    inner barrier   scaled     scaled     min     min    NW   SE     dx      alpha    alpha    inner   time (s)
     ite   param   obj func     feas      x-l     u-x   pert pert   norm      max             opt err 
       21 1.0D-01 -5.695D+05  4.388D-12 3.1D-04 1.1D-04    2    0 1.31D+03 2.17D-01 2.17D-01 6.517D+02     1.87
       22 1.0D-01 -6.423D+05  4.388D-12 3.1D-04 1.1D-04    1    0 1.01D+04 2.72D-02 2.72D-02 7.682D+02     2.37
       23 1.0D-01 -7.109D+05  4.388D-12 3.1D-04 1.1D-04    2    0 1.57D+03 1.82D-01 1.82D-01 6.124D+02     3.10
       24 1.0D-01 -7.862D+05  4.388D-12 3.1D-04 1.1D-04    1    0 1.41D+04 2.04D-02 2.04D-02 7.335D+02     1.47
       25 1.0D-01 -8.752D+05  4.388D-12 2.0D-04 1.1D-04    2    0 1.82D+03 2.04D-01 2.04D-01 5.801D+02     2.92
       26 1.0D-01 -9.406D+05  4.388D-12 1.4D-04 1.1D-04    1    0 2.22D+04 1.17D-02 1.17D-02 8.966D+02     2.40
       27 1.0D-01 -1.029D+06  4.388D-12 2.7D-04 1.1D-04    2    0 2.11D+03 1.74D-01 1.74D-01 5.210D+02     2.93
       28 1.0D-01 -1.096D+06  4.388D-12 1.3D-04 1.1D-04    2    0 6.92D+02 3.83D-01 3.83D-01 5.477D+02     3.75
       29 1.0D-01 -1.193D+06  4.388D-12 3.2D-04 1.2D-04    1    0 2.53D+03 1.52D-01 1.52D-01 5.518D+02     1.41
       30 1.0D-01 -1.236D+06  4.388D-12 3.2D-04 1.2D-04    2    0 7.76D+02 2.21D-01 2.21D-01 5.550D+02     1.90

    inner barrier   scaled     scaled     min     min    NW   SE     dx      alpha    alpha    inner   time (s)
     ite   param   obj func     feas      x-l     u-x   pert pert   norm      max             opt err 
       31 1.0D-01 -1.294D+06  4.388D-12 3.2D-04 1.2D-04    1    0 2.82D+03 8.64D-02 8.64D-02 5.485D+02     1.53
       32 1.0D-01 -1.331D+06  4.388D-12 3.2D-04 1.2D-04    2    0 8.36D+02 1.92D-01 1.92D-01 5.526D+02     1.94
       33 1.0D-01 -1.379D+06  4.388D-12 3.2D-04 1.2D-04    1    0 3.19D+03 6.57D-02 6.57D-02 5.461D+02     1.49
       34 1.0D-01 -1.423D+06  4.388D-12 3.2D-04 1.2D-04    2    0 9.42D+02 2.06D-01 2.06D-01 5.513D+02     2.92
       35 1.0D-01 -1.472D+06  4.388D-12 3.1D-04 1.2D-04    1    0 3.77D+03 5.81D-02 5.81D-02 5.399D+02     1.29
       36 1.0D-01 -1.508D+06  4.388D-12 3.1D-04 1.2D-04    2    0 1.05D+03 1.56D-01 1.56D-01 5.378D+02     1.98
       37 1.0D-01 -1.564D+06  4.388D-12 3.1D-04 1.2D-04    1    0 4.45D+03 5.86D-02 5.86D-02 5.046D+02     1.53
       38 1.0D-01 -1.617D+06  4.388D-12 2.3D-04 1.2D-04    2    0 1.21D+03 1.97D-01 1.97D-01 5.100D+02     1.96
       39 1.0D-01 -1.666D+06  4.388D-12 2.3D-04 1.2D-04    1    0 5.54D+03 4.00D-02 4.00D-02 4.846D+02     1.47
       40 1.0D-01 -1.718D+06  4.388D-12 2.5D-04 1.2D-04    2    0 1.35D+03 1.80D-01 1.80D-01 5.040D+02     1.58

    inner barrier   scaled     scaled     min     min    NW   SE     dx      alpha    alpha    inner   time (s)
     ite   param   obj func     feas      x-l     u-x   pert pert   norm      max             opt err 
       41 1.0D-01 -1.773D+06  4.388D-12 2.5D-04 1.2D-04    1    0 6.14D+03 4.31D-02 4.31D-02 4.659D+02     1.47
       42 1.0D-01 -1.825D+06  4.388D-12 2.5D-04 1.2D-04    2    0 1.44D+03 1.82D-01 1.82D-01 4.856D+02     2.85
       43 1.0D-01 -1.871D+06  4.388D-12 2.5D-04 1.2D-04    1    0 6.91D+03 3.69D-02 3.69D-02 4.299D+02     1.54
       44 1.0D-01 -1.943D+06  4.388D-12 2.5D-04 1.2D-04    2    0 1.57D+03 2.51D-01 2.51D-01 4.632D+02     2.92
       45 1.0D-01 -2.008D+06  4.388D-12 2.5D-04 1.2D-04    1    0 9.90D+03 3.53D-02 3.53D-02 3.846D+02     1.55
       46 1.0D-01 -2.035D+06  4.388D-12 6.6D-05 1.2D-04    2    0 1.91D+03 7.57D-02 7.57D-02 4.242D+02     3.12
       47 1.0D-01 -2.108D+06  4.388D-12 6.8D-05 1.2D-04    1    0 1.70D+04 2.16D-02 2.16D-02 7.354D+02     2.47
       48 1.0D-01 -2.144D+06  4.388D-12 1.0D-04 1.2D-04    2    0 2.22D+03 8.09D-02 8.09D-02 3.991D+02     4.39
       49 1.0D-01 -2.159D+06  4.388D-12 1.3D-05 1.2D-04    2    0 7.40D+02 1.06D-01 1.06D-01 4.023D+02     1.73
       50 1.0D-01 -2.241D+06  4.388D-12 6.4D-05 1.2D-04    1    0 2.52D+03 1.64D-01 1.64D-01 4.149D+02     1.50

    inner barrier   scaled     scaled     min     min    NW   SE     dx      alpha    alpha    inner   time (s)
     ite   param   obj func     feas      x-l     u-x   pert pert   norm      max             opt err 
       51 1.0D-01 -2.278D+06  4.388D-12 1.1D-04 1.2D-04    2    0 8.37D+02 2.20D-01 2.20D-01 4.189D+02     1.93
       52 1.0D-01 -2.318D+06  4.388D-12 6.1D-05 1.2D-04    1    0 2.94D+03 6.84D-02 6.84D-02 4.104D+02     2.46
       53 1.0D-01 -2.331D+06  4.388D-12 1.9D-05 1.2D-04    2    0 9.40D+02 7.09D-02 7.09D-02 4.068D+02     2.90
       54 1.0D-01 -2.398D+06  4.388D-12 6.7D-05 1.2D-04    1    0 3.43D+03 9.70D-02 9.70D-02 4.115D+02     1.54
       55 1.0D-01 -2.440D+06  4.388D-12 1.4D-04 1.2D-04    2    0 1.06D+03 1.93D-01 1.93D-01 4.191D+02     2.62
       56 1.0D-01 -2.470D+06  4.388D-12 1.4D-04 1.2D-04    1    0 3.91D+03 3.81D-02 3.81D-02 3.954D+02     2.53
       57 1.0D-01 -2.488D+06  4.388D-12 6.3D-05 1.2D-04    2    0 1.14D+03 8.08D-02 8.08D-02 3.911D+02     3.52
       58 1.0D-01 -2.554D+06  4.388D-12 8.0D-05 1.2D-04    1    0 4.13D+03 8.07D-02 8.07D-02 3.804D+02     1.55
       59 1.0D-01 -2.591D+06  4.388D-12 1.1D-04 1.2D-04    2    0 1.24D+03 1.54D-01 1.54D-01 3.889D+02     3.56
       60 1.0D-01 -2.638D+06  4.388D-12 1.1D-04 1.2D-04    1    0 4.56D+03 5.36D-02 5.36D-02 3.572D+02     2.47

    inner barrier   scaled     scaled     min     min    NW   SE     dx      alpha    alpha    inner   time (s)
     ite   param   obj func     feas      x-l     u-x   pert pert   norm      max             opt err 
       61 1.0D-01 -2.654D+06  4.388D-12 4.1D-05 1.2D-04    2    0 1.32D+03 6.47D-02 6.47D-02 3.674D+02     3.94
       62 1.0D-01 -2.692D+06  4.388D-12 7.6D-05 1.2D-04    1    0 4.79D+03 4.43D-02 4.43D-02 4.640D+02     2.53
       63 1.0D-01 -2.721D+06  4.388D-12 1.8D-06 1.2D-04    2    0 1.37D+03 1.19D-01 1.19D-01 3.462D+02     4.05
       64 1.0D-01 -2.765D+06  4.388D-12 8.3D-06 1.2D-04    1    0 4.98D+03 5.34D-02 5.34D-02 4.428D+02     1.56
       65 1.0D-01 -2.784D+06  4.388D-12 1.8D-05 1.2D-04    2    0 1.44D+03 8.10D-02 8.10D-02 3.259D+02     3.69
       66 1.0D-01 -2.810D+06  4.388D-12 2.0D-05 1.2D-04    1    0 5.23D+03 3.25D-02 3.25D-02 4.297D+02     1.51
       67 1.0D-01 -2.834D+06  4.388D-12 2.9D-05 1.2D-04    2    0 1.51D+03 1.05D-01 1.05D-01 2.969D+02     2.99
       68 1.0D-01 -2.837D+06  4.388D-12 2.9D-05 1.2D-04    1    0 7.67D+03 3.11D-03 3.11D-03 3.422D+03     3.13
       69 1.0D-01 -2.859D+06  4.388D-12 3.4D-05 1.2D-04    2    0 1.66D+03 8.90D-02 8.90D-02 2.912D+02     4.42
       70 1.0D-01 -2.897D+06  4.388D-12 3.7D-05 1.2D-04    1    0 6.58D+03 4.66D-02 4.66D-02 5.356D+02     2.63

    inner barrier   scaled     scaled     min     min    NW   SE     dx      alpha    alpha    inner   time (s)
     ite   param   obj func     feas      x-l     u-x   pert pert   norm      max             opt err 
       71 1.0D-01 -2.900D+06  4.388D-12 3.7D-05 1.2D-04    2    0 1.74D+03 1.09D-02 1.09D-02 2.778D+02     6.25
       72 1.0D-01 -2.912D+06  4.388D-12 3.8D-05 1.2D-04    1    0 8.94D+03 1.29D-02 1.29D-02 4.470D+02     2.61
       73 1.0D-01 -2.949D+06  4.388D-12 4.6D-05 1.2D-04    2    0 1.87D+03 1.52D-01 1.52D-01 2.625D+02     5.97
       74 1.0D-01 -2.961D+06  4.388D-12 5.2D-05 1.2D-04    2    0 6.98D+02 1.20D-01 1.20D-01 2.679D+02     3.15
       75 1.0D-01 -2.991D+06  4.388D-12 5.7D-05 1.2D-04    1    0 2.00D+03 1.24D-01 1.24D-01 6.048D+02     1.61
       76 1.0D-01 -3.001D+06  4.388D-12 6.0D-05 1.2D-04    2    0 7.26D+02 1.01D-01 1.01D-01 4.440D+02     5.61
       77 1.0D-01 -3.018D+06  4.388D-12 6.2D-05 1.2D-04    1    0 2.15D+03 6.86D-02 6.86D-02 3.866D+02     1.55
       78 1.0D-01 -3.034D+06  4.388D-12 6.8D-05 1.2D-04    2    0 7.67D+02 1.72D-01 1.72D-01 2.558D+02     5.21
       79 1.0D-01 -3.048D+06  4.388D-12 2.7D-05 1.2D-04    1    0 2.38D+03 5.30D-02 5.30D-02 1.172D+03     2.59
       80 1.0D-01 -3.067D+06  4.388D-12 4.0D-05 1.2D-04    2    0 8.05D+02 2.15D-01 2.15D-01 1.737D+03     4.58

    inner barrier   scaled     scaled     min     min    NW   SE     dx      alpha    alpha    inner   time (s)
     ite   param   obj func     feas      x-l     u-x   pert pert   norm      max             opt err 
       81 1.0D-01 -3.078D+06  4.388D-12 4.0D-05 1.2D-04    1    0 2.61D+03 4.29D-02 4.29D-02 1.411D+03     3.15
       82 1.0D-01 -3.085D+06  4.388D-12 3.9D-05 1.2D-04    2    0 8.27D+02 7.86D-02 7.86D-02 1.088D+03     3.76
       83 1.0D-01 -3.095D+06  4.388D-12 3.9D-05 1.2D-04    1    0 3.04D+03 3.61D-02 3.61D-02 7.720D+02     3.45
       84 1.0D-01 -3.100D+06  4.388D-12 9.6D-07 1.2D-04    2    0 8.98D+02 5.18D-02 5.18D-02 1.291D+03     3.68
       85 1.0D-01 -3.128D+06  4.388D-12 5.7D-06 1.2D-04    1    0 3.74D+03 7.23D-02 7.23D-02 1.066D+03     3.40
       86 1.0D-01 -3.134D+06  4.388D-12 8.9D-06 1.2D-04    2    0 1.02D+03 5.99D-02 5.99D-02 7.637D+02     4.26
       87 1.0D-01 -3.159D+06  4.388D-12 1.1D-05 1.2D-04    1    0 4.96D+03 4.27D-02 4.27D-02 7.048D+02     3.56
       88 1.0D-01 -3.171D+06  4.388D-12 1.4D-05 1.2D-04    2    0 1.13D+03 1.03D-01 1.03D-01 5.407D+02     6.30
       89 1.0D-01 -3.188D+06  4.388D-12 1.5D-05 1.2D-04    1    0 6.02D+03 2.48D-02 2.48D-02 4.971D+02     4.18
       90 1.0D-01 -3.193D+06  4.388D-12 1.7D-05 1.2D-04    2    0 1.21D+03 4.05D-02 4.05D-02 4.322D+02     5.23

    inner barrier   scaled     scaled     min     min    NW   SE     dx      alpha    alpha    inner   time (s)
     ite   param   obj func     feas      x-l     u-x   pert pert   norm      max             opt err 
       91 1.0D-01 -3.206D+06  4.388D-12 1.7D-05 1.2D-04    1    0 1.00D+04 1.13D-02 1.13D-02 9.465D+02     4.62
       92 1.0D-01 -3.216D+06  4.388D-12 1.9D-05 1.2D-04    2    0 1.36D+03 6.66D-02 6.66D-02 6.366D+02     8.01
       93 1.0D-01 -3.228D+06  4.388D-12 9.4D-06 1.2D-04    2    0 5.04D+02 2.19D-01 2.19D-01 5.487D+02     3.93
       94 1.0D-01 -3.246D+06  4.388D-12 2.8D-05 1.2D-04    1    0 1.53D+03 1.05D-01 1.05D-01 4.875D+02     2.47
       95 1.0D-01 -3.250D+06  4.388D-12 2.3D-05 1.2D-04    2    0 5.41D+02 6.94D-02 6.94D-02 2.549D+02     4.32
       96 1.0D-01 -3.271D+06  4.388D-12 3.3D-05 1.2D-04    1    0 1.68D+03 1.14D-01 1.14D-01 4.671D+02     2.51
       97 1.0D-01 -3.277D+06  4.388D-12 3.7D-05 1.2D-04    2    0 5.83D+02 8.71D-02 8.71D-02 3.902D+02     4.03
       98 1.0D-01 -3.294D+06  4.388D-12 4.3D-05 1.2D-04    1    0 1.85D+03 8.49D-02 8.49D-02 7.459D+02     1.49
       99 1.0D-01 -3.298D+06  4.388D-12 4.1D-05 1.2D-04    2    0 6.23D+02 6.77D-02 6.77D-02 2.832D+02     3.78
      100 1.0D-01 -3.315D+06  4.388D-12 3.6D-05 1.2D-04    1    0 2.01D+03 7.71D-02 7.71D-02 5.115D+02     1.50

    inner barrier   scaled     scaled     min     min    NW   SE     dx      alpha    alpha    inner   time (s)
     ite   param   obj func     feas      x-l     u-x   pert pert   norm      max             opt err 
      101 1.0D-01 -3.323D+06  4.388D-12 4.6D-05 1.2D-04    2    0 6.53D+02 1.27D-01 1.27D-01 3.476D+02     3.89
      102 1.0D-01 -3.337D+06  4.388D-12 4.7D-05 1.2D-04    1    0 2.09D+03 6.74D-02 6.74D-02 3.780D+02     4.09
      103 1.0D-01 -3.341D+06  4.388D-12 4.7D-05 1.2D-04    2    0 6.50D+02 7.75D-02 7.75D-02 2.273D+02     3.81
      104 1.0D-01 -3.353D+06  4.388D-12 4.7D-05 1.2D-04    1    0 2.15D+03 6.78D-02 6.78D-02 4.605D+02     3.43
      105 1.0D-01 -3.355D+06  4.388D-12 3.4D-05 1.2D-04    2    0 6.52D+02 4.06D-02 4.06D-02 4.005D+02     4.63
      106 1.0D-01 -3.367D+06  4.388D-12 4.7D-05 1.2D-04    1    0 2.42D+03 6.53D-02 6.53D-02 7.043D+02     2.60
      107 1.0D-01 -3.371D+06  4.388D-12 4.8D-05 1.2D-04    2    0 6.89D+02 7.53D-02 7.53D-02 5.349D+02     4.50
      108 1.0D-01 -3.378D+06  4.388D-12 4.8D-05 1.2D-04    1    0 2.95D+03 3.12D-02 3.12D-02 4.622D+02     2.60
      109 1.0D-01 -3.381D+06  4.388D-12 4.8D-05 1.2D-04    2    0 7.23D+02 7.17D-02 7.17D-02 3.779D+02     5.25
      110 1.0D-01 -3.384D+06  4.388D-12 4.8D-05 1.2D-04    1    0 3.84D+03 1.26D-02 1.26D-02 7.928D+02     3.43

    inner barrier   scaled     scaled     min     min    NW   SE     dx      alpha    alpha    inner   time (s)
     ite   param   obj func     feas      x-l     u-x   pert pert   norm      max             opt err 
      111 1.0D-01 -3.388D+06  4.388D-12 4.9D-05 1.2D-04    2    0 7.77D+02 6.92D-02 6.92D-02 3.665D+02     4.46
      112 1.0D-01 -3.390D+06  4.388D-12 1.4D-05 1.2D-04    2    0 3.03D+02 1.14D-01 1.14D-01 4.687D+02     4.26
      113 1.0D-01 -3.395D+06  4.388D-12 3.7D-05 1.2D-04    1    0 8.40D+02 8.34D-02 8.34D-02 4.131D+02     1.55
      114 1.0D-01 -3.399D+06  4.388D-12 5.2D-05 1.2D-04    2    0 3.21D+02 1.79D-01 1.79D-01 2.463D+02     3.53
      115 1.0D-01 -3.403D+06  4.388D-12 5.3D-05 1.2D-04    1    0 9.28D+02 9.60D-02 9.60D-02 2.572D+02     1.49
      116 1.0D-01 -3.407D+06  4.388D-12 5.4D-05 1.2D-04    2    0 3.44D+02 1.55D-01 1.55D-01 1.363D+02     4.44
      117 1.0D-01 -3.411D+06  4.388D-12 5.4D-05 1.2D-04    1    0 1.05D+03 7.09D-02 7.09D-02 4.046D+02     3.41
      118 1.0D-01 -3.411D+06  4.388D-12 1.7D-06 1.2D-04    2    0 3.72D+02 2.72D-02 2.72D-02 2.356D+02     4.76
      119 1.0D-01 -3.417D+06  4.388D-12 1.5D-05 1.2D-04    1    0 1.18D+03 9.07D-02 9.07D-02 4.521D+02     3.40
      120 1.0D-01 -3.419D+06  4.388D-12 2.4D-05 1.2D-04    2    0 4.04D+02 9.97D-02 9.97D-02 1.600D+02     3.65

    inner barrier   scaled     scaled     min     min    NW   SE     dx      alpha    alpha    inner   time (s)
     ite   param   obj func     feas      x-l     u-x   pert pert   norm      max             opt err 
      121 1.0D-01 -3.427D+06  4.388D-12 3.3D-05 1.2D-04    1    0 1.31D+03 1.07D-01 1.07D-01 2.754D+02     2.41
      122 1.0D-01 -3.428D+06  4.388D-12 3.7D-05 1.2D-04    2    0 4.35D+02 7.57D-02 7.57D-02 2.986D+02     4.36
      123 1.0D-01 -3.432D+06  4.388D-12 4.0D-05 1.2D-04    1    0 1.52D+03 5.17D-02 5.17D-02 3.293D+02     2.51
      124 1.0D-01 -3.435D+06  4.388D-12 4.6D-05 1.2D-04    2    0 4.76D+02 1.27D-01 1.27D-01 3.042D+02     3.70
      125 1.0D-01 -3.438D+06  4.388D-12 4.7D-05 1.2D-04    1    0 1.89D+03 3.39D-02 3.39D-02 4.195D+02     2.47
      126 1.0D-01 -3.440D+06  4.388D-12 4.5D-05 1.2D-04    2    0 5.32D+02 6.63D-02 6.63D-02 2.695D+02     3.85
      127 1.0D-01 -3.443D+06  4.388D-12 5.0D-05 1.2D-04    1    0 2.96D+03 1.68D-02 1.68D-02 4.319D+02     2.52
      128 1.0D-01 -3.444D+06  4.388D-12 5.0D-05 4.7D-05    2    0 6.07D+02 1.33D-02 1.33D-02 2.423D+02     2.92
      129 1.0D-01 -3.449D+06  4.388D-12 5.3D-05 1.2D-04    2    0 2.23D+02 3.96D-01 3.96D-01 2.283D+02     2.91
      130 1.0D-01 -3.455D+06  4.388D-12 5.4D-05 1.2D-04    1    0 6.90D+02 1.68D-01 1.68D-01 2.300D+02     1.63

    inner barrier   scaled     scaled     min     min    NW   SE     dx      alpha    alpha    inner   time (s)
     ite   param   obj func     feas      x-l     u-x   pert pert   norm      max             opt err 
      131 1.0D-01 -3.456D+06  4.388D-12 2.6D-05 1.2D-04    2    0 2.45D+02 8.30D-02 8.30D-02 1.358D+02     1.90
      132 1.0D-01 -3.459D+06  4.388D-12 5.5D-05 1.2D-04    1    0 7.83D+02 8.42D-02 8.42D-02 4.079D+02     1.48
      133 1.0D-01 -3.462D+06  4.388D-12 5.6D-05 1.2D-04    2    0 2.69D+02 1.95D-01 1.95D-01 4.090D+02     1.94
      134 1.0D-01 -3.465D+06  4.388D-12 5.6D-05 1.2D-04    1    0 8.86D+02 7.22D-02 7.22D-02 4.128D+02     1.49
      135 1.0D-01 -3.467D+06  4.388D-12 2.1D-05 1.2D-04    2    0 2.97D+02 1.24D-01 1.24D-01 2.761D+02     2.92
      136 1.0D-01 -3.476D+06  4.388D-12 5.6D-05 1.2D-04    1    0 1.04D+03 1.50D-01 1.50D-01 4.057D+02     1.51
      137 1.0D-01 -3.478D+06  4.388D-12 5.5D-05 1.2D-04    2    0 3.43D+02 1.33D-01 1.33D-01 1.658D+02     2.74
      138 1.0D-01 -3.485D+06  4.388D-12 5.4D-05 1.2D-04    1    0 1.27D+03 9.28D-02 9.28D-02 1.975D+02     1.60
      139 1.0D-01 -3.486D+06  4.388D-12 3.4D-05 1.2D-04    2    0 3.92D+02 7.55D-02 7.55D-02 1.228D+02     1.98
      140 1.0D-01 -3.491D+06  4.388D-12 5.4D-05 1.2D-04    1    0 1.56D+03 4.55D-02 4.55D-02 2.957D+02     1.48

    inner barrier   scaled     scaled     min     min    NW   SE     dx      alpha    alpha    inner   time (s)
     ite   param   obj func     feas      x-l     u-x   pert pert   norm      max             opt err 
      141 1.0D-01 -3.493D+06  4.388D-12 5.3D-05 1.2D-04    2    0 4.45D+02 9.66D-02 9.66D-02 1.934D+02     2.11
      142 1.0D-01 -3.507D+06  4.388D-12 5.2D-05 1.2D-04    1    0 1.91D+03 1.15D-01 1.15D-01 2.569D+02     2.36
      143 1.0D-01 -3.510D+06  4.388D-12 5.1D-05 1.2D-04    2    0 5.31D+02 1.00D-01 1.00D-01 1.142D+02     2.50
      144 1.0D-01 -3.514D+06  4.388D-12 5.1D-05 1.2D-04    1    0 2.78D+03 1.76D-02 1.76D-02 6.401D+02     2.42
      145 1.0D-01 -3.516D+06  4.388D-12 3.7D-05 1.2D-04    2    0 6.02D+02 6.05D-02 6.05D-02 1.658D+02     2.79
      146 1.0D-01 -3.526D+06  4.388D-12 5.1D-05 1.2D-04    1    0 3.76D+03 3.45D-02 3.45D-02 4.543D+02     2.50
      147 1.0D-01 -3.532D+06  4.388D-12 5.0D-05 1.2D-04    2    0 6.97D+02 1.34D-01 1.34D-01 1.286D+02     2.96
      148 1.0D-01 -3.536D+06  4.388D-12 4.9D-05 1.2D-04    2    0 2.41D+02 2.24D-01 2.24D-01 1.097D+02     2.81
      149 1.0D-01 -3.544D+06  4.388D-12 4.9D-05 1.2D-04    1    0 7.96D+02 1.39D-01 1.39D-01 1.265D+02     1.51
      150 1.0D-01 -3.550D+06  4.388D-12 4.8D-05 1.1D-04    2    0 2.68D+02 3.06D-01 3.06D-01 2.745D+02     2.94

    inner barrier   scaled     scaled     min     min    NW   SE     dx      alpha    alpha    inner   time (s)
     ite   param   obj func     feas      x-l     u-x   pert pert   norm      max             opt err 
      151 1.0D-01 -3.553D+06  4.388D-12 4.8D-05 1.1D-04    1    0 9.16D+02 4.12D-02 4.12D-02 1.563D+02     1.48
      152 1.0D-01 -3.559D+06  4.388D-12 2.5D-05 1.1D-04    2    0 2.96D+02 2.65D-01 2.65D-01 1.805D+02     1.74
      153 1.0D-01 -3.568D+06  4.388D-12 4.8D-05 1.1D-04    1    0 1.05D+03 1.01D-01 1.01D-01 1.014D+03     1.46
      154 1.0D-01 -3.572D+06  4.388D-12 4.8D-05 1.1D-04    2    0 3.29D+02 1.81D-01 1.81D-01 4.283D+02     1.93
      155 1.0D-01 -3.581D+06  4.388D-12 1.1D-05 1.1D-04    1    0 1.19D+03 8.87D-02 8.87D-02 3.580D+02     2.43
      156 1.0D-01 -3.584D+06  4.388D-12 3.0D-05 1.1D-04    2    0 3.63D+02 1.00D-01 1.00D-01 2.963D+02     2.89
      157 1.0D-01 -3.592D+06  4.388D-12 4.8D-05 1.1D-04    1    0 1.39D+03 6.68D-02 6.68D-02 2.165D+02     2.47
      158 1.0D-01 -3.598D+06  4.388D-12 4.8D-05 1.1D-04    2    0 3.94D+02 1.85D-01 1.85D-01 1.135D+02     2.00
      159 1.0D-01 -3.606D+06  4.388D-12 4.8D-05 1.1D-04    1    0 1.58D+03 6.13D-02 6.13D-02 2.435D+02     2.46
      160 1.0D-01 -3.611D+06  4.388D-12 4.9D-05 1.1D-04    2    0 4.16D+02 1.61D-01 1.61D-01 1.115D+02     2.02

    inner barrier   scaled     scaled     min     min    NW   SE     dx      alpha    alpha    inner   time (s)
     ite   param   obj func     feas      x-l     u-x   pert pert   norm      max             opt err 
      161 1.0D-01 -3.616D+06  4.388D-12 4.9D-05 1.1D-04    1    0 1.72D+03 3.46D-02 3.46D-02 3.691D+02     2.51
      162 1.0D-01 -3.619D+06  4.388D-12 9.9D-06 1.1D-04    2    0 4.35D+02 1.07D-01 1.07D-01 1.272D+02     3.90
      163 1.0D-01 -3.625D+06  4.388D-12 3.3D-05 1.1D-04    1    0 2.23D+03 3.01D-02 3.01D-02 4.782D+02     2.46
      164 1.0D-01 -3.630D+06  4.388D-12 4.8D-05 1.1D-04    2    0 4.83D+02 1.52D-01 1.52D-01 1.587D+02     3.89
      165 1.0D-01 -3.633D+06  4.388D-12 4.8D-05 1.1D-04    1    0 3.52D+03 1.06D-02 1.06D-02 7.755D+02     1.51
      166 1.0D-01 -3.639D+06  4.388D-12 4.8D-05 1.1D-04    2    0 5.41D+02 1.27D-01 1.27D-01 1.034D+02     4.69
      167 1.0D-01 -3.642D+06  4.388D-12 4.8D-05 1.1D-04    2    0 1.93D+02 2.39D-01 2.39D-01 1.075D+02     2.46
      168 1.0D-01 -3.650D+06  4.388D-12 4.8D-05 1.1D-04    1    0 5.96D+02 1.56D-01 1.56D-01 1.659D+02     1.46
      169 1.0D-01 -3.651D+06  4.388D-12 4.8D-05 1.1D-04    2    0 2.06D+02 1.05D-01 1.05D-01 1.070D+02     1.97
      170 1.0D-01 -3.654D+06  4.388D-12 4.8D-05 1.1D-04    1    0 6.29D+02 6.97D-02 6.97D-02 1.163D+02     2.41

    inner barrier   scaled     scaled     min     min    NW   SE     dx      alpha    alpha    inner   time (s)
     ite   param   obj func     feas      x-l     u-x   pert pert   norm      max             opt err 
      171 1.0D-01 -3.659D+06  4.388D-12 4.7D-05 1.1D-04    2    0 2.16D+02 3.04D-01 3.04D-01 1.140D+02     4.78
      172 1.0D-01 -3.665D+06  4.388D-12 4.7D-05 1.1D-04    1    0 6.76D+02 1.19D-01 1.19D-01 1.491D+02     1.42
      173 1.0D-01 -3.668D+06  4.388D-12 4.7D-05 1.1D-04    2    0 2.30D+02 1.76D-01 1.76D-01 1.265D+02     2.93
      174 1.0D-01 -3.671D+06  4.388D-12 4.7D-05 1.1D-04    1    0 7.49D+02 5.27D-02 5.27D-02 2.281D+02     2.54
      175 1.0D-01 -3.676D+06  4.388D-12 4.7D-05 1.1D-04    2    0 2.45D+02 2.97D-01 2.97D-01 1.217D+02     4.77
      176 1.0D-01 -3.679D+06  4.388D-12 4.7D-05 1.1D-04    1    0 7.95D+02 5.63D-02 5.63D-02 2.039D+02     2.41
      177 1.0D-01 -3.682D+06  4.388D-12 4.2D-06 1.1D-04    2    0 2.50D+02 1.59D-01 1.59D-01 1.272D+02     3.14
      178 1.0D-01 -3.685D+06  4.388D-12 1.8D-05 1.1D-04    1    0 8.57D+02 5.73D-02 5.73D-02 2.456D+02     1.46
