
 ==============================================================================
 This is ALGENCAN 3.1.1.
 ALGENCAN, an Augmented Lagrangian method for nonlinear programming, is part of
 the TANGO Project: Trustable Algorithms for Nonlinear General Optimization.
 See http://www.ime.usp.br/~egbirgin/tango/ for details.
 ==============================================================================

 Processing array of parameters with   3 entrances:

 IGNORE-OBJECTIVE-FUNCTION                    
 ITERATIONS-OUTPUT-DETAIL                                                    11
 NEWTON-LINE-SEARCH-INNER-SOLVER                                    'MA57 MC64'

 The specification file is not being used.

 Available HSL subroutines = MA57           

 ALGENCAN PARAMETERS:

 firstde                =                    T
 seconde                =                    T
 truehpr                =                    T
 hptype in TN           =               TRUEHP
 lsslvr in TR           =            MA57/NONE
 lsslvr in NW           =            MA57/MC64
 lsslvr in ACCPROC      =            MA57/NONE
 innslvr                =                   NW
 accproc                =                    T
 rmfixv                 =                    T
 slacks                 =                    F
 scale                  =                    T
 epsfeas                =           1.0000D-09
 epsopt                 =           1.0000D-08
 efstain                =           3.1623D-05
 eostain                =           1.0000D-12
 efacc                  =           3.1623D-05
 eoacc                  =           1.0000D-04
 iprint                 =                   11
 ncomp                  =                    6

 Specification filename =                   ''
 Output filename        =          'lcmin.out'
 Solution filename      =                   ''

 Number of variables               :   10000
 Number of equality constraints    :    2500
 Number of inequality constraints  :       0
 Number of bound constraints       :   20000
 Number of fixed variables         :       0

 There are no fixed variables to be removed.

 Objective function scale factor   : 1.0D+00
 Smallest constraints scale factor : 2.5D-01

     Entry to GENCAN.
     Number of variables:   10000
     Required optimality tolerance: 1.0D-08

     It         function  gpsupn   xsupn stesupn   nfree   SPGit in-face    fcnt
      0   1.25213589D-16 1.4D-09 1.2D+00
      1   1.05043499D-16 1.2D-09 1.2D+00 9.0D-10   10000       0       1       3
      2   2.44503055D-28 9.9D-15 1.2D+00 2.1D-08   10000       0       2       4

     Flag of GENCAN: Solution was found.


 User-provided subroutines calls counters: 

 Subroutine fsub     (coded=F):        0
 Subroutine gsub     (coded=F):        0
 Subroutine hsub     (coded=F):        0
 Subroutine csub     (coded=F):        0 (       0 calls per constraint in avg)
 Subroutine jacsub   (coded=F):        0 (       0 calls per constraint in avg)
 Subroutine hcsub    (coded=F):        0 (       0 calls per constraint in avg)
 Subroutine fcsub    (coded=T):        4
 Subroutine gjacsub  (coded=T):        5
 Subroutine gjacpsub (coded=F):        0
 Subroutine hlsub    (coded=T):        2
 Subroutine hlpsub   (coded=F):        0


 Total CPU time in seconds =     0.01

 ==============================================================================

 Initial point computed successfully.

                                            achieved                  desired        
 Unscaled feasibility ..............:   2.3092638912203256D-14   1.0000000000000001D-09
 Smallest distance to lower bound ..:   4.0000000000000002D-01   1.0000000000000000D-03
 Smallest distance to upper bound ..:   8.8355453334776950D+00   3.1149622790653503D-02

 Starting LCMIN.
 Number of variables   :   10000
 Number of constraints :    2500

 Scale factor for the objective function   : 8.9D-04
 Smallest scale factor for the constraints : 1.0D+00

 ==========================================================
 outer barrier   objective       scaled      outer   inner
  ite   param     function     obj funct    opt err   ite 
     0 1.0D-01 -1.174515D+08 -1.045127D+05 5.421D+01     0 

    inner barrier   scaled     scaled     min     min    NW   SE     dx      alpha    alpha    inner   time (s)
     ite   param   obj func     feas      x-l     u-x   pert pert   norm      max             opt err 
        1 1.0D-01 -2.127D+05  2.309D-14 3.4D-01 8.0D+00    4    0 2.97D+03 1.00D+00 1.00D+00 1.583D+02     0.97
        2 1.0D-01 -2.888D+05  2.309D-14 2.0D-01 7.2D+00    2    0 1.38D+03 1.00D+00 1.00D+00 2.116D+02     1.35
        3 1.0D-01 -3.908D+05  2.309D-14 2.0D-03 5.9D+00    1    0 9.82D+03 1.44D-01 1.44D-01 2.960D+02     1.03
        4 1.0D-01 -4.034D+05  2.220D-14 9.8D-05 5.7D+00    2    0 2.36D+03 6.84D-02 6.84D-02 3.038D+02     1.14
        5 1.0D-01 -4.461D+05  2.309D-14 1.6D-04 5.2D+00    1    0 1.68D+04 2.92D-02 2.92D-02 3.413D+02     1.04
        6 1.0D-01 -4.825D+05  2.309D-14 1.2D-04 4.8D+00    2    0 2.94D+03 1.43D-01 1.43D-01 3.630D+02     1.17
        7 1.0D-01 -5.423D+05  2.309D-14 1.2D-04 3.8D+00    1    0 2.72D+04 2.11D-02 2.11D-02 7.909D+02     1.08
        8 1.0D-01 -5.752D+05  2.220D-14 9.1D-05 3.5D+00    2    0 3.70D+03 8.95D-02 8.95D-02 4.458D+02     0.96
        9 1.0D-01 -6.668D+05  2.309D-14 7.8D-05 3.8D-01    1    0 4.97D+04 1.30D-02 1.30D-02 6.565D+03     1.21
       10 1.0D-01 -6.778D+05  2.220D-14 2.2D-05 3.1D-01    2    0 4.57D+03 2.09D-02 2.09D-02 5.339D+02     1.24

    inner barrier   scaled     scaled     min     min    NW   SE     dx      alpha    alpha    inner   time (s)
     ite   param   obj func     feas      x-l     u-x   pert pert   norm      max             opt err 
       11 1.0D-01 -7.452D+05  2.309D-14 9.7D-05 9.5D-02    2    0 1.36D+03 4.26D-01 4.26D-01 5.646D+02     1.39
       12 1.0D-01 -8.272D+05  2.309D-14 1.1D-04 7.8D-02    1    0 5.42D+03 1.19D-01 1.19D-01 5.575D+02     0.99
       13 1.0D-01 -8.850D+05  2.309D-14 1.2D-04 5.8D-02    2    0 1.62D+03 2.72D-01 2.72D-01 5.738D+02     1.22
       14 1.0D-01 -9.882D+05  2.309D-14 1.3D-04 5.1D-02    1    0 6.52D+03 1.08D-01 1.08D-01 5.769D+02     1.12
       15 1.0D-01 -1.049D+06  2.309D-14 1.4D-04 2.7D-03    2    0 1.88D+03 2.18D-01 2.18D-01 5.885D+02     1.22
       16 1.0D-01 -1.133D+06  2.309D-14 1.4D-04 2.2D-03    1    0 7.84D+03 6.53D-02 6.53D-02 5.796D+02     1.04
       17 1.0D-01 -1.190D+06  2.309D-14 1.4D-04 1.7D-03    2    0 2.15D+03 1.62D-01 1.62D-01 5.808D+02     1.29
       18 1.0D-01 -1.278D+06  2.309D-14 1.4D-04 1.5D-03    1    0 9.48D+03 5.15D-02 5.15D-02 5.667D+02     1.07
       19 1.0D-01 -1.348D+06  2.309D-14 1.5D-04 1.3D-03    2    0 2.48D+03 1.59D-01 1.59D-01 5.658D+02     1.15
       20 1.0D-01 -1.455D+06  2.309D-14 1.5D-04 1.3D-03    1    0 1.19D+04 4.65D-02 4.65D-02 5.447D+02     0.92

    inner barrier   scaled     scaled     min     min    NW   SE     dx      alpha    alpha    inner   time (s)
     ite   param   obj func     feas      x-l     u-x   pert pert   norm      max             opt err 
       21 1.0D-01 -1.547D+06  2.309D-14 1.5D-04 1.1D-03    2    0 2.91D+03 1.68D-01 1.68D-01 5.435D+02     1.20
       22 1.0D-01 -1.686D+06  2.309D-14 1.5D-04 1.1D-03    1    0 1.53D+04 4.45D-02 4.45D-02 5.230D+02     0.78
       23 1.0D-01 -1.802D+06  2.487D-14 1.6D-04 9.3D-04    2    0 3.45D+03 1.69D-01 1.69D-01 5.241D+02     1.35
       24 1.0D-01 -1.973D+06  2.398D-14 1.6D-04 8.9D-04    1    0 2.00D+04 3.98D-02 3.98D-02 5.028D+02     1.16
       25 1.0D-01 -2.129D+06  2.398D-14 1.6D-04 7.7D-04    2    0 4.09D+03 1.81D-01 1.81D-01 5.046D+02     1.25
       26 1.0D-01 -2.337D+06  2.398D-14 1.6D-04 7.4D-04    1    0 2.68D+04 3.45D-02 3.45D-02 7.166D+02     1.14
       27 1.0D-01 -2.524D+06  2.398D-14 1.6D-04 6.6D-04    2    0 4.82D+03 1.77D-01 1.77D-01 4.753D+02     1.27
       28 1.0D-01 -2.759D+06  2.398D-14 1.6D-04 6.4D-04    1    0 3.59D+04 2.86D-02 2.86D-02 9.284D+02     1.14
       29 1.0D-01 -2.938D+06  2.398D-14 1.6D-04 5.7D-04    2    0 5.45D+03 1.49D-01 1.49D-01 4.433D+02     1.23
       30 1.0D-01 -3.160D+06  2.398D-14 1.6D-04 5.6D-04    1    0 4.69D+04 2.12D-02 2.12D-02 1.612D+03     1.18

    inner barrier   scaled     scaled     min     min    NW   SE     dx      alpha    alpha    inner   time (s)
     ite   param   obj func     feas      x-l     u-x   pert pert   norm      max             opt err 
       31 1.0D-01 -3.356D+06  2.398D-14 1.6D-04 5.0D-04    2    0 5.96D+03 1.52D-01 1.52D-01 3.995D+02     1.31
       32 1.0D-01 -3.589D+06  2.487D-14 1.6D-04 4.9D-04    1    0 5.81D+04 1.89D-02 1.89D-02 2.284D+03     1.12
       33 1.0D-01 -3.707D+06  2.487D-14 1.5D-04 4.6D-04    2    0 6.50D+03 8.71D-02 8.71D-02 3.607D+02     1.32
       34 1.0D-01 -3.836D+06  2.487D-14 1.5D-04 4.6D-04    1    0 8.75D+04 7.54D-03 7.54D-03 6.553D+03     1.17
       35 1.0D-01 -4.049D+06  2.398D-14 7.6D-05 4.2D-04    2    0 7.43D+03 1.34D-01 1.34D-01 3.522D+02     1.32
       36 1.0D-01 -4.215D+06  2.487D-14 1.5D-04 3.3D-04    2    0 2.50D+03 2.88D-01 2.88D-01 3.645D+02     1.34
       37 1.0D-01 -4.386D+06  2.487D-14 1.5D-04 3.2D-04    1    0 8.80D+03 8.81D-02 8.81D-02 3.624D+02     0.81
       38 1.0D-01 -4.495D+06  2.487D-14 1.3D-04 2.9D-04    2    0 2.75D+03 1.71D-01 1.71D-01 3.685D+02     1.35
       39 1.0D-01 -4.729D+06  2.487D-14 1.5D-04 2.7D-04    1    0 9.84D+03 1.09D-01 1.09D-01 3.653D+02     1.15
       40 1.0D-01 -4.799D+06  2.487D-14 7.7D-05 2.5D-04    2    0 3.00D+03 1.02D-01 1.02D-01 3.675D+02     1.32

    inner barrier   scaled     scaled     min     min    NW   SE     dx      alpha    alpha    inner   time (s)
     ite   param   obj func     feas      x-l     u-x   pert pert   norm      max             opt err 
       41 1.0D-01 -5.025D+06  2.487D-14 1.5D-04 2.4D-04    1    0 1.10D+04 9.60D-02 9.60D-02 3.725D+02     1.16
       42 1.0D-01 -5.094D+06  2.487D-14 6.5D-05 2.3D-04    2    0 3.28D+03 9.42D-02 9.42D-02 3.662D+02     1.29
       43 1.0D-01 -5.267D+06  2.487D-14 1.3D-04 2.2D-04    1    0 1.24D+04 6.62D-02 6.62D-02 3.613D+02     1.08
       44 1.0D-01 -5.369D+06  2.487D-14 1.5D-04 2.1D-04    2    0 3.50D+03 1.35D-01 1.35D-01 3.548D+02     1.34
       45 1.0D-01 -5.514D+06  2.487D-14 1.4D-04 2.1D-04    1    0 1.36D+04 5.29D-02 5.29D-02 4.512D+02     0.85
       46 1.0D-01 -5.546D+06  2.487D-14 7.0D-05 2.0D-04    2    0 3.71D+03 4.18D-02 4.18D-02 3.319D+02     1.35
       47 1.0D-01 -5.755D+06  2.487D-14 8.0D-05 2.0D-04    1    0 1.53D+04 7.02D-02 7.02D-02 5.521D+02     1.09
       48 1.0D-01 -5.790D+06  2.487D-14 8.6D-05 1.9D-04    2    0 3.94D+03 4.42D-02 4.42D-02 3.192D+02     1.39
       49 1.0D-01 -5.957D+06  2.398D-14 9.0D-05 1.9D-04    1    0 1.70D+04 5.30D-02 5.30D-02 6.159D+02     1.09
       50 1.0D-01 -5.971D+06  2.487D-14 3.0D-05 1.9D-04    2    0 4.17D+03 1.83D-02 1.83D-02 3.815D+02     1.33

    inner barrier   scaled     scaled     min     min    NW   SE     dx      alpha    alpha    inner   time (s)
     ite   param   obj func     feas      x-l     u-x   pert pert   norm      max             opt err 
       51 1.0D-01 -6.145D+06  2.398D-14 6.4D-05 1.9D-04    1    0 2.09D+04 4.57D-02 4.57D-02 7.665D+02     1.19
       52 1.0D-01 -6.171D+06  2.398D-14 7.6D-06 1.8D-04    2    0 4.59D+03 2.91D-02 2.91D-02 4.465D+02     1.31
       53 1.0D-01 -6.251D+06  2.487D-14 2.6D-05 1.8D-04    1    0 2.92D+04 1.53D-02 1.53D-02 1.070D+03     1.14
       54 1.0D-01 -6.256D+06  2.487D-14 8.3D-06 1.8D-04    2    0 5.11D+03 4.29D-03 4.29D-03 3.463D+02     1.45
       55 1.0D-01 -6.289D+06  2.487D-14 7.5D-05 1.8D-04    2    0 1.86D+03 8.56D-02 8.56D-02 2.833D+02     1.08
       56 1.0D-01 -6.364D+06  2.487D-14 8.2D-05 1.7D-04    1    0 5.78D+03 6.73D-02 6.73D-02 3.303D+02     1.22
       57 1.0D-01 -6.425D+06  2.398D-14 3.9D-05 1.7D-04    2    0 2.03D+03 1.44D-01 1.44D-01 2.832D+02     1.41
       58 1.0D-01 -6.512D+06  2.398D-14 4.8D-05 1.6D-04    1    0 6.39D+03 7.20D-02 7.20D-02 4.224D+02     1.15
       59 1.0D-01 -6.552D+06  2.398D-14 5.9D-05 1.6D-04    2    0 2.16D+03 8.90D-02 8.90D-02 2.873D+02     1.42
       60 1.0D-01 -6.688D+06  2.487D-14 6.9D-05 1.6D-04    1    0 6.94D+03 1.05D-01 1.05D-01 3.023D+02     0.93

    inner barrier   scaled     scaled     min     min    NW   SE     dx      alpha    alpha    inner   time (s)
     ite   param   obj func     feas      x-l     u-x   pert pert   norm      max             opt err 
       61 1.0D-01 -6.727D+06  2.487D-14 7.7D-05 1.5D-04    2    0 2.28D+03 8.50D-02 8.50D-02 2.902D+02     1.46
       62 1.0D-01 -6.827D+06  2.487D-14 8.2D-05 1.5D-04    1    0 7.38D+03 7.46D-02 7.46D-02 3.464D+02     1.05
       63 1.0D-01 -6.870D+06  2.487D-14 3.7D-05 1.5D-04    2    0 2.34D+03 9.52D-02 9.52D-02 2.924D+02     1.08
       64 1.0D-01 -6.965D+06  2.398D-14 5.5D-05 1.5D-04    1    0 7.65D+03 7.22D-02 7.22D-02 4.733D+02     1.24
       65 1.0D-01 -6.988D+06  2.487D-14 6.7D-05 1.5D-04    2    0 2.36D+03 5.32D-02 5.32D-02 2.768D+02     2.30
       66 1.0D-01 -7.072D+06  2.398D-14 8.1D-05 1.4D-04    1    0 7.73D+03 6.86D-02 6.86D-02 3.697D+02     1.13
       67 1.0D-01 -7.092D+06  2.398D-14 9.1D-05 1.4D-04    2    0 2.33D+03 5.12D-02 5.12D-02 2.625D+02     1.43
       68 1.0D-01 -7.169D+06  2.309D-14 1.0D-04 1.4D-04    1    0 7.99D+03 6.68D-02 6.68D-02 4.200D+02     1.12
       69 1.0D-01 -7.183D+06  2.398D-14 1.1D-04 1.4D-04    2    0 2.37D+03 3.89D-02 3.89D-02 2.483D+02     1.35
       70 1.0D-01 -7.241D+06  2.398D-14 1.1D-04 1.4D-04    1    0 8.75D+03 5.02D-02 5.02D-02 4.137D+02     1.18

    inner barrier   scaled     scaled     min     min    NW   SE     dx      alpha    alpha    inner   time (s)
     ite   param   obj func     feas      x-l     u-x   pert pert   norm      max             opt err 
       71 1.0D-01 -7.256D+06  2.398D-14 1.1D-04 1.4D-04    2    0 2.51D+03 3.82D-02 3.82D-02 2.324D+02     1.49
       72 1.0D-01 -7.336D+06  2.398D-14 1.1D-04 1.4D-04    1    0 9.97D+03 6.46D-02 6.46D-02 3.997D+02     1.18
       73 1.0D-01 -7.345D+06  2.309D-14 1.8D-05 1.4D-04    2    0 2.70D+03 2.27D-02 2.27D-02 2.107D+02     1.48
       74 1.0D-01 -7.409D+06  2.309D-14 3.3D-05 1.4D-04    1    0 1.17D+04 4.64D-02 4.64D-02 4.274D+02     1.19
       75 1.0D-01 -7.421D+06  2.398D-14 4.1D-05 1.4D-04    2    0 2.86D+03 2.90D-02 2.90D-02 2.004D+02     1.32
       76 1.0D-01 -7.473D+06  2.309D-14 5.0D-05 1.4D-04    1    0 1.42D+04 3.35D-02 3.35D-02 4.523D+02     1.16
       77 1.0D-01 -7.483D+06  2.398D-14 1.3D-05 1.4D-04    2    0 2.99D+03 2.64D-02 2.64D-02 2.567D+02     1.47
       78 1.0D-01 -7.518D+06  2.398D-14 2.7D-05 1.4D-04    1    0 1.93D+04 1.81D-02 1.81D-02 7.754D+02     1.28
       79 1.0D-01 -7.530D+06  2.309D-14 9.7D-06 1.4D-04    2    0 3.22D+03 2.79D-02 2.79D-02 2.380D+02     1.36
       80 1.0D-01 -7.548D+06  2.398D-14 1.7D-05 1.4D-04    2    0 1.31D+03 8.58D-02 8.58D-02 1.800D+02     1.42

    inner barrier   scaled     scaled     min     min    NW   SE     dx      alpha    alpha    inner   time (s)
     ite   param   obj func     feas      x-l     u-x   pert pert   norm      max             opt err 
       81 1.0D-01 -7.596D+06  2.309D-14 5.6D-05 1.3D-04    1    0 3.69D+03 1.04D-01 1.04D-01 2.618D+02     1.12
       82 1.0D-01 -7.618D+06  2.309D-14 8.9D-05 1.3D-04    2    0 1.38D+03 1.03D-01 1.03D-01 1.876D+02     1.44
       83 1.0D-01 -7.656D+06  2.309D-14 1.1D-04 1.3D-04    1    0 3.97D+03 7.88D-02 7.88D-02 2.724D+02     1.22
       84 1.0D-01 -7.670D+06  2.398D-14 8.3D-05 1.3D-04    2    0 1.41D+03 7.08D-02 7.08D-02 1.904D+02     1.47
       85 1.0D-01 -7.713D+06  2.398D-14 1.1D-04 1.3D-04    1    0 4.23D+03 8.80D-02 8.80D-02 3.036D+02     2.14
       86 1.0D-01 -7.723D+06  2.398D-14 4.3D-05 1.3D-04    2    0 1.46D+03 5.21D-02 5.21D-02 1.923D+02     1.23
       87 1.0D-01 -7.759D+06  2.398D-14 6.5D-05 1.3D-04    1    0 4.49D+03 7.30D-02 7.30D-02 3.845D+02     1.73
       88 1.0D-01 -7.769D+06  2.487D-14 7.9D-05 1.3D-04    2    0 1.50D+03 5.11D-02 5.11D-02 1.823D+02     1.52
       89 1.0D-01 -7.796D+06  2.398D-14 9.2D-05 1.3D-04    1    0 4.71D+03 5.44D-02 5.44D-02 3.409D+02     2.11
       90 1.0D-01 -7.804D+06  2.398D-14 9.8D-05 1.3D-04    2    0 1.54D+03 4.65D-02 4.65D-02 1.736D+02     1.51

    inner barrier   scaled     scaled     min     min    NW   SE     dx      alpha    alpha    inner   time (s)
     ite   param   obj func     feas      x-l     u-x   pert pert   norm      max             opt err 
       91 1.0D-01 -7.829D+06  2.398D-14 1.1D-04 1.3D-04    1    0 4.96D+03 5.07D-02 5.07D-02 4.620D+02     1.19
       92 1.0D-01 -7.834D+06  2.398D-14 1.0D-04 1.3D-04    2    0 1.58D+03 2.76D-02 2.76D-02 1.612D+02     2.46
       93 1.0D-01 -7.855D+06  2.398D-14 1.1D-04 1.3D-04    1    0 5.26D+03 4.29D-02 4.29D-02 3.379D+02     1.15
       94 1.0D-01 -7.861D+06  2.398D-14 8.2D-05 1.3D-04    2    0 1.65D+03 3.65D-02 3.65D-02 1.541D+02     1.56
       95 1.0D-01 -7.885D+06  2.398D-14 1.0D-04 1.3D-04    1    0 5.95D+03 4.62D-02 4.62D-02 3.317D+02     1.24
       96 1.0D-01 -7.888D+06  2.487D-14 2.0D-05 1.3D-04    2    0 1.72D+03 1.43D-02 1.43D-02 1.870D+02     1.56
       97 1.0D-01 -7.898D+06  2.398D-14 3.7D-05 1.3D-04    1    0 6.61D+03 1.96D-02 1.96D-02 5.945D+02     1.12
       98 1.0D-01 -7.903D+06  2.398D-14 5.7D-05 1.3D-04    2    0 1.85D+03 2.61D-02 2.61D-02 1.913D+02     1.06
       99 1.0D-01 -7.922D+06  2.487D-14 1.1D-04 1.3D-04    2    0 8.13D+02 1.78D-01 1.78D-01 1.394D+02     1.16
      100 1.0D-01 -7.942D+06  2.487D-14 1.1D-04 1.3D-04    1    0 1.98D+03 1.02D-01 1.02D-01 1.593D+02     0.89

    inner barrier   scaled     scaled     min     min    NW   SE     dx      alpha    alpha    inner   time (s)
     ite   param   obj func     feas      x-l     u-x   pert pert   norm      max             opt err 
      101 1.0D-01 -7.947D+06  2.487D-14 1.2D-05 1.3D-04    2    0 7.98D+02 6.11D-02 6.11D-02 1.377D+02     3.37
      102 1.0D-01 -7.967D+06  2.487D-14 4.8D-05 1.3D-04    1    0 2.08D+03 1.05D-01 1.05D-01 1.810D+02     1.20
      103 1.0D-01 -7.975D+06  2.398D-14 7.5D-05 1.3D-04    2    0 8.18D+02 8.91D-02 8.91D-02 1.457D+02     3.52
      104 1.0D-01 -7.990D+06  2.398D-14 9.6D-05 1.3D-04    1    0 2.20D+03 8.25D-02 8.25D-02 2.142D+02     2.19
      105 1.0D-01 -7.996D+06  2.398D-14 1.0D-04 1.3D-04    2    0 8.34D+02 6.37D-02 6.37D-02 1.452D+02     2.48
      106 1.0D-01 -8.008D+06  2.487D-14 1.0D-04 1.3D-04    1    0 2.35D+03 6.69D-02 6.69D-02 2.297D+02     2.21
      107 1.0D-01 -8.013D+06  2.398D-14 1.0D-04 1.3D-04    2    0 8.60D+02 6.06D-02 6.06D-02 1.389D+02     2.36
      108 1.0D-01 -8.026D+06  2.398D-14 1.0D-04 1.3D-04    1    0 2.49D+03 7.44D-02 7.44D-02 2.183D+02     2.17
      109 1.0D-01 -8.030D+06  2.398D-14 4.8D-05 1.3D-04    2    0 8.89D+02 4.08D-02 4.08D-02 1.226D+02     3.50
      110 1.0D-01 -8.046D+06  2.487D-14 8.7D-05 1.3D-04    1    0 2.76D+03 8.42D-02 8.42D-02 1.555D+02     2.22

    inner barrier   scaled     scaled     min     min    NW   SE     dx      alpha    alpha    inner   time (s)
     ite   param   obj func     feas      x-l     u-x   pert pert   norm      max             opt err 
      111 1.0D-01 -8.053D+06  2.398D-14 1.1D-05 1.3D-04    2    0 9.56D+02 8.72D-02 8.72D-02 1.167D+02     3.52
      112 1.0D-01 -8.069D+06  2.398D-14 4.2D-05 1.3D-04    1    0 3.22D+03 7.80D-02 7.80D-02 1.757D+02     2.15
      113 1.0D-01 -8.073D+06  2.398D-14 1.4D-05 1.3D-04    2    0 1.05D+03 4.76D-02 4.76D-02 1.136D+02     2.58
      114 1.0D-01 -8.086D+06  2.398D-14 3.6D-05 1.3D-04    1    0 3.76D+03 5.38D-02 5.38D-02 2.206D+02     2.64
      115 1.0D-01 -8.089D+06  2.398D-14 5.0D-05 1.3D-04    2    0 1.14D+03 3.31D-02 3.31D-02 1.163D+02     1.57
      116 1.0D-01 -8.098D+06  2.309D-14 6.2D-05 1.3D-04    1    0 4.44D+03 3.30D-02 3.30D-02 1.704D+02     1.23
      117 1.0D-01 -8.102D+06  2.309D-14 7.2D-05 1.3D-04    2    0 1.26D+03 4.08D-02 4.08D-02 9.985D+01     2.34
      118 1.0D-01 -8.127D+06  2.398D-14 1.0D-04 1.3D-04    1    0 5.42D+03 7.82D-02 7.82D-02 1.609D+02     2.20
      119 1.0D-01 -8.131D+06  2.309D-14 9.4D-05 1.3D-04    2    0 1.43D+03 3.87D-02 3.87D-02 9.233D+01     1.58
      120 1.0D-01 -8.140D+06  2.398D-14 1.0D-04 1.3D-04    1    0 7.78D+03 2.04D-02 2.04D-02 3.184D+02     2.19

    inner barrier   scaled     scaled     min     min    NW   SE     dx      alpha    alpha    inner   time (s)
     ite   param   obj func     feas      x-l     u-x   pert pert   norm      max             opt err 
      121 1.0D-01 -8.144D+06  2.309D-14 6.0D-05 1.3D-04    2    0 1.60D+03 2.96D-02 2.96D-02 8.519D+01     1.57
      122 1.0D-01 -8.155D+06  2.398D-14 6.5D-05 1.3D-04    1    0 1.37D+04 1.51D-02 1.51D-02 1.703D+03     1.23
      123 1.0D-01 -8.156D+06  2.398D-14 6.0D-05 1.3D-04    2    0 1.83D+03 9.41D-03 9.41D-03 8.595D+01     2.58
      124 1.0D-01 -8.171D+06  2.398D-14 9.7D-05 1.3D-04    2    0 6.70D+02 2.70D-01 2.70D-01 8.690D+01     2.95
      125 1.0D-01 -8.187D+06  2.487D-14 9.5D-05 1.3D-04    1    0 2.01D+03 1.11D-01 1.11D-01 8.776D+01     2.08
      126 1.0D-01 -8.199D+06  2.398D-14 9.3D-05 1.3D-04    2    0 7.03D+02 2.21D-01 2.21D-01 9.002D+01     3.25
      127 1.0D-01 -8.209D+06  2.398D-14 9.2D-05 1.3D-04    1    0 2.17D+03 6.68D-02 6.68D-02 8.931D+01     2.14
      128 1.0D-01 -8.221D+06  2.398D-14 9.1D-05 1.3D-04    2    0 7.30D+02 2.20D-01 2.20D-01 8.798D+01     3.40
      129 1.0D-01 -8.232D+06  2.487D-14 9.0D-05 1.2D-04    1    0 2.32D+03 7.07D-02 7.07D-02 9.179D+01     2.19
      130 1.0D-01 -8.242D+06  2.398D-14 8.9D-05 1.2D-04    2    0 7.61D+02 1.78D-01 1.78D-01 8.899D+01     3.57

    inner barrier   scaled     scaled     min     min    NW   SE     dx      alpha    alpha    inner   time (s)
     ite   param   obj func     feas      x-l     u-x   pert pert   norm      max             opt err 
      131 1.0D-01 -8.254D+06  2.487D-14 8.9D-05 1.2D-04    1    0 2.44D+03 7.25D-02 7.25D-02 1.274D+02     2.51
      132 1.0D-01 -8.261D+06  2.398D-14 8.8D-05 1.2D-04    2    0 7.61D+02 1.17D-01 1.17D-01 8.379D+01     3.50
      133 1.0D-01 -8.274D+06  2.398D-14 8.8D-05 1.2D-04    1    0 2.37D+03 8.54D-02 8.54D-02 1.076D+02     2.55
      134 1.0D-01 -8.280D+06  2.487D-14 8.7D-05 1.2D-04    2    0 7.22D+02 1.13D-01 1.13D-01 7.961D+01     5.13
      135 1.0D-01 -8.287D+06  2.487D-14 8.7D-05 1.2D-04    1    0 2.05D+03 5.79D-02 5.79D-02 1.400D+02     2.14
      136 1.0D-01 -8.291D+06  2.487D-14 8.7D-05 1.2D-04    2    0 6.14D+02 8.69D-02 8.69D-02 7.755D+01     5.31
      137 1.0D-01 -8.297D+06  2.487D-14 8.6D-05 1.2D-04    1    0 1.66D+03 6.50D-02 6.50D-02 1.285D+02     3.75
      138 1.0D-01 -8.300D+06  2.487D-14 2.9D-05 1.2D-04    2    0 5.25D+02 9.35D-02 9.35D-02 7.287D+01     4.24
      139 1.0D-01 -8.303D+06  2.487D-14 5.4D-05 1.2D-04    1    0 1.39D+03 5.42D-02 5.42D-02 1.305D+02     2.59
      140 1.0D-01 -8.305D+06  2.487D-14 7.2D-05 1.2D-04    2    0 4.70D+02 5.19D-02 5.19D-02 5.606D+01     4.46

    inner barrier   scaled     scaled     min     min    NW   SE     dx      alpha    alpha    inner   time (s)
     ite   param   obj func     feas      x-l     u-x   pert pert   norm      max             opt err 
      141 1.0D-01 -8.310D+06  2.398D-14 8.6D-05 1.2D-04    1    0 1.26D+03 9.44D-02 9.44D-02 6.153D+01     3.65
      142 1.0D-01 -8.313D+06  2.398D-14 8.6D-05 1.2D-04    2    0 4.22D+02 1.15D-01 1.15D-01 5.373D+01     4.14
      143 1.0D-01 -8.318D+06  2.487D-14 8.6D-05 1.2D-04    1    0 1.17D+03 1.02D-01 1.02D-01 5.227D+01     3.34
      144 1.0D-01 -8.321D+06  2.576D-14 8.6D-05 1.2D-04    2    0 3.93D+02 1.17D-01 1.17D-01 4.969D+01     4.20
      145 1.0D-01 -8.325D+06  2.487D-14 8.6D-05 1.2D-04    1    0 1.10D+03 7.92D-02 7.92D-02 7.943D+01     2.82
      146 1.0D-01 -8.328D+06  2.487D-14 8.5D-05 1.2D-04    2    0 3.58D+02 1.99D-01 1.99D-01 4.498D+01     4.41
      147 1.0D-01 -8.331D+06  2.487D-14 8.5D-05 1.2D-04    1    0 1.01D+03 7.71D-02 7.71D-02 9.587D+01     2.65
      148 1.0D-01 -8.333D+06  2.487D-14 8.5D-05 1.2D-04    2    0 3.14D+02 1.11D-01 1.11D-01 4.151D+01     4.35
      149 1.0D-01 -8.335D+06  2.487D-14 8.5D-05 1.2D-04    1    0 1.01D+03 5.77D-02 5.77D-02 7.937D+01     2.62
      150 1.0D-01 -8.336D+06  2.487D-14 2.7D-05 1.2D-04    2    0 2.99D+02 7.20D-02 7.20D-02 3.686D+01     5.66

    inner barrier   scaled     scaled     min     min    NW   SE     dx      alpha    alpha    inner   time (s)
     ite   param   obj func     feas      x-l     u-x   pert pert   norm      max             opt err 
      151 1.0D-01 -8.338D+06  2.576D-14 7.9D-05 1.2D-04    1    0 1.04D+03 5.40D-02 5.40D-02 1.235D+02     2.56
      152 1.0D-01 -8.339D+06  2.576D-14 8.6D-05 1.2D-04    2    0 2.79D+02 1.07D-01 1.07D-01 3.374D+01     4.31
      153 1.0D-01 -8.340D+06  2.576D-14 8.6D-05 1.2D-04    1    0 1.04D+03 2.92D-02 2.92D-02 2.728D+02     2.72
      154 1.0D-01 -8.340D+06  2.487D-14 8.6D-05 1.2D-04    2    0 2.29D+02 3.47D-02 3.47D-02 5.259D+01     4.70
      155 1.0D-01 -8.342D+06  2.487D-14 8.5D-05 1.2D-04    2    0 1.17D+02 1.91D-01 1.91D-01 3.256D+01     4.37
      156 1.0D-01 -8.343D+06  2.576D-14 8.5D-05 1.2D-04    1    0 2.23D+02 1.30D-01 1.30D-01 3.391D+01     2.72
      157 1.0D-01 -8.344D+06  2.487D-14 8.5D-05 1.2D-04    2    0 9.85D+01 2.26D-01 2.26D-01 3.209D+01     4.59
      158 1.0D-01 -8.345D+06  2.487D-14 8.5D-05 1.2D-04    1    0 1.73D+02 1.21D-01 1.21D-01 5.676D+01     2.73
      159 1.0D-01 -8.345D+06  2.487D-14 4.6D-05 1.2D-04    2    0 7.35D+01 7.95D-02 7.95D-02 3.114D+01     4.54
      160 1.0D-01 -8.346D+06  2.576D-14 8.5D-05 1.2D-04    1    0 1.36D+02 1.70D-01 1.70D-01 4.977D+01     2.77

    inner barrier   scaled     scaled     min     min    NW   SE     dx      alpha    alpha    inner   time (s)
     ite   param   obj func     feas      x-l     u-x   pert pert   norm      max             opt err 
      161 1.0D-01 -8.347D+06  2.576D-14 2.0D-05 1.2D-04    2    0 5.92D+01 2.94D-01 2.94D-01 3.038D+01     5.59
      162 1.0D-01 -8.347D+06  2.576D-14 8.5D-05 1.2D-04    1    0 1.11D+02 5.16D-02 5.16D-02 3.691D+01     2.70
      163 1.0D-01 -8.348D+06  2.576D-14 8.5D-05 1.2D-04    2    0 4.49D+01 5.49D-01 5.49D-01 2.670D+01     4.64
      164 1.0D-01 -8.348D+06  2.576D-14 8.5D-05 1.2D-04    1    0 1.01D+02 6.08D-02 6.08D-02 4.400D+01     2.72
      165 1.0D-01 -8.348D+06  2.487D-14 8.5D-05 1.2D-04    2    0 3.09D+01 1.14D-01 1.14D-01 2.688D+01     4.26
      166 1.0D-01 -8.348D+06  2.576D-14 8.5D-05 1.2D-04    1    0 1.13D+02 9.19D-02 9.19D-02 4.948D+01     2.74
      167 1.0D-01 -8.348D+06  2.576D-14 3.6D-05 1.2D-04    2    0 3.08D+01 1.54D-01 1.54D-01 2.852D+01     4.68
      168 1.0D-01 -8.348D+06  2.576D-14 8.5D-05 1.2D-04    1    0 1.35D+02 6.89D-02 6.89D-02 6.747D+01     2.36
      169 1.0D-01 -8.349D+06  2.576D-14 8.5D-05 1.2D-04    2    0 3.21D+01 2.76D-01 2.76D-01 2.873D+01     4.12
      170 1.0D-01 -8.349D+06  2.665D-14 8.5D-05 1.2D-04    1    0 1.33D+02 3.87D-02 3.87D-02 5.913D+01     2.95

    inner barrier   scaled     scaled     min     min    NW   SE     dx      alpha    alpha    inner   time (s)
     ite   param   obj func     feas      x-l     u-x   pert pert   norm      max             opt err 
      171 1.0D-01 -8.349D+06  2.576D-14 8.5D-05 1.2D-04    2    0 2.68D+01 2.99D-01 2.99D-01 1.888D+01     3.99
      172 1.0D-01 -8.349D+06  2.576D-14 8.5D-05 1.2D-04    1    0 9.08D+01 8.49D-02 8.49D-02 4.582D+01     2.65
      173 1.0D-01 -8.349D+06  2.576D-14 8.5D-05 1.2D-04    2    0 1.73D+01 1.85D-01 1.85D-01 1.814D+01     4.24
      174 1.0D-01 -8.349D+06  2.576D-14 8.5D-05 1.2D-04    1    0 8.43D+01 1.18D-01 1.18D-01 5.436D+01     2.77
      175 1.0D-01 -8.349D+06  2.576D-14 8.5D-05 1.2D-04    2    0 1.67D+01 1.83D-01 1.83D-01 2.302D+01     4.55
      176 1.0D-01 -8.349D+06  2.576D-14 8.5D-05 1.2D-04    1    0 8.47D+01 3.19D-02 3.19D-02 4.871D+01     2.71
      177 1.0D-01 -8.349D+06  2.576D-14 8.5D-05 1.2D-04    2    0 8.16D+00 1.75D-01 1.75D-01 1.407D+01     4.63
      178 1.0D-01 -8.349D+06  2.576D-14 8.5D-05 1.2D-04    1    0 1.58D+02 2.96D-02 2.96D-02 1.168D+02     3.44
      179 1.0D-01 -8.349D+06  2.576D-14 6.1D-05 1.2D-04    2    0 6.68D+00 4.86D-02 4.86D-02 1.708D+01     3.69
      180 1.0D-01 -8.350D+06  2.665D-14 6.1D-05 1.2D-04    1    0 2.86D+04 7.86D-05 7.86D-05 3.636D+04     2.66

    inner barrier   scaled     scaled     min     min    NW   SE     dx      alpha    alpha    inner   time (s)
     ite   param   obj func     feas      x-l     u-x   pert pert   norm      max             opt err 
      181 1.0D-01 -8.350D+06  2.576D-14 6.0D-05 1.2D-04    2    0 2.06D+00 6.69D-02 6.69D-02 1.100D+00     4.76
      182 1.0D-01 -8.350D+06  2.665D-14 8.5D-05 1.2D-04    1    0 2.34D+00 1.00D+00 1.00D+00 1.562D+00     2.67
      183 1.0D-01 -8.350D+06  2.665D-14 8.5D-05 1.2D-04    2    0 6.90D-01 1.00D+00 1.00D+00 2.643D+00     4.59
      184 1.0D-01 -8.350D+06  2.576D-14 8.5D-05 1.2D-04    2    0 3.01D-01 1.00D+00 1.00D+00 3.096D+00     4.62
      185 1.0D-01 -8.350D+06  2.576D-14 8.5D-05 1.2D-04    1    0 1.71D+00 1.00D+00 1.00D+00 6.025D+00     2.79
      186 1.0D-01 -8.350D+06  2.576D-14 8.5D-05 1.2D-04    2    0 7.86D-01 1.00D+00 1.00D+00 7.400D+00     4.76
      187 1.0D-01 -8.350D+06  2.576D-14 8.5D-05 1.2D-04    1    0 5.18D+00 1.00D+00 1.00D+00 1.647D+01     2.75
      188 1.0D-01 -8.350D+06  2.576D-14 8.5D-05 1.2D-04    2    0 2.39D+00 1.64D-01 1.64D-01 1.763D+01     4.19
      189 1.0D-01 -8.350D+06  2.576D-14 8.5D-05 1.2D-04    1    0 8.19D-01 1.00D+00 1.25D-01 1.205D+00     2.79
      190 1.0D-01 -8.350D+06  2.576D-14 8.5D-05 1.2D-04    2    0 1.86D-01 1.00D+00 1.00D+00 1.283D+00     4.72

    inner barrier   scaled     scaled     min     min    NW   SE     dx      alpha    alpha    inner   time (s)
     ite   param   obj func     feas      x-l     u-x   pert pert   norm      max             opt err 
      191 1.0D-01 -8.350D+06  2.665D-14 8.5D-05 1.2D-04    1    0 1.57D+00 1.00D+00 1.00D+00 3.994D+00     2.75
      192 1.0D-01 -8.350D+06  2.576D-14 8.5D-05 1.2D-04    2    0 8.27D-01 1.00D+00 1.00D+00 5.498D+00     5.79
      193 1.0D-01 -8.350D+06  2.576D-14 8.5D-05 1.2D-04    1    0 1.26D+01 5.25D-01 5.25D-01 2.053D+01     2.74
      194 1.0D-01 -8.350D+06  2.576D-14 8.5D-05 1.2D-04    2    0 3.49D+00 1.90D-02 1.90D-02 1.624D+01     4.71
      195 1.0D-01 -8.350D+06  2.576D-14 8.5D-05 1.2D-04    1    0 5.49D-02 1.00D+00 5.00D-01 1.661D-01     2.30


     1 2.0D-02 -9.383460D+09 -8.349757D+06 2.661D-01   195C

    inner barrier   scaled     scaled     min     min    NW   SE     dx      alpha    alpha    inner   time (s)
     ite   param   obj func     feas      x-l     u-x   pert pert   norm      max             opt err 
        1 2.0D-02 -8.350D+06  2.487D-14 5.2D-05 7.6D-05    1    0 7.17D+00 4.83D-01 4.83D-01 3.547D-01     2.36
        2 2.0D-02 -8.350D+06  2.576D-14 1.7D-05 2.5D-05    1    0 3.46D+00 1.00D+00 1.00D+00 4.548D-03     3.18


     2 2.8D-03 -9.384148D+09 -8.350369D+06 2.041D-02   197C


     3 1.5D-04 -9.384148D+09 -8.350369D+06 2.041D-02   197C

    inner barrier   scaled     scaled     min     min    NW   SE     dx      alpha    alpha    inner   time (s)
     ite   param   obj func     feas      x-l     u-x   pert pert   norm      max             opt err 
        1 1.5D-04 -8.351D+06  2.487D-14 6.6D-07 9.7D-07    1    0 1.67D+00 9.68D-01 9.68D-01 1.394D-03     1.96


     4 1.8D-06 -9.384313D+09 -8.350516D+06 1.394D-03   198C

    inner barrier   scaled     scaled     min     min    NW   SE     dx      alpha    alpha    inner   time (s)
     ite   param   obj func     feas      x-l     u-x   pert pert   norm      max             opt err 
        1 1.8D-06 -8.351D+06  2.576D-14 1.6D-09 2.3D-09    1    0 6.37D-02 1.00D+00 1.00D+00 7.311D-06     2.73


     5 2.5D-09 -9.384319D+09 -8.350522D+06 7.311D-06   199C

    inner barrier   scaled     scaled     min     min    NW   SE     dx      alpha    alpha    inner   time (s)
     ite   param   obj func     feas      x-l     u-x   pert pert   norm      max             opt err 
        1 2.5D-09 -8.351D+06  2.576D-14 2.1D-12 3.1D-12    1    0 1.54D-04 1.00D+00 1.00D+00 1.971D-08     3.74


     6 1.0D-09 -9.384320D+09 -8.350522D+06 1.971D-08   200C

    inner barrier   scaled     scaled     min     min    NW   SE     dx      alpha    alpha    inner   time (s)
     ite   param   obj func     feas      x-l     u-x   pert pert   norm      max             opt err 
        1 1.0D-09 -8.351D+06  2.576D-14 8.5D-13 1.2D-12    1    0 1.27D-07 1.00D+00 1.00D+00 5.329D-12     3.79


     7 1.0D-09 -9.384320D+09 -8.350522D+06 1.001D-09   201C
 ==========================================================

 FINAL RESULTS:
                            scaled                   unscaled
  Objective Funct:  -8.3505221146068098D+06   -9.3843195058205681D+09
  Lagrangian Grad:   6.4128820541455400D-12    7.2067989669743310D-09
 Final Point Feas:   2.5757174171303632D-14    2.5757174171303632D-14
 Bounds violation:   0.0000000000000000D+00    0.0000000000000000D+00
 Lower Bound Comp:   1.0005787122262817D-09    1.1244506867216461D-06
 Upper Bound Comp:   1.0007002389699208D-09    1.1245872585162189D-06

 Flag of LCMIN:

     Optimal solution found.

 ====================================================
                      STATISTICS                     
 ====================================================
 GENERAL:                                            

           Preprocessing time (in seconds):      0.04
            Optimization time (in seconds):    491.24

                      Inner Iterations (IIT):     201
                      Outer Iterations (OIT):       7
                  Function Evaluations (FEV):     206
         Function Gradient Evaluations (GEV):     202
          Function Hessian Evaluations (HEV):     201
          Barrier Function Evaluations (BFE):     406
 Barrier Function Gradient Evaluations (BGE):     201
 ====================================================
 AVERAGE:                                            

 Inner Iterations per Outer Iterations  :     28.7143
 FEV per IIT:      1.0249    FEV per OIT:     29.4286
 GEV per IIT:      1.0050    GEV per OIT:     28.8571
 HEV per IIT:      1.0000    HEV per OIT:     28.7143
 BFE per IIT:      2.0199    BFE per OIT:     58.0000
 BGE per IIT:      1.0000    BGE per OIT:     28.7143
 ====================================================

