
 ==============================================================================
 This is ALGENCAN 3.1.1.
 ALGENCAN, an Augmented Lagrangian method for nonlinear programming, is part of
 the TANGO Project: Trustable Algorithms for Nonlinear General Optimization.
 See http://www.ime.usp.br/~egbirgin/tango/ for details.
 ==============================================================================

 Processing array of parameters with   3 entrances:

 IGNORE-OBJECTIVE-FUNCTION                    
 ITERATIONS-OUTPUT-DETAIL                                                    11
 NEWTON-LINE-SEARCH-INNER-SOLVER                                    'MA57 MC64'

 The specification file is not being used.

 Available HSL subroutines = MA57           

 ALGENCAN PARAMETERS:

 firstde                =                    T
 seconde                =                    T
 truehpr                =                    T
 hptype in TN           =               TRUEHP
 lsslvr in TR           =            MA57/NONE
 lsslvr in NW           =            MA57/MC64
 lsslvr in ACCPROC      =            MA57/NONE
 innslvr                =                   NW
 accproc                =                    T
 rmfixv                 =                    T
 slacks                 =                    F
 scale                  =                    T
 epsfeas                =           1.0000D-09
 epsopt                 =           1.0000D-08
 efstain                =           3.1623D-05
 eostain                =           1.0000D-12
 efacc                  =           3.1623D-05
 eoacc                  =           1.0000D-04
 iprint                 =                   11
 ncomp                  =                    6

 Specification filename =                   ''
 Output filename        =          'lcmin.out'
 Solution filename      =                   ''

 Number of variables               :   10000
 Number of equality constraints    :    2500
 Number of inequality constraints  :       0
 Number of bound constraints       :   20000
 Number of fixed variables         :       0

 There are no fixed variables to be removed.

 Objective function scale factor   : 1.0D+00
 Smallest constraints scale factor : 2.5D-01

     Entry to GENCAN.
     Number of variables:   10000
     Required optimality tolerance: 1.0D-08

     It         function  gpsupn   xsupn stesupn   nfree   SPGit in-face    fcnt
      0   1.25213589D-16 1.4D-09 1.2D+00
      1   1.05043499D-16 1.2D-09 1.2D+00 9.0D-10   10000       0       1       3
      2   2.44503055D-28 9.9D-15 1.2D+00 2.1D-08   10000       0       2       4

     Flag of GENCAN: Solution was found.


 User-provided subroutines calls counters: 

 Subroutine fsub     (coded=F):        0
 Subroutine gsub     (coded=F):        0
 Subroutine hsub     (coded=F):        0
 Subroutine csub     (coded=F):        0 (       0 calls per constraint in avg)
 Subroutine jacsub   (coded=F):        0 (       0 calls per constraint in avg)
 Subroutine hcsub    (coded=F):        0 (       0 calls per constraint in avg)
 Subroutine fcsub    (coded=T):        4
 Subroutine gjacsub  (coded=T):        5
 Subroutine gjacpsub (coded=F):        0
 Subroutine hlsub    (coded=T):        2
 Subroutine hlpsub   (coded=F):        0


 Total CPU time in seconds =     0.02

 ==============================================================================

 Initial point computed successfully.

                                            achieved                  desired        
 Unscaled feasibility ..............:   2.3092638912203256D-14   1.0000000000000001D-09
 Smallest distance to lower bound ..:   4.0000000000000002D-01   1.0000000000000000D-03
 Smallest distance to upper bound ..:   8.8355453334776950D+00   3.1149622790653503D-02

 Starting LCMIN.
 Number of variables   :   10000
 Number of constraints :    2500

 Scale factor for the objective function   : 1.2D-03
 Smallest scale factor for the constraints : 1.0D+00

 ==========================================================
 outer barrier   objective       scaled      outer   inner
  ite   param     function     obj funct    opt err   ite 
     0 1.0D-01  2.321779D+07  2.892497D+04 7.561D+01     0 

    inner barrier   scaled     scaled     min     min    NW   SE     dx      alpha    alpha    inner   time (s)
     ite   param   obj func     feas      x-l     u-x   pert pert   norm      max             opt err 
        1 1.0D-01 -5.951D+04  2.309D-14 6.5D-03 7.0D+00    4    0 2.49D+03 8.71D-01 8.71D-01 2.668D+02     0.89
        2 1.0D-01 -6.173D+04  2.309D-14 6.5D-05 6.9D+00    2    0 1.05D+03 3.75D-02 3.75D-02 2.715D+02     1.32
        3 1.0D-01 -7.697D+04  2.309D-14 1.4D-04 6.2D+00    1    0 6.84D+03 2.79D-02 2.79D-02 4.923D+02     1.29
        4 1.0D-01 -9.381D+04  2.309D-14 2.6D-04 5.8D+00    2    0 1.27D+03 2.01D-01 2.01D-01 3.608D+02     1.16
        5 1.0D-01 -1.166D+05  2.309D-14 2.0D-04 3.6D+00    1    0 1.57D+04 1.14D-02 1.14D-02 4.020D+03     1.05
        6 1.0D-01 -1.251D+05  2.309D-14 1.2D-04 3.3D+00    2    0 1.59D+03 6.40D-02 6.40D-02 5.484D+02     1.18
        7 1.0D-01 -1.384D+05  2.309D-14 1.7D-04 2.9D+00    2    0 5.18D+02 3.20D-01 3.20D-01 5.783D+02     0.89
        8 1.0D-01 -1.722D+05  2.309D-14 2.3D-04 2.0D+00    1    0 1.91D+03 1.85D-01 1.85D-01 6.517D+02     1.11
        9 1.0D-01 -1.849D+05  2.309D-14 5.5D-05 1.7D+00    2    0 6.27D+02 2.12D-01 2.12D-01 6.771D+02     1.24
       10 1.0D-01 -2.076D+05  2.309D-14 8.3D-05 1.0D+00    1    0 2.41D+03 8.36D-02 8.36D-02 7.201D+02     1.16

    inner barrier   scaled     scaled     min     min    NW   SE     dx      alpha    alpha    inner   time (s)
     ite   param   obj func     feas      x-l     u-x   pert pert   norm      max             opt err 
       11 1.0D-01 -2.364D+05  2.398D-14 1.3D-04 3.4D-01    2    0 7.35D+02 3.56D-01 3.56D-01 7.666D+02     1.23
       12 1.0D-01 -2.533D+05  2.398D-14 1.2D-04 3.4D-03    1    0 3.03D+03 4.21D-02 4.21D-02 7.389D+02     1.09
       13 1.0D-01 -2.766D+05  2.398D-14 1.3D-04 1.1D-03    2    0 8.62D+02 2.21D-01 2.21D-01 6.929D+02     1.23
       14 1.0D-01 -3.197D+05  2.398D-14 1.3D-04 9.7D-04    1    0 3.73D+03 7.83D-02 7.83D-02 7.102D+02     1.11
       15 1.0D-01 -3.358D+05  2.398D-14 1.3D-04 8.9D-04    2    0 1.04D+03 1.11D-01 1.11D-01 7.186D+02     1.27
       16 1.0D-01 -3.778D+05  2.398D-14 1.3D-04 8.4D-04    1    0 4.84D+03 5.01D-02 5.01D-02 8.012D+02     1.05
       17 1.0D-01 -4.014D+05  2.398D-14 1.3D-04 7.6D-04    2    0 1.22D+03 1.23D-01 1.23D-01 7.138D+02     1.24
       18 1.0D-01 -4.479D+05  2.309D-14 1.3D-04 7.4D-04    1    0 6.28D+03 3.78D-02 3.78D-02 9.058D+02     1.09
       19 1.0D-01 -4.900D+05  2.309D-14 1.4D-04 6.4D-04    2    0 1.42D+03 1.71D-01 1.71D-01 6.928D+02     1.18
       20 1.0D-01 -5.541D+05  2.309D-14 1.4D-04 6.2D-04    1    0 8.60D+03 3.38D-02 3.38D-02 1.196D+03     1.05

    inner barrier   scaled     scaled     min     min    NW   SE     dx      alpha    alpha    inner   time (s)
     ite   param   obj func     feas      x-l     u-x   pert pert   norm      max             opt err 
       21 1.0D-01 -5.908D+05  2.309D-14 1.4D-04 5.6D-04    2    0 1.68D+03 1.15D-01 1.15D-01 6.505D+02     1.17
       22 1.0D-01 -6.886D+05  2.309D-14 1.4D-04 5.5D-04    1    0 1.22D+04 3.30D-02 3.30D-02 1.403D+03     0.99
       23 1.0D-01 -7.270D+05  2.309D-14 8.0D-05 5.0D-04    2    0 1.97D+03 9.55D-02 9.55D-02 6.151D+02     1.17
       24 1.0D-01 -8.203D+05  2.309D-14 7.5D-05 5.0D-04    1    0 1.78D+04 2.14D-02 2.14D-02 2.161D+03     1.11
       25 1.0D-01 -8.832D+05  2.309D-14 8.7D-05 4.4D-04    2    0 2.24D+03 1.36D-01 1.36D-01 5.771D+02     1.19
       26 1.0D-01 -9.523D+05  2.309D-14 8.7D-05 4.4D-04    1    0 3.34D+04 8.93D-03 8.93D-03 3.850D+03     1.06
       27 1.0D-01 -1.005D+06  2.309D-14 9.4D-05 4.1D-04    2    0 2.60D+03 9.42D-02 9.42D-02 5.202D+02     1.27
       28 1.0D-01 -1.071D+06  2.309D-14 1.2D-04 3.1D-04    2    0 8.51D+02 3.50D-01 3.50D-01 5.508D+02     1.19
       29 1.0D-01 -1.146D+06  2.309D-14 1.2D-04 2.9D-04    1    0 3.10D+03 1.05D-01 1.05D-01 5.527D+02     1.10
       30 1.0D-01 -1.198D+06  2.309D-14 1.4D-04 2.5D-04    2    0 9.66D+02 2.34D-01 2.34D-01 5.652D+02     1.20

    inner barrier   scaled     scaled     min     min    NW   SE     dx      alpha    alpha    inner   time (s)
     ite   param   obj func     feas      x-l     u-x   pert pert   norm      max             opt err 
       31 1.0D-01 -1.262D+06  2.309D-14 1.4D-04 2.4D-04    1    0 3.50D+03 7.78D-02 7.78D-02 5.631D+02     1.04
       32 1.0D-01 -1.296D+06  2.309D-14 7.2D-05 2.2D-04    2    0 1.04D+03 1.41D-01 1.41D-01 5.649D+02     1.20
       33 1.0D-01 -1.383D+06  2.309D-14 1.0D-04 2.1D-04    1    0 3.87D+03 9.84D-02 9.84D-02 5.814D+02     1.07
       34 1.0D-01 -1.410D+06  2.309D-14 7.5D-05 2.0D-04    2    0 1.13D+03 1.11D-01 1.11D-01 5.707D+02     1.20
       35 1.0D-01 -1.467D+06  2.398D-14 8.7D-05 1.9D-04    1    0 4.37D+03 5.90D-02 5.90D-02 5.535D+02     1.14
       36 1.0D-01 -1.512D+06  2.309D-14 1.2D-04 1.8D-04    2    0 1.23D+03 1.62D-01 1.62D-01 5.567D+02     1.25
       37 1.0D-01 -1.582D+06  2.309D-14 1.2D-04 1.8D-04    1    0 5.15D+03 6.05D-02 6.05D-02 5.495D+02     1.59
       38 1.0D-01 -1.618D+06  2.398D-14 1.2D-04 1.7D-04    2    0 1.36D+03 1.21D-01 1.21D-01 5.431D+02     1.19
       39 1.0D-01 -1.698D+06  2.398D-14 1.2D-04 1.7D-04    1    0 6.11D+03 5.95D-02 5.95D-02 5.221D+02     1.00
       40 1.0D-01 -1.733D+06  2.309D-14 1.3D-04 1.6D-04    2    0 1.52D+03 1.06D-01 1.06D-01 5.193D+02     1.28

    inner barrier   scaled     scaled     min     min    NW   SE     dx      alpha    alpha    inner   time (s)
     ite   param   obj func     feas      x-l     u-x   pert pert   norm      max             opt err 
       41 1.0D-01 -1.801D+06  2.398D-14 1.3D-04 1.6D-04    1    0 7.61D+03 3.96D-02 3.96D-02 7.076D+02     1.19
       42 1.0D-01 -1.824D+06  2.309D-14 6.4D-05 1.6D-04    2    0 1.62D+03 6.67D-02 6.67D-02 4.880D+02     1.27
       43 1.0D-01 -1.902D+06  2.398D-14 8.3D-05 1.5D-04    1    0 8.09D+03 4.84D-02 4.84D-02 6.607D+02     1.13
       44 1.0D-01 -1.932D+06  2.487D-14 1.1D-04 1.5D-04    2    0 1.76D+03 8.46D-02 8.46D-02 4.728D+02     1.29
       45 1.0D-01 -1.980D+06  2.398D-14 1.1D-04 1.5D-04    1    0 1.01D+04 2.75D-02 2.75D-02 5.018D+02     1.14
       46 1.0D-01 -2.018D+06  2.398D-14 1.3D-04 1.5D-04    2    0 1.88D+03 1.08D-01 1.08D-01 4.302D+02     1.33
       47 1.0D-01 -2.058D+06  2.309D-14 1.3D-04 1.4D-04    1    0 1.90D+04 1.25D-02 1.25D-02 1.680D+03     1.09
       48 1.0D-01 -2.082D+06  2.309D-14 9.5D-05 1.4D-04    2    0 2.22D+03 5.83D-02 5.83D-02 3.956D+02     1.24
       49 1.0D-01 -2.119D+06  2.398D-14 1.4D-04 1.4D-04    2    0 7.69D+02 2.30D-01 2.30D-01 4.141D+02     1.77
       50 1.0D-01 -2.175D+06  2.309D-14 1.4D-04 1.3D-04    1    0 2.60D+03 1.08D-01 1.08D-01 4.173D+02     1.11

    inner barrier   scaled     scaled     min     min    NW   SE     dx      alpha    alpha    inner   time (s)
     ite   param   obj func     feas      x-l     u-x   pert pert   norm      max             opt err 
       51 1.0D-01 -2.207D+06  2.398D-14 3.0D-05 1.3D-04    2    0 8.65D+02 1.79D-01 1.79D-01 4.291D+02     1.26
       52 1.0D-01 -2.264D+06  2.398D-14 7.3D-05 1.3D-04    1    0 3.08D+03 9.13D-02 9.13D-02 4.324D+02     1.10
       53 1.0D-01 -2.306D+06  2.309D-14 1.4D-04 1.3D-04    2    0 9.72D+02 2.05D-01 2.05D-01 4.406D+02     1.03
       54 1.0D-01 -2.347D+06  2.398D-14 1.4D-04 1.3D-04    1    0 3.61D+03 5.55D-02 5.55D-02 4.356D+02     1.17
       55 1.0D-01 -2.363D+06  2.398D-14 3.1D-05 1.2D-04    2    0 1.07D+03 7.38D-02 7.38D-02 4.311D+02     1.31
       56 1.0D-01 -2.432D+06  2.309D-14 6.3D-05 1.2D-04    1    0 4.17D+03 8.00D-02 8.00D-02 4.383D+02     1.12
       57 1.0D-01 -2.450D+06  2.398D-14 8.8D-05 1.2D-04    2    0 1.19D+03 7.36D-02 7.36D-02 4.288D+02     1.26
       58 1.0D-01 -2.507D+06  2.398D-14 9.6D-05 1.2D-04    1    0 5.02D+03 5.45D-02 5.45D-02 4.195D+02     1.26
       59 1.0D-01 -2.531D+06  2.398D-14 8.3D-06 1.2D-04    2    0 1.34D+03 8.68D-02 8.68D-02 4.130D+02     1.38
       60 1.0D-01 -2.569D+06  2.398D-14 1.9D-05 1.2D-04    1    0 6.18D+03 2.89D-02 2.89D-02 3.932D+02     1.13

    inner barrier   scaled     scaled     min     min    NW   SE     dx      alpha    alpha    inner   time (s)
     ite   param   obj func     feas      x-l     u-x   pert pert   norm      max             opt err 
       61 1.0D-01 -2.582D+06  2.398D-14 6.3D-06 1.2D-04    2    0 1.50D+03 4.31D-02 4.31D-02 3.828D+02     1.25
       62 1.0D-01 -2.618D+06  2.398D-14 2.1D-05 1.2D-04    1    0 7.56D+03 2.28D-02 2.28D-02 4.403D+02     1.07
       63 1.0D-01 -2.637D+06  2.398D-14 5.5D-06 1.2D-04    2    0 1.64D+03 5.36D-02 5.36D-02 3.682D+02     1.40
       64 1.0D-01 -2.658D+06  2.309D-14 1.7D-05 1.2D-04    1    0 8.41D+03 1.30D-02 1.30D-02 6.736D+02     1.08
       65 1.0D-01 -2.694D+06  2.309D-14 8.3D-05 1.2D-04    2    0 1.72D+03 1.04D-01 1.04D-01 3.718D+02     1.25
       66 1.0D-01 -2.742D+06  2.398D-14 8.9D-05 1.2D-04    1    0 9.88D+03 2.62D-02 2.62D-02 6.031D+02     1.16
       67 1.0D-01 -2.750D+06  2.398D-14 9.0D-06 1.2D-04    2    0 1.94D+03 1.89D-02 1.89D-02 4.212D+02     1.29
       68 1.0D-01 -2.790D+06  2.398D-14 1.4D-04 1.2D-04    2    0 7.18D+02 2.53D-01 2.53D-01 3.547D+02     1.29
       69 1.0D-01 -2.848D+06  2.398D-14 1.4D-04 1.2D-04    1    0 2.26D+03 1.21D-01 1.21D-01 3.580D+02     1.15
       70 1.0D-01 -2.851D+06  2.398D-14 1.1D-05 1.2D-04    2    0 7.87D+02 2.10D-02 2.10D-02 3.596D+02     1.27

    inner barrier   scaled     scaled     min     min    NW   SE     dx      alpha    alpha    inner   time (s)
     ite   param   obj func     feas      x-l     u-x   pert pert   norm      max             opt err 
       71 1.0D-01 -2.885D+06  2.398D-14 3.9D-05 1.2D-04    1    0 2.50D+03 6.57D-02 6.57D-02 3.541D+02     1.10
       72 1.0D-01 -2.902D+06  2.398D-14 2.7D-05 1.2D-04    2    0 8.51D+02 9.04D-02 9.04D-02 3.585D+02     1.25
       73 1.0D-01 -2.949D+06  2.398D-14 5.5D-05 1.2D-04    1    0 2.72D+03 8.48D-02 8.48D-02 3.621D+02     1.09
       74 1.0D-01 -2.971D+06  2.487D-14 8.8D-05 1.2D-04    2    0 9.07D+02 1.11D-01 1.11D-01 3.652D+02     1.26
       75 1.0D-01 -3.003D+06  2.398D-14 1.0D-04 1.2D-04    1    0 2.84D+03 5.74D-02 5.74D-02 3.593D+02     1.16
       76 1.0D-01 -3.024D+06  2.398D-14 1.3D-04 1.2D-04    2    0 9.37D+02 1.10D-01 1.10D-01 3.557D+02     1.35
       77 1.0D-01 -3.072D+06  2.398D-14 1.4D-04 1.2D-04    1    0 2.96D+03 8.68D-02 8.68D-02 3.524D+02     1.13
       78 1.0D-01 -3.080D+06  2.398D-14 1.3D-05 1.2D-04    2    0 9.74D+02 3.82D-02 3.82D-02 3.428D+02     1.27
       79 1.0D-01 -3.108D+06  2.398D-14 3.5D-05 1.2D-04    1    0 3.15D+03 5.00D-02 5.00D-02 3.399D+02     1.15
       80 1.0D-01 -3.124D+06  2.398D-14 8.0D-06 1.2D-04    2    0 1.03D+03 8.19D-02 8.19D-02 3.388D+02     1.30

    inner barrier   scaled     scaled     min     min    NW   SE     dx      alpha    alpha    inner   time (s)
     ite   param   obj func     feas      x-l     u-x   pert pert   norm      max             opt err 
       81 1.0D-01 -3.152D+06  2.398D-14 2.6D-05 1.2D-04    1    0 3.38D+03 4.89D-02 4.89D-02 4.075D+02     1.23
       82 1.0D-01 -3.159D+06  2.309D-14 1.1D-05 1.2D-04    2    0 1.05D+03 3.81D-02 3.81D-02 3.141D+02     1.43
       83 1.0D-01 -3.177D+06  2.309D-14 2.3D-05 1.2D-04    1    0 3.62D+03 3.28D-02 3.28D-02 4.022D+02     1.12
       84 1.0D-01 -3.180D+06  2.309D-14 2.8D-05 1.2D-04    2    0 1.10D+03 1.37D-02 1.37D-02 3.142D+02     1.31
       85 1.0D-01 -3.219D+06  2.309D-14 5.3D-05 1.2D-04    1    0 3.80D+03 7.23D-02 7.23D-02 4.805D+02     1.14
       86 1.0D-01 -3.249D+06  2.309D-14 1.1D-05 1.2D-04    2    0 1.14D+03 1.59D-01 1.59D-01 3.051D+02     1.29
       87 1.0D-01 -3.259D+06  2.309D-14 1.9D-05 1.2D-04    1    0 5.18D+03 1.53D-02 1.53D-02 7.646D+02     1.18
       88 1.0D-01 -3.261D+06  2.309D-14 2.5D-05 1.2D-04    2    0 1.24D+03 1.24D-02 1.24D-02 2.860D+02     1.36
       89 1.0D-01 -3.269D+06  2.398D-14 2.9D-05 1.2D-04    1    0 6.29D+03 9.90D-03 9.90D-03 7.576D+02     1.15
       90 1.0D-01 -3.280D+06  2.309D-14 5.9D-06 1.2D-04    2    0 1.31D+03 5.74D-02 5.74D-02 2.476D+02     1.35

    inner barrier   scaled     scaled     min     min    NW   SE     dx      alpha    alpha    inner   time (s)
     ite   param   obj func     feas      x-l     u-x   pert pert   norm      max             opt err 
       91 1.0D-01 -3.314D+06  2.309D-14 1.3D-04 1.1D-04    2    0 5.28D+02 3.70D-01 3.70D-01 2.573D+02     1.30
       92 1.0D-01 -3.328D+06  2.309D-14 1.3D-04 1.1D-04    1    0 1.44D+03 6.79D-02 6.79D-02 2.624D+02     1.12
       93 1.0D-01 -3.358D+06  2.309D-14 1.3D-04 1.1D-04    2    0 5.27D+02 3.53D-01 3.53D-01 2.714D+02     1.34
       94 1.0D-01 -3.372D+06  2.309D-14 1.3D-04 1.1D-04    1    0 1.50D+03 6.88D-02 6.88D-02 2.774D+02     1.11
       95 1.0D-01 -3.384D+06  2.309D-14 1.3D-05 1.1D-04    2    0 5.15D+02 1.67D-01 1.67D-01 2.824D+02     1.36
       96 1.0D-01 -3.414D+06  2.309D-14 6.9D-05 1.1D-04    1    0 1.62D+03 1.47D-01 1.47D-01 3.031D+02     1.11
       97 1.0D-01 -3.417D+06  2.309D-14 8.1D-05 1.1D-04    2    0 5.35D+02 3.87D-02 3.87D-02 2.950D+02     1.35
       98 1.0D-01 -3.430D+06  2.398D-14 9.7D-05 1.1D-04    1    0 1.82D+03 6.10D-02 6.10D-02 2.606D+02     1.15
       99 1.0D-01 -3.443D+06  2.398D-14 8.1D-06 1.1D-04    2    0 5.55D+02 1.86D-01 1.86D-01 2.613D+02     1.35
      100 1.0D-01 -3.460D+06  2.398D-14 3.1D-05 1.1D-04    1    0 2.18D+03 6.47D-02 6.47D-02 2.841D+02     1.18

    inner barrier   scaled     scaled     min     min    NW   SE     dx      alpha    alpha    inner   time (s)
     ite   param   obj func     feas      x-l     u-x   pert pert   norm      max             opt err 
      101 1.0D-01 -3.462D+06  2.398D-14 1.6D-05 1.1D-04    2    0 6.17D+02 3.20D-02 3.20D-02 2.586D+02     1.29
      102 1.0D-01 -3.493D+06  2.398D-14 6.5D-05 1.1D-04    1    0 2.84D+03 8.27D-02 8.27D-02 3.577D+02     1.20
      103 1.0D-01 -3.504D+06  2.309D-14 9.6D-05 1.1D-04    2    0 7.23D+02 1.15D-01 1.15D-01 2.707D+02     1.37
      104 1.0D-01 -3.523D+06  2.309D-14 1.0D-04 1.1D-04    1    0 3.97D+03 3.32D-02 3.32D-02 4.136D+02     1.18
      105 1.0D-01 -3.534D+06  2.398D-14 1.1D-04 1.1D-04    2    0 8.01D+02 9.34D-02 9.34D-02 2.551D+02     1.37
      106 1.0D-01 -3.551D+06  2.398D-14 1.3D-04 1.1D-04    1    0 5.10D+03 2.33D-02 2.33D-02 6.333D+02     1.13
      107 1.0D-01 -3.560D+06  2.487D-14 4.3D-05 1.1D-04    2    0 8.37D+02 8.37D-02 8.37D-02 2.405D+02     1.39
      108 1.0D-01 -3.568D+06  2.398D-14 1.2D-04 1.1D-04    1    0 6.52D+03 9.99D-03 9.99D-03 8.232D+02     1.00
      109 1.0D-01 -3.576D+06  2.398D-14 1.4D-04 1.1D-04    2    0 8.96D+02 6.54D-02 6.54D-02 2.342D+02     1.42
      110 1.0D-01 -3.590D+06  2.487D-14 6.7D-05 1.1D-04    2    0 3.32D+02 3.05D-01 3.05D-01 2.440D+02     1.31

    inner barrier   scaled     scaled     min     min    NW   SE     dx      alpha    alpha    inner   time (s)
     ite   param   obj func     feas      x-l     u-x   pert pert   norm      max             opt err 
      111 1.0D-01 -3.607D+06  2.487D-14 1.4D-04 1.1D-04    1    0 1.02D+03 1.18D-01 1.18D-01 2.525D+02     1.14
      112 1.0D-01 -3.624D+06  2.487D-14 1.4D-04 1.1D-04    2    0 3.51D+02 3.47D-01 3.47D-01 2.634D+02     1.35
      113 1.0D-01 -3.643D+06  2.487D-14 1.4D-04 1.1D-04    1    0 1.13D+03 1.28D-01 1.28D-01 2.639D+02     1.16
      114 1.0D-01 -3.651D+06  2.487D-14 1.4D-04 1.1D-04    2    0 3.60D+02 1.54D-01 1.54D-01 2.633D+02     1.31
      115 1.0D-01 -3.664D+06  2.487D-14 1.4D-04 1.1D-04    1    0 1.13D+03 9.54D-02 9.54D-02 2.446D+02     1.20
      116 1.0D-01 -3.671D+06  2.487D-14 1.4D-04 1.1D-04    2    0 3.49D+02 1.80D-01 1.80D-01 2.486D+02     1.32
      117 1.0D-01 -3.682D+06  2.487D-14 1.4D-04 1.1D-04    1    0 1.22D+03 7.84D-02 7.84D-02 2.665D+02     1.52
      118 1.0D-01 -3.687D+06  2.487D-14 1.3D-04 1.1D-04    2    0 3.58D+02 1.46D-01 1.46D-01 2.575D+02     1.34
      119 1.0D-01 -3.693D+06  2.487D-14 1.4D-04 1.1D-04    1    0 1.32D+03 4.73D-02 4.73D-02 2.566D+02     1.12
      120 1.0D-01 -3.700D+06  2.487D-14 1.3D-04 1.1D-04    2    0 3.58D+02 1.99D-01 1.99D-01 2.635D+02     1.31

    inner barrier   scaled     scaled     min     min    NW   SE     dx      alpha    alpha    inner   time (s)
     ite   param   obj func     feas      x-l     u-x   pert pert   norm      max             opt err 
      121 1.0D-01 -3.706D+06  2.487D-14 1.3D-04 1.1D-04    1    0 1.42D+03 5.06D-02 5.06D-02 2.684D+02     0.85
      122 1.0D-01 -3.714D+06  2.487D-14 1.3D-04 1.1D-04    2    0 3.86D+02 2.47D-01 2.47D-01 2.739D+02     1.28
      123 1.0D-01 -3.721D+06  2.487D-14 1.3D-04 1.1D-04    1    0 1.89D+03 4.79D-02 4.79D-02 2.362D+02     1.10
      124 1.0D-01 -3.724D+06  2.487D-14 1.3D-04 1.1D-04    2    0 4.36D+02 8.91D-02 8.91D-02 2.208D+02     1.40
      125 1.0D-01 -3.732D+06  2.576D-14 1.3D-04 1.1D-04    1    0 2.70D+03 3.67D-02 3.67D-02 2.555D+02     1.19
      126 1.0D-01 -3.738D+06  2.487D-14 1.3D-04 1.1D-04    2    0 5.13D+02 1.66D-01 1.66D-01 2.238D+02     1.34
      127 1.0D-01 -3.745D+06  2.576D-14 1.3D-04 1.1D-04    2    0 1.82D+02 3.93D-01 3.93D-01 2.299D+02     1.37
      128 1.0D-01 -3.754D+06  2.665D-14 1.3D-04 1.1D-04    1    0 6.11D+02 1.94D-01 1.94D-01 2.246D+02     1.14
      129 1.0D-01 -3.757D+06  2.665D-14 1.3D-04 1.1D-04    2    0 2.07D+02 1.76D-01 1.76D-01 2.093D+02     1.33
      130 1.0D-01 -3.764D+06  2.665D-14 1.4D-04 1.1D-04    1    0 7.26D+02 9.85D-02 9.85D-02 2.177D+02     1.16

    inner barrier   scaled     scaled     min     min    NW   SE     dx      alpha    alpha    inner   time (s)
     ite   param   obj func     feas      x-l     u-x   pert pert   norm      max             opt err 
      131 1.0D-01 -3.770D+06  2.665D-14 1.4D-04 1.1D-04    2    0 2.36D+02 3.26D-01 3.26D-01 2.230D+02     1.31
      132 1.0D-01 -3.774D+06  2.665D-14 1.4D-04 1.1D-04    1    0 8.81D+02 4.57D-02 4.57D-02 1.947D+02     1.19
      133 1.0D-01 -3.780D+06  2.665D-14 1.4D-04 1.1D-04    2    0 2.69D+02 2.52D-01 2.52D-01 2.035D+02     1.37
      134 1.0D-01 -3.791D+06  2.665D-14 1.3D-04 1.1D-04    1    0 1.06D+03 1.16D-01 1.16D-01 2.216D+02     1.02
      135 1.0D-01 -3.794D+06  2.665D-14 1.3D-04 1.1D-04    2    0 3.23D+02 9.36D-02 9.36D-02 2.164D+02     1.40
      136 1.0D-01 -3.802D+06  2.665D-14 1.3D-04 1.1D-04    1    0 1.34D+03 5.79D-02 5.79D-02 1.999D+02     1.18
      137 1.0D-01 -3.809D+06  2.665D-14 1.3D-04 1.1D-04    2    0 3.75D+02 1.82D-01 1.82D-01 2.042D+02     1.37
      138 1.0D-01 -3.823D+06  2.665D-14 1.3D-04 1.1D-04    1    0 1.70D+03 7.59D-02 7.59D-02 2.057D+02     1.37
      139 1.0D-01 -3.832D+06  2.665D-14 1.3D-04 1.1D-04    2    0 4.39D+02 1.76D-01 1.76D-01 2.155D+02     1.27
      140 1.0D-01 -3.843D+06  2.665D-14 1.3D-04 1.1D-04    1    0 2.04D+03 5.28D-02 5.28D-02 2.086D+02     1.18

    inner barrier   scaled     scaled     min     min    NW   SE     dx      alpha    alpha    inner   time (s)
     ite   param   obj func     feas      x-l     u-x   pert pert   norm      max             opt err 
      141 1.0D-01 -3.850D+06  2.576D-14 1.3D-04 8.9D-05    2    0 4.57D+02 1.31D-01 1.31D-01 2.128D+02     1.38
      142 1.0D-01 -3.859D+06  2.576D-14 1.3D-04 9.9D-05    1    0 2.42D+03 3.93D-02 3.93D-02 1.882D+02     1.14
      143 1.0D-01 -3.868D+06  2.576D-14 1.3D-04 1.1D-04    2    0 4.91D+02 1.76D-01 1.76D-01 1.993D+02     1.35
      144 1.0D-01 -3.876D+06  2.576D-14 1.3D-04 1.1D-04    1    0 3.86D+03 2.06D-02 2.06D-02 6.205D+02     1.12
      145 1.0D-01 -3.887D+06  2.576D-14 1.3D-04 1.1D-04    2    0 5.80D+02 1.79D-01 1.79D-01 2.176D+02     1.40
      146 1.0D-01 -3.892D+06  2.576D-14 1.3D-04 5.1D-05    2    0 2.00D+02 2.63D-01 2.63D-01 2.117D+02     1.37
      147 1.0D-01 -3.904D+06  2.487D-14 1.3D-04 1.1D-04    1    0 6.64D+02 1.58D-01 1.58D-01 2.204D+02     1.11
      148 1.0D-01 -3.910D+06  2.487D-14 1.3D-04 1.1D-04    2    0 2.22D+02 2.84D-01 2.84D-01 2.194D+02     1.30
      149 1.0D-01 -3.918D+06  2.487D-14 1.3D-04 1.1D-04    1    0 7.38D+02 8.88D-02 8.88D-02 2.244D+02     1.15
      150 1.0D-01 -3.922D+06  2.487D-14 1.3D-04 1.1D-04    2    0 2.38D+02 1.79D-01 1.79D-01 2.075D+02     1.31

    inner barrier   scaled     scaled     min     min    NW   SE     dx      alpha    alpha    inner   time (s)
     ite   param   obj func     feas      x-l     u-x   pert pert   norm      max             opt err 
      151 1.0D-01 -3.929D+06  2.487D-14 1.3D-04 1.1D-04    1    0 8.11D+02 8.35D-02 8.35D-02 1.981D+02     1.20
      152 1.0D-01 -3.934D+06  2.487D-14 1.3D-04 1.1D-04    2    0 2.53D+02 1.76D-01 1.76D-01 2.017D+02     1.39
      153 1.0D-01 -3.942D+06  2.487D-14 1.3D-04 1.1D-04    1    0 8.97D+02 8.27D-02 8.27D-02 1.979D+02     0.87
      154 1.0D-01 -3.947D+06  2.487D-14 1.3D-04 1.1D-04    2    0 2.72D+02 1.87D-01 1.87D-01 1.975D+02     1.44
      155 1.0D-01 -3.954D+06  2.576D-14 1.3D-04 1.1D-04    1    0 1.00D+03 6.59D-02 6.59D-02 1.924D+02     1.15
      156 1.0D-01 -3.960D+06  2.576D-14 1.3D-04 1.1D-04    2    0 2.89D+02 1.92D-01 1.92D-01 1.959D+02     1.36
      157 1.0D-01 -3.967D+06  2.576D-14 1.3D-04 1.1D-04    1    0 1.14D+03 6.15D-02 6.15D-02 1.904D+02     1.16
      158 1.0D-01 -3.971D+06  2.576D-14 1.3D-04 1.1D-04    2    0 3.09D+02 1.46D-01 1.46D-01 1.912D+02     1.35
      159 1.0D-01 -3.980D+06  2.576D-14 1.3D-04 1.1D-04    1    0 1.24D+03 6.91D-02 6.91D-02 1.981D+02     1.17
      160 1.0D-01 -3.986D+06  2.576D-14 1.3D-04 1.1D-04    2    0 3.34D+02 1.82D-01 1.82D-01 1.975D+02     1.24

    inner barrier   scaled     scaled     min     min    NW   SE     dx      alpha    alpha    inner   time (s)
     ite   param   obj func     feas      x-l     u-x   pert pert   norm      max             opt err 
      161 1.0D-01 -3.991D+06  2.576D-14 1.3D-04 1.1D-04    1    0 1.40D+03 3.64D-02 3.64D-02 1.835D+02     1.19
      162 1.0D-01 -3.996D+06  2.576D-14 1.3D-04 1.1D-04    2    0 3.40D+02 1.46D-01 1.46D-01 1.723D+02     1.38
      163 1.0D-01 -3.996D+06  2.665D-14 1.3D-04 1.1D-04    1    0 6.75D+03 1.02D-03 1.02D-03 3.349D+03     1.15
      164 1.0D-01 -3.998D+06  2.576D-14 1.3D-04 1.1D-04    2    0 3.73D+02 4.22D-02 4.22D-02 1.685D+02     1.38
      165 1.0D-01 -4.006D+06  2.665D-14 1.3D-04 1.1D-04    2    0 1.33D+02 6.56D-01 6.56D-01 1.794D+02     1.29
      166 1.0D-01 -4.011D+06  2.665D-14 1.3D-04 1.1D-04    1    0 3.90D+02 1.46D-01 1.46D-01 1.839D+02     1.16
      167 1.0D-01 -4.014D+06  2.665D-14 1.3D-04 1.1D-04    2    0 1.31D+02 2.34D-01 2.34D-01 1.876D+02     1.38
      168 1.0D-01 -4.017D+06  2.576D-14 1.3D-04 1.1D-04    1    0 3.91D+02 9.59D-02 9.59D-02 1.866D+02     1.22
      169 1.0D-01 -4.019D+06  2.576D-14 1.3D-04 1.1D-04    2    0 1.33D+02 1.76D-01 1.76D-01 1.792D+02     1.33
      170 1.0D-01 -4.023D+06  2.576D-14 1.3D-04 1.1D-04    1    0 4.08D+02 1.17D-01 1.17D-01 1.811D+02     1.16

    inner barrier   scaled     scaled     min     min    NW   SE     dx      alpha    alpha    inner   time (s)
     ite   param   obj func     feas      x-l     u-x   pert pert   norm      max             opt err 
      171 1.0D-01 -4.025D+06  2.665D-14 1.3D-04 1.1D-04    2    0 1.39D+02 1.79D-01 1.79D-01 1.787D+02     1.39
      172 1.0D-01 -4.027D+06  2.665D-14 1.3D-04 1.1D-04    1    0 4.48D+02 7.30D-02 7.30D-02 1.692D+02     0.96
      173 1.0D-01 -4.029D+06  2.665D-14 1.3D-04 1.1D-04    2    0 1.47D+02 1.65D-01 1.65D-01 1.654D+02     1.39
      174 1.0D-01 -4.033D+06  2.665D-14 1.4D-04 1.1D-04    1    0 4.85D+02 1.33D-01 1.33D-01 1.635D+02     1.18
      175 1.0D-01 -4.034D+06  2.576D-14 1.4D-04 1.0D-04    2    0 1.57D+02 1.11D-01 1.11D-01 1.635D+02     1.33
      176 1.0D-01 -4.036D+06  2.576D-14 1.4D-04 1.1D-04    1    0 5.29D+02 6.29D-02 6.29D-02 1.651D+02     1.20
      177 1.0D-01 -4.038D+06  2.665D-14 1.4D-04 1.1D-04    2    0 1.66D+02 2.02D-01 2.02D-01 1.670D+02     1.36
      178 1.0D-01 -4.041D+06  2.576D-14 1.4D-04 1.1D-04    1    0 6.04D+02 6.72D-02 6.72D-02 1.629D+02     1.20
      179 1.0D-01 -4.043D+06  2.576D-14 1.4D-04 1.1D-04    2    0 1.80D+02 1.93D-01 1.93D-01 1.581D+02     1.36
      180 1.0D-01 -4.046D+06  2.665D-14 1.4D-04 1.1D-04    1    0 7.38D+02 4.93D-02 4.93D-02 1.590D+02     1.21

    inner barrier   scaled     scaled     min     min    NW   SE     dx      alpha    alpha    inner   time (s)
     ite   param   obj func     feas      x-l     u-x   pert pert   norm      max             opt err 
      181 1.0D-01 -4.047D+06  2.576D-14 1.4D-04 1.1D-04    2    0 1.92D+02 1.38D-01 1.38D-01 1.492D+02     1.34
      182 1.0D-01 -4.051D+06  2.576D-14 1.4D-04 1.1D-04    1    0 8.76D+02 6.14D-02 6.14D-02 3.011D+02     1.19
      183 1.0D-01 -4.052D+06  2.576D-14 1.4D-04 1.1D-04    2    0 2.06D+02 8.87D-02 8.87D-02 1.934D+02     1.41
      184 1.0D-01 -4.052D+06  2.665D-14 1.4D-04 1.1D-04    1    0 1.74D+03 4.83D-03 4.83D-03 6.552D+02     1.17
      185 1.0D-01 -4.055D+06  2.665D-14 1.4D-04 1.1D-04    2    0 2.23D+02 2.20D-01 2.20D-01 1.622D+02     1.35
      186 1.0D-01 -4.057D+06  2.665D-14 1.4D-04 6.2D-05    2    0 7.99D+01 4.13D-01 4.13D-01 1.608D+02     1.11
      187 1.0D-01 -4.059D+06  2.665D-14 1.4D-04 1.1D-04    1    0 2.41D+02 1.69D-01 1.69D-01 1.589D+02     1.26
      188 1.0D-01 -4.061D+06  2.665D-14 1.4D-04 1.1D-04    2    0 8.70D+01 3.47D-01 3.47D-01 1.677D+02     1.37
      189 1.0D-01 -4.061D+06  2.665D-14 1.4D-04 3.9D-05    1    0 2.67D+02 4.14D-02 4.14D-02 1.693D+02     1.13
      190 1.0D-01 -4.062D+06  2.665D-14 1.4D-04 1.1D-04    2    0 9.28D+01 2.02D-01 2.02D-01 1.723D+02     1.33

    inner barrier   scaled     scaled     min     min    NW   SE     dx      alpha    alpha    inner   time (s)
     ite   param   obj func     feas      x-l     u-x   pert pert   norm      max             opt err 
      191 1.0D-01 -4.064D+06  2.665D-14 1.4D-04 1.1D-04    1    0 2.93D+02 1.20D-01 1.20D-01 1.701D+02     1.17
      192 1.0D-01 -4.065D+06  2.665D-14 1.4D-04 1.1D-04    2    0 9.80D+01 1.16D-01 1.16D-01 1.531D+02     1.43
      193 1.0D-01 -4.066D+06  2.665D-14 1.4D-04 1.1D-04    1    0 3.10D+02 9.73D-02 9.73D-02 1.504D+02     1.04
      194 1.0D-01 -4.068D+06  2.665D-14 1.4D-04 4.1D-05    2    0 1.05D+02 2.91D-01 2.91D-01 1.469D+02     1.48
      195 1.0D-01 -4.069D+06  2.665D-14 1.4D-04 8.9D-05    1    0 3.46D+02 6.76D-02 6.76D-02 1.512D+02     1.15
      196 1.0D-01 -4.070D+06  2.665D-14 1.4D-04 1.1D-04    2    0 1.12D+02 1.95D-01 1.95D-01 1.560D+02     1.36
      197 1.0D-01 -4.072D+06  2.665D-14 1.4D-04 1.1D-04    1    0 4.11D+02 1.11D-01 1.11D-01 1.658D+02     1.05
      198 1.0D-01 -4.073D+06  2.665D-14 1.4D-04 1.1D-04    2    0 1.23D+02 7.61D-02 7.61D-02 1.582D+02     1.50
      199 1.0D-01 -4.074D+06  2.665D-14 1.4D-04 1.1D-04    1    0 5.04D+02 3.92D-02 3.92D-02 1.730D+02     0.83
      200 1.0D-01 -4.074D+06  2.665D-14 1.4D-04 9.5D-05    2    0 1.28D+02 6.11D-02 6.11D-02 1.438D+02     1.43

    inner barrier   scaled     scaled     min     min    NW   SE     dx      alpha    alpha    inner   time (s)
     ite   param   obj func     feas      x-l     u-x   pert pert   norm      max             opt err 
      201 1.0D-01 -4.075D+06  2.665D-14 1.4D-04 1.1D-04    1    0 6.37D+02 3.84D-02 3.84D-02 1.467D+02     1.14


     1 2.0D-02 -3.271186D+09 -4.075278D+06 1.467D+02   201M

    inner barrier   scaled     scaled     min     min    NW   SE     dx      alpha    alpha    inner   time (s)
     ite   param   obj func     feas      x-l     u-x   pert pert   norm      max             opt err 
        1 2.0D-02 -4.076D+06  2.665D-14 1.4D-04 1.0D-04    2    0 1.54D+02 5.10D-02 5.10D-02 1.455D+02     1.46
        2 2.0D-02 -4.078D+06  2.665D-14 1.4D-04 1.0D-04    1    0 1.04D+04 3.17D-03 3.17D-03 5.447D+03     1.19
        3 2.0D-02 -4.078D+06  2.665D-14 1.4D-04 1.0D-04    2    0 1.89D+02 1.12D-02 1.12D-02 1.439D+02     1.40
        4 2.0D-02 -4.078D+06  2.665D-14 1.3D-04 3.9D-06    2    0 7.22D+01 5.50D-02 5.50D-02 1.449D+02     1.37
        5 2.0D-02 -4.080D+06  2.665D-14 1.1D-04 2.5D-05    1    0 2.01D+02 1.63D-01 1.63D-01 1.566D+02     1.16
        6 2.0D-02 -4.080D+06  2.665D-14 1.1D-04 2.8D-05    2    0 7.53D+01 2.64D-02 2.64D-02 1.384D+02     1.44
        7 2.0D-02 -4.081D+06  2.665D-14 1.0D-04 3.8D-05    1    0 2.11D+02 1.18D-01 1.18D-01 1.422D+02     1.17
        8 2.0D-02 -4.081D+06  2.665D-14 9.8D-05 4.2D-05    2    0 7.87D+01 5.23D-02 5.23D-02 1.414D+02     1.37
        9 2.0D-02 -4.082D+06  2.665D-14 9.1D-05 4.9D-05    1    0 2.26D+02 9.66D-02 9.66D-02 1.312D+02     1.05
       10 2.0D-02 -4.083D+06  2.665D-14 8.2D-05 3.8D-05    2    0 8.42D+01 1.54D-01 1.54D-01 1.338D+02     1.28

    inner barrier   scaled     scaled     min     min    NW   SE     dx      alpha    alpha    inner   time (s)
     ite   param   obj func     feas      x-l     u-x   pert pert   norm      max             opt err 
       11 2.0D-02 -4.085D+06  2.665D-14 7.2D-05 5.6D-05    1    0 2.55D+02 1.98D-01 1.98D-01 1.573D+02     0.88
       12 2.0D-02 -4.085D+06  2.665D-14 7.1D-05 5.6D-05    2    0 9.18D+01 1.34D-02 1.34D-02 1.461D+02     1.48
       13 2.0D-02 -4.086D+06  2.665D-14 6.8D-05 5.3D-05    1    0 2.83D+02 7.90D-02 7.90D-02 1.522D+02     1.07
       14 2.0D-02 -4.087D+06  2.665D-14 6.3D-05 5.0D-05    2    0 9.89D+01 1.20D-01 1.20D-01 1.550D+02     1.36
       15 2.0D-02 -4.087D+06  2.665D-14 5.7D-05 4.5D-05    2    0 3.87D+01 1.69D-01 1.69D-01 1.565D+02     1.25
       16 2.0D-02 -4.088D+06  2.665D-14 5.0D-05 4.0D-05    1    0 1.08D+02 2.43D-01 2.43D-01 1.631D+02     1.22
       17 2.0D-02 -4.088D+06  2.665D-14 4.8D-06 3.9D-05    2    0 4.10D+01 4.86D-02 4.86D-02 1.636D+02     1.40
       18 2.0D-02 -4.089D+06  2.665D-14 3.2D-05 3.7D-05    1    0 1.18D+02 9.99D-02 9.99D-02 1.652D+02     1.21
       19 2.0D-02 -4.089D+06  2.665D-14 4.3D-05 3.4D-05    2    0 4.42D+01 2.24D-01 2.24D-01 1.659D+02     1.56
       20 2.0D-02 -4.090D+06  2.665D-14 4.1D-05 3.3D-05    1    0 1.32D+02 1.27D-01 1.27D-01 1.696D+02     1.02

    inner barrier   scaled     scaled     min     min    NW   SE     dx      alpha    alpha    inner   time (s)
     ite   param   obj func     feas      x-l     u-x   pert pert   norm      max             opt err 
       21 2.0D-02 -4.090D+06  2.665D-14 4.1D-05 3.2D-05    2    0 4.70D+01 3.20D-02 3.20D-02 1.699D+02     1.34
       22 2.0D-02 -4.091D+06  2.665D-14 3.9D-05 3.1D-05    1    0 1.37D+02 1.51D-01 1.51D-01 1.750D+02     1.13
       23 2.0D-02 -4.091D+06  2.665D-14 3.9D-05 3.0D-05    2    0 5.00D+01 4.55D-02 4.55D-02 1.621D+02     1.48
       24 2.0D-02 -4.091D+06  2.665D-14 3.8D-05 3.0D-05    1    0 1.46D+02 9.14D-02 9.14D-02 1.532D+02     0.72
       25 2.0D-02 -4.092D+06  2.665D-14 3.7D-05 2.9D-05    2    0 5.22D+01 1.32D-01 1.32D-01 1.552D+02     1.36
       26 2.0D-02 -4.092D+06  2.665D-14 3.5D-05 2.8D-05    1    0 1.60D+02 1.36D-01 1.36D-01 1.625D+02     1.19
       27 2.0D-02 -4.092D+06  2.665D-14 3.5D-05 2.8D-05    2    0 5.68D+01 3.51D-02 3.51D-02 1.627D+02     1.52
       28 2.0D-02 -4.093D+06  2.665D-14 3.5D-05 2.8D-05    1    0 1.75D+02 5.33D-02 5.33D-02 1.633D+02     1.15
       29 2.0D-02 -4.094D+06  2.665D-14 3.1D-05 2.5D-05    2    0 6.19D+01 5.01D-01 5.01D-01 1.656D+02     1.49
       30 2.0D-02 -4.094D+06  2.665D-14 3.1D-05 2.5D-05    1    0 1.97D+02 7.40D-02 7.40D-02 1.623D+02     1.18

    inner barrier   scaled     scaled     min     min    NW   SE     dx      alpha    alpha    inner   time (s)
     ite   param   obj func     feas      x-l     u-x   pert pert   norm      max             opt err 
       31 2.0D-02 -4.094D+06  2.665D-14 3.1D-05 2.5D-05    2    0 6.73D+01 3.15D-02 3.15D-02 1.027D+02     1.35
       32 2.0D-02 -4.095D+06  2.665D-14 3.0D-05 2.5D-05    1    0 2.27D+02 1.19D-01 1.19D-01 1.010D+02     1.11
       33 2.0D-02 -4.095D+06  2.665D-14 3.0D-05 2.5D-05    2    0 7.54D+01 3.95D-02 3.95D-02 1.008D+02     1.35
       34 2.0D-02 -4.095D+06  2.665D-14 3.0D-05 2.4D-05    1    0 2.80D+02 8.55D-02 8.55D-02 9.946D+01     1.18
       35 2.0D-02 -4.096D+06  2.665D-14 3.0D-05 2.4D-05    2    0 8.66D+01 8.08D-02 8.08D-02 9.891D+01     1.50
       36 2.0D-02 -4.098D+06  2.665D-14 3.0D-05 2.4D-05    1    0 5.31D+02 9.73D-02 9.73D-02 5.251D+02     1.22
       37 2.0D-02 -4.098D+06  2.665D-14 3.0D-05 2.4D-05    2    0 1.14D+02 1.32D-02 1.32D-02 1.819D+02     1.44
       38 2.0D-02 -4.098D+06  2.665D-14 3.0D-05 5.4D-06    1    0 5.29D+02 3.94D-03 3.94D-03 1.829D+02     1.64
       39 2.0D-02 -4.100D+06  2.665D-14 2.9D-05 2.4D-05    2    0 1.24D+02 3.51D-01 3.51D-01 2.020D+02     1.43
       40 2.0D-02 -4.100D+06  2.576D-14 2.9D-05 2.4D-05    2    0 4.49D+01 7.79D-02 7.79D-02 1.934D+02     1.34

    inner barrier   scaled     scaled     min     min    NW   SE     dx      alpha    alpha    inner   time (s)
     ite   param   obj func     feas      x-l     u-x   pert pert   norm      max             opt err 
       41 2.0D-02 -4.100D+06  2.665D-14 2.9D-05 1.1D-05    1    0 1.40D+02 4.87D-02 4.87D-02 1.489D+02     1.07
       42 2.0D-02 -4.101D+06  2.576D-14 2.8D-05 2.3D-05    2    0 4.91D+01 4.78D-01 4.78D-01 1.481D+02     1.43
       43 2.0D-02 -4.101D+06  2.665D-14 2.8D-05 2.3D-05    1    0 1.62D+02 8.00D-02 8.00D-02 1.478D+02     2.14
       44 2.0D-02 -4.102D+06  2.665D-14 2.8D-05 2.3D-05    2    0 5.58D+01 2.40D-01 2.40D-01 1.474D+02     1.31
       45 2.0D-02 -4.102D+06  2.576D-14 2.8D-05 2.3D-05    1    0 1.95D+02 6.07D-02 6.07D-02 1.472D+02     0.76
       46 2.0D-02 -4.103D+06  2.665D-14 2.8D-05 2.2D-05    2    0 6.34D+01 1.05D-01 1.05D-01 1.470D+02     1.50
       47 2.0D-02 -4.104D+06  2.665D-14 2.8D-05 2.3D-05    1    0 2.30D+02 1.26D-01 1.26D-01 1.465D+02     1.17
       48 2.0D-02 -4.104D+06  2.665D-14 2.8D-05 2.3D-05    2    0 7.38D+01 1.31D-02 1.31D-02 1.464D+02     1.53
       49 2.0D-02 -4.104D+06  2.665D-14 2.8D-05 2.3D-05    1    0 2.75D+02 4.66D-02 4.66D-02 1.461D+02     1.19
       50 2.0D-02 -4.105D+06  2.576D-14 2.8D-05 2.3D-05    2    0 8.10D+01 9.55D-02 9.55D-02 1.458D+02     1.49

    inner barrier   scaled     scaled     min     min    NW   SE     dx      alpha    alpha    inner   time (s)
     ite   param   obj func     feas      x-l     u-x   pert pert   norm      max             opt err 
       51 2.0D-02 -4.106D+06  2.665D-14 2.8D-05 2.3D-05    1    0 3.05D+02 9.75D-02 9.75D-02 1.451D+02     1.18
       52 2.0D-02 -4.106D+06  2.665D-14 2.8D-05 2.3D-05    2    0 9.19D+01 6.13D-02 6.13D-02 1.416D+02     1.52
       53 2.0D-02 -4.107D+06  2.665D-14 2.8D-05 2.3D-05    1    0 4.34D+02 5.59D-02 5.59D-02 1.352D+02     1.21
       54 2.0D-02 -4.107D+06  2.665D-14 2.8D-05 1.8D-05    2    0 1.07D+02 1.01D-01 1.01D-01 1.350D+02     1.46
       55 2.0D-02 -4.108D+06  2.665D-14 2.8D-05 2.3D-05    2    0 3.78D+01 2.49D-01 2.49D-01 1.345D+02     2.31
       56 2.0D-02 -4.108D+06  2.665D-14 2.8D-05 2.3D-05    1    0 1.23D+02 9.98D-02 9.98D-02 1.291D+02     1.31
       57 2.0D-02 -4.108D+06  2.665D-14 2.8D-05 2.1D-05    2    0 4.21D+01 1.29D-01 1.29D-01 1.311D+02     2.34
       58 2.0D-02 -4.110D+06  2.665D-14 2.8D-05 2.3D-05    1    0 1.41D+02 1.93D-01 1.93D-01 1.427D+02     2.09
       59 2.0D-02 -4.110D+06  2.665D-14 2.8D-05 2.3D-05    2    0 4.83D+01 3.79D-02 3.79D-02 1.434D+02     1.46
       60 2.0D-02 -4.110D+06  2.665D-14 2.8D-05 2.3D-05    1    0 1.61D+02 6.37D-02 6.37D-02 1.483D+02     1.06

    inner barrier   scaled     scaled     min     min    NW   SE     dx      alpha    alpha    inner   time (s)
     ite   param   obj func     feas      x-l     u-x   pert pert   norm      max             opt err 
       61 2.0D-02 -4.110D+06  2.665D-14 2.8D-05 2.3D-05    2    0 5.12D+01 1.31D-01 1.31D-01 1.513D+02     1.49
       62 2.0D-02 -4.111D+06  2.665D-14 2.8D-05 2.3D-05    1    0 1.80D+02 1.34D-01 1.34D-01 1.643D+02     1.21
       63 2.0D-02 -4.112D+06  2.665D-14 2.8D-05 2.3D-05    2    0 5.86D+01 2.28D-02 2.28D-02 1.649D+02     2.42
       64 2.0D-02 -4.112D+06  2.665D-14 2.8D-05 2.3D-05    1    0 2.11D+02 5.20D-02 5.20D-02 1.707D+02     2.11
       65 2.0D-02 -4.112D+06  2.665D-14 2.8D-05 2.3D-05    2    0 6.27D+01 3.12D-02 3.12D-02 1.703D+02     2.47
       66 2.0D-02 -4.113D+06  2.665D-14 2.8D-05 2.3D-05    1    0 2.25D+02 9.54D-02 9.54D-02 1.693D+02     1.20
       67 2.0D-02 -4.113D+06  2.665D-14 2.8D-05 2.3D-05    2    0 6.82D+01 5.56D-02 5.56D-02 1.220D+02     2.45
       68 2.0D-02 -4.115D+06  2.665D-14 2.8D-05 2.3D-05    1    0 2.91D+02 1.16D-01 1.16D-01 1.773D+02     1.17
       69 2.0D-02 -4.115D+06  2.665D-14 2.8D-05 2.3D-05    2    0 8.25D+01 7.55D-03 7.55D-03 1.778D+02     1.40
       70 2.0D-02 -4.116D+06  2.665D-14 2.8D-05 9.1D-06    1    0 3.91D+02 2.46D-02 2.46D-02 1.826D+02     1.22

    inner barrier   scaled     scaled     min     min    NW   SE     dx      alpha    alpha    inner   time (s)
     ite   param   obj func     feas      x-l     u-x   pert pert   norm      max             opt err 
       71 2.0D-02 -4.117D+06  2.665D-14 2.8D-05 2.3D-05    2    0 9.21D+01 3.23D-01 3.23D-01 1.966D+02     1.47
       72 2.0D-02 -4.117D+06  2.665D-14 2.8D-05 2.3D-05    1    0 1.12D+03 5.63D-03 5.63D-03 5.717D+02     1.14
       73 2.0D-02 -4.117D+06  2.665D-14 2.8D-05 2.3D-05    2    0 1.07D+02 3.76D-02 3.76D-02 1.876D+02     1.54
       74 2.0D-02 -4.118D+06  2.665D-14 2.8D-05 2.3D-05    2    0 3.66D+01 2.45D-01 2.45D-01 1.525D+02     1.42
       75 2.0D-02 -4.119D+06  2.665D-14 2.8D-05 2.3D-05    1    0 1.14D+02 2.23D-01 2.23D-01 1.478D+02     1.20
       76 2.0D-02 -4.119D+06  2.665D-14 2.8D-05 2.3D-05    2    0 4.08D+01 1.50D-01 1.50D-01 1.476D+02     1.45
       77 2.0D-02 -4.120D+06  2.665D-14 2.8D-05 2.3D-05    1    0 1.35D+02 1.44D-01 1.44D-01 1.471D+02     1.21
       78 2.0D-02 -4.120D+06  2.665D-14 2.8D-05 2.3D-05    2    0 4.69D+01 1.71D-01 1.71D-01 1.468D+02     1.40
       79 2.0D-02 -4.121D+06  2.665D-14 2.8D-05 1.7D-05    1    0 1.59D+02 3.90D-02 3.90D-02 1.467D+02     1.23
       80 2.0D-02 -4.122D+06  2.665D-14 2.8D-05 2.3D-05    2    0 5.26D+01 5.24D-01 5.24D-01 1.458D+02     2.31

    inner barrier   scaled     scaled     min     min    NW   SE     dx      alpha    alpha    inner   time (s)
     ite   param   obj func     feas      x-l     u-x   pert pert   norm      max             opt err 
       81 2.0D-02 -4.122D+06  2.665D-14 2.8D-05 2.3D-05    1    0 1.95D+02 5.06D-02 5.06D-02 1.455D+02     1.15
       82 2.0D-02 -4.123D+06  2.665D-14 2.8D-05 2.1D-05    2    0 6.09D+01 6.89D-02 6.89D-02 1.452D+02     2.50
       83 2.0D-02 -4.124D+06  2.665D-14 2.8D-05 2.3D-05    1    0 2.34D+02 1.25D-01 1.25D-01 1.490D+02     1.23
       84 2.0D-02 -4.124D+06  2.665D-14 2.8D-05 2.3D-05    2    0 7.08D+01 1.31D-02 1.31D-02 1.479D+02     1.37
       85 2.0D-02 -4.125D+06  2.665D-14 2.8D-05 2.3D-05    1    0 2.63D+02 4.27D-02 4.27D-02 1.431D+02     2.13
       86 2.0D-02 -4.125D+06  2.665D-14 2.8D-05 2.3D-05    2    0 7.21D+01 1.28D-01 1.28D-01 1.299D+02     1.51
       87 2.0D-02 -4.126D+06  2.665D-14 2.8D-05 2.3D-05    1    0 2.73D+02 6.88D-02 6.88D-02 1.274D+02     1.23
       88 2.0D-02 -4.126D+06  2.665D-14 2.8D-05 2.3D-05    2    0 7.62D+01 7.22D-02 7.22D-02 1.292D+02     2.50
       89 2.0D-02 -4.129D+06  2.665D-14 2.8D-05 2.3D-05    1    0 4.80D+02 8.48D-02 8.48D-02 5.358D+02     1.14
       90 2.0D-02 -4.129D+06  2.665D-14 2.8D-05 2.3D-05    2    0 9.76D+01 1.30D-02 1.30D-02 1.727D+02     1.41

    inner barrier   scaled     scaled     min     min    NW   SE     dx      alpha    alpha    inner   time (s)
     ite   param   obj func     feas      x-l     u-x   pert pert   norm      max             opt err 
       91 2.0D-02 -4.129D+06  2.665D-14 2.8D-05 5.0D-06    1    0 3.91D+02 4.73D-03 4.73D-03 3.975D+02     1.95
       92 2.0D-02 -4.131D+06  2.665D-14 2.8D-05 1.9D-05    2    0 1.05D+02 4.03D-01 4.03D-01 1.952D+02     2.33
       93 2.0D-02 -4.132D+06  2.665D-14 2.8D-05 1.9D-05    1    0 5.25D+02 1.72D-02 1.72D-02 4.559D+02     2.12
       94 2.0D-02 -4.132D+06  2.665D-14 2.8D-05 2.1D-05    2    0 1.16D+02 9.62D-02 9.62D-02 1.604D+02     3.47
       95 2.0D-02 -4.133D+06  2.665D-14 2.8D-05 2.3D-05    1    0 5.88D+02 4.87D-02 4.87D-02 3.103D+02     1.14
       96 2.0D-02 -4.134D+06  2.576D-14 2.8D-05 2.3D-05    2    0 1.22D+02 1.27D-01 1.27D-01 1.452D+02     2.41
       97 2.0D-02 -4.135D+06  2.576D-14 2.8D-05 2.3D-05    2    0 4.32D+01 4.31D-01 4.31D-01 1.447D+02     2.31
       98 2.0D-02 -4.135D+06  2.665D-14 1.1D-05 2.3D-05    1    0 1.33D+02 1.18D-01 1.18D-01 1.440D+02     2.15
       99 2.0D-02 -4.136D+06  2.576D-14 2.8D-05 2.3D-05    2    0 4.61D+01 2.77D-01 2.77D-01 1.434D+02     3.45
      100 2.0D-02 -4.137D+06  2.576D-14 2.8D-05 2.3D-05    1    0 1.44D+02 1.14D-01 1.14D-01 1.403D+02     2.10

    inner barrier   scaled     scaled     min     min    NW   SE     dx      alpha    alpha    inner   time (s)
     ite   param   obj func     feas      x-l     u-x   pert pert   norm      max             opt err 
      101 2.0D-02 -4.137D+06  2.665D-14 2.8D-05 2.3D-05    2    0 4.99D+01 1.72D-01 1.72D-01 1.305D+02     2.32
      102 2.0D-02 -4.137D+06  2.665D-14 2.8D-05 2.3D-05    1    0 1.65D+02 1.11D-01 1.11D-01 1.079D+02     1.92
      103 2.0D-02 -4.138D+06  2.665D-14 2.8D-05 2.3D-05    2    0 5.47D+01 3.97D-01 3.97D-01 1.129D+02     2.43
      104 2.0D-02 -4.138D+06  2.665D-14 2.8D-05 2.3D-05    1    0 2.11D+02 9.53D-03 9.53D-03 1.134D+02     2.19
      105 2.0D-02 -4.138D+06  2.576D-14 2.8D-05 2.3D-05    2    0 6.08D+01 1.44D-01 1.44D-01 1.157D+02     1.46
      106 2.0D-02 -4.139D+06  2.576D-14 2.8D-05 2.3D-05    1    0 2.83D+02 6.56D-02 6.56D-02 1.802D+02     2.18
      107 2.0D-02 -4.139D+06  2.665D-14 2.8D-05 2.3D-05    2    0 6.76D+01 1.49D-02 1.49D-02 1.198D+02     2.49
      108 2.0D-02 -4.140D+06  2.665D-14 2.8D-05 2.3D-05    2    0 2.41D+01 7.06D-01 7.06D-01 1.246D+02     1.44
      109 2.0D-02 -4.140D+06  2.665D-14 2.8D-05 2.3D-05    1    0 7.54D+01 1.29D-01 1.29D-01 1.244D+02     1.19
      110 2.0D-02 -4.140D+06  2.576D-14 2.8D-05 2.3D-05    2    0 2.67D+01 2.25D-01 2.25D-01 1.124D+02     2.39

    inner barrier   scaled     scaled     min     min    NW   SE     dx      alpha    alpha    inner   time (s)
     ite   param   obj func     feas      x-l     u-x   pert pert   norm      max             opt err 
      111 2.0D-02 -4.141D+06  2.576D-14 2.8D-05 1.7D-05    1    0 8.26D+01 1.38D-01 1.38D-01 1.086D+02     2.10
      112 2.0D-02 -4.142D+06  2.487D-14 2.8D-05 2.3D-05    2    0 2.96D+01 1.00D+00 1.00D+00 1.190D+02     1.33
      113 2.0D-02 -4.142D+06  2.487D-14 2.8D-05 2.3D-05    1    0 1.00D+02 1.66D-01 1.66D-01 1.253D+02     1.09
      114 2.0D-02 -4.142D+06  2.487D-14 2.8D-05 2.3D-05    2    0 3.46D+01 7.65D-03 7.65D-03 1.254D+02     1.43
      115 2.0D-02 -4.143D+06  2.665D-14 2.8D-05 2.3D-05    1    0 1.10D+02 1.57D-01 1.57D-01 1.327D+02     1.19
      116 2.0D-02 -4.143D+06  2.576D-14 2.0D-05 2.3D-05    2    0 3.84D+01 2.56D-01 2.56D-01 1.367D+02     1.37
      117 2.0D-02 -4.145D+06  2.665D-14 2.9D-05 2.3D-05    1    0 1.41D+02 2.21D-01 2.21D-01 1.496D+02     1.14
      118 2.0D-02 -4.145D+06  2.576D-14 5.7D-06 2.3D-05    2    0 4.74D+01 4.52D-02 4.52D-02 1.505D+02     1.46
      119 2.0D-02 -4.145D+06  2.576D-14 2.9D-05 2.3D-05    1    0 2.13D+02 6.27D-02 6.27D-02 1.550D+02     1.18
      120 2.0D-02 -4.146D+06  2.576D-14 6.6D-06 2.3D-05    2    0 5.64D+01 1.58D-01 1.58D-01 1.583D+02     1.46

    inner barrier   scaled     scaled     min     min    NW   SE     dx      alpha    alpha    inner   time (s)
     ite   param   obj func     feas      x-l     u-x   pert pert   norm      max             opt err 
      121 2.0D-02 -4.146D+06  2.576D-14 2.9D-05 2.3D-05    1    0 3.09D+02 2.59D-02 2.59D-02 1.564D+02     1.17
      122 2.0D-02 -4.147D+06  2.665D-14 2.9D-05 2.3D-05    2    0 6.02D+01 2.47D-01 2.47D-01 1.516D+02     1.50
      123 2.0D-02 -4.148D+06  2.576D-14 2.9D-05 2.3D-05    1    0 4.25D+02 3.04D-02 3.04D-02 2.443D+02     1.17
      124 2.0D-02 -4.149D+06  2.576D-14 3.0D-05 2.3D-05    2    0 6.47D+01 1.09D-01 1.09D-01 1.569D+02     1.47
      125 2.0D-02 -4.149D+06  2.576D-14 3.0D-05 2.3D-05    1    0 2.73D+02 2.59D-02 2.59D-02 2.314D+02     0.95
      126 2.0D-02 -4.151D+06  2.487D-14 3.0D-05 2.3D-05    2    0 6.86D+01 5.00D-01 5.00D-01 1.927D+02     1.10
      127 2.0D-02 -4.151D+06  2.487D-14 3.0D-05 2.3D-05    1    0 4.18D+02 2.31D-02 2.31D-02 3.992D+02     1.09
      128 2.0D-02 -4.152D+06  2.487D-14 3.0D-05 2.3D-05    2    0 7.26D+01 6.61D-02 6.61D-02 1.462D+02     1.44
      129 2.0D-02 -4.152D+06  2.487D-14 1.1D-05 2.3D-05    2    0 2.50D+01 3.16D-01 3.16D-01 1.437D+02     2.31
      130 2.0D-02 -4.153D+06  2.487D-14 3.0D-05 2.3D-05    1    0 7.41D+01 1.91D-01 1.91D-01 1.352D+02     2.11

    inner barrier   scaled     scaled     min     min    NW   SE     dx      alpha    alpha    inner   time (s)
     ite   param   obj func     feas      x-l     u-x   pert pert   norm      max             opt err 
      131 2.0D-02 -4.153D+06  2.487D-14 3.0D-05 2.3D-05    2    0 2.49D+01 3.27D-02 3.27D-02 1.357D+02     2.50
      132 2.0D-02 -4.154D+06  2.487D-14 3.0D-05 2.3D-05    1    0 7.40D+01 4.66D-01 4.66D-01 1.588D+02     2.14
      133 2.0D-02 -4.154D+06  2.487D-14 3.0D-05 2.3D-05    2    0 2.76D+01 6.12D-01 6.12D-01 1.695D+02     2.37
      134 2.0D-02 -4.154D+06  2.487D-14 3.0D-05 2.3D-05    1    0 8.48D+01 1.85D-03 1.85D-03 1.311D+02     2.14
      135 2.0D-02 -4.155D+06  2.487D-14 3.0D-05 2.3D-05    2    0 2.92D+01 9.38D-01 9.38D-01 9.583D+01     2.41
      136 2.0D-02 -4.155D+06  2.487D-14 3.0D-05 2.3D-05    1    0 9.13D+01 2.22D-01 2.22D-01 9.204D+01     0.81
      137 2.0D-02 -4.155D+06  2.487D-14 3.0D-05 2.3D-05    2    0 3.35D+01 3.51D-01 3.51D-01 9.146D+01     3.39
      138 2.0D-02 -4.155D+06  2.487D-14 3.0D-05 2.3D-05    1    0 1.23D+02 4.86D-03 4.86D-03 9.270D+01     2.11
      139 2.0D-02 -4.155D+06  2.487D-14 3.0D-05 2.3D-05    2    0 3.71D+01 2.03D-01 2.03D-01 9.917D+01     2.44
      140 2.0D-02 -4.156D+06  2.487D-14 3.0D-05 2.3D-05    1    0 1.64D+02 6.94D-02 6.94D-02 1.355D+02     2.19

    inner barrier   scaled     scaled     min     min    NW   SE     dx      alpha    alpha    inner   time (s)
     ite   param   obj func     feas      x-l     u-x   pert pert   norm      max             opt err 
      141 2.0D-02 -4.156D+06  2.487D-14 3.0D-05 2.3D-05    2    0 4.28D+01 9.87D-03 9.87D-03 1.359D+02     3.42
      142 2.0D-02 -4.156D+06  2.487D-14 3.0D-05 2.3D-05    1    0 1.48D+02 1.60D-01 1.60D-01 1.573D+02     2.14
      143 2.0D-02 -4.157D+06  2.487D-14 3.0D-05 2.3D-05    2    0 4.85D+01 1.86D-01 1.86D-01 1.636D+02     3.39
      144 2.0D-02 -4.157D+06  2.487D-14 3.0D-05 2.3D-05    2    0 1.77D+01 6.71D-01 6.71D-01 1.714D+02     3.30
      145 2.0D-02 -4.157D+06  2.487D-14 3.0D-05 2.3D-05    1    0 5.44D+01 3.45D-03 3.45D-03 8.513D+01     2.10
      146 2.0D-02 -4.157D+06  2.487D-14 3.0D-05 2.3D-05    2    0 1.89D+01 1.00D+00 1.00D+00 6.389D+01     3.23
      147 2.0D-02 -4.158D+06  2.487D-14 3.0D-05 2.3D-05    1    0 6.07D+01 4.34D-01 4.34D-01 7.394D+01     1.18
      148 2.0D-02 -4.158D+06  2.487D-14 9.8D-06 2.3D-05    2    0 2.22D+01 2.54D-02 2.54D-02 7.419D+01     2.47
      149 2.0D-02 -4.158D+06  2.487D-14 3.0D-05 2.3D-05    1    0 7.37D+01 1.58D-01 1.58D-01 8.365D+01     2.14
      150 2.0D-02 -4.158D+06  2.487D-14 3.0D-05 2.3D-05    2    0 2.49D+01 1.25D-02 1.25D-02 8.036D+01     2.23

    inner barrier   scaled     scaled     min     min    NW   SE     dx      alpha    alpha    inner   time (s)
     ite   param   obj func     feas      x-l     u-x   pert pert   norm      max             opt err 
      151 2.0D-02 -4.159D+06  2.487D-14 3.0D-05 2.3D-05    1    0 8.09D+01 3.00D-01 3.00D-01 9.134D+01     2.16
      152 2.0D-02 -4.159D+06  2.398D-14 3.0D-05 2.3D-05    2    0 2.89D+01 1.60D-01 1.60D-01 9.323D+01     2.43
      153 2.0D-02 -4.160D+06  2.398D-14 3.0D-05 2.3D-05    1    0 1.01D+02 4.78D-01 4.78D-01 1.195D+02     1.22
      154 2.0D-02 -4.160D+06  2.487D-14 3.0D-05 2.3D-05    2    0 3.74D+01 1.37D-02 1.37D-02 1.200D+02     2.45
      155 2.0D-02 -4.160D+06  2.398D-14 3.0D-05 2.0D-06    1    0 1.35D+02 4.22D-02 4.22D-02 1.228D+02     1.15
      156 2.0D-02 -4.162D+06  2.487D-14 3.0D-05 2.3D-05    2    0 4.13D+01 1.00D+00 1.00D+00 1.448D+02     3.46
      157 2.0D-02 -4.163D+06  2.487D-14 3.0D-05 2.3D-05    1    0 1.94D+02 1.16D-01 1.16D-01 1.605D+02     2.09
      158 2.0D-02 -4.163D+06  2.487D-14 3.0D-05 2.3D-05    2    0 5.63D+01 5.72D-03 5.72D-03 1.512D+02     3.27
      159 2.0D-02 -4.163D+06  2.487D-14 3.0D-05 2.3D-05    2    0 1.87D+01 4.55D-01 4.55D-01 1.541D+02     2.38
      160 2.0D-02 -4.163D+06  2.487D-14 3.0D-05 2.3D-05    1    0 6.21D+01 1.38D-02 1.38D-02 1.066D+02     2.14

    inner barrier   scaled     scaled     min     min    NW   SE     dx      alpha    alpha    inner   time (s)
