
 ==============================================================================
 This is ALGENCAN 3.1.1.
 ALGENCAN, an Augmented Lagrangian method for nonlinear programming, is part of
 the TANGO Project: Trustable Algorithms for Nonlinear General Optimization.
 See http://www.ime.usp.br/~egbirgin/tango/ for details.
 ==============================================================================

 Processing array of parameters with   3 entrances:

 IGNORE-OBJECTIVE-FUNCTION                    
 ITERATIONS-OUTPUT-DETAIL                                                    11
 NEWTON-LINE-SEARCH-INNER-SOLVER                                    'MA57 MC64'

 The specification file is not being used.

 Available HSL subroutines = MA57           

 ALGENCAN PARAMETERS:

 firstde                =                    T
 seconde                =                    T
 truehpr                =                    T
 hptype in TN           =               TRUEHP
 lsslvr in TR           =            MA57/NONE
 lsslvr in NW           =            MA57/MC64
 lsslvr in ACCPROC      =            MA57/NONE
 innslvr                =                   NW
 accproc                =                    T
 rmfixv                 =                    T
 slacks                 =                    F
 scale                  =                    T
 epsfeas                =           1.0000D-09
 epsopt                 =           1.0000D-08
 efstain                =           3.1623D-05
 eostain                =           1.0000D-12
 efacc                  =           3.1623D-05
 eoacc                  =           1.0000D-04
 iprint                 =                   11
 ncomp                  =                    6

 Specification filename =                   ''
 Output filename        =          'lcmin.out'
 Solution filename      =                   ''

 Number of variables               :   10000
 Number of equality constraints    :    2500
 Number of inequality constraints  :       0
 Number of bound constraints       :   20000
 Number of fixed variables         :       0

 There are no fixed variables to be removed.

 Objective function scale factor   : 1.0D+00
 Smallest constraints scale factor : 2.5D-01

     Entry to GENCAN.
     Number of variables:   10000
     Required optimality tolerance: 1.0D-08

     It         function  gpsupn   xsupn stesupn   nfree   SPGit in-face    fcnt
      0   1.25213589D-16 1.4D-09 1.2D+00
      1   1.05043499D-16 1.2D-09 1.2D+00 9.0D-10   10000       0       1       3
      2   2.44503055D-28 9.9D-15 1.2D+00 2.1D-08   10000       0       2       4

     Flag of GENCAN: Solution was found.


 User-provided subroutines calls counters: 

 Subroutine fsub     (coded=F):        0
 Subroutine gsub     (coded=F):        0
 Subroutine hsub     (coded=F):        0
 Subroutine csub     (coded=F):        0 (       0 calls per constraint in avg)
 Subroutine jacsub   (coded=F):        0 (       0 calls per constraint in avg)
 Subroutine hcsub    (coded=F):        0 (       0 calls per constraint in avg)
 Subroutine fcsub    (coded=T):        4
 Subroutine gjacsub  (coded=T):        5
 Subroutine gjacpsub (coded=F):        0
 Subroutine hlsub    (coded=T):        2
 Subroutine hlpsub   (coded=F):        0


 Total CPU time in seconds =     0.03

 ==============================================================================

 Initial point computed successfully.

                                            achieved                  desired        
 Unscaled feasibility ..............:   2.3092638912203256D-14   1.0000000000000001D-09
 Smallest distance to lower bound ..:   4.0000000000000002D-01   1.0000000000000000D-03
 Smallest distance to upper bound ..:   8.8355453334776950D+00   3.1149622790653503D-02

 Starting LCMIN.
 Number of variables   :   10000
 Number of constraints :    2500

 Scale factor for the objective function   : 1.2D-03
 Smallest scale factor for the constraints : 1.0D+00

 ==========================================================
 outer barrier   objective       scaled      outer   inner
  ite   param     function     obj funct    opt err   ite 
     0 1.0D-01 -6.626997D+07 -8.255982D+04 5.723D+01     0 

    inner barrier   scaled     scaled     min     min    NW   SE     dx      alpha    alpha    inner   time (s)
     ite   param   obj func     feas      x-l     u-x   pert pert   norm      max             opt err 
        1 1.0D-01 -2.477D+05  2.309D-14 4.0D-03 6.8D+00    4    0 3.64D+03 9.46D-01 9.46D-01 2.775D+02     0.91
        2 1.0D-01 -2.553D+05  2.309D-14 4.0D-05 6.7D+00    2    0 1.70D+03 6.34D-02 6.34D-02 2.854D+02     1.20
        3 1.0D-01 -2.880D+05  2.309D-14 1.1D-04 5.9D+00    1    0 1.37D+04 2.65D-02 2.65D-02 5.243D+02     0.96
        4 1.0D-01 -3.146D+05  2.309D-14 1.7D-04 5.6D+00    2    0 2.13D+03 1.51D-01 1.51D-01 3.747D+02     1.19
        5 1.0D-01 -3.463D+05  2.309D-14 1.2D-04 3.3D+00    1    0 3.47D+04 6.91D-03 6.91D-03 6.941D+03     1.09
        6 1.0D-01 -4.117D+05  2.309D-14 2.9D-04 2.3D+00    2    0 2.72D+03 2.40D-01 2.40D-01 6.272D+02     1.14
        7 1.0D-01 -4.217D+05  2.309D-14 1.3D-05 2.2D+00    2    0 8.96D+02 1.08D-01 1.08D-01 6.397D+02     1.23
        8 1.0D-01 -4.544D+05  2.309D-14 4.4D-05 1.7D+00    1    0 3.52D+03 8.26D-02 8.26D-02 6.741D+02     1.05
        9 1.0D-01 -4.775D+05  2.309D-14 8.9D-05 1.4D+00    2    0 1.06D+03 1.93D-01 1.93D-01 6.974D+02     1.19
       10 1.0D-01 -5.281D+05  2.309D-14 1.1D-04 7.2D-01    1    0 4.41D+03 9.19D-02 9.19D-02 7.279D+02     1.13

    inner barrier   scaled     scaled     min     min    NW   SE     dx      alpha    alpha    inner   time (s)
     ite   param   obj func     feas      x-l     u-x   pert pert   norm      max             opt err 
       11 1.0D-01 -5.712D+05  2.309D-14 1.5D-04 2.2D-01    2    0 1.29D+03 2.64D-01 2.64D-01 7.466D+02     0.86
       12 1.0D-01 -6.293D+05  2.309D-14 1.5D-04 5.1D-03    1    0 5.71D+03 7.18D-02 7.18D-02 6.852D+02     1.11
       13 1.0D-01 -6.674D+05  2.309D-14 1.6D-04 1.2D-03    2    0 1.57D+03 1.74D-01 1.74D-01 7.057D+02     1.09
       14 1.0D-01 -7.531D+05  2.309D-14 1.6D-04 1.1D-03    1    0 7.30D+03 7.38D-02 7.38D-02 7.309D+02     1.18
       15 1.0D-01 -7.913D+05  2.309D-14 1.6D-04 9.9D-04    2    0 1.90D+03 1.27D-01 1.27D-01 7.432D+02     1.15
       16 1.0D-01 -8.553D+05  2.309D-14 1.6D-04 9.5D-04    1    0 9.43D+03 3.76D-02 3.76D-02 7.178D+02     1.09
       17 1.0D-01 -9.316D+05  2.309D-14 1.5D-04 8.1D-04    2    0 2.23D+03 1.96D-01 1.96D-01 7.304D+02     1.18
       18 1.0D-01 -1.012D+06  2.309D-14 1.5D-04 7.9D-04    1    0 1.23D+04 3.17D-02 3.17D-02 6.907D+02     0.77
       19 1.0D-01 -1.108D+06  2.309D-14 1.5D-04 6.7D-04    2    0 2.65D+03 1.88D-01 1.88D-01 6.960D+02     1.22
       20 1.0D-01 -1.233D+06  2.309D-14 1.5D-04 6.5D-04    1    0 1.65D+04 3.28D-02 3.28D-02 7.877D+02     1.01

    inner barrier   scaled     scaled     min     min    NW   SE     dx      alpha    alpha    inner   time (s)
     ite   param   obj func     feas      x-l     u-x   pert pert   norm      max             opt err 
       21 1.0D-01 -1.357D+06  2.309D-14 1.5D-04 5.6D-04    2    0 3.15D+03 1.83D-01 1.83D-01 6.683D+02     1.24
       22 1.0D-01 -1.524D+06  2.309D-14 1.5D-04 5.4D-04    1    0 2.31D+04 2.86D-02 2.86D-02 1.023D+03     1.13
       23 1.0D-01 -1.687D+06  2.309D-14 1.4D-04 4.6D-04    2    0 3.73D+03 1.87D-01 1.87D-01 6.346D+02     1.23
       24 1.0D-01 -1.876D+06  2.220D-14 1.4D-04 4.6D-04    1    0 3.35D+04 2.08D-02 2.08D-02 1.656D+03     1.11
       25 1.0D-01 -2.076D+06  2.309D-14 1.4D-04 3.9D-04    2    0 4.36D+03 1.86D-01 1.86D-01 5.820D+02     1.22
       26 1.0D-01 -2.304D+06  2.132D-14 1.4D-04 3.9D-04    1    0 5.12D+04 1.61D-02 1.61D-02 3.239D+03     1.07
       27 1.0D-01 -2.455D+06  2.220D-14 1.4D-04 3.6D-04    2    0 4.98D+03 1.20D-01 1.20D-01 5.333D+02     1.21
       28 1.0D-01 -2.618D+06  2.220D-14 1.5D-04 2.6D-04    2    0 1.59D+03 3.83D-01 3.83D-01 5.607D+02     1.23
       29 1.0D-01 -2.803D+06  2.220D-14 1.5D-04 2.5D-04    1    0 5.79D+03 1.20D-01 1.20D-01 5.552D+02     1.24
       30 1.0D-01 -2.957D+06  2.309D-14 1.5D-04 2.0D-04    2    0 1.76D+03 3.23D-01 3.23D-01 5.686D+02     1.33

    inner barrier   scaled     scaled     min     min    NW   SE     dx      alpha    alpha    inner   time (s)
     ite   param   obj func     feas      x-l     u-x   pert pert   norm      max             opt err 
       31 1.0D-01 -3.106D+06  2.132D-14 1.5D-04 2.0D-04    1    0 6.57D+03 8.57D-02 8.57D-02 5.716D+02     1.12
       32 1.0D-01 -3.206D+06  2.220D-14 1.5D-04 1.8D-04    2    0 1.93D+03 1.93D-01 1.93D-01 5.692D+02     1.16
       33 1.0D-01 -3.340D+06  2.220D-14 1.5D-04 1.8D-04    1    0 7.63D+03 6.63D-02 6.63D-02 5.641D+02     1.07
       34 1.0D-01 -3.432D+06  2.309D-14 1.5D-04 1.7D-04    2    0 2.14D+03 1.63D-01 1.63D-01 5.650D+02     1.32
       35 1.0D-01 -3.563D+06  2.220D-14 1.5D-04 1.6D-04    1    0 8.88D+03 5.62D-02 5.62D-02 5.552D+02     1.23
       36 1.0D-01 -3.666D+06  2.220D-14 1.5D-04 1.6D-04    2    0 2.39D+03 1.65D-01 1.65D-01 5.645D+02     1.30
       37 1.0D-01 -3.797D+06  2.220D-14 1.5D-04 1.5D-04    1    0 1.03D+04 4.94D-02 4.94D-02 5.419D+02     1.13
       38 1.0D-01 -3.918D+06  2.220D-14 1.5D-04 1.5D-04    2    0 2.64D+03 1.80D-01 1.80D-01 5.420D+02     1.30
       39 1.0D-01 -4.061D+06  2.309D-14 1.4D-04 1.4D-04    1    0 1.23D+04 4.64D-02 4.64D-02 5.188D+02     1.15
       40 1.0D-01 -4.189D+06  2.309D-14 1.4D-04 1.4D-04    2    0 2.93D+03 1.74D-01 1.74D-01 5.196D+02     1.29

    inner barrier   scaled     scaled     min     min    NW   SE     dx      alpha    alpha    inner   time (s)
     ite   param   obj func     feas      x-l     u-x   pert pert   norm      max             opt err 
       41 1.0D-01 -4.346D+06  2.309D-14 1.4D-04 1.4D-04    1    0 1.49D+04 4.24D-02 4.24D-02 5.045D+02     1.13
       42 1.0D-01 -4.416D+06  2.220D-14 1.4D-04 1.4D-04    2    0 3.25D+03 8.79D-02 8.79D-02 4.922D+02     1.26
       43 1.0D-01 -4.598D+06  2.309D-14 1.4D-04 1.4D-04    1    0 1.80D+04 4.23D-02 4.23D-02 7.414D+02     1.16
       44 1.0D-01 -4.653D+06  2.309D-14 1.4D-04 1.3D-04    2    0 3.54D+03 6.59D-02 6.59D-02 4.651D+02     1.28
       45 1.0D-01 -4.782D+06  2.309D-14 1.4D-04 1.3D-04    1    0 2.21D+04 2.64D-02 2.64D-02 6.828D+02     1.14
       46 1.0D-01 -4.889D+06  2.309D-14 1.0D-05 1.3D-04    2    0 3.81D+03 1.22D-01 1.22D-01 4.284D+02     1.38
       47 1.0D-01 -5.074D+06  2.309D-14 2.0D-05 1.3D-04    1    0 3.17D+04 2.67D-02 2.67D-02 1.048D+03     1.14
       48 1.0D-01 -5.126D+06  2.220D-14 4.1D-05 1.3D-04    2    0 4.40D+03 5.12D-02 5.12D-02 4.069D+02     1.06
       49 1.0D-01 -5.143D+06  2.309D-14 4.1D-05 1.3D-04    1    0 8.01D+04 1.03D-03 1.03D-03 1.307D+04     0.82
       50 1.0D-01 -5.186D+06  2.309D-14 5.5D-05 1.3D-04    2    0 5.02D+03 3.83D-02 3.83D-02 5.545D+02     1.35

    inner barrier   scaled     scaled     min     min    NW   SE     dx      alpha    alpha    inner   time (s)
     ite   param   obj func     feas      x-l     u-x   pert pert   norm      max             opt err 
       51 1.0D-01 -5.236D+06  2.220D-14 8.1D-05 1.3D-04    2    0 1.66D+03 1.22D-01 1.22D-01 3.957D+02     1.32
       52 1.0D-01 -5.373D+06  2.309D-14 9.5D-05 1.3D-04    1    0 5.81D+03 1.04D-01 1.04D-01 3.992D+02     1.14
       53 1.0D-01 -5.396D+06  2.309D-14 1.1D-05 1.3D-04    2    0 1.87D+03 5.01D-02 5.01D-02 3.991D+02     1.25
       54 1.0D-01 -5.557D+06  2.309D-14 2.9D-05 1.2D-04    1    0 6.73D+03 1.04D-01 1.04D-01 5.251D+02     1.16
       55 1.0D-01 -5.567D+06  2.309D-14 1.4D-05 1.2D-04    2    0 2.08D+03 2.01D-02 2.01D-02 4.048D+02     1.30
       56 1.0D-01 -5.732D+06  2.309D-14 3.2D-05 1.2D-04    1    0 7.70D+03 9.44D-02 9.44D-02 5.917D+02     1.15
       57 1.0D-01 -5.759D+06  2.309D-14 9.3D-06 1.2D-04    2    0 2.29D+03 4.92D-02 4.92D-02 4.084D+02     1.35
       58 1.0D-01 -5.842D+06  2.309D-14 2.0D-05 1.2D-04    1    0 8.79D+03 4.26D-02 4.26D-02 7.472D+02     1.15
       59 1.0D-01 -5.863D+06  2.309D-14 2.9D-05 1.2D-04    2    0 2.48D+03 3.71D-02 3.71D-02 3.967D+02     1.33
       60 1.0D-01 -5.952D+06  2.309D-14 3.6D-05 1.2D-04    1    0 9.97D+03 4.15D-02 4.15D-02 7.507D+02     1.15

    inner barrier   scaled     scaled     min     min    NW   SE     dx      alpha    alpha    inner   time (s)
     ite   param   obj func     feas      x-l     u-x   pert pert   norm      max             opt err 
       61 1.0D-01 -5.983D+06  2.309D-14 4.5D-05 1.2D-04    2    0 2.64D+03 5.21D-02 5.21D-02 3.796D+02     1.29
       62 1.0D-01 -6.070D+06  2.309D-14 5.1D-05 1.2D-04    1    0 1.12D+04 3.79D-02 3.79D-02 6.833D+02     1.14
       63 1.0D-01 -6.094D+06  2.309D-14 1.1D-05 1.2D-04    2    0 2.82D+03 3.80D-02 3.80D-02 3.566D+02     1.37
       64 1.0D-01 -6.197D+06  2.309D-14 1.8D-05 1.2D-04    1    0 1.26D+04 4.17D-02 4.17D-02 9.357D+02     1.17
       65 1.0D-01 -6.217D+06  2.398D-14 1.2D-05 1.2D-04    2    0 2.99D+03 3.20D-02 3.20D-02 3.419D+02     1.36
       66 1.0D-01 -6.314D+06  2.309D-14 2.0D-05 1.2D-04    1    0 1.38D+04 3.73D-02 3.73D-02 9.725D+02     1.20
       67 1.0D-01 -6.321D+06  2.309D-14 1.8D-05 1.2D-04    2    0 3.21D+03 1.21D-02 1.21D-02 3.743D+02     1.30
       68 1.0D-01 -6.404D+06  2.309D-14 2.8D-05 1.2D-04    1    0 1.63D+04 2.95D-02 2.95D-02 9.741D+02     1.13
       69 1.0D-01 -6.414D+06  2.398D-14 3.0D-05 1.2D-04    2    0 3.45D+03 1.37D-02 1.37D-02 4.565D+02     1.35
       70 1.0D-01 -6.482D+06  2.398D-14 3.3D-05 1.2D-04    1    0 2.22D+04 1.86D-02 1.86D-02 9.863D+02     1.15

    inner barrier   scaled     scaled     min     min    NW   SE     dx      alpha    alpha    inner   time (s)
     ite   param   obj func     feas      x-l     u-x   pert pert   norm      max             opt err 
       71 1.0D-01 -6.491D+06  2.398D-14 1.2D-05 1.2D-04    2    0 3.76D+03 1.16D-02 1.16D-02 4.479D+02     1.34
       72 1.0D-01 -6.541D+06  2.398D-14 1.7D-05 1.2D-04    1    0 3.97D+04 7.74D-03 7.74D-03 2.000D+03     1.19
       73 1.0D-01 -6.559D+06  2.398D-14 1.8D-05 1.2D-04    2    0 4.25D+03 2.28D-02 2.28D-02 3.634D+02     1.34
       74 1.0D-01 -6.620D+06  2.398D-14 6.0D-05 1.2D-04    2    0 1.63D+03 1.64D-01 1.64D-01 2.821D+02     1.31
       75 1.0D-01 -6.694D+06  2.398D-14 6.8D-05 1.2D-04    1    0 4.91D+03 7.70D-02 7.70D-02 2.827D+02     1.22
       76 1.0D-01 -6.732D+06  2.309D-14 9.4D-06 1.2D-04    2    0 1.74D+03 9.98D-02 9.98D-02 2.860D+02     1.48
       77 1.0D-01 -6.813D+06  2.309D-14 2.4D-05 1.2D-04    1    0 5.37D+03 8.03D-02 8.03D-02 4.468D+02     1.13
       78 1.0D-01 -6.855D+06  2.398D-14 4.2D-05 1.2D-04    2    0 1.84D+03 1.09D-01 1.09D-01 2.881D+02     1.44
       79 1.0D-01 -6.935D+06  2.398D-14 5.2D-05 1.2D-04    1    0 5.92D+03 7.35D-02 7.35D-02 4.763D+02     1.17
       80 1.0D-01 -6.964D+06  2.309D-14 5.2D-05 1.2D-04    2    0 1.94D+03 7.46D-02 7.46D-02 2.939D+02     1.49

    inner barrier   scaled     scaled     min     min    NW   SE     dx      alpha    alpha    inner   time (s)
     ite   param   obj func     feas      x-l     u-x   pert pert   norm      max             opt err 
       81 1.0D-01 -7.040D+06  2.309D-14 6.4D-05 1.2D-04    1    0 6.44D+03 6.71D-02 6.71D-02 4.510D+02     1.20
       82 1.0D-01 -7.059D+06  2.398D-14 7.2D-05 1.2D-04    2    0 2.03D+03 5.03D-02 5.03D-02 2.851D+02     1.54
       83 1.0D-01 -7.120D+06  2.309D-14 7.9D-05 1.2D-04    1    0 6.93D+03 5.23D-02 5.23D-02 5.176D+02     1.14
       84 1.0D-01 -7.136D+06  2.309D-14 1.3D-05 1.2D-04    2    0 2.10D+03 4.01D-02 4.01D-02 2.814D+02     1.35
       85 1.0D-01 -7.208D+06  2.398D-14 2.5D-05 1.2D-04    1    0 7.26D+03 6.34D-02 6.34D-02 6.323D+02     1.18
       86 1.0D-01 -7.213D+06  2.398D-14 2.5D-05 1.2D-04    2    0 2.13D+03 1.28D-02 1.28D-02 2.678D+02     1.36
       87 1.0D-01 -7.287D+06  2.398D-14 3.7D-05 1.2D-04    1    0 7.88D+03 6.42D-02 6.42D-02 4.090D+02     2.18
       88 1.0D-01 -7.317D+06  2.398D-14 4.8D-05 1.2D-04    2    0 2.23D+03 7.90D-02 7.90D-02 2.585D+02     1.45
       89 1.0D-01 -7.346D+06  2.309D-14 5.2D-05 1.2D-04    1    0 8.81D+03 2.43D-02 2.43D-02 5.953D+02     2.15
       90 1.0D-01 -7.356D+06  2.398D-14 5.6D-05 1.2D-04    2    0 2.30D+03 2.90D-02 2.90D-02 3.463D+02     1.12

    inner barrier   scaled     scaled     min     min    NW   SE     dx      alpha    alpha    inner   time (s)
     ite   param   obj func     feas      x-l     u-x   pert pert   norm      max             opt err 
       91 1.0D-01 -7.385D+06  2.398D-14 5.8D-05 1.2D-04    1    0 1.02D+04 2.15D-02 2.15D-02 6.075D+02     1.19
       92 1.0D-01 -7.391D+06  2.398D-14 1.2D-05 1.2D-04    2    0 2.49D+03 1.42D-02 1.42D-02 2.382D+02     1.47
       93 1.0D-01 -7.425D+06  2.309D-14 6.9D-05 1.2D-04    2    0 1.06D+03 1.68D-01 1.68D-01 2.265D+02     1.36
       94 1.0D-01 -7.470D+06  2.398D-14 8.4D-05 1.2D-04    1    0 2.73D+03 1.07D-01 1.07D-01 2.489D+02     1.14
       95 1.0D-01 -7.492D+06  2.398D-14 1.3D-05 1.2D-04    2    0 1.07D+03 1.12D-01 1.12D-01 2.304D+02     1.49
       96 1.0D-01 -7.548D+06  2.398D-14 4.1D-05 1.2D-04    1    0 2.83D+03 1.35D-01 1.35D-01 2.382D+02     2.14
       97 1.0D-01 -7.563D+06  2.398D-14 5.7D-05 1.2D-04    2    0 1.06D+03 8.55D-02 8.55D-02 2.273D+02     2.46
       98 1.0D-01 -7.602D+06  2.309D-14 7.2D-05 1.2D-04    1    0 2.92D+03 9.56D-02 9.56D-02 2.300D+02     2.03
       99 1.0D-01 -7.617D+06  2.309D-14 8.4D-05 1.2D-04    2    0 1.08D+03 8.46D-02 8.46D-02 2.148D+02     3.45
      100 1.0D-01 -7.655D+06  2.309D-14 9.6D-05 1.2D-04    1    0 3.15D+03 9.07D-02 9.07D-02 2.196D+02     2.18

    inner barrier   scaled     scaled     min     min    NW   SE     dx      alpha    alpha    inner   time (s)
     ite   param   obj func     feas      x-l     u-x   pert pert   norm      max             opt err 
      101 1.0D-01 -7.666D+06  2.309D-14 6.5D-05 1.2D-04    2    0 1.14D+03 5.98D-02 5.98D-02 2.160D+02     3.37
      102 1.0D-01 -7.711D+06  2.309D-14 9.8D-05 1.1D-04    1    0 3.55D+03 9.54D-02 9.54D-02 2.037D+02     2.16
      103 1.0D-01 -7.721D+06  2.398D-14 5.6D-05 1.1D-04    2    0 1.23D+03 5.63D-02 5.63D-02 2.057D+02     3.43
      104 1.0D-01 -7.755D+06  2.309D-14 7.8D-05 1.1D-04    1    0 4.06D+03 6.32D-02 6.32D-02 1.885D+02     2.17
      105 1.0D-01 -7.781D+06  2.309D-14 1.0D-04 1.1D-04    2    0 1.32D+03 1.33D-01 1.33D-01 1.812D+02     2.53
      106 1.0D-01 -7.821D+06  2.309D-14 1.0D-04 1.1D-04    1    0 4.31D+03 7.33D-02 7.33D-02 1.944D+02     2.16
      107 1.0D-01 -7.827D+06  2.309D-14 1.6D-05 1.1D-04    2    0 1.32D+03 3.42D-02 3.42D-02 1.816D+02     2.38
      108 1.0D-01 -7.856D+06  2.309D-14 3.2D-05 1.1D-04    1    0 4.61D+03 5.05D-02 5.05D-02 1.871D+02     1.79
      109 1.0D-01 -7.875D+06  2.309D-14 6.5D-05 1.1D-04    2    0 1.35D+03 1.08D-01 1.08D-01 1.750D+02     1.53
      110 1.0D-01 -7.894D+06  2.309D-14 7.3D-05 1.1D-04    1    0 5.05D+03 3.46D-02 3.46D-02 2.447D+02     1.23

    inner barrier   scaled     scaled     min     min    NW   SE     dx      alpha    alpha    inner   time (s)
     ite   param   obj func     feas      x-l     u-x   pert pert   norm      max             opt err 
      111 1.0D-01 -7.900D+06  2.309D-14 8.3D-05 1.1D-04    2    0 1.31D+03 3.74D-02 3.74D-02 2.386D+02     2.48
      112 1.0D-01 -7.913D+06  2.309D-14 9.7D-05 1.1D-04    2    0 5.46D+02 1.56D-01 1.56D-01 1.633D+02     3.37
      113 1.0D-01 -7.936D+06  2.309D-14 9.6D-05 1.1D-04    1    0 1.43D+03 1.32D-01 1.32D-01 1.693D+02     1.18
      114 1.0D-01 -7.944D+06  2.309D-14 2.8D-05 1.1D-04    2    0 5.50D+02 1.03D-01 1.03D-01 1.720D+02     3.46
      115 1.0D-01 -7.958D+06  2.309D-14 6.2D-05 1.1D-04    1    0 1.50D+03 8.12D-02 8.12D-02 1.787D+02     1.17
      116 1.0D-01 -7.970D+06  2.309D-14 9.2D-05 1.1D-04    2    0 5.61D+02 1.67D-01 1.67D-01 1.699D+02     2.55
      117 1.0D-01 -7.984D+06  2.309D-14 9.2D-05 1.1D-04    1    0 1.57D+03 8.22D-02 8.22D-02 1.981D+02     1.23
      118 1.0D-01 -7.988D+06  2.309D-14 9.1D-05 1.1D-04    2    0 5.69D+02 6.07D-02 6.07D-02 1.682D+02     1.49
      119 1.0D-01 -8.001D+06  2.309D-14 9.1D-05 1.1D-04    1    0 1.64D+03 7.87D-02 7.87D-02 1.932D+02     1.93
      120 1.0D-01 -8.010D+06  2.309D-14 9.0D-05 1.1D-04    2    0 5.83D+02 1.32D-01 1.32D-01 1.514D+02     2.53

    inner barrier   scaled     scaled     min     min    NW   SE     dx      alpha    alpha    inner   time (s)
     ite   param   obj func     feas      x-l     u-x   pert pert   norm      max             opt err 
      121 1.0D-01 -8.023D+06  2.309D-14 9.0D-05 1.1D-04    1    0 1.74D+03 7.85D-02 7.85D-02 1.743D+02     1.23
      122 1.0D-01 -8.026D+06  2.309D-14 9.0D-05 1.1D-04    2    0 6.05D+02 3.67D-02 3.67D-02 1.563D+02     2.50
      123 1.0D-01 -8.038D+06  2.309D-14 8.9D-05 1.1D-04    1    0 1.90D+03 7.03D-02 7.03D-02 2.524D+02     1.21
      124 1.0D-01 -8.042D+06  2.309D-14 8.8D-05 1.1D-04    2    0 6.36D+02 5.65D-02 5.65D-02 1.549D+02     1.56
      125 1.0D-01 -8.055D+06  2.309D-14 8.7D-05 1.1D-04    1    0 1.99D+03 7.74D-02 7.74D-02 2.803D+02     1.17
      126 1.0D-01 -8.056D+06  2.309D-14 2.0D-05 1.1D-04    2    0 6.72D+02 1.03D-02 1.03D-02 1.366D+02     1.51
      127 1.0D-01 -8.063D+06  2.309D-14 4.4D-05 1.1D-04    1    0 2.24D+03 4.18D-02 4.18D-02 2.092D+02     1.28
      128 1.0D-01 -8.071D+06  2.309D-14 8.6D-05 1.1D-04    2    0 7.13D+02 1.07D-01 1.07D-01 1.336D+02     1.50
      129 1.0D-01 -8.080D+06  2.309D-14 8.5D-05 1.1D-04    1    0 2.30D+03 5.17D-02 5.17D-02 1.534D+02     1.09
      130 1.0D-01 -8.082D+06  2.309D-14 1.7D-05 1.1D-04    2    0 7.15D+02 3.50D-02 3.50D-02 1.164D+02     1.57

    inner barrier   scaled     scaled     min     min    NW   SE     dx      alpha    alpha    inner   time (s)
     ite   param   obj func     feas      x-l     u-x   pert pert   norm      max             opt err 
      131 1.0D-01 -8.094D+06  2.309D-14 3.9D-05 1.1D-04    1    0 2.36D+03 6.79D-02 6.79D-02 1.687D+02     1.22
      132 1.0D-01 -8.097D+06  2.309D-14 5.6D-05 1.1D-04    2    0 7.24D+02 5.40D-02 5.40D-02 1.153D+02     1.51
      133 1.0D-01 -8.105D+06  2.309D-14 6.8D-05 1.1D-04    1    0 2.43D+03 4.75D-02 4.75D-02 2.348D+02     1.17
      134 1.0D-01 -8.111D+06  2.309D-14 1.5D-05 1.1D-04    2    0 7.20D+02 9.09D-02 9.09D-02 1.047D+02     1.54
      135 1.0D-01 -8.117D+06  2.309D-14 2.8D-05 1.1D-04    1    0 2.60D+03 3.61D-02 3.61D-02 2.356D+02     1.12
      136 1.0D-01 -8.121D+06  2.309D-14 1.5D-05 1.1D-04    2    0 7.27D+02 8.44D-02 8.44D-02 1.015D+02     1.60
      137 1.0D-01 -8.125D+06  2.309D-14 2.2D-05 1.1D-04    1    0 3.14D+03 1.85D-02 1.85D-02 3.305D+02     1.20
      138 1.0D-01 -8.130D+06  2.309D-14 5.2D-05 1.1D-04    2    0 7.66D+02 8.39D-02 8.39D-02 9.582D+01     1.47
      139 1.0D-01 -8.136D+06  2.309D-14 8.1D-05 1.1D-04    2    0 3.14D+02 2.01D-01 2.01D-01 1.003D+02     1.51
      140 1.0D-01 -8.142D+06  2.309D-14 8.0D-05 1.1D-04    1    0 8.12D+02 1.08D-01 1.08D-01 9.582D+01     1.22

    inner barrier   scaled     scaled     min     min    NW   SE     dx      alpha    alpha    inner   time (s)
     ite   param   obj func     feas      x-l     u-x   pert pert   norm      max             opt err 
      141 1.0D-01 -8.145D+06  2.309D-14 8.0D-05 1.1D-04    2    0 3.11D+02 1.24D-01 1.24D-01 9.705D+01     1.55
      142 1.0D-01 -8.151D+06  2.309D-14 7.9D-05 1.1D-04    1    0 8.51D+02 9.50D-02 9.50D-02 9.683D+01     1.21
      143 1.0D-01 -8.157D+06  2.220D-14 7.8D-05 1.1D-04    2    0 3.19D+02 2.44D-01 2.44D-01 9.757D+01     1.60
      144 1.0D-01 -8.164D+06  2.220D-14 7.8D-05 1.1D-04    1    0 9.24D+02 1.05D-01 1.05D-01 9.599D+01     1.23
      145 1.0D-01 -8.169D+06  2.309D-14 7.7D-05 1.1D-04    2    0 3.30D+02 2.23D-01 2.23D-01 9.630D+01     1.56
      146 1.0D-01 -8.171D+06  2.220D-14 1.4D-05 1.1D-04    1    0 1.00D+03 3.02D-02 3.02D-02 2.368D+02     1.86
      147 1.0D-01 -8.174D+06  2.220D-14 7.6D-05 1.1D-04    2    0 3.36D+02 1.11D-01 1.11D-01 9.051D+01     1.57
      148 1.0D-01 -8.181D+06  2.309D-14 7.6D-05 1.1D-04    1    0 1.08D+03 1.13D-01 1.13D-01 1.076D+02     1.24
      149 1.0D-01 -8.182D+06  2.220D-14 4.0D-05 1.1D-04    2    0 3.48D+02 1.67D-02 1.67D-02 8.526D+01     1.48
      150 1.0D-01 -8.185D+06  2.309D-14 6.2D-05 1.1D-04    1    0 1.15D+03 4.64D-02 4.64D-02 1.928D+02     1.24

    inner barrier   scaled     scaled     min     min    NW   SE     dx      alpha    alpha    inner   time (s)
     ite   param   obj func     feas      x-l     u-x   pert pert   norm      max             opt err 
      151 1.0D-01 -8.187D+06  2.220D-14 1.9D-05 1.1D-04    2    0 3.62D+02 9.05D-02 9.05D-02 8.239D+01     1.58
      152 1.0D-01 -8.190D+06  2.309D-14 3.6D-05 1.1D-04    1    0 1.22D+03 4.89D-02 4.89D-02 2.062D+02     0.95
      153 1.0D-01 -8.192D+06  2.309D-14 5.8D-05 1.1D-04    2    0 3.74D+02 7.11D-02 7.11D-02 8.223D+01     1.57
      154 1.0D-01 -8.194D+06  2.309D-14 6.9D-05 1.1D-04    1    0 1.28D+03 3.81D-02 3.81D-02 2.294D+02     1.28
      155 1.0D-01 -8.197D+06  2.309D-14 7.5D-05 1.1D-04    2    0 3.86D+02 1.26D-01 1.26D-01 8.344D+01     1.64
      156 1.0D-01 -8.199D+06  2.220D-14 7.5D-05 1.1D-04    1    0 1.43D+03 2.02D-02 2.02D-02 2.825D+02     1.27
      157 1.0D-01 -8.200D+06  2.309D-14 7.5D-05 1.1D-04    2    0 3.95D+02 4.74D-02 4.74D-02 7.479D+01     1.61
      158 1.0D-01 -8.201D+06  2.220D-14 7.5D-05 1.1D-04    1    0 3.62D+03 4.31D-03 4.31D-03 5.015D+03     1.13
      159 1.0D-01 -8.201D+06  2.309D-14 7.5D-05 1.1D-04    2    0 4.23D+02 8.60D-03 8.60D-03 7.452D+01     1.49
      160 1.0D-01 -8.205D+06  2.309D-14 7.4D-05 1.1D-04    2    0 1.71D+02 3.96D-01 3.96D-01 7.502D+01     1.48

    inner barrier   scaled     scaled     min     min    NW   SE     dx      alpha    alpha    inner   time (s)
     ite   param   obj func     feas      x-l     u-x   pert pert   norm      max             opt err 
      161 1.0D-01 -8.208D+06  2.309D-14 7.4D-05 1.1D-04    1    0 4.25D+02 1.15D-01 1.15D-01 1.647D+02     1.27
      162 1.0D-01 -8.208D+06  2.309D-14 2.3D-05 1.1D-04    2    0 1.62D+02 4.08D-02 4.08D-02 7.513D+01     2.58
      163 1.0D-01 -8.212D+06  2.220D-14 7.4D-05 1.1D-04    1    0 4.24D+02 1.77D-01 1.77D-01 7.699D+01     2.04
      164 1.0D-01 -8.213D+06  2.309D-14 7.4D-05 1.1D-04    2    0 1.59D+02 9.24D-02 9.24D-02 7.716D+01     2.57
      165 1.0D-01 -8.216D+06  2.309D-14 7.4D-05 1.1D-04    1    0 4.14D+02 1.11D-01 1.11D-01 9.017D+01     1.21
      166 1.0D-01 -8.216D+06  2.309D-14 7.4D-05 1.1D-04    2    0 1.49D+02 9.13D-02 9.13D-02 7.466D+01     2.57
      167 1.0D-01 -8.218D+06  2.309D-14 7.4D-05 1.1D-04    1    0 3.80D+02 8.00D-02 8.00D-02 8.566D+01     1.36
      168 1.0D-01 -8.218D+06  2.220D-14 3.2D-05 1.1D-04    2    0 1.36D+02 1.54D-02 1.54D-02 6.082D+01     2.57
      169 1.0D-01 -8.220D+06  2.309D-14 7.4D-05 1.1D-04    1    0 3.62D+02 1.57D-01 1.57D-01 5.967D+01     1.24
      170 1.0D-01 -8.222D+06  2.309D-14 3.6D-05 1.1D-04    2    0 1.36D+02 2.61D-01 2.61D-01 5.829D+01     3.49

    inner barrier   scaled     scaled     min     min    NW   SE     dx      alpha    alpha    inner   time (s)
     ite   param   obj func     feas      x-l     u-x   pert pert   norm      max             opt err 
      171 1.0D-01 -8.223D+06  2.309D-14 7.3D-05 1.1D-04    1    0 3.71D+02 6.50D-02 6.50D-02 8.521D+01     2.17
      172 1.0D-01 -8.223D+06  2.309D-14 7.3D-05 1.1D-04    2    0 1.31D+02 1.31D-01 1.31D-01 5.581D+01     3.38
      173 1.0D-01 -8.225D+06  2.309D-14 7.3D-05 1.1D-04    1    0 3.87D+02 1.08D-01 1.08D-01 1.088D+02     2.19
      174 1.0D-01 -8.225D+06  2.309D-14 7.3D-05 1.1D-04    2    0 1.31D+02 9.65D-02 9.65D-02 5.577D+01     3.33
      175 1.0D-01 -8.226D+06  2.309D-14 7.3D-05 1.1D-04    1    0 5.82D+02 3.15D-02 3.15D-02 5.995D+02     2.50
      176 1.0D-01 -8.226D+06  2.398D-14 7.3D-05 1.1D-04    2    0 1.39D+02 8.50D-03 8.50D-03 5.569D+01     3.47
      177 1.0D-01 -8.227D+06  2.398D-14 7.3D-05 1.1D-04    2    0 5.61D+01 4.73D-01 4.73D-01 5.594D+01     2.35
      178 1.0D-01 -8.228D+06  2.309D-14 7.3D-05 1.1D-04    1    0 1.42D+02 2.27D-01 2.27D-01 6.199D+01     2.19
      179 1.0D-01 -8.229D+06  2.309D-14 1.5D-05 1.1D-04    2    0 5.20D+01 1.09D-01 1.09D-01 5.598D+01     3.45
      180 1.0D-01 -8.229D+06  2.309D-14 7.3D-05 1.1D-04    1    0 1.43D+02 7.58D-02 7.58D-02 5.534D+01     2.25

    inner barrier   scaled     scaled     min     min    NW   SE     dx      alpha    alpha    inner   time (s)
     ite   param   obj func     feas      x-l     u-x   pert pert   norm      max             opt err 
      181 1.0D-01 -8.230D+06  2.309D-14 7.3D-05 1.1D-04    2    0 5.20D+01 3.07D-01 3.07D-01 5.503D+01     3.51
      182 1.0D-01 -8.230D+06  2.398D-14 7.3D-05 1.1D-04    1    0 1.41D+02 7.60D-02 7.60D-02 5.279D+01     2.21
      183 1.0D-01 -8.231D+06  2.398D-14 7.3D-05 1.1D-04    2    0 5.11D+01 3.85D-01 3.85D-01 4.936D+01     3.50
      184 1.0D-01 -8.231D+06  2.398D-14 7.3D-05 1.1D-04    1    0 1.47D+02 1.23D-01 1.23D-01 5.455D+01     2.15
      185 1.0D-01 -8.231D+06  2.398D-14 7.3D-05 1.1D-04    2    0 4.98D+01 1.54D-01 1.54D-01 4.462D+01     3.86
      186 1.0D-01 -8.232D+06  2.398D-14 7.3D-05 1.1D-04    1    0 1.48D+02 1.35D-01 1.35D-01 1.113D+02     2.19
      187 1.0D-01 -8.232D+06  2.309D-14 7.3D-05 1.1D-04    2    0 4.92D+01 4.09D-01 4.09D-01 4.477D+01     3.87
      188 1.0D-01 -8.233D+06  2.309D-14 7.3D-05 1.1D-04    1    0 1.66D+02 7.41D-02 7.41D-02 6.109D+01     2.12
      189 1.0D-01 -8.233D+06  2.309D-14 2.2D-05 1.1D-04    2    0 5.11D+01 1.69D-02 1.69D-02 2.992D+01     3.68
      190 1.0D-01 -8.234D+06  2.309D-14 7.3D-05 1.1D-04    1    0 1.99D+02 1.54D-01 1.54D-01 6.311D+01     2.14

    inner barrier   scaled     scaled     min     min    NW   SE     dx      alpha    alpha    inner   time (s)
     ite   param   obj func     feas      x-l     u-x   pert pert   norm      max             opt err 
      191 1.0D-01 -8.234D+06  2.309D-14 7.3D-05 1.1D-04    2    0 5.95D+01 2.10D-01 2.10D-01 4.551D+01     3.49
      192 1.0D-01 -8.234D+06  2.309D-14 7.3D-05 1.1D-04    2    0 2.13D+01 1.04D-01 1.04D-01 4.608D+01     3.38
      193 1.0D-01 -8.235D+06  2.309D-14 7.3D-05 1.1D-04    1    0 6.71D+01 6.18D-01 6.18D-01 5.894D+01     2.13
      194 1.0D-01 -8.236D+06  2.309D-14 7.3D-05 1.1D-04    2    0 2.54D+01 5.03D-01 5.03D-01 6.381D+01     3.38
      195 1.0D-01 -8.236D+06  2.309D-14 7.3D-05 1.1D-04    1    0 9.21D+01 7.21D-02 7.21D-02 6.792D+01     2.10
      196 1.0D-01 -8.237D+06  2.309D-14 7.3D-05 1.1D-04    2    0 2.95D+01 9.78D-01 9.78D-01 8.141D+01     3.35
      197 1.0D-01 -8.237D+06  2.309D-14 7.3D-05 1.0D-04    1    0 1.13D+02 4.36D-03 4.36D-03 6.675D+01     2.16
      198 1.0D-01 -8.237D+06  2.309D-14 7.3D-05 1.1D-04    2    0 3.45D+01 5.97D-01 5.97D-01 7.449D+01     3.79
      199 1.0D-01 -8.238D+06  2.309D-14 7.3D-05 1.1D-04    1    0 1.35D+02 6.78D-02 6.78D-02 8.090D+01     2.23
      200 1.0D-01 -8.238D+06  2.309D-14 2.0D-05 1.1D-04    2    0 3.98D+01 9.23D-03 9.23D-03 4.987D+01     3.75

    inner barrier   scaled     scaled     min     min    NW   SE     dx      alpha    alpha    inner   time (s)
     ite   param   obj func     feas      x-l     u-x   pert pert   norm      max             opt err 
      201 1.0D-01 -8.239D+06  2.309D-14 7.3D-05 1.1D-04    1    0 1.60D+02 1.61D-01 1.61D-01 8.946D+01     2.22


     1 2.0D-02 -6.613159D+09 -8.238743D+06 8.946D+01   201M

    inner barrier   scaled     scaled     min     min    NW   SE     dx      alpha    alpha    inner   time (s)
     ite   param   obj func     feas      x-l     u-x   pert pert   norm      max             opt err 
        1 2.0D-02 -8.239D+06  2.309D-14 6.3D-06 1.0D-04    2    0 5.46D+01 1.54D-01 1.54D-01 7.044D+01     3.45
        2 2.0D-02 -8.239D+06  2.220D-14 1.4D-05 9.8D-05    1    0 2.47D+02 1.95D-02 1.95D-02 1.587D+02     2.11
        3 2.0D-02 -8.241D+06  2.309D-14 3.6D-05 5.6D-05    2    0 6.01D+01 5.62D-01 5.62D-01 6.604D+01     3.33
        4 2.0D-02 -8.241D+06  2.220D-14 3.6D-05 5.6D-05    1    0 1.46D+03 4.49D-03 4.49D-03 3.170D+03     2.70
        5 2.0D-02 -8.241D+06  2.309D-14 3.6D-05 5.5D-05    2    0 7.16D+01 1.21D-02 1.21D-02 6.786D+01     3.65
        6 2.0D-02 -8.242D+06  2.309D-14 3.4D-05 5.3D-05    1    0 4.10D+02 6.58D-02 6.58D-02 1.370D+02     2.56
        7 2.0D-02 -8.242D+06  2.220D-14 3.4D-05 5.3D-05    2    0 8.83D+01 4.44D-03 4.44D-03 7.323D+01     2.56
        8 2.0D-02 -8.243D+06  2.220D-14 3.3D-06 4.1D-05    2    0 2.91D+01 3.82D-01 3.82D-01 5.985D+01     3.30
        9 2.0D-02 -8.244D+06  2.220D-14 1.2D-05 3.8D-05    1    0 9.83D+01 2.01D-01 2.01D-01 6.632D+01     2.22
       10 2.0D-02 -8.244D+06  2.220D-14 1.3D-05 3.7D-05    2    0 3.22D+01 3.31D-02 3.31D-02 6.574D+01     3.40

    inner barrier   scaled     scaled     min     min    NW   SE     dx      alpha    alpha    inner   time (s)
     ite   param   obj func     feas      x-l     u-x   pert pert   norm      max             opt err 
       11 2.0D-02 -8.244D+06  2.220D-14 1.7D-05 3.5D-05    1    0 1.06D+02 1.42D-01 1.42D-01 7.203D+01     2.49
       12 2.0D-02 -8.244D+06  2.132D-14 2.1D-05 3.3D-05    2    0 3.24D+01 1.86D-01 1.86D-01 7.259D+01     3.76
       13 2.0D-02 -8.245D+06  2.220D-14 2.1D-05 3.2D-05    1    0 1.19D+02 6.61D-02 6.61D-02 7.740D+01     2.18
       14 2.0D-02 -8.245D+06  2.220D-14 2.0D-05 3.1D-05    2    0 3.42D+01 8.05D-02 8.05D-02 7.607D+01     3.91
       15 2.0D-02 -8.245D+06  2.309D-14 5.0D-06 3.1D-05    1    0 1.30D+02 9.59D-03 9.59D-03 2.323D+02     2.20
       16 2.0D-02 -8.246D+06  2.220D-14 1.7D-05 2.7D-05    2    0 3.48D+01 5.05D-01 5.05D-01 4.865D+01     3.82
       17 2.0D-02 -8.246D+06  2.309D-14 1.7D-05 2.7D-05    1    0 1.37D+02 6.20D-02 6.20D-02 4.793D+01     1.97
       18 2.0D-02 -8.246D+06  2.220D-14 1.7D-05 2.6D-05    2    0 3.59D+01 1.75D-01 1.75D-01 4.800D+01     3.82
       19 2.0D-02 -8.246D+06  2.220D-14 1.7D-05 2.6D-05    1    0 1.40D+02 8.97D-02 8.97D-02 5.626D+01     2.48
       20 2.0D-02 -8.247D+06  2.132D-14 1.6D-05 2.5D-05    2    0 3.72D+01 1.54D-01 1.54D-01 5.596D+01     4.11

    inner barrier   scaled     scaled     min     min    NW   SE     dx      alpha    alpha    inner   time (s)
     ite   param   obj func     feas      x-l     u-x   pert pert   norm      max             opt err 
       21 2.0D-02 -8.247D+06  2.220D-14 1.6D-05 2.5D-05    1    0 1.86D+02 4.00D-02 4.00D-02 8.994D+01     2.25
       22 2.0D-02 -8.247D+06  2.220D-14 1.6D-05 2.5D-05    2    0 3.87D+01 9.95D-03 9.95D-03 6.031D+01     2.62
       23 2.0D-02 -8.247D+06  2.220D-14 1.6D-05 2.5D-05    1    0 1.94D+02 5.97D-02 5.97D-02 1.344D+02     2.12
       24 2.0D-02 -8.247D+06  2.132D-14 1.6D-05 2.5D-05    2    0 4.07D+01 4.65D-02 4.65D-02 6.997D+01     3.52
       25 2.0D-02 -8.247D+06  2.220D-14 5.5D-06 2.5D-05    1    0 2.06D+02 7.85D-03 7.85D-03 2.388D+02     2.32
       26 2.0D-02 -8.248D+06  2.132D-14 1.5D-05 2.4D-05    2    0 4.06D+01 4.76D-01 4.76D-01 6.644D+01     3.73
       27 2.0D-02 -8.248D+06  2.132D-14 1.5D-05 2.4D-05    1    0 4.15D+02 6.51D-03 6.51D-03 4.657D+02     2.19
       28 2.0D-02 -8.248D+06  2.132D-14 1.5D-05 2.4D-05    2    0 4.39D+01 7.04D-03 7.04D-03 1.152D+02     3.78
       29 2.0D-02 -8.248D+06  2.132D-14 1.5D-05 2.3D-05    2    0 1.51D+01 5.38D-01 5.38D-01 4.825D+01     3.71
       30 2.0D-02 -8.248D+06  2.132D-14 1.5D-05 2.3D-05    1    0 4.62D+01 1.91D-02 1.91D-02 6.684D+01     2.32

    inner barrier   scaled     scaled     min     min    NW   SE     dx      alpha    alpha    inner   time (s)
     ite   param   obj func     feas      x-l     u-x   pert pert   norm      max             opt err 
       31 2.0D-02 -8.248D+06  2.220D-14 1.5D-05 2.3D-05    2    0 1.56D+01 6.74D-01 6.74D-01 3.457D+01     4.09
       32 2.0D-02 -8.248D+06  2.220D-14 1.2D-05 2.3D-05    1    0 5.31D+01 2.58D-02 2.58D-02 4.492D+01     2.00
       33 2.0D-02 -8.249D+06  2.220D-14 1.5D-05 2.3D-05    2    0 1.71D+01 6.19D-01 6.19D-01 3.871D+01     3.81
       34 2.0D-02 -8.249D+06  2.220D-14 1.5D-05 2.3D-05    1    0 6.60D+01 2.54D-01 2.54D-01 4.561D+01     2.25
       35 2.0D-02 -8.249D+06  2.220D-14 1.5D-05 2.3D-05    2    0 2.16D+01 1.50D-01 1.50D-01 4.731D+01     3.53
       36 2.0D-02 -8.250D+06  2.220D-14 1.5D-05 2.3D-05    1    0 8.87D+01 1.86D-01 1.86D-01 5.474D+01     1.98
       37 2.0D-02 -8.250D+06  2.220D-14 1.5D-05 2.3D-05    2    0 2.67D+01 1.21D-01 1.21D-01 5.657D+01     3.74
       38 2.0D-02 -8.250D+06  2.132D-14 8.0D-06 2.3D-05    1    0 1.14D+02 7.45D-03 7.45D-03 1.443D+02     2.12
       39 2.0D-02 -8.250D+06  2.220D-14 1.5D-05 2.3D-05    2    0 2.85D+01 6.78D-01 6.78D-01 5.391D+01     3.55
       40 2.0D-02 -8.251D+06  2.220D-14 1.5D-05 2.3D-05    1    0 1.69D+02 4.41D-02 4.41D-02 9.312D+01     2.43

    inner barrier   scaled     scaled     min     min    NW   SE     dx      alpha    alpha    inner   time (s)
     ite   param   obj func     feas      x-l     u-x   pert pert   norm      max             opt err 
       41 2.0D-02 -8.251D+06  2.220D-14 1.5D-05 2.3D-05    2    0 3.60D+01 6.46D-03 6.46D-03 4.993D+01     3.64
       42 2.0D-02 -8.251D+06  2.220D-14 1.5D-05 2.3D-05    1    0 2.24D+02 6.62D-02 6.62D-02 1.258D+02     2.30
       43 2.0D-02 -8.251D+06  2.220D-14 1.5D-05 2.3D-05    2    0 4.22D+01 1.43D-02 1.43D-02 5.488D+01     3.98
       44 2.0D-02 -8.251D+06  2.220D-14 1.5D-05 2.3D-05    1    0 2.71D+02 2.78D-02 2.78D-02 1.877D+02     2.02
       45 2.0D-02 -8.251D+06  2.220D-14 1.5D-05 2.3D-05    2    0 3.57D+01 1.21D-02 1.21D-02 5.460D+01     3.77
       46 2.0D-02 -8.252D+06  2.220D-14 1.5D-05 2.3D-05    1    0 6.18D+02 9.20D-03 9.20D-03 7.689D+02     2.32
       47 2.0D-02 -8.252D+06  2.132D-14 1.5D-05 2.3D-05    2    0 3.48D+01 2.16D-02 2.16D-02 4.693D+01     3.89
       48 2.0D-02 -8.252D+06  2.132D-14 1.5D-05 2.3D-05    2    0 1.20D+01 1.00D+00 1.00D+00 5.376D+01     4.09
       49 2.0D-02 -8.252D+06  2.132D-14 1.5D-05 2.3D-05    1    0 4.07D+01 1.61D-01 1.61D-01 6.069D+01     2.28
       50 2.0D-02 -8.252D+06  2.132D-14 1.5D-05 2.3D-05    2    0 1.29D+01 1.07D-02 1.07D-02 4.845D+01     4.14

    inner barrier   scaled     scaled     min     min    NW   SE     dx      alpha    alpha    inner   time (s)
     ite   param   obj func     feas      x-l     u-x   pert pert   norm      max             opt err 
       51 2.0D-02 -8.252D+06  2.132D-14 1.5D-05 2.3D-05    1    0 3.76D+01 1.17D-01 1.17D-01 4.989D+01     2.32
       52 2.0D-02 -8.252D+06  2.132D-14 1.5D-05 2.3D-05    2    0 1.13D+01 4.16D-02 4.16D-02 4.881D+01     3.71
       53 2.0D-02 -8.252D+06  2.132D-14 1.5D-05 2.3D-05    1    0 3.43D+01 9.07D-02 9.07D-02 4.638D+01     1.98
       54 2.0D-02 -8.252D+06  2.043D-14 1.5D-05 2.3D-05    2    0 1.05D+01 9.48D-02 9.48D-02 3.353D+01     3.97
       55 2.0D-02 -8.253D+06  2.132D-14 1.5D-05 2.3D-05    1    0 2.96D+01 3.79D-01 3.79D-01 3.178D+01     1.93
       56 2.0D-02 -8.253D+06  2.132D-14 1.5D-05 2.3D-05    2    0 1.10D+01 8.92D-02 8.92D-02 3.162D+01     3.53
       57 2.0D-02 -8.253D+06  2.132D-14 1.5D-05 2.3D-05    1    0 2.93D+01 1.46D-01 1.46D-01 3.091D+01     2.30
       58 2.0D-02 -8.253D+06  2.132D-14 1.5D-05 2.3D-05    2    0 1.12D+01 7.23D-01 7.23D-01 2.950D+01     3.10
       59 2.0D-02 -8.253D+06  2.043D-14 1.5D-05 2.3D-05    1    0 3.13D+01 3.62D-01 3.62D-01 2.769D+01     2.34
       60 2.0D-02 -8.253D+06  2.132D-14 1.5D-05 2.3D-05    2    0 1.16D+01 7.16D-01 7.16D-01 2.629D+01     3.55

    inner barrier   scaled     scaled     min     min    NW   SE     dx      alpha    alpha    inner   time (s)
     ite   param   obj func     feas      x-l     u-x   pert pert   norm      max             opt err 
       61 2.0D-02 -8.254D+06  2.132D-14 1.5D-05 2.3D-05    1    0 3.67D+01 8.61D-02 8.61D-02 4.617D+01     1.96
       62 2.0D-02 -8.254D+06  2.132D-14 1.5D-05 2.3D-05    2    0 1.27D+01 8.03D-01 8.03D-01 3.723D+01     3.60
       63 2.0D-02 -8.254D+06  2.132D-14 1.5D-05 2.3D-05    1    0 4.98D+01 7.16D-02 7.16D-02 9.633D+01     2.03
       64 2.0D-02 -8.254D+06  2.132D-14 1.5D-05 2.3D-05    2    0 1.38D+01 6.36D-03 6.36D-03 3.916D+01     3.66
       65 2.0D-02 -8.254D+06  2.132D-14 1.5D-05 2.3D-05    1    0 3.05D+01 3.47D-01 3.47D-01 1.026D+02     1.98
       66 2.0D-02 -8.254D+06  2.132D-14 1.5D-05 2.3D-05    2    0 1.18D+01 3.36D-01 3.36D-01 2.128D+01     3.30
       67 2.0D-02 -8.254D+06  2.132D-14 1.5D-05 2.3D-05    1    0 4.10D+01 3.83D-01 3.83D-01 3.478D+01     1.75
       68 2.0D-02 -8.254D+06  2.132D-14 1.5D-05 2.3D-05    2    0 1.45D+01 3.61D-02 3.61D-02 1.918D+01     3.87
