
 ==============================================================================
 This is ALGENCAN 3.1.1.
 ALGENCAN, an Augmented Lagrangian method for nonlinear programming, is part of
 the TANGO Project: Trustable Algorithms for Nonlinear General Optimization.
 See http://www.ime.usp.br/~egbirgin/tango/ for details.
 ==============================================================================

 Processing array of parameters with   3 entrances:

 IGNORE-OBJECTIVE-FUNCTION                    
 ITERATIONS-OUTPUT-DETAIL                                                    11
 NEWTON-LINE-SEARCH-INNER-SOLVER                                    'MA57 MC64'

 The specification file is not being used.

 Available HSL subroutines = MA57           

 ALGENCAN PARAMETERS:

 firstde                =                    T
 seconde                =                    T
 truehpr                =                    T
 hptype in TN           =               TRUEHP
 lsslvr in TR           =            MA57/NONE
 lsslvr in NW           =            MA57/MC64
 lsslvr in ACCPROC      =            MA57/NONE
 innslvr                =                   NW
 accproc                =                    T
 rmfixv                 =                    T
 slacks                 =                    F
 scale                  =                    T
 epsfeas                =           1.0000D-09
 epsopt                 =           1.0000D-08
 efstain                =           3.1623D-05
 eostain                =           1.0000D-12
 efacc                  =           3.1623D-05
 eoacc                  =           1.0000D-04
 iprint                 =                   11
 ncomp                  =                    6

 Specification filename =                   ''
 Output filename        =          'lcmin.out'
 Solution filename      =                   ''

 Number of variables               :   10000
 Number of equality constraints    :    5000
 Number of inequality constraints  :       0
 Number of bound constraints       :   20000
 Number of fixed variables         :       0

 There are no fixed variables to be removed.

 Objective function scale factor   : 1.0D+00
 Smallest constraints scale factor : 2.5D-01

     Entry to GENCAN.
     Number of variables:   10000
     Required optimality tolerance: 1.0D-08

     It         function  gpsupn   xsupn stesupn   nfree   SPGit in-face    fcnt
      0   4.61546835D-11 1.2D-08 1.2D+00
      1   7.21009572D-15 1.0D-09 1.2D+00 4.0D-03   10000       0       1       3
      2   1.71270086D-24 2.9D-14 1.2D+00 6.2D-06   10000       0       2       4

     Flag of GENCAN: Solution was found.


 User-provided subroutines calls counters: 

 Subroutine fsub     (coded=F):        0
 Subroutine gsub     (coded=F):        0
 Subroutine hsub     (coded=F):        0
 Subroutine csub     (coded=F):        0 (       0 calls per constraint in avg)
 Subroutine jacsub   (coded=F):        0 (       0 calls per constraint in avg)
 Subroutine hcsub    (coded=F):        0 (       0 calls per constraint in avg)
 Subroutine fcsub    (coded=T):        4
 Subroutine gjacsub  (coded=T):        5
 Subroutine gjacpsub (coded=F):        0
 Subroutine hlsub    (coded=T):        2
 Subroutine hlpsub   (coded=F):        0


 Total CPU time in seconds =     0.59

 ==============================================================================

 Initial point computed successfully.

                                            achieved                  desired        
 Unscaled feasibility ..............:   4.3876013933186186D-12   1.0000000000000001D-09
 Smallest distance to lower bound ..:   3.0830017218262107D-01   1.0000000000000000D-03
 Smallest distance to upper bound ..:   8.8366223521363843D+00   3.1149622790653503D-02

 Starting LCMIN.
 Number of variables   :   10000
 Number of constraints :    5000

 Scale factor for the objective function   : 8.8D-04
 Smallest scale factor for the constraints : 1.0D+00

 ==========================================================
 outer barrier   objective       scaled      outer   inner
  ite   param     function     obj funct    opt err   ite 
     0 1.0D-01 -1.253788D+08 -1.104315D+05 5.703D+01     0 

    inner barrier   scaled     scaled     min     min    NW   SE     dx      alpha    alpha    inner   time (s)
     ite   param   obj func     feas      x-l     u-x   pert pert   norm      max             opt err 
        1 1.0D-01 -1.816D+05  4.388D-12 3.3D-01 8.2D+00    4    0 1.99D+03 1.00D+00 1.00D+00 1.350D+02     3.58
        2 1.0D-01 -2.284D+05  4.388D-12 2.0D-01 7.5D+00    2    0 9.06D+02 1.00D+00 1.00D+00 1.744D+02     2.97
        3 1.0D-01 -3.395D+05  4.388D-12 2.0D-03 5.8D+00    1    0 5.50D+03 2.82D-01 2.82D-01 2.762D+02     2.84
        4 1.0D-01 -3.460D+05  4.388D-12 2.0D-05 5.7D+00    2    0 1.62D+03 5.04D-02 5.04D-02 2.810D+02     1.52
        5 1.0D-01 -4.111D+05  4.388D-12 1.1D-04 4.7D+00    1    0 9.59D+03 7.21D-02 7.21D-02 3.349D+02     1.03
        6 1.0D-01 -4.516D+05  4.388D-12 1.1D-04 4.2D+00    2    0 2.08D+03 2.02D-01 2.02D-01 3.715D+02     1.97
        7 1.0D-01 -5.796D+05  4.388D-12 1.7D-04 2.0D+00    1    0 1.59D+04 6.51D-02 6.51D-02 3.661D+02     1.41
        8 1.0D-01 -6.562D+05  4.388D-12 2.2D-04 1.1D+00    2    0 2.90D+03 2.10D-01 2.10D-01 5.542D+02     1.37
        9 1.0D-01 -7.001D+05  4.388D-12 2.2D-04 1.1D-02    1    0 3.33D+04 7.70D-03 7.70D-03 9.276D+02     1.50
       10 1.0D-01 -7.955D+05  4.388D-12 3.9D-04 1.3D-03    2    0 3.71D+03 1.81D-01 1.81D-01 5.236D+02     2.54

    inner barrier   scaled     scaled     min     min    NW   SE     dx      alpha    alpha    inner   time (s)
     ite   param   obj func     feas      x-l     u-x   pert pert   norm      max             opt err 
       11 1.0D-01 -8.790D+05  4.388D-12 3.8D-04 1.3D-03    1    0 9.31D+04 4.34D-03 4.34D-03 1.017D+03     1.39
       12 1.0D-01 -1.065D+06  4.388D-12 4.5D-04 1.1D-03    2    0 4.63D+03 2.61D-01 2.61D-01 4.501D+02     1.83
       13 1.0D-01 -1.075D+06  4.388D-12 1.3D-05 1.1D-03    2    0 1.52D+03 4.09D-02 4.09D-02 4.623D+02     2.75
       14 1.0D-01 -1.213D+06  4.388D-12 3.5D-05 9.3D-04    1    0 6.04D+03 1.35D-01 1.35D-01 4.066D+02     2.29
       15 1.0D-01 -1.265D+06  4.388D-12 7.3D-06 8.1D-04    2    0 1.83D+03 1.65D-01 1.65D-01 4.843D+02     2.53
       16 1.0D-01 -1.341D+06  4.388D-12 1.5D-05 7.7D-04    1    0 7.63D+03 5.59D-02 5.59D-02 1.229D+03     2.44
       17 1.0D-01 -1.395D+06  4.388D-12 2.5D-05 6.9D-04    2    0 2.15D+03 1.41D-01 1.41D-01 6.141D+02     1.83
       18 1.0D-01 -1.526D+06  4.388D-12 2.5D-05 6.5D-04    1    0 9.38D+03 7.60D-02 7.60D-02 1.577D+03     2.47
       19 1.0D-01 -1.548D+06  4.388D-12 5.3D-06 6.2D-04    2    0 2.56D+03 4.57D-02 4.57D-02 1.750D+03     3.90
       20 1.0D-01 -1.679D+06  4.388D-12 9.3D-06 5.9D-04    1    0 1.16D+04 5.93D-02 5.93D-02 2.081D+03     2.30

    inner barrier   scaled     scaled     min     min    NW   SE     dx      alpha    alpha    inner   time (s)
     ite   param   obj func     feas      x-l     u-x   pert pert   norm      max             opt err 
       21 1.0D-01 -1.691D+06  4.388D-12 4.6D-06 5.9D-04    2    0 2.99D+03 2.05D-02 2.05D-02 2.134D+03     2.77
       22 1.0D-01 -1.842D+06  4.388D-12 1.1D-05 5.6D-04    1    0 1.43D+04 5.49D-02 5.49D-02 2.542D+03     2.30
       23 1.0D-01 -1.871D+06  4.388D-12 1.3D-05 5.4D-04    2    0 3.46D+03 4.38D-02 4.38D-02 1.611D+03     3.72
       24 1.0D-01 -1.995D+06  4.388D-12 1.4D-05 5.3D-04    1    0 1.80D+04 3.51D-02 3.51D-02 1.663D+03     3.38
       25 1.0D-01 -2.036D+06  4.388D-12 1.5D-05 5.1D-04    2    0 3.95D+03 5.23D-02 5.23D-02 1.212D+03     3.75
       26 1.0D-01 -2.182D+06  4.388D-12 1.5D-05 5.0D-04    1    0 2.29D+04 3.18D-02 3.18D-02 1.251D+03     2.55
       27 1.0D-01 -2.230D+06  4.388D-12 1.6D-05 4.8D-04    2    0 4.49D+03 5.26D-02 5.26D-02 9.426D+02     3.92
       28 1.0D-01 -2.336D+06  4.388D-12 1.6D-05 4.7D-04    1    0 2.86D+04 1.90D-02 1.90D-02 1.120D+03     2.41
       29 1.0D-01 -2.374D+06  4.388D-12 1.6D-05 4.6D-04    2    0 4.95D+03 3.94D-02 3.94D-02 1.115D+03     3.80
       30 1.0D-01 -2.482D+06  4.388D-12 1.7D-05 4.5D-04    1    0 3.49D+04 1.66D-02 1.66D-02 1.315D+03     2.35

    inner barrier   scaled     scaled     min     min    NW   SE     dx      alpha    alpha    inner   time (s)
     ite   param   obj func     feas      x-l     u-x   pert pert   norm      max             opt err 
       31 1.0D-01 -2.537D+06  4.388D-12 1.7D-05 4.4D-04    2    0 5.36D+03 5.52D-02 5.52D-02 9.998D+02     3.72
       32 1.0D-01 -2.602D+06  4.388D-12 1.7D-05 4.3D-04    1    0 4.36D+04 8.63D-03 8.63D-03 1.779D+03     3.35
       33 1.0D-01 -2.665D+06  4.388D-12 1.8D-05 4.2D-04    2    0 5.79D+03 6.09D-02 6.09D-02 1.392D+03     2.85
       34 1.0D-01 -2.749D+06  4.388D-12 1.8D-05 4.1D-04    1    0 6.35D+04 8.56D-03 8.56D-03 1.733D+03     3.72
       35 1.0D-01 -2.786D+06  4.388D-12 5.2D-06 4.1D-04    2    0 6.61D+03 3.09D-02 3.09D-02 1.249D+03     2.87
       36 1.0D-01 -2.826D+06  4.388D-12 2.0D-05 3.8D-04    2    0 2.33D+03 8.34D-02 8.34D-02 8.747D+02     2.80
       37 1.0D-01 -2.934D+06  4.388D-12 2.1D-05 3.7D-04    1    0 8.34D+03 6.75D-02 6.75D-02 9.563D+02     2.60
       38 1.0D-01 -2.965D+06  4.388D-12 2.2D-05 3.5D-04    2    0 2.66D+03 5.62D-02 5.62D-02 5.913D+02     2.88
       39 1.0D-01 -3.049D+06  4.388D-12 2.2D-05 3.4D-04    1    0 9.75D+03 4.55D-02 4.55D-02 1.052D+03     1.50
       40 1.0D-01 -3.073D+06  4.388D-12 2.3D-05 3.4D-04    2    0 2.96D+03 3.81D-02 3.81D-02 6.900D+02     1.86

    inner barrier   scaled     scaled     min     min    NW   SE     dx      alpha    alpha    inner   time (s)
     ite   param   obj func     feas      x-l     u-x   pert pert   norm      max             opt err 
       41 1.0D-01 -3.162D+06  4.388D-12 2.4D-05 3.3D-04    1    0 1.13D+04 4.26D-02 4.26D-02 8.203D+02     1.49
       42 1.0D-01 -3.211D+06  4.388D-12 2.5D-05 3.1D-04    2    0 3.30D+03 7.35D-02 7.35D-02 1.384D+03     1.86
       43 1.0D-01 -3.311D+06  4.388D-12 2.6D-05 3.1D-04    1    0 1.34D+04 4.08D-02 4.08D-02 1.496D+03     1.49
       44 1.0D-01 -3.322D+06  4.388D-12 1.1D-05 3.1D-04    2    0 3.71D+03 1.55D-02 1.55D-02 1.249D+03     2.88
       45 1.0D-01 -3.419D+06  4.388D-12 1.4D-05 3.0D-04    1    0 1.61D+04 3.33D-02 3.33D-02 2.553D+03     2.19
       46 1.0D-01 -3.445D+06  4.388D-12 1.6D-05 2.9D-04    2    0 4.18D+03 3.18D-02 3.18D-02 1.803D+03     2.84
       47 1.0D-01 -3.550D+06  4.388D-12 1.8D-05 2.9D-04    1    0 1.99D+04 3.00D-02 3.00D-02 1.369D+03     1.45
       48 1.0D-01 -3.585D+06  4.388D-12 2.0D-05 2.8D-04    2    0 4.71D+03 3.78D-02 3.78D-02 9.799D+02     1.98
       49 1.0D-01 -3.653D+06  4.388D-12 2.1D-05 2.8D-04    1    0 2.40D+04 1.68D-02 1.68D-02 1.247D+03     2.48
       50 1.0D-01 -3.683D+06  4.388D-12 2.5D-06 2.8D-04    2    0 5.12D+03 3.12D-02 3.12D-02 1.044D+03     2.83

    inner barrier   scaled     scaled     min     min    NW   SE     dx      alpha    alpha    inner   time (s)
     ite   param   obj func     feas      x-l     u-x   pert pert   norm      max             opt err 
       51 1.0D-01 -3.797D+06  4.388D-12 1.2D-05 2.7D-04    1    0 2.83D+04 2.53D-02 2.53D-02 1.584D+03     2.32
       52 1.0D-01 -3.840D+06  4.388D-12 2.4D-05 2.7D-04    2    0 5.65D+03 4.30D-02 4.30D-02 8.262D+02     1.89
       53 1.0D-01 -3.919D+06  4.388D-12 2.5D-05 2.7D-04    1    0 3.76D+04 1.39D-02 1.39D-02 1.754D+03     1.47
       54 1.0D-01 -3.926D+06  4.388D-12 3.1D-06 2.7D-04    2    0 6.35D+03 6.86D-03 6.86D-03 1.019D+03     1.98
       55 1.0D-01 -4.008D+06  4.388D-12 3.0D-05 2.5D-04    2    0 2.42D+03 1.57D-01 1.57D-01 9.413D+02     2.86
       56 1.0D-01 -4.070D+06  4.388D-12 3.0D-05 2.4D-04    1    0 7.91D+03 4.20D-02 4.20D-02 1.092D+03     1.51
       57 1.0D-01 -4.102D+06  4.388D-12 1.6D-05 2.4D-04    2    0 2.69D+03 5.75D-02 5.75D-02 8.048D+02     1.89
       58 1.0D-01 -4.163D+06  4.388D-12 3.1D-05 2.3D-04    1    0 8.97D+03 3.77D-02 3.77D-02 9.496D+02     1.51
       59 1.0D-01 -4.200D+06  4.388D-12 3.1D-05 2.3D-04    2    0 2.95D+03 6.27D-02 6.27D-02 6.323D+02     1.98
       60 1.0D-01 -4.268D+06  4.388D-12 3.1D-05 2.2D-04    1    0 1.02D+04 3.88D-02 3.88D-02 7.585D+02     2.42

    inner barrier   scaled     scaled     min     min    NW   SE     dx      alpha    alpha    inner   time (s)
     ite   param   obj func     feas      x-l     u-x   pert pert   norm      max             opt err 
       61 1.0D-01 -4.285D+06  4.388D-12 3.1D-05 2.2D-04    2    0 3.23D+03 2.67D-02 2.67D-02 6.372D+02     1.99
       62 1.0D-01 -4.346D+06  4.388D-12 3.1D-05 2.2D-04    1    0 1.17D+04 3.14D-02 3.14D-02 5.895D+02     2.09
       63 1.0D-01 -4.387D+06  4.388D-12 3.2D-05 2.1D-04    2    0 3.55D+03 6.14D-02 6.14D-02 4.830D+02     2.89
       64 1.0D-01 -4.425D+06  4.388D-12 3.2D-05 2.1D-04    1    0 1.35D+04 1.75D-02 1.75D-02 8.920D+02     1.44
       65 1.0D-01 -4.436D+06  4.388D-12 8.7D-07 2.1D-04    2    0 3.86D+03 1.43D-02 1.43D-02 3.328D+03     1.98
       66 1.0D-01 -4.470D+06  4.388D-12 3.5D-06 2.1D-04    1    0 1.58D+04 1.41D-02 1.41D-02 4.942D+03     2.39
       67 1.0D-01 -4.507D+06  4.388D-12 1.2D-05 2.1D-04    2    0 4.23D+03 4.93D-02 4.93D-02 3.989D+03     3.84
       68 1.0D-01 -4.566D+06  4.388D-12 1.3D-05 2.1D-04    1    0 1.90D+04 2.07D-02 2.07D-02 1.679D+03     1.37
       69 1.0D-01 -4.579D+06  4.388D-12 4.9D-06 2.0D-04    2    0 4.64D+03 1.63D-02 1.63D-02 6.446D+02     3.75
       70 1.0D-01 -4.646D+06  4.388D-12 1.5D-05 2.0D-04    1    0 2.28D+04 2.02D-02 2.02D-02 1.370D+03     2.49

    inner barrier   scaled     scaled     min     min    NW   SE     dx      alpha    alpha    inner   time (s)
     ite   param   obj func     feas      x-l     u-x   pert pert   norm      max             opt err 
       71 1.0D-01 -4.657D+06  4.388D-12 1.3D-06 2.0D-04    2    0 5.01D+03 1.35D-02 1.35D-02 2.043D+03     3.91
       72 1.0D-01 -4.713D+06  4.388D-12 3.9D-06 2.0D-04    1    0 2.59D+04 1.61D-02 1.61D-02 3.459D+03     1.53
       73 1.0D-01 -4.743D+06  4.388D-12 8.6D-06 2.0D-04    2    0 5.37D+03 3.51D-02 3.51D-02 2.766D+03     1.97
       74 1.0D-01 -4.802D+06  4.388D-12 9.9D-06 2.0D-04    1    0 3.03D+04 1.60D-02 1.60D-02 3.480D+03     1.50
       75 1.0D-01 -4.828D+06  4.388D-12 6.0D-06 2.0D-04    2    0 5.80D+03 3.10D-02 3.10D-02 2.241D+03     2.06
       76 1.0D-01 -4.859D+06  4.388D-12 1.3D-05 2.0D-04    1    0 3.70D+04 7.73D-03 7.73D-03 2.741D+03     1.54
       77 1.0D-01 -4.876D+06  4.388D-12 1.4D-05 2.0D-04    2    0 6.26D+03 1.84D-02 1.84D-02 1.504D+03     2.89
       78 1.0D-01 -4.906D+06  4.388D-12 1.4D-05 2.0D-04    1    0 5.19D+04 6.06D-03 6.06D-03 1.675D+03     3.31
       79 1.0D-01 -4.921D+06  4.388D-12 1.5D-05 1.9D-04    2    0 7.10D+03 1.60D-02 1.60D-02 8.630D+02     2.98
       80 1.0D-01 -4.940D+06  4.388D-12 1.5D-06 1.9D-04    2    0 2.90D+03 3.58D-02 3.58D-02 1.346D+03     3.90

    inner barrier   scaled     scaled     min     min    NW   SE     dx      alpha    alpha    inner   time (s)
     ite   param   obj func     feas      x-l     u-x   pert pert   norm      max             opt err 
       81 1.0D-01 -4.962D+06  4.388D-12 1.7D-05 1.9D-04    1    0 9.10D+03 1.65D-02 1.65D-02 1.582D+03     1.54
       82 1.0D-01 -4.988D+06  4.388D-12 2.0D-05 1.9D-04    2    0 3.21D+03 4.53D-02 4.53D-02 1.144D+03     1.85
       83 1.0D-01 -5.033D+06  4.388D-12 2.1D-05 1.9D-04    1    0 1.04D+04 3.05D-02 3.05D-02 1.129D+03     1.46
       84 1.0D-01 -5.056D+06  4.388D-12 2.2D-05 1.9D-04    2    0 3.47D+03 3.87D-02 3.87D-02 9.183D+02     2.96
       85 1.0D-01 -5.090D+06  4.388D-12 2.3D-05 1.8D-04    1    0 1.17D+04 2.19D-02 2.19D-02 1.060D+03     2.47
       86 1.0D-01 -5.105D+06  4.388D-12 2.3D-05 1.8D-04    2    0 3.75D+03 2.47D-02 2.47D-02 8.756D+02     4.10
       87 1.0D-01 -5.154D+06  4.388D-12 2.4D-05 1.8D-04    1    0 1.34D+04 2.89D-02 2.89D-02 1.094D+03     2.48
       88 1.0D-01 -5.168D+06  4.388D-12 1.7D-05 1.8D-04    2    0 4.09D+03 2.27D-02 2.27D-02 9.337D+02     3.25
       89 1.0D-01 -5.203D+06  4.388D-12 2.5D-05 1.8D-04    1    0 1.57D+04 1.89D-02 1.89D-02 1.086D+03     2.39
       90 1.0D-01 -5.220D+06  4.388D-12 3.8D-06 1.8D-04    2    0 4.49D+03 2.38D-02 2.38D-02 9.641D+02     4.23

    inner barrier   scaled     scaled     min     min    NW   SE     dx      alpha    alpha    inner   time (s)
     ite   param   obj func     feas      x-l     u-x   pert pert   norm      max             opt err 
       91 1.0D-01 -5.256D+06  4.388D-12 2.0D-05 1.8D-04    1    0 1.90D+04 1.70D-02 1.70D-02 2.001D+03     1.44
       92 1.0D-01 -5.269D+06  4.388D-12 2.6D-05 1.8D-04    2    0 4.94D+03 1.77D-02 1.77D-02 1.207D+03     3.89
       93 1.0D-01 -5.301D+06  4.388D-12 2.6D-05 1.8D-04    1    0 2.41D+04 1.23D-02 1.23D-02 1.636D+03     3.49
       94 1.0D-01 -5.310D+06  4.388D-12 4.6D-06 1.8D-04    2    0 5.47D+03 1.26D-02 1.26D-02 1.198D+03     4.03
       95 1.0D-01 -5.334D+06  4.388D-12 2.3D-05 1.8D-04    1    0 3.22D+04 7.39D-03 7.39D-03 1.309D+03     3.42
       96 1.0D-01 -5.342D+06  4.388D-12 2.2D-05 1.8D-04    2    0 6.02D+03 9.45D-03 9.45D-03 1.046D+03     3.94
       97 1.0D-01 -5.367D+06  4.388D-12 2.6D-05 1.8D-04    1    0 5.10D+04 5.70D-03 5.70D-03 1.523D+03     3.15
       98 1.0D-01 -5.379D+06  4.388D-12 5.9D-06 1.8D-04    2    0 6.76D+03 1.32D-02 1.32D-02 9.586D+02     5.59
       99 1.0D-01 -5.389D+06  4.388D-12 1.8D-05 1.8D-04    2    0 2.77D+03 2.11D-02 2.11D-02 8.033D+02     2.94
      100 1.0D-01 -5.409D+06  4.388D-12 2.6D-05 1.8D-04    1    0 8.31D+03 1.70D-02 1.70D-02 1.465D+03     1.50

    inner barrier   scaled     scaled     min     min    NW   SE     dx      alpha    alpha    inner   time (s)
     ite   param   obj func     feas      x-l     u-x   pert pert   norm      max             opt err 
      101 1.0D-01 -5.425D+06  4.388D-12 2.6D-05 1.7D-04    2    0 3.02D+03 3.20D-02 3.20D-02 1.311D+03     4.78
      102 1.0D-01 -5.452D+06  4.388D-12 2.6D-05 1.7D-04    1    0 9.34D+03 2.17D-02 2.17D-02 1.443D+03     2.67
      103 1.0D-01 -5.463D+06  4.388D-12 2.6D-05 1.7D-04    2    0 3.25D+03 2.14D-02 2.14D-02 1.233D+03     3.89
      104 1.0D-01 -5.488D+06  4.388D-12 2.6D-05 1.7D-04    1    0 1.04D+04 1.88D-02 1.88D-02 1.114D+03     3.46
      105 1.0D-01 -5.505D+06  4.388D-12 2.6D-05 1.7D-04    2    0 3.47D+03 3.08D-02 3.08D-02 8.465D+02     4.77
      106 1.0D-01 -5.533D+06  4.388D-12 2.6D-05 1.7D-04    1    0 1.14D+04 2.08D-02 2.08D-02 1.044D+03     3.89
      107 1.0D-01 -5.543D+06  4.388D-12 2.6D-05 1.7D-04    2    0 3.68D+03 1.88D-02 1.88D-02 8.081D+02     5.52
      108 1.0D-01 -5.572D+06  4.388D-12 2.6D-05 1.7D-04    1    0 1.26D+04 2.04D-02 2.04D-02 1.153D+03     3.58
      109 1.0D-01 -5.592D+06  4.388D-12 1.3D-05 1.7D-04    2    0 3.91D+03 3.50D-02 3.50D-02 9.285D+02     6.44
      110 1.0D-01 -5.625D+06  4.388D-12 1.7D-05 1.7D-04    1    0 1.41D+04 2.28D-02 2.28D-02 1.354D+03     4.54

    inner barrier   scaled     scaled     min     min    NW   SE     dx      alpha    alpha    inner   time (s)
     ite   param   obj func     feas      x-l     u-x   pert pert   norm      max             opt err 
      111 1.0D-01 -5.635D+06  4.388D-12 2.5D-06 1.7D-04    2    0 4.14D+03 1.69D-02 1.69D-02 1.754D+03     6.05
      112 1.0D-01 -5.649D+06  4.388D-12 9.7D-06 1.7D-04    1    0 1.63D+04 8.91D-03 8.91D-03 3.148D+03     4.00
      113 1.0D-01 -5.667D+06  4.388D-12 1.7D-05 1.7D-04    2    0 4.42D+03 3.18D-02 3.18D-02 2.164D+03     7.03
      114 1.0D-01 -5.686D+06  4.388D-12 8.8D-07 1.7D-04    1    0 2.00D+04 1.07D-02 1.07D-02 2.782D+03     2.98
      115 1.0D-01 -5.700D+06  4.388D-12 2.3D-05 1.7D-04    2    0 4.89D+03 2.28D-02 2.28D-02 2.510D+03     5.74
      116 1.0D-01 -5.712D+06  4.388D-12 1.7D-05 1.6D-04    2    0 2.21D+03 2.94D-02 2.94D-02 1.944D+03     6.88
      117 1.0D-01 -5.740D+06  4.388D-12 2.0D-05 1.6D-04    1    0 6.09D+03 3.54D-02 3.54D-02 2.032D+03     4.27
      118 1.0D-01 -5.754D+06  4.388D-12 7.5D-07 1.6D-04    2    0 2.39D+03 3.33D-02 3.33D-02 1.691D+03     6.99
      119 1.0D-01 -5.779D+06  4.388D-12 2.3D-05 1.6D-04    1    0 6.69D+03 2.98D-02 2.98D-02 1.613D+03     3.63
      120 1.0D-01 -5.793D+06  4.388D-12 1.1D-05 1.6D-04    2    0 2.54D+03 3.43D-02 3.43D-02 1.229D+03     6.43

    inner barrier   scaled     scaled     min     min    NW   SE     dx      alpha    alpha    inner   time (s)
     ite   param   obj func     feas      x-l     u-x   pert pert   norm      max             opt err 
      121 1.0D-01 -5.813D+06  4.388D-12 2.4D-05 1.6D-04    1    0 7.16D+03 2.41D-02 2.41D-02 2.677D+03     4.35
      122 1.0D-01 -5.831D+06  4.388D-12 2.7D-05 1.6D-04    2    0 2.66D+03 4.27D-02 4.27D-02 1.567D+03     6.27
      123 1.0D-01 -5.853D+06  4.388D-12 2.7D-05 1.6D-04    1    0 7.61D+03 2.66D-02 2.66D-02 2.703D+03     4.47
      124 1.0D-01 -5.864D+06  4.388D-12 9.7D-06 1.6D-04    2    0 2.77D+03 2.76D-02 2.76D-02 1.753D+03     3.88
      125 1.0D-01 -5.881D+06  4.388D-12 2.7D-05 1.6D-04    1    0 8.20D+03 1.90D-02 1.90D-02 1.889D+03     4.57
      126 1.0D-01 -5.891D+06  4.388D-12 1.0D-05 1.6D-04    2    0 2.93D+03 2.57D-02 2.57D-02 1.839D+03     5.11
      127 1.0D-01 -5.906D+06  4.388D-12 1.4D-05 1.6D-04    1    0 8.91D+03 1.66D-02 1.66D-02 1.843D+03     3.38
      128 1.0D-01 -5.919D+06  4.388D-12 1.8D-05 1.6D-04    2    0 3.05D+03 3.31D-02 3.31D-02 1.787D+03     6.62
      129 1.0D-01 -5.934D+06  4.388D-12 2.1D-05 1.6D-04    1    0 9.54D+03 1.74D-02 1.74D-02 1.850D+03     2.69
      130 1.0D-01 -5.943D+06  4.388D-12 4.5D-06 1.6D-04    2    0 3.08D+03 2.22D-02 2.22D-02 1.540D+03     1.91

    inner barrier   scaled     scaled     min     min    NW   SE     dx      alpha    alpha    inner   time (s)
     ite   param   obj func     feas      x-l     u-x   pert pert   norm      max             opt err 
      131 1.0D-01 -5.958D+06  4.388D-12 1.2D-05 1.6D-04    1    0 1.10D+04 1.51D-02 1.51D-02 1.701D+03     1.46
      132 1.0D-01 -5.966D+06  4.388D-12 1.8D-05 1.6D-04    2    0 3.18D+03 2.15D-02 2.15D-02 1.488D+03     1.84
      133 1.0D-01 -5.983D+06  4.388D-12 2.0D-05 1.6D-04    1    0 1.45D+04 1.42D-02 1.42D-02 1.115D+03     1.41
      134 1.0D-01 -5.993D+06  4.388D-12 2.4D-05 1.6D-04    2    0 3.39D+03 2.37D-02 2.37D-02 1.034D+03     2.81
      135 1.0D-01 -6.004D+06  4.388D-12 2.5D-05 1.6D-04    1    0 1.56D+04 8.96D-03 8.96D-03 1.286D+03     1.44
      136 1.0D-01 -6.013D+06  4.388D-12 2.7D-05 1.6D-04    2    0 3.54D+03 2.09D-02 2.09D-02 7.806D+02     3.80
      137 1.0D-01 -6.027D+06  4.388D-12 2.7D-05 1.6D-04    1    0 1.54D+04 1.28D-02 1.28D-02 1.533D+03     2.41
      138 1.0D-01 -6.031D+06  4.388D-12 9.2D-06 1.6D-04    2    0 3.54D+03 9.61D-03 9.61D-03 1.037D+03     3.78
      139 1.0D-01 -6.052D+06  4.388D-12 2.8D-05 1.5D-04    2    0 1.66D+03 7.64D-02 7.64D-02 8.033D+02     2.84
      140 1.0D-01 -6.064D+06  4.388D-12 2.8D-05 1.5D-04    1    0 3.96D+03 2.45D-02 2.45D-02 4.193D+02     1.43

    inner barrier   scaled     scaled     min     min    NW   SE     dx      alpha    alpha    inner   time (s)
     ite   param   obj func     feas      x-l     u-x   pert pert   norm      max             opt err 
      141 1.0D-01 -6.084D+06  4.388D-12 2.8D-05 1.5D-04    2    0 1.67D+03 7.34D-02 7.34D-02 1.779D+02     2.80
      142 1.0D-01 -6.107D+06  4.388D-12 2.8D-05 1.5D-04    1    0 4.08D+03 5.10D-02 5.10D-02 2.630D+02     1.49
      143 1.0D-01 -6.119D+06  4.388D-12 2.8D-05 1.5D-04    2    0 1.66D+03 4.82D-02 4.82D-02 1.782D+02     1.90
      144 1.0D-01 -6.138D+06  4.388D-12 2.8D-05 1.5D-04    1    0 4.24D+03 4.44D-02 4.44D-02 2.641D+02     1.48
      145 1.0D-01 -6.148D+06  4.388D-12 2.5D-05 1.5D-04    2    0 1.66D+03 4.18D-02 4.18D-02 1.814D+02     1.86
      146 1.0D-01 -6.174D+06  4.388D-12 2.8D-05 1.5D-04    1    0 4.36D+03 6.15D-02 6.15D-02 2.635D+02     1.47
      147 1.0D-01 -6.182D+06  4.388D-12 1.6D-05 1.5D-04    2    0 1.66D+03 3.43D-02 3.43D-02 1.793D+02     1.89
      148 1.0D-01 -6.198D+06  4.388D-12 2.9D-05 1.5D-04    1    0 4.54D+03 3.98D-02 3.98D-02 2.529D+02     1.43
      149 1.0D-01 -6.207D+06  4.388D-12 2.9D-05 1.5D-04    2    0 1.69D+03 3.80D-02 3.80D-02 1.751D+02     1.88
      150 1.0D-01 -6.223D+06  4.388D-12 2.9D-05 1.5D-04    1    0 4.82D+03 3.96D-02 3.96D-02 2.139D+02     1.45

    inner barrier   scaled     scaled     min     min    NW   SE     dx      alpha    alpha    inner   time (s)
     ite   param   obj func     feas      x-l     u-x   pert pert   norm      max             opt err 
      151 1.0D-01 -6.228D+06  4.388D-12 2.9D-05 1.5D-04    2    0 1.75D+03 2.65D-02 2.65D-02 1.660D+02     1.91
      152 1.0D-01 -6.243D+06  4.388D-12 2.9D-05 1.5D-04    1    0 5.51D+03 3.53D-02 3.53D-02 2.144D+02     1.38
      153 1.0D-01 -6.250D+06  4.388D-12 1.2D-05 1.5D-04    2    0 1.88D+03 3.13D-02 3.13D-02 1.636D+02     1.87
      154 1.0D-01 -6.278D+06  4.388D-12 3.0D-05 1.5D-04    1    0 6.61D+03 6.02D-02 6.02D-02 2.099D+02     1.46
      155 1.0D-01 -6.283D+06  4.388D-12 3.0D-05 1.5D-04    2    0 2.06D+03 2.27D-02 2.27D-02 1.581D+02     2.75
      156 1.0D-01 -6.295D+06  4.388D-12 3.0D-05 1.5D-04    1    0 8.77D+03 2.06D-02 2.06D-02 2.100D+02     1.44
      157 1.0D-01 -6.298D+06  4.388D-12 3.0D-05 1.5D-04    2    0 2.27D+03 1.33D-02 1.33D-02 1.581D+02     1.89
      158 1.0D-01 -6.317D+06  4.388D-12 3.1D-05 1.5D-04    2    0 1.03D+03 1.26D-01 1.26D-01 1.130D+02     1.84
      159 1.0D-01 -6.337D+06  4.388D-12 3.1D-05 1.5D-04    1    0 2.47D+03 8.09D-02 8.09D-02 1.253D+02     2.46
      160 1.0D-01 -6.350D+06  4.388D-12 3.1D-05 1.5D-04    2    0 1.02D+03 9.55D-02 9.55D-02 9.860D+01     1.87

    inner barrier   scaled     scaled     min     min    NW   SE     dx      alpha    alpha    inner   time (s)
     ite   param   obj func     feas      x-l     u-x   pert pert   norm      max             opt err 
      161 1.0D-01 -6.364D+06  4.388D-12 3.1D-05 1.5D-04    1    0 2.61D+03 6.23D-02 6.23D-02 1.114D+02     1.46
      162 1.0D-01 -6.376D+06  4.388D-12 3.2D-05 1.5D-04    2    0 1.04D+03 8.95D-02 8.95D-02 8.947D+01     1.92
      163 1.0D-01 -6.394D+06  4.388D-12 3.2D-05 1.4D-04    1    0 2.80D+03 7.57D-02 7.57D-02 9.889D+01     1.43
      164 1.0D-01 -6.400D+06  4.388D-12 3.2D-05 1.4D-04    2    0 1.06D+03 5.72D-02 5.72D-02 8.173D+01     1.90
      165 1.0D-01 -6.418D+06  4.388D-12 3.2D-05 1.4D-04    1    0 2.95D+03 7.39D-02 7.39D-02 9.459D+01     1.44
      166 1.0D-01 -6.423D+06  4.388D-12 3.2D-05 1.4D-04    2    0 1.06D+03 4.18D-02 4.18D-02 7.325D+01     1.92
      167 1.0D-01 -6.441D+06  4.388D-12 3.3D-05 1.4D-04    1    0 3.09D+03 7.63D-02 7.63D-02 8.231D+01     1.41
      168 1.0D-01 -6.446D+06  4.388D-12 1.7D-05 1.4D-04    2    0 1.07D+03 5.06D-02 5.06D-02 6.540D+01     1.92
      169 1.0D-01 -6.457D+06  4.388D-12 3.3D-05 1.4D-04    1    0 3.25D+03 4.60D-02 4.60D-02 7.637D+01     1.42
      170 1.0D-01 -6.465D+06  4.388D-12 3.3D-05 1.4D-04    2    0 1.07D+03 6.99D-02 6.99D-02 5.937D+01     1.87

    inner barrier   scaled     scaled     min     min    NW   SE     dx      alpha    alpha    inner   time (s)
     ite   param   obj func     feas      x-l     u-x   pert pert   norm      max             opt err 
      171 1.0D-01 -6.478D+06  4.388D-12 3.3D-05 1.4D-04    1    0 3.51D+03 5.23D-02 5.23D-02 1.088D+02     1.43
      172 1.0D-01 -6.482D+06  4.388D-12 3.3D-05 1.4D-04    2    0 1.08D+03 3.58D-02 3.58D-02 5.528D+01     1.87
      173 1.0D-01 -6.491D+06  4.388D-12 3.3D-05 1.4D-04    1    0 3.98D+03 3.62D-02 3.62D-02 1.398D+02     1.70
      174 1.0D-01 -6.494D+06  4.388D-12 3.3D-05 1.4D-04    2    0 1.10D+03 2.53D-02 2.53D-02 5.256D+01     1.77
      175 1.0D-01 -6.500D+06  4.388D-12 3.3D-05 1.4D-04    1    0 4.78D+03 2.17D-02 2.17D-02 3.198D+02     1.50
      176 1.0D-01 -6.502D+06  4.388D-12 3.3D-05 1.4D-04    2    0 1.16D+03 1.41D-02 1.41D-02 5.389D+01     1.86
      177 1.0D-01 -6.514D+06  4.388D-12 3.3D-05 1.4D-04    2    0 5.16D+02 1.82D-01 1.82D-01 3.964D+01     1.89
      178 1.0D-01 -6.529D+06  4.388D-12 3.3D-05 1.4D-04    1    0 1.22D+03 1.45D-01 1.45D-01 3.634D+01     1.42
      179 1.0D-01 -6.538D+06  4.388D-12 3.3D-05 1.4D-04    2    0 4.87D+02 1.56D-01 1.56D-01 3.471D+01     1.87
      180 1.0D-01 -6.549D+06  4.388D-12 3.3D-05 1.4D-04    1    0 1.17D+03 1.17D-01 1.17D-01 6.116D+01     1.14

    inner barrier   scaled     scaled     min     min    NW   SE     dx      alpha    alpha    inner   time (s)
     ite   param   obj func     feas      x-l     u-x   pert pert   norm      max             opt err 
      181 1.0D-01 -6.554D+06  4.388D-12 3.3D-05 1.4D-04    2    0 4.48D+02 9.43D-02 9.43D-02 3.495D+01     1.93
      182 1.0D-01 -6.559D+06  4.388D-12 3.3D-05 1.4D-04    1    0 1.07D+03 6.37D-02 6.37D-02 5.812D+01     1.48
      183 1.0D-01 -6.564D+06  4.388D-12 3.3D-05 1.4D-04    2    0 4.06D+02 1.25D-01 1.25D-01 3.470D+01     1.90
      184 1.0D-01 -6.572D+06  4.388D-12 3.3D-05 1.4D-04    1    0 9.57D+02 1.02D-01 1.02D-01 7.950D+01     1.48
      185 1.0D-01 -6.573D+06  4.388D-12 2.1D-05 1.4D-04    2    0 3.51D+02 4.13D-02 4.13D-02 3.340D+01     1.92
      186 1.0D-01 -6.578D+06  4.388D-12 3.2D-05 1.4D-04    1    0 8.24D+02 7.14D-02 7.14D-02 7.369D+01     2.42
      187 1.0D-01 -6.580D+06  4.388D-12 1.6D-05 1.4D-04    2    0 3.00D+02 7.47D-02 7.47D-02 3.019D+01     1.94
      188 1.0D-01 -6.583D+06  4.388D-12 3.2D-05 1.4D-04    1    0 6.96D+02 7.46D-02 7.46D-02 6.213D+01     1.46
      189 1.0D-01 -6.585D+06  4.388D-12 3.2D-05 1.4D-04    2    0 2.45D+02 7.55D-02 7.55D-02 2.942D+01     1.86
      190 1.0D-01 -6.588D+06  4.388D-12 3.2D-05 1.4D-04    1    0 6.43D+02 7.28D-02 7.28D-02 1.091D+02     1.43

    inner barrier   scaled     scaled     min     min    NW   SE     dx      alpha    alpha    inner   time (s)
     ite   param   obj func     feas      x-l     u-x   pert pert   norm      max             opt err 
      191 1.0D-01 -6.588D+06  4.388D-12 3.2D-05 1.4D-04    2    0 2.07D+02 8.06D-03 8.06D-03 2.923D+01     1.94
      192 1.0D-01 -6.589D+06  4.388D-12 3.2D-05 1.4D-04    1    0 8.85D+02 3.58D-02 3.58D-02 1.585D+02     1.36
      193 1.0D-01 -6.590D+06  4.388D-12 2.1D-05 1.4D-04    2    0 2.00D+02 2.18D-02 2.18D-02 4.278D+01     1.92
      194 1.0D-01 -6.597D+06  4.388D-12 3.0D-05 1.4D-04    2    0 1.24D+02 4.98D-01 4.98D-01 2.843D+01     1.86
      195 1.0D-01 -6.599D+06  4.388D-12 3.0D-05 1.4D-04    1    0 1.70D+02 1.36D-01 1.36D-01 3.577D+01     1.48
      196 1.0D-01 -6.600D+06  4.388D-12 3.0D-05 1.4D-04    2    0 7.80D+01 1.30D-01 1.30D-01 2.712D+01     1.56
      197 1.0D-01 -6.601D+06  4.388D-12 3.0D-05 1.4D-04    1    0 1.53D+02 7.30D-02 7.30D-02 3.495D+01     1.45
      198 1.0D-01 -6.603D+06  4.388D-12 3.0D-05 1.4D-04    2    0 6.72D+01 2.87D-01 2.87D-01 2.553D+01     1.91
      199 1.0D-01 -6.604D+06  4.388D-12 3.0D-05 1.4D-04    1    0 1.50D+02 8.99D-02 8.99D-02 3.690D+01     2.43
      200 1.0D-01 -6.605D+06  4.388D-12 3.0D-05 1.4D-04    2    0 5.83D+01 3.36D-01 3.36D-01 2.557D+01     1.98

    inner barrier   scaled     scaled     min     min    NW   SE     dx      alpha    alpha    inner   time (s)
     ite   param   obj func     feas      x-l     u-x   pert pert   norm      max             opt err 
      201 1.0D-01 -6.606D+06  4.388D-12 1.0D-05 1.4D-04    1    0 1.70D+02 7.21D-02 7.21D-02 6.189D+01     1.45


     1 2.0D-02 -7.500075D+09 -6.605938D+06 6.189D+01   201M

    inner barrier   scaled     scaled     min     min    NW   SE     dx      alpha    alpha    inner   time (s)
     ite   param   obj func     feas      x-l     u-x   pert pert   norm      max             opt err 
        1 2.0D-02 -6.607D+06  4.388D-12 2.6D-05 1.2D-04    2    0 5.96D+01 1.68D-01 1.68D-01 2.707D+01     1.91
        2 2.0D-02 -6.607D+06  4.388D-12 1.0D-05 1.2D-04    1    0 2.15D+02 2.91D-02 2.91D-02 1.045D+02     2.38
        3 2.0D-02 -6.608D+06  4.388D-12 2.2D-05 1.0D-04    2    0 5.93D+01 1.78D-01 1.78D-01 2.670D+01     1.92
        4 2.0D-02 -6.608D+06  4.388D-12 2.1D-05 1.0D-04    1    0 2.63D+02 4.05D-02 4.05D-02 6.695D+01     1.51
        5 2.0D-02 -6.608D+06  4.388D-12 1.3D-05 1.0D-04    2    0 5.76D+01 2.05D-02 2.05D-02 2.790D+01     1.52
        6 2.0D-02 -6.609D+06  4.388D-12 1.5D-05 9.7D-05    1    0 3.61D+02 4.08D-02 4.08D-02 6.595D+01     2.43
