
 ==============================================================================
 This is ALGENCAN 3.1.1.
 ALGENCAN, an Augmented Lagrangian method for nonlinear programming, is part of
 the TANGO Project: Trustable Algorithms for Nonlinear General Optimization.
 See http://www.ime.usp.br/~egbirgin/tango/ for details.
 ==============================================================================

 Processing array of parameters with   3 entrances:

 IGNORE-OBJECTIVE-FUNCTION                    
 ITERATIONS-OUTPUT-DETAIL                                                    11
 NEWTON-LINE-SEARCH-INNER-SOLVER                                    'MA57 MC64'

 The specification file is not being used.

 Available HSL subroutines = MA57           

 ALGENCAN PARAMETERS:

 firstde                =                    T
 seconde                =                    T
 truehpr                =                    T
 hptype in TN           =               TRUEHP
 lsslvr in TR           =            MA57/NONE
 lsslvr in NW           =            MA57/MC64
 lsslvr in ACCPROC      =            MA57/NONE
 innslvr                =                   NW
 accproc                =                    T
 rmfixv                 =                    T
 slacks                 =                    F
 scale                  =                    T
 epsfeas                =           1.0000D-09
 epsopt                 =           1.0000D-08
 efstain                =           3.1623D-05
 eostain                =           1.0000D-12
 efacc                  =           3.1623D-05
 eoacc                  =           1.0000D-04
 iprint                 =                   11
 ncomp                  =                    6

 Specification filename =                   ''
 Output filename        =          'lcmin.out'
 Solution filename      =                   ''

 Number of variables               :    6546
 Number of equality constraints    :    5099
 Number of inequality constraints  :       0
 Number of bound constraints       :   13092
 Number of fixed variables         :       0

 There are no fixed variables to be removed.

 Objective function scale factor   : 1.0D+00
 Smallest constraints scale factor : 1.0D+00

 Since the scaling factor(s) is(are) equal to one, scaling was inhibited.

     Entry to GENCAN.
     Number of variables:    6546
     Required optimality tolerance: 1.0D-08

     It         function  gpsupn   xsupn stesupn   nfree   SPGit in-face    fcnt
      0   2.95776858D-09 8.5D-06 3.6D+02
      1   4.75437691D-11 7.7D-07 3.6D+02 1.1D-04    5856       0       1       3
      2   3.50800073D-15 8.4D-08 3.6D+02 2.9D-05    5856       0       2       4
      3   1.44295182D-16 3.4D-09 3.6D+02 8.0D-08    5856       0       3       5
      4   1.01235008D-20 1.0D-10 3.6D+02 3.9D-08    5855       0       4       6

     Flag of GENCAN: Solution was found.


 User-provided subroutines calls counters: 

 Subroutine fsub     (coded=F):        0
 Subroutine gsub     (coded=F):        0
 Subroutine hsub     (coded=F):        0
 Subroutine csub     (coded=F):        0 (       0 calls per constraint in avg)
 Subroutine jacsub   (coded=F):        0 (       0 calls per constraint in avg)
 Subroutine hcsub    (coded=F):        0 (       0 calls per constraint in avg)
 Subroutine fcsub    (coded=T):        6
 Subroutine gjacsub  (coded=T):        7
 Subroutine gjacpsub (coded=F):        0
 Subroutine hlsub    (coded=T):        4
 Subroutine hlpsub   (coded=F):        0


 Total CPU time in seconds =     0.76

 ==============================================================================

 Initial point computed successfully.

                                            achieved                  desired        
 Unscaled feasibility ..............:   1.0061285138363019D-10   1.0000000000000001D-09
 Smallest distance to lower bound ..:   2.9999999999999805D-02   5.1961524227066317D-03
 Smallest distance to upper bound ..:   1.0000000000000000D-02   1.0000000000000000D-03

 Starting LCMIN.
 Number of variables   :    6546
 Number of constraints :    5099

 Scale factor for the objective function   : 1.0D+00
 Smallest scale factor for the constraints : 1.0D+00

 ==========================================================
 outer barrier   objective       scaled      outer   inner
  ite   param     function     obj funct    opt err   ite 
     0 1.0D-01  9.308869D+03  9.308869D+03 8.154D+05     0 

    inner barrier   scaled     scaled     min     min    NW   SE     dx      alpha    alpha    inner   time (s)
     ite   param   obj func     feas      x-l     u-x   pert pert   norm      max             opt err 
        1 1.0D-01  8.443D+03  1.006D-10 6.5D-03 4.6D-02    0    0 7.20D+04 3.68D-01 3.68D-01 5.937D+05     1.14
        2 1.0D-01  7.692D+03  1.006D-10 5.7D-03 2.0D-01    0    0 6.17D+04 4.04D-01 4.04D-01 5.312D+05     0.80
        3 1.0D-01  6.545D+03  1.006D-10 1.7D-03 3.7D-01    0    0 4.72D+04 7.29D-01 7.29D-01 4.739D+05     0.91
        4 1.0D-01  6.170D+03  1.006D-10 2.4D-03 4.3D-01    0    0 2.30D+04 8.70D-01 8.70D-01 3.934D+05     1.02
        5 1.0D-01  6.044D+03  1.006D-10 6.3D-02 4.3D-01    0    0 8.99D+03 1.00D+00 1.00D+00 2.968D+05     0.95
        6 1.0D-01  6.015D+03  1.006D-10 8.1D-02 4.3D-01    0    0 2.47D+03 1.00D+00 1.00D+00 1.110D+05     1.02
        7 1.0D-01  5.998D+03  1.006D-10 8.1D-02 4.4D-01    0    0 1.40D+03 1.00D+00 1.00D+00 8.481D+03     1.07
        8 1.0D-01  5.990D+03  1.006D-10 8.1D-02 4.4D-01    0    0 9.36D+02 1.00D+00 1.00D+00 8.471D+01     0.98
        9 1.0D-01  5.989D+03  1.006D-10 8.1D-02 4.4D-01    0    0 1.94D+02 1.00D+00 1.00D+00 7.481D-01     1.09


     1 2.0D-02  5.989201D+03  5.989201D+03 8.481D-01     9C

    inner barrier   scaled     scaled     min     min    NW   SE     dx      alpha    alpha    inner   time (s)
     ite   param   obj func     feas      x-l     u-x   pert pert   norm      max             opt err 
        1 2.0D-02  5.925D+03  1.006D-10 1.6D-02 9.1D-02    0    0 1.66D+03 1.00D+00 1.00D+00 1.716D-02     1.07


     2 2.8D-03  5.924700D+03  5.924700D+03 3.716D-02    10C

    inner barrier   scaled     scaled     min     min    NW   SE     dx      alpha    alpha    inner   time (s)
     ite   param   obj func     feas      x-l     u-x   pert pert   norm      max             opt err 
        1 2.8D-03  5.910D+03  1.006D-10 2.3D-03 1.3D-02    0    0 4.47D+02 1.00D+00 1.00D+00 7.837D-03     1.07


     3 1.5D-04  5.909837D+03  5.909837D+03 1.067D-02    11C

    inner barrier   scaled     scaled     min     min    NW   SE     dx      alpha    alpha    inner   time (s)
     ite   param   obj func     feas      x-l     u-x   pert pert   norm      max             opt err 
        1 1.5D-04  5.908D+03  1.006D-10 1.2D-04 6.7D-04    0    0 9.62D+01 1.00D+00 1.00D+00 2.592D-03     0.97
        2 1.5D-04  5.908D+03  1.006D-10 1.2D-04 6.6D-04    0    0 1.75D+01 1.00D+00 1.00D+00 6.124D-04     1.11


     4 1.8D-06  5.907547D+03  5.907547D+03 7.628D-04    13C

    inner barrier   scaled     scaled     min     min    NW   SE     dx      alpha    alpha    inner   time (s)
     ite   param   obj func     feas      x-l     u-x   pert pert   norm      max             opt err 
        1 1.8D-06  5.907D+03  1.006D-10 1.5D-06 8.1D-06    0    0 9.64D+00 1.00D+00 1.00D+00 1.897D-04     1.01
        2 1.8D-06  5.907D+03  1.006D-10 1.5D-06 8.1D-06    0    0 2.84D+00 1.00D+00 1.00D+00 4.695D-05     1.03
        3 1.8D-06  5.907D+03  1.006D-10 1.5D-06 8.1D-06    0    0 1.23D+00 1.00D+00 1.00D+00 1.127D-05     1.07


     5 2.5D-09  5.907423D+03  5.907423D+03 1.311D-05    16C

    inner barrier   scaled     scaled     min     min    NW   SE     dx      alpha    alpha    inner   time (s)
     ite   param   obj func     feas      x-l     u-x   pert pert   norm      max             opt err 
        1 2.5D-09  5.907D+03  1.006D-10 2.0D-09 1.1D-08    0    0 6.78D-01 1.00D+00 1.00D+00 3.247D-06     1.09
        2 2.5D-09  5.907D+03  1.006D-10 2.0D-09 1.1D-08    0    0 3.23D-01 1.00D+00 1.00D+00 7.827D-07     1.02
        3 2.5D-09  5.907D+03  1.006D-10 2.0D-09 1.1D-08    0    0 1.50D-01 1.00D+00 1.00D+00 1.695D-07     1.07
        4 2.5D-09  5.907D+03  1.006D-10 2.0D-09 1.1D-08    0    0 5.75D-02 1.00D+00 1.00D+00 2.475D-08     0.99


     6 1.0D-09  5.907422D+03  5.907422D+03 2.725D-08    20C

    inner barrier   scaled     scaled     min     min    NW   SE     dx      alpha    alpha    inner   time (s)
     ite   param   obj func     feas      x-l     u-x   pert pert   norm      max             opt err 
        1 1.0D-09  5.907D+03  1.006D-10 8.0D-10 4.4D-09    0    0 1.26D-02 1.00D+00 1.00D+00 1.184D-09     0.97


     7 1.0D-09  5.907422D+03  5.907422D+03 2.184D-09    21C
 ==========================================================

 FINAL RESULTS:
                            scaled                   unscaled
  Objective Funct:   5.9074217293585116D+03    5.9074217293585116D+03
  Lagrangian Grad:   3.3958524561640894D-16    3.3958524561640894D-16
 Final Point Feas:   1.0061285138363019D-10    1.0061285138363019D-10
 Bounds violation:   0.0000000000000000D+00    0.0000000000000000D+00
 Lower Bound Comp:   2.1839946071675145D-09    2.1839946071675145D-09
 Upper Bound Comp:   1.0000000003013420D-09    1.0000000003013420D-09

 Flag of LCMIN:

     Optimal solution found.

 ====================================================
                      STATISTICS                     
 ====================================================
 GENERAL:                                            

           Preprocessing time (in seconds):      2.30
            Optimization time (in seconds):     25.81

                      Inner Iterations (IIT):      21
                      Outer Iterations (OIT):       7
                  Function Evaluations (FEV):      22
         Function Gradient Evaluations (GEV):      22
          Function Hessian Evaluations (HEV):      21
          Barrier Function Evaluations (BFE):      42
 Barrier Function Gradient Evaluations (BGE):      21
 ====================================================
 AVERAGE:                                            

 Inner Iterations per Outer Iterations  :      3.0000
 FEV per IIT:      1.0476    FEV per OIT:      3.1429
 GEV per IIT:      1.0476    GEV per OIT:      3.1429
 HEV per IIT:      1.0000    HEV per OIT:      3.0000
 BFE per IIT:      2.0000    BFE per OIT:      6.0000
 BGE per IIT:      1.0000    BGE per OIT:      3.0000
 ====================================================

