
 ==============================================================================
 This is ALGENCAN 3.1.1.
 ALGENCAN, an Augmented Lagrangian method for nonlinear programming, is part of
 the TANGO Project: Trustable Algorithms for Nonlinear General Optimization.
 See http://www.ime.usp.br/~egbirgin/tango/ for details.
 ==============================================================================

 Processing array of parameters with   3 entrances:

 IGNORE-OBJECTIVE-FUNCTION                    
 ITERATIONS-OUTPUT-DETAIL                                                    11
 TRUNCATED-NEWTON-LINE-SEARCH-INNER-SOLVER                                   ''

 The specification file is not being used.

 Available HSL subroutines = MA57           

 ALGENCAN PARAMETERS:

 firstde                =                    T
 seconde                =                    T
 truehpr                =                    T
 hptype in TN           =               TRUEHP
 lsslvr in TR           =            MA57/NONE
 lsslvr in NW           =            MA57/NONE
 lsslvr in ACCPROC      =            MA57/NONE
 innslvr                =                   TN
 accproc                =                    T
 rmfixv                 =                    T
 slacks                 =                    F
 scale                  =                    T
 epsfeas                =           3.1623D-05
 epsopt                 =           1.0000D-08
 efstain                =           5.6234D-03
 eostain                =           1.0000D-12
 efacc                  =           5.6234D-03
 eoacc                  =           1.0000D-04
 iprint                 =                   11
 ncomp                  =                    6

 Specification filename =                   ''
 Output filename        =          'lcmin.out'
 Solution filename      =                   ''

 Number of variables               :      10
 Number of equality constraints    :       6
 Number of inequality constraints  :       0
 Number of bound constraints       :      10
 Number of fixed variables         :       0

 There are no fixed variables to be removed.

 Objective function scale factor   : 1.0D+00
 Smallest constraints scale factor : 1.0D+00

 Since the scaling factor(s) is(are) equal to one, scaling was inhibited.

     Entry to GENCAN.
     Number of variables:      10
     Required optimality tolerance: 1.0D-08

     It         function  gpsupn   xsupn stesupn   nfree   SPGit in-face    fcnt
      0   3.16721500D+05 1.2D+03 1.1D+03
      1   2.22159094D-03 6.7D-02 1.1D+03 4.3D+02      10       0       1       3
      2   3.23117427D-27 1.1D-13 1.1D+03 3.3D-02      10       0       2       4

     Flag of GENCAN: Solution was found.


 User-provided subroutines calls counters: 

 Subroutine fsub     (coded=F):        0
 Subroutine gsub     (coded=F):        0
 Subroutine hsub     (coded=F):        0
 Subroutine csub     (coded=F):        0 (       0 calls per constraint in avg)
 Subroutine jacsub   (coded=F):        0 (       0 calls per constraint in avg)
 Subroutine hcsub    (coded=F):        0 (       0 calls per constraint in avg)
 Subroutine fcsub    (coded=T):        4
 Subroutine gjacsub  (coded=T):        5
 Subroutine gjacpsub (coded=F):        0
 Subroutine hlsub    (coded=T):        2
 Subroutine hlpsub   (coded=F):        0


 Total CPU time in seconds =     0.00

 ==============================================================================

 Initial point computed successfully.

                                            achieved                  desired        
 Unscaled feasibility ..............:   5.6843418860808015D-14   1.0000000000000001D-09
 Smallest distance to lower bound ..:   9.4900000000000006D+01   1.0000000000000000D-03

 Starting LCMIN.
 Number of variables   :      10
 Number of constraints :       6

 Scale factor for the objective function   : 1.0D+00
 Smallest scale factor for the constraints : 1.0D+00

 ==========================================================
 outer barrier   objective       scaled      outer   inner
  ite   param     function     obj funct    opt err   ite 
     0 1.0D-01 -2.351361D+03 -2.351361D+03 1.102D+03     0 

    inner barrier   scaled     scaled     min     min    NW   SE     dx      alpha    alpha    inner   time (s)
     ite   param   obj func     feas      x-l     u-x   pert pert   norm      max             opt err 
        1 1.0D-01 -2.368D+03  8.527D-14 9.5D+01 0.0D+00    0    0 1.63D+02 1.00D+00 1.00D+00 6.777D+01     0.00
        2 1.0D-01 -2.380D+03  1.137D-13 9.6D+01 0.0D+00    0    0 2.22D+02 1.00D+00 1.00D+00 8.627D+00     0.00
        3 1.0D-01 -2.380D+03  1.421D-13 9.6D+01 0.0D+00    0    0 3.96D+01 1.00D+00 1.00D+00 4.408D-01     0.00


     1 2.0D-02 -2.380024D+03 -2.380024D+03 5.408D-01     3C

    inner barrier   scaled     scaled     min     min    NW   SE     dx      alpha    alpha    inner   time (s)
     ite   param   obj func     feas      x-l     u-x   pert pert   norm      max             opt err 
        1 2.0D-02 -2.380D+03  1.137D-13 9.6D+01 0.0D+00    0    0 3.42D+00 1.00D+00 1.00D+00 2.436D-03     0.00


     2 2.8D-03 -2.380027D+03 -2.380027D+03 2.244D-02     4C


     3 1.5D-04 -2.380027D+03 -2.380027D+03 2.244D-02     4C

    inner barrier   scaled     scaled     min     min    NW   SE     dx      alpha    alpha    inner   time (s)
     ite   param   obj func     feas      x-l     u-x   pert pert   norm      max             opt err 
        1 1.5D-04 -2.380D+03  1.137D-13 9.5D+01 0.0D+00    0    0 3.47D-01 1.00D+00 1.00D+00 7.135D-06     0.00


     4 1.8D-06 -2.380027D+03 -2.380027D+03 1.576D-04     5C

    inner barrier   scaled     scaled     min     min    NW   SE     dx      alpha    alpha    inner   time (s)
     ite   param   obj func     feas      x-l     u-x   pert pert   norm      max             opt err 
        1 1.8D-06 -2.380D+03  3.411D-13 9.5D+01 0.0D+00    0    0 2.58D-03 1.00D+00 1.00D+00 4.258D-10     0.00


     5 2.5D-09 -2.380027D+03 -2.380027D+03 1.845D-06     6C

    inner barrier   scaled     scaled     min     min    NW   SE     dx      alpha    alpha    inner   time (s)
     ite   param   obj func     feas      x-l     u-x   pert pert   norm      max             opt err 
        1 2.5D-09 -2.380D+03  2.842D-13 9.5D+01 0.0D+00    0    0 3.16D-05 1.00D+00 5.00D-01 1.103D-08     0.00


     6 1.0D-09 -2.380027D+03 -2.380027D+03 1.103D-08     7C

    inner barrier   scaled     scaled     min     min    NW   SE     dx      alpha    alpha    inner   time (s)
     ite   param   obj func     feas      x-l     u-x   pert pert   norm      max             opt err 
        1 1.0D-09 -2.380D+03  3.695D-13 9.5D+01 0.0D+00    0    0 1.58D-05 1.00D+00 1.00D+00 2.177D-16     0.00


     7 1.0D-09 -2.380027D+03 -2.380027D+03 1.000D-09     8C
 ==========================================================

 FINAL RESULTS:
                            scaled                   unscaled
  Objective Funct:  -2.3800267754030824D+03   -2.3800267754030824D+03
  Lagrangian Grad:   2.1770321824033983D-16    2.1770321824033983D-16
 Final Point Feas:   3.6948222259525210D-13    3.6948222259525210D-13
 Bounds violation:   0.0000000000000000D+00    0.0000000000000000D+00
 Lower Bound Comp:   1.0000000249766457D-09    1.0000000249766457D-09
 Upper Bound Comp:   0.0000000000000000D+00    0.0000000000000000D+00

 Flag of LCMIN:

     Optimal solution found.

 ====================================================
                      STATISTICS                     
 ====================================================
 GENERAL:                                            

           Preprocessing time (in seconds):      0.89
            Optimization time (in seconds):      0.00

                      Inner Iterations (IIT):       8
                      Outer Iterations (OIT):       7
                  Function Evaluations (FEV):      10
         Function Gradient Evaluations (GEV):       9
          Function Hessian Evaluations (HEV):       8
          Barrier Function Evaluations (BFE):      17
 Barrier Function Gradient Evaluations (BGE):       8
 ====================================================
 AVERAGE:                                            

 Inner Iterations per Outer Iterations  :      1.1429
 FEV per IIT:      1.2500    FEV per OIT:      1.4286
 GEV per IIT:      1.1250    GEV per OIT:      1.2857
 HEV per IIT:      1.0000    HEV per OIT:      1.1429
 BFE per IIT:      2.1250    BFE per OIT:      2.4286
 BGE per IIT:      1.0000    BGE per OIT:      1.1429
 ====================================================

