
 ==============================================================================
 This is ALGENCAN 3.1.1.
 ALGENCAN, an Augmented Lagrangian method for nonlinear programming, is part of
 the TANGO Project: Trustable Algorithms for Nonlinear General Optimization.
 See http://www.ime.usp.br/~egbirgin/tango/ for details.
 ==============================================================================

 Processing array of parameters with   3 entrances:

 IGNORE-OBJECTIVE-FUNCTION                    
 ITERATIONS-OUTPUT-DETAIL                                                    11
 NEWTON-LINE-SEARCH-INNER-SOLVER                                    'MA57 MC64'

 The specification file is not being used.

 Available HSL subroutines = MA57           

 ALGENCAN PARAMETERS:

 firstde                =                    T
 seconde                =                    T
 truehpr                =                    T
 hptype in TN           =               TRUEHP
 lsslvr in TR           =            MA57/NONE
 lsslvr in NW           =            MA57/MC64
 lsslvr in ACCPROC      =            MA57/NONE
 innslvr                =                   NW
 accproc                =                    T
 rmfixv                 =                    T
 slacks                 =                    F
 scale                  =                    T
 epsfeas                =           1.0000D-09
 epsopt                 =           1.0000D-08
 efstain                =           3.1623D-05
 eostain                =           1.0000D-12
 efacc                  =           3.1623D-05
 eoacc                  =           1.0000D-04
 iprint                 =                   11
 ncomp                  =                    6

 Specification filename =                   ''
 Output filename        =          'lcmin.out'
 Solution filename      =                   ''

 Number of variables               :   10201
 Number of equality constraints    :     201
 Number of inequality constraints  :       0
 Number of bound constraints       :   20201
 Number of fixed variables         :       0

 There are no fixed variables to be removed.

 Objective function scale factor   : 1.0D+00
 Smallest constraints scale factor : 1.0D+00

 Since the scaling factor(s) is(are) equal to one, scaling was inhibited.

     Entry to GENCAN.
     Number of variables:   10201
     Required optimality tolerance: 1.0D-08

     It         function  gpsupn   xsupn stesupn   nfree   SPGit in-face    fcnt
      0   1.44283115D-14 1.2D-08 1.0D+00
      1   3.90663515D-20 2.1D-10 1.0D+00 2.4D-08   10000       0       1       3

     Flag of GENCAN: Solution was found.


 User-provided subroutines calls counters: 

 Subroutine fsub     (coded=F):        0
 Subroutine gsub     (coded=F):        0
 Subroutine hsub     (coded=F):        0
 Subroutine csub     (coded=F):        0 (       0 calls per constraint in avg)
 Subroutine jacsub   (coded=F):        0 (       0 calls per constraint in avg)
 Subroutine hcsub    (coded=F):        0 (       0 calls per constraint in avg)
 Subroutine fcsub    (coded=T):        3
 Subroutine gjacsub  (coded=T):        4
 Subroutine gjacpsub (coded=F):        0
 Subroutine hlsub    (coded=T):        1
 Subroutine hlpsub   (coded=F):        0


 Total CPU time in seconds =     0.01

 ==============================================================================

 Initial point computed successfully.

                                            achieved                  desired        
 Unscaled feasibility ..............:   1.4093204728227171D-10   1.0000000000000001D-09
 Smallest distance to lower bound ..:   1.0000000000000009D-02   1.0000000000000000D-03
 Smallest distance to upper bound ..:   1.0000000000000000D-02   1.0000000000000000D-03

 Starting LCMIN.
 Number of variables   :   10201
 Number of constraints :     201

 Scale factor for the objective function   : 1.0D+00
 Smallest scale factor for the constraints : 1.0D+00

 ==========================================================
 outer barrier   objective       scaled      outer   inner
  ite   param     function     obj funct    opt err   ite 
     0 1.0D-01  2.099065D+00  2.099065D+00 2.000D+05     0 

    inner barrier   scaled     scaled     min     min    NW   SE     dx      alpha    alpha    inner   time (s)
     ite   param   obj func     feas      x-l     u-x   pert pert   norm      max             opt err 
        1 1.0D-01  3.688D+00  1.409D-10 8.8D-02 7.7D-02    0    0 1.77D+02 1.00D+00 1.00D+00 1.739D+05     0.01
        2 1.0D-01  5.339D+00  1.409D-10 4.9D-02 1.5D-01    0    0 9.95D+01 1.00D+00 1.00D+00 1.739D+03     0.01
        3 1.0D-01  1.833D+01  1.409D-10 4.7D-02 3.2D+00    0    0 1.62D+03 1.00D+00 1.00D+00 1.672D+03     0.02
        4 1.0D-01  1.179D+01  1.409D-10 4.7D-02 2.6D+00    0    0 4.97D+02 1.00D+00 1.00D+00 1.662D+01     0.02
        5 1.0D-01  1.253D+01  1.409D-10 4.7D-02 2.7D+00    0    0 6.62D+01 1.00D+00 1.00D+00 6.716D-02     0.02


     1 2.0D-02  1.253274D+01  1.253274D+01 1.672D-01     5C


     2 2.8D-03  1.253274D+01  1.253274D+01 1.672D-01     5C

    inner barrier   scaled     scaled     min     min    NW   SE     dx      alpha    alpha    inner   time (s)
     ite   param   obj func     feas      x-l     u-x   pert pert   norm      max             opt err 
        1 2.8D-03  4.726D+00  1.409D-10 3.8D-03 1.5D+00    0    0 6.68D+02 1.00D+00 1.00D+00 2.341D-02     0.02


     3 1.5D-04  4.725851D+00  4.725851D+00 2.624D-02     6C

    inner barrier   scaled     scaled     min     min    NW   SE     dx      alpha    alpha    inner   time (s)
     ite   param   obj func     feas      x-l     u-x   pert pert   norm      max             opt err 
        1 1.5D-04  2.711D+00  1.409D-10 9.6D-05 6.9D-01    0    0 3.70D+02 1.00D+00 1.00D+00 6.449D-03     0.01
        2 1.5D-04  2.215D+00  1.409D-10 7.5D-05 2.6D-01    0    0 1.85D+02 1.00D+00 1.00D+00 1.575D-03     0.02
        3 1.5D-04  2.092D+00  1.409D-10 7.5D-05 8.6D-02    0    0 8.76D+01 1.00D+00 1.00D+00 3.595D-04     0.02


     4 1.8D-06  2.092146D+00  2.092146D+00 5.100D-04     9C

    inner barrier   scaled     scaled     min     min    NW   SE     dx      alpha    alpha    inner   time (s)
     ite   param   obj func     feas      x-l     u-x   pert pert   norm      max             opt err 
        1 1.8D-06  2.053D+00  1.409D-10 9.3D-07 1.1D-02    0    0 5.08D+01 1.00D+00 1.00D+00 1.265D-04     0.01
        2 1.8D-06  2.044D+00  1.409D-10 9.2D-07 6.7D-04    0    0 2.46D+01 1.00D+00 1.00D+00 3.107D-05     0.01
        3 1.8D-06  2.043D+00  1.409D-10 9.2D-07 4.6D-04    0    0 1.17D+01 1.00D+00 1.00D+00 7.331D-06     0.01


     5 2.5D-09  2.042526D+00  2.042526D+00 9.176D-06    12C

    inner barrier   scaled     scaled     min     min    NW   SE     dx      alpha    alpha    inner   time (s)
     ite   param   obj func     feas      x-l     u-x   pert pert   norm      max             opt err 
        1 2.5D-09  2.042D+00  1.409D-10 1.2D-09 8.2D-07    0    0 6.33D+00 1.00D+00 1.00D+00 2.292D-06     0.01
        2 2.5D-09  2.042D+00  1.409D-10 1.2D-09 6.3D-07    0    0 2.78D+00 1.00D+00 1.00D+00 5.718D-07     0.01
        3 2.5D-09  2.042D+00  1.409D-10 1.2D-09 6.3D-07    0    0 9.37D-01 1.00D+00 1.00D+00 1.420D-07     0.01
        4 2.5D-09  2.042D+00  1.409D-10 1.2D-09 6.3D-07    0    0 1.99D-01 1.00D+00 1.00D+00 3.484D-08     0.01
        5 2.5D-09  2.042D+00  1.409D-10 1.2D-09 6.3D-07    0    0 3.10D-02 1.00D+00 1.00D+00 8.085D-09     0.01


     6 1.0D-09  2.041970D+00  2.041970D+00 1.059D-08    17C


     7 1.0D-09  2.041970D+00  2.041970D+00 1.059D-08    17C


     8 1.0D-09  2.041970D+00  2.041970D+00 1.059D-08    17C


     9 1.0D-09  2.041970D+00  2.041970D+00 1.059D-08    17C



 ==========================================================
 outer barrier   objective       scaled      outer   inner
  ite   param     function     obj funct    opt err   ite 
    10 1.0D-09  2.041970D+00  2.041970D+00 1.059D-08    17C


    11 1.0D-09  2.041970D+00  2.041970D+00 1.059D-08    17C


    12 1.0D-09  2.041970D+00  2.041970D+00 1.059D-08    17C


    13 1.0D-09  2.041970D+00  2.041970D+00 1.059D-08    17C


    14 1.0D-09  2.041970D+00  2.041970D+00 1.059D-08    17C


    15 1.0D-09  2.041970D+00  2.041970D+00 1.059D-08    17C


    16 1.0D-09  2.041970D+00  2.041970D+00 1.059D-08    17C


    17 1.0D-09  2.041970D+00  2.041970D+00 1.059D-08    17C


    18 1.0D-09  2.041970D+00  2.041970D+00 1.059D-08    17C


    19 1.0D-09  2.041970D+00  2.041970D+00 1.059D-08    17C



 ==========================================================
 outer barrier   objective       scaled      outer   inner
  ite   param     function     obj funct    opt err   ite 
    20 1.0D-09  2.041970D+00  2.041970D+00 1.059D-08    17C


    21 1.0D-09  2.041970D+00  2.041970D+00 1.059D-08    17C


    22 1.0D-09  2.041970D+00  2.041970D+00 1.059D-08    17C


    23 1.0D-09  2.041970D+00  2.041970D+00 1.059D-08    17C


    24 1.0D-09  2.041970D+00  2.041970D+00 1.059D-08    17C


    25 1.0D-09  2.041970D+00  2.041970D+00 1.059D-08    17C


    26 1.0D-09  2.041970D+00  2.041970D+00 1.059D-08    17C


    27 1.0D-09  2.041970D+00  2.041970D+00 1.059D-08    17C


    28 1.0D-09  2.041970D+00  2.041970D+00 1.059D-08    17C


    29 1.0D-09  2.041970D+00  2.041970D+00 1.059D-08    17C



 ==========================================================
 outer barrier   objective       scaled      outer   inner
  ite   param     function     obj funct    opt err   ite 
    30 1.0D-09  2.041970D+00  2.041970D+00 1.059D-08    17C


    31 1.0D-09  2.041970D+00  2.041970D+00 1.059D-08    17C


    32 1.0D-09  2.041970D+00  2.041970D+00 1.059D-08    17C


    33 1.0D-09  2.041970D+00  2.041970D+00 1.059D-08    17C


    34 1.0D-09  2.041970D+00  2.041970D+00 1.059D-08    17C


    35 1.0D-09  2.041970D+00  2.041970D+00 1.059D-08    17C


    36 1.0D-09  2.041970D+00  2.041970D+00 1.059D-08    17C


    37 1.0D-09  2.041970D+00  2.041970D+00 1.059D-08    17C


    38 1.0D-09  2.041970D+00  2.041970D+00 1.059D-08    17C


    39 1.0D-09  2.041970D+00  2.041970D+00 1.059D-08    17C



 ==========================================================
 outer barrier   objective       scaled      outer   inner
  ite   param     function     obj funct    opt err   ite 
    40 1.0D-09  2.041970D+00  2.041970D+00 1.059D-08    17C


    41 1.0D-09  2.041970D+00  2.041970D+00 1.059D-08    17C


    42 1.0D-09  2.041970D+00  2.041970D+00 1.059D-08    17C


    43 1.0D-09  2.041970D+00  2.041970D+00 1.059D-08    17C


    44 1.0D-09  2.041970D+00  2.041970D+00 1.059D-08    17C


    45 1.0D-09  2.041970D+00  2.041970D+00 1.059D-08    17C


    46 1.0D-09  2.041970D+00  2.041970D+00 1.059D-08    17C


    47 1.0D-09  2.041970D+00  2.041970D+00 1.059D-08    17C


    48 1.0D-09  2.041970D+00  2.041970D+00 1.059D-08    17C


    49 1.0D-09  2.041970D+00  2.041970D+00 1.059D-08    17C



 ==========================================================
 outer barrier   objective       scaled      outer   inner
  ite   param     function     obj funct    opt err   ite 
    50 1.0D-09  2.041970D+00  2.041970D+00 1.059D-08    17C


    51 1.0D-09  2.041970D+00  2.041970D+00 1.059D-08    17M
 ==========================================================

 FINAL RESULTS:
                            scaled                   unscaled
  Objective Funct:   2.0419697317044578D+00    2.0419697317044578D+00
  Lagrangian Grad:   1.2677408695836568D-16    1.2677408695836568D-16
 Final Point Feas:   1.4093254167846236D-10    1.4093254167846236D-10
 Bounds violation:   0.0000000000000000D+00    0.0000000000000000D+00
 Lower Bound Comp:   2.5059035882545474D-09    2.5059035882545474D-09
 Upper Bound Comp:   1.0591198294844407D-08    1.0591198294844407D-08

 Flag of LCMIN:

     Maximum outer iterations exceeded.

 ====================================================
                      STATISTICS                     
 ====================================================
 GENERAL:                                            

           Preprocessing time (in seconds):      0.41
            Optimization time (in seconds):      0.30

                      Inner Iterations (IIT):      17
                      Outer Iterations (OIT):      51
                  Function Evaluations (FEV):      18
         Function Gradient Evaluations (GEV):      18
          Function Hessian Evaluations (HEV):      17
          Barrier Function Evaluations (BFE):      34
 Barrier Function Gradient Evaluations (BGE):      17
 ====================================================
 AVERAGE:                                            

 Inner Iterations per Outer Iterations  :      0.3333
 FEV per IIT:      1.0588    FEV per OIT:      0.3529
 GEV per IIT:      1.0588    GEV per OIT:      0.3529
 HEV per IIT:      1.0000    HEV per OIT:      0.3333
 BFE per IIT:      2.0000    BFE per OIT:      0.6667
 BGE per IIT:      1.0000    BGE per OIT:      0.3333
 ====================================================

