
 ==============================================================================
 This is ALGENCAN 3.1.1.
 ALGENCAN, an Augmented Lagrangian method for nonlinear programming, is part of
 the TANGO Project: Trustable Algorithms for Nonlinear General Optimization.
 See http://www.ime.usp.br/~egbirgin/tango/ for details.
 ==============================================================================

 Processing array of parameters with   3 entrances:

 IGNORE-OBJECTIVE-FUNCTION                    
 ITERATIONS-OUTPUT-DETAIL                                                    11
 NEWTON-LINE-SEARCH-INNER-SOLVER                                    'MA57 MC64'

 The specification file is not being used.

 Available HSL subroutines = MA57           

 ALGENCAN PARAMETERS:

 firstde                =                    T
 seconde                =                    T
 truehpr                =                    T
 hptype in TN           =               TRUEHP
 lsslvr in TR           =            MA57/NONE
 lsslvr in NW           =            MA57/MC64
 lsslvr in ACCPROC      =            MA57/NONE
 innslvr                =                   NW
 accproc                =                    T
 rmfixv                 =                    T
 slacks                 =                    F
 scale                  =                    T
 epsfeas                =           1.0000D-09
 epsopt                 =           1.0000D-08
 efstain                =           3.1623D-05
 eostain                =           1.0000D-12
 efacc                  =           3.1623D-05
 eoacc                  =           1.0000D-04
 iprint                 =                   11
 ncomp                  =                    6

 Specification filename =                   ''
 Output filename        =          'lcmin.out'
 Solution filename      =                   ''

 Number of variables               :     117
 Number of equality constraints    :      63
 Number of inequality constraints  :       0
 Number of bound constraints       :     234
 Number of fixed variables         :       0

 There are no fixed variables to be removed.

 Objective function scale factor   : 1.0D+00
 Smallest constraints scale factor : 1.0D+00

 Since the scaling factor(s) is(are) equal to one, scaling was inhibited.

     Entry to GENCAN.
     Number of variables:     117
     Required optimality tolerance: 1.0D-08

     It         function  gpsupn   xsupn stesupn   nfree   SPGit in-face    fcnt
      0   5.54371558D-17 6.4D-09 1.3D+00
      1   4.07829826D-18 1.7D-09 1.3D+00 4.3D-09      55       0       1       3
      2   6.82742165D-32 2.4D-16 1.3D+00 9.2D-10      55       0       2       4

     Flag of GENCAN: Solution was found.


 User-provided subroutines calls counters: 

 Subroutine fsub     (coded=F):        0
 Subroutine gsub     (coded=F):        0
 Subroutine hsub     (coded=F):        0
 Subroutine csub     (coded=F):        0 (       0 calls per constraint in avg)
 Subroutine jacsub   (coded=F):        0 (       0 calls per constraint in avg)
 Subroutine hcsub    (coded=F):        0 (       0 calls per constraint in avg)
 Subroutine fcsub    (coded=T):        4
 Subroutine gjacsub  (coded=T):        5
 Subroutine gjacpsub (coded=F):        0
 Subroutine hlsub    (coded=T):        2
 Subroutine hlpsub   (coded=F):        0


 Total CPU time in seconds =     0.00

 ==============================================================================

 Initial point computed successfully.

                                            achieved                  desired        
 Unscaled feasibility ..............:   1.5265566588595902D-16   1.0000000000000001D-09
 Smallest distance to lower bound ..:   1.0000000000000286D-04   1.0000000000000002D-06
 Smallest distance to upper bound ..:   9.9999769869999995D+05   9.9999835000045391D+02

 Starting LCMIN.
 Number of variables   :     117
 Number of constraints :      63

 Scale factor for the objective function   : 1.0D+00
 Smallest scale factor for the constraints : 1.0D+00

 ==========================================================
 outer barrier   objective       scaled      outer   inner
  ite   param     function     obj funct    opt err   ite 
     0 1.0D-01 -2.396645D+02 -2.396645D+02 1.000D+06     0 

    inner barrier   scaled     scaled     min     min    NW   SE     dx      alpha    alpha    inner   time (s)
     ite   param   obj func     feas      x-l     u-x   pert pert   norm      max             opt err 
        1 1.0D-01 -4.733D+02  2.220D-16 9.4D-02 1.0D+06    0    0 3.90D+01 1.00D+00 1.00D+00 9.920D+04     0.00
        2 1.0D-01 -2.651D+03  3.553D-15 4.4D-01 1.0D+06    0    0 4.12D+02 1.00D+00 1.00D+00 9.153D+04     0.00
        3 1.0D-01 -1.795D+04  4.263D-14 1.1D+00 1.0D+06    0    0 3.54D+03 1.00D+00 1.00D+00 8.370D+04     0.00
        4 1.0D-01 -1.141D+05  2.274D-13 1.6D+00 1.0D+06    0    0 2.90D+04 1.00D+00 1.00D+00 7.562D+04     0.00
        5 1.0D-01 -5.643D+05  1.819D-12 1.7D+00 9.9D+05    0    0 1.90D+05 1.00D+00 1.00D+00 6.923D+04     0.00
        6 1.0D-01 -1.919D+06  6.537D-12 1.6D+00 9.6D+05    0    0 8.72D+05 1.00D+00 1.00D+00 6.699D+04     0.00
        7 1.0D-01 -4.213D+06  1.455D-11 1.6D+00 8.7D+05    0    0 2.49D+06 1.00D+00 1.00D+00 5.339D+04     0.00
        8 1.0D-01 -6.252D+06  6.548D-11 1.7D+00 6.9D+05    0    0 4.33D+06 1.00D+00 1.00D+00 1.792D+04     0.00
        9 1.0D-01 -7.060D+06  5.821D-11 1.9D+00 5.0D+05    0    0 4.47D+06 1.00D+00 1.00D+00 5.509D+03     0.00
       10 1.0D-01 -7.129D+06  1.201D-10 2.0D+00 4.2D+05    0    0 1.70D+06 1.00D+00 1.00D+00 7.428D+02     0.00

    inner barrier   scaled     scaled     min     min    NW   SE     dx      alpha    alpha    inner   time (s)
     ite   param   obj func     feas      x-l     u-x   pert pert   norm      max             opt err 
       11 1.0D-01 -7.129D+06  1.164D-10 2.0D+00 4.1D+05    0    0 1.42D+05 1.00D+00 1.00D+00 1.471D+01     0.00
       12 1.0D-01 -7.129D+06  1.173D-10 2.0D+00 4.1D+05    0    0 9.47D+02 1.00D+00 1.00D+00 4.810D-02     0.00


     1 2.0D-02 -7.129292D+06 -7.129292D+06 1.481D-01    12C


     2 2.8D-03 -7.129292D+06 -7.129292D+06 1.481D-01    12C

    inner barrier   scaled     scaled     min     min    NW   SE     dx      alpha    alpha    inner   time (s)
     ite   param   obj func     feas      x-l     u-x   pert pert   norm      max             opt err 
        1 2.8D-03 -7.129D+06  1.273D-10 1.9D+00 4.1D+05    0    0 1.61D+01 1.00D+00 1.00D+00 4.470D-03     0.00


     3 1.5D-04 -7.129292D+06 -7.129292D+06 7.299D-03    13C

    inner barrier   scaled     scaled     min     min    NW   SE     dx      alpha    alpha    inner   time (s)
     ite   param   obj func     feas      x-l     u-x   pert pert   norm      max             opt err 
        1 1.5D-04 -7.129D+06  2.001D-10 1.9D+00 4.1D+05    0    0 4.50D-01 1.00D+00 1.00D+00 1.983D-05     0.00


     4 1.8D-06 -7.129292D+06 -7.129292D+06 1.703D-04    14C

    inner barrier   scaled     scaled     min     min    NW   SE     dx      alpha    alpha    inner   time (s)
     ite   param   obj func     feas      x-l     u-x   pert pert   norm      max             opt err 
        1 1.8D-06 -7.129D+06  1.237D-10 1.9D+00 4.1D+05    0    0 2.47D-02 1.00D+00 1.00D+00 1.509D-08     0.00


     5 2.5D-09 -7.129292D+06 -7.129292D+06 1.860D-06    15C

    inner barrier   scaled     scaled     min     min    NW   SE     dx      alpha    alpha    inner   time (s)
     ite   param   obj func     feas      x-l     u-x   pert pert   norm      max             opt err 
        1 2.5D-09 -7.129D+06  1.346D-10 1.9D+00 4.1D+05    0    0 3.06D-04 1.00D+00 1.00D+00 1.905D-12     0.00


     6 1.0D-09 -7.129292D+06 -7.129292D+06 2.508D-09    16C
 ==========================================================

 FINAL RESULTS:
                            scaled                   unscaled
  Objective Funct:  -7.1292920000000000D+06   -7.1292920000000000D+06
  Lagrangian Grad:   4.7443446746470308D-13    4.7443446746470308D-13
 Final Point Feas:   1.3460521586239338D-10    1.3460521586239338D-10
 Bounds violation:   0.0000000000000000D+00    0.0000000000000000D+00
 Lower Bound Comp:   2.5078080962418150D-09    2.5078080962418150D-09
 Upper Bound Comp:   2.5059035633877520D-09    2.5059035633877520D-09

 Flag of LCMIN:

     Optimal solution found.

 ====================================================
                      STATISTICS                     
 ====================================================
 GENERAL:                                            

           Preprocessing time (in seconds):      0.87
            Optimization time (in seconds):      0.03

                      Inner Iterations (IIT):      16
                      Outer Iterations (OIT):       6
                  Function Evaluations (FEV):      17
         Function Gradient Evaluations (GEV):      17
          Function Hessian Evaluations (HEV):      16
          Barrier Function Evaluations (BFE):      32
 Barrier Function Gradient Evaluations (BGE):      16
 ====================================================
 AVERAGE:                                            

 Inner Iterations per Outer Iterations  :      2.6667
 FEV per IIT:      1.0625    FEV per OIT:      2.8333
 GEV per IIT:      1.0625    GEV per OIT:      2.8333
 HEV per IIT:      1.0000    HEV per OIT:      2.6667
 BFE per IIT:      2.0000    BFE per OIT:      5.3333
 BGE per IIT:      1.0000    BGE per OIT:      2.6667
 ====================================================

