
 ==============================================================================
 This is ALGENCAN 3.1.1.
 ALGENCAN, an Augmented Lagrangian method for nonlinear programming, is part of
 the TANGO Project: Trustable Algorithms for Nonlinear General Optimization.
 See http://www.ime.usp.br/~egbirgin/tango/ for details.
 ==============================================================================

 Processing array of parameters with   3 entrances:

 IGNORE-OBJECTIVE-FUNCTION                    
 ITERATIONS-OUTPUT-DETAIL                                                    11
 TRUNCATED-NEWTON-LINE-SEARCH-INNER-SOLVER                                   ''

 The specification file is not being used.

 Available HSL subroutines = MA57           

 ALGENCAN PARAMETERS:

 firstde                =                    T
 seconde                =                    T
 truehpr                =                    T
 hptype in TN           =               TRUEHP
 lsslvr in TR           =            MA57/NONE
 lsslvr in NW           =            MA57/NONE
 lsslvr in ACCPROC      =            MA57/NONE
 innslvr                =                   TN
 accproc                =                    T
 rmfixv                 =                    T
 slacks                 =                    F
 scale                  =                    T
 epsfeas                =           1.0000D-09
 epsopt                 =           1.0000D-08
 efstain                =           3.1623D-05
 eostain                =           1.0000D-12
 efacc                  =           3.1623D-05
 eoacc                  =           1.0000D-04
 iprint                 =                   11
 ncomp                  =                    6

 Specification filename =                   ''
 Output filename        =          'lcmin.out'
 Solution filename      =                   ''

 Number of variables               :    5000
 Number of equality constraints    :    2501
 Number of inequality constraints  :       0
 Number of bound constraints       :   10000
 Number of fixed variables         :       0

 There are no fixed variables to be removed.

 Objective function scale factor   : 1.0D+00
 Smallest constraints scale factor : 4.0D-04

     Entry to GENCAN.
     Number of variables:    5000
     Required optimality tolerance: 1.0D-08

     It         function  gpsupn   xsupn stesupn   nfree   SPGit in-face    fcnt
      0   9.83505715D-02 1.0D-02 9.9D-01
      1   3.05471955D-02 2.5D-01 1.0D+00 1.0D-02    4397       0       1       3
      2   5.43346428D-05 1.9D-04 1.0D+00 7.2D-05    4390       0       2       4
      3   5.23911913D-05 1.8D-04 1.0D+00 2.3D-02    4389       0       3       6
      4   4.80974096D-05 1.8D-04 1.0D+00 5.2D-02    4388       0       4       8
      5   4.37460105D-05 1.7D-04 1.0D+00 5.4D-02    4387       0       5      10
      6   4.25476679D-05 3.7D-04 1.0D+00 1.5D-02    4386       0       6      12
      7   4.21046802D-05 3.7D-04 1.0D+00 5.6D-03    4385       0       7      14
      8   4.02066242D-05 3.6D-04 1.0D+00 2.4D-02    4384       0       8      16
      9   3.81321497D-05 4.0D-04 1.0D+00 2.7D-02    4383       0       9      18

     It         function  gpsupn   xsupn stesupn   nfree   SPGit in-face    fcnt
     10   3.76131574D-05 4.0D-04 1.0D+00 6.8D-03    4382       0      10      20
     11   3.52358602D-05 3.8D-04 1.0D+00 3.2D-02    4381       0      11      22
     12   3.39232885D-05 3.8D-04 1.0D+00 1.8D-02    4380       0      12      24
     13   3.20582529D-05 3.6D-04 1.0D+00 2.6D-02    4379       0      13      26
     14   3.00879927D-05 3.5D-04 1.0D+00 2.8D-02    4378       0      14      28
     15   2.96859279D-05 3.5D-04 1.0D+00 5.8D-03    4377       0      15      30
     16   2.68505808D-05 3.5D-04 1.0D+00 4.2D-02    4376       0      16      32
     17   2.67270706D-05 3.5D-04 1.0D+00 1.8D-03    4375       0      17      34
     18   2.43277390D-05 3.2D-04 1.0D+00 3.7D-02    4374       0      18      36
     19   2.33564635D-05 3.1D-04 1.0D+00 1.5D-02    4373       0      19      38

     It         function  gpsupn   xsupn stesupn   nfree   SPGit in-face    fcnt
     20   2.24198840D-05 3.1D-04 1.0D+00 1.5D-02    4372       0      20      40
     21   2.02149519D-05 2.8D-04 1.0D+00 3.6D-02    4371       0      21      42
     22   2.00522630D-05 2.8D-04 1.0D+00 2.6D-03    4370       0      22      44
     23   1.78925515D-05 2.6D-04 1.0D+00 3.7D-02    4369       0      23      46
     24   1.71557360D-05 2.6D-04 1.0D+00 1.3D-02    4368       0      24      48
     25   1.57637774D-05 2.5D-04 1.0D+00 2.5D-02    4367       0      25      50
     26   1.44693161D-05 2.3D-04 1.0D+00 2.4D-02    4366       0      26      52
     27   1.39501715D-05 2.3D-04 1.0D+00 9.4D-03    4365       0      27      54
     28   1.21805400D-05 2.2D-04 1.0D+00 3.4D-02    4364       0      28      56
     29   1.11356608D-05 2.1D-04 1.0D+00 2.1D-02    4363       0      29      58

     It         function  gpsupn   xsupn stesupn   nfree   SPGit in-face    fcnt
     30   1.03815381D-05 2.1D-04 1.0D+00 1.6D-02    4362       0      30      60
     31   9.17525648D-06 2.0D-04 1.0D+00 2.7D-02    4361       0      31      62
     32   8.89722092D-06 1.9D-04 1.0D+00 6.1D-03    4360       0      32      64
     33   7.46192259D-06 1.4D-04 1.0D+00 3.4D-02    4359       0      33      66
     34   7.18826824D-06 2.4D-04 1.0D+00 9.0D-03    4358       0      34      67
     35   6.33223237D-06 2.2D-04 1.0D+00 2.3D-02    4357       0      35      69
     36   5.21300318D-06 2.0D-04 1.0D+00 3.3D-02    4356       0      36      71
     37   4.13681937D-06 1.8D-04 1.0D+00 4.3D-02    4355       0      37      73
     38   3.44703976D-06 4.4D-04 1.0D+00 4.3D-02    4351       0      38      74
     39   2.88871100D-06 4.2D-04 1.0D+00 2.2D-02    4350       0      39      76

     It         function  gpsupn   xsupn stesupn   nfree   SPGit in-face    fcnt
     40   2.37551584D-06 8.1D-04 1.0D+00 5.5D-02    4348       0      40      77
     41   1.82059068D-06 7.1D-04 1.0D+00 2.5D-02    4347       0      41      79
     42   1.65196880D-06 6.9D-04 1.0D+00 8.4D-03    4346       0      42      81
     43   1.10705140D-06 5.7D-04 1.0D+00 3.2D-02    4345       0      43      83
     44   9.66104683D-07 5.3D-04 1.0D+00 9.6D-03    4344       0      44      85
     45   5.65668781D-07 4.0D-04 1.0D+00 3.3D-02    4343       0      45      87
     46   3.80760377D-07 6.7D-04 1.0D+00 1.1D-01    4338       0      46      88
     47   2.78506901D-09 2.1D-06 1.0D+00 1.4D-02    4338       0      47      89
     48   2.78386333D-09 1.6D-06 1.0D+00 8.9D-09    4626       1      47     104
     49   2.51284890D-09 2.9D-07 1.0D+00 2.0D-06    4619       1      48     105

     It         function  gpsupn   xsupn stesupn   nfree   SPGit in-face    fcnt
     50   2.51017310D-09 2.9D-07 1.0D+00 1.5D-05    4618       1      49     107
     51   2.49576798D-09 3.6D-06 1.0D+00 1.7D-04    4610       1      50     108
     52   2.37736540D-09 6.6D-06 1.0D+00 1.9D-03    4608       1      51     109
     53   1.25796177D-10 8.4D-06 1.0D+00 3.2D-02    4569       1      52     110
     54   9.06237120D-11 6.5D-06 1.0D+00 1.4D-08    4569       1      53     111
     55   9.05700169D-11 6.5D-06 1.0D+00 2.8D-09    4616       2      53     112
     56   2.69556243D-11 4.7D-08 1.0D+00 6.5D-06    4616       2      54     113
     57   2.69550620D-11 3.2D-08 1.0D+00 8.8D-09    4623       3      54     115
     58   2.69525893D-11 3.3D-09 1.0D+00 3.9D-08    4623       3      55     116
     59   2.69450266D-11 4.2D-08 1.0D+00 2.2D-06    4622       3      56     117

     It         function  gpsupn   xsupn stesupn   nfree   SPGit in-face    fcnt
     60   2.69450252D-11 4.3D-08 1.0D+00 3.2D-11    4623       4      56     136
     61   2.69440895D-11 1.4D-08 1.0D+00 4.3D-08    4623       4      57     137
     62   2.69436031D-11 1.3D-08 1.0D+00 1.1D-07    4623       4      58     138
     63   2.69426985D-11 2.0D-08 1.0D+00 1.2D-07    4623       4      59     139
     64   2.64511185D-11 5.9D-07 1.0D+00 4.7D-05    4619       4      60     140
     65   2.56184702D-11 2.1D-08 1.0D+00 9.0D-06    4619       4      61     141
     66   2.56168677D-11 1.6D-08 1.0D+00 2.6D-07    4619       4      62     142
     67   2.56145598D-11 2.3D-08 1.0D+00 3.0D-07    4619       4      63     143
     68   1.29456927D-11 7.0D-07 1.0D+00 9.1D-04    4612       4      64     144
     69   6.62505472D-12 4.8D-08 1.0D+00 5.7D-05    4612       4      65     145

     It         function  gpsupn   xsupn stesupn   nfree   SPGit in-face    fcnt
     70   6.62459112D-12 3.2D-08 1.0D+00 6.0D-09    4627       5      65     156
     71   6.62133929D-12 2.4D-09 1.0D+00 4.2D-08    4627       5      66     157
     72   6.61939066D-12 3.2D-08 1.0D+00 6.3D-07    4627       5      67     158
     73   6.61939064D-12 3.2D-08 1.0D+00 5.1D-12    4627       5      68     159
     74   6.61831636D-12 2.0D-08 1.0D+00 4.1D-07    4626       5      69     160
     75   6.61831631D-12 2.1D-08 1.0D+00 8.7D-13    4626       5      70     161
     76   6.61826821D-12 2.0D-08 1.0D+00 1.2D-08    4626       5      71     162
     77   6.61823772D-12 1.1D-08 1.0D+00 2.2D-09    4630       6      71     166
     78   6.61798307D-12 6.5D-10 1.0D+00 1.8D-08    4630       6      72     167
     79   6.61796150D-12 1.6D-09 1.0D+00 7.8D-09    4630       6      73     168

     It         function  gpsupn   xsupn stesupn   nfree   SPGit in-face    fcnt
     80   6.61796150D-12 1.5D-09 1.0D+00 3.2D-12    4630       6      74     169
     81   6.61412693D-12 5.3D-08 1.0D+00 2.2D-06    4624       6      75     170
     82   6.61245101D-12 5.5D-08 1.0D+00 1.0D-07    4624       6      76     171
     83   6.61213842D-12 2.4D-08 1.0D+00 1.0D-08    4635       7      76     175
     84   6.61078931D-12 1.7D-09 1.0D+00 4.4D-08    4635       7      77     176
     85   6.61077161D-12 1.9D-09 1.0D+00 8.3D-09    4635       7      78     177
     86   6.61077160D-12 1.8D-09 1.0D+00 4.8D-12    4635       7      79     178
     87   6.61075757D-12 4.2D-09 1.0D+00 6.8D-09    4635       7      80     179
     88   6.61065690D-12 3.7D-09 1.0D+00 3.4D-08    4633       7      81     180
     89   6.61057590D-12 2.2D-09 1.0D+00 4.7D-09    4633       7      82     181

     It         function  gpsupn   xsupn stesupn   nfree   SPGit in-face    fcnt
     90   6.61056601D-12 2.0D-09 1.0D+00 3.4D-09    4633       7      83     182
     91   6.61051084D-12 4.5D-09 1.0D+00 1.8D-08    4633       7      84     183
     92   6.60911277D-12 6.6D-09 1.0D+00 3.5D-07    4631       7      85     184
     93   6.60911258D-12 7.2D-09 1.0D+00 1.9D-12    4631       7      86     185
     94   6.60785972D-12 9.9D-09 1.0D+00 3.2D-07    4631       7      87     186
     95   6.60774843D-12 8.3D-09 1.0D+00 3.0D-08    4630       7      88     187
     96   6.60774838D-12 8.6D-09 1.0D+00 6.8D-13    4630       7      89     188
     97   6.60772801D-12 7.5D-09 1.0D+00 5.0D-09    4630       7      90     189
     98   6.60767277D-12 3.7D-09 1.0D+00 2.6D-08    4630       7      91     190
     99   6.60764336D-12 3.3D-09 1.0D+00 1.5D-08    4630       7      92     191

     It         function  gpsupn   xsupn stesupn   nfree   SPGit in-face    fcnt
    100   6.60760022D-12 3.2D-09 1.0D+00 1.5D-08    4630       7      93     192
    101   6.60752012D-12 5.5D-09 1.0D+00 2.1D-08    4630       7      94     193
    102   6.60281031D-12 9.7D-09 1.0D+00 3.7D-07    4629       7      95     195
    103   6.60269624D-12 3.6D-09 1.0D+00 1.1D-08    4627       7      96     196
    104   6.60269594D-12 4.3D-09 1.0D+00 5.6D-13    4627       7      97     197
    105   6.60267731D-12 3.3D-09 1.0D+00 4.7D-09    4627       7      98     198
    106   6.60264089D-12 4.1D-09 1.0D+00 1.2D-08    4627       7      99     199
    107   6.60257459D-12 3.9D-09 1.0D+00 2.0D-08    4627       7     100     200
    108   6.60250800D-12 7.3D-09 1.0D+00 2.0D-08    4627       7     101     201
    109   6.60209211D-12 1.8D-08 1.0D+00 1.4D-07    4627       7     102     202

     It         function  gpsupn   xsupn stesupn   nfree   SPGit in-face    fcnt
    110   6.60146811D-12 2.5D-08 1.0D+00 2.1D-07    4627       7     103     203
    111   6.59840041D-12 3.0D-08 1.0D+00 2.5D-07    4626       7     104     205
    112   6.59826122D-12 2.7D-08 1.0D+00 2.0D-08    4626       7     105     206
    113   6.59761897D-12 1.6D-08 1.0D+00 1.8D-07    4626       7     106     207
    114   6.59750681D-12 1.5D-08 1.0D+00 3.3D-08    4626       7     107     208
    115   6.59742353D-12 1.4D-08 1.0D+00 2.2D-08    4626       7     108     209
    116   6.59735453D-12 1.3D-08 1.0D+00 2.1D-08    4626       7     109     210
    117   6.59727794D-12 1.1D-08 1.0D+00 3.1D-08    4626       7     110     211
    118   6.59695891D-12 1.2D-08 1.0D+00 1.5D-07    4626       7     111     212
    119   6.59642701D-12 6.6D-09 1.0D+00 2.7D-07    4626       7     112     213

     It         function  gpsupn   xsupn stesupn   nfree   SPGit in-face    fcnt
    120   6.59636842D-12 6.8D-09 1.0D+00 2.3D-08    4626       7     113     214
    121   6.59514870D-12 1.6D-08 1.0D+00 3.5D-07    4625       7     114     215
    122   6.59514815D-12 1.7D-08 1.0D+00 9.2D-13    4625       7     115     216
    123   6.59509747D-12 1.6D-08 1.0D+00 7.8D-09    4625       7     116     217
    124   6.59485658D-12 1.2D-08 1.0D+00 5.5D-08    4625       7     117     218
    125   6.59450763D-12 6.2D-09 1.0D+00 1.1D-07    4625       7     118     219
    126   6.59372530D-12 1.2D-08 1.0D+00 3.2D-07    4625       7     119     220
    127   6.59361182D-12 6.9D-09 1.0D+00 4.9D-08    4625       7     120     221
    128   6.59348572D-12 5.1D-09 1.0D+00 5.7D-08    4625       7     121     222
    129   6.59342209D-12 5.1D-09 1.0D+00 2.9D-08    4624       7     122     223

     It         function  gpsupn   xsupn stesupn   nfree   SPGit in-face    fcnt
    130   6.59336534D-12 4.7D-09 1.0D+00 1.3D-08    4624       7     123     224
    131   6.59327976D-12 5.6D-09 1.0D+00 3.2D-08    4624       7     124     225
    132   6.59321809D-12 8.4D-09 1.0D+00 3.2D-08    4624       7     125     226
    133   6.59298678D-12 6.1D-09 1.0D+00 1.5D-07    4624       7     126     227
    134   6.59294176D-12 8.7D-09 1.0D+00 2.3D-08    4624       7     127     228
    135   6.59286720D-12 1.2D-08 1.0D+00 3.2D-08    4624       7     128     229
    136   6.59276981D-12 1.5D-08 1.0D+00 3.2D-08    4624       7     129     230
    137   6.57827029D-12 1.7D-08 1.0D+00 1.2D-06    4623       7     130     232
    138   6.57826922D-12 1.8D-08 1.0D+00 1.6D-12    4623       7     131     233
    139   6.57815978D-12 1.8D-08 1.0D+00 1.8D-08    4623       7     132     234

     It         function  gpsupn   xsupn stesupn   nfree   SPGit in-face    fcnt
    140   6.57806511D-12 1.8D-08 1.0D+00 1.8D-08    4623       7     133     235
    141   6.57792523D-12 1.6D-08 1.0D+00 3.7D-08    4623       7     134     236
    142   6.57751624D-12 1.0D-08 1.0D+00 1.6D-07    4623       7     135     237
    143   6.57743365D-12 8.6D-09 1.0D+00 3.2D-08    4623       7     136     238
    144   6.57729169D-12 7.1D-09 1.0D+00 5.5D-08    4623       7     137     239
    145   6.57723011D-12 9.7D-09 1.0D+00 2.5D-08    4623       7     138     240
    146   6.57666026D-12 2.9D-09 1.0D+00 2.5D-07    4623       7     139     241
    147   6.57656636D-12 9.4D-09 1.0D+00 3.7D-08    4622       7     140     242
    148   6.57656283D-12 6.7D-09 1.0D+00 1.3D-12    4622       7     141     243
    149   6.57651314D-12 3.7D-09 1.0D+00 8.5D-09    4622       7     142     244

     It         function  gpsupn   xsupn stesupn   nfree   SPGit in-face    fcnt
    150   6.57618415D-12 8.4D-09 1.0D+00 1.1D-07    4622       7     143     245
    151   6.57611003D-12 6.0D-09 1.0D+00 2.6D-08    4622       7     144     246
    152   6.57602888D-12 8.1D-09 1.0D+00 3.4D-08    4621       7     145     247
    153   6.57602852D-12 9.0D-09 1.0D+00 6.4D-13    4621       7     146     248
    154   6.57600292D-12 8.2D-09 1.0D+00 6.1D-09    4621       7     147     249
    155   6.57595404D-12 5.2D-09 1.0D+00 1.8D-08    4621       7     148     250
    156   6.57587897D-12 4.8D-09 1.0D+00 3.6D-08    4621       7     149     251
    157   6.57579437D-12 5.0D-09 1.0D+00 3.9D-08    4621       7     150     252
    158   6.57565539D-12 3.5D-09 1.0D+00 5.8D-08    4621       7     151     253
    159   6.57557826D-12 6.9D-09 1.0D+00 3.2D-08    4621       7     152     254

     It         function  gpsupn   xsupn stesupn   nfree   SPGit in-face    fcnt
    160   6.57496761D-12 2.4D-08 1.0D+00 2.5D-07    4621       7     153     255
    161   6.57478101D-12 2.9D-08 1.0D+00 6.4D-08    4621       7     154     256
    162   6.57415237D-12 4.2D-08 1.0D+00 1.6D-07    4621       7     155     257
    163   6.57403430D-12 4.3D-08 1.0D+00 2.7D-08    4621       7     156     258
    164   6.57353471D-12 2.6D-08 1.0D+00 1.8D-08    4632       8     156     265
    165   6.57281695D-12 2.6D-09 1.0D+00 2.6D-08    4631       8     157     266
    166   6.57273766D-12 3.9D-09 1.0D+00 4.2D-08    4631       8     158     267
    167   6.57271297D-12 3.4D-09 1.0D+00 1.3D-08    4631       8     159     268
    168   6.57265624D-12 5.5D-09 1.0D+00 1.8D-08    4631       8     160     269
    169   6.57172800D-12 1.8D-08 1.0D+00 2.6D-07    4627       8     161     270

     It         function  gpsupn   xsupn stesupn   nfree   SPGit in-face    fcnt
    170   6.57108606D-12 1.9D-08 1.0D+00 8.2D-08    4627       8     162     271
    171   6.57101689D-12 1.7D-08 1.0D+00 1.3D-08    4627       8     163     272
    172   6.57093879D-12 1.2D-08 1.0D+00 3.5D-08    4627       8     164     273
    173   6.57076410D-12 6.0D-09 1.0D+00 9.7D-08    4627       8     165     274
    174   6.57073355D-12 5.9D-09 1.0D+00 1.6D-08    4627       8     166     275
    175   6.57070050D-12 5.5D-09 1.0D+00 1.1D-08    4627       8     167     276
    176   6.57061608D-12 6.6D-09 1.0D+00 2.6D-08    4627       8     168     277
    177   6.57050013D-12 1.2D-08 1.0D+00 3.1D-08    4627       8     169     278
    178   6.56481338D-12 2.5D-08 1.0D+00 1.6D-06    4624       8     170     279
    179   6.56104240D-12 6.4D-09 1.0D+00 3.6D-07    4623       8     171     280

     It         function  gpsupn   xsupn stesupn   nfree   SPGit in-face    fcnt
    180   6.56103647D-12 8.3D-09 1.0D+00 1.4D-12    4623       8     172     281
    181   6.56068334D-12 5.8D-09 1.0D+00 5.9D-08    4623       8     173     282
    182   6.56023430D-12 1.2D-08 1.0D+00 1.2D-07    4623       8     174     283
    183   6.55807756D-12 1.0D-08 1.0D+00 1.0D-06    4623       8     175     284
    184   6.55792369D-12 6.5D-09 1.0D+00 7.4D-08    4623       8     176     285
    185   6.55784856D-12 6.7D-09 1.0D+00 3.5D-08    4623       8     177     286
    186   6.55769199D-12 9.8D-09 1.0D+00 7.2D-08    4623       8     178     287
    187   6.55759753D-12 1.0D-08 1.0D+00 3.9D-08    4623       8     179     288
    188   6.55750563D-12 1.2D-08 1.0D+00 3.8D-08    4623       8     180     289
    189   6.55745144D-12 1.2D-08 1.0D+00 1.2D-08    4623       8     181     290

     It         function  gpsupn   xsupn stesupn   nfree   SPGit in-face    fcnt
    190   6.55699961D-12 1.8D-08 1.0D+00 1.0D-07    4623       8     182     291
    191   6.55665387D-12 2.0D-08 1.0D+00 6.9D-08    4623       8     183     292
    192   6.52935097D-12 5.9D-08 1.0D+00 4.5D-06    4619       8     184     293
    193   6.49878641D-12 3.5D-08 1.0D+00 1.8D-06    4619       8     185     294
    194   6.49840817D-12 3.3D-08 1.0D+00 4.3D-08    4619       8     186     295
    195   6.49775566D-12 2.8D-08 1.0D+00 1.1D-07    4619       8     187     296
    196   6.49731134D-12 2.2D-08 1.0D+00 1.2D-07    4619       8     188     297
    197   6.49694733D-12 1.5D-08 1.0D+00 1.4D-07    4619       8     189     298
    198   6.49687009D-12 1.3D-08 1.0D+00 3.4D-08    4619       8     190     299
    199   6.49678803D-12 1.1D-08 1.0D+00 4.1D-08    4619       8     191     300

     It         function  gpsupn   xsupn stesupn   nfree   SPGit in-face    fcnt
    200   6.49632557D-12 1.1D-08 1.0D+00 2.5D-07    4619       8     192     301
    201   6.49586276D-12 1.4D-08 1.0D+00 2.5D-07    4619       8     193     302
    202   6.49578540D-12 1.4D-08 1.0D+00 3.9D-08    4619       8     194     303
    203   6.49562121D-12 1.2D-08 1.0D+00 7.4D-08    4619       8     195     304
    204   6.49509536D-12 1.5D-08 1.0D+00 2.1D-07    4619       8     196     305
    205   6.49498854D-12 1.6D-08 1.0D+00 3.2D-08    4619       8     197     306
    206   6.38370204D-12 2.5D-07 1.0D+00 2.4D-05    4614       8     198     307
    207   6.19264632D-12 2.7D-08 1.0D+00 5.5D-06    4614       8     199     308
    208   6.19061407D-12 2.0D-08 1.0D+00 2.5D-07    4614       8     200     309
    209   6.19027015D-12 1.8D-08 1.0D+00 6.7D-08    4614       8     201     310

     It         function  gpsupn   xsupn stesupn   nfree   SPGit in-face    fcnt
    210   6.19014247D-12 1.7D-08 1.0D+00 2.3D-08    4614       8     202     311
    211   6.18929955D-12 1.2D-08 1.0D+00 1.9D-07    4614       8     203     312
    212   6.18916522D-12 1.3D-08 1.0D+00 3.4D-08    4614       8     204     313
    213   6.18902807D-12 1.0D-08 1.0D+00 4.2D-08    4614       8     205     314
    214   6.18882343D-12 7.4D-09 1.0D+00 6.7D-08    4614       8     206     315
    215   6.18859070D-12 8.3D-09 1.0D+00 8.0D-08    4614       8     207     316
    216   6.18830454D-12 1.1D-08 1.0D+00 1.3D-07    4614       8     208     317
    217   6.18787322D-12 1.0D-08 1.0D+00 2.1D-07    4614       8     209     318
    218   6.18709665D-12 1.9D-08 1.0D+00 3.8D-07    4614       8     210     319
    219   6.18649145D-12 3.0D-08 1.0D+00 2.9D-07    4614       8     211     320

     It         function  gpsupn   xsupn stesupn   nfree   SPGit in-face    fcnt
    220   6.18644091D-12 1.8D-08 1.0D+00 1.8D-09    4627       9     211     333
    221   6.18566307D-12 1.3D-09 1.0D+00 2.8D-08    4627       9     212     334
    222   6.18561706D-12 2.0D-09 1.0D+00 9.7D-09    4627       9     213     335
    223   6.18549270D-12 8.5D-09 1.0D+00 4.4D-08    4627       9     214     336
    224   6.18511259D-12 1.8D-08 1.0D+00 1.6D-07    4627       9     215     337
    225   6.18464378D-12 2.0D-08 1.0D+00 2.3D-07    4627       9     216     338
    226   6.18423682D-12 1.2D-08 1.0D+00 2.2D-07    4627       9     217     339
    227   6.18416393D-12 1.1D-08 1.0D+00 3.6D-08    4626       9     218     340
    228   6.18416120D-12 1.3D-08 1.0D+00 9.7D-13    4626       9     219     341
    229   6.18411259D-12 1.3D-08 1.0D+00 1.7D-08    4626       9     220     342

     It         function  gpsupn   xsupn stesupn   nfree   SPGit in-face    fcnt
    230   6.18349366D-12 8.5D-09 1.0D+00 2.3D-07    4626       9     221     343
    231   6.18339914D-12 3.4D-09 1.0D+00 2.8D-08    4626       9     222     344
    232   6.18331500D-12 3.6D-09 1.0D+00 2.4D-08    4626       9     223     345
    233   6.18327251D-12 3.1D-09 1.0D+00 1.3D-08    4626       9     224     346
    234   6.18314005D-12 9.7D-09 1.0D+00 4.0D-08    4626       9     225     347
    235   6.18282446D-12 1.6D-08 1.0D+00 9.4D-08    4626       9     226     348
    236   6.18191453D-12 1.9D-08 1.0D+00 2.5D-07    4624       9     227     349
    237   6.18191435D-12 2.0D-08 1.0D+00 9.6D-13    4624       9     228     350
    238   6.18186212D-12 1.9D-08 1.0D+00 8.6D-09    4624       9     229     351
    239   6.18118938D-12 1.1D-08 1.0D+00 1.9D-07    4623       9     230     352

     It         function  gpsupn   xsupn stesupn   nfree   SPGit in-face    fcnt
    240   6.18109507D-12 5.6D-09 1.0D+00 2.0D-08    4623       9     231     353
    241   6.18102922D-12 3.2D-09 1.0D+00 2.1D-08    4623       9     232     354
    242   6.18092776D-12 2.0D-09 1.0D+00 3.4D-08    4623       9     233     355
    243   6.18085516D-12 4.7D-09 1.0D+00 2.2D-08    4623       9     234     356
    244   6.18043765D-12 1.6D-08 1.0D+00 1.5D-07    4623       9     235     357
    245   6.18033095D-12 1.7D-08 1.0D+00 4.1D-08    4623       9     236     358
    246   6.18017587D-12 1.7D-08 1.0D+00 6.0D-08    4623       9     237     359
    247   6.17965854D-12 1.5D-08 1.0D+00 2.0D-07    4623       9     238     360
    248   6.17959174D-12 1.6D-08 1.0D+00 2.4D-08    4623       9     239     361
    249   6.17952351D-12 1.6D-08 1.0D+00 1.9D-08    4623       9     240     362

     It         function  gpsupn   xsupn stesupn   nfree   SPGit in-face    fcnt
    250   6.17798497D-12 2.1D-08 1.0D+00 2.4D-07    4622       9     241     363
    251   6.17681535D-12 2.6D-08 1.0D+00 8.3D-08    4621       9     242     364
    252   6.17671355D-12 2.5D-08 1.0D+00 2.3D-08    4621       9     243     365
    253   6.17662007D-12 2.4D-08 1.0D+00 2.4D-08    4621       9     244     366
    254   6.17648910D-12 2.2D-08 1.0D+00 4.3D-08    4621       9     245     367
    255   6.17620123D-12 1.6D-08 1.0D+00 1.1D-07    4621       9     246     368
    256   6.17579656D-12 7.2D-09 1.0D+00 1.6D-07    4621       9     247     369
    257   6.17541014D-12 6.6D-09 1.0D+00 1.7D-07    4621       9     248     370
    258   6.17495485D-12 3.8D-09 1.0D+00 2.0D-07    4621       9     249     371
    259   6.17456757D-12 9.7D-09 1.0D+00 1.3D-07    4621       9     250     372

     It         function  gpsupn   xsupn stesupn   nfree   SPGit in-face    fcnt
    260   6.17279100D-12 3.0D-08 1.0D+00 3.1D-07    4621       9     251     373
    261   6.15682827D-12 4.7D-08 1.0D+00 2.7D-06    4618       9     252     374
    262   6.15481063D-12 5.9D-08 1.0D+00 1.4D-07    4615       9     253     375
    263   6.13915287D-12 2.6D-08 1.0D+00 1.3D-06    4615       9     254     376
    264   6.13809623D-12 2.0D-08 1.0D+00 1.9D-07    4615       9     255     377
    265   6.13706972D-12 1.4D-08 1.0D+00 3.0D-07    4615       9     256     378
    266   6.13656801D-12 8.5D-09 1.0D+00 1.9D-07    4615       9     257     379
    267   6.13645086D-12 6.7D-09 1.0D+00 4.7D-08    4615       9     258     380
    268   6.13626443D-12 6.8D-09 1.0D+00 8.1D-08    4615       9     259     381
    269   6.13609229D-12 8.2D-09 1.0D+00 8.2D-08    4615       9     260     382

     It         function  gpsupn   xsupn stesupn   nfree   SPGit in-face    fcnt
    270   6.13604078D-12 8.6D-09 1.0D+00 2.6D-08    4615       9     261     383
    271   6.13559613D-12 1.6D-08 1.0D+00 2.5D-07    4615       9     262     384
    272   6.13548877D-12 1.5D-08 1.0D+00 5.9D-08    4615       9     263     385
    273   6.13538852D-12 1.2D-08 1.0D+00 5.3D-08    4615       9     264     386
    274   6.13500710D-12 1.8D-08 1.0D+00 1.9D-07    4615       9     265     387
    275   6.13490077D-12 2.1D-08 1.0D+00 5.0D-08    4615       9     266     388
    276   6.13443606D-12 2.9D-08 1.0D+00 1.8D-07    4615       9     267     389
    277   6.13278718D-12 5.3D-08 1.0D+00 5.3D-07    4615       9     268     390
    278   6.13265606D-12 3.3D-08 1.0D+00 4.0D-09    4624      10     268     404
    279   6.13104995D-12 3.1D-09 1.0D+00 4.9D-08    4624      10     269     405

     It         function  gpsupn   xsupn stesupn   nfree   SPGit in-face    fcnt
    280   6.13065866D-12 1.1D-08 1.0D+00 8.0D-08    4624      10     270     406
    281   6.13056263D-12 9.2D-09 1.0D+00 2.9D-08    4624      10     271     407
    282   6.13042974D-12 5.1D-09 1.0D+00 4.5D-08    4623      10     272     408
    283   6.13042841D-12 6.7D-09 1.0D+00 9.2D-13    4623      10     273     409
    284   6.13037767D-12 6.1D-09 1.0D+00 5.0D-09    4623      10     274     410
    285   6.13032846D-12 3.0D-09 1.0D+00 1.8D-08    4623      10     275     411
    286   6.13020888D-12 3.0D-09 1.0D+00 5.5D-08    4623      10     276     412
    287   6.13018024D-12 3.2D-09 1.0D+00 1.3D-08    4623      10     277     413
    288   6.12985258D-12 1.3D-08 1.0D+00 1.6D-07    4623      10     278     414
    289   6.12961644D-12 2.1D-08 1.0D+00 1.0D-07    4622      10     279     415

     It         function  gpsupn   xsupn stesupn   nfree   SPGit in-face    fcnt
    290   6.12961620D-12 2.1D-08 1.0D+00 7.3D-13    4622      10     280     416
    291   6.12953055D-12 2.1D-08 1.0D+00 4.1D-09    4622      10     281     417
    292   6.12950311D-12 1.2D-08 1.0D+00 2.0D-09    4633      11     281     421
    293   6.12924112D-12 1.1D-09 1.0D+00 1.9D-08    4633      11     282     422
    294   6.12910591D-12 7.8D-09 1.0D+00 8.8D-08    4633      11     283     423
    295   6.12907303D-12 9.1D-09 1.0D+00 1.7D-08    4632      11     284     424
    296   6.12907175D-12 1.1D-08 1.0D+00 9.2D-13    4632      11     285     425
    297   6.12906050D-12 9.9D-09 1.0D+00 4.8D-09    4632      11     286     426
    298   6.12897146D-12 2.6D-09 1.0D+00 5.9D-08    4632      11     287     427
    299   6.12891010D-12 1.5D-09 1.0D+00 4.1D-08    4632      11     288     428

     It         function  gpsupn   xsupn stesupn   nfree   SPGit in-face    fcnt
    300   6.12889380D-12 2.5D-09 1.0D+00 4.6D-09    4632      11     289     429
    301   6.12878122D-12 1.4D-08 1.0D+00 2.7D-08    4632      11     290     430
    302   6.12698012D-12 4.8D-08 1.0D+00 2.9D-07    4628      11     291     431
    303   6.12514823D-12 3.4D-09 1.0D+00 4.2D-08    4627      11     292     432
    304   6.12514817D-12 3.8D-09 1.0D+00 6.1D-13    4627      11     293     433
    305   6.12512221D-12 2.3D-09 1.0D+00 5.2D-09    4627      11     294     434
    306   6.12504865D-12 2.3D-09 1.0D+00 3.4D-08    4627      11     295     435
    307   6.12492270D-12 3.9D-09 1.0D+00 7.2D-08    4627      11     296     436
    308   6.12486542D-12 3.6D-09 1.0D+00 3.3D-08    4627      11     297     437
    309   6.12484063D-12 5.3D-09 1.0D+00 1.2D-08    4627      11     298     438

     It         function  gpsupn   xsupn stesupn   nfree   SPGit in-face    fcnt
    310   6.12423548D-12 1.6D-08 1.0D+00 1.5D-07    4625      11     299     439
    311   6.12423540D-12 1.6D-08 1.0D+00 1.4D-12    4625      11     300     440
    312   6.12371136D-12 7.2D-09 1.0D+00 1.4D-07    4623      11     301     441
    313   6.12366172D-12 6.8D-09 1.0D+00 4.5D-09    4623      11     302     442
    314   6.12364596D-12 6.0D-09 1.0D+00 5.6D-09    4623      11     303     443
    315   6.12357390D-12 4.2D-09 1.0D+00 4.0D-08    4623      11     304     444
    316   6.12347454D-12 5.8D-09 1.0D+00 5.6D-08    4623      11     305     445
    317   6.12341304D-12 6.0D-09 1.0D+00 3.0D-08    4623      11     306     446
    318   6.12182229D-12 3.6D-08 1.0D+00 2.5D-07    4623      11     307     447
    319   6.11782578D-12 3.5D-08 1.0D+00 3.3D-07    4622      11     308     449

     It         function  gpsupn   xsupn stesupn   nfree   SPGit in-face    fcnt
    320   6.11653949D-12 7.9D-09 1.0D+00 2.3D-07    4622      11     309     450
    321   6.11648144D-12 7.7D-09 1.0D+00 1.1D-08    4622      11     310     451
    322   6.11598640D-12 7.2D-09 1.0D+00 1.8D-07    4622      11     311     452
    323   6.11592843D-12 7.9D-09 1.0D+00 2.1D-08    4622      11     312     453
    324   6.11589157D-12 7.7D-09 1.0D+00 1.4D-08    4622      11     313     454
    325   6.11562087D-12 1.0D-08 1.0D+00 1.1D-07    4622      11     314     455
    326   6.11558695D-12 1.0D-08 1.0D+00 1.1D-08    4622      11     315     456
    327   6.11487052D-12 2.2D-08 1.0D+00 1.7D-07    4622      11     316     457
    328   6.10920506D-12 1.7D-07 1.0D+00 3.8D-06    4616      11     317     458
    329   6.06802613D-12 3.1D-08 1.0D+00 1.3D-06    4616      11     318     459

     It         function  gpsupn   xsupn stesupn   nfree   SPGit in-face    fcnt
    330   6.06710500D-12 2.2D-08 1.0D+00 1.6D-07    4616      11     319     460
    331   6.06668495D-12 1.5D-08 1.0D+00 1.4D-07    4616      11     320     461
    332   6.06655842D-12 1.3D-08 1.0D+00 4.6D-08    4616      11     321     462
    333   6.06645124D-12 1.2D-08 1.0D+00 4.3D-08    4616      11     322     463
    334   6.06620248D-12 1.0D-08 1.0D+00 1.1D-07    4616      11     323     464
    335   6.06582435D-12 6.5D-09 1.0D+00 1.9D-07    4616      11     324     465
    336   6.06571758D-12 5.6D-09 1.0D+00 5.1D-08    4616      11     325     466
    337   6.06548962D-12 5.2D-09 1.0D+00 1.0D-07    4616      11     326     467
    338   6.06536375D-12 8.6D-09 1.0D+00 5.4D-08    4616      11     327     468
    339   6.06508132D-12 7.6D-09 1.0D+00 9.2D-08    4616      11     328     469

     It         function  gpsupn   xsupn stesupn   nfree   SPGit in-face    fcnt
    340   6.06455340D-12 1.7D-08 1.0D+00 1.7D-07    4616      11     329     470
    341   6.06325617D-12 2.4D-08 1.0D+00 4.0D-07    4616      11     330     471
    342   5.99432360D-12 2.0D-07 1.0D+00 1.0D-05    4615      11     331     472
    343   5.93415537D-12 1.4D-08 1.0D+00 4.3D-06    4615      11     332     473
    344   5.93327626D-12 1.1D-08 1.0D+00 1.5D-07    4615      11     333     474
    345   5.93278268D-12 1.2D-08 1.0D+00 1.7D-07    4615      11     334     475
    346   5.93178623D-12 2.0D-08 1.0D+00 4.7D-07    4614      11     335     476
    347   5.93178605D-12 2.1D-08 1.0D+00 9.4D-13    4614      11     336     477
    348   5.93142610D-12 1.5D-08 1.0D+00 6.2D-08    4614      11     337     478
    349   5.93129593D-12 1.1D-08 1.0D+00 3.3D-08    4614      11     338     479

     It         function  gpsupn   xsupn stesupn   nfree   SPGit in-face    fcnt
    350   5.93118054D-12 6.5D-09 1.0D+00 3.7D-08    4614      11     339     480
    351   5.93108794D-12 8.0D-09 1.0D+00 3.5D-08    4614      11     340     481
    352   5.93102934D-12 7.4D-09 1.0D+00 2.4D-08    4614      11     341     482
    353   5.93081191D-12 6.2D-09 1.0D+00 8.7D-08    4614      11     342     483
    354   5.93077333D-12 5.5D-09 1.0D+00 1.7D-08    4614      11     343     484
    355   5.93038642D-12 5.3D-09 1.0D+00 1.9D-07    4614      11     344     485
    356   5.92896405D-12 1.5D-08 1.0D+00 7.4D-07    4614      11     345     486
    357   5.92664069D-12 5.1D-08 1.0D+00 1.0D-06    4614      11     346     487
    358   5.92621379D-12 2.7D-08 1.0D+00 1.2D-08    4622      12     346     499
    359   5.92480748D-12 4.0D-09 1.0D+00 3.9D-08    4622      12     347     500

     It         function  gpsupn   xsupn stesupn   nfree   SPGit in-face    fcnt
    360   5.92424118D-12 7.1D-09 1.0D+00 1.7D-07    4622      12     348     501
    361   5.92419638D-12 5.1D-09 1.0D+00 1.1D-08    4622      12     349     502
    362   5.92415219D-12 6.2D-09 1.0D+00 1.4D-08    4622      12     350     503
    363   5.92398520D-12 5.6D-09 1.0D+00 7.9D-08    4622      12     351     504
    364   5.92378738D-12 8.4D-09 1.0D+00 9.8D-08    4622      12     352     505
    365   5.92371528D-12 8.9D-09 1.0D+00 3.6D-08    4622      12     353     506
    366   5.92341639D-12 1.1D-08 1.0D+00 1.4D-07    4621      12     354     507
    367   5.92341590D-12 1.2D-08 1.0D+00 6.9D-13    4621      12     355     508
    368   5.92338836D-12 1.2D-08 1.0D+00 6.4D-09    4621      12     356     509
    369   5.92327685D-12 1.0D-08 1.0D+00 3.3D-08    4621      12     357     510

     It         function  gpsupn   xsupn stesupn   nfree   SPGit in-face    fcnt
    370   5.92319061D-12 8.4D-09 1.0D+00 2.9D-08    4621      12     358     511
    371   5.92309545D-12 5.8D-09 1.0D+00 3.7D-08    4621      12     359     512
    372   5.92300156D-12 7.0D-09 1.0D+00 3.9D-08    4621      12     360     513
    373   5.92292446D-12 5.7D-09 1.0D+00 3.3D-08    4621      12     361     514
    374   5.92273745D-12 9.0D-09 1.0D+00 8.2D-08    4621      12     362     515
    375   5.92230823D-12 6.6D-09 1.0D+00 1.7D-07    4620      12     363     516
    376   5.92230809D-12 6.1D-09 1.0D+00 9.7D-13    4620      12     364     517
    377   5.92226065D-12 2.1D-09 1.0D+00 7.3D-09    4620      12     365     518
    378   5.92206385D-12 3.2D-09 1.0D+00 6.7D-08    4620      12     366     519
    379   5.92196349D-12 9.0D-09 1.0D+00 3.1D-08    4620      12     367     520

     It         function  gpsupn   xsupn stesupn   nfree   SPGit in-face    fcnt
    380   5.92157835D-12 6.1D-09 1.0D+00 1.6D-07    4620      12     368     521
    381   5.92147521D-12 6.0D-09 1.0D+00 4.4D-08    4620      12     369     522
    382   5.92139285D-12 8.1D-09 1.0D+00 3.4D-08    4620      12     370     523
    383   5.92131784D-12 9.4D-09 1.0D+00 2.8D-08    4620      12     371     524
    384   5.92122698D-12 1.0D-08 1.0D+00 2.6D-08    4620      12     372     525
    385   5.92108448D-12 1.1D-08 1.0D+00 3.6D-08    4620      12     373     526
    386   5.91997960D-12 2.7D-08 1.0D+00 2.2D-07    4619      12     374     527
    387   5.91908011D-12 2.2D-08 1.0D+00 1.7D-07    4619      12     375     528
    388   5.91898873D-12 2.0D-08 1.0D+00 1.8D-08    4619      12     376     529
    389   5.91881943D-12 1.7D-08 1.0D+00 4.2D-08    4619      12     377     530

     It         function  gpsupn   xsupn stesupn   nfree   SPGit in-face    fcnt
    390   5.91870938D-12 1.4D-08 1.0D+00 4.3D-08    4619      12     378     531
    391   5.91858497D-12 1.0D-08 1.0D+00 5.7D-08    4619      12     379     532
    392   5.91845925D-12 5.8D-09 1.0D+00 6.3D-08    4619      12     380     533
    393   5.91836923D-12 7.7D-09 1.0D+00 4.7D-08    4619      12     381     534
    394   5.91816928D-12 1.1D-08 1.0D+00 1.1D-07    4619      12     382     535
    395   5.91777484D-12 2.5D-09 1.0D+00 1.8D-07    4619      12     383     536
    396   5.91705089D-12 9.6D-09 1.0D+00 1.9D-07    4619      12     384     537
    397   5.89227858D-12 4.9D-07 1.0D+00 2.7D-05    4613      12     385     538
    398   5.59207904D-12 1.8D-08 1.0D+00 4.1D-06    4613      12     386     539
    399   5.59097386D-12 2.2D-08 1.0D+00 2.0D-07    4613      12     387     540

     It         function  gpsupn   xsupn stesupn   nfree   SPGit in-face    fcnt
    400   5.58923002D-12 2.7D-08 1.0D+00 3.9D-07    4613      12     388     541
    401   5.58812066D-12 1.8D-08 1.0D+00 3.5D-07    4613      12     389     542
    402   5.58713175D-12 2.1D-08 1.0D+00 4.1D-07    4613      12     390     543
    403   5.58709193D-12 1.0D-08 1.0D+00 1.9D-09    4624      13     390     554
    404   5.58669839D-12 1.2D-09 1.0D+00 1.9D-08    4624      13     391     555
    405   5.58663043D-12 3.9D-09 1.0D+00 2.4D-08    4624      13     392     556
    406   5.58663042D-12 4.0D-09 1.0D+00 3.5D-12    4624      13     393     557
    407   5.58658170D-12 6.5D-09 1.0D+00 2.3D-08    4624      13     394     558
    408   5.58651016D-12 5.7D-09 1.0D+00 3.7D-08    4622      13     395     559
    409   5.58650987D-12 6.4D-09 1.0D+00 6.6D-13    4622      13     396     560

     It         function  gpsupn   xsupn stesupn   nfree   SPGit in-face    fcnt
    410   5.58647368D-12 5.9D-09 1.0D+00 6.7D-09    4622      13     397     561
    411   5.58644159D-12 2.7D-09 1.0D+00 1.3D-08    4622      13     398     562
    412   5.58640801D-12 2.9D-09 1.0D+00 1.8D-08    4622      13     399     563
    413   5.58636473D-12 3.5D-09 1.0D+00 1.8D-08    4622      13     400     564
    414   5.58630172D-12 5.5D-09 1.0D+00 1.7D-08    4622      13     401     565
    415   5.58586738D-12 2.0D-08 1.0D+00 1.2D-07    4622      13     402     566
    416   5.58338052D-12 4.9D-08 1.0D+00 7.1D-07    4621      13     403     567
    417   5.58337781D-12 5.2D-08 1.0D+00 2.0D-12    4621      13     404     568
    418   5.58337685D-12 5.2D-08 1.0D+00 1.2D-11    4621      14     404     569
    419   5.58185940D-12 2.3D-08 1.0D+00 2.6D-08    4633      15     404     570

     It         function  gpsupn   xsupn stesupn   nfree   SPGit in-face    fcnt
    420   5.58132634D-12 3.0D-09 1.0D+00 2.6D-08    4632      15     405     571
    421   5.58084435D-12 6.7D-09 1.0D+00 1.4D-07    4631      15     406     572
    422   5.58084432D-12 6.9D-09 1.0D+00 6.9D-13    4631      15     407     573
    423   5.58082371D-12 5.0D-09 1.0D+00 5.6D-09    4631      15     408     574
    424   5.58078474D-12 3.1D-09 1.0D+00 2.0D-08    4631      15     409     575
    425   5.58076051D-12 1.7D-09 1.0D+00 1.0D-08    4631      15     410     576
    426   5.58066127D-12 6.0D-09 1.0D+00 4.9D-08    4631      15     411     577
    427   5.58056170D-12 8.2D-09 1.0D+00 4.8D-08    4631      15     412     578
    428   5.58050960D-12 1.0D-08 1.0D+00 1.5D-08    4631      15     413     579
    429   5.57903990D-12 3.9D-08 1.0D+00 2.9D-07    4628      15     414     580

     It         function  gpsupn   xsupn stesupn   nfree   SPGit in-face    fcnt
    430   5.57763069D-12 1.8D-08 1.0D+00 2.3D-07    4628      15     415     581
    431   5.57751496D-12 1.4D-08 1.0D+00 2.9D-08    4628      15     416     582
    432   5.57737885D-12 7.9D-09 1.0D+00 5.0D-08    4628      15     417     583
    433   5.57731312D-12 4.3D-09 1.0D+00 2.8D-08    4628      15     418     584
    434   5.57722884D-12 5.9D-09 1.0D+00 4.4D-08    4628      15     419     585
    435   5.57717877D-12 3.1D-09 1.0D+00 2.5D-08    4628      15     420     586
    436   5.57715196D-12 3.6D-09 1.0D+00 8.6D-09    4628      15     421     587
    437   5.57699522D-12 9.4D-09 1.0D+00 4.3D-08    4628      15     422     588
    438   5.57685683D-12 1.5D-08 1.0D+00 2.6D-08    4628      15     423     589
    439   5.57066888D-12 1.5D-07 1.0D+00 2.7D-06    4616      15     424     590

     It         function  gpsupn   xsupn stesupn   nfree   SPGit in-face    fcnt
    440   5.54566290D-12 1.2D-08 1.0D+00 7.8D-07    4615      15     425     591
    441   5.54566272D-12 1.3D-08 1.0D+00 1.0D-12    4615      15     426     592
    442   5.54558399D-12 1.2D-08 1.0D+00 9.9D-09    4615      15     427     593
    443   5.54529177D-12 1.1D-08 1.0D+00 4.9D-08    4615      15     428     594
    444   5.54517069D-12 1.0D-08 1.0D+00 2.6D-08    4615      15     429     595
    445   5.54507876D-12 9.9D-09 1.0D+00 2.3D-08    4615      15     430     596
    446   5.54496458D-12 8.9D-09 1.0D+00 3.3D-08    4615      15     431     597
    447   5.54489220D-12 8.1D-09 1.0D+00 2.2D-08    4615      15     432     598
    448   5.54467978D-12 8.9D-09 1.0D+00 6.4D-08    4615      15     433     599
    449   5.54459449D-12 9.3D-09 1.0D+00 2.9D-08    4615      15     434     600

     It         function  gpsupn   xsupn stesupn   nfree   SPGit in-face    fcnt
    450   5.54435284D-12 1.3D-08 1.0D+00 8.7D-08    4615      15     435     601
    451   5.54427308D-12 1.4D-08 1.0D+00 3.0D-08    4615      15     436     602
    452   5.54357650D-12 1.1D-08 1.0D+00 2.7D-07    4615      15     437     603
    453   5.54278946D-12 1.8D-08 1.0D+00 3.1D-07    4615      15     438     604
    454   5.54259603D-12 2.1D-08 1.0D+00 7.1D-08    4615      15     439     605
    455   5.54249994D-12 2.2D-08 1.0D+00 3.0D-08    4615      15     440     606
    456   5.41923645D-12 4.8D-07 1.0D+00 4.7D-05    4613      15     441     607
    457   5.00910849D-12 5.8D-08 1.0D+00 7.6D-06    4613      15     442     608
    458   5.00868928D-12 2.9D-08 1.0D+00 6.8D-09    4628      16     442     618
    459   5.00553727D-12 4.6D-09 1.0D+00 5.1D-08    4628      16     443     619

     It         function  gpsupn   xsupn stesupn   nfree   SPGit in-face    fcnt
    460   5.00401513D-12 1.8D-08 1.0D+00 3.5D-07    4628      16     444     620
    461   5.00393274D-12 1.8D-08 1.0D+00 2.3D-08    4628      16     445     621
    462   5.00258196D-12 1.4D-08 1.0D+00 4.6D-07    4626      16     446     622
    463   5.00258179D-12 1.5D-08 1.0D+00 8.0D-12    4626      17     446     640
    464   5.00258173D-12 1.4D-08 1.0D+00 3.3D-13    4626      17     447     641
    465   5.00258165D-12 1.4D-08 1.0D+00 3.1D-12    4626      18     447     642

     Flag of GENCAN: Lack of progress in the functional value, its gradient and
     the current point. Probably, an exaggerated small norm of the continuous
     projected gradient is being required to declare convergence.


 User-provided subroutines calls counters: 

 Subroutine fsub     (coded=F):        0
 Subroutine gsub     (coded=F):        0
 Subroutine hsub     (coded=F):        0
 Subroutine csub     (coded=F):        0 (       0 calls per constraint in avg)
 Subroutine jacsub   (coded=F):        0 (       0 calls per constraint in avg)
 Subroutine hcsub    (coded=F):        0 (       0 calls per constraint in avg)
 Subroutine fcsub    (coded=T):      642
 Subroutine gjacsub  (coded=T):      468
 Subroutine gjacpsub (coded=F):        0
 Subroutine hlsub    (coded=T):      447
 Subroutine hlpsub   (coded=F):        0


 Total CPU time in seconds =     1.51

 ==============================================================================

                                            achieved                  desired        
 Unscaled feasibility ..............:   9.1945855001540622D-04   1.0000000000000001D-09

 Flag of LCMIN:

     The problem may be infeasible.

 ====================================================
                      STATISTICS                     
 ====================================================
 GENERAL:                                            

           Preprocessing time (in seconds):      9.50
            Optimization time (in seconds):      0.00

                      Inner Iterations (IIT):       0
                      Outer Iterations (OIT):       0
                  Function Evaluations (FEV):       0
         Function Gradient Evaluations (GEV):       0
          Function Hessian Evaluations (HEV):       0
          Barrier Function Evaluations (BFE):       0
 Barrier Function Gradient Evaluations (BGE):       0
 ====================================================
 AVERAGE:                                            

 Inner Iterations per Outer Iterations  :      0.0000
 FEV per IIT:      0.0000    FEV per OIT:      0.0000
 GEV per IIT:      0.0000    GEV per OIT:      0.0000
 HEV per IIT:      0.0000    HEV per OIT:      0.0000
 BFE per IIT:      0.0000    BFE per OIT:      0.0000
 BGE per IIT:      0.0000    BGE per OIT:      0.0000
 ====================================================

