
 ==============================================================================
 This is ALGENCAN 3.1.1.
 ALGENCAN, an Augmented Lagrangian method for nonlinear programming, is part of
 the TANGO Project: Trustable Algorithms for Nonlinear General Optimization.
 See http://www.ime.usp.br/~egbirgin/tango/ for details.
 ==============================================================================

 Processing array of parameters with   3 entrances:

 IGNORE-OBJECTIVE-FUNCTION                    
 ITERATIONS-OUTPUT-DETAIL                                                    11
 NEWTON-LINE-SEARCH-INNER-SOLVER                                    'MA57 MC64'

 The specification file is not being used.

 Available HSL subroutines = MA57           

 ALGENCAN PARAMETERS:

 firstde                =                    T
 seconde                =                    T
 truehpr                =                    T
 hptype in TN           =               TRUEHP
 lsslvr in TR           =            MA57/NONE
 lsslvr in NW           =            MA57/MC64
 lsslvr in ACCPROC      =            MA57/NONE
 innslvr                =                   NW
 accproc                =                    T
 rmfixv                 =                    T
 slacks                 =                    F
 scale                  =                    T
 epsfeas                =           1.0000D-09
 epsopt                 =           1.0000D-08
 efstain                =           3.1623D-05
 eostain                =           1.0000D-12
 efacc                  =           3.1623D-05
 eoacc                  =           1.0000D-04
 iprint                 =                   11
 ncomp                  =                    6

 Specification filename =                   ''
 Output filename        =          'lcmin.out'
 Solution filename      =                   ''

 Number of variables               :      63
 Number of equality constraints    :      30
 Number of inequality constraints  :       0
 Number of bound constraints       :     126
 Number of fixed variables         :       0

 There are no fixed variables to be removed.

 Objective function scale factor   : 1.0D+00
 Smallest constraints scale factor : 1.0D+00

 Since the scaling factor(s) is(are) equal to one, scaling was inhibited.

     Entry to GENCAN.
     Number of variables:      63
     Required optimality tolerance: 1.0D-08

     It         function  gpsupn   xsupn stesupn   nfree   SPGit in-face    fcnt
      0   2.21885018D-12 2.7D-06 2.0D+03
      1   3.51498269D-15 3.9D-08 2.0D+03 5.7D-07      29       0       1       3
      2   6.05519486D-26 3.4D-13 2.0D+03 1.2D-07      29       0       2       4

     Flag of GENCAN: Solution was found.


 User-provided subroutines calls counters: 

 Subroutine fsub     (coded=F):        0
 Subroutine gsub     (coded=F):        0
 Subroutine hsub     (coded=F):        0
 Subroutine csub     (coded=F):        0 (       0 calls per constraint in avg)
 Subroutine jacsub   (coded=F):        0 (       0 calls per constraint in avg)
 Subroutine hcsub    (coded=F):        0 (       0 calls per constraint in avg)
 Subroutine fcsub    (coded=T):        4
 Subroutine gjacsub  (coded=T):        5
 Subroutine gjacpsub (coded=F):        0
 Subroutine hlsub    (coded=T):        2
 Subroutine hlpsub   (coded=F):        0


 Total CPU time in seconds =     0.00

 ==============================================================================

 Initial point computed successfully.

                                            achieved                  desired        
 Unscaled feasibility ..............:   2.2737367544323206D-13   1.0000000000000001D-09
 Smallest distance to lower bound ..:   1.0000000000000000D-02   1.0000000000000000D-03
 Smallest distance to upper bound ..:   6.1079999999999757D-01   4.7736276741279271D-01

 Starting LCMIN.
 Number of variables   :      63
 Number of constraints :      30

 Scale factor for the objective function   : 1.3D-06
 Smallest scale factor for the constraints : 1.0D+00

 ==========================================================
 outer barrier   objective       scaled      outer   inner
  ite   param     function     obj funct    opt err   ite 
     0 1.0D-01  2.269046D+10  3.056753D+04 7.258D+03     0 

    inner barrier   scaled     scaled     min     min    NW   SE     dx      alpha    alpha    inner   time (s)
     ite   param   obj func     feas      x-l     u-x   pert pert   norm      max             opt err 
        1 1.0D-01  3.053D+04  3.553D-13 1.0D-04 4.9D-01    0    0 8.10D+01 3.73D-02 3.73D-02 5.388D+03     0.00
        2 1.0D-01  3.045D+04  2.842D-13 4.9D-04 5.5D-01    0    0 6.52D+02 6.99D-03 6.99D-03 5.114D+03     0.00
        3 1.0D-01  2.747D+04  2.274D-13 1.7D-04 2.1D+00    0    0 1.79D+03 6.92D-02 6.92D-02 4.997D+03     0.00
        4 1.0D-01  2.600D+04  1.137D-13 6.0D-04 1.4D+00    0    0 1.71D+03 2.89D-02 2.89D-02 4.586D+03     0.00
        5 1.0D-01  1.192D+04  1.990D-13 1.7D-02 1.4D-02    0    0 1.57D+03 3.32D-01 3.32D-01 3.832D+03     0.00
        6 1.0D-01  2.270D+03  2.700D-13 2.9D-02 3.4D+00    0    0 1.12D+03 5.77D-01 5.77D-01 1.915D+03     0.00
        7 1.0D-01  7.691D+01  5.436D-13 1.4D-02 6.1D+00    0    0 5.46D+02 8.45D-01 8.45D-01 1.066D+03     0.00
        8 1.0D-01  2.098D-01  5.222D-13 9.9D-02 1.1D+01    0    0 1.33D+02 1.00D+00 1.00D+00 2.936D+02     0.00
        9 1.0D-01  9.017D-04  3.206D-13 2.2D-01 1.5D+01    0    0 9.74D+01 1.00D+00 1.00D+00 1.873D+01     0.00
       10 1.0D-01  1.151D-02  6.253D-13 4.0D+00 2.2D+01    0    0 8.14D+02 1.00D+00 1.00D+00 5.267D+00     0.00

    inner barrier   scaled     scaled     min     min    NW   SE     dx      alpha    alpha    inner   time (s)
     ite   param   obj func     feas      x-l     u-x   pert pert   norm      max             opt err 
       11 1.0D-01  2.809D-03  4.547D-13 6.8D+00 3.2D+01    0    0 6.44D+02 1.00D+00 1.00D+00 3.875D-01     0.00


     1 2.0D-02  2.085366D+03  2.809308D-03 4.875D-01    11C

    inner barrier   scaled     scaled     min     min    NW   SE     dx      alpha    alpha    inner   time (s)
     ite   param   obj func     feas      x-l     u-x   pert pert   norm      max             opt err 
        1 2.0D-02  3.413D-04  4.476D-13 7.1D+00 3.5D+01    0    0 2.16D+02 1.00D+00 1.00D+00 3.702D-02     0.00


     2 2.8D-03  2.533515D+02  3.413033D-04 5.702D-02    12C

    inner barrier   scaled     scaled     min     min    NW   SE     dx      alpha    alpha    inner   time (s)
     ite   param   obj func     feas      x-l     u-x   pert pert   norm      max             opt err 
        1 2.8D-03  3.274D-04  4.547D-13 7.3D+00 3.6D+01    0    0 1.33D+02 1.00D+00 1.00D+00 3.710D-03     0.00


     3 1.5D-04  2.430470D+02  3.274216D-04 6.539D-03    13C

    inner barrier   scaled     scaled     min     min    NW   SE     dx      alpha    alpha    inner   time (s)
     ite   param   obj func     feas      x-l     u-x   pert pert   norm      max             opt err 
        1 1.5D-04  3.230D-04  4.547D-13 7.4D+00 3.7D+01    0    0 4.27D+01 1.00D+00 1.00D+00 1.928D-04     0.00


     4 1.8D-06  2.397522D+02  3.229830D-04 3.432D-04    14C

    inner barrier   scaled     scaled     min     min    NW   SE     dx      alpha    alpha    inner   time (s)
     ite   param   obj func     feas      x-l     u-x   pert pert   norm      max             opt err 
        1 1.8D-06  3.230D-04  5.247D-13 7.4D+00 3.7D+01    0    0 9.28D+00 1.00D+00 1.00D+00 5.954D-06     0.00


     5 2.5D-09  2.397380D+02  3.229639D-04 5.954D-06    15C

    inner barrier   scaled     scaled     min     min    NW   SE     dx      alpha    alpha    inner   time (s)
     ite   param   obj func     feas      x-l     u-x   pert pert   norm      max             opt err 
        1 2.5D-09  3.230D-04  4.547D-13 7.4D+00 3.7D+01    0    0 1.18D+00 1.00D+00 1.00D+00 3.484D-07     0.00
        2 2.5D-09  3.230D-04  7.603D-13 7.4D+00 3.7D+01    1    0 1.13D-05 1.00D+00 1.00D+00 6.863D-11     0.00


     6 1.0D-09  2.397380D+02  3.229639D-04 2.506D-09    17C
 ==========================================================

 FINAL RESULTS:
                            scaled                   unscaled
  Objective Funct:   3.2296387233985812D-04    2.3973800070475491D+02
  Lagrangian Grad:   6.8629201333013994D-11    5.0943863777516232D-05
 Final Point Feas:   7.6028072726330720D-13    7.6028072726330720D-13
 Bounds violation:   0.0000000000000000D+00    0.0000000000000000D+00
 Lower Bound Comp:   2.5059035955906841D-09    1.8601471229995074D-03
 Upper Bound Comp:   2.5059035657238797D-09    1.8601471008292010D-03

 Flag of LCMIN:

     Optimal solution found.

 ====================================================
                      STATISTICS                     
 ====================================================
 GENERAL:                                            

           Preprocessing time (in seconds):      0.88
            Optimization time (in seconds):      0.03

                      Inner Iterations (IIT):      17
                      Outer Iterations (OIT):       6
                  Function Evaluations (FEV):      18
         Function Gradient Evaluations (GEV):      18
          Function Hessian Evaluations (HEV):      17
          Barrier Function Evaluations (BFE):      34
 Barrier Function Gradient Evaluations (BGE):      17
 ====================================================
 AVERAGE:                                            

 Inner Iterations per Outer Iterations  :      2.8333
 FEV per IIT:      1.0588    FEV per OIT:      3.0000
 GEV per IIT:      1.0588    GEV per OIT:      3.0000
 HEV per IIT:      1.0000    HEV per OIT:      2.8333
 BFE per IIT:      2.0000    BFE per OIT:      5.6667
 BGE per IIT:      1.0000    BGE per OIT:      2.8333
 ====================================================

