
 ==============================================================================
 This is ALGENCAN 3.1.1.
 ALGENCAN, an Augmented Lagrangian method for nonlinear programming, is part of
 the TANGO Project: Trustable Algorithms for Nonlinear General Optimization.
 See http://www.ime.usp.br/~egbirgin/tango/ for details.
 ==============================================================================

 Processing array of parameters with   3 entrances:

 IGNORE-OBJECTIVE-FUNCTION                    
 ITERATIONS-OUTPUT-DETAIL                                                    11
 NEWTON-LINE-SEARCH-INNER-SOLVER                                    'MA57 MC64'

 The specification file is not being used.

 Available HSL subroutines = MA57           

 ALGENCAN PARAMETERS:

 firstde                =                    T
 seconde                =                    T
 truehpr                =                    T
 hptype in TN           =               TRUEHP
 lsslvr in TR           =            MA57/NONE
 lsslvr in NW           =            MA57/MC64
 lsslvr in ACCPROC      =            MA57/NONE
 innslvr                =                   NW
 accproc                =                    T
 rmfixv                 =                    T
 slacks                 =                    F
 scale                  =                    T
 epsfeas                =           1.0000D-09
 epsopt                 =           1.0000D-08
 efstain                =           3.1623D-05
 eostain                =           1.0000D-12
 efacc                  =           3.1623D-05
 eoacc                  =           1.0000D-04
 iprint                 =                   11
 ncomp                  =                    6

 Specification filename =                   ''
 Output filename        =          'lcmin.out'
 Solution filename      =                   ''

 Number of variables               :     434
 Number of equality constraints    :      96
 Number of inequality constraints  :       0
 Number of bound constraints       :     144
 Number of fixed variables         :       0

 There are no fixed variables to be removed.

 Objective function scale factor   : 1.0D+00
 Smallest constraints scale factor : 1.0D+00

 Since the scaling factor(s) is(are) equal to one, scaling was inhibited.

     Entry to GENCAN.
     Number of variables:     434
     Required optimality tolerance: 1.0D-08

     It         function  gpsupn   xsupn stesupn   nfree   SPGit in-face    fcnt
      0   1.33323949D-16 4.0D-09 1.1D-02
      1   1.21351076D-16 3.8D-09 1.1D-02 3.3D-09     338       0       1       3
      2   4.97039307D-26 8.8D-14 1.1D-02 2.8D-08     338       0       2       4

     Flag of GENCAN: Solution was found.


 User-provided subroutines calls counters: 

 Subroutine fsub     (coded=F):        0
 Subroutine gsub     (coded=F):        0
 Subroutine hsub     (coded=F):        0
 Subroutine csub     (coded=F):        0 (       0 calls per constraint in avg)
 Subroutine jacsub   (coded=F):        0 (       0 calls per constraint in avg)
 Subroutine hcsub    (coded=F):        0 (       0 calls per constraint in avg)
 Subroutine fcsub    (coded=T):        4
 Subroutine gjacsub  (coded=T):        5
 Subroutine gjacpsub (coded=F):        0
 Subroutine hlsub    (coded=T):        2
 Subroutine hlpsub   (coded=F):        0


 Total CPU time in seconds =     0.00

 ==============================================================================

 Initial point computed successfully.

                                            achieved                  desired        
 Unscaled feasibility ..............:   9.6011740224888342D-14   1.0000000000000001D-09
 Smallest distance to lower bound ..:   1.0000000000000000D-02   1.0000000000000000D-03

 Starting LCMIN.
 Number of variables   :     434
 Number of constraints :      96

 Scale factor for the objective function   : 3.8D-02
 Smallest scale factor for the constraints : 1.0D+00

 ==========================================================
 outer barrier   objective       scaled      outer   inner
  ite   param     function     obj funct    opt err   ite 
     0 1.0D-01  3.141206D+01  1.207680D+00 1.000D+02     0 

    inner barrier   scaled     scaled     min     min    NW   SE     dx      alpha    alpha    inner   time (s)
     ite   param   obj func     feas      x-l     u-x   pert pert   norm      max             opt err 
        1 1.0D-01 -9.697D+00  9.601D-14 1.0D-02 0.0D+00    5    0 3.57D-01 1.00D+00 1.00D+00 1.037D+02     0.01
        2 1.0D-01 -4.303D+01  9.601D-14 1.2D-02 0.0D+00    1    0 9.37D-01 1.00D+00 1.00D+00 1.197D+02     0.00
        3 1.0D-01 -2.041D+02  9.602D-14 1.4D-02 0.0D+00    1    0 2.99D+00 1.00D+00 1.00D+00 2.004D+02     0.00
        4 1.0D-01 -2.932D+02  9.601D-14 1.5D-02 0.0D+00    2    0 1.21D+00 1.00D+00 1.00D+00 2.361D+02     0.00
        5 1.0D-01 -3.321D+02  9.602D-14 1.6D-02 0.0D+00    2    0 4.67D-01 1.00D+00 1.00D+00 2.503D+02     0.00
        6 1.0D-01 -4.931D+02  9.602D-14 1.7D-02 0.0D+00    1    0 1.57D+00 1.00D+00 1.00D+00 3.017D+02     0.00
        7 1.0D-01 -5.673D+02  9.602D-14 1.7D-02 0.0D+00    2    0 6.16D-01 1.00D+00 1.00D+00 3.224D+02     0.00
        8 1.0D-01 -9.155D+02  9.602D-14 1.8D-02 0.0D+00    1    0 2.24D+00 1.00D+00 1.00D+00 3.990D+02     0.00
        9 1.0D-01 -1.089D+03  9.602D-14 1.8D-02 0.0D+00    2    0 9.07D-01 1.00D+00 1.00D+00 4.300D+02     0.00
       10 1.0D-01 -2.093D+03  9.602D-14 1.9D-02 0.0D+00    1    0 3.72D+00 1.00D+00 1.00D+00 6.585D+02     0.00

    inner barrier   scaled     scaled     min     min    NW   SE     dx      alpha    alpha    inner   time (s)
     ite   param   obj func     feas      x-l     u-x   pert pert   norm      max             opt err 
       11 1.0D-01 -2.657D+03  9.602D-14 2.0D-02 0.0D+00    2    0 1.56D+00 1.00D+00 1.00D+00 8.048D+02     0.00
       12 1.0D-01 -7.253D+03  9.602D-14 2.1D-02 0.0D+00    1    0 7.71D+00 1.00D+00 1.00D+00 1.756D+03     0.00
       13 1.0D-01 -1.027D+04  9.602D-14 2.1D-02 0.0D+00    2    0 3.42D+00 1.00D+00 1.00D+00 2.203D+03     0.00
       14 1.0D-01 -4.843D+04  9.601D-14 2.2D-02 0.0D+00    1    0 2.12D+01 1.00D+00 1.00D+00 5.611D+03     0.00
       15 1.0D-01 -7.776D+04  9.602D-14 2.2D-02 0.0D+00    2    0 9.93D+00 1.00D+00 1.00D+00 7.266D+03     0.00
       16 1.0D-01 -6.818D+05  9.601D-14 2.3D-02 0.0D+00    1    0 8.09D+01 1.00D+00 1.00D+00 2.295D+04     0.00
       17 1.0D-01 -1.217D+06  9.601D-14 2.3D-02 0.0D+00    2    0 3.99D+01 1.00D+00 1.00D+00 3.086D+04     0.00
       18 1.0D-01 -2.174D+07  9.601D-14 2.4D-02 0.0D+00    1    0 4.67D+02 1.00D+00 1.00D+00 1.338D+05     0.00
       19 1.0D-01 -4.278D+07  9.601D-14 2.4D-02 0.0D+00    2    0 2.43D+02 1.00D+00 1.00D+00 1.880D+05     0.00
       20 1.0D-01 -2.322D+09  9.602D-14 2.5D-02 0.0D+00    1    0 5.05D+03 1.00D+00 1.00D+00 1.402D+06     0.00

    inner barrier   scaled     scaled     min     min    NW   SE     dx      alpha    alpha    inner   time (s)
     ite   param   obj func     feas      x-l     u-x   pert pert   norm      max             opt err 
       21 1.0D-01 -5.086D+09  9.601D-14 2.5D-02 0.0D+00    2    0 2.79D+03 1.00D+00 1.00D+00 2.076D+06     0.00
       22 1.0D-01 -7.583D+12  9.601D-14 2.6D-02 0.0D+00    1    0 3.07D+05 1.00D+00 1.00D+00 8.047D+07     0.00
       23 1.0D-01 -1.882D+13  9.601D-14 2.6D-02 0.0D+00    2    0 1.81D+05 1.00D+00 1.00D+00 1.268D+08     0.00
       24 1.0D-01 -2.527D+13  9.601D-14 2.6D-02 0.0D+00    2    0 7.86D+04 1.00D+00 1.00D+00 1.469D+08     0.00
       25 1.0D-01 -7.285D+13  9.601D-14 2.6D-02 0.0D+00    1    0 4.00D+05 1.00D+00 1.00D+00 2.494D+08     0.00
       26 1.0D-01 -1.018D+14  9.601D-14 2.6D-02 0.0D+00    2    0 1.77D+05 1.00D+00 1.00D+00 2.949D+08     0.00
       27 1.0D-01 -3.522D+14  9.601D-14 2.7D-02 0.0D+00    1    0 9.89D+05 1.00D+00 1.00D+00 5.485D+08     0.00
       28 1.0D-01 -5.155D+14  9.601D-14 2.7D-02 0.0D+00    2    0 4.48D+05 1.00D+00 1.00D+00 6.635D+08     0.00
       29 1.0D-01 -2.239D+15  9.601D-14 2.7D-02 0.0D+00    1    0 2.80D+06 1.00D+00 1.00D+00 1.383D+09     0.00
       30 1.0D-01 -3.455D+15  9.601D-14 2.7D-02 0.0D+00    2    0 1.30D+06 1.00D+00 1.00D+00 1.718D+09     0.00

    inner barrier   scaled     scaled     min     min    NW   SE     dx      alpha    alpha    inner   time (s)
     ite   param   obj func     feas      x-l     u-x   pert pert   norm      max             opt err 
       31 1.0D-01 -2.008D+16  9.601D-14 2.7D-02 0.0D+00    1    0 9.42D+06 1.00D+00 1.00D+00 4.141D+09     0.00
       32 1.0D-01 -3.296D+16  9.601D-14 2.7D-02 0.0D+00    2    0 4.53D+06 1.00D+00 1.00D+00 5.306D+09     0.00
       33 1.0D-01 -2.823D+17  9.601D-14 2.8D-02 0.0D+00    1    0 3.97D+07 1.00D+00 1.00D+00 1.553D+10     0.00
       34 1.0D-01 -4.978D+17  9.601D-14 2.8D-02 0.0D+00    2    0 1.98D+07 1.00D+00 1.00D+00 2.062D+10     0.00
       35 1.0D-01 -7.399D+18  9.601D-14 2.8D-02 0.0D+00    1    0 2.28D+08 1.00D+00 1.00D+00 7.950D+10     0.00
       36 1.0D-01 -1.418D+19  9.601D-14 2.8D-02 0.0D+00    2    0 1.19D+08 1.00D+00 1.00D+00 1.101D+11     0.00
       37 1.0D-01 -5.098D+20  9.601D-14 2.8D-02 0.0D+00    1    0 2.13D+09 1.00D+00 1.00D+00 6.599D+11     0.00
       38 1.0D-01 -1.078D+21  9.601D-14 2.8D-02 0.0D+00    2    0 1.16D+09 1.00D+00 1.00D+00 9.598D+11     0.00
       39 1.0D-01 -2.748D+23  9.601D-14 2.8D-02 0.0D+00    1    0 5.56D+10 1.00D+00 1.00D+00 1.532D+13     0.00
       40 1.0D-01 -6.535D+23  9.601D-14 2.8D-02 0.0D+00    2    0 3.21D+10 1.00D+00 1.00D+00 2.363D+13     0.00

    inner barrier   scaled     scaled     min     min    NW   SE     dx      alpha    alpha    inner   time (s)
     ite   param   obj func     feas      x-l     u-x   pert pert   norm      max             opt err 
       41 1.0D-01 -8.670D+23  9.601D-14 2.8D-02 0.0D+00    2    0 1.39D+10 1.00D+00 1.00D+00 2.721D+13     0.00
       42 1.0D-01 -2.372D+24  9.601D-14 2.9D-02 0.0D+00    1    0 6.89D+10 1.00D+00 1.00D+00 4.501D+13     0.00
       43 1.0D-01 -3.270D+24  9.601D-14 2.9D-02 0.0D+00    2    0 3.03D+10 1.00D+00 1.00D+00 5.285D+13     0.00
       44 1.0D-01 -1.061D+25  9.601D-14 2.9D-02 0.0D+00    1    0 1.64D+11 1.00D+00 1.00D+00 9.520D+13     0.00
       45 1.0D-01 -1.529D+25  9.601D-14 2.9D-02 0.0D+00    2    0 7.38D+10 1.00D+00 1.00D+00 1.143D+14     0.00
       46 1.0D-01 -6.126D+25  9.601D-14 2.9D-02 0.0D+00    1    0 4.43D+11 1.00D+00 1.00D+00 2.288D+14     0.00
       47 1.0D-01 -9.284D+25  9.601D-14 2.9D-02 0.0D+00    2    0 2.04D+11 1.00D+00 1.00D+00 2.816D+14     0.00
       48 1.0D-01 -4.863D+26  9.601D-14 2.9D-02 0.0D+00    1    0 1.40D+12 1.00D+00 1.00D+00 6.445D+14     0.00
       49 1.0D-01 -7.814D+26  9.602D-14 2.9D-02 0.0D+00    2    0 6.67D+11 1.00D+00 1.00D+00 8.170D+14     0.00
       50 1.0D-01 -5.815D+27  9.601D-14 2.9D-02 0.0D+00    1    0 5.46D+12 1.00D+00 1.00D+00 2.229D+15     0.00

    inner barrier   scaled     scaled     min     min    NW   SE     dx      alpha    alpha    inner   time (s)
     ite   param   obj func     feas      x-l     u-x   pert pert   norm      max             opt err 
       51 1.0D-01 -1.000D+28  9.601D-14 2.9D-02 0.0D+00    2    0 2.69D+12 1.00D+00 1.00D+00 2.923D+15     0.00
       52 1.0D-01 -1.211D+29  9.602D-14 2.9D-02 0.0D+00    1    0 2.80D+13 1.00D+00 1.00D+00 1.017D+16     0.00
       53 1.0D-01 -2.256D+29  9.601D-14 2.9D-02 0.0D+00    2    0 1.43D+13 1.00D+00 1.00D+00 1.388D+16     0.00
       54 1.0D-01 -5.735D+30  9.601D-14 2.9D-02 0.0D+00    1    0 2.17D+14 1.00D+00 1.00D+00 6.999D+16     0.00
       55 1.0D-01 -1.173D+31  9.601D-14 2.9D-02 0.0D+00    2    0 1.16D+14 1.00D+00 1.00D+00 1.001D+17     0.00
       56 1.0D-01 -1.218D+33  9.601D-14 2.9D-02 0.0D+00    1    0 3.56D+15 1.00D+00 1.00D+00 1.020D+18     0.00
       57 1.0D-01 -2.782D+33  9.601D-14 2.9D-02 0.0D+00    2    0 2.02D+15 1.00D+00 1.00D+00 1.541D+18     0.00
       58 1.0D-01 -3.648D+33  9.601D-14 2.9D-02 0.0D+00    2    0 8.66D+14 1.00D+00 1.00D+00 1.765D+18     0.00
       59 1.0D-01 -9.506D+33  9.601D-14 2.9D-02 0.0D+00    1    0 4.19D+15 1.00D+00 1.00D+00 2.849D+18     0.00
       60 1.0D-01 -1.293D+34  9.601D-14 2.8D-02 0.0D+00    2    0 1.83D+15 1.00D+00 1.00D+00 3.324D+18     0.00

    inner barrier   scaled     scaled     min     min    NW   SE     dx      alpha    alpha    inner   time (s)
     ite   param   obj func     feas      x-l     u-x   pert pert   norm      max             opt err 
       61 1.0D-01 -3.954D+34  9.601D-14 2.7D-02 0.0D+00    1    0 9.62D+15 1.00D+00 1.00D+00 5.811D+18     0.00
       62 1.0D-01 -5.610D+34  9.601D-14 2.8D-02 0.0D+00    2    0 4.30D+15 1.00D+00 1.00D+00 6.922D+18     0.00
       63 1.0D-01 -2.087D+35  9.601D-14 2.7D-02 0.0D+00    1    0 2.49D+16 1.00D+00 1.00D+00 1.335D+19     0.00
       64 1.0D-01 -3.108D+35  9.601D-14 2.8D-02 0.0D+00    2    0 1.14D+16 1.00D+00 1.00D+00 1.629D+19     0.00
       65 1.0D-01 -1.480D+36  9.601D-14 3.0D-02 0.0D+00    1    0 7.45D+16 1.00D+00 1.00D+00 3.556D+19     0.00
       66 1.0D-01 -2.331D+36  9.601D-14 3.0D-02 0.0D+00    2    0 3.51D+16 1.00D+00 1.00D+00 4.462D+19     0.00
       67 1.0D-01 -1.529D+37  9.602D-14 2.5D-02 0.0D+00    1    0 2.69D+17 1.00D+00 1.00D+00 1.143D+20     0.00
       68 1.0D-01 -2.568D+37  9.601D-14 2.2D-02 0.0D+00    2    0 1.31D+17 1.00D+00 1.00D+00 1.481D+20     0.00
       69 1.0D-01 -2.599D+38  9.601D-14 1.8D-02 0.0D+00    1    0 1.25D+18 1.00D+00 1.00D+00 4.712D+20     0.00
       70 1.0D-01 -3.748D+38  9.602D-14 1.8D-04 0.0D+00    2    0 6.31D+17 5.80D-01 5.80D-01 5.658D+20     0.00

    inner barrier   scaled     scaled     min     min    NW   SE     dx      alpha    alpha    inner   time (s)
     ite   param   obj func     feas      x-l     u-x   pert pert   norm      max             opt err 
       71 1.0D-01 -7.169D+39  9.601D-14 4.5D-03 0.0D+00    1    0 7.38D+18 1.00D+00 1.00D+00 2.475D+21     0.00
       72 1.0D-01 -7.370D+39  9.602D-14 2.6D-04 0.0D+00    2    0 3.90D+18 3.41D-02 3.41D-02 2.509D+21     0.00
       73 1.0D-01 -3.649D+40  9.602D-14 5.9D-05 0.0D+00    1    0 6.37D+19 1.87D-01 1.87D-01 5.583D+21     0.00
       74 1.0D-01 -3.651D+40  9.603D-14 5.9D-07 0.0D+00    2    0 1.04D+19 7.22D-04 7.22D-04 3.532D+21     0.00
       75 1.0D-01 -3.828D+40  9.602D-14 1.0D-06 0.0D+00    1    0 8.88D+20 5.82D-04 5.82D-04 3.479D+21     0.00
       76 1.0D-01 -4.345D+40  9.603D-14 6.8D-05 0.0D+00    2    0 1.28D+19 1.13D-01 1.13D-01 6.092D+21     0.00
       77 1.0D-01 -5.838D+40  9.603D-14 5.0D-04 0.0D+00    2    0 3.75D+18 1.00D+00 1.00D+00 7.061D+21     0.00
       78 1.0D-01 -6.182D+40  9.603D-14 1.3D-04 0.0D+00    1    0 1.91D+19 4.15D-02 4.15D-02 6.337D+21     0.00
       79 1.0D-01 -6.335D+40  9.602D-14 1.9D-04 0.0D+00    2    0 5.13D+18 6.72D-02 6.72D-02 7.356D+21     0.00
       80 1.0D-01 -6.449D+40  9.602D-14 1.1D-04 0.0D+00    1    0 2.46D+19 1.04D-02 1.04D-02 7.422D+21     0.00

    inner barrier   scaled     scaled     min     min    NW   SE     dx      alpha    alpha    inner   time (s)
     ite   param   obj func     feas      x-l     u-x   pert pert   norm      max             opt err 
       81 1.0D-01 -6.512D+40  9.603D-14 3.3D-05 0.0D+00    2    0 6.04D+18 2.30D-02 2.30D-02 7.458D+21     0.00
       82 1.0D-01 -7.236D+40  9.602D-14 6.7D-05 0.0D+00    1    0 3.14D+19 4.98D-02 4.98D-02 7.800D+21     0.00
       83 1.0D-01 -7.238D+40  9.601D-14 3.6D-06 0.0D+00    2    0 7.39D+18 5.36D-04 5.36D-04 5.540D+21     0.00
       84 1.0D-01 -8.033D+40  9.602D-14 8.0D-05 0.0D+00    1    0 4.31D+19 3.77D-02 3.77D-02 7.681D+21     0.00
       85 1.0D-01 -9.583D+40  9.603D-14 1.0D-04 0.0D+00    2    0 9.03D+18 3.27D-01 3.27D-01 9.047D+21     0.00
       86 1.0D-01 -1.003D+41  9.603D-14 1.0D-04 0.0D+00    1    0 6.78D+19 1.18D-02 1.18D-02 5.157D+21     0.00
       87 1.0D-01 -1.181D+41  9.605D-14 1.8D-04 0.0D+00    2    0 1.18D+19 2.60D-01 2.60D-01 1.004D+22     0.00
       88 1.0D-01 -1.256D+41  9.605D-14 4.5D-05 0.0D+00    1    0 1.12D+20 1.08D-02 1.08D-02 8.298D+21     0.00
       89 1.0D-01 -1.261D+41  9.603D-14 2.5D-05 0.0D+00    2    0 1.55D+19 5.02D-03 5.02D-03 7.216D+21     0.00
       90 1.0D-01 -1.345D+41  9.603D-14 2.9D-05 0.0D+00    1    0 2.03D+20 6.48D-03 6.48D-03 1.072D+22     0.00

    inner barrier   scaled     scaled     min     min    NW   SE     dx      alpha    alpha    inner   time (s)
     ite   param   obj func     feas      x-l     u-x   pert pert   norm      max             opt err 
       91 1.0D-01 -1.345D+41  9.602D-14 9.2D-07 0.0D+00    2    0 1.89D+19 3.59D-04 3.59D-04 1.072D+22     0.00
       92 1.0D-01 -1.396D+41  9.602D-14 1.3D-06 0.0D+00    1    0 6.42D+20 1.21D-03 1.21D-03 3.045D+21     0.00
       93 1.0D-01 -1.402D+41  9.602D-14 2.4D-06 0.0D+00    2    0 2.30D+19 3.68D-03 3.68D-03 2.824D+21     0.00
       94 1.0D-01 -1.446D+41  9.602D-14 3.7D-05 0.0D+00    2    0 6.44D+18 1.02D-01 1.02D-01 6.589D+21     0.00
       95 1.0D-01 -1.457D+41  9.602D-14 2.9D-06 0.0D+00    1    0 2.82D+19 5.91D-03 5.91D-03 1.116D+22     0.00
       96 1.0D-01 -1.457D+41  9.602D-14 4.3D-07 0.0D+00    2    0 7.53D+18 5.57D-04 5.57D-04 4.461D+21     0.00
       97 1.0D-01 -1.512D+41  9.602D-14 1.2D-06 0.0D+00    1    0 3.47D+19 2.30D-02 2.30D-02 5.666D+21     0.00
       98 1.0D-01 -1.514D+41  9.602D-14 4.2D-06 0.0D+00    2    0 8.82D+18 4.07D-03 4.07D-03 1.841D+21     0.00
       99 1.0D-01 -3.357D+41  9.600D-14 4.5D-05 0.0D+00    1    0 4.43D+19 4.86D-01 4.86D-01 1.502D+22     0.00
      100 1.0D-01 -3.357D+41  9.601D-14 4.5D-07 0.0D+00    2    0 1.52D+19 8.32D-05 8.32D-05 5.686D+21     0.00

    inner barrier   scaled     scaled     min     min    NW   SE     dx      alpha    alpha    inner   time (s)
     ite   param   obj func     feas      x-l     u-x   pert pert   norm      max             opt err 
      101 1.0D-01 -3.380D+41  9.598D-14 1.9D-06 0.0D+00    1    0 8.48D+19 2.59D-03 2.59D-03 4.102D+21     0.00
      102 1.0D-01 -3.402D+41  9.600D-14 5.7D-07 0.0D+00    2    0 1.76D+19 1.23D-02 1.23D-02 5.357D+21     0.00
      103 1.0D-01 -5.487D+41  9.602D-14 5.3D-05 0.0D+00    1    0 1.15D+20 1.55D-01 1.55D-01 2.165D+22     0.00
      104 1.0D-01 -5.587D+41  9.601D-14 5.0D-05 0.0D+00    2    0 2.62D+19 2.90D-02 2.90D-02 1.795D+22     0.00
      105 1.0D-01 -5.597D+41  9.601D-14 3.3D-05 0.0D+00    1    0 2.11D+20 3.55D-04 3.55D-04 4.113D+21     0.00
      106 1.0D-01 -5.600D+41  9.603D-14 4.6D-07 0.0D+00    2    0 3.09D+19 6.03D-04 6.03D-04 5.408D+21     0.00
      107 1.0D-01 -5.733D+41  9.602D-14 1.3D-06 0.0D+00    1    0 3.46D+20 2.89D-03 2.89D-03 1.265D+22     0.00
      108 1.0D-01 -5.733D+41  9.601D-14 1.4D-06 0.0D+00    2    0 3.69D+19 1.19D-04 1.19D-04 3.258D+21     0.00
      109 1.0D-01 -5.745D+41  9.601D-14 8.0D-07 0.0D+00    1    0 8.04D+20 1.08D-04 1.08D-04 4.248D+21     0.00
      110 1.0D-01 -5.784D+41  9.599D-14 2.3D-06 0.0D+00    2    0 4.39D+19 6.60D-03 6.60D-03 3.463D+21     0.00

    inner barrier   scaled     scaled     min     min    NW   SE     dx      alpha    alpha    inner   time (s)
     ite   param   obj func     feas      x-l     u-x   pert pert   norm      max             opt err 
      111 1.0D-01 -5.786D+41  9.601D-14 2.8D-06 0.0D+00    2    0 1.25D+19 1.48D-03 1.48D-03 2.223D+22     0.00
      112 1.0D-01 -5.859D+41  9.602D-14 5.8D-06 0.0D+00    1    0 5.30D+19 1.01D-02 1.01D-02 1.448D+22     0.00
      113 1.0D-01 -5.859D+41  9.601D-14 5.1D-06 0.0D+00    2    0 1.44D+19 3.18D-04 3.18D-04 3.525D+21     0.00
      114 1.0D-01 -5.873D+41  9.601D-14 5.1D-08 0.0D+00    1    0 6.50D+19 1.54D-03 1.54D-03 2.082D+21     0.00
      115 1.0D-01 -5.875D+41  9.601D-14 3.2D-07 0.0D+00    2    0 1.66D+19 1.06D-03 1.06D-03 2.240D+22     0.00
      116 1.0D-01 -6.122D+41  9.601D-14 8.0D-07 0.0D+00    1    0 8.08D+19 2.23D-02 2.23D-02 2.113D+21     0.00
      117 1.0D-01 -6.124D+41  9.601D-14 2.2D-06 0.0D+00    2    0 1.95D+19 9.38D-04 9.38D-04 3.374D+21     0.00
      118 1.0D-01 -6.260D+41  9.600D-14 9.1D-06 0.0D+00    1    0 1.05D+20 9.31D-03 9.31D-03 1.588D+22     0.00
      119 1.0D-01 -6.491D+41  9.598D-14 7.7D-06 0.0D+00    2    0 2.29D+19 7.13D-02 7.13D-02 2.355D+22     0.00
      120 1.0D-01 -6.497D+41  9.599D-14 8.4D-07 0.0D+00    1    0 1.43D+20 3.18D-04 3.18D-04 1.632D+22     0.00

    inner barrier   scaled     scaled     min     min    NW   SE     dx      alpha    alpha    inner   time (s)
     ite   param   obj func     feas      x-l     u-x   pert pert   norm      max             opt err 
      121 1.0D-01 -6.583D+41  9.601D-14 5.7D-06 0.0D+00    2    0 2.71D+19 2.21D-02 2.21D-02 2.371D+22     0.00
      122 1.0D-01 -6.656D+41  9.601D-14 9.3D-07 0.0D+00    1    0 2.01D+20 2.51D-03 2.51D-03 1.489D+22     0.00
      123 1.0D-01 -6.771D+41  9.599D-14 3.5D-05 0.0D+00    2    0 3.20D+19 2.50D-02 2.50D-02 2.405D+22     0.00
      124 1.0D-01 -6.830D+41  9.602D-14 2.9D-05 0.0D+00    1    0 3.17D+20 1.26D-03 1.26D-03 3.416D+21     0.00
      125 1.0D-01 -6.919D+41  9.599D-14 2.4D-05 0.0D+00    2    0 3.81D+19 1.60D-02 1.60D-02 2.431D+22     0.00
      126 1.0D-01 -6.943D+41  9.598D-14 2.4D-07 0.0D+00    1    0 6.27D+20 2.61D-04 2.61D-04 8.264D+21     0.00
      127 1.0D-01 -6.973D+41  9.599D-14 4.0D-06 0.0D+00    2    0 4.56D+19 4.50D-03 4.50D-03 7.204D+21     0.00
      128 1.0D-01 -2.718D+42  9.598D-14 3.9D-05 0.0D+00    1    0 4.25D+21 2.16D-02 2.16D-02 3.373D+22     0.00
      129 1.0D-01 -2.724D+42  9.599D-14 1.6D-06 0.0D+00    2    0 1.08D+20 1.63D-03 1.63D-03 9.049D+21     0.00
      130 1.0D-01 -2.733D+42  9.600D-14 4.7D-06 0.0D+00    2    0 2.98D+19 1.12D-02 1.12D-02 1.332D+22     0.00

    inner barrier   scaled     scaled     min     min    NW   SE     dx      alpha    alpha    inner   time (s)
     ite   param   obj func     feas      x-l     u-x   pert pert   norm      max             opt err 
      131 1.0D-01 -2.751D+42  9.597D-14 8.2D-06 0.0D+00    1    0 1.31D+20 4.55D-03 4.55D-03 9.467D+21     0.00
      132 1.0D-01 -2.753D+42  9.601D-14 6.9D-06 0.0D+00    2    0 3.43D+19 2.60D-03 2.60D-03 1.689D+22     0.00
      133 1.0D-01 -2.783D+42  9.600D-14 9.9D-08 0.0D+00    1    0 1.63D+20 6.23D-03 6.23D-03 4.876D+22     0.00
      134 1.0D-01 -2.784D+42  9.602D-14 8.2D-08 0.0D+00    2    0 3.98D+19 2.89D-04 2.89D-04 9.827D+21     0.00
      135 1.0D-01 -2.788D+42  9.603D-14 1.8D-07 0.0D+00    1    0 2.06D+20 7.31D-04 7.31D-04 1.139D+22     0.00
      136 1.0D-01 -2.790D+42  9.600D-14 3.3D-07 0.0D+00    2    0 4.60D+19 1.25D-03 1.25D-03 2.286D+21     0.00
      137 1.0D-01 -2.864D+42  9.602D-14 1.5D-06 0.0D+00    1    0 2.69D+20 9.26D-03 9.26D-03 1.150D+22     0.00
      138 1.0D-01 -2.883D+42  9.600D-14 6.3D-06 0.0D+00    2    0 5.41D+19 1.16D-02 1.16D-02 4.962D+22     0.00
      139 1.0D-01 -2.892D+42  9.603D-14 3.4D-06 0.0D+00    1    0 3.74D+20 7.98D-04 7.98D-04 6.618D+21     0.00
      140 1.0D-01 -2.892D+42  9.603D-14 3.3D-06 0.0D+00    2    0 6.34D+19 5.20D-05 5.20D-05 2.082D+21     0.00

    inner barrier   scaled     scaled     min     min    NW   SE     dx      alpha    alpha    inner   time (s)
     ite   param   obj func     feas      x-l     u-x   pert pert   norm      max             opt err 
      141 1.0D-01 -2.923D+42  9.603D-14 5.5D-06 0.0D+00    1    0 5.58D+20 1.83D-03 1.83D-03 1.888D+21     0.00
      142 1.0D-01 -2.926D+42  9.603D-14 2.4D-06 0.0D+00    2    0 7.47D+19 1.67D-03 1.67D-03 9.026D+21     0.00
      143 1.0D-01 -2.949D+42  9.604D-14 1.3D-06 0.0D+00    1    0 9.91D+20 7.54D-04 7.54D-04 7.559D+21     0.00
      144 1.0D-01 -2.949D+42  9.603D-14 1.3D-08 0.0D+00    2    0 8.88D+19 3.58D-06 3.58D-06 7.780D+20     0.00
      145 1.0D-01 -3.659D+42  9.603D-14 2.0D-06 0.0D+00    1    0 3.11D+21 7.11D-03 7.11D-03 3.864D+22     0.00
      146 1.0D-01 -3.667D+42  9.603D-14 1.6D-06 0.0D+00    2    0 1.18D+20 1.96D-03 1.96D-03 8.777D+21     0.00
      147 1.0D-01 -3.667D+42  9.604D-14 1.4D-07 0.0D+00    2    0 3.30D+19 2.72D-05 2.72D-05 1.050D+21     0.00
      148 1.0D-01 -3.675D+42  9.603D-14 5.3D-06 0.0D+00    1    0 1.43D+20 1.68D-03 1.68D-03 7.448D+21     0.00
      149 1.0D-01 -3.676D+42  9.603D-14 1.4D-06 0.0D+00    2    0 3.79D+19 1.18D-04 1.18D-04 1.061D+22     0.00
      150 1.0D-01 -3.676D+42  9.603D-14 6.7D-08 0.0D+00    1    0 1.75D+20 1.46D-04 1.46D-04 5.932D+21     0.00

    inner barrier   scaled     scaled     min     min    NW   SE     dx      alpha    alpha    inner   time (s)
     ite   param   obj func     feas      x-l     u-x   pert pert   norm      max             opt err 
      151 1.0D-01 -3.687D+42  9.604D-14 1.0D-07 0.0D+00    2    0 4.36D+19 6.80D-03 6.80D-03 4.088D+21     0.00
      152 1.0D-01 -3.979D+42  9.606D-14 3.1D-07 0.0D+00    1    0 2.19D+20 3.85D-02 3.85D-02 2.372D+22     0.00
      153 1.0D-01 -4.104D+42  9.604D-14 5.5D-06 0.0D+00    2    0 5.24D+19 6.70D-02 6.70D-02 5.921D+22     0.00
      154 1.0D-01 -4.109D+42  9.605D-14 1.3D-06 0.0D+00    1    0 2.98D+20 4.76D-04 4.76D-04 3.050D+21     0.00
      155 1.0D-01 -4.114D+42  9.608D-14 1.0D-06 0.0D+00    2    0 6.17D+19 2.33D-03 2.33D-03 6.787D+21     0.00
      156 1.0D-01 -4.154D+42  9.606D-14 1.4D-06 0.0D+00    1    0 4.01D+20 2.77D-03 2.77D-03 1.091D+22     0.00
      157 1.0D-01 -4.155D+42  9.606D-14 1.4D-06 0.0D+00    2    0 7.22D+19 4.51D-04 4.51D-04 6.827D+21     0.00
      158 1.0D-01 -4.162D+42  9.606D-14 1.4D-06 0.0D+00    1    0 5.80D+20 3.28D-04 3.28D-04 5.110D+21     0.00
      159 1.0D-01 -4.162D+42  9.609D-14 2.1D-07 0.0D+00    2    0 8.46D+19 1.22D-05 1.22D-05 2.052D+21     0.00
      160 1.0D-01 -4.420D+42  9.606D-14 4.4D-07 0.0D+00    1    0 9.52D+20 7.40D-03 7.40D-03 5.176D+21     0.00

    inner barrier   scaled     scaled     min     min    NW   SE     dx      alpha    alpha    inner   time (s)
     ite   param   obj func     feas      x-l     u-x   pert pert   norm      max             opt err 
      161 1.0D-01 -4.421D+42  9.608D-14 4.5D-07 0.0D+00    2    0 1.03D+20 1.34D-04 1.34D-04 1.137D+21     0.00
      162 1.0D-01 -4.421D+42  9.611D-14 1.1D-07 0.0D+00    1    0 2.28D+21 1.90D-06 1.90D-06 1.468D+21     0.00
      163 1.0D-01 -4.421D+42  9.611D-14 3.5D-08 0.0D+00    2    0 1.22D+20 1.17D-05 1.17D-05 2.943D+21     0.00
      164 1.0D-01 -4.422D+42  9.610D-14 5.2D-07 0.0D+00    2    0 3.47D+19 6.61D-04 6.61D-04 1.016D+21     0.00
      165 1.0D-01 -4.426D+42  9.609D-14 5.5D-07 0.0D+00    1    0 1.47D+20 8.11D-04 8.11D-04 7.641D+21     0.00
      166 1.0D-01 -4.427D+42  9.608D-14 5.7D-07 0.0D+00    2    0 3.98D+19 2.53D-04 2.53D-04 6.725D+21     0.00
      167 1.0D-01 -4.428D+42  9.606D-14 5.9D-07 0.0D+00    1    0 1.79D+20 2.19D-04 2.19D-04 1.573D+22     0.00
      168 1.0D-01 -4.428D+42  9.608D-14 2.4D-08 0.0D+00    2    0 4.57D+19 1.08D-05 1.08D-05 4.128D+21     0.00
      169 1.0D-01 -4.431D+42  9.613D-14 6.1D-07 0.0D+00    1    0 2.23D+20 3.55D-04 3.55D-04 2.204D+21     0.00
      170 1.0D-01 -4.431D+42  9.613D-14 4.9D-07 0.0D+00    2    0 5.27D+19 5.77D-06 5.77D-06 3.948D+21     0.00

    inner barrier   scaled     scaled     min     min    NW   SE     dx      alpha    alpha    inner   time (s)
     ite   param   obj func     feas      x-l     u-x   pert pert   norm      max             opt err 
      171 1.0D-01 -4.671D+42  9.615D-14 2.2D-06 0.0D+00    1    0 2.84D+20 2.24D-02 2.24D-02 2.652D+22     0.00
      172 1.0D-01 -4.769D+42  9.617D-14 1.0D-07 0.0D+00    2    0 6.26D+19 4.09D-02 4.09D-02 3.671D+22     0.00
      173 1.0D-01 -4.815D+42  9.614D-14 7.3D-07 0.0D+00    1    0 3.89D+20 3.03D-03 3.03D-03 2.199D+22     0.00
      174 1.0D-01 -4.857D+42  9.616D-14 4.4D-06 0.0D+00    2    0 7.39D+19 1.45D-02 1.45D-02 1.388D+22     0.00
      175 1.0D-01 -4.857D+42  9.613D-14 1.8D-06 0.0D+00    1    0 5.51D+20 1.33D-05 1.33D-05 7.175D+21     0.00
      176 1.0D-01 -4.857D+42  9.612D-14 1.8D-06 0.0D+00    2    0 8.67D+19 2.27D-05 2.27D-05 4.168D+21     0.00
      177 1.0D-01 -4.884D+42  9.616D-14 1.5D-06 0.0D+00    1    0 8.56D+20 8.17D-04 8.17D-04 8.292D+21     0.00
      178 1.0D-01 -4.885D+42  9.614D-14 5.2D-07 0.0D+00    2    0 1.02D+20 1.07D-05 1.07D-05 3.445D+21     0.00
      179 1.0D-01 -4.887D+42  9.610D-14 3.8D-07 0.0D+00    1    0 1.69D+21 3.33D-05 3.33D-05 1.805D+22     0.00
      180 1.0D-01 -4.887D+42  9.612D-14 4.4D-07 0.0D+00    2    0 1.21D+20 6.88D-06 6.88D-06 1.184D+21     0.00

    inner barrier   scaled     scaled     min     min    NW   SE     dx      alpha    alpha    inner   time (s)
     ite   param   obj func     feas      x-l     u-x   pert pert   norm      max             opt err 
      181 1.0D-01 -4.976D+42  9.612D-14 1.2D-08 0.0D+00    1    0 1.25D+22 1.82D-04 1.82D-04 3.025D+21     0.00
      182 1.0D-01 -4.978D+42  9.612D-14 1.8D-08 0.0D+00    2    0 1.47D+20 3.07D-04 3.07D-04 9.210D+20     0.00
      183 1.0D-01 -4.979D+42  9.612D-14 3.3D-07 0.0D+00    2    0 4.03D+19 8.46D-04 8.46D-04 1.167D+22     0.00
      184 1.0D-01 -5.028D+42  9.614D-14 5.8D-06 0.0D+00    1    0 1.78D+20 7.02D-03 7.02D-03 2.578D+22     0.00
      185 1.0D-01 -5.028D+42  9.612D-14 1.8D-06 0.0D+00    2    0 4.65D+19 3.27D-05 3.27D-05 4.533D+21     0.00
      186 1.0D-01 -5.029D+42  9.612D-14 1.5D-06 0.0D+00    1    0 2.21D+20 2.81D-05 2.81D-05 2.763D+21     0.00
      187 1.0D-01 -5.029D+42  9.613D-14 5.8D-06 0.0D+00    2    0 5.36D+19 2.37D-04 2.37D-04 9.205D+20     0.00
      188 1.0D-01 -5.030D+42  9.610D-14 6.7D-07 0.0D+00    1    0 2.78D+20 1.03D-04 1.03D-04 4.478D+22     0.00
      189 1.0D-01 -5.031D+42  9.610D-14 6.5D-07 0.0D+00    2    0 6.19D+19 3.26D-04 3.26D-04 8.488D+20     0.00
      190 1.0D-01 -5.031D+42  9.615D-14 6.5D-07 0.0D+00    1    0 3.63D+20 9.21D-06 9.21D-06 4.640D+21     0.00

    inner barrier   scaled     scaled     min     min    NW   SE     dx      alpha    alpha    inner   time (s)
     ite   param   obj func     feas      x-l     u-x   pert pert   norm      max             opt err 
      191 1.0D-01 -5.031D+42  9.615D-14 1.4D-08 0.0D+00    2    0 7.19D+19 4.63D-06 4.63D-06 3.697D+21     0.00
      192 1.0D-01 -5.108D+42  9.618D-14 2.1D-06 0.0D+00    1    0 4.98D+20 3.87D-03 3.87D-03 1.209D+21     0.00
      193 1.0D-01 -5.109D+42  9.618D-14 2.0D-06 0.0D+00    2    0 8.44D+19 2.79D-04 2.79D-04 7.751D+21     0.00
      194 1.0D-01 -5.109D+42  9.617D-14 5.7D-08 0.0D+00    1    0 7.48D+20 6.16D-07 6.16D-07 2.513D+21     0.00
      195 1.0D-01 -5.111D+42  9.618D-14 1.3D-06 0.0D+00    2    0 9.91D+19 4.48D-04 4.48D-04 2.876D+21     0.00
      196 1.0D-01 -5.111D+42  9.612D-14 7.7D-07 0.0D+00    1    0 1.33D+21 8.07D-06 8.07D-06 9.111D+21     0.00
      197 1.0D-01 -5.114D+42  9.616D-14 1.3D-08 0.0D+00    2    0 1.17D+20 6.73D-04 6.73D-04 1.021D+21     0.00
      198 1.0D-01 -1.865D+43  9.617D-14 2.1D-06 0.0D+00    1    0 4.25D+21 5.47D-02 5.47D-02 4.528D+22     0.00
      199 1.0D-01 -1.865D+43  9.615D-14 2.3D-06 0.0D+00    2    0 2.67D+20 5.50D-05 5.50D-05 1.950D+21     0.00


     1 2.0D-02 -4.851289D+44 -1.865145D+43 1.950D+21   199D
 ==========================================================

 FINAL RESULTS:
                            scaled                   unscaled
  Objective Funct:  -1.8651450506975524D+43   -4.8512886390366315D+44
  Lagrangian Grad:   1.2621985530382494D+23    3.2830098110990688D+24
 Final Point Feas:   9.6148783379490510D-14    9.6148783379490510D-14
 Bounds violation:   0.0000000000000000D+00    0.0000000000000000D+00
 Lower Bound Comp:   1.2286615578196466D-01    3.1957792529016857D+00
 Upper Bound Comp:   0.0000000000000000D+00    0.0000000000000000D+00

 Flag of LCMIN:

     Iterates diverging: the problem may be unbounded.

 ====================================================
                      STATISTICS                     
 ====================================================
 GENERAL:                                            

           Preprocessing time (in seconds):      0.82
            Optimization time (in seconds):      0.78

                      Inner Iterations (IIT):     199
                      Outer Iterations (OIT):       1
                  Function Evaluations (FEV):     200
         Function Gradient Evaluations (GEV):     200
          Function Hessian Evaluations (HEV):     199
          Barrier Function Evaluations (BFE):     398
 Barrier Function Gradient Evaluations (BGE):     199
 ====================================================
 AVERAGE:                                            

 Inner Iterations per Outer Iterations  :    199.0000
 FEV per IIT:      1.0050    FEV per OIT:    200.0000
 GEV per IIT:      1.0050    GEV per OIT:    200.0000
 HEV per IIT:      1.0000    HEV per OIT:    199.0000
 BFE per IIT:      2.0000    BFE per OIT:    398.0000
 BGE per IIT:      1.0000    BGE per OIT:    199.0000
 ====================================================

