
 ==============================================================================
 This is ALGENCAN 3.1.1.
 ALGENCAN, an Augmented Lagrangian method for nonlinear programming, is part of
 the TANGO Project: Trustable Algorithms for Nonlinear General Optimization.
 See http://www.ime.usp.br/~egbirgin/tango/ for details.
 ==============================================================================

 Processing array of parameters with   3 entrances:

 IGNORE-OBJECTIVE-FUNCTION                    
 ITERATIONS-OUTPUT-DETAIL                                                    11
 NEWTON-LINE-SEARCH-INNER-SOLVER                                    'MA57 MC64'

 The specification file is not being used.

 Available HSL subroutines = MA57           

 ALGENCAN PARAMETERS:

 firstde                =                    T
 seconde                =                    T
 truehpr                =                    T
 hptype in TN           =               TRUEHP
 lsslvr in TR           =            MA57/NONE
 lsslvr in NW           =            MA57/MC64
 lsslvr in ACCPROC      =            MA57/NONE
 innslvr                =                   NW
 accproc                =                    T
 rmfixv                 =                    T
 slacks                 =                    F
 scale                  =                    T
 epsfeas                =           1.0000D-09
 epsopt                 =           1.0000D-08
 efstain                =           3.1623D-05
 eostain                =           1.0000D-12
 efacc                  =           3.1623D-05
 eoacc                  =           1.0000D-04
 iprint                 =                   11
 ncomp                  =                    6

 Specification filename =                   ''
 Output filename        =          'lcmin.out'
 Solution filename      =                   ''

 Number of variables               :     468
 Number of equality constraints    :      96
 Number of inequality constraints  :       0
 Number of bound constraints       :     468
 Number of fixed variables         :       0

 There are no fixed variables to be removed.

 Objective function scale factor   : 1.0D+00
 Smallest constraints scale factor : 1.0D+00

 Since the scaling factor(s) is(are) equal to one, scaling was inhibited.

     Entry to GENCAN.
     Number of variables:     468
     Required optimality tolerance: 1.0D-08

     It         function  gpsupn   xsupn stesupn   nfree   SPGit in-face    fcnt
      0   2.34746647D-18 2.1D-09 1.1D+03
      1   4.61840828D-19 8.4D-10 1.1D+03 3.9D-10     244       0       1       3

     Flag of GENCAN: Solution was found.


 User-provided subroutines calls counters: 

 Subroutine fsub     (coded=F):        0
 Subroutine gsub     (coded=F):        0
 Subroutine hsub     (coded=F):        0
 Subroutine csub     (coded=F):        0 (       0 calls per constraint in avg)
 Subroutine jacsub   (coded=F):        0 (       0 calls per constraint in avg)
 Subroutine hcsub    (coded=F):        0 (       0 calls per constraint in avg)
 Subroutine fcsub    (coded=T):        3
 Subroutine gjacsub  (coded=T):        4
 Subroutine gjacpsub (coded=F):        0
 Subroutine hlsub    (coded=T):        1
 Subroutine hlpsub   (coded=F):        0


 Total CPU time in seconds =     0.00

 ==============================================================================

 Initial point computed successfully.

                                            achieved                  desired        
 Unscaled feasibility ..............:   4.6091486183286179D-10   1.0000000000000001D-09
 Smallest distance to lower bound ..:   1.0000000000000000D-02   1.0000000000000000D-03

 Starting LCMIN.
 Number of variables   :     468
 Number of constraints :      96

 Scale factor for the objective function   : 1.5D-08
 Smallest scale factor for the constraints : 1.0D+00

 ==========================================================
 outer barrier   objective       scaled      outer   inner
  ite   param     function     obj funct    opt err   ite 
     0 1.0D-01  2.825112D+12  4.209745D+04 3.992D+05     0 

    inner barrier   scaled     scaled     min     min    NW   SE     dx      alpha    alpha    inner   time (s)
     ite   param   obj func     feas      x-l     u-x   pert pert   norm      max             opt err 
        1 1.0D-01  2.798D+04  4.609D-10 1.3D-02 0.0D+00    0    0 2.43D+04 2.32D-01 2.32D-01 2.804D+05     0.01
        2 1.0D-01  1.399D+04  4.609D-10 1.1D-02 0.0D+00    0    0 2.72D+04 3.26D-01 3.26D-01 9.785D+04     0.01
        3 1.0D-01  7.165D+03  4.609D-10 5.2D-03 0.0D+00    0    0 1.10D+04 6.23D-01 6.23D-01 2.648D+04     0.01
        4 1.0D-01  3.748D+03  4.609D-10 4.7D-03 0.0D+00    0    0 6.50D+03 8.46D-01 8.46D-01 9.449D+03     0.01
        5 1.0D-01  1.978D+03  4.609D-10 4.7D-03 0.0D+00    0    0 3.78D+03 1.00D+00 1.00D+00 2.815D+03     0.01
        6 1.0D-01  1.075D+03  4.609D-10 7.5D-03 0.0D+00    0    0 3.55D+03 1.00D+00 1.00D+00 1.052D+03     0.00
        7 1.0D-01  7.439D+02  4.609D-10 9.8D-03 0.0D+00    0    0 2.18D+03 5.95D-01 5.95D-01 5.871D+02     0.00
        8 1.0D-01  4.152D+02  4.609D-10 1.2D-02 0.0D+00    0    0 6.45D+03 1.00D+00 1.00D+00 3.016D+02     0.00
        9 1.0D-01  3.838D+02  4.609D-10 1.3D-02 0.0D+00    0    0 1.17D+04 1.10D-01 1.10D-01 2.101D+02     0.00
       10 1.0D-01  2.845D+02  4.609D-10 1.8D-02 0.0D+00    0    0 1.71D+04 4.52D-01 4.52D-01 1.718D+02     0.00

    inner barrier   scaled     scaled     min     min    NW   SE     dx      alpha    alpha    inner   time (s)
     ite   param   obj func     feas      x-l     u-x   pert pert   norm      max             opt err 
       11 1.0D-01  2.212D+02  4.609D-10 2.4D-02 0.0D+00    0    0 8.59D+03 4.00D-01 4.00D-01 8.512D+01     0.00
       12 1.0D-01  1.350D+02  4.609D-10 4.3D-02 0.0D+00    0    0 1.05D+04 9.19D-01 9.19D-01 4.534D+01     0.00
       13 1.0D-01  1.175D+02  4.609D-10 4.8D-02 0.0D+00    0    0 2.85D+04 1.79D-01 1.79D-01 3.861D+01     0.00
       14 1.0D-01  9.296D+01  4.609D-10 6.1D-02 0.0D+00    0    0 1.90D+04 3.67D-01 3.67D-01 2.847D+01     0.00
       15 1.0D-01  5.479D+01  4.609D-10 1.0D-01 0.0D+00    0    0 7.14D+03 1.00D+00 1.00D+00 1.493D+01     0.00
       16 1.0D-01  3.755D+01  4.609D-10 1.5D-01 0.0D+00    0    0 1.25D+04 7.31D-01 7.31D-01 8.440D+00     0.00
       17 1.0D-01  2.415D+01  4.609D-10 2.8D-01 0.0D+00    0    0 1.51D+04 1.00D+00 1.00D+00 4.701D+00     0.00
       18 1.0D-01  1.595D+01  4.609D-10 4.6D-01 0.0D+00    0    0 1.52D+04 1.00D+00 1.00D+00 2.105D+00     0.00
       19 1.0D-01  1.580D+01  4.610D-10 1.1D+00 0.0D+00    0    0 6.76D+04 1.00D+00 1.00D+00 1.386D+00     0.00
       20 1.0D-01  1.808D+01  4.609D-10 2.1D+00 0.0D+00    0    0 1.40D+05 1.00D+00 1.00D+00 7.783D-01     0.00


     1 2.0D-02  1.213518D+09  1.808283D+01 7.783D-01    20C

    inner barrier   scaled     scaled     min     min    NW   SE     dx      alpha    alpha    inner   time (s)
     ite   param   obj func     feas      x-l     u-x   pert pert   norm      max             opt err 
        1 2.0D-02  8.348D+00  4.608D-10 2.3D+00 0.0D+00    0    0 2.81D+04 1.00D+00 1.00D+00 2.454D-01     0.00
        2 2.0D-02  5.415D+00  4.608D-10 3.2D+00 0.0D+00    0    0 5.47D+04 1.00D+00 1.00D+00 1.068D-01     0.00


     2 2.8D-03  3.634100D+08  5.415232D+00 1.068D-01    22C

    inner barrier   scaled     scaled     min     min    NW   SE     dx      alpha    alpha    inner   time (s)
     ite   param   obj func     feas      x-l     u-x   pert pert   norm      max             opt err 
        1 2.8D-03  1.581D+00  4.613D-10 3.0D+00 0.0D+00    0    0 1.16D+05 1.00D+00 1.00D+00 2.769D-02     0.00


     3 1.5D-04  1.061026D+08  1.581052D+00 2.769D-02    23C

    inner barrier   scaled     scaled     min     min    NW   SE     dx      alpha    alpha    inner   time (s)
     ite   param   obj func     feas      x-l     u-x   pert pert   norm      max             opt err 
        1 1.5D-04  5.577D-01  4.612D-10 2.9D+00 0.0D+00    0    0 5.76D+04 1.00D+00 1.00D+00 7.829D-03     0.00
        2 1.5D-04  2.493D-01  4.610D-10 3.2D+00 0.0D+00    0    0 3.72D+04 1.00D+00 1.00D+00 2.592D-03     0.00
        3 1.5D-04  2.071D-01  4.609D-10 8.3D-02 0.0D+00    0    0 1.01D+05 2.60D-01 2.60D-01 2.007D-03     0.00
        4 1.5D-04  1.119D-01  4.609D-10 4.5D+00 0.0D+00    0    0 1.61D+05 1.00D+00 1.00D+00 8.467D-04     0.00


     4 1.8D-06  7.507114D+06  1.118647D-01 8.467D-04    27C

    inner barrier   scaled     scaled     min     min    NW   SE     dx      alpha    alpha    inner   time (s)
     ite   param   obj func     feas      x-l     u-x   pert pert   norm      max             opt err 
        1 1.8D-06  1.030D-01  4.610D-10 2.0D-03 0.0D+00    0    0 1.07D+05 4.16D-02 4.16D-02 8.131D-04     0.00
        2 1.8D-06  1.030D-01  4.610D-10 4.5D+00 0.0D+00    0    0 1.38D+05 4.90D-02 1.91D-04 8.117D-04     0.00
        3 1.8D-06  9.554D-02  4.610D-10 1.2D-05 0.0D+00    0    0 3.09D+04 8.70D-02 8.70D-02 7.413D-04     0.00
        4 1.8D-06  7.746D-02  4.609D-10 7.8D-04 0.0D+00    0    0 3.18D+04 2.38D-01 2.38D-01 5.805D-04     0.00
        5 1.8D-06  4.085D-02  4.609D-10 4.2D-04 0.0D+00    0    0 2.18D+04 8.64D-01 8.64D-01 2.176D-04     0.00
        6 1.8D-06  2.067D-02  4.609D-10 2.0D+00 0.0D+00    0    0 1.91D+04 1.00D+00 1.00D+00 7.248D-05     0.00
        7 1.8D-06  1.107D-02  4.609D-10 2.7D+00 0.0D+00    0    0 2.44D+04 1.00D+00 1.00D+00 2.762D-05     0.00
        8 1.8D-06  8.583D-03  4.609D-10 1.3D-03 0.0D+00    0    0 3.94D+04 3.85D-01 3.85D-01 1.913D-05     0.00
        9 1.8D-06  5.328D-03  4.609D-10 3.9D-04 0.0D+00    0    0 4.25D+04 8.03D-01 8.03D-01 1.612D-05     0.00


     5 2.5D-09  3.575464D+05  5.327857D-03 1.796D-05    36C

    inner barrier   scaled     scaled     min     min    NW   SE     dx      alpha    alpha    inner   time (s)
     ite   param   obj func     feas      x-l     u-x   pert pert   norm      max             opt err 
        1 2.5D-09  3.008D-03  4.608D-10 7.3D-02 0.0D+00    0    0 4.11D+04 1.00D+00 1.00D+00 9.069D-06     0.00
        2 2.5D-09  1.730D-03  4.608D-10 1.3D-01 0.0D+00    0    0 5.81D+04 1.00D+00 1.00D+00 6.303D-06     0.00
        3 2.5D-09  1.338D-03  4.608D-10 4.3D-07 0.0D+00    0    0 6.89D+04 4.66D-01 4.66D-01 3.173D-06     0.00
        4 2.5D-09  1.010D-03  4.609D-10 4.7D-06 0.0D+00    0    0 1.14D+05 5.60D-01 5.60D-01 3.138D-06     0.00
        5 2.5D-09  8.365D-04  4.609D-10 2.6D-01 0.0D+00    0    0 8.92D+04 7.37D-01 3.68D-01 3.150D-06     0.00
        6 2.5D-09  8.365D-04  4.608D-10 2.6D-01 0.0D+00    1    0 2.50D-01 1.00D+00 1.00D+00 3.791D-07     0.00
        7 2.5D-09  8.364D-04  4.608D-10 2.6D-01 0.0D+00    1    0 7.49D-01 1.00D+00 1.00D+00 3.769D-07     0.00
        8 2.5D-09  8.362D-04  4.608D-10 2.6D-01 0.0D+00    1    0 2.24D+00 1.00D+00 1.00D+00 3.702D-07     0.00
        9 2.5D-09  8.356D-04  4.609D-10 2.6D-01 0.0D+00    1    0 6.66D+00 1.00D+00 1.00D+00 3.517D-07     0.00
       10 2.5D-09  8.339D-04  4.609D-10 2.6D-01 0.0D+00    1    0 1.95D+01 1.00D+00 1.00D+00 3.064D-07     0.00

    inner barrier   scaled     scaled     min     min    NW   SE     dx      alpha    alpha    inner   time (s)
     ite   param   obj func     feas      x-l     u-x   pert pert   norm      max             opt err 
       11 2.5D-09  8.296D-04  4.609D-10 2.6D-01 0.0D+00    1    0 5.55D+01 1.00D+00 1.00D+00 2.263D-07     0.00
       12 2.5D-09  8.196D-04  4.609D-10 2.4D-01 0.0D+00    1    0 1.51D+02 1.00D+00 1.00D+00 2.101D-07     0.00
       13 2.5D-09  8.129D-04  4.609D-10 1.0D-09 0.0D+00    1    0 3.90D+02 2.92D-01 2.92D-01 1.984D-07     0.00
       14 2.5D-09  8.025D-04  4.609D-10 8.0D-10 0.0D+00    1    0 9.92D+02 1.91D-01 1.91D-01 1.844D-07     0.00
       15 2.5D-09  7.860D-04  4.609D-10 3.0D-09 0.0D+00    1    0 2.32D+03 1.39D-01 1.39D-01 1.803D-07     0.00
       16 2.5D-09  7.620D-04  4.609D-10 4.3D-09 0.0D+00    1    0 4.44D+03 1.17D-01 1.17D-01 1.732D-07     0.00
       17 2.5D-09  7.342D-04  4.609D-10 1.5D-08 0.0D+00    1    0 6.56D+03 1.08D-01 1.08D-01 1.634D-07     0.00
       18 2.5D-09  7.053D-04  4.609D-10 6.8D-09 0.0D+00    1    0 9.28D+03 9.57D-02 9.57D-02 1.523D-07     0.00
       19 2.5D-09  6.619D-04  4.609D-10 1.4D-08 0.0D+00    1    0 1.47D+04 1.18D-01 1.18D-01 1.371D-07     0.00
       20 2.5D-09  6.307D-04  4.609D-10 3.2D-09 0.0D+00    1    0 2.36D+04 7.36D-02 7.36D-02 1.277D-07     0.00

    inner barrier   scaled     scaled     min     min    NW   SE     dx      alpha    alpha    inner   time (s)
     ite   param   obj func     feas      x-l     u-x   pert pert   norm      max             opt err 
       21 2.5D-09  5.909D-04  4.609D-10 5.7D-08 0.0D+00    1    0 4.50D+04 7.84D-02 7.84D-02 1.178D-07     0.00
       22 2.5D-09  5.695D-04  4.609D-10 3.3D-08 0.0D+00    1    0 9.77D+04 3.14D-02 3.14D-02 1.140D-07     0.00
       23 2.5D-09  5.455D-04  4.609D-10 5.7D-08 0.0D+00    1    0 2.59D+05 1.94D-02 1.94D-02 1.116D-07     0.00
       24 2.5D-09  5.292D-04  4.608D-10 1.6D-08 0.0D+00    1    0 7.48D+05 5.69D-03 5.69D-03 1.110D-07     0.00
       25 2.5D-09  5.049D-04  4.609D-10 4.7D-08 0.0D+00    2    0 2.17D+05 2.15D-02 2.15D-02 1.084D-07     0.00
       26 2.5D-09  4.532D-04  4.609D-10 9.3D-07 0.0D+00    1    0 5.66D+05 2.01D-02 2.01D-02 1.055D-07     0.00
       27 2.5D-09  4.127D-04  4.609D-10 1.2D-06 0.0D+00    1    0 1.65D+06 6.23D-03 6.23D-03 1.046D-07     0.00
       28 2.5D-09  4.026D-04  4.609D-10 4.8D-07 0.0D+00    2    0 3.38D+05 7.76D-03 7.76D-03 1.037D-07     0.01
       29 2.5D-09  3.914D-04  4.609D-10 6.6D-07 0.0D+00    1    0 1.00D+06 5.60D-03 5.60D-03 1.031D-07     0.01
       30 2.5D-09  3.768D-04  4.609D-10 7.3D-07 0.0D+00    2    0 2.47D+05 1.94D-02 1.94D-02 1.010D-07     0.01

    inner barrier   scaled     scaled     min     min    NW   SE     dx      alpha    alpha    inner   time (s)
     ite   param   obj func     feas      x-l     u-x   pert pert   norm      max             opt err 
       31 2.5D-09  3.766D-04  4.609D-10 1.9D-02 0.0D+00    1    0 3.65D+05 9.08D-04 2.27D-04 1.081D-07     0.01
       32 2.5D-09  3.745D-04  4.609D-10 4.5D-08 0.0D+00    2    0 7.91D+04 7.71D-03 7.71D-03 1.002D-07     0.01
       33 2.5D-09  3.707D-04  4.609D-10 2.6D-08 0.0D+00    1    0 2.41D+05 1.45D-02 1.45D-02 9.855D-08     0.01
       34 2.5D-09  3.527D-04  4.609D-10 4.2D-07 0.0D+00    2    0 6.13D+04 9.83D-02 9.83D-02 8.724D-08     0.01
       35 2.5D-09  3.489D-04  4.609D-10 2.8D-07 0.0D+00    1    0 6.70D+04 2.38D-02 2.38D-02 8.508D-08     0.01
       36 2.5D-09  3.409D-04  4.609D-10 2.3D-06 0.0D+00    1    0 1.17D+05 5.95D-02 5.95D-02 7.076D-08     0.01
       37 2.5D-09  3.024D-04  4.609D-10 1.7D-09 0.0D+00    2    0 1.25D+04 3.17D-01 3.17D-01 5.252D-08     0.01
       38 2.5D-09  2.399D-04  4.609D-10 5.7D-09 0.0D+00    3    0 2.76D+04 4.57D-01 4.57D-01 4.582D-08     0.01
       39 2.5D-09  2.335D-04  4.609D-10 2.9D-09 0.0D+00    2    0 7.03D+03 9.99D-02 9.99D-02 3.124D-08     0.01
       40 2.5D-09  2.032D-04  4.609D-10 1.4D-06 0.0D+00    1    0 1.31D+04 5.56D-01 5.56D-01 1.880D-08     0.01


     6 1.0D-09  1.363471D+04  2.031731D-04 1.880D-08    76C

    inner barrier   scaled     scaled     min     min    NW   SE     dx      alpha    alpha    inner   time (s)
     ite   param   obj func     feas      x-l     u-x   pert pert   norm      max             opt err 
        1 1.0D-09  1.952D-04  4.609D-10 5.5D-09 0.0D+00    2    0 5.75D+03 2.14D-01 2.14D-01 2.299D-08     0.01
        2 1.0D-09  1.952D-04  4.609D-10 5.0D-04 0.0D+00    3    0 1.61D+03 4.33D-01 5.28D-05 1.922D-08     0.01
        3 1.0D-09  1.936D-04  4.609D-10 1.1D-09 0.0D+00    1    0 8.10D+03 6.95D-02 6.95D-02 7.186D-08     0.01
        4 1.0D-09  1.936D-04  4.609D-10 3.8D-04 0.0D+00    1    0 4.19D+03 4.75D-01 9.27D-04 1.465D-08     0.01
        5 1.0D-09  1.813D-04  4.609D-10 2.3D-08 0.0D+00    1    0 6.12D+03 4.17D-01 4.17D-01 1.006D-08     0.01
        6 1.0D-09  1.813D-04  4.609D-10 2.0D-03 0.0D+00    3    0 1.36D+03 8.23D-01 2.01D-04 1.006D-08     0.01
        7 1.0D-09  1.788D-04  4.609D-10 3.2D-02 0.0D+00    1    0 2.68D+03 3.90D-01 1.95D-01 8.831D-09     0.01


     7 1.0D-09  1.199907D+04  1.788000D-04 8.831D-09    83C
 ==========================================================

 FINAL RESULTS:
                            scaled                   unscaled
  Objective Funct:   1.7880001311106948D-04    1.1999065763068978D+04
  Lagrangian Grad:   8.8307848275856287D-09    5.9262393800770741D-01
 Final Point Feas:   4.6085735228018621D-10    4.6085735228018621D-10
 Bounds violation:   0.0000000000000000D+00    0.0000000000000000D+00
 Lower Bound Comp:   2.8926875454103449D-09    1.9412497507943666D-01
 Upper Bound Comp:   0.0000000000000000D+00    0.0000000000000000D+00

 Flag of LCMIN:

     Optimal solution found.

 ====================================================
                      STATISTICS                     
 ====================================================
 GENERAL:                                            

           Preprocessing time (in seconds):      0.86
            Optimization time (in seconds):      0.41

                      Inner Iterations (IIT):      83
                      Outer Iterations (OIT):       7
                  Function Evaluations (FEV):     130
         Function Gradient Evaluations (GEV):      84
          Function Hessian Evaluations (HEV):      83
          Barrier Function Evaluations (BFE):     212
 Barrier Function Gradient Evaluations (BGE):      83
 ====================================================
 AVERAGE:                                            

 Inner Iterations per Outer Iterations  :     11.8571
 FEV per IIT:      1.5663    FEV per OIT:     18.5714
 GEV per IIT:      1.0120    GEV per OIT:     12.0000
 HEV per IIT:      1.0000    HEV per OIT:     11.8571
 BFE per IIT:      2.5542    BFE per OIT:     30.2857
 BGE per IIT:      1.0000    BGE per OIT:     11.8571
 ====================================================

