
 ==============================================================================
 This is ALGENCAN 3.1.1.
 ALGENCAN, an Augmented Lagrangian method for nonlinear programming, is part of
 the TANGO Project: Trustable Algorithms for Nonlinear General Optimization.
 See http://www.ime.usp.br/~egbirgin/tango/ for details.
 ==============================================================================

 Processing array of parameters with   3 entrances:

 IGNORE-OBJECTIVE-FUNCTION                    
 ITERATIONS-OUTPUT-DETAIL                                                    11
 NEWTON-LINE-SEARCH-INNER-SOLVER                                    'MA57 MC64'

 The specification file is not being used.

 Available HSL subroutines = MA57           

 ALGENCAN PARAMETERS:

 firstde                =                    T
 seconde                =                    T
 truehpr                =                    T
 hptype in TN           =               TRUEHP
 lsslvr in TR           =            MA57/NONE
 lsslvr in NW           =            MA57/MC64
 lsslvr in ACCPROC      =            MA57/NONE
 innslvr                =                   NW
 accproc                =                    T
 rmfixv                 =                    T
 slacks                 =                    F
 scale                  =                    T
 epsfeas                =           1.0000D-09
 epsopt                 =           1.0000D-08
 efstain                =           3.1623D-05
 eostain                =           1.0000D-12
 efacc                  =           3.1623D-05
 eoacc                  =           1.0000D-04
 iprint                 =                   11
 ncomp                  =                    6

 Specification filename =                   ''
 Output filename        =          'lcmin.out'
 Solution filename      =                   ''

 Number of variables               :     540
 Number of equality constraints    :     112
 Number of inequality constraints  :       0
 Number of bound constraints       :     540
 Number of fixed variables         :       0

 There are no fixed variables to be removed.

 Objective function scale factor   : 1.0D+00
 Smallest constraints scale factor : 1.0D+00

 Since the scaling factor(s) is(are) equal to one, scaling was inhibited.

     Entry to GENCAN.
     Number of variables:     540
     Required optimality tolerance: 1.0D-08

     It         function  gpsupn   xsupn stesupn   nfree   SPGit in-face    fcnt
      0   8.59296977D-17 7.0D-09 4.2D+03
      1   9.38146039D-18 2.5D-09 4.2D+03 1.6D-09     269       0       1       3
      2   1.93415328D-24 1.8D-12 4.2D+03 3.4D-09     269       0       2       4

     Flag of GENCAN: Solution was found.


 User-provided subroutines calls counters: 

 Subroutine fsub     (coded=F):        0
 Subroutine gsub     (coded=F):        0
 Subroutine hsub     (coded=F):        0
 Subroutine csub     (coded=F):        0 (       0 calls per constraint in avg)
 Subroutine jacsub   (coded=F):        0 (       0 calls per constraint in avg)
 Subroutine hcsub    (coded=F):        0 (       0 calls per constraint in avg)
 Subroutine fcsub    (coded=T):        4
 Subroutine gjacsub  (coded=T):        5
 Subroutine gjacpsub (coded=F):        0
 Subroutine hlsub    (coded=T):        2
 Subroutine hlpsub   (coded=F):        0


 Total CPU time in seconds =     0.00

 ==============================================================================

 Initial point computed successfully.

                                            achieved                  desired        
 Unscaled feasibility ..............:   1.8189894035458565D-12   1.0000000000000001D-09
 Smallest distance to lower bound ..:   1.0000000000000000D-02   1.0000000000000000D-03

 Starting LCMIN.
 Number of variables   :     540
 Number of constraints :     112

 Scale factor for the objective function   : 1.5D-08
 Smallest scale factor for the constraints : 1.0D+00

 ==========================================================
 outer barrier   objective       scaled      outer   inner
  ite   param     function     obj funct    opt err   ite 
     0 1.0D-01  2.747975D+13  4.094802D+05 2.709D+06     0 

    inner barrier   scaled     scaled     min     min    NW   SE     dx      alpha    alpha    inner   time (s)
     ite   param   obj func     feas      x-l     u-x   pert pert   norm      max             opt err 
        1 1.0D-01  3.418D+05  1.819D-12 1.0D-04 0.0D+00    0    0 2.34D+05 4.56D-02 4.56D-02 2.520D+06     0.02
        2 1.0D-01  2.422D+05  1.819D-12 2.4D-03 0.0D+00    0    0 1.96D+05 9.03D-02 9.03D-02 1.565D+06     0.02
        3 1.0D-01  2.233D+05  1.819D-12 3.1D-05 0.0D+00    0    0 1.40D+05 3.84D-02 3.84D-02 1.488D+06     0.01
        4 1.0D-01  2.231D+05  9.095D-13 3.1D-07 0.0D+00    0    0 1.43D+05 5.11D-04 5.11D-04 1.487D+06     0.01
        5 1.0D-01  2.224D+05  1.819D-12 3.1D-09 0.0D+00    0    0 1.52D+05 1.44D-03 1.44D-03 1.519D+06     0.01
        6 1.0D-01  2.080D+05  1.819D-12 8.3D-08 0.0D+00    0    0 2.04D+05 2.79D-02 2.79D-02 1.465D+06     0.01
        7 1.0D-01  1.667D+05  3.638D-12 2.2D-07 0.0D+00    0    0 2.07D+05 8.38D-02 8.38D-02 1.131D+06     0.01
        8 1.0D-01  1.421D+05  3.638D-12 2.2D-07 0.0D+00    0    0 2.03D+05 6.13D-02 6.13D-02 9.825D+05     0.01
        9 1.0D-01  1.116D+05  3.638D-12 2.3D-07 0.0D+00    0    0 1.63D+05 9.98D-02 9.98D-02 6.876D+05     0.01
       10 1.0D-01  9.439D+04  1.979D-12 2.4D-07 0.0D+00    0    0 6.72D+04 1.09D-01 1.09D-01 5.839D+05     0.01

    inner barrier   scaled     scaled     min     min    NW   SE     dx      alpha    alpha    inner   time (s)
     ite   param   obj func     feas      x-l     u-x   pert pert   norm      max             opt err 
       11 1.0D-01  8.110D+04  3.161D-12 2.6D-07 0.0D+00    0    0 4.24D+04 1.21D-01 1.21D-01 4.820D+05     0.01
       12 1.0D-01  7.352D+04  4.543D-12 2.8D-07 0.0D+00    0    0 2.92D+04 9.21D-02 9.21D-02 4.234D+05     0.01
       13 1.0D-01  7.342D+04  4.058D-12 1.6D-07 0.0D+00    0    0 2.14D+04 1.43D-03 1.43D-03 3.705D+05     0.01
       14 1.0D-01  6.627D+04  3.638D-12 3.0D-07 0.0D+00    0    0 1.91D+04 1.10D-01 1.10D-01 3.135D+05     0.01
       15 1.0D-01  6.615D+04  3.638D-12 1.8D-07 0.0D+00    0    0 1.41D+04 1.96D-03 1.96D-03 2.591D+05     0.01
       16 1.0D-01  5.461D+04  5.100D-12 3.5D-07 0.0D+00    0    0 1.27D+04 2.28D-01 2.28D-01 1.999D+05     0.01
       17 1.0D-01  5.434D+04  3.638D-12 2.4D-07 0.0D+00    0    0 7.96D+03 6.32D-03 6.32D-03 1.876D+05     0.01
       18 1.0D-01  4.686D+04  4.302D-12 4.0D-07 0.0D+00    0    0 7.88D+03 1.94D-01 1.94D-01 1.466D+05     0.01
       19 1.0D-01  4.655D+04  4.422D-12 1.5D-07 0.0D+00    0    0 5.77D+03 9.08D-03 9.08D-03 1.339D+05     0.01
       20 1.0D-01  4.377D+04  3.638D-12 4.3D-07 0.0D+00    0    0 6.48D+03 8.27D-02 8.27D-02 1.123D+05     0.01

    inner barrier   scaled     scaled     min     min    NW   SE     dx      alpha    alpha    inner   time (s)
     ite   param   obj func     feas      x-l     u-x   pert pert   norm      max             opt err 
       21 1.0D-01  4.076D+04  2.863D-12 4.7D-07 0.0D+00    0    0 6.90D+03 9.69D-02 9.69D-02 9.620D+04     0.01
       22 1.0D-01  3.500D+04  2.979D-12 5.6D-07 0.0D+00    0    0 7.58D+03 2.10D-01 2.10D-01 7.805D+04     0.01
       23 1.0D-01  2.924D+04  3.638D-12 7.0D-07 0.0D+00    0    0 6.42D+03 2.55D-01 2.55D-01 6.439D+04     0.01
       24 1.0D-01  2.498D+04  3.533D-12 8.5D-07 0.0D+00    0    0 5.93D+03 2.28D-01 2.28D-01 6.164D+04     0.01
       25 1.0D-01  1.741D+04  3.178D-12 1.4D-06 0.0D+00    0    0 5.37D+03 5.50D-01 5.50D-01 4.458D+04     0.01
       26 1.0D-01  9.600D+03  3.638D-12 3.2D-06 0.0D+00    0    0 6.03D+03 1.00D+00 1.00D+00 2.928D+04     0.01
       27 1.0D-01  8.813D+03  3.929D-12 3.7D-06 0.0D+00    0    0 1.87D+04 1.26D-01 1.26D-01 2.762D+04     0.01
       28 1.0D-01  8.525D+03  2.576D-12 3.8D-06 0.0D+00    0    0 2.07D+05 3.51D-02 3.51D-02 2.716D+04     0.01
       29 1.0D-01  8.458D+03  2.693D-12 3.9D-06 0.0D+00    0    0 8.38D+03 1.19D-02 1.19D-02 1.245D+04     0.01
       30 1.0D-01  4.746D+03  2.991D-12 1.5D-05 0.0D+00    0    0 5.31D+03 1.00D+00 1.00D+00 7.052D+03     0.01

    inner barrier   scaled     scaled     min     min    NW   SE     dx      alpha    alpha    inner   time (s)
     ite   param   obj func     feas      x-l     u-x   pert pert   norm      max             opt err 
       31 1.0D-01  2.678D+03  4.420D-12 3.0D-05 0.0D+00    0    0 6.48D+03 1.00D+00 1.00D+00 4.172D+03     0.01
       32 1.0D-01  1.513D+03  5.171D-12 5.6D-05 0.0D+00    0    0 1.02D+04 1.00D+00 1.00D+00 2.228D+03     0.01
       33 1.0D-01  8.564D+02  4.607D-12 1.1D-04 0.0D+00    0    0 1.88D+04 1.00D+00 1.00D+00 1.374D+03     0.01
       34 1.0D-01  4.872D+02  5.425D-12 1.9D-04 0.0D+00    0    0 3.04D+04 1.00D+00 1.00D+00 7.052D+02     0.01
       35 1.0D-01  2.797D+02  5.736D-12 3.9D-04 0.0D+00    0    0 5.95D+04 1.00D+00 1.00D+00 4.160D+02     0.01
       36 1.0D-01  1.626D+02  5.453D-12 8.0D-04 0.0D+00    0    0 1.01D+05 1.00D+00 1.00D+00 2.191D+02     0.01
       37 1.0D-01  9.693D+01  3.830D-12 2.0D-03 0.0D+00    0    0 1.89D+05 1.00D+00 1.00D+00 8.011D+01     0.01
       38 1.0D-01  6.160D+01  7.276D-12 2.0D-02 0.0D+00    0    0 4.79D+05 1.00D+00 1.00D+00 6.394D+01     0.01
       39 1.0D-01  4.294D+01  7.276D-12 3.6D-02 0.0D+00    0    0 1.10D+06 1.00D+00 1.00D+00 2.619D+01     0.01
       40 1.0D-01  3.343D+01  1.455D-11 8.3D-02 0.0D+00    0    0 2.32D+06 1.00D+00 1.00D+00 1.641D+01     0.01

    inner barrier   scaled     scaled     min     min    NW   SE     dx      alpha    alpha    inner   time (s)
     ite   param   obj func     feas      x-l     u-x   pert pert   norm      max             opt err 
       41 1.0D-01  3.343D+01  1.455D-11 8.3D-02 0.0D+00    0    0 6.86D+06 1.00D+00 1.78D-15 1.438D+01     0.01
       42 1.0D-01  3.343D+01  1.455D-11 8.3D-02 0.0D+00    0    0 1.05D+07 1.00D+00 2.78D-17 1.490D+01     0.01
       43 1.0D-01  3.343D+01  1.455D-11 8.3D-02 0.0D+00    0    0 1.26D+07 1.00D+00 2.78D-17 1.471D+01     0.01
       44 1.0D-01  3.343D+01  1.455D-11 8.3D-02 0.0D+00    0    0 1.36D+07 1.00D+00 2.78D-17 1.471D+01     0.01
       45 1.0D-01  3.343D+01  1.455D-11 8.3D-02 0.0D+00    0    0 1.42D+07 1.00D+00 1.39D-17 1.470D+01     0.01
       46 1.0D-01  3.343D+01  1.455D-11 8.3D-02 0.0D+00    0    0 1.47D+07 1.00D+00 1.39D-17 1.470D+01     0.01
       47 1.0D-01  3.343D+01  1.455D-11 8.3D-02 0.0D+00    0    0 1.48D+07 1.00D+00 1.39D-17 1.470D+01     0.01
       48 1.0D-01  3.343D+01  1.455D-11 8.3D-02 0.0D+00    0    0 1.50D+07 1.00D+00 1.39D-17 1.470D+01     0.01
       49 1.0D-01  3.343D+01  1.455D-11 8.3D-02 0.0D+00    0    0 1.49D+07 1.00D+00 1.39D-17 1.470D+01     0.01
       50 1.0D-01  3.343D+01  1.455D-11 8.3D-02 0.0D+00    0    0 1.51D+07 1.00D+00 1.39D-17 1.469D+01     0.01

    inner barrier   scaled     scaled     min     min    NW   SE     dx      alpha    alpha    inner   time (s)
     ite   param   obj func     feas      x-l     u-x   pert pert   norm      max             opt err 
       51 1.0D-01  3.343D+01  2.910D-11 8.3D-02 0.0D+00    0    0 1.50D+07 1.00D+00 8.88D-16 1.469D+01     0.01
       52 1.0D-01  3.343D+01  2.910D-11 8.3D-02 0.0D+00    0    0 1.52D+07 1.00D+00 5.55D-17 1.469D+01     0.02
       53 1.0D-01  3.343D+01  2.910D-11 8.3D-02 0.0D+00    0    0 1.50D+07 1.00D+00 1.39D-17 1.469D+01     0.00
       54 1.0D-01  3.343D+01  2.910D-11 8.3D-02 0.0D+00    0    0 1.52D+07 1.00D+00 1.39D-17 1.469D+01     0.00
       55 1.0D-01  3.343D+01  2.910D-11 8.3D-02 0.0D+00    0    0 1.50D+07 1.00D+00 1.39D-17 1.469D+01     0.00
       56 1.0D-01  3.343D+01  2.910D-11 8.3D-02 0.0D+00    0    0 1.52D+07 1.00D+00 1.39D-17 1.469D+01     0.00
       57 1.0D-01  3.343D+01  2.910D-11 8.3D-02 0.0D+00    0    0 1.50D+07 1.00D+00 1.39D-17 1.469D+01     0.00
       58 1.0D-01  3.343D+01  2.910D-11 8.3D-02 0.0D+00    0    0 1.52D+07 1.00D+00 1.39D-17 1.469D+01     0.01
       59 1.0D-01  3.343D+01  2.910D-11 8.3D-02 0.0D+00    0    0 1.50D+07 1.00D+00 1.39D-17 1.469D+01     0.01
       60 1.0D-01  3.343D+01  2.910D-11 8.3D-02 0.0D+00    0    0 1.52D+07 1.00D+00 1.39D-17 1.469D+01     0.02

    inner barrier   scaled     scaled     min     min    NW   SE     dx      alpha    alpha    inner   time (s)
     ite   param   obj func     feas      x-l     u-x   pert pert   norm      max             opt err 
       61 1.0D-01  3.343D+01  2.910D-11 8.3D-02 0.0D+00    0    0 1.50D+07 1.00D+00 1.39D-17 1.469D+01     0.02
       62 1.0D-01  3.343D+01  2.910D-11 8.3D-02 0.0D+00    0    0 1.52D+07 1.00D+00 1.39D-17 1.469D+01     0.02
       63 1.0D-01  3.343D+01  2.910D-11 8.3D-02 0.0D+00    0    0 1.50D+07 1.00D+00 1.39D-17 1.469D+01     0.02
       64 1.0D-01  3.343D+01  2.910D-11 8.3D-02 0.0D+00    0    0 1.52D+07 1.00D+00 1.39D-17 1.469D+01     0.01
       65 1.0D-01  3.343D+01  2.910D-11 8.3D-02 0.0D+00    0    0 1.50D+07 1.00D+00 1.39D-17 1.469D+01     0.02
       66 1.0D-01  3.343D+01  2.910D-11 8.3D-02 0.0D+00    0    0 1.52D+07 1.00D+00 1.39D-17 1.469D+01     0.02
       67 1.0D-01  3.343D+01  2.910D-11 8.3D-02 0.0D+00    0    0 1.50D+07 1.00D+00 1.39D-17 1.469D+01     0.01
       68 1.0D-01  3.343D+01  2.910D-11 8.3D-02 0.0D+00    0    0 1.52D+07 1.00D+00 1.39D-17 1.469D+01     0.01
       69 1.0D-01  3.343D+01  2.910D-11 8.3D-02 0.0D+00    0    0 1.50D+07 1.00D+00 1.39D-17 1.469D+01     0.01
       70 1.0D-01  3.343D+01  2.910D-11 8.3D-02 0.0D+00    0    0 1.52D+07 1.00D+00 1.39D-17 1.469D+01     0.01

    inner barrier   scaled     scaled     min     min    NW   SE     dx      alpha    alpha    inner   time (s)
     ite   param   obj func     feas      x-l     u-x   pert pert   norm      max             opt err 
       71 1.0D-01  3.343D+01  2.910D-11 8.3D-02 0.0D+00    0    0 1.50D+07 1.00D+00 1.39D-17 1.469D+01     0.01
       72 1.0D-01  3.343D+01  2.910D-11 8.3D-02 0.0D+00    0    0 1.52D+07 1.00D+00 1.39D-17 1.469D+01     0.01
       73 1.0D-01  3.343D+01  2.910D-11 8.3D-02 0.0D+00    0    0 1.51D+07 1.00D+00 1.39D-17 1.469D+01     0.01
       74 1.0D-01  3.343D+01  2.910D-11 8.3D-02 0.0D+00    0    0 1.52D+07 1.00D+00 1.39D-17 1.469D+01     0.01
       75 1.0D-01  3.343D+01  2.910D-11 8.3D-02 0.0D+00    0    0 1.51D+07 1.00D+00 1.39D-17 1.469D+01     0.01
       76 1.0D-01  3.343D+01  2.910D-11 8.3D-02 0.0D+00    0    0 1.52D+07 1.00D+00 1.39D-17 1.469D+01     0.01
       77 1.0D-01  3.343D+01  2.910D-11 8.3D-02 0.0D+00    0    0 1.51D+07 1.00D+00 1.39D-17 1.469D+01     0.01
       78 1.0D-01  3.343D+01  2.910D-11 8.3D-02 0.0D+00    0    0 1.52D+07 1.00D+00 1.39D-17 1.469D+01     0.01
       79 1.0D-01  3.343D+01  2.910D-11 8.3D-02 0.0D+00    0    0 1.51D+07 1.00D+00 1.39D-17 1.469D+01     0.01
       80 1.0D-01  3.343D+01  2.910D-11 8.3D-02 0.0D+00    0    0 1.52D+07 1.00D+00 1.39D-17 1.469D+01     0.01

    inner barrier   scaled     scaled     min     min    NW   SE     dx      alpha    alpha    inner   time (s)
     ite   param   obj func     feas      x-l     u-x   pert pert   norm      max             opt err 
       81 1.0D-01  3.343D+01  2.910D-11 8.3D-02 0.0D+00    0    0 1.51D+07 1.00D+00 1.39D-17 1.469D+01     0.01
       82 1.0D-01  3.343D+01  2.910D-11 8.3D-02 0.0D+00    0    0 1.52D+07 1.00D+00 1.39D-17 1.469D+01     0.01
       83 1.0D-01  3.343D+01  2.910D-11 8.3D-02 0.0D+00    0    0 1.51D+07 1.00D+00 1.39D-17 1.469D+01     0.01
       84 1.0D-01  3.343D+01  2.910D-11 8.3D-02 0.0D+00    0    0 1.52D+07 1.00D+00 1.39D-17 1.469D+01     0.01
       85 1.0D-01  3.343D+01  2.910D-11 8.3D-02 0.0D+00    0    0 1.51D+07 1.00D+00 1.39D-17 1.469D+01     0.02
       86 1.0D-01  3.343D+01  2.910D-11 8.3D-02 0.0D+00    0    0 1.52D+07 1.00D+00 1.39D-17 1.469D+01     0.01
       87 1.0D-01  3.343D+01  2.910D-11 8.3D-02 0.0D+00    0    0 1.51D+07 1.00D+00 1.39D-17 1.469D+01     0.01
       88 1.0D-01  3.343D+01  2.910D-11 8.3D-02 0.0D+00    0    0 1.52D+07 1.00D+00 1.39D-17 1.469D+01     0.01
       89 1.0D-01  3.343D+01  2.910D-11 8.3D-02 0.0D+00    0    0 1.51D+07 1.00D+00 1.39D-17 1.469D+01     0.01
       90 1.0D-01  3.343D+01  2.910D-11 8.3D-02 0.0D+00    0    0 1.52D+07 1.00D+00 1.39D-17 1.469D+01     0.01

    inner barrier   scaled     scaled     min     min    NW   SE     dx      alpha    alpha    inner   time (s)
     ite   param   obj func     feas      x-l     u-x   pert pert   norm      max             opt err 
       91 1.0D-01  3.343D+01  2.910D-11 8.3D-02 0.0D+00    0    0 1.51D+07 1.00D+00 1.39D-17 1.469D+01     0.01
       92 1.0D-01  3.343D+01  2.910D-11 8.3D-02 0.0D+00    0    0 1.52D+07 1.00D+00 1.39D-17 1.469D+01     0.01
       93 1.0D-01  3.343D+01  2.910D-11 8.3D-02 0.0D+00    0    0 1.51D+07 1.00D+00 1.39D-17 1.469D+01     0.01
       94 1.0D-01  3.343D+01  2.910D-11 8.3D-02 0.0D+00    0    0 1.52D+07 1.00D+00 1.39D-17 1.469D+01     0.01
       95 1.0D-01  3.343D+01  2.910D-11 8.3D-02 0.0D+00    0    0 1.51D+07 1.00D+00 1.39D-17 1.469D+01     0.01
       96 1.0D-01  3.343D+01  2.910D-11 8.3D-02 0.0D+00    0    0 1.52D+07 1.00D+00 1.39D-17 1.469D+01     0.01
       97 1.0D-01  3.343D+01  2.910D-11 8.3D-02 0.0D+00    0    0 1.51D+07 1.00D+00 1.39D-17 1.469D+01     0.01
       98 1.0D-01  3.343D+01  2.910D-11 8.3D-02 0.0D+00    0    0 1.52D+07 1.00D+00 1.39D-17 1.469D+01     0.01
       99 1.0D-01  3.343D+01  2.910D-11 8.3D-02 0.0D+00    0    0 1.51D+07 1.00D+00 1.39D-17 1.469D+01     0.01
      100 1.0D-01  3.343D+01  2.910D-11 8.3D-02 0.0D+00    0    0 1.52D+07 1.00D+00 1.39D-17 1.469D+01     0.01

    inner barrier   scaled     scaled     min     min    NW   SE     dx      alpha    alpha    inner   time (s)
     ite   param   obj func     feas      x-l     u-x   pert pert   norm      max             opt err 
      101 1.0D-01  3.343D+01  2.910D-11 8.3D-02 0.0D+00    0    0 1.51D+07 1.00D+00 1.39D-17 1.469D+01     0.01
      102 1.0D-01  3.343D+01  2.910D-11 8.3D-02 0.0D+00    0    0 1.52D+07 1.00D+00 1.39D-17 1.469D+01     0.01
      103 1.0D-01  3.343D+01  2.910D-11 8.3D-02 0.0D+00    0    0 1.51D+07 1.00D+00 1.39D-17 1.469D+01     0.01
      104 1.0D-01  3.343D+01  2.910D-11 8.3D-02 0.0D+00    0    0 1.52D+07 1.00D+00 1.39D-17 1.469D+01     0.01
      105 1.0D-01  3.343D+01  2.910D-11 8.3D-02 0.0D+00    0    0 1.51D+07 1.00D+00 1.39D-17 1.469D+01     0.01
      106 1.0D-01  3.343D+01  2.910D-11 8.3D-02 0.0D+00    0    0 1.52D+07 1.00D+00 1.39D-17 1.469D+01     0.01
      107 1.0D-01  3.343D+01  2.910D-11 8.3D-02 0.0D+00    0    0 1.51D+07 1.00D+00 1.39D-17 1.469D+01     0.01
      108 1.0D-01  3.343D+01  2.910D-11 8.3D-02 0.0D+00    0    0 1.52D+07 1.00D+00 1.39D-17 1.469D+01     0.01
      109 1.0D-01  3.343D+01  2.910D-11 8.3D-02 0.0D+00    0    0 1.51D+07 1.00D+00 1.39D-17 1.469D+01     0.01
      110 1.0D-01  3.343D+01  2.910D-11 8.3D-02 0.0D+00    0    0 1.52D+07 1.00D+00 1.39D-17 1.469D+01     0.01

    inner barrier   scaled     scaled     min     min    NW   SE     dx      alpha    alpha    inner   time (s)
     ite   param   obj func     feas      x-l     u-x   pert pert   norm      max             opt err 
      111 1.0D-01  3.343D+01  2.910D-11 8.3D-02 0.0D+00    0    0 1.51D+07 1.00D+00 1.39D-17 1.469D+01     0.01
      112 1.0D-01  3.343D+01  2.910D-11 8.3D-02 0.0D+00    0    0 1.52D+07 1.00D+00 1.39D-17 1.469D+01     0.01
      113 1.0D-01  3.343D+01  2.910D-11 8.3D-02 0.0D+00    0    0 1.51D+07 1.00D+00 1.39D-17 1.469D+01     0.01
      114 1.0D-01  3.343D+01  2.910D-11 8.3D-02 0.0D+00    0    0 1.52D+07 1.00D+00 1.39D-17 1.469D+01     0.01
      115 1.0D-01  3.343D+01  2.910D-11 8.3D-02 0.0D+00    0    0 1.51D+07 1.00D+00 1.39D-17 1.469D+01     0.01
      116 1.0D-01  3.343D+01  2.910D-11 8.3D-02 0.0D+00    0    0 1.52D+07 1.00D+00 1.39D-17 1.469D+01     0.01
      117 1.0D-01  3.343D+01  2.910D-11 8.3D-02 0.0D+00    0    0 1.51D+07 1.00D+00 1.39D-17 1.469D+01     0.01
      118 1.0D-01  3.343D+01  2.910D-11 8.3D-02 0.0D+00    0    0 1.52D+07 1.00D+00 1.39D-17 1.469D+01     0.01
      119 1.0D-01  3.343D+01  2.910D-11 8.3D-02 0.0D+00    0    0 1.51D+07 1.00D+00 1.39D-17 1.469D+01     0.01
      120 1.0D-01  3.343D+01  2.910D-11 8.3D-02 0.0D+00    0    0 1.52D+07 1.00D+00 1.39D-17 1.469D+01     0.01

    inner barrier   scaled     scaled     min     min    NW   SE     dx      alpha    alpha    inner   time (s)
     ite   param   obj func     feas      x-l     u-x   pert pert   norm      max             opt err 
      121 1.0D-01  3.343D+01  2.910D-11 8.3D-02 0.0D+00    0    0 1.51D+07 1.00D+00 1.39D-17 1.469D+01     0.01
      122 1.0D-01  3.343D+01  2.910D-11 8.3D-02 0.0D+00    0    0 1.52D+07 1.00D+00 1.39D-17 1.469D+01     0.01
      123 1.0D-01  3.343D+01  2.910D-11 8.3D-02 0.0D+00    0    0 1.51D+07 1.00D+00 1.39D-17 1.469D+01     0.01
      124 1.0D-01  3.343D+01  2.910D-11 8.3D-02 0.0D+00    0    0 1.52D+07 1.00D+00 1.39D-17 1.469D+01     0.01
      125 1.0D-01  3.343D+01  2.910D-11 8.3D-02 0.0D+00    0    0 1.51D+07 1.00D+00 1.39D-17 1.469D+01     0.01
      126 1.0D-01  3.343D+01  2.910D-11 8.3D-02 0.0D+00    0    0 1.52D+07 1.00D+00 1.39D-17 1.469D+01     0.01
      127 1.0D-01  3.343D+01  2.910D-11 8.3D-02 0.0D+00    0    0 1.51D+07 1.00D+00 1.39D-17 1.469D+01     0.01
      128 1.0D-01  3.343D+01  2.910D-11 8.3D-02 0.0D+00    0    0 1.52D+07 1.00D+00 1.39D-17 1.469D+01     0.01
      129 1.0D-01  3.343D+01  2.910D-11 8.3D-02 0.0D+00    0    0 1.51D+07 1.00D+00 1.39D-17 1.469D+01     0.01
      130 1.0D-01  3.343D+01  2.910D-11 8.3D-02 0.0D+00    0    0 1.51D+07 1.00D+00 1.39D-17 1.469D+01     0.01

    inner barrier   scaled     scaled     min     min    NW   SE     dx      alpha    alpha    inner   time (s)
     ite   param   obj func     feas      x-l     u-x   pert pert   norm      max             opt err 
      131 1.0D-01  3.343D+01  2.910D-11 8.3D-02 0.0D+00    0    0 1.51D+07 1.00D+00 1.39D-17 1.469D+01     0.01
      132 1.0D-01  3.343D+01  2.910D-11 8.3D-02 0.0D+00    0    0 1.51D+07 1.00D+00 1.39D-17 1.469D+01     0.02
      133 1.0D-01  3.343D+01  2.910D-11 8.3D-02 0.0D+00    0    0 1.51D+07 1.00D+00 1.39D-17 1.469D+01     0.01
      134 1.0D-01  3.343D+01  2.910D-11 8.3D-02 0.0D+00    0    0 1.51D+07 1.00D+00 1.39D-17 1.469D+01     0.01
      135 1.0D-01  3.343D+01  2.910D-11 8.3D-02 0.0D+00    0    0 1.51D+07 1.00D+00 1.39D-17 1.469D+01     0.01
      136 1.0D-01  3.343D+01  2.910D-11 8.3D-02 0.0D+00    0    0 1.51D+07 1.00D+00 1.39D-17 1.469D+01     0.01
      137 1.0D-01  3.343D+01  2.910D-11 8.3D-02 0.0D+00    0    0 1.51D+07 1.00D+00 1.39D-17 1.469D+01     0.01
      138 1.0D-01  3.343D+01  2.910D-11 8.3D-02 0.0D+00    0    0 1.51D+07 1.00D+00 1.39D-17 1.469D+01     0.01
      139 1.0D-01  3.343D+01  2.910D-11 8.3D-02 0.0D+00    0    0 1.51D+07 1.00D+00 1.39D-17 1.469D+01     0.01
      140 1.0D-01  3.343D+01  2.910D-11 8.3D-02 0.0D+00    0    0 1.51D+07 1.00D+00 1.39D-17 1.469D+01     0.01

    inner barrier   scaled     scaled     min     min    NW   SE     dx      alpha    alpha    inner   time (s)
     ite   param   obj func     feas      x-l     u-x   pert pert   norm      max             opt err 
      141 1.0D-01  3.343D+01  2.910D-11 8.3D-02 0.0D+00    0    0 1.51D+07 1.00D+00 1.39D-17 1.469D+01     0.01
      142 1.0D-01  3.343D+01  2.910D-11 8.3D-02 0.0D+00    0    0 1.51D+07 1.00D+00 1.39D-17 1.469D+01     0.01
      143 1.0D-01  3.343D+01  2.910D-11 8.3D-02 0.0D+00    0    0 1.51D+07 1.00D+00 1.39D-17 1.469D+01     0.01
      144 1.0D-01  3.343D+01  2.910D-11 8.3D-02 0.0D+00    0    0 1.51D+07 1.00D+00 1.39D-17 1.469D+01     0.01
      145 1.0D-01  3.343D+01  2.910D-11 8.3D-02 0.0D+00    0    0 1.51D+07 1.00D+00 1.39D-17 1.469D+01     0.01
      146 1.0D-01  3.343D+01  2.910D-11 8.3D-02 0.0D+00    0    0 1.51D+07 1.00D+00 1.39D-17 1.469D+01     0.01
      147 1.0D-01  3.343D+01  2.910D-11 8.3D-02 0.0D+00    0    0 1.51D+07 1.00D+00 1.39D-17 1.469D+01     0.01
      148 1.0D-01  3.343D+01  2.910D-11 8.3D-02 0.0D+00    0    0 1.51D+07 1.00D+00 1.39D-17 1.469D+01     0.01
      149 1.0D-01  3.343D+01  2.910D-11 8.3D-02 0.0D+00    0    0 1.51D+07 1.00D+00 1.39D-17 1.469D+01     0.01
      150 1.0D-01  3.343D+01  2.910D-11 8.3D-02 0.0D+00    0    0 1.51D+07 1.00D+00 1.39D-17 1.469D+01     0.01

    inner barrier   scaled     scaled     min     min    NW   SE     dx      alpha    alpha    inner   time (s)
     ite   param   obj func     feas      x-l     u-x   pert pert   norm      max             opt err 
      151 1.0D-01  3.343D+01  2.910D-11 8.3D-02 0.0D+00    0    0 1.51D+07 1.00D+00 1.39D-17 1.469D+01     0.01
      152 1.0D-01  3.343D+01  2.910D-11 8.3D-02 0.0D+00    0    0 1.51D+07 1.00D+00 1.39D-17 1.469D+01     0.01
      153 1.0D-01  3.343D+01  2.910D-11 8.3D-02 0.0D+00    0    0 1.51D+07 1.00D+00 1.39D-17 1.469D+01     0.01
      154 1.0D-01  3.343D+01  2.910D-11 8.3D-02 0.0D+00    0    0 1.51D+07 1.00D+00 1.39D-17 1.469D+01     0.01
      155 1.0D-01  3.343D+01  2.910D-11 8.3D-02 0.0D+00    0    0 1.51D+07 1.00D+00 1.39D-17 1.469D+01     0.01
      156 1.0D-01  3.343D+01  2.910D-11 8.3D-02 0.0D+00    0    0 1.51D+07 1.00D+00 1.39D-17 1.469D+01     0.01
      157 1.0D-01  3.343D+01  2.910D-11 8.3D-02 0.0D+00    0    0 1.51D+07 1.00D+00 1.39D-17 1.469D+01     0.01
      158 1.0D-01  3.343D+01  2.910D-11 8.3D-02 0.0D+00    0    0 1.51D+07 1.00D+00 1.39D-17 1.469D+01     0.01
      159 1.0D-01  3.343D+01  2.910D-11 8.3D-02 0.0D+00    0    0 1.51D+07 1.00D+00 1.39D-17 1.469D+01     0.01
      160 1.0D-01  3.343D+01  2.910D-11 8.3D-02 0.0D+00    0    0 1.51D+07 1.00D+00 1.39D-17 1.469D+01     0.01

    inner barrier   scaled     scaled     min     min    NW   SE     dx      alpha    alpha    inner   time (s)
     ite   param   obj func     feas      x-l     u-x   pert pert   norm      max             opt err 
      161 1.0D-01  3.343D+01  2.910D-11 8.3D-02 0.0D+00    0    0 1.51D+07 1.00D+00 1.39D-17 1.469D+01     0.01
      162 1.0D-01  3.343D+01  2.910D-11 8.3D-02 0.0D+00    0    0 1.51D+07 1.00D+00 1.39D-17 1.469D+01     0.00
      163 1.0D-01  3.343D+01  2.910D-11 8.3D-02 0.0D+00    0    0 1.51D+07 1.00D+00 1.39D-17 1.469D+01     0.00
      164 1.0D-01  3.343D+01  2.910D-11 8.3D-02 0.0D+00    0    0 1.51D+07 1.00D+00 1.39D-17 1.469D+01     0.00
      165 1.0D-01  3.343D+01  2.910D-11 8.3D-02 0.0D+00    0    0 1.51D+07 1.00D+00 1.39D-17 1.469D+01     0.00
      166 1.0D-01  3.343D+01  2.910D-11 8.3D-02 0.0D+00    0    0 1.51D+07 1.00D+00 1.39D-17 1.469D+01     0.00
      167 1.0D-01  3.343D+01  2.910D-11 8.3D-02 0.0D+00    0    0 1.51D+07 1.00D+00 1.39D-17 1.469D+01     0.00
      168 1.0D-01  3.343D+01  2.910D-11 8.3D-02 0.0D+00    0    0 1.51D+07 1.00D+00 1.39D-17 1.469D+01     0.00
      169 1.0D-01  3.343D+01  2.910D-11 8.3D-02 0.0D+00    0    0 1.51D+07 1.00D+00 1.39D-17 1.469D+01     0.00
      170 1.0D-01  3.343D+01  2.910D-11 8.3D-02 0.0D+00    0    0 1.51D+07 1.00D+00 1.39D-17 1.469D+01     0.00

    inner barrier   scaled     scaled     min     min    NW   SE     dx      alpha    alpha    inner   time (s)
     ite   param   obj func     feas      x-l     u-x   pert pert   norm      max             opt err 
      171 1.0D-01  3.343D+01  2.910D-11 8.3D-02 0.0D+00    0    0 1.51D+07 1.00D+00 1.39D-17 1.469D+01     0.00
      172 1.0D-01  3.343D+01  2.910D-11 8.3D-02 0.0D+00    0    0 1.51D+07 1.00D+00 1.39D-17 1.469D+01     0.00
      173 1.0D-01  3.343D+01  2.910D-11 8.3D-02 0.0D+00    0    0 1.51D+07 1.00D+00 1.39D-17 1.469D+01     0.00
      174 1.0D-01  3.343D+01  2.910D-11 8.3D-02 0.0D+00    0    0 1.51D+07 1.00D+00 1.39D-17 1.469D+01     0.00
      175 1.0D-01  3.343D+01  2.910D-11 8.3D-02 0.0D+00    0    0 1.51D+07 1.00D+00 1.39D-17 1.469D+01     0.00
      176 1.0D-01  3.343D+01  2.910D-11 8.3D-02 0.0D+00    0    0 1.51D+07 1.00D+00 1.39D-17 1.469D+01     0.00
      177 1.0D-01  3.343D+01  2.910D-11 8.3D-02 0.0D+00    0    0 1.51D+07 1.00D+00 1.39D-17 1.469D+01     0.00
      178 1.0D-01  3.343D+01  2.910D-11 8.3D-02 0.0D+00    0    0 1.51D+07 1.00D+00 1.39D-17 1.469D+01     0.00
      179 1.0D-01  3.343D+01  2.910D-11 8.3D-02 0.0D+00    0    0 1.51D+07 1.00D+00 1.39D-17 1.469D+01     0.00
      180 1.0D-01  3.343D+01  2.910D-11 8.3D-02 0.0D+00    0    0 1.51D+07 1.00D+00 1.39D-17 1.469D+01     0.00

    inner barrier   scaled     scaled     min     min    NW   SE     dx      alpha    alpha    inner   time (s)
     ite   param   obj func     feas      x-l     u-x   pert pert   norm      max             opt err 
      181 1.0D-01  3.343D+01  2.910D-11 8.3D-02 0.0D+00    0    0 1.51D+07 1.00D+00 1.39D-17 1.469D+01     0.00
      182 1.0D-01  3.343D+01  2.910D-11 8.3D-02 0.0D+00    0    0 1.51D+07 1.00D+00 1.39D-17 1.469D+01     0.00
      183 1.0D-01  3.343D+01  2.910D-11 8.3D-02 0.0D+00    0    0 1.51D+07 1.00D+00 1.39D-17 1.469D+01     0.00
      184 1.0D-01  3.343D+01  2.910D-11 8.3D-02 0.0D+00    0    0 1.51D+07 1.00D+00 1.39D-17 1.469D+01     0.00
      185 1.0D-01  3.343D+01  2.910D-11 8.3D-02 0.0D+00    0    0 1.51D+07 1.00D+00 1.39D-17 1.469D+01     0.00
      186 1.0D-01  3.343D+01  2.910D-11 8.3D-02 0.0D+00    0    0 1.51D+07 1.00D+00 1.39D-17 1.469D+01     0.00
      187 1.0D-01  3.343D+01  2.910D-11 8.3D-02 0.0D+00    0    0 1.51D+07 1.00D+00 1.39D-17 1.469D+01     0.00
      188 1.0D-01  3.343D+01  2.910D-11 8.3D-02 0.0D+00    0    0 1.51D+07 1.00D+00 1.39D-17 1.469D+01     0.00
      189 1.0D-01  3.343D+01  2.910D-11 8.3D-02 0.0D+00    0    0 1.51D+07 1.00D+00 1.39D-17 1.469D+01     0.00
      190 1.0D-01  3.343D+01  2.910D-11 8.3D-02 0.0D+00    0    0 1.51D+07 1.00D+00 1.39D-17 1.469D+01     0.00

    inner barrier   scaled     scaled     min     min    NW   SE     dx      alpha    alpha    inner   time (s)
     ite   param   obj func     feas      x-l     u-x   pert pert   norm      max             opt err 
      191 1.0D-01  3.343D+01  2.910D-11 8.3D-02 0.0D+00    0    0 1.51D+07 1.00D+00 1.39D-17 1.469D+01     0.00
      192 1.0D-01  3.343D+01  2.910D-11 8.3D-02 0.0D+00    0    0 1.51D+07 1.00D+00 1.39D-17 1.469D+01     0.00
      193 1.0D-01  3.343D+01  2.910D-11 8.3D-02 0.0D+00    0    0 1.51D+07 1.00D+00 1.39D-17 1.469D+01     0.00
      194 1.0D-01  3.343D+01  2.910D-11 8.3D-02 0.0D+00    0    0 1.51D+07 1.00D+00 1.39D-17 1.469D+01     0.00
      195 1.0D-01  3.343D+01  2.910D-11 8.3D-02 0.0D+00    0    0 1.51D+07 1.00D+00 1.39D-17 1.469D+01     0.00
      196 1.0D-01  3.343D+01  2.910D-11 8.3D-02 0.0D+00    0    0 1.51D+07 1.00D+00 1.39D-17 1.469D+01     0.00
      197 1.0D-01  3.343D+01  2.910D-11 8.3D-02 0.0D+00    0    0 1.51D+07 1.00D+00 1.39D-17 1.469D+01     0.00
      198 1.0D-01  3.343D+01  2.910D-11 8.3D-02 0.0D+00    0    0 1.51D+07 1.00D+00 1.39D-17 1.469D+01     0.00
      199 1.0D-01  3.343D+01  2.910D-11 8.3D-02 0.0D+00    0    0 1.51D+07 1.00D+00 1.39D-17 1.469D+01     0.00
      200 1.0D-01  3.343D+01  2.910D-11 8.3D-02 0.0D+00    0    0 1.51D+07 1.00D+00 1.39D-17 1.469D+01     0.00

    inner barrier   scaled     scaled     min     min    NW   SE     dx      alpha    alpha    inner   time (s)
     ite   param   obj func     feas      x-l     u-x   pert pert   norm      max             opt err 
      201 1.0D-01  3.343D+01  2.910D-11 8.3D-02 0.0D+00    0    0 1.51D+07 1.00D+00 1.39D-17 1.469D+01     0.00


     1 2.0D-02  2.243519D+09  3.343104D+01 1.469D+01   201M

    inner barrier   scaled     scaled     min     min    NW   SE     dx      alpha    alpha    inner   time (s)
     ite   param   obj func     feas      x-l     u-x   pert pert   norm      max             opt err 
        1 2.0D-02  1.330D+01  2.910D-11 6.3D-02 0.0D+00    0    0 6.67D+05 1.00D+00 1.00D+00 2.927D+00     0.00
        2 2.0D-02  9.524D+00  5.821D-11 1.3D-01 0.0D+00    0    0 2.19D+06 1.00D+00 1.00D+00 1.525D+00     0.00
        3 2.0D-02  8.383D+00  5.821D-11 2.2D-01 0.0D+00    0    0 3.69D+06 1.00D+00 5.00D-01 1.190D+00     0.00
        4 2.0D-02  8.383D+00  5.821D-11 2.2D-01 0.0D+00    0    0 6.27D+06 1.00D+00 1.11D-16 1.069D+00     0.00
        5 2.0D-02  8.383D+00  5.821D-11 2.2D-01 0.0D+00    0    0 6.88D+06 1.00D+00 5.55D-17 1.127D+00     0.00
        6 2.0D-02  8.383D+00  5.821D-11 2.2D-01 0.0D+00    0    0 7.57D+06 1.00D+00 5.55D-17 1.066D+00     0.00
        7 2.0D-02  8.383D+00  5.821D-11 2.2D-01 0.0D+00    0    0 7.57D+06 1.00D+00 5.55D-17 1.129D+00     0.00
        8 2.0D-02  8.383D+00  5.821D-11 2.2D-01 0.0D+00    0    0 7.57D+06 1.00D+00 5.55D-17 1.067D+00     0.00
        9 2.0D-02  8.383D+00  5.821D-11 2.2D-01 0.0D+00    0    0 7.57D+06 1.00D+00 5.55D-17 1.127D+00     0.00
       10 2.0D-02  8.383D+00  5.821D-11 2.2D-01 0.0D+00    0    0 7.57D+06 1.00D+00 5.55D-17 1.069D+00     0.00

    inner barrier   scaled     scaled     min     min    NW   SE     dx      alpha    alpha    inner   time (s)
     ite   param   obj func     feas      x-l     u-x   pert pert   norm      max             opt err 
       11 2.0D-02  8.383D+00  5.821D-11 2.2D-01 0.0D+00    0    0 7.57D+06 1.00D+00 5.55D-17 1.124D+00     0.00
       12 2.0D-02  8.383D+00  5.821D-11 2.2D-01 0.0D+00    0    0 7.57D+06 1.00D+00 5.55D-17 1.070D+00     0.00
       13 2.0D-02  8.383D+00  5.821D-11 2.2D-01 0.0D+00    0    0 7.57D+06 1.00D+00 5.55D-17 1.122D+00     0.00
       14 2.0D-02  8.383D+00  5.821D-11 2.2D-01 0.0D+00    0    0 7.57D+06 1.00D+00 5.55D-17 1.071D+00     0.00
       15 2.0D-02  8.383D+00  5.821D-11 2.2D-01 0.0D+00    0    0 7.57D+06 1.00D+00 5.55D-17 1.119D+00     0.00
       16 2.0D-02  8.383D+00  5.821D-11 2.2D-01 0.0D+00    0    0 7.57D+06 1.00D+00 5.55D-17 1.073D+00     0.00
       17 2.0D-02  8.383D+00  5.821D-11 2.2D-01 0.0D+00    0    0 7.57D+06 1.00D+00 5.55D-17 1.117D+00     0.00
       18 2.0D-02  8.383D+00  5.821D-11 2.2D-01 0.0D+00    0    0 7.57D+06 1.00D+00 4.44D-16 1.074D+00     0.00
       19 2.0D-02  8.383D+00  5.821D-11 2.2D-01 0.0D+00    0    0 7.57D+06 1.00D+00 5.55D-17 1.115D+00     0.00
       20 2.0D-02  8.383D+00  5.821D-11 2.2D-01 0.0D+00    0    0 7.57D+06 1.00D+00 5.55D-17 1.075D+00     0.00

    inner barrier   scaled     scaled     min     min    NW   SE     dx      alpha    alpha    inner   time (s)
     ite   param   obj func     feas      x-l     u-x   pert pert   norm      max             opt err 
       21 2.0D-02  8.383D+00  5.821D-11 2.2D-01 0.0D+00    0    0 7.57D+06 1.00D+00 5.55D-17 1.113D+00     0.00
       22 2.0D-02  8.383D+00  5.821D-11 2.2D-01 0.0D+00    0    0 7.57D+06 1.00D+00 5.55D-17 1.075D+00     0.00
       23 2.0D-02  8.383D+00  5.821D-11 2.2D-01 0.0D+00    0    0 7.57D+06 1.00D+00 5.55D-17 1.112D+00     0.00
       24 2.0D-02  8.383D+00  5.821D-11 2.2D-01 0.0D+00    0    0 7.57D+06 1.00D+00 5.55D-17 1.076D+00     0.00
       25 2.0D-02  8.383D+00  5.821D-11 2.2D-01 0.0D+00    0    0 7.57D+06 1.00D+00 5.55D-17 1.110D+00     0.00
       26 2.0D-02  8.383D+00  5.821D-11 2.2D-01 0.0D+00    0    0 7.57D+06 1.00D+00 5.55D-17 1.077D+00     0.00
       27 2.0D-02  8.383D+00  5.821D-11 2.2D-01 0.0D+00    0    0 7.57D+06 1.00D+00 5.55D-17 1.109D+00     0.00
       28 2.0D-02  8.383D+00  5.821D-11 2.2D-01 0.0D+00    0    0 7.57D+06 1.00D+00 5.55D-17 1.078D+00     0.00
       29 2.0D-02  8.383D+00  5.821D-11 2.2D-01 0.0D+00    0    0 7.57D+06 1.00D+00 5.55D-17 1.108D+00     0.00
       30 2.0D-02  8.383D+00  5.821D-11 2.2D-01 0.0D+00    0    0 7.57D+06 1.00D+00 5.55D-17 1.078D+00     0.00

    inner barrier   scaled     scaled     min     min    NW   SE     dx      alpha    alpha    inner   time (s)
     ite   param   obj func     feas      x-l     u-x   pert pert   norm      max             opt err 
       31 2.0D-02  8.383D+00  5.821D-11 2.2D-01 0.0D+00    0    0 7.57D+06 1.00D+00 5.55D-17 1.106D+00     0.00
       32 2.0D-02  8.383D+00  5.821D-11 2.2D-01 0.0D+00    0    0 7.57D+06 1.00D+00 5.55D-17 1.079D+00     0.00
       33 2.0D-02  8.383D+00  5.821D-11 2.2D-01 0.0D+00    0    0 7.57D+06 1.00D+00 5.55D-17 1.105D+00     0.00
       34 2.0D-02  8.383D+00  5.821D-11 2.2D-01 0.0D+00    0    0 7.57D+06 1.00D+00 5.55D-17 1.079D+00     0.00
       35 2.0D-02  8.383D+00  5.821D-11 2.2D-01 0.0D+00    0    0 7.57D+06 1.00D+00 2.22D-16 1.104D+00     0.00
       36 2.0D-02  8.383D+00  5.821D-11 2.2D-01 0.0D+00    0    0 7.57D+06 1.00D+00 5.55D-17 1.080D+00     0.00
       37 2.0D-02  8.383D+00  5.821D-11 2.2D-01 0.0D+00    0    0 7.57D+06 1.00D+00 2.78D-17 1.103D+00     0.00
       38 2.0D-02  8.383D+00  5.821D-11 2.2D-01 0.0D+00    0    0 7.57D+06 1.00D+00 2.78D-17 1.080D+00     0.00
       39 2.0D-02  8.383D+00  5.821D-11 2.2D-01 0.0D+00    0    0 7.57D+06 1.00D+00 2.78D-17 1.103D+00     0.00
       40 2.0D-02  8.383D+00  5.821D-11 2.2D-01 0.0D+00    0    0 7.57D+06 1.00D+00 2.78D-17 1.081D+00     0.00

    inner barrier   scaled     scaled     min     min    NW   SE     dx      alpha    alpha    inner   time (s)
     ite   param   obj func     feas      x-l     u-x   pert pert   norm      max             opt err 
       41 2.0D-02  8.383D+00  5.821D-11 2.2D-01 0.0D+00    0    0 7.57D+06 1.00D+00 2.78D-17 1.102D+00     0.00
       42 2.0D-02  8.383D+00  5.821D-11 2.2D-01 0.0D+00    0    0 7.57D+06 1.00D+00 2.78D-17 1.081D+00     0.00
       43 2.0D-02  8.383D+00  5.821D-11 2.2D-01 0.0D+00    0    0 7.57D+06 1.00D+00 2.78D-17 1.101D+00     0.00
       44 2.0D-02  8.383D+00  5.821D-11 2.2D-01 0.0D+00    0    0 7.57D+06 1.00D+00 2.78D-17 1.081D+00     0.00
       45 2.0D-02  8.383D+00  5.821D-11 2.2D-01 0.0D+00    0    0 7.57D+06 1.00D+00 2.78D-17 1.100D+00     0.00
       46 2.0D-02  8.383D+00  5.821D-11 2.2D-01 0.0D+00    0    0 7.57D+06 1.00D+00 2.78D-17 1.082D+00     0.00
       47 2.0D-02  8.383D+00  5.821D-11 2.2D-01 0.0D+00    0    0 7.57D+06 1.00D+00 2.78D-17 1.100D+00     0.00
       48 2.0D-02  8.383D+00  5.821D-11 2.2D-01 0.0D+00    0    0 7.57D+06 1.00D+00 2.78D-17 1.082D+00     0.00
       49 2.0D-02  8.383D+00  5.821D-11 2.2D-01 0.0D+00    0    0 7.57D+06 1.00D+00 2.78D-17 1.099D+00     0.00
       50 2.0D-02  8.383D+00  5.821D-11 2.2D-01 0.0D+00    0    0 7.57D+06 1.00D+00 2.78D-17 1.082D+00     0.00

    inner barrier   scaled     scaled     min     min    NW   SE     dx      alpha    alpha    inner   time (s)
     ite   param   obj func     feas      x-l     u-x   pert pert   norm      max             opt err 
       51 2.0D-02  8.383D+00  5.821D-11 2.2D-01 0.0D+00    0    0 7.57D+06 1.00D+00 2.78D-17 1.099D+00     0.00
       52 2.0D-02  8.383D+00  5.821D-11 2.2D-01 0.0D+00    0    0 7.57D+06 1.00D+00 2.78D-17 1.083D+00     0.00
       53 2.0D-02  8.383D+00  5.821D-11 2.2D-01 0.0D+00    0    0 7.57D+06 1.00D+00 2.78D-17 1.098D+00     0.00
       54 2.0D-02  8.383D+00  5.821D-11 2.2D-01 0.0D+00    0    0 7.57D+06 1.00D+00 2.78D-17 1.083D+00     0.00
       55 2.0D-02  8.383D+00  5.821D-11 2.2D-01 0.0D+00    0    0 7.57D+06 1.00D+00 2.78D-17 1.098D+00     0.00
       56 2.0D-02  8.383D+00  5.821D-11 2.2D-01 0.0D+00    0    0 7.57D+06 1.00D+00 2.78D-17 1.083D+00     0.00
       57 2.0D-02  8.383D+00  5.821D-11 2.2D-01 0.0D+00    0    0 7.57D+06 1.00D+00 2.78D-17 1.097D+00     0.00
       58 2.0D-02  8.383D+00  5.821D-11 2.2D-01 0.0D+00    0    0 7.57D+06 1.00D+00 2.78D-17 1.083D+00     0.00
       59 2.0D-02  8.383D+00  5.821D-11 2.2D-01 0.0D+00    0    0 7.57D+06 1.00D+00 2.78D-17 1.097D+00     0.00
       60 2.0D-02  8.383D+00  5.821D-11 2.2D-01 0.0D+00    0    0 7.57D+06 1.00D+00 2.78D-17 1.084D+00     0.00

    inner barrier   scaled     scaled     min     min    NW   SE     dx      alpha    alpha    inner   time (s)
     ite   param   obj func     feas      x-l     u-x   pert pert   norm      max             opt err 
       61 2.0D-02  8.383D+00  5.821D-11 2.2D-01 0.0D+00    0    0 7.57D+06 1.00D+00 2.78D-17 1.096D+00     0.00
       62 2.0D-02  8.383D+00  5.821D-11 2.2D-01 0.0D+00    0    0 7.57D+06 1.00D+00 2.78D-17 1.084D+00     0.00
       63 2.0D-02  8.383D+00  5.821D-11 2.2D-01 0.0D+00    0    0 7.57D+06 1.00D+00 2.78D-17 1.096D+00     0.00
       64 2.0D-02  8.383D+00  5.821D-11 2.2D-01 0.0D+00    0    0 7.57D+06 1.00D+00 2.78D-17 1.084D+00     0.00
       65 2.0D-02  8.383D+00  5.821D-11 2.2D-01 0.0D+00    0    0 7.57D+06 1.00D+00 2.78D-17 1.095D+00     0.00
       66 2.0D-02  8.383D+00  5.821D-11 2.2D-01 0.0D+00    0    0 7.57D+06 1.00D+00 2.78D-17 1.084D+00     0.00
       67 2.0D-02  8.383D+00  5.821D-11 2.2D-01 0.0D+00    0    0 7.57D+06 1.00D+00 2.78D-17 1.095D+00     0.00
       68 2.0D-02  8.383D+00  5.821D-11 2.2D-01 0.0D+00    0    0 7.57D+06 1.00D+00 2.78D-17 1.084D+00     0.00
       69 2.0D-02  8.383D+00  5.821D-11 2.2D-01 0.0D+00    0    0 7.57D+06 1.00D+00 2.78D-17 1.095D+00     0.00
       70 2.0D-02  8.383D+00  5.821D-11 2.2D-01 0.0D+00    0    0 7.57D+06 1.00D+00 2.78D-17 1.085D+00     0.00

    inner barrier   scaled     scaled     min     min    NW   SE     dx      alpha    alpha    inner   time (s)
     ite   param   obj func     feas      x-l     u-x   pert pert   norm      max             opt err 
       71 2.0D-02  8.383D+00  5.821D-11 2.2D-01 0.0D+00    0    0 7.57D+06 1.00D+00 2.78D-17 1.094D+00     0.00
       72 2.0D-02  8.383D+00  5.821D-11 2.2D-01 0.0D+00    0    0 7.57D+06 1.00D+00 2.78D-17 1.085D+00     0.00
       73 2.0D-02  8.383D+00  5.821D-11 2.2D-01 0.0D+00    0    0 7.57D+06 1.00D+00 2.78D-17 1.094D+00     0.00
       74 2.0D-02  8.383D+00  5.821D-11 2.2D-01 0.0D+00    0    0 7.57D+06 1.00D+00 2.78D-17 1.085D+00     0.00
       75 2.0D-02  8.383D+00  5.821D-11 2.2D-01 0.0D+00    0    0 7.57D+06 1.00D+00 2.78D-17 1.094D+00     0.00
       76 2.0D-02  8.383D+00  5.821D-11 2.2D-01 0.0D+00    0    0 7.57D+06 1.00D+00 2.78D-17 1.085D+00     0.00
       77 2.0D-02  8.383D+00  5.821D-11 2.2D-01 0.0D+00    0    0 7.57D+06 1.00D+00 2.78D-17 1.094D+00     0.00
       78 2.0D-02  8.383D+00  5.821D-11 2.2D-01 0.0D+00    0    0 7.57D+06 1.00D+00 2.78D-17 1.085D+00     0.00
       79 2.0D-02  8.383D+00  5.821D-11 2.2D-01 0.0D+00    0    0 7.57D+06 1.00D+00 2.78D-17 1.093D+00     0.00
       80 2.0D-02  8.383D+00  5.821D-11 2.2D-01 0.0D+00    0    0 7.57D+06 1.00D+00 2.78D-17 1.085D+00     0.00

    inner barrier   scaled     scaled     min     min    NW   SE     dx      alpha    alpha    inner   time (s)
     ite   param   obj func     feas      x-l     u-x   pert pert   norm      max             opt err 
       81 2.0D-02  8.383D+00  5.821D-11 2.2D-01 0.0D+00    0    0 7.57D+06 1.00D+00 2.78D-17 1.093D+00     0.00
       82 2.0D-02  8.383D+00  5.821D-11 2.2D-01 0.0D+00    0    0 7.57D+06 1.00D+00 2.78D-17 1.086D+00     0.00
       83 2.0D-02  8.383D+00  5.821D-11 2.2D-01 0.0D+00    0    0 7.57D+06 1.00D+00 2.78D-17 1.093D+00     0.00
       84 2.0D-02  8.383D+00  5.821D-11 2.2D-01 0.0D+00    0    0 7.57D+06 1.00D+00 2.78D-17 1.086D+00     0.00
       85 2.0D-02  8.383D+00  5.821D-11 2.2D-01 0.0D+00    0    0 7.57D+06 1.00D+00 2.78D-17 1.093D+00     0.00
       86 2.0D-02  8.383D+00  5.821D-11 2.2D-01 0.0D+00    0    0 7.57D+06 1.00D+00 2.78D-17 1.086D+00     0.00
       87 2.0D-02  8.383D+00  5.821D-11 2.2D-01 0.0D+00    0    0 7.57D+06 1.00D+00 2.78D-17 1.092D+00     0.00
       88 2.0D-02  8.383D+00  5.821D-11 2.2D-01 0.0D+00    0    0 7.57D+06 1.00D+00 2.78D-17 1.086D+00     0.00
       89 2.0D-02  8.383D+00  5.821D-11 2.2D-01 0.0D+00    0    0 7.57D+06 1.00D+00 2.78D-17 1.092D+00     0.00
       90 2.0D-02  8.383D+00  5.821D-11 2.2D-01 0.0D+00    0    0 7.57D+06 1.00D+00 2.78D-17 1.086D+00     0.00

    inner barrier   scaled     scaled     min     min    NW   SE     dx      alpha    alpha    inner   time (s)
     ite   param   obj func     feas      x-l     u-x   pert pert   norm      max             opt err 
       91 2.0D-02  8.383D+00  5.821D-11 2.2D-01 0.0D+00    0    0 7.57D+06 1.00D+00 2.78D-17 1.092D+00     0.00
       92 2.0D-02  8.383D+00  5.821D-11 2.2D-01 0.0D+00    0    0 7.57D+06 1.00D+00 2.78D-17 1.086D+00     0.00
       93 2.0D-02  8.383D+00  5.821D-11 2.2D-01 0.0D+00    0    0 7.57D+06 1.00D+00 2.78D-17 1.092D+00     0.00
       94 2.0D-02  8.383D+00  5.821D-11 2.2D-01 0.0D+00    0    0 7.57D+06 1.00D+00 2.78D-17 1.086D+00     0.00
       95 2.0D-02  8.383D+00  5.821D-11 2.2D-01 0.0D+00    0    0 7.57D+06 1.00D+00 2.78D-17 1.092D+00     0.00
       96 2.0D-02  8.383D+00  5.821D-11 2.2D-01 0.0D+00    0    0 7.57D+06 1.00D+00 2.78D-17 1.086D+00     0.00
       97 2.0D-02  8.383D+00  5.821D-11 2.2D-01 0.0D+00    0    0 7.57D+06 1.00D+00 2.78D-17 1.092D+00     0.00
       98 2.0D-02  8.383D+00  5.821D-11 2.2D-01 0.0D+00    0    0 7.57D+06 1.00D+00 2.78D-17 1.086D+00     0.00
       99 2.0D-02  8.383D+00  5.821D-11 2.2D-01 0.0D+00    0    0 7.57D+06 1.00D+00 2.78D-17 1.091D+00     0.00
      100 2.0D-02  8.383D+00  5.821D-11 2.2D-01 0.0D+00    0    0 7.57D+06 1.00D+00 2.78D-17 1.086D+00     0.00

    inner barrier   scaled     scaled     min     min    NW   SE     dx      alpha    alpha    inner   time (s)
     ite   param   obj func     feas      x-l     u-x   pert pert   norm      max             opt err 
      101 2.0D-02  8.383D+00  5.821D-11 2.2D-01 0.0D+00    0    0 7.57D+06 1.00D+00 2.78D-17 1.091D+00     0.00
      102 2.0D-02  8.383D+00  5.821D-11 2.2D-01 0.0D+00    0    0 7.57D+06 1.00D+00 2.78D-17 1.086D+00     0.00
      103 2.0D-02  8.383D+00  5.821D-11 2.2D-01 0.0D+00    0    0 7.57D+06 1.00D+00 2.78D-17 1.091D+00     0.00
      104 2.0D-02  8.383D+00  5.821D-11 2.2D-01 0.0D+00    0    0 7.57D+06 1.00D+00 2.78D-17 1.087D+00     0.00
      105 2.0D-02  8.383D+00  5.821D-11 2.2D-01 0.0D+00    0    0 7.57D+06 1.00D+00 2.78D-17 1.091D+00     0.00
      106 2.0D-02  8.383D+00  5.821D-11 2.2D-01 0.0D+00    0    0 7.57D+06 1.00D+00 2.78D-17 1.087D+00     0.00
      107 2.0D-02  8.383D+00  5.821D-11 2.2D-01 0.0D+00    0    0 7.57D+06 1.00D+00 2.78D-17 1.091D+00     0.00
      108 2.0D-02  8.383D+00  5.821D-11 2.2D-01 0.0D+00    0    0 7.57D+06 1.00D+00 2.78D-17 1.087D+00     0.00
      109 2.0D-02  8.383D+00  5.821D-11 2.2D-01 0.0D+00    0    0 7.57D+06 1.00D+00 2.78D-17 1.091D+00     0.00
      110 2.0D-02  8.383D+00  5.821D-11 2.2D-01 0.0D+00    0    0 7.57D+06 1.00D+00 2.78D-17 1.087D+00     0.00

    inner barrier   scaled     scaled     min     min    NW   SE     dx      alpha    alpha    inner   time (s)
     ite   param   obj func     feas      x-l     u-x   pert pert   norm      max             opt err 
      111 2.0D-02  8.383D+00  5.821D-11 2.2D-01 0.0D+00    0    0 7.57D+06 1.00D+00 2.78D-17 1.091D+00     0.00
      112 2.0D-02  8.383D+00  5.821D-11 2.2D-01 0.0D+00    0    0 7.57D+06 1.00D+00 2.78D-17 1.087D+00     0.00
      113 2.0D-02  8.383D+00  5.821D-11 2.2D-01 0.0D+00    0    0 7.57D+06 1.00D+00 2.78D-17 1.091D+00     0.00
      114 2.0D-02  8.383D+00  5.821D-11 2.2D-01 0.0D+00    0    0 7.57D+06 1.00D+00 2.78D-17 1.087D+00     0.00
      115 2.0D-02  8.383D+00  5.821D-11 2.2D-01 0.0D+00    0    0 7.57D+06 1.00D+00 2.78D-17 1.090D+00     0.00
      116 2.0D-02  8.383D+00  5.821D-11 2.2D-01 0.0D+00    0    0 7.57D+06 1.00D+00 2.78D-17 1.087D+00     0.00
      117 2.0D-02  8.383D+00  5.821D-11 2.2D-01 0.0D+00    0    0 7.57D+06 1.00D+00 2.78D-17 1.090D+00     0.00
      118 2.0D-02  8.383D+00  5.821D-11 2.2D-01 0.0D+00    0    0 7.57D+06 1.00D+00 2.78D-17 1.087D+00     0.00
      119 2.0D-02  8.383D+00  5.821D-11 2.2D-01 0.0D+00    0    0 7.57D+06 1.00D+00 2.78D-17 1.090D+00     0.00
      120 2.0D-02  8.383D+00  5.821D-11 2.2D-01 0.0D+00    0    0 7.57D+06 1.00D+00 2.78D-17 1.087D+00     0.00

    inner barrier   scaled     scaled     min     min    NW   SE     dx      alpha    alpha    inner   time (s)
     ite   param   obj func     feas      x-l     u-x   pert pert   norm      max             opt err 
      121 2.0D-02  8.383D+00  5.821D-11 2.2D-01 0.0D+00    0    0 7.57D+06 1.00D+00 2.78D-17 1.090D+00     0.00
      122 2.0D-02  8.383D+00  5.821D-11 2.2D-01 0.0D+00    0    0 7.57D+06 1.00D+00 2.78D-17 1.087D+00     0.00
      123 2.0D-02  8.383D+00  5.821D-11 2.2D-01 0.0D+00    0    0 7.57D+06 1.00D+00 2.78D-17 1.090D+00     0.00
      124 2.0D-02  8.383D+00  5.821D-11 2.2D-01 0.0D+00    0    0 7.57D+06 1.00D+00 2.78D-17 1.087D+00     0.00
      125 2.0D-02  8.383D+00  5.821D-11 2.2D-01 0.0D+00    0    0 7.57D+06 1.00D+00 2.78D-17 1.090D+00     0.00
      126 2.0D-02  8.383D+00  5.821D-11 2.2D-01 0.0D+00    0    0 7.57D+06 1.00D+00 2.78D-17 1.087D+00     0.00
      127 2.0D-02  8.383D+00  5.821D-11 2.2D-01 0.0D+00    0    0 7.57D+06 1.00D+00 2.78D-17 1.090D+00     0.00
      128 2.0D-02  8.383D+00  5.821D-11 2.2D-01 0.0D+00    0    0 7.57D+06 1.00D+00 2.78D-17 1.087D+00     0.00
      129 2.0D-02  8.383D+00  5.821D-11 2.2D-01 0.0D+00    0    0 7.57D+06 1.00D+00 2.78D-17 1.090D+00     0.00
      130 2.0D-02  8.383D+00  5.821D-11 2.2D-01 0.0D+00    0    0 7.57D+06 1.00D+00 2.78D-17 1.087D+00     0.00

    inner barrier   scaled     scaled     min     min    NW   SE     dx      alpha    alpha    inner   time (s)
     ite   param   obj func     feas      x-l     u-x   pert pert   norm      max             opt err 
      131 2.0D-02  8.383D+00  5.821D-11 2.2D-01 0.0D+00    0    0 7.57D+06 1.00D+00 2.78D-17 1.090D+00     0.00
      132 2.0D-02  8.383D+00  5.821D-11 2.2D-01 0.0D+00    0    0 7.57D+06 1.00D+00 2.78D-17 1.087D+00     0.00
      133 2.0D-02  8.383D+00  5.821D-11 2.2D-01 0.0D+00    0    0 7.57D+06 1.00D+00 2.78D-17 1.090D+00     0.00
      134 2.0D-02  8.383D+00  5.821D-11 2.2D-01 0.0D+00    0    0 7.57D+06 1.00D+00 2.78D-17 1.087D+00     0.00
      135 2.0D-02  8.383D+00  5.821D-11 2.2D-01 0.0D+00    0    0 7.57D+06 1.00D+00 2.78D-17 1.090D+00     0.00
      136 2.0D-02  8.383D+00  5.821D-11 2.2D-01 0.0D+00    0    0 7.57D+06 1.00D+00 2.78D-17 1.087D+00     0.00
      137 2.0D-02  8.383D+00  5.821D-11 2.2D-01 0.0D+00    0    0 7.57D+06 1.00D+00 2.78D-17 1.090D+00     0.00
      138 2.0D-02  8.383D+00  5.821D-11 2.2D-01 0.0D+00    0    0 7.57D+06 1.00D+00 2.78D-17 1.087D+00     0.00
      139 2.0D-02  8.383D+00  5.821D-11 2.2D-01 0.0D+00    0    0 7.57D+06 1.00D+00 2.78D-17 1.089D+00     0.00
      140 2.0D-02  8.383D+00  5.821D-11 2.2D-01 0.0D+00    0    0 7.57D+06 1.00D+00 2.78D-17 1.087D+00     0.00

    inner barrier   scaled     scaled     min     min    NW   SE     dx      alpha    alpha    inner   time (s)
     ite   param   obj func     feas      x-l     u-x   pert pert   norm      max             opt err 
      141 2.0D-02  8.383D+00  5.821D-11 2.2D-01 0.0D+00    0    0 7.57D+06 1.00D+00 2.78D-17 1.089D+00     0.00
      142 2.0D-02  8.383D+00  5.821D-11 2.2D-01 0.0D+00    0    0 7.57D+06 1.00D+00 2.78D-17 1.087D+00     0.00
      143 2.0D-02  8.383D+00  5.821D-11 2.2D-01 0.0D+00    0    0 7.57D+06 1.00D+00 2.78D-17 1.089D+00     0.00
      144 2.0D-02  8.383D+00  5.821D-11 2.2D-01 0.0D+00    0    0 7.57D+06 1.00D+00 2.78D-17 1.087D+00     0.00
      145 2.0D-02  8.383D+00  5.821D-11 2.2D-01 0.0D+00    0    0 7.57D+06 1.00D+00 2.78D-17 1.089D+00     0.00
      146 2.0D-02  8.383D+00  5.821D-11 2.2D-01 0.0D+00    0    0 7.57D+06 1.00D+00 2.78D-17 1.087D+00     0.00
      147 2.0D-02  8.383D+00  5.821D-11 2.2D-01 0.0D+00    0    0 7.57D+06 1.00D+00 2.78D-17 1.089D+00     0.00
      148 2.0D-02  8.383D+00  5.821D-11 2.2D-01 0.0D+00    0    0 7.57D+06 1.00D+00 2.78D-17 1.087D+00     0.00
      149 2.0D-02  8.383D+00  5.821D-11 2.2D-01 0.0D+00    0    0 7.57D+06 1.00D+00 2.78D-17 1.089D+00     0.00
      150 2.0D-02  8.383D+00  5.821D-11 2.2D-01 0.0D+00    0    0 7.57D+06 1.00D+00 2.78D-17 1.088D+00     0.00

    inner barrier   scaled     scaled     min     min    NW   SE     dx      alpha    alpha    inner   time (s)
     ite   param   obj func     feas      x-l     u-x   pert pert   norm      max             opt err 
      151 2.0D-02  8.383D+00  5.821D-11 2.2D-01 0.0D+00    0    0 7.57D+06 1.00D+00 2.78D-17 1.089D+00     0.00
      152 2.0D-02  8.383D+00  5.821D-11 2.2D-01 0.0D+00    0    0 7.57D+06 1.00D+00 2.78D-17 1.088D+00     0.00
      153 2.0D-02  8.383D+00  5.821D-11 2.2D-01 0.0D+00    0    0 7.57D+06 1.00D+00 2.78D-17 1.089D+00     0.00
      154 2.0D-02  8.383D+00  5.821D-11 2.2D-01 0.0D+00    0    0 7.57D+06 1.00D+00 2.78D-17 1.088D+00     0.00
      155 2.0D-02  8.383D+00  5.821D-11 2.2D-01 0.0D+00    0    0 7.57D+06 1.00D+00 2.78D-17 1.089D+00     0.00
      156 2.0D-02  8.383D+00  5.821D-11 2.2D-01 0.0D+00    0    0 7.57D+06 1.00D+00 2.78D-17 1.088D+00     0.00
      157 2.0D-02  8.383D+00  5.821D-11 2.2D-01 0.0D+00    0    0 7.57D+06 1.00D+00 2.78D-17 1.089D+00     0.00
      158 2.0D-02  8.383D+00  5.821D-11 2.2D-01 0.0D+00    0    0 7.57D+06 1.00D+00 2.78D-17 1.088D+00     0.00
      159 2.0D-02  8.383D+00  5.821D-11 2.2D-01 0.0D+00    0    0 7.57D+06 1.00D+00 2.78D-17 1.089D+00     0.00
      160 2.0D-02  8.383D+00  5.821D-11 2.2D-01 0.0D+00    0    0 7.57D+06 1.00D+00 2.78D-17 1.088D+00     0.00

    inner barrier   scaled     scaled     min     min    NW   SE     dx      alpha    alpha    inner   time (s)
     ite   param   obj func     feas      x-l     u-x   pert pert   norm      max             opt err 
      161 2.0D-02  8.383D+00  5.821D-11 2.2D-01 0.0D+00    0    0 7.57D+06 1.00D+00 2.78D-17 1.089D+00     0.00
      162 2.0D-02  8.383D+00  5.821D-11 2.2D-01 0.0D+00    0    0 7.57D+06 1.00D+00 2.78D-17 1.088D+00     0.00
      163 2.0D-02  8.383D+00  5.821D-11 2.2D-01 0.0D+00    0    0 7.57D+06 1.00D+00 2.78D-17 1.089D+00     0.00
      164 2.0D-02  8.383D+00  5.821D-11 2.2D-01 0.0D+00    0    0 7.57D+06 1.00D+00 2.78D-17 1.088D+00     0.00
      165 2.0D-02  8.383D+00  5.821D-11 2.2D-01 0.0D+00    0    0 7.57D+06 1.00D+00 2.78D-17 1.089D+00     0.00
      166 2.0D-02  8.383D+00  5.821D-11 2.2D-01 0.0D+00    0    0 7.57D+06 1.00D+00 2.78D-17 1.088D+00     0.00
      167 2.0D-02  8.383D+00  5.821D-11 2.2D-01 0.0D+00    0    0 7.57D+06 1.00D+00 2.78D-17 1.089D+00     0.00
      168 2.0D-02  8.383D+00  5.821D-11 2.2D-01 0.0D+00    0    0 7.57D+06 1.00D+00 2.78D-17 1.088D+00     0.00
      169 2.0D-02  8.383D+00  5.821D-11 2.2D-01 0.0D+00    0    0 7.57D+06 1.00D+00 2.78D-17 1.089D+00     0.00
      170 2.0D-02  8.383D+00  5.821D-11 2.2D-01 0.0D+00    0    0 7.57D+06 1.00D+00 2.78D-17 1.088D+00     0.00

    inner barrier   scaled     scaled     min     min    NW   SE     dx      alpha    alpha    inner   time (s)
     ite   param   obj func     feas      x-l     u-x   pert pert   norm      max             opt err 
      171 2.0D-02  8.383D+00  5.821D-11 2.2D-01 0.0D+00    0    0 7.57D+06 1.00D+00 2.78D-17 1.089D+00     0.00
      172 2.0D-02  8.383D+00  5.821D-11 2.2D-01 0.0D+00    0    0 7.57D+06 1.00D+00 2.78D-17 1.088D+00     0.00
      173 2.0D-02  8.383D+00  5.821D-11 2.2D-01 0.0D+00    0    0 7.57D+06 1.00D+00 2.78D-17 1.089D+00     0.00
      174 2.0D-02  8.383D+00  5.821D-11 2.2D-01 0.0D+00    0    0 7.57D+06 1.00D+00 2.78D-17 1.088D+00     0.00
      175 2.0D-02  8.383D+00  5.821D-11 2.2D-01 0.0D+00    0    0 7.57D+06 1.00D+00 2.78D-17 1.089D+00     0.00
      176 2.0D-02  8.383D+00  5.821D-11 2.2D-01 0.0D+00    0    0 7.57D+06 1.00D+00 2.78D-17 1.088D+00     0.00
      177 2.0D-02  8.383D+00  5.821D-11 2.2D-01 0.0D+00    0    0 7.57D+06 1.00D+00 2.78D-17 1.089D+00     0.00
      178 2.0D-02  8.383D+00  5.821D-11 2.2D-01 0.0D+00    0    0 7.57D+06 1.00D+00 2.78D-17 1.088D+00     0.00
      179 2.0D-02  8.383D+00  5.821D-11 2.2D-01 0.0D+00    0    0 7.57D+06 1.00D+00 2.78D-17 1.089D+00     0.00
      180 2.0D-02  8.383D+00  5.821D-11 2.2D-01 0.0D+00    0    0 7.57D+06 1.00D+00 2.78D-17 1.088D+00     0.00

    inner barrier   scaled     scaled     min     min    NW   SE     dx      alpha    alpha    inner   time (s)
     ite   param   obj func     feas      x-l     u-x   pert pert   norm      max             opt err 
      181 2.0D-02  8.383D+00  5.821D-11 2.2D-01 0.0D+00    0    0 7.57D+06 1.00D+00 2.78D-17 1.089D+00     0.00
      182 2.0D-02  8.383D+00  5.821D-11 2.2D-01 0.0D+00    0    0 7.57D+06 1.00D+00 2.78D-17 1.088D+00     0.00
      183 2.0D-02  8.383D+00  5.821D-11 2.2D-01 0.0D+00    0    0 7.57D+06 1.00D+00 2.78D-17 1.089D+00     0.00
      184 2.0D-02  8.383D+00  5.821D-11 2.2D-01 0.0D+00    0    0 7.57D+06 1.00D+00 2.78D-17 1.088D+00     0.00
      185 2.0D-02  8.383D+00  5.821D-11 2.2D-01 0.0D+00    0    0 7.57D+06 1.00D+00 2.78D-17 1.089D+00     0.00
      186 2.0D-02  8.383D+00  5.821D-11 2.2D-01 0.0D+00    0    0 7.57D+06 1.00D+00 2.78D-17 1.088D+00     0.00
      187 2.0D-02  8.383D+00  5.821D-11 2.2D-01 0.0D+00    0    0 7.57D+06 1.00D+00 2.78D-17 1.089D+00     0.00
      188 2.0D-02  8.383D+00  5.821D-11 2.2D-01 0.0D+00    0    0 7.57D+06 1.00D+00 2.78D-17 1.088D+00     0.00
      189 2.0D-02  8.383D+00  5.821D-11 2.2D-01 0.0D+00    0    0 7.57D+06 1.00D+00 2.78D-17 1.089D+00     0.00
      190 2.0D-02  8.383D+00  5.821D-11 2.2D-01 0.0D+00    0    0 7.57D+06 1.00D+00 2.78D-17 1.088D+00     0.00

    inner barrier   scaled     scaled     min     min    NW   SE     dx      alpha    alpha    inner   time (s)
     ite   param   obj func     feas      x-l     u-x   pert pert   norm      max             opt err 
      191 2.0D-02  8.383D+00  5.821D-11 2.2D-01 0.0D+00    0    0 7.57D+06 1.00D+00 2.78D-17 1.089D+00     0.00
      192 2.0D-02  8.383D+00  5.821D-11 2.2D-01 0.0D+00    0    0 7.57D+06 1.00D+00 2.78D-17 1.088D+00     0.00
      193 2.0D-02  8.383D+00  5.821D-11 2.2D-01 0.0D+00    0    0 7.57D+06 1.00D+00 2.78D-17 1.089D+00     0.00
      194 2.0D-02  8.383D+00  5.821D-11 2.2D-01 0.0D+00    0    0 7.57D+06 1.00D+00 2.78D-17 1.088D+00     0.00
      195 2.0D-02  8.383D+00  5.821D-11 2.2D-01 0.0D+00    0    0 7.57D+06 1.00D+00 2.78D-17 1.089D+00     0.00
      196 2.0D-02  8.383D+00  5.821D-11 2.2D-01 0.0D+00    0    0 7.57D+06 1.00D+00 2.78D-17 1.088D+00     0.00
      197 2.0D-02  8.383D+00  5.821D-11 2.2D-01 0.0D+00    0    0 7.57D+06 1.00D+00 2.78D-17 1.089D+00     0.00
      198 2.0D-02  8.383D+00  5.821D-11 2.2D-01 0.0D+00    0    0 7.57D+06 1.00D+00 2.78D-17 1.088D+00     0.00
      199 2.0D-02  8.383D+00  5.821D-11 2.2D-01 0.0D+00    0    0 7.57D+06 1.00D+00 2.78D-17 1.088D+00     0.00
      200 2.0D-02  8.383D+00  5.821D-11 2.2D-01 0.0D+00    0    0 7.57D+06 1.00D+00 2.78D-17 1.088D+00     0.00

    inner barrier   scaled     scaled     min     min    NW   SE     dx      alpha    alpha    inner   time (s)
     ite   param   obj func     feas      x-l     u-x   pert pert   norm      max             opt err 
      201 2.0D-02  8.383D+00  5.821D-11 2.2D-01 0.0D+00    0    0 7.57D+06 1.00D+00 2.78D-17 1.088D+00     0.00


     2 2.8D-03  5.625442D+08  8.382562D+00 1.088D+00   402M

    inner barrier   scaled     scaled     min     min    NW   SE     dx      alpha    alpha    inner   time (s)
     ite   param   obj func     feas      x-l     u-x   pert pert   norm      max             opt err 
        1 2.8D-03  2.573D+00  5.821D-11 1.5D-01 0.0D+00    0    0 5.20D+06 9.45D-01 9.45D-01 1.849D-01     0.00
        2 2.8D-03  1.714D+00  5.821D-11 3.0D-01 0.0D+00    0    0 2.07D+06 1.00D+00 1.00D+00 9.948D-02     0.00
        3 2.8D-03  1.262D+00  5.821D-11 6.1D-01 0.0D+00    0    0 3.28D+06 1.00D+00 1.00D+00 5.599D-02     0.00
        4 2.8D-03  1.249D+00  5.821D-11 6.7D-01 0.0D+00    0    0 6.22D+06 1.00D+00 6.25D-02 5.208D-02     0.00
        5 2.8D-03  1.238D+00  5.821D-11 7.3D-01 0.0D+00    0    0 6.02D+06 1.00D+00 6.25D-02 4.846D-02     0.00
        6 2.8D-03  1.238D+00  5.821D-11 7.3D-01 0.0D+00    0    0 8.63D+06 1.00D+00 2.78D-17 4.875D-02     0.00
        7 2.8D-03  1.238D+00  5.821D-11 7.3D-01 0.0D+00    0    0 3.02D+09 1.00D+00 4.34D-19 4.875D-02     0.00
        8 2.8D-03  9.833D-01  5.821D-11 1.2D+00 0.0D+00    1    0 2.49D+02 1.00D+00 1.00D+00 2.534D-02     0.00


     3 1.5D-04  6.598640D+07  9.832741D-01 2.534D-02   410C

    inner barrier   scaled     scaled     min     min    NW   SE     dx      alpha    alpha    inner   time (s)
     ite   param   obj func     feas      x-l     u-x   pert pert   norm      max             opt err 
        1 1.5D-04  4.312D-01  6.548D-11 1.3D+00 0.0D+00    0    0 4.02D+06 1.00D+00 1.00D+00 8.008D-03     0.00
        2 1.5D-04  2.168D-01  6.912D-11 1.5D+00 0.0D+00    0    0 1.18D+06 1.00D+00 1.00D+00 2.878D-03     0.00
        3 1.5D-04  1.252D-01  6.730D-11 2.1D+00 0.0D+00    0    0 9.40D+05 1.00D+00 1.00D+00 1.229D-03     0.00


     4 1.8D-06  8.401464D+06  1.251916D-01 1.229D-03   413C

    inner barrier   scaled     scaled     min     min    NW   SE     dx      alpha    alpha    inner   time (s)
     ite   param   obj func     feas      x-l     u-x   pert pert   norm      max             opt err 
        1 1.8D-06  1.099D-01  6.912D-11 3.0D-03 0.0D+00    0    0 1.20D+06 1.36D-01 1.36D-01 1.053D-03     0.00
        2 1.8D-06  5.503D-02  6.958D-11 1.1D-02 0.0D+00    0    0 1.19D+06 8.51D-01 8.51D-01 3.465D-04     0.00
        3 1.8D-06  3.164D-02  6.935D-11 1.4D-03 0.0D+00    0    0 7.73D+05 7.96D-01 7.96D-01 1.383D-04     0.00
        4 1.8D-06  1.704D-02  6.912D-11 1.6D+00 0.0D+00    0    0 1.11D+06 1.00D+00 1.00D+00 5.154D-05     0.00
        5 1.8D-06  9.913D-03  6.912D-11 1.5D+00 0.0D+00    0    0 8.83D+05 1.00D+00 1.00D+00 2.410D-05     0.00
        6 1.8D-06  9.043D-03  6.912D-11 5.5D-03 0.0D+00    0    0 1.88D+06 7.28D-03 7.28D-03 2.386D-05     0.00
        7 1.8D-06  5.458D-03  6.912D-11 1.5D+00 0.0D+00    0    0 4.62D+05 1.00D+00 1.00D+00 4.591D-05     0.00
        8 1.8D-06  4.190D-03  6.901D-11 7.4D-04 0.0D+00    0    0 2.56D+05 4.58D-01 4.58D-01 6.768D-06     0.00


     5 2.5D-09  2.811996D+05  4.190201D-03 8.536D-06   421C

    inner barrier   scaled     scaled     min     min    NW   SE     dx      alpha    alpha    inner   time (s)
     ite   param   obj func     feas      x-l     u-x   pert pert   norm      max             opt err 
        1 2.5D-09  3.863D-03  6.912D-11 1.4D-04 0.0D+00    0    0 6.24D+05 1.42D-01 1.42D-01 5.064D-06     0.00
        2 2.5D-09  3.861D-03  6.901D-11 1.1D-02 0.0D+00    1    0 3.75D+00 1.00D+00 1.00D+00 1.724D-05     0.00
        3 2.5D-09  3.857D-03  6.901D-11 1.1D-02 0.0D+00    1    0 8.91D+00 1.00D+00 1.00D+00 3.094D-06     0.00
        4 2.5D-09  3.847D-03  6.878D-11 1.0D-02 0.0D+00    1    0 2.41D+01 1.00D+00 1.00D+00 1.894D-06     0.00
        5 2.5D-09  3.828D-03  6.889D-11 1.1D-02 0.0D+00    1    0 6.25D+01 1.00D+00 1.00D+00 1.421D-06     0.00
        6 2.5D-09  3.790D-03  6.889D-11 1.4D-02 0.0D+00    1    0 1.55D+02 1.00D+00 1.00D+00 1.409D-06     0.00
        7 2.5D-09  3.712D-03  6.878D-11 2.2D-02 0.0D+00    1    0 3.64D+02 1.00D+00 1.00D+00 1.376D-06     0.00
        8 2.5D-09  3.624D-03  6.901D-11 7.7D-09 0.0D+00    1    0 8.10D+02 5.23D-01 5.23D-01 1.327D-06     0.00
        9 2.5D-09  3.594D-03  6.901D-11 2.4D-09 0.0D+00    1    0 1.80D+03 8.00D-02 8.00D-02 1.309D-06     0.00
       10 2.5D-09  3.489D-03  6.878D-11 1.1D-08 0.0D+00    1    0 4.02D+03 1.35D-01 1.35D-01 1.242D-06     0.00

    inner barrier   scaled     scaled     min     min    NW   SE     dx      alpha    alpha    inner   time (s)
     ite   param   obj func     feas      x-l     u-x   pert pert   norm      max             opt err 
       11 2.5D-09  3.457D-03  6.901D-11 1.5D-09 0.0D+00    1    0 6.50D+03 3.08D-02 3.08D-02 1.220D-06     0.00
       12 2.5D-09  3.227D-03  6.912D-11 1.8D-08 0.0D+00    1    0 1.34D+04 1.60D-01 1.60D-01 1.079D-06     0.00
       13 2.5D-09  3.152D-03  6.878D-11 3.9D-09 0.0D+00    1    0 2.23D+04 4.31D-02 4.31D-02 1.038D-06     0.00
       14 2.5D-09  2.975D-03  6.901D-11 5.2D-08 0.0D+00    1    0 3.80D+04 8.57D-02 8.57D-02 9.563D-07     0.00
       15 2.5D-09  2.919D-03  6.889D-11 5.0D-09 0.0D+00    1    0 6.25D+04 2.32D-02 2.32D-02 9.345D-07     0.00
       16 2.5D-09  2.805D-03  6.878D-11 2.9D-08 0.0D+00    1    0 1.24D+05 3.76D-02 3.76D-02 8.995D-07     0.00
       17 2.5D-09  2.749D-03  6.889D-11 7.1D-08 0.0D+00    1    0 2.58D+05 1.32D-02 1.32D-02 8.875D-07     0.00
       18 2.5D-09  2.695D-03  6.889D-11 2.2D-08 0.0D+00    2    0 9.92D+04 2.10D-02 2.10D-02 8.689D-07     0.00
       19 2.5D-09  2.581D-03  6.878D-11 6.5D-08 0.0D+00    1    0 1.59D+05 3.45D-02 3.45D-02 8.381D-07     0.00
       20 2.5D-09  2.488D-03  6.901D-11 1.0D-08 0.0D+00    2    0 6.20D+04 4.45D-02 4.45D-02 8.010D-07     0.00

    inner barrier   scaled     scaled     min     min    NW   SE     dx      alpha    alpha    inner   time (s)
     ite   param   obj func     feas      x-l     u-x   pert pert   norm      max             opt err 
       21 2.5D-09  2.393D-03  6.867D-11 4.7D-08 0.0D+00    2    0 3.22D+04 6.13D-02 6.13D-02 7.535D-07     0.00
       22 2.5D-09  2.324D-03  6.901D-11 9.1D-09 0.0D+00    2    0 1.82D+04 5.64D-02 5.64D-02 7.134D-07     0.00
       23 2.5D-09  2.294D-03  6.889D-11 2.0D-09 0.0D+00    1    0 3.26D+04 2.15D-02 2.15D-02 6.983D-07     0.00
       24 2.5D-09  2.251D-03  6.889D-11 3.0D-08 0.0D+00    1    0 6.46D+04 2.41D-02 2.41D-02 6.815D-07     0.00
       25 2.5D-09  2.188D-03  6.889D-11 4.1D-08 0.0D+00    1    0 1.60D+05 2.38D-02 2.38D-02 6.647D-07     0.00
       26 2.5D-09  2.150D-03  6.878D-11 2.2D-08 0.0D+00    1    0 4.08D+05 7.30D-03 7.30D-03 6.597D-07     0.00
       27 2.5D-09  1.679D-03  6.878D-11 6.4D-08 0.0D+00    1    0 1.13D+06 3.63D-02 3.63D-02 6.018D-07     0.00
       28 2.5D-09  1.411D-03  6.901D-11 7.7D-06 0.0D+00    1    0 3.27D+06 8.63D-03 8.63D-03 4.997D-07     0.00
       29 2.5D-09  1.409D-03  6.889D-11 8.2D-10 0.0D+00    6    0 8.18D+03 4.74D-03 4.74D-03 8.460D-07     0.01
       30 2.5D-09  1.409D-03  6.889D-11 3.2D-04 0.0D+00    1    0 4.18D+03 5.67D-02 2.21D-04 4.977D-07     0.00

    inner barrier   scaled     scaled     min     min    NW   SE     dx      alpha    alpha    inner   time (s)
     ite   param   obj func     feas      x-l     u-x   pert pert   norm      max             opt err 
       31 2.5D-09  1.381D-03  6.878D-11 1.1D-08 0.0D+00    1    0 8.56D+03 6.30D-02 6.30D-02 4.682D-07     0.00
       32 2.5D-09  1.325D-03  6.878D-11 1.3D-09 0.0D+00    1    0 1.30D+04 1.05D-01 1.05D-01 4.216D-07     0.00
       33 2.5D-09  1.273D-03  6.878D-11 2.0D-07 0.0D+00    1    0 2.31D+04 8.27D-02 8.27D-02 3.867D-07     0.00
       34 2.5D-09  1.182D-03  6.867D-11 1.1D-08 0.0D+00    1    0 5.09D+04 1.20D-01 1.20D-01 3.315D-07     0.00
       35 2.5D-09  1.146D-03  6.878D-11 1.8D-08 0.0D+00    2    0 2.34D+04 6.86D-02 6.86D-02 3.085D-07     0.00
       36 2.5D-09  1.045D-03  6.889D-11 4.0D-08 0.0D+00    1    0 5.55D+04 1.50D-01 1.50D-01 2.449D-07     0.00
       37 2.5D-09  9.598D-04  6.878D-11 1.1D-07 0.0D+00    1    0 1.36D+05 9.38D-02 9.38D-02 1.025D-07     0.00
       38 2.5D-09  9.582D-04  6.878D-11 6.7D-09 0.0D+00    3    0 1.21D+04 5.78D-03 5.78D-03 1.019D-07     0.01
       39 2.5D-09  9.582D-04  6.867D-11 7.4D-04 0.0D+00    2    0 6.54D+03 7.41D-02 9.05D-06 1.019D-07     0.00
       40 2.5D-09  9.178D-04  6.867D-11 1.7D-07 0.0D+00    1    0 1.10D+04 1.52D-01 1.52D-01 8.923D-08     0.00

    inner barrier   scaled     scaled     min     min    NW   SE     dx      alpha    alpha    inner   time (s)
     ite   param   obj func     feas      x-l     u-x   pert pert   norm      max             opt err 
       41 2.5D-09  8.969D-04  6.867D-11 8.2D-09 0.0D+00    1    0 2.02D+04 6.74D-02 6.74D-02 8.164D-08     0.00
       42 2.5D-09  8.953D-04  6.878D-11 3.0D-02 0.0D+00    1    0 4.47D+04 6.32D-02 3.95D-03 8.133D-08     0.00
       43 2.5D-09  8.579D-04  6.855D-11 2.0D-08 0.0D+00    3    0 6.61D+03 2.36D-01 2.36D-01 6.483D-08     0.01
       44 2.5D-09  7.872D-04  6.867D-11 1.4D-09 0.0D+00    1    0 1.13D+04 3.70D-01 3.70D-01 4.733D-08     0.00
       45 2.5D-09  7.081D-04  6.878D-11 6.0D-07 0.0D+00    1    0 1.95D+04 4.06D-01 4.06D-01 3.391D-08     0.00
       46 2.5D-09  7.065D-04  6.867D-11 1.2D-08 0.0D+00    2    0 1.11D+04 1.43D-02 1.43D-02 3.360D-08     0.00
       47 2.5D-09  6.939D-04  6.878D-11 6.1D-09 0.0D+00    1    0 1.57D+04 8.14D-02 8.14D-02 3.141D-08     0.00
       48 2.5D-09  6.386D-04  6.855D-11 6.1D-08 0.0D+00    2    0 1.02D+04 5.96D-01 5.96D-01 2.178D-08     0.00


     6 1.0D-09  4.285375D+04  6.385706D-04 2.178D-08   469C

    inner barrier   scaled     scaled     min     min    NW   SE     dx      alpha    alpha    inner   time (s)
     ite   param   obj func     feas      x-l     u-x   pert pert   norm      max             opt err 
        1 1.0D-09  6.140D-04  6.855D-11 5.1D-10 0.0D+00    1    0 1.49D+04 2.41D-01 2.41D-01 1.821D-08     0.00
        2 1.0D-09  5.812D-04  6.855D-11 3.4D-07 0.0D+00    1    0 2.75D+04 2.91D-01 2.91D-01 1.426D-08     0.00
        3 1.0D-09  5.672D-04  6.855D-11 3.2D-08 0.0D+00    2    0 1.41D+04 2.30D-01 2.30D-01 6.264D-08     0.00
        4 1.0D-09  5.672D-04  6.844D-11 3.7D-03 0.0D+00    1    0 3.38D+04 2.20D-02 4.29D-05 6.276D-08     0.00
        5 1.0D-09  5.642D-04  6.855D-11 5.6D-10 0.0D+00    2    0 1.50D+04 4.88D-02 4.88D-02 8.397D-08     0.00
        6 1.0D-09  5.642D-04  6.855D-11 3.6D-04 0.0D+00    2    0 8.19D+03 4.67D-02 1.46D-03 8.198D-08     0.00
        7 1.0D-09  5.620D-04  6.855D-11 9.2D-09 0.0D+00    2    0 4.12D+03 1.12D-01 1.12D-01 8.807D-08     0.00
        8 1.0D-09  5.620D-04  6.878D-11 7.6D-04 0.0D+00    2    0 1.78D+03 8.02D-01 1.96D-04 9.461D-08     0.00
        9 1.0D-09  5.585D-04  6.867D-11 2.0D-02 0.0D+00    2    0 7.54D+02 1.00D+00 1.00D+00 2.174D-08     0.00
       10 1.0D-09  5.552D-04  6.867D-11 8.8D-09 0.0D+00    1    0 1.80D+03 4.14D-01 4.14D-01 1.069D-08     0.00

    inner barrier   scaled     scaled     min     min    NW   SE     dx      alpha    alpha    inner   time (s)
     ite   param   obj func     feas      x-l     u-x   pert pert   norm      max             opt err 
       11 1.0D-09  5.427D-04  6.878D-11 9.1D-09 0.0D+00    1    0 4.40D+03 7.45D-01 7.45D-01 1.454D-08     0.00
       12 1.0D-09  5.427D-04  6.878D-11 9.4D-04 0.0D+00    2    0 1.63D+03 1.00D+00 1.22D-04 8.980D-09     0.00


     7 1.0D-09  3.641852D+04  5.426782D-04 8.980D-09   481C
 ==========================================================

 FINAL RESULTS:
                            scaled                   unscaled
  Objective Funct:   5.4267820358439771D-04    3.6418517760109658D+04
  Lagrangian Grad:   8.9798492700180313D-09    6.0262748340213934D-01
 Final Point Feas:   6.8780536821577698D-11    6.8780536821577698D-11
 Bounds violation:   0.0000000000000000D+00    0.0000000000000000D+00
 Lower Bound Comp:   1.8385059800361678D-09    1.2338004777743390D-01
 Upper Bound Comp:   0.0000000000000000D+00    0.0000000000000000D+00

 Flag of LCMIN:

     Optimal solution found.

 ====================================================
                      STATISTICS                     
 ====================================================
 GENERAL:                                            

           Preprocessing time (in seconds):      0.86
            Optimization time (in seconds):      2.61

                      Inner Iterations (IIT):     481
                      Outer Iterations (OIT):       7
                  Function Evaluations (FEV):   20520
         Function Gradient Evaluations (GEV):     482
          Function Hessian Evaluations (HEV):     481
          Barrier Function Evaluations (BFE):   21000
 Barrier Function Gradient Evaluations (BGE):     481
 ====================================================
 AVERAGE:                                            

 Inner Iterations per Outer Iterations  :     68.7143
 FEV per IIT:     42.6611    FEV per OIT:   2931.4285
 GEV per IIT:      1.0021    GEV per OIT:     68.8571
 HEV per IIT:      1.0000    HEV per OIT:     68.7143
 BFE per IIT:     43.6590    BFE per OIT:   3000.0000
 BGE per IIT:      1.0000    BGE per OIT:     68.7143
 ====================================================

