
 ==============================================================================
 This is ALGENCAN 3.1.1.
 ALGENCAN, an Augmented Lagrangian method for nonlinear programming, is part of
 the TANGO Project: Trustable Algorithms for Nonlinear General Optimization.
 See http://www.ime.usp.br/~egbirgin/tango/ for details.
 ==============================================================================

 Processing array of parameters with   3 entrances:

 IGNORE-OBJECTIVE-FUNCTION                    
 ITERATIONS-OUTPUT-DETAIL                                                    11
 NEWTON-LINE-SEARCH-INNER-SOLVER                                    'MA57 MC64'

 The specification file is not being used.

 Available HSL subroutines = MA57           

 ALGENCAN PARAMETERS:

 firstde                =                    T
 seconde                =                    T
 truehpr                =                    T
 hptype in TN           =               TRUEHP
 lsslvr in TR           =            MA57/NONE
 lsslvr in NW           =            MA57/MC64
 lsslvr in ACCPROC      =            MA57/NONE
 innslvr                =                   NW
 accproc                =                    T
 rmfixv                 =                    T
 slacks                 =                    F
 scale                  =                    T
 epsfeas                =           1.0000D-09
 epsopt                 =           1.0000D-08
 efstain                =           3.1623D-05
 eostain                =           1.0000D-12
 efacc                  =           3.1623D-05
 eoacc                  =           1.0000D-04
 iprint                 =                   11
 ncomp                  =                    6

 Specification filename =                   ''
 Output filename        =          'lcmin.out'
 Solution filename      =                   ''

 Number of variables               :     540
 Number of equality constraints    :     112
 Number of inequality constraints  :       0
 Number of bound constraints       :     540
 Number of fixed variables         :       0

 There are no fixed variables to be removed.

 Objective function scale factor   : 1.0D+00
 Smallest constraints scale factor : 1.0D+00

 Since the scaling factor(s) is(are) equal to one, scaling was inhibited.

     Entry to GENCAN.
     Number of variables:     540
     Required optimality tolerance: 1.0D-08

     It         function  gpsupn   xsupn stesupn   nfree   SPGit in-face    fcnt
      0   1.68161007D-14 9.9D-08 4.2D+03
      1   2.83184540D-17 4.0D-09 4.2D+03 6.3D-08     268       0       1       3
      2   3.19583126D-25 4.6D-13 4.2D+03 6.2D-09     268       0       2       4

     Flag of GENCAN: Solution was found.


 User-provided subroutines calls counters: 

 Subroutine fsub     (coded=F):        0
 Subroutine gsub     (coded=F):        0
 Subroutine hsub     (coded=F):        0
 Subroutine csub     (coded=F):        0 (       0 calls per constraint in avg)
 Subroutine jacsub   (coded=F):        0 (       0 calls per constraint in avg)
 Subroutine hcsub    (coded=F):        0 (       0 calls per constraint in avg)
 Subroutine fcsub    (coded=T):        4
 Subroutine gjacsub  (coded=T):        5
 Subroutine gjacpsub (coded=F):        0
 Subroutine hlsub    (coded=T):        2
 Subroutine hlpsub   (coded=F):        0


 Total CPU time in seconds =     0.00

 ==============================================================================

 Initial point computed successfully.

                                            achieved                  desired        
 Unscaled feasibility ..............:   2.3646883062777846D-13   1.0000000000000001D-09
 Smallest distance to lower bound ..:   1.0000000000000000D-02   1.0000000000000000D-03

 Starting LCMIN.
 Number of variables   :     540
 Number of constraints :     112

 Scale factor for the objective function   : 1.5D-08
 Smallest scale factor for the constraints : 1.0D+00

 ==========================================================
 outer barrier   objective       scaled      outer   inner
  ite   param     function     obj funct    opt err   ite 
     0 1.0D-01  4.498796D+13  6.703729D+05 5.214D+06     0 

    inner barrier   scaled     scaled     min     min    NW   SE     dx      alpha    alpha    inner   time (s)
     ite   param   obj func     feas      x-l     u-x   pert pert   norm      max             opt err 
        1 1.0D-01  5.826D+05  1.819D-12 1.0D-04 0.0D+00    0    0 3.48D+05 2.61D-02 2.61D-02 5.030D+06     0.02
        2 1.0D-01  3.746D+05  1.819D-12 1.3D-03 0.0D+00    0    0 4.32D+05 5.43D-02 5.43D-02 3.466D+06     0.02
        3 1.0D-01  3.633D+05  3.638D-12 1.3D-05 0.0D+00    0    0 2.22D+05 8.92D-03 8.92D-03 3.431D+06     0.01
        4 1.0D-01  3.632D+05  3.638D-12 1.3D-07 0.0D+00    0    0 2.11D+05 9.69D-05 9.69D-05 3.431D+06     0.01
        5 1.0D-01  3.630D+05  3.638D-12 1.3D-09 0.0D+00    0    0 1.98D+05 2.06D-04 2.06D-04 3.477D+06     0.01
        6 1.0D-01  3.448D+05  3.638D-12 4.3D-08 0.0D+00    0    0 1.86D+05 2.00D-02 2.00D-02 3.384D+06     0.01
        7 1.0D-01  2.943D+05  3.638D-12 1.0D-07 0.0D+00    0    0 1.77D+05 6.15D-02 6.15D-02 3.113D+06     0.01
        8 1.0D-01  2.933D+05  3.638D-12 1.0D-07 0.0D+00    0    0 1.45D+05 1.82D-03 1.82D-03 2.517D+06     0.01
        9 1.0D-01  2.801D+05  3.638D-12 9.7D-08 0.0D+00    0    0 1.42D+05 2.53D-02 2.53D-02 2.204D+06     0.01
       10 1.0D-01  2.633D+05  3.638D-12 9.4D-08 0.0D+00    0    0 1.34D+05 3.54D-02 3.54D-02 1.976D+06     0.01

    inner barrier   scaled     scaled     min     min    NW   SE     dx      alpha    alpha    inner   time (s)
     ite   param   obj func     feas      x-l     u-x   pert pert   norm      max             opt err 
       11 1.0D-01  2.631D+05  3.638D-12 9.4D-08 0.0D+00    0    0 1.22D+05 5.08D-04 5.08D-04 9.901D+05     0.01
       12 1.0D-01  2.610D+05  3.638D-12 3.3D-09 0.0D+00    0    0 1.21D+05 5.61D-03 5.61D-03 9.733D+05     0.01
       13 1.0D-01  2.596D+05  1.819D-12 9.4D-08 0.0D+00    0    0 1.22D+05 3.98D-03 3.98D-03 7.413D+05     0.01
       14 1.0D-01  2.496D+05  3.638D-12 9.4D-08 0.0D+00    0    0 1.14D+05 2.82D-02 2.82D-02 7.117D+05     0.01
       15 1.0D-01  2.489D+05  3.638D-12 9.4D-08 0.0D+00    0    0 1.03D+05 2.07D-03 2.07D-03 6.516D+05     0.01
       16 1.0D-01  2.400D+05  1.819D-12 9.5D-08 0.0D+00    0    0 9.97D+04 2.79D-02 2.79D-02 4.631D+05     0.01
       17 1.0D-01  1.829D+05  2.728D-12 1.0D-07 0.0D+00    0    0 8.22D+04 2.15D-01 2.15D-01 3.507D+05     0.01
       18 1.0D-01  1.777D+05  3.638D-12 1.0D-07 0.0D+00    0    0 3.14D+04 3.29D-02 3.29D-02 2.974D+05     0.01
       19 1.0D-01  1.471D+05  3.638D-12 1.2D-07 0.0D+00    0    0 3.06D+04 2.19D-01 2.19D-01 2.192D+05     0.01
       20 1.0D-01  1.466D+05  3.638D-12 1.2D-07 0.0D+00    0    0 2.38D+04 4.55D-03 4.55D-03 2.107D+05     0.01

    inner barrier   scaled     scaled     min     min    NW   SE     dx      alpha    alpha    inner   time (s)
     ite   param   obj func     feas      x-l     u-x   pert pert   norm      max             opt err 
       21 1.0D-01  1.222D+05  3.638D-12 1.5D-07 0.0D+00    0    0 2.61D+04 2.35D-01 2.35D-01 1.542D+05     0.01
       22 1.0D-01  9.901D+04  4.547D-12 1.9D-07 0.0D+00    0    0 2.70D+04 2.84D-01 2.84D-01 1.175D+05     0.01
       23 1.0D-01  8.449D+04  2.274D-12 2.2D-07 0.0D+00    0    0 1.76D+04 2.25D-01 2.25D-01 1.089D+05     0.01
       24 1.0D-01  6.010D+04  2.956D-12 3.4D-07 0.0D+00    0    0 2.84D+04 5.11D-01 5.11D-01 7.615D+04     0.01
       25 1.0D-01  3.268D+04  1.819D-12 6.4D-07 0.0D+00    0    0 3.11D+04 1.00D+00 1.00D+00 4.973D+04     0.01
       26 1.0D-01  3.239D+04  1.876D-12 6.4D-07 0.0D+00    0    0 7.91D+05 1.88D-03 1.88D-03 4.973D+04     0.01
       27 1.0D-01  3.229D+04  1.819D-12 6.5D-07 0.0D+00    0    0 1.37D+05 2.40D-03 2.40D-03 4.976D+04     0.01
       28 1.0D-01  3.133D+04  3.638D-12 6.5D-07 0.0D+00    0    0 4.98D+05 9.40D-03 9.40D-03 4.969D+04     0.01
       29 1.0D-01  3.089D+04  5.457D-12 6.5D-07 0.0D+00    0    0 1.28D+05 1.06D-02 1.06D-02 4.976D+04     0.01
       30 1.0D-01  2.613D+04  3.638D-12 6.7D-07 0.0D+00    0    0 5.91D+05 4.22D-02 4.22D-02 4.945D+04     0.01

    inner barrier   scaled     scaled     min     min    NW   SE     dx      alpha    alpha    inner   time (s)
     ite   param   obj func     feas      x-l     u-x   pert pert   norm      max             opt err 
       31 1.0D-01  2.235D+04  3.638D-12 7.7D-07 0.0D+00    0    0 1.03D+04 2.28D-01 2.28D-01 5.128D+04     0.02
       32 1.0D-01  1.358D+04  3.638D-12 1.3D-06 0.0D+00    0    0 3.45D+03 8.29D-01 8.29D-01 4.650D+04     0.02
       33 1.0D-01  7.625D+03  3.638D-12 2.3D-06 0.0D+00    0    0 9.86D+02 1.00D+00 1.00D+00 1.996D+04     0.02
       34 1.0D-01  4.290D+03  3.638D-12 8.0D-06 0.0D+00    0    0 1.31D+03 1.00D+00 1.00D+00 1.357D+04     0.02
       35 1.0D-01  2.417D+03  3.638D-12 1.6D-05 0.0D+00    0    0 8.27D+02 1.00D+00 1.00D+00 1.443D+03     0.02
       36 1.0D-01  1.372D+03  3.723D-12 1.1D-04 0.0D+00    0    0 4.40D+03 1.00D+00 1.00D+00 9.806D+02     0.02
       37 1.0D-01  1.324D+03  3.638D-12 1.1D-04 0.0D+00    0    0 3.24D+04 4.66D-02 4.66D-02 7.212D+02     0.02
       38 1.0D-01  9.921D+02  5.457D-12 2.1D-04 0.0D+00    0    0 5.19D+03 4.70D-01 4.70D-01 3.258D+02     0.02
       39 1.0D-01  5.677D+02  3.638D-12 8.3D-04 0.0D+00    0    0 4.41D+03 1.00D+00 1.00D+00 1.286D+02     0.02
       40 1.0D-01  4.402D+02  3.638D-12 7.8D-03 0.0D+00    0    0 7.01D+03 4.23D-01 4.23D-01 1.034D+02     0.02

    inner barrier   scaled     scaled     min     min    NW   SE     dx      alpha    alpha    inner   time (s)
     ite   param   obj func     feas      x-l     u-x   pert pert   norm      max             opt err 
       41 1.0D-01  2.622D+02  3.638D-12 2.1D-02 0.0D+00    0    0 1.19D+04 1.00D+00 1.00D+00 5.536D+01     0.02
       42 1.0D-01  1.565D+02  3.741D-12 5.6D-02 0.0D+00    0    0 1.15D+04 1.00D+00 1.00D+00 3.614D+01     0.02
       43 1.0D-01  1.020D+02  5.556D-12 1.1D-01 0.0D+00    0    0 2.69D+04 1.00D+00 1.00D+00 1.763D+01     0.01
       44 1.0D-01  6.796D+01  5.247D-12 2.0D-01 0.0D+00    0    0 3.14D+04 1.00D+00 1.00D+00 1.017D+01     0.01
       45 1.0D-01  5.210D+01  6.438D-12 3.7D-01 0.0D+00    0    0 6.52D+04 1.00D+00 1.00D+00 5.097D+00     0.01
       46 1.0D-01  4.080D+01  7.887D-12 6.8D-01 0.0D+00    0    0 8.13D+04 1.00D+00 1.00D+00 2.935D+00     0.01
       47 1.0D-01  3.595D+01  7.617D-12 1.2D+00 0.0D+00    0    0 1.49D+05 1.00D+00 1.00D+00 1.472D+00     0.01
       48 1.0D-01  3.256D+01  7.049D-12 2.3D+00 0.0D+00    0    0 2.09D+05 1.00D+00 1.00D+00 8.531D-01     0.01


     1 2.0D-02  2.184737D+09  3.255512D+01 8.531D-01    48C

    inner barrier   scaled     scaled     min     min    NW   SE     dx      alpha    alpha    inner   time (s)
     ite   param   obj func     feas      x-l     u-x   pert pert   norm      max             opt err 
        1 2.0D-02  1.054D+01  5.656D-12 2.1D+00 0.0D+00    0    0 2.18D+05 1.00D+00 1.00D+00 2.169D-01     0.01
        2 2.0D-02  6.879D+00  6.480D-12 3.3D+00 0.0D+00    0    0 1.05D+05 1.00D+00 1.00D+00 9.927D-02     0.01


     2 2.8D-03  4.616265D+08  6.878771D+00 9.927D-02    50C

    inner barrier   scaled     scaled     min     min    NW   SE     dx      alpha    alpha    inner   time (s)
     ite   param   obj func     feas      x-l     u-x   pert pert   norm      max             opt err 
        1 2.8D-03  2.079D+00  7.276D-12 3.0D+00 0.0D+00    0    0 1.97D+05 1.00D+00 1.00D+00 2.494D-02     0.01


     3 1.5D-04  1.394877D+08  2.078528D+00 2.494D-02    51C

    inner barrier   scaled     scaled     min     min    NW   SE     dx      alpha    alpha    inner   time (s)
     ite   param   obj func     feas      x-l     u-x   pert pert   norm      max             opt err 
        1 1.5D-04  7.732D-01  7.276D-12 2.9D+00 0.0D+00    0    0 1.04D+05 1.00D+00 1.00D+00 7.162D-03     0.01
        2 1.5D-04  3.583D-01  7.930D-12 3.2D+00 0.0D+00    0    0 8.10D+04 1.00D+00 1.00D+00 2.340D-03     0.00
        3 1.5D-04  1.822D-01  7.276D-12 3.9D+00 0.0D+00    0    0 9.31D+06 1.00D+00 1.00D+00 8.854D-04     0.00


     4 1.8D-06  1.222887D+07  1.822244D-01 8.854D-04    54C

    inner barrier   scaled     scaled     min     min    NW   SE     dx      alpha    alpha    inner   time (s)
     ite   param   obj func     feas      x-l     u-x   pert pert   norm      max             opt err 
        1 1.8D-06  1.778D-01  7.276D-12 5.0D+00 0.0D+00    1    0 4.10D+01 1.00D+00 1.00D+00 4.008D-04     0.00
        2 1.8D-06  1.717D-01  7.660D-12 6.4D+00 0.0D+00    1    0 9.17D+01 1.00D+00 1.00D+00 1.955D-04     0.00
        3 1.8D-06  1.621D-01  7.276D-12 7.0D+00 0.0D+00    1    0 2.06D+02 1.00D+00 1.00D+00 1.736D-04     0.00
        4 1.8D-06  1.462D-01  7.745D-12 6.8D+00 0.0D+00    1    0 4.54D+02 1.00D+00 1.00D+00 1.351D-04     0.00
        5 1.8D-06  1.236D-01  7.603D-12 6.8D+00 0.0D+00    1    0 9.53D+02 1.00D+00 1.00D+00 8.996D-05     0.00
        6 1.8D-06  9.763D-02  7.333D-12 7.2D+00 0.0D+00    1    0 1.90D+03 1.00D+00 1.00D+00 5.286D-05     0.00
        7 1.8D-06  7.216D-02  9.095D-12 6.4D+00 0.0D+00    1    0 3.60D+03 1.00D+00 1.00D+00 2.931D-05     0.00
        8 1.8D-06  6.300D-02  9.095D-12 1.5D-05 0.0D+00    1    0 6.39D+03 3.46D-01 3.46D-01 2.339D-05     0.00
        9 1.8D-06  4.780D-02  9.095D-12 5.8D-05 0.0D+00    1    0 1.18D+04 5.33D-01 5.33D-01 1.526D-05     0.00


     5 2.5D-09  3.207546D+06  4.779616D-02 1.526D-05    63C

    inner barrier   scaled     scaled     min     min    NW   SE     dx      alpha    alpha    inner   time (s)
     ite   param   obj func     feas      x-l     u-x   pert pert   norm      max             opt err 
        1 2.5D-09  4.181D-02  7.276D-12 3.5D-09 0.0D+00    1    0 1.99D+04 2.11D-01 2.11D-01 1.264D-05     0.00
        2 2.5D-09  3.574D-02  7.439D-12 5.9D-08 0.0D+00    1    0 3.33D+04 2.05D-01 2.05D-01 1.039D-05     0.00
        3 2.5D-09  3.067D-02  8.214D-12 5.0D-09 0.0D+00    1    0 5.53D+04 1.69D-01 1.69D-01 8.787D-06     0.00
        4 2.5D-09  2.841D-02  7.297D-12 2.7D-08 0.0D+00    1    0 1.05D+05 6.62D-02 6.62D-02 8.212D-06     0.00
        5 2.5D-09  2.538D-02  8.178D-12 9.2D-08 0.0D+00    1    0 2.33D+05 6.41D-02 6.41D-02 7.662D-06     0.00
        6 2.5D-09  2.362D-02  1.006D-11 2.7D-07 0.0D+00    1    0 4.70D+05 2.48D-02 2.48D-02 7.459D-06     0.00
        7 2.5D-09  2.199D-02  7.848D-12 4.4D-07 0.0D+00    1    0 9.11D+05 1.38D-02 1.38D-02 7.347D-06     0.00
        8 2.5D-09  1.924D-02  8.185D-12 1.9D-06 0.0D+00    1    0 1.92D+06 1.18D-02 1.18D-02 7.239D-06     0.00
        9 2.5D-09  1.633D-02  8.185D-12 8.1D-07 0.0D+00    1    0 3.60D+06 6.96D-03 6.96D-03 7.172D-06     0.00
       10 2.5D-09  9.963D-03  8.157D-12 9.9D-08 0.0D+00    1    0 7.06D+06 7.08D-03 7.08D-03 6.699D-06     0.00

    inner barrier   scaled     scaled     min     min    NW   SE     dx      alpha    alpha    inner   time (s)
     ite   param   obj func     feas      x-l     u-x   pert pert   norm      max             opt err 
       11 2.5D-09  9.561D-03  8.145D-12 3.3D-07 0.0D+00    1    0 6.76D+06 6.29D-04 6.29D-04 6.694D-06     0.00
       12 2.5D-09  8.300D-03  8.104D-12 8.2D-06 0.0D+00    1    0 7.67D+06 2.05D-03 2.05D-03 5.712D-06     0.00
       13 2.5D-09  8.120D-03  8.136D-12 2.9D-07 0.0D+00    1    0 1.03D+06 3.09D-03 3.09D-03 5.699D-06     0.00
       14 2.5D-09  7.796D-03  8.139D-12 6.2D-09 0.0D+00    1    0 1.68D+06 1.76D-02 1.76D-02 5.543D-06     0.00
       15 2.5D-09  7.306D-03  8.145D-12 2.2D-05 0.0D+00    2    0 2.22D+06 3.18D-02 3.18D-02 5.144D-06     0.00
       16 2.5D-09  6.589D-03  8.145D-12 3.2D-10 0.0D+00    1    0 1.08D+06 2.93D-02 2.93D-02 4.873D-06     0.00
       17 2.5D-09  5.883D-03  8.155D-12 1.6D-05 0.0D+00    2    0 2.37D+07 2.14D-03 2.14D-03 4.863D-06     0.00
       18 2.5D-09  5.883D-03  8.155D-12 2.5D-03 0.0D+00    1    0 4.49D+07 1.71D-03 2.60D-08 4.863D-06     0.00
       19 2.5D-09  5.883D-03  8.149D-12 3.8D-10 0.0D+00    4    0 3.67D+05 4.75D-06 4.75D-06 4.863D-06     0.01
       20 2.5D-09  5.495D-03  8.154D-12 3.3D-07 0.0D+00    1    0 7.24D+04 6.29D-02 6.29D-02 4.549D-06     0.00

    inner barrier   scaled     scaled     min     min    NW   SE     dx      alpha    alpha    inner   time (s)
     ite   param   obj func     feas      x-l     u-x   pert pert   norm      max             opt err 
       21 2.5D-09  5.207D-03  8.155D-12 4.3D-08 0.0D+00    1    0 3.50D+04 6.53D-02 6.53D-02 4.245D-06     0.00
       22 2.5D-09  4.830D-03  8.150D-12 4.8D-06 0.0D+00    1    0 1.27D+05 6.71D-02 6.71D-02 3.954D-06     0.00
       23 2.5D-09  4.658D-03  8.149D-12 4.6D-09 0.0D+00    1    0 3.28D+04 5.04D-02 5.04D-02 3.752D-06     0.00
       24 2.5D-09  4.246D-03  8.148D-12 1.7D-09 0.0D+00    1    0 6.17D+04 1.24D-01 1.24D-01 3.272D-06     0.00
       25 2.5D-09  4.174D-03  9.193D-12 3.2D-06 0.0D+00    1    0 6.28D+05 8.12D-03 8.12D-03 3.246D-06     0.00
       26 2.5D-09  3.829D-03  8.144D-12 1.2D-09 0.0D+00    1    0 1.09D+05 1.32D-01 1.32D-01 2.808D-06     0.00
       27 2.5D-09  3.829D-03  9.701D-12 1.4D-04 0.0D+00    1    0 3.19D+00 2.44D-01 2.38D-04 4.869D-05     0.00
       28 2.5D-09  3.828D-03  8.540D-12 1.7D-04 0.0D+00    1    0 3.24D+00 1.00D+00 1.00D+00 2.492D-06     0.00
       29 2.5D-09  3.825D-03  8.143D-12 5.6D-03 0.0D+00    1    0 8.88D+00 1.00D+00 1.00D+00 1.920D-06     0.00
       30 2.5D-09  3.819D-03  8.144D-12 2.8D-03 0.0D+00    1    0 2.39D+01 1.00D+00 1.00D+00 1.226D-06     0.00

    inner barrier   scaled     scaled     min     min    NW   SE     dx      alpha    alpha    inner   time (s)
     ite   param   obj func     feas      x-l     u-x   pert pert   norm      max             opt err 
       31 2.5D-09  3.810D-03  8.246D-12 2.5D-10 0.0D+00    1    0 6.40D+01 5.88D-01 5.88D-01 8.528D-07     0.00
       32 2.5D-09  3.810D-03  8.336D-12 1.5D-04 0.0D+00    1    0 1.71D+02 2.18D-01 3.40D-03 8.510D-07     0.00
       33 2.5D-09  3.775D-03  9.614D-12 7.5D-10 0.0D+00    1    0 4.59D+02 3.86D-01 3.86D-01 7.591D-07     0.00
       34 2.5D-09  3.737D-03  8.143D-12 2.0D-09 0.0D+00    1    0 1.12D+03 1.87D-01 1.87D-01 7.396D-07     0.00
       35 2.5D-09  3.708D-03  8.746D-12 1.1D-09 0.0D+00    1    0 2.43D+03 7.04D-02 7.04D-02 7.265D-07     0.00
       36 2.5D-09  3.669D-03  8.142D-12 1.4D-09 0.0D+00    1    0 4.87D+03 5.31D-02 5.31D-02 7.090D-07     0.00
       37 2.5D-09  3.612D-03  8.143D-12 2.4D-09 0.0D+00    1    0 9.32D+03 4.66D-02 4.66D-02 6.864D-07     0.00
       38 2.5D-09  3.555D-03  8.271D-12 1.7D-09 0.0D+00    1    0 1.73D+04 3.22D-02 3.22D-02 6.678D-07     0.00
       39 2.5D-09  3.513D-03  1.023D-11 4.9D-09 0.0D+00    1    0 2.86D+04 1.81D-02 1.81D-02 6.566D-07     0.00
       40 2.5D-09  3.471D-03  1.040D-11 7.1D-09 0.0D+00    1    0 4.66D+04 1.49D-02 1.49D-02 6.470D-07     0.00

    inner barrier   scaled     scaled     min     min    NW   SE     dx      alpha    alpha    inner   time (s)
     ite   param   obj func     feas      x-l     u-x   pert pert   norm      max             opt err 
       41 2.5D-09  3.434D-03  1.008D-11 1.5D-08 0.0D+00    1    0 5.55D+04 1.31D-02 1.31D-02 6.386D-07     0.00
       42 2.5D-09  3.401D-03  8.353D-12 8.6D-08 0.0D+00    1    0 9.84D+04 1.12D-02 1.12D-02 6.313D-07     0.00
       43 2.5D-09  3.369D-03  9.935D-12 2.1D-08 0.0D+00    1    0 1.30D+05 1.11D-02 1.11D-02 6.243D-07     0.00
       44 2.5D-09  3.346D-03  1.091D-11 2.4D-07 0.0D+00    1    0 5.17D+05 4.77D-03 4.77D-03 6.213D-07     0.00
       45 2.5D-09  3.341D-03  8.432D-12 4.5D-09 0.0D+00    3    0 6.14D+04 2.50D-03 2.50D-03 6.198D-07     0.01
       46 2.5D-09  3.315D-03  1.071D-11 1.5D-08 0.0D+00    1    0 5.05D+04 1.18D-02 1.18D-02 6.125D-07     0.00
       47 2.5D-09  3.278D-03  1.062D-11 9.2D-10 0.0D+00    2    0 2.39D+04 1.87D-02 1.87D-02 6.013D-07     0.00
       48 2.5D-09  3.197D-03  9.234D-12 2.5D-08 0.0D+00    1    0 4.19D+04 3.93D-02 3.93D-02 5.783D-07     0.00
       49 2.5D-09  3.148D-03  9.794D-12 4.4D-09 0.0D+00    1    0 9.95D+04 2.05D-02 2.05D-02 5.666D-07     0.00
       50 2.5D-09  3.095D-03  1.091D-11 8.2D-07 0.0D+00    1    0 2.89D+05 1.52D-02 1.52D-02 5.581D-07     0.00

    inner barrier   scaled     scaled     min     min    NW   SE     dx      alpha    alpha    inner   time (s)
     ite   param   obj func     feas      x-l     u-x   pert pert   norm      max             opt err 
       51 2.5D-09  3.078D-03  1.091D-11 1.1D-07 0.0D+00    1    0 3.92D+05 5.00D-03 5.00D-03 5.553D-07     0.00
       52 2.5D-09  3.066D-03  9.382D-12 2.3D-09 0.0D+00    5    0 4.46D+03 1.15D-02 1.15D-02 5.496D-07     0.01
       53 2.5D-09  3.066D-03  1.007D-11 3.2D-04 0.0D+00    1    0 6.64D+03 3.08D-02 7.52D-06 5.496D-07     0.00
       54 2.5D-09  2.961D-03  9.095D-12 1.6D-09 0.0D+00    1    0 9.59D+03 6.80D-02 6.80D-02 5.143D-07     0.00
       55 2.5D-09  2.961D-03  1.280D-11 5.6D-04 0.0D+00    1    0 1.39D+04 1.93D-02 3.77D-05 5.142D-07     0.00
       56 2.5D-09  2.884D-03  1.239D-11 3.8D-08 0.0D+00    1    0 2.87D+04 4.56D-02 4.56D-02 4.915D-07     0.00
       57 2.5D-09  2.878D-03  1.537D-11 1.2D-08 0.0D+00    2    0 1.84D+04 3.47D-03 3.47D-03 4.898D-07     0.00
       58 2.5D-09  2.753D-03  1.549D-11 3.8D-07 0.0D+00    1    0 1.82D+04 8.00D-02 8.00D-02 4.527D-07     0.00
       59 2.5D-09  2.353D-03  1.470D-11 5.4D-10 0.0D+00    1    0 9.61D+03 3.03D-01 3.03D-01 3.393D-07     0.00
       60 2.5D-09  2.280D-03  1.415D-11 2.4D-06 0.0D+00    1    0 2.87D+05 2.73D-02 2.73D-02 3.303D-07     0.00

    inner barrier   scaled     scaled     min     min    NW   SE     dx      alpha    alpha    inner   time (s)
     ite   param   obj func     feas      x-l     u-x   pert pert   norm      max             opt err 
       61 2.5D-09  2.272D-03  1.558D-11 1.1D-11 0.0D+00    1    0 2.50D+05 5.80D-03 5.80D-03 3.258D-06     0.00
       62 2.5D-09  2.272D-03  1.276D-11 1.4D-06 0.0D+00    3    0 1.09D+04 1.47D-01 8.96D-06 3.283D-07     0.01
       63 2.5D-09  1.819D-03  1.261D-11 1.3D-09 0.0D+00    2    0 9.18D+03 4.83D-01 4.83D-01 2.102D-07     0.00
       64 2.5D-09  1.719D-03  1.439D-11 3.7D-08 0.0D+00    1    0 1.44D+04 1.19D-01 1.19D-01 1.871D-07     0.00
       65 2.5D-09  1.245D-03  1.420D-11 1.1D-09 0.0D+00    1    0 1.94D+04 8.21D-01 8.21D-01 9.944D-08     0.00
       66 2.5D-09  1.242D-03  1.568D-11 2.0D-07 0.0D+00    1    0 2.43D+05 3.73D-03 3.73D-03 9.905D-08     0.00
       67 2.5D-09  1.210D-03  1.474D-11 2.0D-06 0.0D+00    1    0 4.66D+05 2.56D-02 2.56D-02 8.809D-08     0.00
       68 2.5D-09  1.131D-03  1.363D-11 5.0D-10 0.0D+00    1    0 3.13D+04 1.69D-01 1.69D-01 1.210D-07     0.00
       69 2.5D-09  1.094D-03  1.570D-11 3.8D-08 0.0D+00    4    0 1.88D+04 9.67D-02 9.67D-02 7.359D-08     0.01
       70 2.5D-09  9.367D-04  1.582D-11 3.7D-10 0.0D+00    1    0 2.72D+04 4.52D-01 4.52D-01 1.486D-07     0.00

    inner barrier   scaled     scaled     min     min    NW   SE     dx      alpha    alpha    inner   time (s)
     ite   param   obj func     feas      x-l     u-x   pert pert   norm      max             opt err 
       71 2.5D-09  9.081D-04  1.415D-11 5.2D-09 0.0D+00    1    0 3.43D+04 9.21D-02 9.21D-02 4.101D-08     0.00
       72 2.5D-09  9.080D-04  1.727D-11 3.7D-03 0.0D+00    1    0 7.79D+04 4.57D-01 4.47D-04 4.100D-08     0.00
       73 2.5D-09  8.441D-04  1.731D-11 1.7D-06 0.0D+00    1    0 2.93D+05 1.33D-01 1.33D-01 3.679D-08     0.00
       74 2.5D-09  8.343D-04  1.657D-11 3.3D-02 0.0D+00    1    0 5.84D+05 3.63D-02 1.82D-02 3.980D-08     0.00
       75 2.5D-09  7.958D-04  1.827D-11 4.3D-08 0.0D+00    4    0 1.65D+04 2.09D-01 2.09D-01 2.915D-08     0.01
       76 2.5D-09  7.063D-04  1.709D-11 2.0D-09 0.0D+00    1    0 2.37D+04 5.38D-01 5.38D-01 3.109D-08     0.00
       77 2.5D-09  6.266D-04  1.593D-11 7.8D-09 0.0D+00    1    0 3.11D+04 6.62D-01 6.62D-01 2.676D-08     0.00
       78 2.5D-09  5.696D-04  1.663D-11 4.6D-09 0.0D+00    2    0 2.17D+04 9.17D-01 9.17D-01 1.103D-08     0.00


     6 1.0D-09  3.822592D+04  5.696106D-04 1.103D-08   141C

    inner barrier   scaled     scaled     min     min    NW   SE     dx      alpha    alpha    inner   time (s)
     ite   param   obj func     feas      x-l     u-x   pert pert   norm      max             opt err 
        1 1.0D-09  5.481D-04  1.661D-11 1.0D-08 0.0D+00    2    0 1.23D+04 8.14D-01 8.14D-01 7.619D-09     0.00


     7 1.0D-09  3.678086D+04  5.480775D-04 7.619D-09   142C
 ==========================================================

 FINAL RESULTS:
                            scaled                   unscaled
  Objective Funct:   5.4807746465067970D-04    3.6780856036707271D+04
  Lagrangian Grad:   7.6187353581036017D-09    5.1128467499896590D-01
 Final Point Feas:   1.6614459807939852D-11    1.6614459807939852D-11
 Bounds violation:   0.0000000000000000D+00    0.0000000000000000D+00
 Lower Bound Comp:   5.3085583334646724D-09    3.5625131923654735D-01
 Upper Bound Comp:   0.0000000000000000D+00    0.0000000000000000D+00

 Flag of LCMIN:

     Optimal solution found.

 ====================================================
                      STATISTICS                     
 ====================================================
 GENERAL:                                            

           Preprocessing time (in seconds):      0.86
            Optimization time (in seconds):      0.90

                      Inner Iterations (IIT):     142
                      Outer Iterations (OIT):       7
                  Function Evaluations (FEV):     221
         Function Gradient Evaluations (GEV):     143
          Function Hessian Evaluations (HEV):     142
          Barrier Function Evaluations (BFE):     362
 Barrier Function Gradient Evaluations (BGE):     142
 ====================================================
 AVERAGE:                                            

 Inner Iterations per Outer Iterations  :     20.2857
 FEV per IIT:      1.5563    FEV per OIT:     31.5714
 GEV per IIT:      1.0070    GEV per OIT:     20.4286
 HEV per IIT:      1.0000    HEV per OIT:     20.2857
 BFE per IIT:      2.5493    BFE per OIT:     51.7143
 BGE per IIT:      1.0000    BGE per OIT:     20.2857
 ====================================================

