
 ==============================================================================
 This is ALGENCAN 3.1.1.
 ALGENCAN, an Augmented Lagrangian method for nonlinear programming, is part of
 the TANGO Project: Trustable Algorithms for Nonlinear General Optimization.
 See http://www.ime.usp.br/~egbirgin/tango/ for details.
 ==============================================================================

 Processing array of parameters with   3 entrances:

 IGNORE-OBJECTIVE-FUNCTION                    
 ITERATIONS-OUTPUT-DETAIL                                                    11
 NEWTON-LINE-SEARCH-INNER-SOLVER                                    'MA57 MC64'

 The specification file is not being used.

 Available HSL subroutines = MA57           

 ALGENCAN PARAMETERS:

 firstde                =                    T
 seconde                =                    T
 truehpr                =                    T
 hptype in TN           =               TRUEHP
 lsslvr in TR           =            MA57/NONE
 lsslvr in NW           =            MA57/MC64
 lsslvr in ACCPROC      =            MA57/NONE
 innslvr                =                   NW
 accproc                =                    T
 rmfixv                 =                    T
 slacks                 =                    F
 scale                  =                    T
 epsfeas                =           1.0000D-09
 epsopt                 =           1.0000D-08
 efstain                =           3.1623D-05
 eostain                =           1.0000D-12
 efacc                  =           3.1623D-05
 eoacc                  =           1.0000D-04
 iprint                 =                   11
 ncomp                  =                    6

 Specification filename =                   ''
 Output filename        =          'lcmin.out'
 Solution filename      =                   ''

 Number of variables               :     468
 Number of equality constraints    :      96
 Number of inequality constraints  :       0
 Number of bound constraints       :     468
 Number of fixed variables         :       0

 There are no fixed variables to be removed.

 Objective function scale factor   : 1.0D+00
 Smallest constraints scale factor : 1.0D+00

 Since the scaling factor(s) is(are) equal to one, scaling was inhibited.

     Entry to GENCAN.
     Number of variables:     468
     Required optimality tolerance: 1.0D-08

     It         function  gpsupn   xsupn stesupn   nfree   SPGit in-face    fcnt
      0   9.94303558D-11 1.3D-05 2.0D+03
      1   6.65576171D-13 4.2D-07 2.0D+03 3.6D-06     241       0       1       3
      2   2.56467629D-23 4.7D-12 2.0D+03 8.5D-07     241       0       2       4

     Flag of GENCAN: Solution was found.


 User-provided subroutines calls counters: 

 Subroutine fsub     (coded=F):        0
 Subroutine gsub     (coded=F):        0
 Subroutine hsub     (coded=F):        0
 Subroutine csub     (coded=F):        0 (       0 calls per constraint in avg)
 Subroutine jacsub   (coded=F):        0 (       0 calls per constraint in avg)
 Subroutine hcsub    (coded=F):        0 (       0 calls per constraint in avg)
 Subroutine fcsub    (coded=T):        4
 Subroutine gjacsub  (coded=T):        5
 Subroutine gjacpsub (coded=F):        0
 Subroutine hlsub    (coded=T):        2
 Subroutine hlpsub   (coded=F):        0


 Total CPU time in seconds =     0.00

 ==============================================================================

 Initial point computed successfully.

                                            achieved                  desired        
 Unscaled feasibility ..............:   4.0267875839328227D-12   1.0000000000000001D-09
 Smallest distance to lower bound ..:   1.0000000000000000D-02   1.0000000000000000D-03

 Starting LCMIN.
 Number of variables   :     468
 Number of constraints :      96

 Scale factor for the objective function   : 1.5D-08
 Smallest scale factor for the constraints : 1.0D+00

 ==========================================================
 outer barrier   objective       scaled      outer   inner
  ite   param     function     obj funct    opt err   ite 
     0 1.0D-01  1.482850D+12  2.209619D+04 2.453D+05     0 

    inner barrier   scaled     scaled     min     min    NW   SE     dx      alpha    alpha    inner   time (s)
     ite   param   obj func     feas      x-l     u-x   pert pert   norm      max             opt err 
        1 1.0D-01  1.300D+04  4.066D-12 2.0D-02 0.0D+00    0    0 1.72D+04 3.01D-01 3.01D-01 1.514D+05     0.01
        2 1.0D-01  5.831D+03  4.118D-12 1.2D-02 0.0D+00    0    0 1.41D+04 4.86D-01 4.86D-01 2.000D+04     0.01
        3 1.0D-01  4.582D+03  4.140D-12 1.3D-02 0.0D+00    0    0 5.97D+03 2.78D-01 2.78D-01 1.511D+04     0.01
        4 1.0D-01  1.806D+03  4.149D-12 1.0D-02 0.0D+00    0    0 8.80D+03 1.00D+00 1.00D+00 3.643D+03     0.01
        5 1.0D-01  9.530D+02  3.997D-12 1.4D-02 0.0D+00    0    0 2.37D+03 1.00D+00 1.00D+00 1.351D+03     0.01
        6 1.0D-01  5.038D+02  4.071D-12 1.7D-02 0.0D+00    0    0 3.03D+03 1.00D+00 1.00D+00 4.776D+02     0.01
        7 1.0D-01  2.738D+02  4.022D-12 2.2D-02 0.0D+00    0    0 3.15D+03 1.00D+00 1.00D+00 1.739D+02     0.01
        8 1.0D-01  1.531D+02  4.026D-12 3.0D-02 0.0D+00    0    0 3.19D+03 1.00D+00 1.00D+00 6.991D+01     0.01
        9 1.0D-01  8.816D+01  4.231D-12 5.2D-02 0.0D+00    0    0 6.24D+03 1.00D+00 1.00D+00 3.367D+01     0.01
       10 1.0D-01  5.263D+01  4.221D-12 9.3D-02 0.0D+00    0    0 5.79D+03 1.00D+00 1.00D+00 1.705D+01     0.01

    inner barrier   scaled     scaled     min     min    NW   SE     dx      alpha    alpha    inner   time (s)
     ite   param   obj func     feas      x-l     u-x   pert pert   norm      max             opt err 
       11 1.0D-01  3.368D+01  4.206D-12 1.7D-01 0.0D+00    0    0 1.35D+04 1.00D+00 1.00D+00 9.251D+00     0.01
       12 1.0D-01  2.253D+01  4.150D-12 3.0D-01 0.0D+00    0    0 1.56D+04 1.00D+00 1.00D+00 4.707D+00     0.01
       13 1.0D-01  1.752D+01  4.206D-12 5.4D-01 0.0D+00    0    0 3.01D+04 1.00D+00 1.00D+00 2.418D+00     0.01
       14 1.0D-01  2.230D+01  4.547D-12 1.2D+00 0.0D+00    0    0 2.09D+05 1.00D+00 1.00D+00 1.498D+00     0.01
       15 1.0D-01  2.007D+01  3.638D-12 2.1D+00 0.0D+00    0    0 1.99D+05 1.00D+00 1.00D+00 7.690D-01     0.01


     1 2.0D-02  1.346750D+09  2.006814D+01 7.690D-01    15C

    inner barrier   scaled     scaled     min     min    NW   SE     dx      alpha    alpha    inner   time (s)
     ite   param   obj func     feas      x-l     u-x   pert pert   norm      max             opt err 
        1 2.0D-02  8.033D+00  3.240D-12 2.2D+00 0.0D+00    0    0 1.15D+05 1.00D+00 1.00D+00 2.429D-01     0.01
        2 2.0D-02  5.209D+00  3.638D-12 3.2D+00 0.0D+00    0    0 2.82D+05 1.00D+00 1.00D+00 1.102D-01     0.01


     2 2.8D-03  3.495414D+08  5.208573D+00 1.102D-01    17C

    inner barrier   scaled     scaled     min     min    NW   SE     dx      alpha    alpha    inner   time (s)
     ite   param   obj func     feas      x-l     u-x   pert pert   norm      max             opt err 
        1 2.8D-03  1.931D+00  5.457D-12 3.4D+00 0.0D+00    0    0 1.67D+05 1.00D+00 1.00D+00 3.412D-02     0.01
        2 2.8D-03  1.002D+00  3.638D-12 4.4D+00 0.0D+00    0    0 1.33D+05 1.00D+00 1.00D+00 1.385D-02     0.01


     3 1.5D-04  6.723584D+07  1.001892D+00 1.385D-02    19C

    inner barrier   scaled     scaled     min     min    NW   SE     dx      alpha    alpha    inner   time (s)
     ite   param   obj func     feas      x-l     u-x   pert pert   norm      max             opt err 
        1 1.5D-04  2.738D-01  4.547D-12 3.7D+00 0.0D+00    0    0 3.16D+05 1.00D+00 1.00D+00 3.106D-03     0.01
        2 1.5D-04  1.290D-01  5.457D-12 4.5D+00 0.0D+00    0    0 1.22D+05 1.00D+00 1.00D+00 1.204D-03     0.01


     4 1.8D-06  8.655427D+06  1.289759D-01 1.204D-03    21C

    inner barrier   scaled     scaled     min     min    NW   SE     dx      alpha    alpha    inner   time (s)
     ite   param   obj func     feas      x-l     u-x   pert pert   norm      max             opt err 
        1 1.8D-06  8.628D-02  5.457D-12 8.2D-04 0.0D+00    0    0 7.61D+04 5.07D-01 5.07D-01 6.962D-04     0.01
        2 1.8D-06  4.312D-02  5.912D-12 9.2D-04 0.0D+00    0    0 8.72D+04 8.70D-01 8.70D-01 3.250D-04     0.01
        3 1.8D-06  2.645D-02  5.912D-12 7.1D-04 0.0D+00    0    0 4.24D+04 6.84D-01 6.84D-01 1.797D-04     0.01
        4 1.8D-06  2.206D-02  6.139D-12 6.4D-06 0.0D+00    0    0 3.08D+04 2.67D-01 2.67D-01 1.141D-04     0.01
        5 1.8D-06  1.560D-02  5.912D-12 2.8D-04 0.0D+00    0    0 4.26D+04 4.80D-01 4.80D-01 8.467D-05     0.01
        6 1.8D-06  1.243D-02  5.684D-12 8.1D-04 0.0D+00    0    0 4.48D+04 3.15D-01 3.15D-01 6.783D-05     0.01
        7 1.8D-06  9.883D-03  5.798D-12 2.9D-03 0.0D+00    0    0 5.32D+04 3.37D-01 3.37D-01 6.612D-05     0.01
        8 1.8D-06  8.309D-03  5.798D-12 1.0D-03 0.0D+00    0    0 4.42D+04 2.46D-01 2.46D-01 6.395D-05     0.01
        9 1.8D-06  7.247D-03  5.684D-12 2.8D-03 0.0D+00    0    0 5.32D+04 2.08D-01 2.08D-01 4.779D-05     0.01
       10 1.8D-06  4.608D-03  5.684D-12 1.2D-03 0.0D+00    0    0 3.62D+04 7.54D-01 7.54D-01 5.006D-05     0.01

    inner barrier   scaled     scaled     min     min    NW   SE     dx      alpha    alpha    inner   time (s)
     ite   param   obj func     feas      x-l     u-x   pert pert   norm      max             opt err 
       11 1.8D-06  4.474D-03  5.684D-12 3.2D-04 0.0D+00    0    0 4.99D+04 4.00D-02 4.00D-02 4.934D-05     0.01
       12 1.8D-06  4.343D-03  5.684D-12 1.4D-03 0.0D+00    0    0 1.31D+05 3.06D-02 3.06D-02 6.240D-05     0.01
       13 1.8D-06  3.911D-03  5.627D-12 1.1D-03 0.0D+00    0    0 4.40D+04 1.57D-01 1.57D-01 5.356D-05     0.01
       14 1.8D-06  3.550D-03  5.571D-12 1.0D-04 0.0D+00    0    0 3.94D+04 1.68D-01 1.68D-01 4.299D-05     0.01
       15 1.8D-06  2.861D-03  5.571D-12 6.6D-04 0.0D+00    0    0 3.75D+04 3.68D-01 3.68D-01 1.136D-05     0.01


     5 2.5D-09  1.920254D+05  2.861401D-03 1.320D-05    36C

    inner barrier   scaled     scaled     min     min    NW   SE     dx      alpha    alpha    inner   time (s)
     ite   param   obj func     feas      x-l     u-x   pert pert   norm      max             opt err 
        1 2.5D-09  1.627D-03  5.564D-12 5.4D-07 0.0D+00    0    0 8.74D+04 8.87D-01 8.87D-01 4.588D-06     0.01
        2 2.5D-09  1.241D-03  5.567D-12 4.8D-08 0.0D+00    0    0 1.52D+05 4.50D-01 4.50D-01 2.025D-06     0.01
        3 2.5D-09  1.034D-03  5.567D-12 1.2D-06 0.0D+00    0    0 1.99D+05 3.06D-01 3.06D-01 1.637D-06     0.01
        4 2.5D-09  8.018D-04  5.565D-12 1.5D-07 0.0D+00    0    0 1.62D+05 4.81D-01 4.81D-01 1.468D-06     0.01
        5 2.5D-09  8.018D-04  5.567D-12 1.2D-02 0.0D+00    1    0 9.43D-01 1.00D+00 6.25D-02 1.829D-05     0.01
        6 2.5D-09  8.017D-04  5.565D-12 1.2D-02 0.0D+00    1    0 1.09D+00 1.00D+00 1.00D+00 5.583D-07     0.01
        7 2.5D-09  8.013D-04  5.565D-12 2.1D-02 0.0D+00    1    0 3.26D+00 1.00D+00 1.00D+00 5.410D-07     0.01
        8 2.5D-09  8.001D-04  5.565D-12 2.7D-02 0.0D+00    1    0 9.64D+00 1.00D+00 1.00D+00 4.952D-07     0.01
        9 2.5D-09  7.969D-04  5.565D-12 3.9D-02 0.0D+00    1    0 2.81D+01 1.00D+00 1.00D+00 3.959D-07     0.01
       10 2.5D-09  7.885D-04  5.567D-12 5.3D-02 0.0D+00    1    0 7.96D+01 1.00D+00 1.00D+00 3.168D-07     0.01

    inner barrier   scaled     scaled     min     min    NW   SE     dx      alpha    alpha    inner   time (s)
     ite   param   obj func     feas      x-l     u-x   pert pert   norm      max             opt err 
       11 2.5D-09  7.745D-04  5.565D-12 1.6D-09 0.0D+00    1    0 2.16D+02 6.58D-01 6.58D-01 3.104D-07     0.01
       12 2.5D-09  7.652D-04  5.565D-12 1.5D-09 0.0D+00    1    0 5.56D+02 1.79D-01 1.79D-01 3.055D-07     0.01
       13 2.5D-09  7.521D-04  5.565D-12 3.3D-10 0.0D+00    1    0 1.31D+03 1.13D-01 1.13D-01 2.978D-07     0.01
       14 2.5D-09  7.287D-04  5.565D-12 2.7D-09 0.0D+00    1    0 2.62D+03 1.16D-01 1.16D-01 2.839D-07     0.01
       15 2.5D-09  6.940D-04  5.565D-12 3.1D-09 0.0D+00    1    0 4.49D+03 1.21D-01 1.21D-01 2.651D-07     0.01
       16 2.5D-09  6.588D-04  5.564D-12 1.1D-08 0.0D+00    1    0 6.28D+03 1.09D-01 1.09D-01 2.442D-07     0.01
       17 2.5D-09  6.239D-04  5.563D-12 1.2D-08 0.0D+00    1    0 9.17D+03 9.83D-02 9.83D-02 2.237D-07     0.01
       18 2.5D-09  6.001D-04  5.564D-12 8.5D-09 0.0D+00    1    0 1.37D+04 6.32D-02 6.32D-02 2.104D-07     0.01
       19 2.5D-09  5.723D-04  5.563D-12 7.2D-09 0.0D+00    1    0 2.42D+04 6.47D-02 6.47D-02 1.972D-07     0.01
       20 2.5D-09  5.464D-04  5.564D-12 1.7D-08 0.0D+00    1    0 4.95D+04 4.66D-02 4.66D-02 1.882D-07     0.01

    inner barrier   scaled     scaled     min     min    NW   SE     dx      alpha    alpha    inner   time (s)
     ite   param   obj func     feas      x-l     u-x   pert pert   norm      max             opt err 
       21 2.5D-09  5.292D-04  5.563D-12 1.2D-08 0.0D+00    1    0 1.15D+05 1.93D-02 1.93D-02 1.845D-07     0.01
       22 2.5D-09  5.095D-04  5.564D-12 6.4D-08 0.0D+00    2    0 4.17D+04 4.16D-02 4.16D-02 1.770D-07     0.01
       23 2.5D-09  4.757D-04  5.563D-12 1.7D-07 0.0D+00    1    0 9.66D+04 4.55D-02 4.55D-02 1.690D-07     0.01
       24 2.5D-09  4.648D-04  5.563D-12 8.2D-08 0.0D+00    2    0 2.80D+04 3.00D-02 3.00D-02 1.640D-07     0.01
       25 2.5D-09  3.991D-04  5.563D-12 4.4D-07 0.0D+00    1    0 6.20D+04 1.24D-01 1.24D-01 1.431D-07     0.01
       26 2.5D-09  3.747D-04  5.563D-12 1.1D-07 0.0D+00    2    0 1.79D+04 1.10D-01 1.10D-01 1.281D-07     0.01
       27 2.5D-09  3.746D-04  5.563D-12 1.5D-02 0.0D+00    4    0 1.24D+03 2.45D-01 9.56D-04 1.280D-07     0.01
       28 2.5D-09  3.728D-04  5.564D-12 1.4D-08 0.0D+00    1    0 2.39D+03 2.01D-02 2.01D-02 1.261D-07     0.01
       29 2.5D-09  3.450D-04  5.563D-12 4.3D-08 0.0D+00    1    0 3.09D+03 2.53D-01 2.53D-01 1.013D-07     0.01
       30 2.5D-09  3.450D-04  5.563D-12 4.2D-03 0.0D+00    4    0 2.66D+02 2.98D-02 1.16D-04 4.043D-07     0.01

    inner barrier   scaled     scaled     min     min    NW   SE     dx      alpha    alpha    inner   time (s)
     ite   param   obj func     feas      x-l     u-x   pert pert   norm      max             opt err 
       31 2.5D-09  3.410D-04  5.563D-12 6.4D-10 0.0D+00    1    0 2.80D+02 3.87D-01 3.87D-01 9.747D-08     0.01
       32 2.5D-09  3.410D-04  5.563D-12 6.4D-05 0.0D+00    2    0 1.08D+02 8.75D-01 2.14D-04 9.747D-08     0.01
       33 2.5D-09  3.337D-04  5.563D-12 1.4D-09 0.0D+00    1    0 2.47D+02 8.30D-01 8.30D-01 8.946D-08     0.01
       34 2.5D-09  3.337D-04  5.563D-12 3.1D-04 0.0D+00    1    0 5.16D+02 8.09D-01 1.58D-03 8.943D-08     0.01
       35 2.5D-09  3.337D-04  5.563D-12 2.0D-02 0.0D+00    6    0 7.29D-01 1.00D+00 1.00D+00 7.712D-06     0.02
       36 2.5D-09  3.337D-04  5.563D-12 2.0D-02 0.0D+00    1    0 4.62D-01 1.00D+00 1.00D+00 8.941D-08     0.01
       37 2.5D-09  3.336D-04  5.563D-12 1.9D-02 0.0D+00    1    0 1.20D+00 1.00D+00 1.00D+00 8.939D-08     0.01
       38 2.5D-09  3.335D-04  5.563D-12 1.9D-02 0.0D+00    1    0 2.83D+00 1.00D+00 1.00D+00 8.931D-08     0.00
       39 2.5D-09  3.333D-04  5.563D-12 1.9D-02 0.0D+00    1    0 6.39D+00 1.00D+00 1.00D+00 8.911D-08     0.00
       40 2.5D-09  3.328D-04  5.563D-12 1.8D-02 0.0D+00    1    0 1.59D+01 1.00D+00 1.00D+00 8.850D-08     0.00

    inner barrier   scaled     scaled     min     min    NW   SE     dx      alpha    alpha    inner   time (s)
     ite   param   obj func     feas      x-l     u-x   pert pert   norm      max             opt err 
       41 2.5D-09  3.312D-04  5.563D-12 1.9D-02 0.0D+00    1    0 4.35D+01 1.00D+00 1.00D+00 8.675D-08     0.00
       42 2.5D-09  3.286D-04  5.563D-12 5.6D-10 0.0D+00    1    0 1.20D+02 6.37D-01 6.37D-01 8.371D-08     0.00
       43 2.5D-09  3.286D-04  5.563D-12 5.0D-05 0.0D+00    1    0 3.13D+02 1.00D+00 4.88D-04 8.371D-08     0.00
       44 2.5D-09  3.089D-04  5.563D-12 3.5D-09 0.0D+00    1    0 7.79D+02 7.95D-01 7.95D-01 6.466D-08     0.00
       45 2.5D-09  3.089D-04  5.563D-12 4.1D-04 0.0D+00    1    0 1.46D+03 3.27D-01 3.19D-04 6.465D-08     0.00
       46 2.5D-09  2.906D-04  5.563D-12 4.1D-09 0.0D+00    2    0 7.21D+02 9.46D-01 9.46D-01 4.974D-08     0.00
       47 2.5D-09  2.906D-04  5.563D-12 3.4D-04 0.0D+00    2    0 2.60D+02 1.00D+00 4.88D-04 4.974D-08     0.00
       48 2.5D-09  2.818D-04  5.563D-12 1.0D-08 0.0D+00    1    0 6.85D+02 5.55D-01 5.55D-01 7.239D-08     0.00
       49 2.5D-09  2.756D-04  5.563D-12 2.3D-02 0.0D+00    1    0 1.45D+03 8.14D-01 2.04D-01 4.070D-08     0.00
       50 2.5D-09  2.755D-04  5.563D-12 6.1D-10 0.0D+00    4    0 1.29D+01 5.50D-01 5.50D-01 6.418D-08     0.00

    inner barrier   scaled     scaled     min     min    NW   SE     dx      alpha    alpha    inner   time (s)
     ite   param   obj func     feas      x-l     u-x   pert pert   norm      max             opt err 
       51 2.5D-09  2.755D-04  5.563D-12 5.9D-05 0.0D+00    1    0 3.66D+01 1.00D+00 2.44D-04 7.384D-08     0.00
       52 2.5D-09  2.734D-04  5.563D-12 2.3D-02 0.0D+00    1    0 1.20D+02 1.00D+00 1.00D+00 3.999D-08     0.00
       53 2.5D-09  2.676D-04  5.563D-12 2.4D-02 0.0D+00    1    0 2.98D+02 1.00D+00 1.00D+00 3.815D-08     0.00
       54 2.5D-09  2.552D-04  5.563D-12 2.6D-02 0.0D+00    1    0 7.43D+02 1.00D+00 1.00D+00 3.377D-08     0.00
       55 2.5D-09  2.548D-04  5.563D-12 1.8D-08 0.0D+00    1    0 2.08D+03 1.37D-02 1.37D-02 5.310D-08     0.00
       56 2.5D-09  2.361D-04  5.563D-12 1.1D-08 0.0D+00    1    0 3.03D+03 5.09D-01 5.09D-01 2.818D-08     0.00
       57 2.5D-09  2.361D-04  5.563D-12 1.2D-03 0.0D+00    6    0 6.78D+00 6.52D-01 6.36D-04 3.485D-07     0.01
       58 2.5D-09  2.361D-04  5.563D-12 9.0D-03 0.0D+00    1    0 1.88D+00 1.00D+00 1.00D+00 2.598D-08     0.00
       59 2.5D-09  2.361D-04  5.563D-12 2.9D-02 0.0D+00    1    0 5.73D+00 1.00D+00 1.00D+00 2.596D-08     0.00
       60 2.5D-09  2.359D-04  5.563D-12 2.9D-02 0.0D+00    1    0 1.30D+01 1.00D+00 1.00D+00 2.591D-08     0.00

    inner barrier   scaled     scaled     min     min    NW   SE     dx      alpha    alpha    inner   time (s)
     ite   param   obj func     feas      x-l     u-x   pert pert   norm      max             opt err 
       61 2.5D-09  2.355D-04  5.563D-12 2.9D-02 0.0D+00    1    0 3.73D+01 1.00D+00 1.00D+00 2.576D-08     0.00
       62 2.5D-09  2.343D-04  5.563D-12 2.9D-02 0.0D+00    1    0 1.08D+02 1.00D+00 1.00D+00 2.533D-08     0.00
       63 2.5D-09  2.309D-04  5.563D-12 3.0D-02 0.0D+00    1    0 3.06D+02 1.00D+00 1.00D+00 2.414D-08     0.00


     6 1.0D-09  1.549755D+04  2.309315D-04 2.414D-08    99C

    inner barrier   scaled     scaled     min     min    NW   SE     dx      alpha    alpha    inner   time (s)
     ite   param   obj func     feas      x-l     u-x   pert pert   norm      max             opt err 
        1 1.0D-09  2.236D-04  5.563D-12 1.2D-10 0.0D+00    1    0 8.47D+02 8.96D-01 8.96D-01 4.354D-08     0.00
        2 1.0D-09  2.235D-04  5.563D-12 3.5D-05 0.0D+00    1    0 1.78D+03 5.56D-01 1.09D-03 7.353D-08     0.00
        3 1.0D-09  2.151D-04  5.563D-12 3.3D-09 0.0D+00    1    0 3.55D+03 3.10D-01 3.10D-01 1.842D-08     0.00
        4 1.0D-09  2.151D-04  5.563D-12 3.2D-04 0.0D+00    5    0 1.36D+01 4.17D-01 2.04D-04 2.649D-08     0.01
        5 1.0D-09  2.151D-04  5.563D-12 4.5D-10 0.0D+00    1    0 2.08D+01 2.15D-01 2.15D-01 6.702D-08     0.00
        6 1.0D-09  2.151D-04  5.563D-12 3.3D-05 0.0D+00    1    0 4.69D+01 1.00D+00 2.44D-04 7.413D-08     0.00
        7 1.0D-09  2.142D-04  5.563D-12 1.3D-02 0.0D+00    1    0 1.37D+02 1.00D+00 1.00D+00 1.809D-08     0.00
        8 1.0D-09  2.117D-04  5.563D-12 1.4D-02 0.0D+00    1    0 3.46D+02 1.00D+00 1.00D+00 1.722D-08     0.00
        9 1.0D-09  2.108D-04  5.563D-12 1.4D-02 0.0D+00    2    0 1.28D+02 1.00D+00 1.00D+00 1.691D-08     0.02
       10 1.0D-09  2.107D-04  5.563D-12 1.4D-02 0.0D+00    3    0 6.25D+00 1.00D+00 1.00D+00 1.758D-08     0.02

    inner barrier   scaled     scaled     min     min    NW   SE     dx      alpha    alpha    inner   time (s)
     ite   param   obj func     feas      x-l     u-x   pert pert   norm      max             opt err 
       11 1.0D-09  2.107D-04  5.563D-12 1.4D-02 0.0D+00    2    0 2.72D+00 2.50D-01 1.25D-01 1.690D-08     0.01
       12 1.0D-09  2.107D-04  5.563D-12 6.7D-11 0.0D+00    1    0 6.69D+00 4.95D-01 4.95D-01 2.731D-08     0.01
       13 1.0D-09  2.107D-04  5.563D-12 5.2D-06 0.0D+00    1    0 1.96D+01 1.00D+00 2.44D-04 7.296D-08     0.01
       14 1.0D-09  2.103D-04  5.563D-12 1.4D-02 0.0D+00    1    0 5.92D+01 1.00D+00 1.00D+00 1.675D-08     0.01
       15 1.0D-09  2.103D-04  5.563D-12 6.7D-10 0.0D+00    2    0 2.99D+01 8.34D-02 8.34D-02 7.299D-08     0.01
       16 1.0D-09  2.103D-04  5.563D-12 4.1D-05 0.0D+00    1    0 6.57D+01 1.00D+00 6.10D-05 7.417D-08     0.01
       17 1.0D-09  2.103D-04  5.563D-12 1.4D-02 0.0D+00    4    0 7.49D+01 1.00D+00 3.91D-03 1.674D-08     0.01
       18 1.0D-09  2.103D-04  5.563D-12 1.4D-02 0.0D+00    1    0 1.24D+00 1.00D+00 1.00D+00 1.674D-08     0.01
       19 1.0D-09  2.103D-04  5.563D-12 1.4D-02 0.0D+00    1    0 3.88D+00 5.03D-01 2.51D-01 1.674D-08     0.01
       20 1.0D-09  2.102D-04  5.563D-12 1.0D-10 0.0D+00    1    0 1.08D+01 2.59D-01 2.59D-01 1.968D-08     0.01

    inner barrier   scaled     scaled     min     min    NW   SE     dx      alpha    alpha    inner   time (s)
     ite   param   obj func     feas      x-l     u-x   pert pert   norm      max             opt err 
       21 1.0D-09  2.102D-04  5.563D-12 8.9D-06 0.0D+00    1    0 3.10D+01 1.00D+00 4.88D-04 6.786D-08     0.01
       22 1.0D-09  2.096D-04  5.563D-12 1.4D-02 0.0D+00    1    0 9.23D+01 1.00D+00 1.00D+00 1.845D-08     0.01
       23 1.0D-09  2.096D-04  5.563D-12 1.4D-02 0.0D+00    4    0 5.90D-01 1.00D+00 1.00D+00 1.651D-08     0.01
       24 1.0D-09  2.096D-04  5.563D-12 1.4D-02 0.0D+00    1    0 1.81D+00 5.49D-01 2.75D-01 1.651D-08     0.01
       25 1.0D-09  2.096D-04  5.563D-12 5.9D-04 0.0D+00    1    0 4.91D+00 1.00D+00 1.00D+00 3.173D-08     0.01
       26 1.0D-09  2.095D-04  5.563D-12 1.4D-02 0.0D+00    1    0 1.46D+01 1.00D+00 1.00D+00 3.960D-08     0.01
       27 1.0D-09  2.095D-04  5.563D-12 1.4D-02 0.0D+00    4    0 8.53D-02 1.00D+00 1.00D+00 1.646D-08     0.01
       28 1.0D-09  2.095D-04  5.563D-12 1.4D-02 0.0D+00    1    0 2.56D-01 1.00D+00 1.00D+00 1.646D-08     0.01
       29 1.0D-09  2.095D-04  5.563D-12 1.4D-02 0.0D+00    1    0 7.67D-01 1.00D+00 1.00D+00 1.646D-08     0.01
       30 1.0D-09  2.094D-04  5.563D-12 1.4D-02 0.0D+00    1    0 2.30D+00 1.00D+00 1.00D+00 1.646D-08     0.01

    inner barrier   scaled     scaled     min     min    NW   SE     dx      alpha    alpha    inner   time (s)
     ite   param   obj func     feas      x-l     u-x   pert pert   norm      max             opt err 
       31 1.0D-09  2.094D-04  5.563D-12 1.4D-02 0.0D+00    1    0 6.89D+00 1.00D+00 1.00D+00 1.644D-08     0.01
       32 1.0D-09  2.092D-04  5.563D-12 1.4D-02 0.0D+00    1    0 2.06D+01 1.00D+00 1.00D+00 1.639D-08     0.01
       33 1.0D-09  2.088D-04  5.563D-12 1.4D-02 0.0D+00    1    0 6.12D+01 1.00D+00 1.00D+00 1.625D-08     0.01
       34 1.0D-09  2.077D-04  5.563D-12 1.4D-02 0.0D+00    1    0 1.79D+02 1.00D+00 1.00D+00 1.584D-08     0.01
       35 1.0D-09  2.046D-04  5.563D-12 1.5D-02 0.0D+00    1    0 4.97D+02 1.00D+00 1.00D+00 1.478D-08     0.01
       36 1.0D-09  1.979D-04  5.563D-12 1.6D-02 0.0D+00    1    0 1.24D+03 1.00D+00 1.00D+00 1.252D-08     0.01
       37 1.0D-09  1.909D-04  5.563D-12 2.2D-08 0.0D+00    1    0 2.61D+03 6.12D-01 6.12D-01 1.033D-08     0.01
       38 1.0D-09  1.909D-04  5.563D-12 2.4D-03 0.0D+00    1    0 4.66D+03 1.36D-01 2.66D-04 1.033D-08     0.01
       39 1.0D-09  1.786D-04  5.563D-12 1.2D-07 0.0D+00    1    0 9.75D+03 5.01D-01 5.01D-01 7.388D-09     0.01


     7 1.0D-09  1.198637D+04  1.786108D-04 7.388D-09   138C
 ==========================================================

 FINAL RESULTS:
                            scaled                   unscaled
  Objective Funct:   1.7861083858930149D-04    1.1986370475815385D+04
  Lagrangian Grad:   7.3875607680446666D-09    4.9577081087444508D-01
 Final Point Feas:   5.7411853049416095D-12    5.7411853049416095D-12
 Bounds violation:   0.0000000000000000D+00    0.0000000000000000D+00
 Lower Bound Comp:   1.4054198642123142D-09    9.4316130530322659D-02
 Upper Bound Comp:   0.0000000000000000D+00    0.0000000000000000D+00

 Flag of LCMIN:

     Optimal solution found.

 ====================================================
                      STATISTICS                     
 ====================================================
 GENERAL:                                            

           Preprocessing time (in seconds):      0.86
            Optimization time (in seconds):      0.99

                      Inner Iterations (IIT):     138
                      Outer Iterations (OIT):       7
                  Function Evaluations (FEV):     325
         Function Gradient Evaluations (GEV):     139
          Function Hessian Evaluations (HEV):     138
          Barrier Function Evaluations (BFE):     462
 Barrier Function Gradient Evaluations (BGE):     138
 ====================================================
 AVERAGE:                                            

 Inner Iterations per Outer Iterations  :     19.7143
 FEV per IIT:      2.3551    FEV per OIT:     46.4286
 GEV per IIT:      1.0072    GEV per OIT:     19.8571
 HEV per IIT:      1.0000    HEV per OIT:     19.7143
 BFE per IIT:      3.3478    BFE per OIT:     66.0000
 BGE per IIT:      1.0000    BGE per OIT:     19.7143
 ====================================================

