
 ==============================================================================
 This is ALGENCAN 3.1.1.
 ALGENCAN, an Augmented Lagrangian method for nonlinear programming, is part of
 the TANGO Project: Trustable Algorithms for Nonlinear General Optimization.
 See http://www.ime.usp.br/~egbirgin/tango/ for details.
 ==============================================================================

 Processing array of parameters with   3 entrances:

 IGNORE-OBJECTIVE-FUNCTION                    
 ITERATIONS-OUTPUT-DETAIL                                                    11
 TRUNCATED-NEWTON-LINE-SEARCH-INNER-SOLVER                                   ''

 The specification file is not being used.

 Available HSL subroutines = MA57           

 ALGENCAN PARAMETERS:

 firstde                =                    T
 seconde                =                    T
 truehpr                =                    T
 hptype in TN           =               TRUEHP
 lsslvr in TR           =            MA57/NONE
 lsslvr in NW           =            MA57/NONE
 lsslvr in ACCPROC      =            MA57/NONE
 innslvr                =                   TN
 accproc                =                    T
 rmfixv                 =                    T
 slacks                 =                    F
 scale                  =                    T
 epsfeas                =           3.1623D-05
 epsopt                 =           1.0000D-08
 efstain                =           5.6234D-03
 eostain                =           1.0000D-12
 efacc                  =           5.6234D-03
 eoacc                  =           1.0000D-04
 iprint                 =                   11
 ncomp                  =                    6

 Specification filename =                   ''
 Output filename        =          'lcmin.out'
 Solution filename      =                   ''

 Number of variables               :    6422
 Number of equality constraints    :       0
 Number of inequality constraints  :       0
 Number of bound constraints       :   12844
 Number of fixed variables         :       0

 There are no fixed variables to be removed.

 The scaling feature was mainly developed for constrained problems. For
 unconstrained and bound-constrained problem, please, set the optimality
 tolerance (related to the sup-norm of the projected gradient of the
 objective function) with a convenient value. The scaling feature is being
 disabled.

     Entry to GENCAN.
     Number of variables:    6422
     Required optimality tolerance: 1.0D-08

     It         function  gpsupn   xsupn stesupn   nfree   SPGit in-face    fcnt
      0   0.00000000D+00 0.0D+00 5.0D-01

     Flag of GENCAN: Solution was found.


 User-provided subroutines calls counters: 

 Subroutine fsub     (coded=F):        0
 Subroutine gsub     (coded=F):        0
 Subroutine hsub     (coded=F):        0
 Subroutine csub     (coded=F):        0 (       0 calls per constraint in avg)
 Subroutine jacsub   (coded=F):        0 (       0 calls per constraint in avg)
 Subroutine hcsub    (coded=F):        0 (       0 calls per constraint in avg)
 Subroutine fcsub    (coded=T):        1
 Subroutine gjacsub  (coded=T):        2
 Subroutine gjacpsub (coded=F):        0
 Subroutine hlsub    (coded=T):        0
 Subroutine hlpsub   (coded=F):        0


 Total CPU time in seconds =     0.00

 ==============================================================================

 Initial point computed successfully.

                                            achieved                  desired        
 Unscaled feasibility ..............:   0.0000000000000000D+00   1.0000000000000001D-09
 Smallest distance to lower bound ..:   2.5000000000000000D+00   2.8284271247461901D-03
 Smallest distance to upper bound ..:   1.5000000000000000D+00   2.8284271247461901D-03

 Starting LCMIN.
 Number of variables   :    6422
 Number of constraints :       0

 Scale factor for the objective function   : 1.8D-01
 Smallest scale factor for the constraints : 1.0D+00

 ==========================================================
 outer barrier   objective       scaled      outer   inner
  ite   param     function     obj funct    opt err   ite 
     0 1.0D-01 -2.313514D+05 -4.149800D+04 1.000D+02     0 

    inner barrier   scaled     scaled     min     min    NW   SE     dx      alpha    alpha    inner   time (s)
     ite   param   obj func     feas      x-l     u-x   pert pert   norm      max             opt err 
        1 1.0D-01 -4.306D+04  0.000D+00 2.5D+00 1.4D-01    4    0 8.98D+01 1.00D+00 1.00D+00 1.366D+02     0.03
        2 1.0D-01 -4.319D+04  0.000D+00 2.5D+00 1.4D-03    1    0 3.85D+02 1.40D-02 1.40D-02 9.069D+01     0.02
        3 1.0D-01 -4.393D+04  0.000D+00 2.5D+00 1.2D-03    1    0 5.31D+03 5.28D-03 5.28D-03 1.860D+03     0.02
        4 1.0D-01 -4.632D+04  0.000D+00 2.5D+00 1.1D-03    2    0 3.00D+02 6.37D-01 6.37D-01 3.947D+01     0.01
        5 1.0D-01 -4.750D+04  0.000D+00 2.5D+00 1.1D-03    1    0 1.03D+03 1.05D-01 1.05D-01 5.466D+01     0.01
        6 1.0D-01 -4.920D+04  0.000D+00 2.5D+00 1.0D-03    1    0 3.37D+03 6.03D-02 6.03D-02 1.036D+02     0.02
        7 1.0D-01 -5.119D+04  0.000D+00 2.5D+00 9.7D-04    1    0 7.65D+03 4.86D-02 4.86D-02 9.324D+01     0.02
        8 1.0D-01 -5.328D+04  0.000D+00 2.4D+00 8.9D-04    1    0 3.63D+03 2.05D-01 2.05D-01 2.140D+01     0.03
        9 1.0D-01 -5.459D+04  0.000D+00 2.3D+00 7.1D-04    1    0 2.17D+03 4.91D-01 4.91D-01 1.086D+01     0.02
       10 1.0D-01 -5.580D+04  0.000D+00 2.0D+00 5.0D-04    1    0 1.41D+03 9.99D-01 9.99D-01 2.264D-02     0.03


     1 2.0D-02 -3.110719D+05 -5.579765D+04 1.148D-01    10C


     2 2.8D-03 -3.110719D+05 -5.579765D+04 1.148D-01    10C

    inner barrier   scaled     scaled     min     min    NW   SE     dx      alpha    alpha    inner   time (s)
     ite   param   obj func     feas      x-l     u-x   pert pert   norm      max             opt err 
        1 2.8D-03 -5.591D+04  0.000D+00 2.0D+00 1.4D-05    1    0 1.31D+02 1.00D+00 1.00D+00 1.512D-03     0.02


     3 1.5D-04 -3.116848D+05 -5.590759D+04 4.340D-03    11C

    inner barrier   scaled     scaled     min     min    NW   SE     dx      alpha    alpha    inner   time (s)
     ite   param   obj func     feas      x-l     u-x   pert pert   norm      max             opt err 
        1 1.5D-04 -5.591D+04  0.000D+00 2.0D+00 7.5D-07    1    0 1.92D+01 1.00D+00 1.00D+00 1.579D-05     0.01


     4 1.8D-06 -3.117035D+05 -5.591095D+04 1.568D-04    12C

    inner barrier   scaled     scaled     min     min    NW   SE     dx      alpha    alpha    inner   time (s)
     ite   param   obj func     feas      x-l     u-x   pert pert   norm      max             opt err 
        1 1.8D-06 -5.591D+04  0.000D+00 2.0D+00 9.2D-09    1    0 3.35D-01 1.00D+00 1.00D+00 1.039D-07     0.01


     5 2.5D-09 -3.117045D+05 -5.591112D+04 1.849D-06    13C

    inner barrier   scaled     scaled     min     min    NW   SE     dx      alpha    alpha    inner   time (s)
     ite   param   obj func     feas      x-l     u-x   pert pert   norm      max             opt err 
        1 2.5D-09 -5.591D+04  0.000D+00 2.0D+00 1.3D-11    1    0 1.76D-03 1.00D+00 1.00D+00 4.300D-10     0.01


     6 1.0D-09 -3.117045D+05 -5.591112D+04 2.506D-09    14C
 ==========================================================

 FINAL RESULTS:
                            scaled                   unscaled
  Objective Funct:  -5.5911121073363785D+04   -3.1170449998400314D+05
  Lagrangian Grad:   4.3004577676697409D-10    2.3975052054758807D-09
 Final Point Feas:   0.0000000000000000D+00    0.0000000000000000D+00
 Bounds violation:   0.0000000000000000D+00    0.0000000000000000D+00
 Lower Bound Comp:   2.5061338383119631D-09    1.3971696148589195D-08
 Upper Bound Comp:   2.5062676003687521D-09    1.3972441872055794D-08

 Flag of LCMIN:

     Optimal solution found.

 ====================================================
                      STATISTICS                     
 ====================================================
 GENERAL:                                            

           Preprocessing time (in seconds):      0.04
            Optimization time (in seconds):      0.28

                      Inner Iterations (IIT):      14
                      Outer Iterations (OIT):       6
                  Function Evaluations (FEV):      15
         Function Gradient Evaluations (GEV):      15
          Function Hessian Evaluations (HEV):      14
          Barrier Function Evaluations (BFE):      28
 Barrier Function Gradient Evaluations (BGE):      14
 ====================================================
 AVERAGE:                                            

 Inner Iterations per Outer Iterations  :      2.3333
 FEV per IIT:      1.0714    FEV per OIT:      2.5000
 GEV per IIT:      1.0714    GEV per OIT:      2.5000
 HEV per IIT:      1.0000    HEV per OIT:      2.3333
 BFE per IIT:      2.0000    BFE per OIT:      4.6667
 BGE per IIT:      1.0000    BGE per OIT:      2.3333
 ====================================================

