
 ==============================================================================
 This is ALGENCAN 3.1.1.
 ALGENCAN, an Augmented Lagrangian method for nonlinear programming, is part of
 the TANGO Project: Trustable Algorithms for Nonlinear General Optimization.
 See http://www.ime.usp.br/~egbirgin/tango/ for details.
 ==============================================================================

 Processing array of parameters with   3 entrances:

 IGNORE-OBJECTIVE-FUNCTION                    
 ITERATIONS-OUTPUT-DETAIL                                                    11
 TRUNCATED-NEWTON-LINE-SEARCH-INNER-SOLVER                                   ''

 The specification file is not being used.

 Available HSL subroutines = MA57           

 ALGENCAN PARAMETERS:

 firstde                =                    T
 seconde                =                    T
 truehpr                =                    T
 hptype in TN           =               TRUEHP
 lsslvr in TR           =            MA57/NONE
 lsslvr in NW           =            MA57/NONE
 lsslvr in ACCPROC      =            MA57/NONE
 innslvr                =                   TN
 accproc                =                    T
 rmfixv                 =                    T
 slacks                 =                    F
 scale                  =                    T
 epsfeas                =           3.1623D-05
 epsopt                 =           1.0000D-08
 efstain                =           5.6234D-03
 eostain                =           1.0000D-12
 efacc                  =           5.6234D-03
 eoacc                  =           1.0000D-04
 iprint                 =                   11
 ncomp                  =                    6

 Specification filename =                   ''
 Output filename        =          'lcmin.out'
 Solution filename      =                   ''

 Number of variables               :    1271
 Number of equality constraints    :      71
 Number of inequality constraints  :       0
 Number of bound constraints       :    2542
 Number of fixed variables         :       0

 There are no fixed variables to be removed.

 Objective function scale factor   : 1.0D+00
 Smallest constraints scale factor : 1.0D+00

 Since the scaling factor(s) is(are) equal to one, scaling was inhibited.

     Entry to GENCAN.
     Number of variables:    1271
     Required optimality tolerance: 1.0D-08

     It         function  gpsupn   xsupn stesupn   nfree   SPGit in-face    fcnt
      0   1.27512700D+02 1.4D+01 1.0D+01
      1   4.37949942D-04 4.5D-03 1.0D+01 4.3D-01    1266       0       1       3
      2   5.72974239D-30 4.0D-15 1.0D+01 8.0D-03    1266       0       2       4

     Flag of GENCAN: Solution was found.


 User-provided subroutines calls counters: 

 Subroutine fsub     (coded=F):        0
 Subroutine gsub     (coded=F):        0
 Subroutine hsub     (coded=F):        0
 Subroutine csub     (coded=F):        0 (       0 calls per constraint in avg)
 Subroutine jacsub   (coded=F):        0 (       0 calls per constraint in avg)
 Subroutine hcsub    (coded=F):        0 (       0 calls per constraint in avg)
 Subroutine fcsub    (coded=T):        4
 Subroutine gjacsub  (coded=T):        5
 Subroutine gjacpsub (coded=F):        0
 Subroutine hlsub    (coded=T):        2
 Subroutine hlpsub   (coded=F):        0


 Total CPU time in seconds =     0.09

 ==============================================================================

 Initial point computed successfully.

                                            achieved                  desired        
 Unscaled feasibility ..............:   2.6645352591003757D-15   1.0000000000000001D-09
 Smallest distance to lower bound ..:   1.0000000000000000D-02   1.0000000000000000D-03
 Smallest distance to upper bound ..:   1.3687498573194590D+05   5.0639125633465228D+04

 Starting LCMIN.
 Number of variables   :    1271
 Number of constraints :      71

 Scale factor for the objective function   : 1.0D+00
 Smallest scale factor for the constraints : 1.0D+00

 ==========================================================
 outer barrier   objective       scaled      outer   inner
  ite   param     function     obj funct    opt err   ite 
     0 1.0D-01  2.107631D+00  2.107631D+00 2.000D+05     0 

    inner barrier   scaled     scaled     min     min    NW   SE     dx      alpha    alpha    inner   time (s)
     ite   param   obj func     feas      x-l     u-x   pert pert   norm      max             opt err 
        1 1.0D-01  2.056D+00  3.553D-15 1.1D-01 1.4D+05    0    0 6.18D+01 1.00D+00 1.00D+00 2.000D+03     0.00
        2 1.0D-01  2.397D+00  7.550D-15 2.8D-01 1.4D+05    0    0 3.41D+01 1.00D+00 1.00D+00 1.990D+01     0.01
        3 1.0D-01  2.352D+00  5.329D-15 2.3D-01 1.4D+05    0    0 6.91D-01 1.00D+00 1.00D+00 1.000D-01     0.01


     1 2.0D-02  2.351721D+00  2.351721D+00 2.000D-01     3C


     2 2.8D-03  2.351721D+00  2.351721D+00 2.000D-01     3C

    inner barrier   scaled     scaled     min     min    NW   SE     dx      alpha    alpha    inner   time (s)
     ite   param   obj func     feas      x-l     u-x   pert pert   norm      max             opt err 
        1 2.8D-03  1.953D+00  2.415D-15 3.0D-02 1.4D+05    0    0 6.99D+01 1.00D+00 1.00D+00 2.478D-02     0.01


     3 1.5D-04  1.952800D+00  1.952800D+00 2.761D-02     4C

    inner barrier   scaled     scaled     min     min    NW   SE     dx      alpha    alpha    inner   time (s)
     ite   param   obj func     feas      x-l     u-x   pert pert   norm      max             opt err 
        1 1.5D-04  1.903D+00  2.887D-15 7.6D-04 1.4D+05    0    0 2.51D+00 1.00D+00 1.00D+00 6.828D-03     0.01
        2 1.5D-04  1.898D+00  4.219D-15 6.6D-04 1.4D+05    0    0 2.28D-01 1.00D+00 1.00D+00 1.670D-03     0.01
        3 1.5D-04  1.897D+00  3.234D-15 6.6D-04 1.4D+05    0    0 1.09D-01 1.00D+00 1.00D+00 3.830D-04     0.01


     4 1.8D-06  1.896698D+00  1.896698D+00 5.335D-04     7C

    inner barrier   scaled     scaled     min     min    NW   SE     dx      alpha    alpha    inner   time (s)
     ite   param   obj func     feas      x-l     u-x   pert pert   norm      max             opt err 
        1 1.8D-06  1.896D+00  4.191D-15 8.2D-06 1.4D+05    0    0 1.47D-01 1.00D+00 1.00D+00 1.324D-04     0.01
        2 1.8D-06  1.896D+00  3.775D-15 8.1D-06 1.4D+05    0    0 3.17D-02 1.00D+00 1.00D+00 3.265D-05     0.01
        3 1.8D-06  1.896D+00  2.595D-15 8.1D-06 1.4D+05    0    0 1.54D-02 1.00D+00 1.00D+00 7.726D-06     0.01


     5 2.5D-09  1.895731D+00  1.895731D+00 9.570D-06    10C

    inner barrier   scaled     scaled     min     min    NW   SE     dx      alpha    alpha    inner   time (s)
     ite   param   obj func     feas      x-l     u-x   pert pert   norm      max             opt err 
        1 2.5D-09  1.896D+00  3.345D-15 1.1D-08 1.4D+05    0    0 8.63D-03 1.00D+00 1.00D+00 2.390D-06     0.01
        2 2.5D-09  1.896D+00  2.734D-15 1.1D-08 1.4D+05    0    0 4.29D-03 1.00D+00 1.00D+00 5.956D-07     0.01
        3 2.5D-09  1.896D+00  3.025D-15 1.1D-08 1.4D+05    0    0 2.13D-03 1.00D+00 1.00D+00 1.470D-07     0.01
        4 2.5D-09  1.896D+00  3.865D-15 1.1D-08 1.4D+05    0    0 1.03D-03 1.00D+00 1.00D+00 3.491D-08     0.01
        5 2.5D-09  1.896D+00  4.496D-15 1.1D-08 1.4D+05    0    0 4.64D-04 1.00D+00 1.00D+00 7.144D-09     0.01


     6 1.0D-09  1.895716D+00  1.895716D+00 9.649D-09    15C
 ==========================================================

 FINAL RESULTS:
                            scaled                   unscaled
  Objective Funct:   1.8957163024522807D+00    1.8957163024522807D+00
  Lagrangian Grad:   4.1752911824112068D-17    4.1752911824112068D-17
 Final Point Feas:   4.4964032497318840D-15    4.4964032497318840D-15
 Bounds violation:   0.0000000000000000D+00    0.0000000000000000D+00
 Lower Bound Comp:   9.6494536490570049D-09    9.6494536490570049D-09
 Upper Bound Comp:   2.5059035596800626D-09    2.5059035596800626D-09

 Flag of LCMIN:

     Optimal solution found.

 ====================================================
                      STATISTICS                     
 ====================================================
 GENERAL:                                            

           Preprocessing time (in seconds):      0.81
            Optimization time (in seconds):      0.12

                      Inner Iterations (IIT):      15
                      Outer Iterations (OIT):       6
                  Function Evaluations (FEV):      16
         Function Gradient Evaluations (GEV):      16
          Function Hessian Evaluations (HEV):      15
          Barrier Function Evaluations (BFE):      30
 Barrier Function Gradient Evaluations (BGE):      15
 ====================================================
 AVERAGE:                                            

 Inner Iterations per Outer Iterations  :      2.5000
 FEV per IIT:      1.0667    FEV per OIT:      2.6667
 GEV per IIT:      1.0667    GEV per OIT:      2.6667
 HEV per IIT:      1.0000    HEV per OIT:      2.5000
 BFE per IIT:      2.0000    BFE per OIT:      5.0000
 BGE per IIT:      1.0000    BGE per OIT:      2.5000
 ====================================================

