
 ==============================================================================
 This is ALGENCAN 3.1.1.
 ALGENCAN, an Augmented Lagrangian method for nonlinear programming, is part of
 the TANGO Project: Trustable Algorithms for Nonlinear General Optimization.
 See http://www.ime.usp.br/~egbirgin/tango/ for details.
 ==============================================================================

 Processing array of parameters with   3 entrances:

 IGNORE-OBJECTIVE-FUNCTION                    
 ITERATIONS-OUTPUT-DETAIL                                                    11
 NEWTON-LINE-SEARCH-INNER-SOLVER                                    'MA57 MC64'

 The specification file is not being used.

 Available HSL subroutines = MA57           

 ALGENCAN PARAMETERS:

 firstde                =                    T
 seconde                =                    T
 truehpr                =                    T
 hptype in TN           =               TRUEHP
 lsslvr in TR           =            MA57/NONE
 lsslvr in NW           =            MA57/MC64
 lsslvr in ACCPROC      =            MA57/NONE
 innslvr                =                   NW
 accproc                =                    T
 rmfixv                 =                    T
 slacks                 =                    F
 scale                  =                    T
 epsfeas                =           1.0000D-09
 epsopt                 =           1.0000D-08
 efstain                =           3.1623D-05
 eostain                =           1.0000D-12
 efacc                  =           3.1623D-05
 eoacc                  =           1.0000D-04
 iprint                 =                   11
 ncomp                  =                    6

 Specification filename =                   ''
 Output filename        =          'lcmin.out'
 Solution filename      =                   ''

 Number of variables               :    1584
 Number of equality constraints    :     464
 Number of inequality constraints  :       0
 Number of bound constraints       :    2546
 Number of fixed variables         :       0

 There are no fixed variables to be removed.

 Objective function scale factor   : 1.0D+00
 Smallest constraints scale factor : 1.0D+00

 Since the scaling factor(s) is(are) equal to one, scaling was inhibited.

     Entry to GENCAN.
     Number of variables:    1584
     Required optimality tolerance: 1.0D-08

     It         function  gpsupn   xsupn stesupn   nfree   SPGit in-face    fcnt
      0   9.86727163D-13 5.2D-07 6.8D+05
      1   8.92870048D-15 5.7D-08 6.8D+05 1.3D-06    1002       0       1       3
      2   1.21395694D-20 7.1D-11 6.8D+05 2.2D-07    1002       0       2       4

     Flag of GENCAN: Solution was found.


 User-provided subroutines calls counters: 

 Subroutine fsub     (coded=F):        0
 Subroutine gsub     (coded=F):        0
 Subroutine hsub     (coded=F):        0
 Subroutine csub     (coded=F):        0 (       0 calls per constraint in avg)
 Subroutine jacsub   (coded=F):        0 (       0 calls per constraint in avg)
 Subroutine hcsub    (coded=F):        0 (       0 calls per constraint in avg)
 Subroutine fcsub    (coded=T):        4
 Subroutine gjacsub  (coded=T):        5
 Subroutine gjacpsub (coded=F):        0
 Subroutine hlsub    (coded=T):        2
 Subroutine hlpsub   (coded=F):        0


 Total CPU time in seconds =     0.01

 ==============================================================================

 Initial point computed successfully.

                                            achieved                  desired        
 Unscaled feasibility ..............:   5.8207660913467407D-11   1.0000000000000001D-09
 Smallest distance to lower bound ..:   1.0000000000000009D-02   1.0000000000000000D-03
 Smallest distance to upper bound ..:   1.0000000000000000D-02   1.0000000000000000D-03

 Starting LCMIN.
 Number of variables   :    1584
 Number of constraints :     464

 Scale factor for the objective function   : 1.0D+00
 Smallest scale factor for the constraints : 1.0D+00

 ==========================================================
 outer barrier   objective       scaled      outer   inner
  ite   param     function     obj funct    opt err   ite 
     0 1.0D-01  7.199053D+05  7.199053D+05 2.061D+10     0 

    inner barrier   scaled     scaled     min     min    NW   SE     dx      alpha    alpha    inner   time (s)
     ite   param   obj func     feas      x-l     u-x   pert pert   norm      max             opt err 
        1 1.0D-01  4.209D+05  2.838D-10 4.7D-02 1.6D-03    0    0 1.18D+07 1.00D+00 1.00D+00 1.000D+09     0.01
        2 1.0D-01  3.785D+05  1.164D-10 5.6D-02 3.0D-02    0    0 4.39D+06 1.00D+00 1.00D+00 2.166D+08     0.01
        3 1.0D-01  3.723D+05  1.164D-10 6.8D-02 2.7D-02    0    0 1.61D+06 1.00D+00 1.00D+00 1.111D+07     0.01
        4 1.0D-01  3.710D+05  2.328D-10 5.0D-02 2.5D-02    0    0 1.25D+05 8.28D-01 8.28D-01 1.298D+05     0.01
        5 1.0D-01  3.707D+05  2.328D-10 7.0D-02 2.5D-02    0    0 2.20D+04 9.92D-01 9.92D-01 1.298D+03     0.01
        6 1.0D-01  3.707D+05  2.328D-10 7.0D-02 2.5D-02    0    0 1.82D+02 1.00D+00 1.00D+00 1.288D+01     0.01
        7 1.0D-01  3.707D+05  2.910D-10 7.0D-02 2.5D-02    0    0 1.48D+00 1.00D+00 1.00D+00 2.978D-02     0.01


     1 2.0D-02  3.706540D+05  3.706540D+05 1.298D-01     7C


     2 2.8D-03  3.706540D+05  3.706540D+05 1.298D-01     7C

    inner barrier   scaled     scaled     min     min    NW   SE     dx      alpha    alpha    inner   time (s)
     ite   param   obj func     feas      x-l     u-x   pert pert   norm      max             opt err 
        1 2.8D-03  3.706D+05  2.328D-10 1.5D-03 1.5D-02    0    0 3.75D+02 7.84D-01 7.84D-01 2.543D-01     0.01
        2 2.8D-03  3.706D+05  2.910D-10 2.6D-04 7.7D-03    0    0 1.19D+02 8.64D-01 8.64D-01 1.029D-01     0.01
        3 2.8D-03  3.706D+05  2.910D-10 7.1D-03 4.0D-03    0    0 4.09D+01 1.00D+00 1.00D+00 2.170D-03     0.01


     3 1.5D-04  3.706093D+05  3.706093D+05 4.999D-03    10C

    inner barrier   scaled     scaled     min     min    NW   SE     dx      alpha    alpha    inner   time (s)
     ite   param   obj func     feas      x-l     u-x   pert pert   norm      max             opt err 
        1 1.5D-04  3.706D+05  3.492D-10 2.7D-06 2.0D-03    0    0 2.85D+01 7.98D-01 7.98D-01 4.754D-02     0.01
        2 1.5D-04  3.706D+05  4.075D-10 1.4D-06 1.0D-03    0    0 1.50D+01 6.98D-01 6.98D-01 4.230D-02     0.01
        3 1.5D-04  3.706D+05  4.657D-10 3.7D-04 3.5D-04    0    0 7.51D+00 1.00D+00 1.00D+00 7.167D-05     0.01


     4 1.8D-06  3.706072D+05  3.706072D+05 2.221D-04    13C

    inner barrier   scaled     scaled     min     min    NW   SE     dx      alpha    alpha    inner   time (s)
     ite   param   obj func     feas      x-l     u-x   pert pert   norm      max             opt err 
        1 1.8D-06  3.706D+05  4.075D-10 5.1D-09 4.2D-05    0    0 3.68D+00 8.59D-01 8.59D-01 5.056D-03     0.01
        2 1.8D-06  3.706D+05  4.075D-10 7.8D-09 1.9D-05    0    0 1.19D+00 7.20D-01 7.20D-01 3.639D-03     0.01
        3 1.8D-06  3.706D+05  2.910D-10 4.6D-06 4.1D-06    0    0 5.09D-01 1.00D+00 1.00D+00 4.875D-06     0.01


     5 2.5D-09  3.706071D+05  3.706071D+05 6.720D-06    16C

    inner barrier   scaled     scaled     min     min    NW   SE     dx      alpha    alpha    inner   time (s)
     ite   param   obj func     feas      x-l     u-x   pert pert   norm      max             opt err 
        1 2.5D-09  3.706D+05  4.075D-10 1.1D-12 6.4D-08    0    0 1.44D-01 9.87D-01 9.87D-01 3.459D-04     0.01
        2 2.5D-09  3.706D+05  2.910D-10 6.2D-09 5.6D-09    0    0 4.68D-02 1.00D+00 1.00D+00 1.118D-04     0.01
        3 2.5D-09  3.706D+05  3.492D-10 6.2D-09 5.6D-09    0    0 1.86D-02 1.00D+00 1.00D+00 1.140D-04     0.01
        4 2.5D-09  3.706D+05  3.492D-10 6.2D-09 5.6D-09    0    0 6.94D-03 1.00D+00 1.00D+00 3.088D-08     0.01
        5 2.5D-09  3.706D+05  4.042D-10 6.2D-09 5.6D-09    0    0 2.18D-03 1.00D+00 1.00D+00 7.141D-09     0.01


     6 1.0D-09  3.706071D+05  3.706071D+05 9.647D-09    21C
 ==========================================================

 FINAL RESULTS:
                            scaled                   unscaled
  Objective Funct:   3.7060711927189567D+05    3.7060711927189567D+05
  Lagrangian Grad:   1.1102230246251565D-16    1.1102230246251565D-16
 Final Point Feas:   4.8021320253610611D-10    4.8021320253610611D-10
 Bounds violation:   0.0000000000000000D+00    0.0000000000000000D+00
 Lower Bound Comp:   2.5108612404521554D-09    2.5108612404521554D-09
 Upper Bound Comp:   9.6467626669578311D-09    9.6467626669578311D-09

 Flag of LCMIN:

     Optimal solution found.

 ====================================================
                      STATISTICS                     
 ====================================================
 GENERAL:                                            

           Preprocessing time (in seconds):      0.85
            Optimization time (in seconds):      0.19

                      Inner Iterations (IIT):      21
                      Outer Iterations (OIT):       6
                  Function Evaluations (FEV):      22
         Function Gradient Evaluations (GEV):      22
          Function Hessian Evaluations (HEV):      21
          Barrier Function Evaluations (BFE):      42
 Barrier Function Gradient Evaluations (BGE):      21
 ====================================================
 AVERAGE:                                            

 Inner Iterations per Outer Iterations  :      3.5000
 FEV per IIT:      1.0476    FEV per OIT:      3.6667
 GEV per IIT:      1.0476    GEV per OIT:      3.6667
 HEV per IIT:      1.0000    HEV per OIT:      3.5000
 BFE per IIT:      2.0000    BFE per OIT:      7.0000
 BGE per IIT:      1.0000    BGE per OIT:      3.5000
 ====================================================

