
 ==============================================================================
 This is ALGENCAN 3.1.1.
 ALGENCAN, an Augmented Lagrangian method for nonlinear programming, is part of
 the TANGO Project: Trustable Algorithms for Nonlinear General Optimization.
 See http://www.ime.usp.br/~egbirgin/tango/ for details.
 ==============================================================================

 Processing array of parameters with   3 entrances:

 IGNORE-OBJECTIVE-FUNCTION                    
 ITERATIONS-OUTPUT-DETAIL                                                    11
 NEWTON-LINE-SEARCH-INNER-SOLVER                                    'MA57 MC64'

 The specification file is not being used.

 Available HSL subroutines = MA57           

 ALGENCAN PARAMETERS:

 firstde                =                    T
 seconde                =                    T
 truehpr                =                    T
 hptype in TN           =               TRUEHP
 lsslvr in TR           =            MA57/NONE
 lsslvr in NW           =            MA57/MC64
 lsslvr in ACCPROC      =            MA57/NONE
 innslvr                =                   NW
 accproc                =                    T
 rmfixv                 =                    T
 slacks                 =                    F
 scale                  =                    T
 epsfeas                =           1.0000D-09
 epsopt                 =           1.0000D-08
 efstain                =           3.1623D-05
 eostain                =           1.0000D-12
 efacc                  =           3.1623D-05
 eoacc                  =           1.0000D-04
 iprint                 =                   11
 ncomp                  =                    6

 Specification filename =                   ''
 Output filename        =          'lcmin.out'
 Solution filename      =                   ''

 Number of variables               :     624
 Number of equality constraints    :     204
 Number of inequality constraints  :       0
 Number of bound constraints       :    1108
 Number of fixed variables         :       0

 There are no fixed variables to be removed.

 Objective function scale factor   : 1.0D+00
 Smallest constraints scale factor : 1.0D+00

 Since the scaling factor(s) is(are) equal to one, scaling was inhibited.

     Entry to GENCAN.
     Number of variables:     624
     Required optimality tolerance: 1.0D-08

     It         function  gpsupn   xsupn stesupn   nfree   SPGit in-face    fcnt
      0   4.21638353D-14 2.0D-07 1.8D+04
      1   3.03527025D-16 9.7D-09 1.8D+04 4.0D-07     500       0       1       3
      2   1.07906163D-23 5.3D-12 1.8D+04 6.0D-08     500       0       2       4

     Flag of GENCAN: Solution was found.


 User-provided subroutines calls counters: 

 Subroutine fsub     (coded=F):        0
 Subroutine gsub     (coded=F):        0
 Subroutine hsub     (coded=F):        0
 Subroutine csub     (coded=F):        0 (       0 calls per constraint in avg)
 Subroutine jacsub   (coded=F):        0 (       0 calls per constraint in avg)
 Subroutine hcsub    (coded=F):        0 (       0 calls per constraint in avg)
 Subroutine fcsub    (coded=T):        4
 Subroutine gjacsub  (coded=T):        5
 Subroutine gjacpsub (coded=F):        0
 Subroutine hlsub    (coded=T):        2
 Subroutine hlpsub   (coded=F):        0


 Total CPU time in seconds =     0.01

 ==============================================================================

 Initial point computed successfully.

                                            achieved                  desired        
 Unscaled feasibility ..............:   4.1637804315541871D-12   1.0000000000000001D-09
 Smallest distance to lower bound ..:   7.0000000000000284D-02   1.8520259177452137D-02
 Smallest distance to upper bound ..:   1.0000000000000000D-02   1.0000000000000000D-03

 Starting LCMIN.
 Number of variables   :     624
 Number of constraints :     204

 Scale factor for the objective function   : 8.2D-01
 Smallest scale factor for the constraints : 1.0D+00

 ==========================================================
 outer barrier   objective       scaled      outer   inner
  ite   param     function     obj funct    opt err   ite 
     0 1.0D-01  7.502269D+04  6.178775D+04 5.000D+07     0 

    inner barrier   scaled     scaled     min     min    NW   SE     dx      alpha    alpha    inner   time (s)
     ite   param   obj func     feas      x-l     u-x   pert pert   norm      max             opt err 
        1 1.0D-01  6.138D+04  6.558D-12 7.0D-04 9.8D-03    0    0 6.27D+04 2.21D-02 2.21D-02 4.896D+07     0.00
        2 1.0D-01  5.844D+04  6.466D-12 1.0D-03 4.1D-03    0    0 6.25D+04 1.48D-01 1.48D-01 4.711D+07     0.00
        3 1.0D-01  5.499D+04  5.485D-12 1.1D-02 1.0D-02    0    0 5.75D+04 2.44D-01 2.44D-01 3.920D+07     0.00
        4 1.0D-01  5.245D+04  4.079D-12 7.0D-03 1.5D-02    0    0 5.19D+04 3.20D-01 3.20D-01 1.114D+07     0.00
        5 1.0D-01  4.928D+04  3.411D-12 1.3D-02 1.6D-02    0    0 4.54D+04 1.00D+00 1.00D+00 1.038D+07     0.00
        6 1.0D-01  4.911D+04  3.434D-12 4.0D-03 1.6D-02    0    0 1.38D+04 1.00D+00 1.00D+00 4.136D+06     0.00
        7 1.0D-01  4.908D+04  4.219D-12 1.1D-02 1.6D-02    0    0 4.55D+03 1.00D+00 1.00D+00 1.732D+05     0.00
        8 1.0D-01  4.908D+04  2.735D-12 1.0D-02 1.6D-02    0    0 6.93D+02 1.00D+00 1.00D+00 1.819D+03     0.00
        9 1.0D-01  4.908D+04  3.865D-12 1.0D-02 1.6D-02    0    0 1.87D+01 1.00D+00 1.00D+00 1.809D+01     0.00
       10 1.0D-01  4.908D+04  3.865D-12 1.0D-02 1.6D-02    0    0 1.55D+00 1.00D+00 1.00D+00 8.192D-02     0.00


     1 2.0D-02  5.959081D+04  4.907825D+04 1.819D-01    10C


     2 2.8D-03  5.959081D+04  4.907825D+04 1.819D-01    10C

    inner barrier   scaled     scaled     min     min    NW   SE     dx      alpha    alpha    inner   time (s)
     ite   param   obj func     feas      x-l     u-x   pert pert   norm      max             opt err 
        1 2.8D-03  4.907D+04  3.574D-12 1.8D-04 1.4D-03    0    0 4.46D+01 1.00D+00 1.00D+00 2.360D-02     0.00


     3 1.5D-04  5.957898D+04  4.906851D+04 2.643D-02    11C

    inner barrier   scaled     scaled     min     min    NW   SE     dx      alpha    alpha    inner   time (s)
     ite   param   obj func     feas      x-l     u-x   pert pert   norm      max             opt err 
        1 1.5D-04  4.907D+04  5.643D-12 1.2D-05 5.8D-06    0    0 7.98D+00 1.00D+00 1.00D+00 6.525D-03     0.00
        2 1.5D-04  4.907D+04  4.489D-12 1.5D-05 2.6D-05    0    0 3.20D+00 1.00D+00 1.00D+00 3.397D-02     0.00
        3 1.5D-04  4.907D+04  6.744D-12 1.5D-05 2.6D-05    0    0 1.23D+00 1.00D+00 1.00D+00 4.443D-04     0.00


     4 1.8D-06  5.957735D+04  4.906717D+04 5.947D-04    14C

    inner barrier   scaled     scaled     min     min    NW   SE     dx      alpha    alpha    inner   time (s)
     ite   param   obj func     feas      x-l     u-x   pert pert   norm      max             opt err 
        1 1.8D-06  4.907D+04  7.843D-12 1.9D-07 3.1D-07    0    0 7.56D-01 1.00D+00 1.00D+00 4.045D-03     0.00
        2 1.8D-06  4.907D+04  7.494D-12 1.9D-07 3.2D-07    0    0 3.05D-01 1.00D+00 1.00D+00 3.909D-05     0.00
        3 1.8D-06  4.907D+04  9.256D-12 1.9D-07 3.2D-07    0    0 1.53D-01 1.00D+00 1.00D+00 9.323D-06     0.00


     5 2.5D-09  5.957732D+04  4.906714D+04 1.117D-05    17C

    inner barrier   scaled     scaled     min     min    NW   SE     dx      alpha    alpha    inner   time (s)
     ite   param   obj func     feas      x-l     u-x   pert pert   norm      max             opt err 
        1 2.5D-09  4.907D+04  9.318D-12 2.5D-10 4.3D-10    0    0 8.21D-02 1.00D+00 1.00D+00 4.717D-06     0.00
        2 2.5D-09  4.907D+04  9.599D-12 2.5D-10 4.3D-10    0    0 3.86D-02 1.00D+00 1.00D+00 3.496D-04     0.00
        3 2.5D-09  4.907D+04  7.780D-12 2.5D-10 4.3D-10    0    0 1.60D-02 1.00D+00 1.00D+00 1.623D-07     0.00
        4 2.5D-09  4.907D+04  7.276D-12 2.5D-10 4.3D-10    0    0 5.25D-03 1.00D+00 1.00D+00 2.265D-08     0.00


     6 1.0D-09  5.957732D+04  4.906714D+04 2.515D-08    21C

    inner barrier   scaled     scaled     min     min    NW   SE     dx      alpha    alpha    inner   time (s)
     ite   param   obj func     feas      x-l     u-x   pert pert   norm      max             opt err 
        1 1.0D-09  4.907D+04  6.139D-12 1.0D-10 1.7D-10    0    0 8.56D-04 1.00D+00 1.00D+00 8.668D-10     0.00


     7 1.0D-09  5.957732D+04  4.906714D+04 1.867D-09    22C
 ==========================================================

 FINAL RESULTS:
                            scaled                   unscaled
  Objective Funct:   4.9067138725678960D+04    5.9577319840719407D+04
  Lagrangian Grad:   1.7763568394002505D-15    2.1568524743997844D-15
 Final Point Feas:   6.1390892369672656D-12    6.1390892369672656D-12
 Bounds violation:   0.0000000000000000D+00    0.0000000000000000D+00
 Lower Bound Comp:   1.0000142176593743D-09    1.2142172630820125D-09
 Upper Bound Comp:   1.8667921638374452D-09    2.2666590453314263D-09

 Flag of LCMIN:

     Optimal solution found.

 ====================================================
                      STATISTICS                     
 ====================================================
 GENERAL:                                            

           Preprocessing time (in seconds):      0.87
            Optimization time (in seconds):      0.05

                      Inner Iterations (IIT):      22
                      Outer Iterations (OIT):       7
                  Function Evaluations (FEV):      23
         Function Gradient Evaluations (GEV):      23
          Function Hessian Evaluations (HEV):      22
          Barrier Function Evaluations (BFE):      44
 Barrier Function Gradient Evaluations (BGE):      22
 ====================================================
 AVERAGE:                                            

 Inner Iterations per Outer Iterations  :      3.1429
 FEV per IIT:      1.0455    FEV per OIT:      3.2857
 GEV per IIT:      1.0455    GEV per OIT:      3.2857
 HEV per IIT:      1.0000    HEV per OIT:      3.1429
 BFE per IIT:      2.0000    BFE per OIT:      6.2857
 BGE per IIT:      1.0000    BGE per OIT:      3.1429
 ====================================================

