
 ==============================================================================
 This is ALGENCAN 3.1.1.
 ALGENCAN, an Augmented Lagrangian method for nonlinear programming, is part of
 the TANGO Project: Trustable Algorithms for Nonlinear General Optimization.
 See http://www.ime.usp.br/~egbirgin/tango/ for details.
 ==============================================================================

 Processing array of parameters with   3 entrances:

 IGNORE-OBJECTIVE-FUNCTION                    
 ITERATIONS-OUTPUT-DETAIL                                                    11
 NEWTON-LINE-SEARCH-INNER-SOLVER                                    'MA57 MC64'

 The specification file is not being used.

 Available HSL subroutines = MA57           

 ALGENCAN PARAMETERS:

 firstde                =                    T
 seconde                =                    T
 truehpr                =                    T
 hptype in TN           =               TRUEHP
 lsslvr in TR           =            MA57/NONE
 lsslvr in NW           =            MA57/MC64
 lsslvr in ACCPROC      =            MA57/NONE
 innslvr                =                   NW
 accproc                =                    T
 rmfixv                 =                    T
 slacks                 =                    F
 scale                  =                    T
 epsfeas                =           1.0000D-09
 epsopt                 =           1.0000D-08
 efstain                =           3.1623D-05
 eostain                =           1.0000D-12
 efacc                  =           3.1623D-05
 eoacc                  =           1.0000D-04
 iprint                 =                   11
 ncomp                  =                    6

 Specification filename =                   ''
 Output filename        =          'lcmin.out'
 Solution filename      =                   ''

 Number of variables               :       2
 Number of equality constraints    :       1
 Number of inequality constraints  :       0
 Number of bound constraints       :       2
 Number of fixed variables         :       0

 There are no fixed variables to be removed.

 Objective function scale factor   : 1.0D+00
 Smallest constraints scale factor : 1.0D+00

 Since the scaling factor(s) is(are) equal to one, scaling was inhibited.

     Entry to GENCAN.
     Number of variables:       2
     Required optimality tolerance: 1.0D-08

     It         function  gpsupn   xsupn stesupn   nfree   SPGit in-face    fcnt
      0   2.54282888D-18 2.3D-09 5.0D-01
      1   0.00000000D+00 0.0D+00 5.0D-01 1.1D-09       2       0       1       3

     Flag of GENCAN: Solution was found.


 User-provided subroutines calls counters: 

 Subroutine fsub     (coded=F):        0
 Subroutine gsub     (coded=F):        0
 Subroutine hsub     (coded=F):        0
 Subroutine csub     (coded=F):        0 (       0 calls per constraint in avg)
 Subroutine jacsub   (coded=F):        0 (       0 calls per constraint in avg)
 Subroutine hcsub    (coded=F):        0 (       0 calls per constraint in avg)
 Subroutine fcsub    (coded=T):        3
 Subroutine gjacsub  (coded=T):        4
 Subroutine gjacpsub (coded=F):        0
 Subroutine hlsub    (coded=T):        1
 Subroutine hlpsub   (coded=F):        0


 Total CPU time in seconds =     0.01

 ==============================================================================

 Initial point computed successfully.

                                            achieved                  desired        
 Unscaled feasibility ..............:   0.0000000000000000D+00   1.0000000000000001D-09
 Smallest distance to lower bound ..:   5.0000000000000000D-01   1.0000000000000000D-03

 Starting LCMIN.
 Number of variables   :       2
 Number of constraints :       1

 Scale factor for the objective function   : 1.0D+00
 Smallest scale factor for the constraints : 1.0D+00

 ==========================================================
 outer barrier   objective       scaled      outer   inner
  ite   param     function     obj funct    opt err   ite 
     0 1.0D-01  0.000000D+00  0.000000D+00 5.000D-01     0 


     1 2.0D-02  0.000000D+00  0.000000D+00 5.000D-01     0C

    inner barrier   scaled     scaled     min     min    NW   SE     dx      alpha    alpha    inner   time (s)
     ite   param   obj func     feas      x-l     u-x   pert pert   norm      max             opt err 
        1 2.0D-02  0.000D+00  0.000D+00 5.0D-01 0.0D+00    0    0 0.00D+00 1.00D+00 1.00D+00 1.388D-17     0.00


     2 2.8D-03  0.000000D+00  0.000000D+00 2.000D-02     1C


     3 1.5D-04  0.000000D+00  0.000000D+00 2.000D-02     1C

    inner barrier   scaled     scaled     min     min    NW   SE     dx      alpha    alpha    inner   time (s)
     ite   param   obj func     feas      x-l     u-x   pert pert   norm      max             opt err 
        1 1.5D-04  0.000D+00  0.000D+00 5.0D-01 0.0D+00    0    0 0.00D+00 1.00D+00 1.00D+00 1.030D-18     0.00


     4 1.8D-06  0.000000D+00  0.000000D+00 1.504D-04     2C

    inner barrier   scaled     scaled     min     min    NW   SE     dx      alpha    alpha    inner   time (s)
     ite   param   obj func     feas      x-l     u-x   pert pert   norm      max             opt err 
        1 1.8D-06  0.000D+00  0.000D+00 5.0D-01 0.0D+00    0    0 0.00D+00 1.00D+00 1.00D+00 1.059D-21     0.00


     5 2.5D-09  0.000000D+00  0.000000D+00 1.845D-06     3C

    inner barrier   scaled     scaled     min     min    NW   SE     dx      alpha    alpha    inner   time (s)
     ite   param   obj func     feas      x-l     u-x   pert pert   norm      max             opt err 
        1 2.5D-09  0.000D+00  0.000D+00 5.0D-01 0.0D+00    0    0 0.00D+00 1.00D+00 1.00D+00 3.019D-23     0.00


     6 1.0D-09  0.000000D+00  0.000000D+00 2.506D-09     4C
 ==========================================================

 FINAL RESULTS:
                            scaled                   unscaled
  Objective Funct:   0.0000000000000000D+00    0.0000000000000000D+00
  Lagrangian Grad:   0.0000000000000000D+00    0.0000000000000000D+00
 Final Point Feas:   0.0000000000000000D+00    0.0000000000000000D+00
 Bounds violation:   0.0000000000000000D+00    0.0000000000000000D+00
 Lower Bound Comp:   2.5059035596800920D-09    2.5059035596800920D-09
 Upper Bound Comp:   0.0000000000000000D+00    0.0000000000000000D+00

 Flag of LCMIN:

     Optimal solution found.

 ====================================================
                      STATISTICS                     
 ====================================================
 GENERAL:                                            

           Preprocessing time (in seconds):      0.89
            Optimization time (in seconds):      0.00

                      Inner Iterations (IIT):       4
                      Outer Iterations (OIT):       6
                  Function Evaluations (FEV):       1
         Function Gradient Evaluations (GEV):       5
          Function Hessian Evaluations (HEV):       4
          Barrier Function Evaluations (BFE):       0
 Barrier Function Gradient Evaluations (BGE):       4
 ====================================================
 AVERAGE:                                            

 Inner Iterations per Outer Iterations  :      0.6667
 FEV per IIT:      0.2500    FEV per OIT:      0.1667
 GEV per IIT:      1.2500    GEV per OIT:      0.8333
 HEV per IIT:      1.0000    HEV per OIT:      0.6667
 BFE per IIT:      0.0000    BFE per OIT:      0.0000
 BGE per IIT:      1.0000    BGE per OIT:      0.6667
 ====================================================

