
 ==============================================================================
 This is ALGENCAN 3.1.1.
 ALGENCAN, an Augmented Lagrangian method for nonlinear programming, is part of
 the TANGO Project: Trustable Algorithms for Nonlinear General Optimization.
 See http://www.ime.usp.br/~egbirgin/tango/ for details.
 ==============================================================================

 Processing array of parameters with   3 entrances:

 IGNORE-OBJECTIVE-FUNCTION                    
 ITERATIONS-OUTPUT-DETAIL                                                    11
 NEWTON-LINE-SEARCH-INNER-SOLVER                                    'MA57 MC64'

 The specification file is not being used.

 Available HSL subroutines = MA57           

 ALGENCAN PARAMETERS:

 firstde                =                    T
 seconde                =                    T
 truehpr                =                    T
 hptype in TN           =               TRUEHP
 lsslvr in TR           =            MA57/NONE
 lsslvr in NW           =            MA57/MC64
 lsslvr in ACCPROC      =            MA57/NONE
 innslvr                =                   NW
 accproc                =                    T
 rmfixv                 =                    T
 slacks                 =                    F
 scale                  =                    T
 epsfeas                =           1.0000D-09
 epsopt                 =           1.0000D-08
 efstain                =           3.1623D-05
 eostain                =           1.0000D-12
 efacc                  =           3.1623D-05
 eoacc                  =           1.0000D-04
 iprint                 =                   11
 ncomp                  =                    6

 Specification filename =                   ''
 Output filename        =          'lcmin.out'
 Solution filename      =                   ''

 Number of variables               :     162
 Number of equality constraints    :      58
 Number of inequality constraints  :       0
 Number of bound constraints       :     277
 Number of fixed variables         :       0

 There are no fixed variables to be removed.

 Objective function scale factor   : 1.0D+00
 Smallest constraints scale factor : 1.0D+00

 Since the scaling factor(s) is(are) equal to one, scaling was inhibited.

     Entry to GENCAN.
     Number of variables:     162
     Required optimality tolerance: 1.0D-08

     It         function  gpsupn   xsupn stesupn   nfree   SPGit in-face    fcnt
      0   1.13676737D-17 2.9D-09 3.5D+03
      1   7.45710589D-18 2.4D-09 3.5D+03 5.1D-10     125       0       1       3
      2   2.76370870D-26 1.5D-13 3.5D+03 2.4D-09     125       0       2       4

     Flag of GENCAN: Solution was found.


 User-provided subroutines calls counters: 

 Subroutine fsub     (coded=F):        0
 Subroutine gsub     (coded=F):        0
 Subroutine hsub     (coded=F):        0
 Subroutine csub     (coded=F):        0 (       0 calls per constraint in avg)
 Subroutine jacsub   (coded=F):        0 (       0 calls per constraint in avg)
 Subroutine hcsub    (coded=F):        0 (       0 calls per constraint in avg)
 Subroutine fcsub    (coded=T):        4
 Subroutine gjacsub  (coded=T):        5
 Subroutine gjacpsub (coded=F):        0
 Subroutine hlsub    (coded=T):        2
 Subroutine hlpsub   (coded=F):        0


 Total CPU time in seconds =     0.00

 ==============================================================================

 Initial point computed successfully.

                                            achieved                  desired        
 Unscaled feasibility ..............:   1.1368683772161603D-13   1.0000000000000001D-09
 Smallest distance to lower bound ..:   8.2999999999999741D-03   7.5616598706897684D-04
 Smallest distance to upper bound ..:   1.0000000000000000D-02   7.5616598706897684D-04

 Starting LCMIN.
 Number of variables   :     162
 Number of constraints :      58

 Scale factor for the objective function   : 1.0D+00
 Smallest scale factor for the constraints : 1.0D+00

 ==========================================================
 outer barrier   objective       scaled      outer   inner
  ite   param     function     obj funct    opt err   ite 
     0 1.0D-01  1.239977D+03  1.239977D+03 8.424D+06     0 

    inner barrier   scaled     scaled     min     min    NW   SE     dx      alpha    alpha    inner   time (s)
     ite   param   obj func     feas      x-l     u-x   pert pert   norm      max             opt err 
        1 1.0D-01  1.112D+03  1.137D-13 3.5D-02 4.6D-02    0    0 3.84D+03 1.00D+00 1.00D+00 6.494D+06     0.00
        2 1.0D-01  1.095D+03  4.547D-13 4.5D-02 3.7D-02    0    0 3.03D+03 1.00D+00 1.00D+00 3.055D+05     0.00
        3 1.0D-01  1.087D+03  4.547D-13 4.5D-02 3.7D-02    0    0 4.41D+03 1.00D+00 1.00D+00 8.637D+03     0.00
        4 1.0D-01  1.087D+03  1.759D-13 4.5D-02 3.7D-02    0    0 2.03D+02 1.00D+00 1.00D+00 8.627D+01     0.00
        5 1.0D-01  1.087D+03  2.665D-13 4.5D-02 3.7D-02    0    0 2.10D-01 1.00D+00 1.00D+00 7.637D-01     0.00


     1 2.0D-02  1.087059D+03  1.087059D+03 8.637D-01     5C

    inner barrier   scaled     scaled     min     min    NW   SE     dx      alpha    alpha    inner   time (s)
     ite   param   obj func     feas      x-l     u-x   pert pert   norm      max             opt err 
        1 2.0D-02  1.085D+03  4.547D-13 1.1D-03 2.3D-02    0    0 6.86D+00 8.88D-01 8.88D-01 1.546D-01     0.00


     2 2.8D-03  1.085098D+03  1.085098D+03 1.546D-01     6C

    inner barrier   scaled     scaled     min     min    NW   SE     dx      alpha    alpha    inner   time (s)
     ite   param   obj func     feas      x-l     u-x   pert pert   norm      max             opt err 
        1 2.8D-03  1.084D+03  9.095D-13 4.1D-05 1.3D-02    0    0 4.52D+00 8.80D-01 8.80D-01 5.826D-02     0.00
        2 2.8D-03  1.084D+03  4.547D-13 1.5D-03 5.8D-03    0    0 2.01D+00 1.00D+00 1.00D+00 2.064D-03     0.00


     3 1.5D-04  1.083931D+03  1.083931D+03 4.892D-03     8C

    inner barrier   scaled     scaled     min     min    NW   SE     dx      alpha    alpha    inner   time (s)
     ite   param   obj func     feas      x-l     u-x   pert pert   norm      max             opt err 
        1 1.5D-04  1.084D+03  3.673D-13 6.5D-05 4.7D-04    0    0 9.57D-01 1.00D+00 1.00D+00 1.041D-02     0.00
        2 1.5D-04  1.084D+03  4.066D-13 8.3D-05 2.9D-04    0    0 2.61D-01 1.00D+00 1.00D+00 2.690D-04     0.00


     4 1.8D-06  1.083807D+03  1.083807D+03 4.194D-04    10C

    inner barrier   scaled     scaled     min     min    NW   SE     dx      alpha    alpha    inner   time (s)
     ite   param   obj func     feas      x-l     u-x   pert pert   norm      max             opt err 
        1 1.8D-06  1.084D+03  4.547D-13 1.0D-06 4.1D-06    0    0 1.73D-01 1.00D+00 1.00D+00 1.039D-04     0.00
        2 1.8D-06  1.084D+03  4.832D-13 1.0D-06 3.6D-06    0    0 7.53D-02 1.00D+00 1.00D+00 2.551D-05     0.00
        3 1.8D-06  1.084D+03  4.512D-13 1.0D-06 3.6D-06    0    0 3.58D-02 1.00D+00 1.00D+00 1.259D-03     0.00
        4 1.8D-06  1.084D+03  3.695D-13 1.0D-06 3.6D-06    0    0 1.57D-02 1.00D+00 1.00D+00 1.200D-06     0.00


     5 2.5D-09  1.083799D+03  1.083799D+03 3.044D-06    14C

    inner barrier   scaled     scaled     min     min    NW   SE     dx      alpha    alpha    inner   time (s)
     ite   param   obj func     feas      x-l     u-x   pert pert   norm      max             opt err 
        1 2.5D-09  1.084D+03  4.547D-13 1.4D-09 5.0D-09    0    0 1.17D-02 1.00D+00 1.00D+00 3.254D-04     0.00
        2 2.5D-09  1.084D+03  3.979D-13 1.4D-09 4.9D-09    0    0 3.43D-03 1.00D+00 1.00D+00 6.900D-08     0.00
        3 2.5D-09  1.084D+03  5.826D-13 1.4D-09 4.9D-09    0    0 4.80D-04 1.00D+00 1.00D+00 1.076D-09     0.00


     6 1.0D-09  1.083799D+03  1.083799D+03 3.582D-09    17C
 ==========================================================

 FINAL RESULTS:
                            scaled                   unscaled
  Objective Funct:   1.0837991451233061D+03    1.0837991451233061D+03
  Lagrangian Grad:   4.5903770838532487D-16    4.5903770838532487D-16
 Final Point Feas:   7.8090572203093345D-13    7.8090572203093345D-13
 Bounds violation:   0.0000000000000000D+00    0.0000000000000000D+00
 Lower Bound Comp:   2.5059037132967887D-09    2.5059037132967887D-09
 Upper Bound Comp:   3.5820941277354396D-09    3.5820941277354396D-09

 Flag of LCMIN:

     Optimal solution found.

 ====================================================
                      STATISTICS                     
 ====================================================
 GENERAL:                                            

           Preprocessing time (in seconds):      0.87
            Optimization time (in seconds):      0.03

                      Inner Iterations (IIT):      17
                      Outer Iterations (OIT):       6
                  Function Evaluations (FEV):      18
         Function Gradient Evaluations (GEV):      18
          Function Hessian Evaluations (HEV):      17
          Barrier Function Evaluations (BFE):      34
 Barrier Function Gradient Evaluations (BGE):      17
 ====================================================
 AVERAGE:                                            

 Inner Iterations per Outer Iterations  :      2.8333
 FEV per IIT:      1.0588    FEV per OIT:      3.0000
 GEV per IIT:      1.0588    GEV per OIT:      3.0000
 HEV per IIT:      1.0000    HEV per OIT:      2.8333
 BFE per IIT:      2.0000    BFE per OIT:      5.6667
 BGE per IIT:      1.0000    BGE per OIT:      2.8333
 ====================================================

