
 ==============================================================================
 This is ALGENCAN 3.1.1.
 ALGENCAN, an Augmented Lagrangian method for nonlinear programming, is part of
 the TANGO Project: Trustable Algorithms for Nonlinear General Optimization.
 See http://www.ime.usp.br/~egbirgin/tango/ for details.
 ==============================================================================

 Processing array of parameters with   3 entrances:

 IGNORE-OBJECTIVE-FUNCTION                    
 ITERATIONS-OUTPUT-DETAIL                                                    11
 NEWTON-LINE-SEARCH-INNER-SOLVER                                    'MA57 MC64'

 The specification file is not being used.

 Available HSL subroutines = MA57           

 ALGENCAN PARAMETERS:

 firstde                =                    T
 seconde                =                    T
 truehpr                =                    T
 hptype in TN           =               TRUEHP
 lsslvr in TR           =            MA57/NONE
 lsslvr in NW           =            MA57/MC64
 lsslvr in ACCPROC      =            MA57/NONE
 innslvr                =                   NW
 accproc                =                    T
 rmfixv                 =                    T
 slacks                 =                    F
 scale                  =                    T
 epsfeas                =           1.0000D-09
 epsopt                 =           1.0000D-08
 efstain                =           3.1623D-05
 eostain                =           1.0000D-12
 efacc                  =           3.1623D-05
 eoacc                  =           1.0000D-04
 iprint                 =                   11
 ncomp                  =                    6

 Specification filename =                   ''
 Output filename        =          'lcmin.out'
 Solution filename      =                   ''

 Number of variables               :    8997
 Number of equality constraints    :    6000
 Number of inequality constraints  :       0
 Number of bound constraints       :    6006
 Number of fixed variables         :       0

 There are no fixed variables to be removed.

 Objective function scale factor   : 1.0D+00
 Smallest constraints scale factor : 1.0D+00

 Since the scaling factor(s) is(are) equal to one, scaling was inhibited.

     Entry to GENCAN.
     Number of variables:    8997
     Required optimality tolerance: 1.0D-08

     It         function  gpsupn   xsupn stesupn   nfree   SPGit in-face    fcnt
      0   2.60676235D-13 8.3D-08 1.1D+03
      1   2.34289123D-13 1.7D-08 1.1D+03 8.4D-08    8835       1       0       3
      2   2.33321831D-13 1.9D-09 1.1D+03 2.7D-08    8826       1       1       4
      3   2.33286531D-13 1.9D-09 1.1D+03 3.4D-09    8825       1       2       6
      4   2.33264330D-13 2.1D-09 1.1D+03 2.6D-09    8824       1       3       7
      5   2.33210361D-13 2.1D-09 1.1D+03 5.2D-09    8823       1       4       9
      6   2.33168351D-13 2.1D-09 1.1D+03 4.0D-09    8822       1       5      11
      7   2.33095333D-13 2.1D-09 1.1D+03 7.0D-09    8821       1       6      13
      8   2.32753304D-13 2.1D-09 1.1D+03 3.3D-08    8820       1       7      15
      9   2.13079215D-13 4.3D-07 1.1D+03 4.5D-05    8812       1       8      16

     It         function  gpsupn   xsupn stesupn   nfree   SPGit in-face    fcnt
     10   7.71037856D-14 2.6D-07 1.1D+03 1.5D-06    8807       1       9      17
     11   4.55656852D-14 1.5D-07 1.1D+03 1.3D-07    8806       1      10      18
     12   1.98004350D-14 1.2D-07 1.1D+03 1.2D-06    8802       1      11      19
     13   7.71598192D-15 4.9D-08 1.1D+03 6.6D-08    8799       1      12      20
     14   7.67029849D-15 4.9D-08 1.1D+03 1.7D-09    8798       1      13      22
     15   7.66648968D-15 4.9D-08 1.1D+03 1.9D-10    8797       1      14      24
     16   7.63409036D-15 4.9D-08 1.1D+03 1.9D-09    8796       1      15      26
     17   4.01895730D-15 3.6D-08 1.1D+03 2.7D-07    8795       1      16      28
     18   3.46628067D-15 3.3D-08 1.1D+03 5.1D-08    8794       1      17      30
     19   2.90935225D-15 3.0D-08 1.1D+03 8.6D-08    8793       1      18      32

     It         function  gpsupn   xsupn stesupn   nfree   SPGit in-face    fcnt
     20   2.76467740D-15 3.0D-08 1.1D+03 2.3D-08    8792       1      19      34
     21   1.86386924D-15 2.4D-08 1.1D+03 1.5D-07    8791       1      20      36
     22   1.47967245D-15 2.2D-08 1.1D+03 8.7D-08    8790       1      21      38
     23   1.37775241D-15 2.1D-08 1.1D+03 2.4D-08    8789       1      22      40
     24   1.27824972D-15 2.0D-08 1.1D+03 2.4D-08    8788       1      23      42
     25   2.81392731D-16 1.3D-08 1.1D+03 6.3D-07    8784       1      24      43
     26   4.71821823D-18 2.2D-09 1.1D+03 8.4D-08    8782       1      25      44
     27   6.25524357D-19 7.9D-10 1.1D+03 4.3D-09    8781       1      26      45

     Flag of GENCAN: Solution was found.


 User-provided subroutines calls counters: 

 Subroutine fsub     (coded=F):        0
 Subroutine gsub     (coded=F):        0
 Subroutine hsub     (coded=F):        0
 Subroutine csub     (coded=F):        0 (       0 calls per constraint in avg)
 Subroutine jacsub   (coded=F):        0 (       0 calls per constraint in avg)
 Subroutine hcsub    (coded=F):        0 (       0 calls per constraint in avg)
 Subroutine fcsub    (coded=T):       45
 Subroutine gjacsub  (coded=T):       30
 Subroutine gjacpsub (coded=F):        0
 Subroutine hlsub    (coded=T):       26
 Subroutine hlpsub   (coded=F):        0


 Total CPU time in seconds =     0.24

 ==============================================================================

 Initial point computed successfully.

                                            achieved                  desired        
 Unscaled feasibility ..............:   7.9090090032707394D-10   1.0000000000000001D-09
 Smallest distance to lower bound ..:   1.0000000000000009D-02   1.0000000000000000D-03
 Smallest distance to upper bound ..:   1.0000000000000009D-02   1.0000000000000000D-03

 Starting LCMIN.
 Number of variables   :    8997
 Number of constraints :    6000

 Scale factor for the objective function   : 1.0D+00
 Smallest scale factor for the constraints : 1.0D+00

 ==========================================================
 outer barrier   objective       scaled      outer   inner
  ite   param     function     obj funct    opt err   ite 
     0 1.0D-01  3.646672D+02  3.646672D+02 2.583D+00     0 

    inner barrier   scaled     scaled     min     min    NW   SE     dx      alpha    alpha    inner   time (s)
     ite   param   obj func     feas      x-l     u-x   pert pert   norm      max             opt err 
        1 1.0D-01  2.807D+02  7.909D-10 1.2D-01 1.3D-01    0    0 4.04D+05 1.00D+00 1.00D+00 1.162D+00     0.01
        2 1.0D-01  5.377D+00  7.909D-10 5.0D-01 8.2D-01    0    0 1.30D+06 1.00D+00 1.00D+00 6.587D-01     0.01


     1 2.0D-02  5.376831D+00  5.376831D+00 7.587D-01     2C

    inner barrier   scaled     scaled     min     min    NW   SE     dx      alpha    alpha    inner   time (s)
     ite   param   obj func     feas      x-l     u-x   pert pert   norm      max             opt err 
        1 2.0D-02  1.482D+00  7.909D-10 9.0D-01 9.2D-01    0    0 3.55D+05 1.00D+00 1.00D+00 9.843D-02     0.01


     2 2.8D-03  1.482015D+00  1.482015D+00 1.184D-01     3C

    inner barrier   scaled     scaled     min     min    NW   SE     dx      alpha    alpha    inner   time (s)
     ite   param   obj func     feas      x-l     u-x   pert pert   norm      max             opt err 
        1 2.8D-03  1.117D+00  7.909D-10 9.5D-01 9.6D-01    0    0 1.57D+05 1.00D+00 1.00D+00 4.282D-03     0.01


     3 1.5D-04  1.116663D+00  1.116663D+00 7.111D-03     4C

    inner barrier   scaled     scaled     min     min    NW   SE     dx      alpha    alpha    inner   time (s)
     ite   param   obj func     feas      x-l     u-x   pert pert   norm      max             opt err 
        1 1.5D-04  1.116D+00  7.909D-10 9.5D-01 9.7D-01    0    0 5.63D+03 1.00D+00 1.00D+00 4.034D-05     0.01


     4 1.8D-06  1.116003D+00  1.116003D+00 1.908D-04     5C

    inner barrier   scaled     scaled     min     min    NW   SE     dx      alpha    alpha    inner   time (s)
     ite   param   obj func     feas      x-l     u-x   pert pert   norm      max             opt err 
        1 1.8D-06  1.116D+00  7.909D-10 9.5D-01 9.7D-01    0    0 2.54D+01 1.00D+00 1.00D+00 1.045D-08     0.01


     5 2.5D-09  1.116003D+00  1.116003D+00 1.855D-06     6C

    inner barrier   scaled     scaled     min     min    NW   SE     dx      alpha    alpha    inner   time (s)
     ite   param   obj func     feas      x-l     u-x   pert pert   norm      max             opt err 
        1 2.5D-09  1.116D+00  7.909D-10 9.5D-01 9.7D-01    0    0 7.59D-03 1.00D+00 1.00D+00 1.543D-13     0.01


     6 1.0D-09  1.116003D+00  1.116003D+00 2.506D-09     7C
 ==========================================================

 FINAL RESULTS:
                            scaled                   unscaled
  Objective Funct:   1.1160032616859541D+00    1.1160032616859541D+00
  Lagrangian Grad:   2.6726218826478125D-17    2.6726218826478125D-17
 Final Point Feas:   7.9090037644058420D-10    7.9090037644058420D-10
 Bounds violation:   0.0000000000000000D+00    0.0000000000000000D+00
 Lower Bound Comp:   2.5060507845818818D-09    2.5060507845818818D-09
 Upper Bound Comp:   2.5060578155786672D-09    2.5060578155786672D-09

 Flag of LCMIN:

     Optimal solution found.

 ====================================================
                      STATISTICS                     
 ====================================================
 GENERAL:                                            

           Preprocessing time (in seconds):     10.88
            Optimization time (in seconds):      0.10

                      Inner Iterations (IIT):       7
                      Outer Iterations (OIT):       6
                  Function Evaluations (FEV):       8
         Function Gradient Evaluations (GEV):       8
          Function Hessian Evaluations (HEV):       7
          Barrier Function Evaluations (BFE):      14
 Barrier Function Gradient Evaluations (BGE):       7
 ====================================================
 AVERAGE:                                            

 Inner Iterations per Outer Iterations  :      1.1667
 FEV per IIT:      1.1429    FEV per OIT:      1.3333
 GEV per IIT:      1.1429    GEV per OIT:      1.3333
 HEV per IIT:      1.0000    HEV per OIT:      1.1667
 BFE per IIT:      2.0000    BFE per OIT:      2.3333
 BGE per IIT:      1.0000    BGE per OIT:      1.1667
 ====================================================

