
 ==============================================================================
 This is ALGENCAN 3.1.1.
 ALGENCAN, an Augmented Lagrangian method for nonlinear programming, is part of
 the TANGO Project: Trustable Algorithms for Nonlinear General Optimization.
 See http://www.ime.usp.br/~egbirgin/tango/ for details.
 ==============================================================================

 Processing array of parameters with   3 entrances:

 IGNORE-OBJECTIVE-FUNCTION                    
 ITERATIONS-OUTPUT-DETAIL                                                    11
 TRUNCATED-NEWTON-LINE-SEARCH-INNER-SOLVER                                   ''

 The specification file is not being used.

 Available HSL subroutines = MA57           

 ALGENCAN PARAMETERS:

 firstde                =                    T
 seconde                =                    T
 truehpr                =                    T
 hptype in TN           =               TRUEHP
 lsslvr in TR           =            MA57/NONE
 lsslvr in NW           =            MA57/NONE
 lsslvr in ACCPROC      =            MA57/NONE
 innslvr                =                   TN
 accproc                =                    T
 rmfixv                 =                    T
 slacks                 =                    F
 scale                  =                    T
 epsfeas                =           3.1623D-05
 epsopt                 =           1.0000D-08
 efstain                =           5.6234D-03
 eostain                =           1.0000D-12
 efacc                  =           5.6234D-03
 eoacc                  =           1.0000D-04
 iprint                 =                   11
 ncomp                  =                    6

 Specification filename =                   ''
 Output filename        =          'lcmin.out'
 Solution filename      =                   ''

 Number of variables               :      31
 Number of equality constraints    :       9
 Number of inequality constraints  :       0
 Number of bound constraints       :      62
 Number of fixed variables         :       0

 There are no fixed variables to be removed.

 Objective function scale factor   : 1.0D+00
 Smallest constraints scale factor : 1.0D+00

 Since the scaling factor(s) is(are) equal to one, scaling was inhibited.

     Entry to GENCAN.
     Number of variables:      31
     Required optimality tolerance: 1.0D-08

     It         function  gpsupn   xsupn stesupn   nfree   SPGit in-face    fcnt
      0   7.55288801D+05 1.2D+03 1.0D-02
      1   2.36281289D+05 5.3D+02 4.1D+02 4.1D+02      16       1       0       3
      2   1.15525738D+05 2.1D+02 4.1D+02 1.5D+02      13       1       1       4
      3   5.22800031D+02 3.3D+01 5.8D+02 4.3D+02      11       1       2       5
      4   5.20606258D-03 8.5D-02 5.9D+02 1.5D+01      11       1       3       6
      5   1.25000000D-03 5.0D-02 5.9D+02 8.5D-02      11       1       4       7
      6   1.15633053D-03 4.8D-02 5.9D+02 4.8D-02      12       2       4       8
      7   1.00974196D-27 5.7D-14 5.9D+02 4.4D-02      12       2       5       9

     Flag of GENCAN: Solution was found.


 User-provided subroutines calls counters: 

 Subroutine fsub     (coded=F):        0
 Subroutine gsub     (coded=F):        0
 Subroutine hsub     (coded=F):        0
 Subroutine csub     (coded=F):        0 (       0 calls per constraint in avg)
 Subroutine jacsub   (coded=F):        0 (       0 calls per constraint in avg)
 Subroutine hcsub    (coded=F):        0 (       0 calls per constraint in avg)
 Subroutine fcsub    (coded=T):        9
 Subroutine gjacsub  (coded=T):       10
 Subroutine gjacpsub (coded=F):        0
 Subroutine hlsub    (coded=T):        5
 Subroutine hlpsub   (coded=F):        0


 Total CPU time in seconds =     0.04

 ==============================================================================

 Initial point computed successfully.

                                            achieved                  desired        
 Unscaled feasibility ..............:   4.2632564145606011D-14   1.0000000000000001D-09
 Smallest distance to lower bound ..:   1.0000000000000000D-02   1.0000000000000000D-03
 Smallest distance to upper bound ..:   6.0995415145486572D+02   4.1569219381653056D+01

 Starting LCMIN.
 Number of variables   :      31
 Number of constraints :       9

 Scale factor for the objective function   : 3.0D-01
 Smallest scale factor for the constraints : 1.0D+00

 ==========================================================
 outer barrier   objective       scaled      outer   inner
  ite   param     function     obj funct    opt err   ite 
     0 1.0D-01  2.933146D+04  8.679890D+03 1.200D+03     0 

    inner barrier   scaled     scaled     min     min    NW   SE     dx      alpha    alpha    inner   time (s)
     ite   param   obj func     feas      x-l     u-x   pert pert   norm      max             opt err 
        1 1.0D-01  4.678D+03  7.105D-14 1.1D-03 6.2D+02    0    0 5.82D+02 1.00D+00 1.00D+00 4.681D+02     0.00
        2 1.0D-01  4.212D+03  5.684D-14 4.2D-04 5.8D+02    0    0 5.62D+02 5.11D-01 5.11D-01 5.043D+02     0.00
        3 1.0D-01  3.644D+03  2.274D-13 6.6D-03 4.4D+02    0    0 1.07D+03 7.21D-01 7.21D-01 5.489D+02     0.00
        4 1.0D-01  3.467D+03  2.274D-13 2.6D-04 4.2D+02    0    0 5.94D+02 6.11D-01 6.11D-01 5.114D+02     0.00
        5 1.0D-01  3.236D+03  1.421D-13 2.5D-03 3.2D+02    0    0 8.56D+02 1.00D+00 1.00D+00 4.487D+02     0.00
        6 1.0D-01  3.196D+03  1.705D-13 3.0D-04 3.0D+02    0    0 2.47D+02 9.01D-01 9.01D-01 2.688D+02     0.00
        7 1.0D-01  3.125D+03  1.705D-13 1.1D-02 3.2D+02    0    0 4.55D+02 9.93D-01 9.93D-01 1.862D+02     0.00
        8 1.0D-01  3.124D+03  1.705D-13 1.1D-02 3.3D+02    0    0 5.79D+01 1.00D+00 1.00D+00 1.007D+01     0.00
        9 1.0D-01  3.124D+03  2.274D-13 1.2D-02 3.4D+02    0    0 1.46D+01 1.00D+00 1.00D+00 2.851D-02     0.00


     1 2.0D-02  1.055579D+04  3.123715D+03 1.285D-01     9C


     2 2.8D-03  1.055579D+04  3.123715D+03 1.285D-01     9C

    inner barrier   scaled     scaled     min     min    NW   SE     dx      alpha    alpha    inner   time (s)
     ite   param   obj func     feas      x-l     u-x   pert pert   norm      max             opt err 
        1 2.8D-03  3.122D+03  1.705D-13 3.4D-04 3.4D+02    0    0 3.38D+00 1.00D+00 1.00D+00 4.244D-03     0.00


     3 1.5D-04  1.054958D+04  3.121875D+03 7.072D-03    10C

    inner barrier   scaled     scaled     min     min    NW   SE     dx      alpha    alpha    inner   time (s)
     ite   param   obj func     feas      x-l     u-x   pert pert   norm      max             opt err 
        1 1.5D-04  3.122D+03  2.274D-13 1.8D-05 3.4D+02    0    0 1.87D-01 1.00D+00 1.00D+00 2.612D-05     0.00


     4 1.8D-06  1.054939D+04  3.121820D+03 1.765D-04    11C

    inner barrier   scaled     scaled     min     min    NW   SE     dx      alpha    alpha    inner   time (s)
     ite   param   obj func     feas      x-l     u-x   pert pert   norm      max             opt err 
        1 1.8D-06  3.122D+03  1.705D-13 2.2D-07 3.4D+02    0    0 5.97D-03 1.00D+00 1.00D+00 1.667D-08     0.00


     5 2.5D-09  1.054938D+04  3.121817D+03 1.862D-06    12C

    inner barrier   scaled     scaled     min     min    NW   SE     dx      alpha    alpha    inner   time (s)
     ite   param   obj func     feas      x-l     u-x   pert pert   norm      max             opt err 
        1 2.5D-09  3.122D+03  2.274D-13 3.0D-10 3.4D+02    0    0 6.78D-05 1.00D+00 1.00D+00 3.924D-12     0.00


     6 1.0D-09  1.054938D+04  3.121817D+03 2.508D-09    13C
 ==========================================================

 FINAL RESULTS:
                            scaled                   unscaled
  Objective Funct:   3.1218166297834978D+03    1.0549379465988026D+04
  Lagrangian Grad:   3.9240150015515021D-12    1.3260203333745215D-11
 Final Point Feas:   2.2737367544323206D-13    2.2737367544323206D-13
 Bounds violation:   0.0000000000000000D+00    0.0000000000000000D+00
 Lower Bound Comp:   2.5077846441099496D-09    8.4744156903053990D-09
 Upper Bound Comp:   2.5059326662158637D-09    8.4681574055038702D-09

 Flag of LCMIN:

     Optimal solution found.

 ====================================================
                      STATISTICS                     
 ====================================================
 GENERAL:                                            

           Preprocessing time (in seconds):      0.89
            Optimization time (in seconds):      0.02

                      Inner Iterations (IIT):      13
                      Outer Iterations (OIT):       6
                  Function Evaluations (FEV):      14
         Function Gradient Evaluations (GEV):      14
          Function Hessian Evaluations (HEV):      13
          Barrier Function Evaluations (BFE):      26
 Barrier Function Gradient Evaluations (BGE):      13
 ====================================================
 AVERAGE:                                            

 Inner Iterations per Outer Iterations  :      2.1667
 FEV per IIT:      1.0769    FEV per OIT:      2.3333
 GEV per IIT:      1.0769    GEV per OIT:      2.3333
 HEV per IIT:      1.0000    HEV per OIT:      2.1667
 BFE per IIT:      2.0000    BFE per OIT:      4.3333
 BGE per IIT:      1.0000    BGE per OIT:      2.1667
 ====================================================

