
 ==============================================================================
 This is ALGENCAN 3.1.1.
 ALGENCAN, an Augmented Lagrangian method for nonlinear programming, is part of
 the TANGO Project: Trustable Algorithms for Nonlinear General Optimization.
 See http://www.ime.usp.br/~egbirgin/tango/ for details.
 ==============================================================================

 Processing array of parameters with   3 entrances:

 IGNORE-OBJECTIVE-FUNCTION                    
 ITERATIONS-OUTPUT-DETAIL                                                    11
 TRUNCATED-NEWTON-LINE-SEARCH-INNER-SOLVER                                   ''

 The specification file is not being used.

 Available HSL subroutines = MA57           

 ALGENCAN PARAMETERS:

 firstde                =                    T
 seconde                =                    T
 truehpr                =                    T
 hptype in TN           =               TRUEHP
 lsslvr in TR           =            MA57/NONE
 lsslvr in NW           =            MA57/NONE
 lsslvr in ACCPROC      =            MA57/NONE
 innslvr                =                   TN
 accproc                =                    T
 rmfixv                 =                    T
 slacks                 =                    F
 scale                  =                    T
 epsfeas                =           3.1623D-05
 epsopt                 =           1.0000D-08
 efstain                =           5.6234D-03
 eostain                =           1.0000D-12
 efacc                  =           5.6234D-03
 eoacc                  =           1.0000D-04
 iprint                 =                   11
 ncomp                  =                    6

 Specification filename =                   ''
 Output filename        =          'lcmin.out'
 Solution filename      =                   ''

 Number of variables               :       3
 Number of equality constraints    :       3
 Number of inequality constraints  :       0
 Number of bound constraints       :       0
 Number of fixed variables         :       0

 There are no fixed variables to be removed.

 Objective function scale factor   : 1.0D+00
 Smallest constraints scale factor : 1.0D+00

 Since the scaling factor(s) is(are) equal to one, scaling was inhibited.

     Entry to GENCAN.
     Number of variables:       3
     Required optimality tolerance: 1.0D-08

     It         function  gpsupn   xsupn stesupn   nfree   SPGit in-face    fcnt
      0   1.48633750D+04 3.0D+02 1.0D+02
      1   1.73549399D-27 8.9D-14 3.6D-14 1.0D+02       3       0       1       3

     Flag of GENCAN: Solution was found.


 User-provided subroutines calls counters: 

 Subroutine fsub     (coded=F):        0
 Subroutine gsub     (coded=F):        0
 Subroutine hsub     (coded=F):        0
 Subroutine csub     (coded=F):        0 (       0 calls per constraint in avg)
 Subroutine jacsub   (coded=F):        0 (       0 calls per constraint in avg)
 Subroutine hcsub    (coded=F):        0 (       0 calls per constraint in avg)
 Subroutine fcsub    (coded=T):        3
 Subroutine gjacsub  (coded=T):        4
 Subroutine gjacpsub (coded=F):        0
 Subroutine hlsub    (coded=T):        1
 Subroutine hlpsub   (coded=F):        0


 Total CPU time in seconds =     0.20

 ==============================================================================

 Initial point computed successfully.

                                            achieved                  desired        
 Unscaled feasibility ..............:   5.3290705182007514D-14   1.0000000000000001D-09

 Starting LCMIN.
 Number of variables   :       3
 Number of constraints :       3

 Scale factor for the objective function   : 1.0D+00
 Smallest scale factor for the constraints : 1.0D+00

 ==========================================================
 outer barrier   objective       scaled      outer   inner
  ite   param     function     obj funct    opt err   ite 
     0 1.0D-09  0.000000D+00  0.000000D+00 0.000D+00     0C
 ==========================================================

 FINAL RESULTS:
                            scaled                   unscaled
  Objective Funct:   0.0000000000000000D+00    0.0000000000000000D+00
  Lagrangian Grad:   0.0000000000000000D+00    0.0000000000000000D+00
 Final Point Feas:   5.3290705182007514D-14    5.3290705182007514D-14
 Bounds violation:   0.0000000000000000D+00    0.0000000000000000D+00
 Lower Bound Comp:   0.0000000000000000D+00    0.0000000000000000D+00
 Upper Bound Comp:   0.0000000000000000D+00    0.0000000000000000D+00

 Flag of LCMIN:

     Optimal solution found.

 ====================================================
                      STATISTICS                     
 ====================================================
 GENERAL:                                            

           Preprocessing time (in seconds):      0.89
            Optimization time (in seconds):      0.00

                      Inner Iterations (IIT):       0
                      Outer Iterations (OIT):       0
                  Function Evaluations (FEV):       1
         Function Gradient Evaluations (GEV):       1
          Function Hessian Evaluations (HEV):       0
          Barrier Function Evaluations (BFE):       0
 Barrier Function Gradient Evaluations (BGE):       0
 ====================================================
 AVERAGE:                                            

 Inner Iterations per Outer Iterations  :      0.0000
 FEV per IIT:      0.0000    FEV per OIT:      0.0000
 GEV per IIT:      0.0000    GEV per OIT:      0.0000
 HEV per IIT:      0.0000    HEV per OIT:      0.0000
 BFE per IIT:      0.0000    BFE per OIT:      0.0000
 BGE per IIT:      0.0000    BGE per OIT:      0.0000
 ====================================================

